[0.067s] DEBUG:colcon:Command line arguments: ['/usr/bin/colcon', 'build', '--packages-select', 'sensors_package']
[0.067s] DEBUG:colcon:Parsed command line arguments: Namespace(log_base=None, log_level=None, verb_name='build', build_base='build', install_base='install', merge_install=False, symlink_install=False, test_result_base=None, continue_on_error=False, executor='parallel', parallel_workers=12, event_handlers=None, ignore_user_meta=False, metas=['./colcon.meta'], base_paths=['.'], packages_ignore=None, packages_ignore_regex=None, paths=None, packages_up_to=None, packages_up_to_regex=None, packages_above=None, packages_above_and_dependencies=None, packages_above_depth=None, packages_select_by_dep=None, packages_skip_by_dep=None, packages_skip_up_to=None, packages_select_build_failed=False, packages_skip_build_finished=False, packages_select_test_failures=False, packages_skip_test_passed=False, packages_select=['sensors_package'], packages_skip=None, packages_select_regex=None, packages_skip_regex=None, packages_start=None, packages_end=None, allow_overriding=[], cmake_args=None, cmake_target=None, cmake_target_skip_unavailable=False, cmake_clean_cache=False, cmake_clean_first=False, cmake_force_configure=False, ament_cmake_args=None, catkin_cmake_args=None, catkin_skip_building_tests=False, verb_parser=<colcon_defaults.argument_parser.defaults.DefaultArgumentsDecorator object at 0x74f629e3e590>, verb_extension=<colcon_core.verb.build.BuildVerb object at 0x74f629e3d570>, main=<bound method BuildVerb.main of <colcon_core.verb.build.BuildVerb object at 0x74f629e3d570>>)
[0.172s] Level 1:colcon.colcon_core.package_discovery:discover_packages(colcon_meta) check parameters
[0.172s] Level 1:colcon.colcon_core.package_discovery:discover_packages(recursive) check parameters
[0.172s] Level 1:colcon.colcon_core.package_discovery:discover_packages(ignore) check parameters
[0.172s] Level 1:colcon.colcon_core.package_discovery:discover_packages(path) check parameters
[0.172s] Level 1:colcon.colcon_core.package_discovery:discover_packages(colcon_meta) discover
[0.172s] Level 1:colcon.colcon_core.package_discovery:discover_packages(recursive) discover
[0.172s] INFO:colcon.colcon_core.package_discovery:Crawling recursively for packages in '/home/tamir/autonomous_robot/sensors_package/src'
[0.172s] Level 1:colcon.colcon_core.package_identification:_identify(.) by extensions ['ignore', 'ignore_ament_install']
[0.172s] Level 1:colcon.colcon_core.package_identification:_identify(.) by extension 'ignore'
[0.172s] Level 1:colcon.colcon_core.package_identification:_identify(.) by extension 'ignore_ament_install'
[0.172s] Level 1:colcon.colcon_core.package_identification:_identify(.) by extensions ['colcon_pkg']
[0.172s] Level 1:colcon.colcon_core.package_identification:_identify(.) by extension 'colcon_pkg'
[0.172s] Level 1:colcon.colcon_core.package_identification:_identify(.) by extensions ['colcon_meta']
[0.172s] Level 1:colcon.colcon_core.package_identification:_identify(.) by extension 'colcon_meta'
[0.172s] Level 1:colcon.colcon_core.package_identification:_identify(.) by extensions ['ros']
[0.172s] Level 1:colcon.colcon_core.package_identification:_identify(.) by extension 'ros'
[0.179s] Level 1:colcon.colcon_core.package_identification:_identify(.) by extensions ['cmake', 'python']
[0.179s] Level 1:colcon.colcon_core.package_identification:_identify(.) by extension 'cmake'
[0.180s] Level 1:colcon.colcon_core.package_identification:_identify(.) by extension 'python'
[0.180s] Level 1:colcon.colcon_core.package_identification:_identify(.) by extensions ['python_setup_py']
[0.180s] Level 1:colcon.colcon_core.package_identification:_identify(.) by extension 'python_setup_py'
[0.180s] Level 1:colcon.colcon_core.package_identification:_identify(build) by extensions ['ignore', 'ignore_ament_install']
[0.180s] Level 1:colcon.colcon_core.package_identification:_identify(build) by extension 'ignore'
[0.180s] Level 1:colcon.colcon_core.package_identification:_identify(build) ignored
[0.180s] Level 1:colcon.colcon_core.package_identification:_identify(camera_rgb) by extensions ['ignore', 'ignore_ament_install']
[0.180s] Level 1:colcon.colcon_core.package_identification:_identify(camera_rgb) by extension 'ignore'
[0.180s] Level 1:colcon.colcon_core.package_identification:_identify(camera_rgb) by extension 'ignore_ament_install'
[0.180s] Level 1:colcon.colcon_core.package_identification:_identify(camera_rgb) by extensions ['colcon_pkg']
[0.180s] Level 1:colcon.colcon_core.package_identification:_identify(camera_rgb) by extension 'colcon_pkg'
[0.180s] Level 1:colcon.colcon_core.package_identification:_identify(camera_rgb) by extensions ['colcon_meta']
[0.180s] Level 1:colcon.colcon_core.package_identification:_identify(camera_rgb) by extension 'colcon_meta'
[0.180s] Level 1:colcon.colcon_core.package_identification:_identify(camera_rgb) by extensions ['ros']
[0.180s] Level 1:colcon.colcon_core.package_identification:_identify(camera_rgb) by extension 'ros'
[0.180s] Level 1:colcon.colcon_core.package_identification:_identify(camera_rgb) by extensions ['cmake', 'python']
[0.180s] Level 1:colcon.colcon_core.package_identification:_identify(camera_rgb) by extension 'cmake'
[0.180s] Level 1:colcon.colcon_core.package_identification:_identify(camera_rgb) by extension 'python'
[0.180s] Level 1:colcon.colcon_core.package_identification:_identify(camera_rgb) by extensions ['python_setup_py']
[0.180s] Level 1:colcon.colcon_core.package_identification:_identify(camera_rgb) by extension 'python_setup_py'
[0.180s] Level 1:colcon.colcon_core.package_identification:_identify(camera_rgb/src) by extensions ['ignore', 'ignore_ament_install']
[0.180s] Level 1:colcon.colcon_core.package_identification:_identify(camera_rgb/src) by extension 'ignore'
[0.180s] Level 1:colcon.colcon_core.package_identification:_identify(camera_rgb/src) by extension 'ignore_ament_install'
[0.180s] Level 1:colcon.colcon_core.package_identification:_identify(camera_rgb/src) by extensions ['colcon_pkg']
[0.180s] Level 1:colcon.colcon_core.package_identification:_identify(camera_rgb/src) by extension 'colcon_pkg'
[0.180s] Level 1:colcon.colcon_core.package_identification:_identify(camera_rgb/src) by extensions ['colcon_meta']
[0.180s] Level 1:colcon.colcon_core.package_identification:_identify(camera_rgb/src) by extension 'colcon_meta'
[0.180s] Level 1:colcon.colcon_core.package_identification:_identify(camera_rgb/src) by extensions ['ros']
[0.180s] Level 1:colcon.colcon_core.package_identification:_identify(camera_rgb/src) by extension 'ros'
[0.180s] Level 1:colcon.colcon_core.package_identification:_identify(camera_rgb/src) by extensions ['cmake', 'python']
[0.180s] Level 1:colcon.colcon_core.package_identification:_identify(camera_rgb/src) by extension 'cmake'
[0.180s] Level 1:colcon.colcon_core.package_identification:_identify(camera_rgb/src) by extension 'python'
[0.180s] Level 1:colcon.colcon_core.package_identification:_identify(camera_rgb/src) by extensions ['python_setup_py']
[0.180s] Level 1:colcon.colcon_core.package_identification:_identify(camera_rgb/src) by extension 'python_setup_py'
[0.181s] Level 1:colcon.colcon_core.package_identification:_identify(install) by extensions ['ignore', 'ignore_ament_install']
[0.181s] Level 1:colcon.colcon_core.package_identification:_identify(install) by extension 'ignore'
[0.181s] Level 1:colcon.colcon_core.package_identification:_identify(install) ignored
[0.181s] Level 1:colcon.colcon_core.package_identification:_identify(lidar_ws) by extensions ['ignore', 'ignore_ament_install']
[0.181s] Level 1:colcon.colcon_core.package_identification:_identify(lidar_ws) by extension 'ignore'
[0.181s] Level 1:colcon.colcon_core.package_identification:_identify(lidar_ws) by extension 'ignore_ament_install'
[0.181s] Level 1:colcon.colcon_core.package_identification:_identify(lidar_ws) by extensions ['colcon_pkg']
[0.181s] Level 1:colcon.colcon_core.package_identification:_identify(lidar_ws) by extension 'colcon_pkg'
[0.181s] Level 1:colcon.colcon_core.package_identification:_identify(lidar_ws) by extensions ['colcon_meta']
[0.181s] Level 1:colcon.colcon_core.package_identification:_identify(lidar_ws) by extension 'colcon_meta'
[0.181s] Level 1:colcon.colcon_core.package_identification:_identify(lidar_ws) by extensions ['ros']
[0.181s] Level 1:colcon.colcon_core.package_identification:_identify(lidar_ws) by extension 'ros'
[0.181s] Level 1:colcon.colcon_core.package_identification:_identify(lidar_ws) by extensions ['cmake', 'python']
[0.181s] Level 1:colcon.colcon_core.package_identification:_identify(lidar_ws) by extension 'cmake'
[0.181s] Level 1:colcon.colcon_core.package_identification:_identify(lidar_ws) by extension 'python'
[0.181s] Level 1:colcon.colcon_core.package_identification:_identify(lidar_ws) by extensions ['python_setup_py']
[0.181s] Level 1:colcon.colcon_core.package_identification:_identify(lidar_ws) by extension 'python_setup_py'
[0.181s] Level 1:colcon.colcon_core.package_identification:_identify(lidar_ws/build) by extensions ['ignore', 'ignore_ament_install']
[0.181s] Level 1:colcon.colcon_core.package_identification:_identify(lidar_ws/build) by extension 'ignore'
[0.181s] Level 1:colcon.colcon_core.package_identification:_identify(lidar_ws/build) ignored
[0.181s] Level 1:colcon.colcon_core.package_identification:_identify(lidar_ws/install) by extensions ['ignore', 'ignore_ament_install']
[0.181s] Level 1:colcon.colcon_core.package_identification:_identify(lidar_ws/install) by extension 'ignore'
[0.181s] Level 1:colcon.colcon_core.package_identification:_identify(lidar_ws/install) ignored
[0.181s] Level 1:colcon.colcon_core.package_identification:_identify(lidar_ws/log) by extensions ['ignore', 'ignore_ament_install']
[0.181s] Level 1:colcon.colcon_core.package_identification:_identify(lidar_ws/log) by extension 'ignore'
[0.181s] Level 1:colcon.colcon_core.package_identification:_identify(lidar_ws/log) ignored
[0.181s] Level 1:colcon.colcon_core.package_identification:_identify(lidar_ws/src) by extensions ['ignore', 'ignore_ament_install']
[0.181s] Level 1:colcon.colcon_core.package_identification:_identify(lidar_ws/src) by extension 'ignore'
[0.181s] Level 1:colcon.colcon_core.package_identification:_identify(lidar_ws/src) by extension 'ignore_ament_install'
[0.181s] Level 1:colcon.colcon_core.package_identification:_identify(lidar_ws/src) by extensions ['colcon_pkg']
[0.181s] Level 1:colcon.colcon_core.package_identification:_identify(lidar_ws/src) by extension 'colcon_pkg'
[0.181s] Level 1:colcon.colcon_core.package_identification:_identify(lidar_ws/src) by extensions ['colcon_meta']
[0.181s] Level 1:colcon.colcon_core.package_identification:_identify(lidar_ws/src) by extension 'colcon_meta'
[0.181s] Level 1:colcon.colcon_core.package_identification:_identify(lidar_ws/src) by extensions ['ros']
[0.181s] Level 1:colcon.colcon_core.package_identification:_identify(lidar_ws/src) by extension 'ros'
[0.182s] Level 1:colcon.colcon_core.package_identification:_identify(lidar_ws/src) by extensions ['cmake', 'python']
[0.182s] Level 1:colcon.colcon_core.package_identification:_identify(lidar_ws/src) by extension 'cmake'
[0.182s] Level 1:colcon.colcon_core.package_identification:_identify(lidar_ws/src) by extension 'python'
[0.182s] Level 1:colcon.colcon_core.package_identification:_identify(lidar_ws/src) by extensions ['python_setup_py']
[0.182s] Level 1:colcon.colcon_core.package_identification:_identify(lidar_ws/src) by extension 'python_setup_py'
[0.182s] Level 1:colcon.colcon_core.package_identification:_identify(lidar_ws/src/Lslidar_ROS2_driver) by extensions ['ignore', 'ignore_ament_install']
[0.182s] Level 1:colcon.colcon_core.package_identification:_identify(lidar_ws/src/Lslidar_ROS2_driver) by extension 'ignore'
[0.182s] Level 1:colcon.colcon_core.package_identification:_identify(lidar_ws/src/Lslidar_ROS2_driver) by extension 'ignore_ament_install'
[0.182s] Level 1:colcon.colcon_core.package_identification:_identify(lidar_ws/src/Lslidar_ROS2_driver) by extensions ['colcon_pkg']
[0.182s] Level 1:colcon.colcon_core.package_identification:_identify(lidar_ws/src/Lslidar_ROS2_driver) by extension 'colcon_pkg'
[0.182s] Level 1:colcon.colcon_core.package_identification:_identify(lidar_ws/src/Lslidar_ROS2_driver) by extensions ['colcon_meta']
[0.182s] Level 1:colcon.colcon_core.package_identification:_identify(lidar_ws/src/Lslidar_ROS2_driver) by extension 'colcon_meta'
[0.182s] Level 1:colcon.colcon_core.package_identification:_identify(lidar_ws/src/Lslidar_ROS2_driver) by extensions ['ros']
[0.182s] Level 1:colcon.colcon_core.package_identification:_identify(lidar_ws/src/Lslidar_ROS2_driver) by extension 'ros'
[0.182s] Level 1:colcon.colcon_core.package_identification:_identify(lidar_ws/src/Lslidar_ROS2_driver) by extensions ['cmake', 'python']
[0.182s] Level 1:colcon.colcon_core.package_identification:_identify(lidar_ws/src/Lslidar_ROS2_driver) by extension 'cmake'
[0.182s] Level 1:colcon.colcon_core.package_identification:_identify(lidar_ws/src/Lslidar_ROS2_driver) by extension 'python'
[0.182s] Level 1:colcon.colcon_core.package_identification:_identify(lidar_ws/src/Lslidar_ROS2_driver) by extensions ['python_setup_py']
[0.182s] Level 1:colcon.colcon_core.package_identification:_identify(lidar_ws/src/Lslidar_ROS2_driver) by extension 'python_setup_py'
[0.182s] Level 1:colcon.colcon_core.package_identification:_identify(lidar_ws/src/Lslidar_ROS2_driver/lslidar_driver) by extensions ['ignore', 'ignore_ament_install']
[0.182s] Level 1:colcon.colcon_core.package_identification:_identify(lidar_ws/src/Lslidar_ROS2_driver/lslidar_driver) by extension 'ignore'
[0.182s] Level 1:colcon.colcon_core.package_identification:_identify(lidar_ws/src/Lslidar_ROS2_driver/lslidar_driver) by extension 'ignore_ament_install'
[0.182s] Level 1:colcon.colcon_core.package_identification:_identify(lidar_ws/src/Lslidar_ROS2_driver/lslidar_driver) by extensions ['colcon_pkg']
[0.182s] Level 1:colcon.colcon_core.package_identification:_identify(lidar_ws/src/Lslidar_ROS2_driver/lslidar_driver) by extension 'colcon_pkg'
[0.182s] Level 1:colcon.colcon_core.package_identification:_identify(lidar_ws/src/Lslidar_ROS2_driver/lslidar_driver) by extensions ['colcon_meta']
[0.182s] Level 1:colcon.colcon_core.package_identification:_identify(lidar_ws/src/Lslidar_ROS2_driver/lslidar_driver) by extension 'colcon_meta'
[0.182s] Level 1:colcon.colcon_core.package_identification:_identify(lidar_ws/src/Lslidar_ROS2_driver/lslidar_driver) by extensions ['ros']
[0.182s] Level 1:colcon.colcon_core.package_identification:_identify(lidar_ws/src/Lslidar_ROS2_driver/lslidar_driver) by extension 'ros'
[0.184s] DEBUG:colcon.colcon_core.package_identification:Package 'lidar_ws/src/Lslidar_ROS2_driver/lslidar_driver' with type 'ros.ament_cmake' and name 'lslidar_driver'
[0.184s] Level 1:colcon.colcon_core.package_identification:_identify(lidar_ws/src/Lslidar_ROS2_driver/lslidar_msgs) by extensions ['ignore', 'ignore_ament_install']
[0.184s] Level 1:colcon.colcon_core.package_identification:_identify(lidar_ws/src/Lslidar_ROS2_driver/lslidar_msgs) by extension 'ignore'
[0.184s] Level 1:colcon.colcon_core.package_identification:_identify(lidar_ws/src/Lslidar_ROS2_driver/lslidar_msgs) by extension 'ignore_ament_install'
[0.184s] Level 1:colcon.colcon_core.package_identification:_identify(lidar_ws/src/Lslidar_ROS2_driver/lslidar_msgs) by extensions ['colcon_pkg']
[0.184s] Level 1:colcon.colcon_core.package_identification:_identify(lidar_ws/src/Lslidar_ROS2_driver/lslidar_msgs) by extension 'colcon_pkg'
[0.184s] Level 1:colcon.colcon_core.package_identification:_identify(lidar_ws/src/Lslidar_ROS2_driver/lslidar_msgs) by extensions ['colcon_meta']
[0.184s] Level 1:colcon.colcon_core.package_identification:_identify(lidar_ws/src/Lslidar_ROS2_driver/lslidar_msgs) by extension 'colcon_meta'
[0.184s] Level 1:colcon.colcon_core.package_identification:_identify(lidar_ws/src/Lslidar_ROS2_driver/lslidar_msgs) by extensions ['ros']
[0.184s] Level 1:colcon.colcon_core.package_identification:_identify(lidar_ws/src/Lslidar_ROS2_driver/lslidar_msgs) by extension 'ros'
[0.185s] DEBUG:colcon.colcon_core.package_identification:Package 'lidar_ws/src/Lslidar_ROS2_driver/lslidar_msgs' with type 'ros.ament_cmake' and name 'lslidar_msgs'
[0.185s] Level 1:colcon.colcon_core.package_identification:_identify(log) by extensions ['ignore', 'ignore_ament_install']
[0.185s] Level 1:colcon.colcon_core.package_identification:_identify(log) by extension 'ignore'
[0.185s] Level 1:colcon.colcon_core.package_identification:_identify(log) ignored
[0.185s] Level 1:colcon.colcon_core.package_discovery:discover_packages(recursive) using defaults
[0.185s] Level 1:colcon.colcon_core.package_discovery:discover_packages(ignore) discover
[0.185s] Level 1:colcon.colcon_core.package_discovery:discover_packages(ignore) using defaults
[0.185s] Level 1:colcon.colcon_core.package_discovery:discover_packages(path) discover
[0.185s] Level 1:colcon.colcon_core.package_discovery:discover_packages(path) using defaults
[0.185s] WARNING:colcon.colcon_core.package_selection:ignoring unknown package 'sensors_package' in --packages-select
[0.205s] INFO:colcon.colcon_core.package_selection:Skipping not selected package 'lslidar_msgs' in 'lidar_ws/src/Lslidar_ROS2_driver/lslidar_msgs'
[0.205s] INFO:colcon.colcon_core.package_selection:Skipping not selected package 'lslidar_driver' in 'lidar_ws/src/Lslidar_ROS2_driver/lslidar_driver'
[0.206s] Level 1:colcon.colcon_core.package_discovery:discover_packages(prefix_path) check parameters
[0.206s] Level 1:colcon.colcon_core.package_discovery:discover_packages(prefix_path) discover
[0.207s] DEBUG:colcon.colcon_installed_package_information.package_discovery:Found 5 installed packages in /home/tamir/autonomous_robot/install
[0.207s] DEBUG:colcon.colcon_installed_package_information.package_discovery:Found 3 installed packages in /home/tamir/turtlebot3_ws/install
[0.208s] DEBUG:colcon.colcon_installed_package_information.package_discovery:Found 8 installed packages in /home/tamir/ros2_ws/install
[0.208s] DEBUG:colcon.colcon_installed_package_information.package_discovery:Found 4 installed packages in /home/tamir/install
[0.209s] DEBUG:colcon.colcon_installed_package_information.package_discovery:Found 392 installed packages in /opt/ros/humble
[0.210s] Level 1:colcon.colcon_core.package_discovery:discover_packages(prefix_path) using defaults
[0.238s] INFO:colcon.colcon_core.executor:Executing jobs using 'parallel' executor
[0.239s] DEBUG:colcon.colcon_parallel_executor.executor.parallel:run_until_complete
[0.239s] DEBUG:colcon.colcon_parallel_executor.executor.parallel:closing loop
[0.240s] DEBUG:colcon.colcon_parallel_executor.executor.parallel:loop closed
[0.240s] DEBUG:colcon.colcon_parallel_executor.executor.parallel:run_until_complete finished with '0'
[0.240s] DEBUG:colcon.colcon_core.event_reactor:joining thread
[0.245s] INFO:colcon.colcon_core.plugin_system:Skipping extension 'colcon_notification.desktop_notification.terminal_notifier': Not used on non-Darwin systems
[0.246s] INFO:colcon.colcon_core.plugin_system:Skipping extension 'colcon_notification.desktop_notification.win32': Not used on non-Windows systems
[0.246s] INFO:colcon.colcon_notification.desktop_notification:Sending desktop notification using 'notify2'
[0.254s] DEBUG:colcon.colcon_core.event_reactor:joined thread
[0.255s] INFO:colcon.colcon_core.plugin_system:Skipping extension 'colcon_core.shell.bat': Not used on non-Windows systems
[0.255s] INFO:colcon.colcon_core.shell:Creating prefix script '/home/tamir/autonomous_robot/sensors_package/src/install/local_setup.ps1'
[0.256s] INFO:colcon.colcon_core.shell:Creating prefix util module '/home/tamir/autonomous_robot/sensors_package/src/install/_local_setup_util_ps1.py'
[0.257s] INFO:colcon.colcon_core.shell:Creating prefix chain script '/home/tamir/autonomous_robot/sensors_package/src/install/setup.ps1'
[0.258s] INFO:colcon.colcon_core.shell:Creating prefix script '/home/tamir/autonomous_robot/sensors_package/src/install/local_setup.sh'
[0.258s] INFO:colcon.colcon_core.shell:Creating prefix util module '/home/tamir/autonomous_robot/sensors_package/src/install/_local_setup_util_sh.py'
[0.259s] INFO:colcon.colcon_core.shell:Creating prefix chain script '/home/tamir/autonomous_robot/sensors_package/src/install/setup.sh'
[0.260s] INFO:colcon.colcon_core.shell:Creating prefix script '/home/tamir/autonomous_robot/sensors_package/src/install/local_setup.bash'
[0.260s] INFO:colcon.colcon_core.shell:Creating prefix chain script '/home/tamir/autonomous_robot/sensors_package/src/install/setup.bash'
[0.261s] INFO:colcon.colcon_core.shell:Creating prefix script '/home/tamir/autonomous_robot/sensors_package/src/install/local_setup.zsh'
[0.261s] INFO:colcon.colcon_core.shell:Creating prefix chain script '/home/tamir/autonomous_robot/sensors_package/src/install/setup.zsh'
