running egg_info
writing ../../build/calc_odom/calc_odom.egg-info/PKG-INFO
writing dependency_links to ../../build/calc_odom/calc_odom.egg-info/dependency_links.txt
writing entry points to ../../build/calc_odom/calc_odom.egg-info/entry_points.txt
writing requirements to ../../build/calc_odom/calc_odom.egg-info/requires.txt
writing top-level names to ../../build/calc_odom/calc_odom.egg-info/top_level.txt
reading manifest file '../../build/calc_odom/calc_odom.egg-info/SOURCES.txt'
writing manifest file '../../build/calc_odom/calc_odom.egg-info/SOURCES.txt'
running build
running build_py
copying calc_odom/encoder_odom.py -> /home/tamir/autonomous_robot/autonomous_robot_control/build/calc_odom/build/lib/calc_odom
running install
running install_lib
copying /home/tamir/autonomous_robot/autonomous_robot_control/build/calc_odom/build/lib/calc_odom/encoder_odom.py -> /home/tamir/autonomous_robot/autonomous_robot_control/install/calc_odom/lib/python3.10/site-packages/calc_odom
byte-compiling /home/tamir/autonomous_robot/autonomous_robot_control/install/calc_odom/lib/python3.10/site-packages/calc_odom/encoder_odom.py to encoder_odom.cpython-310.pyc
running install_data
running install_egg_info
removing '/home/tamir/autonomous_robot/autonomous_robot_control/install/calc_odom/lib/python3.10/site-packages/calc_odom-0.0.0-py3.10.egg-info' (and everything under it)
Copying ../../build/calc_odom/calc_odom.egg-info to /home/tamir/autonomous_robot/autonomous_robot_control/install/calc_odom/lib/python3.10/site-packages/calc_odom-0.0.0-py3.10.egg-info
running install_scripts
Installing encoder_odom script to /home/tamir/autonomous_robot/autonomous_robot_control/install/calc_odom/lib/calc_odom
writing list of installed files to '/home/tamir/autonomous_robot/autonomous_robot_control/build/calc_odom/install.log'
