[0.482s] Invoking command in '/home/tamir/autonomous_robot/build/sensors_package': CMAKE_PREFIX_PATH=${CMAKE_PREFIX_PATH}:/home/tamir/autonomous_robot/install/calc_odom:/home/tamir/autonomous_robot/install/control_hardware:/home/tamir/ros2_ws/install/turtle_spawner:/home/tamir/ros2_ws/install/turtle_controller:/home/tamir/ros2_ws/install/my_py_pkg:/opt/ros/humble /usr/bin/cmake --build /home/tamir/autonomous_robot/build/sensors_package -- -j12 -l12
[0.546s] Invoked command in '/home/tamir/autonomous_robot/build/sensors_package' returned '0': CMAKE_PREFIX_PATH=${CMAKE_PREFIX_PATH}:/home/tamir/autonomous_robot/install/calc_odom:/home/tamir/autonomous_robot/install/control_hardware:/home/tamir/ros2_ws/install/turtle_spawner:/home/tamir/ros2_ws/install/turtle_controller:/home/tamir/ros2_ws/install/my_py_pkg:/opt/ros/humble /usr/bin/cmake --build /home/tamir/autonomous_robot/build/sensors_package -- -j12 -l12
[0.587s] Invoking command in '/home/tamir/autonomous_robot/build/sensors_package': CMAKE_PREFIX_PATH=${CMAKE_PREFIX_PATH}:/home/tamir/autonomous_robot/install/calc_odom:/home/tamir/autonomous_robot/install/control_hardware:/home/tamir/ros2_ws/install/turtle_spawner:/home/tamir/ros2_ws/install/turtle_controller:/home/tamir/ros2_ws/install/my_py_pkg:/opt/ros/humble /usr/bin/cmake --install /home/tamir/autonomous_robot/build/sensors_package
[0.606s] -- Install configuration: ""
[0.608s] -- Up-to-date: /home/tamir/autonomous_robot/install/sensors_package/lib/sensors_package/camera_rgb_publisher.py
[0.608s] -- Up-to-date: /home/tamir/autonomous_robot/install/sensors_package/share/sensors_package/launch/launch
[0.609s] -- Up-to-date: /home/tamir/autonomous_robot/install/sensors_package/share/sensors_package/launch/launch/camera_launch.py
[0.609s] -- Up-to-date: /home/tamir/autonomous_robot/install/sensors_package/share/sensors_package/launch/config
[0.609s] -- Up-to-date: /home/tamir/autonomous_robot/install/sensors_package/share/ament_index/resource_index/package_run_dependencies/sensors_package
[0.609s] -- Up-to-date: /home/tamir/autonomous_robot/install/sensors_package/share/ament_index/resource_index/parent_prefix_path/sensors_package
[0.609s] -- Up-to-date: /home/tamir/autonomous_robot/install/sensors_package/share/sensors_package/environment/ament_prefix_path.sh
[0.609s] -- Up-to-date: /home/tamir/autonomous_robot/install/sensors_package/share/sensors_package/environment/ament_prefix_path.dsv
[0.609s] -- Up-to-date: /home/tamir/autonomous_robot/install/sensors_package/share/sensors_package/environment/path.sh
[0.610s] -- Up-to-date: /home/tamir/autonomous_robot/install/sensors_package/share/sensors_package/environment/path.dsv
[0.610s] -- Up-to-date: /home/tamir/autonomous_robot/install/sensors_package/share/sensors_package/local_setup.bash
[0.610s] -- Up-to-date: /home/tamir/autonomous_robot/install/sensors_package/share/sensors_package/local_setup.sh
[0.610s] -- Up-to-date: /home/tamir/autonomous_robot/install/sensors_package/share/sensors_package/local_setup.zsh
[0.611s] -- Up-to-date: /home/tamir/autonomous_robot/install/sensors_package/share/sensors_package/local_setup.dsv
[0.612s] -- Installing: /home/tamir/autonomous_robot/install/sensors_package/share/sensors_package/package.dsv
[0.613s] -- Up-to-date: /home/tamir/autonomous_robot/install/sensors_package/share/ament_index/resource_index/packages/sensors_package
[0.615s] -- Up-to-date: /home/tamir/autonomous_robot/install/sensors_package/share/sensors_package/cmake/sensors_packageConfig.cmake
[0.615s] -- Up-to-date: /home/tamir/autonomous_robot/install/sensors_package/share/sensors_package/cmake/sensors_packageConfig-version.cmake
[0.615s] -- Up-to-date: /home/tamir/autonomous_robot/install/sensors_package/share/sensors_package/package.xml
[0.616s] Invoked command in '/home/tamir/autonomous_robot/build/sensors_package' returned '0': CMAKE_PREFIX_PATH=${CMAKE_PREFIX_PATH}:/home/tamir/autonomous_robot/install/calc_odom:/home/tamir/autonomous_robot/install/control_hardware:/home/tamir/ros2_ws/install/turtle_spawner:/home/tamir/ros2_ws/install/turtle_controller:/home/tamir/ros2_ws/install/my_py_pkg:/opt/ros/humble /usr/bin/cmake --install /home/tamir/autonomous_robot/build/sensors_package
