[0.073s] Invoking command in '/home/tamir/autonomous_robot/build/robot_common_interfaces': CMAKE_PREFIX_PATH=${CMAKE_PREFIX_PATH}:/home/tamir/autonomous_robot/install/calc_odom:/home/tamir/autonomous_robot/install/control_hardware:/home/tamir/autonomous_robot/autonomous_robot_control/install/control_hardware:/home/tamir/autonomous_robot/autonomous_robot_control/install/calc_odom:/home/tamir/ros2_ws/install/turtle_spawner:/home/tamir/ros2_ws/install/turtle_controller:/home/tamir/ros2_ws/install/my_py_pkg:/opt/ros/humble /usr/bin/cmake --build /home/tamir/autonomous_robot/build/robot_common_interfaces -- -j12 -l12
[0.644s] [  3%] Built target robot_common_interfaces__cpp
[0.645s] [  3%] Built target ament_cmake_python_copy_robot_common_interfaces
[0.645s] [ 12%] Built target robot_common_interfaces__rosidl_generator_c
[0.645s] [ 22%] Built target robot_common_interfaces__rosidl_typesupport_cpp
[0.646s] [ 32%] Built target robot_common_interfaces__rosidl_typesupport_fastrtps_cpp
[0.646s] [ 41%] Built target robot_common_interfaces__rosidl_typesupport_introspection_cpp
[0.646s] [ 51%] Built target robot_common_interfaces__rosidl_typesupport_c
[0.646s] [ 61%] Built target robot_common_interfaces__rosidl_typesupport_introspection_c
[0.646s] [ 70%] Built target robot_common_interfaces__rosidl_typesupport_fastrtps_c
[0.647s] [ 70%] Built target robot_common_interfaces
[0.647s] [ 74%] Built target robot_common_interfaces__py
[0.647s] [ 80%] Built target robot_common_interfaces__rosidl_generator_py
[0.647s] [ 87%] Built target robot_common_interfaces__rosidl_typesupport_fastrtps_c__pyext
[0.647s] [ 93%] Built target robot_common_interfaces__rosidl_typesupport_c__pyext
[0.647s] [100%] Built target robot_common_interfaces__rosidl_typesupport_introspection_c__pyext
[0.648s] running egg_info
[0.648s] writing robot_common_interfaces.egg-info/PKG-INFO
[0.649s] writing dependency_links to robot_common_interfaces.egg-info/dependency_links.txt
[0.650s] writing top-level names to robot_common_interfaces.egg-info/top_level.txt
[0.651s] reading manifest file 'robot_common_interfaces.egg-info/SOURCES.txt'
[0.652s] writing manifest file 'robot_common_interfaces.egg-info/SOURCES.txt'
[0.653s] [100%] Built target ament_cmake_python_build_robot_common_interfaces_egg
[0.658s] Invoked command in '/home/tamir/autonomous_robot/build/robot_common_interfaces' returned '0': CMAKE_PREFIX_PATH=${CMAKE_PREFIX_PATH}:/home/tamir/autonomous_robot/install/calc_odom:/home/tamir/autonomous_robot/install/control_hardware:/home/tamir/autonomous_robot/autonomous_robot_control/install/control_hardware:/home/tamir/autonomous_robot/autonomous_robot_control/install/calc_odom:/home/tamir/ros2_ws/install/turtle_spawner:/home/tamir/ros2_ws/install/turtle_controller:/home/tamir/ros2_ws/install/my_py_pkg:/opt/ros/humble /usr/bin/cmake --build /home/tamir/autonomous_robot/build/robot_common_interfaces -- -j12 -l12
[0.760s] Invoking command in '/home/tamir/autonomous_robot/build/robot_common_interfaces': CMAKE_PREFIX_PATH=${CMAKE_PREFIX_PATH}:/home/tamir/autonomous_robot/install/calc_odom:/home/tamir/autonomous_robot/install/control_hardware:/home/tamir/autonomous_robot/autonomous_robot_control/install/control_hardware:/home/tamir/autonomous_robot/autonomous_robot_control/install/calc_odom:/home/tamir/ros2_ws/install/turtle_spawner:/home/tamir/ros2_ws/install/turtle_controller:/home/tamir/ros2_ws/install/my_py_pkg:/opt/ros/humble /usr/bin/cmake --install /home/tamir/autonomous_robot/build/robot_common_interfaces
[0.771s] -- Install configuration: ""
[0.771s] -- Up-to-date: /home/tamir/autonomous_robot/install/robot_common_interfaces/share/ament_index/resource_index/rosidl_interfaces/robot_common_interfaces
[0.771s] -- Up-to-date: /home/tamir/autonomous_robot/install/robot_common_interfaces/include/robot_common_interfaces/robot_common_interfaces
[0.778s] -- Up-to-date: /home/tamir/autonomous_robot/install/robot_common_interfaces/include/robot_common_interfaces/robot_common_interfaces/msg
[0.780s] -- Up-to-date: /home/tamir/autonomous_robot/install/robot_common_interfaces/include/robot_common_interfaces/robot_common_interfaces/msg/rosidl_generator_c__visibility_control.h
[0.781s] -- Up-to-date: /home/tamir/autonomous_robot/install/robot_common_interfaces/include/robot_common_interfaces/robot_common_interfaces/msg/detail
[0.781s] -- Up-to-date: /home/tamir/autonomous_robot/install/robot_common_interfaces/include/robot_common_interfaces/robot_common_interfaces/msg/detail/ser_com_struct__type_support.h
[0.782s] -- Up-to-date: /home/tamir/autonomous_robot/install/robot_common_interfaces/include/robot_common_interfaces/robot_common_interfaces/msg/detail/ser_com_struct__struct.h
[0.782s] -- Up-to-date: /home/tamir/autonomous_robot/install/robot_common_interfaces/include/robot_common_interfaces/robot_common_interfaces/msg/detail/ser_com_struct__functions.c
[0.782s] -- Up-to-date: /home/tamir/autonomous_robot/install/robot_common_interfaces/include/robot_common_interfaces/robot_common_interfaces/msg/detail/ser_com_struct__functions.h
[0.783s] -- Up-to-date: /home/tamir/autonomous_robot/install/robot_common_interfaces/include/robot_common_interfaces/robot_common_interfaces/msg/ser_com_struct.h
[0.786s] -- Up-to-date: /home/tamir/autonomous_robot/install/robot_common_interfaces/share/robot_common_interfaces/environment/library_path.sh
[0.786s] -- Up-to-date: /home/tamir/autonomous_robot/install/robot_common_interfaces/share/robot_common_interfaces/environment/library_path.dsv
[0.786s] -- Up-to-date: /home/tamir/autonomous_robot/install/robot_common_interfaces/lib/librobot_common_interfaces__rosidl_generator_c.so
[0.786s] -- Up-to-date: /home/tamir/autonomous_robot/install/robot_common_interfaces/include/robot_common_interfaces/robot_common_interfaces
[0.787s] -- Up-to-date: /home/tamir/autonomous_robot/install/robot_common_interfaces/include/robot_common_interfaces/robot_common_interfaces/msg
[0.787s] -- Up-to-date: /home/tamir/autonomous_robot/install/robot_common_interfaces/include/robot_common_interfaces/robot_common_interfaces/msg/detail
[0.787s] -- Up-to-date: /home/tamir/autonomous_robot/install/robot_common_interfaces/include/robot_common_interfaces/robot_common_interfaces/msg/detail/ser_com_struct__rosidl_typesupport_fastrtps_c.h
[0.787s] -- Up-to-date: /home/tamir/autonomous_robot/install/robot_common_interfaces/include/robot_common_interfaces/robot_common_interfaces/msg/rosidl_typesupport_fastrtps_c__visibility_control.h
[0.787s] -- Up-to-date: /home/tamir/autonomous_robot/install/robot_common_interfaces/lib/librobot_common_interfaces__rosidl_typesupport_fastrtps_c.so
[0.787s] -- Up-to-date: /home/tamir/autonomous_robot/install/robot_common_interfaces/include/robot_common_interfaces/robot_common_interfaces
[0.788s] -- Up-to-date: /home/tamir/autonomous_robot/install/robot_common_interfaces/include/robot_common_interfaces/robot_common_interfaces/msg
[0.788s] -- Up-to-date: /home/tamir/autonomous_robot/install/robot_common_interfaces/include/robot_common_interfaces/robot_common_interfaces/msg/detail
[0.788s] -- Up-to-date: /home/tamir/autonomous_robot/install/robot_common_interfaces/include/robot_common_interfaces/robot_common_interfaces/msg/detail/ser_com_struct__type_support.c
[0.788s] -- Up-to-date: /home/tamir/autonomous_robot/install/robot_common_interfaces/include/robot_common_interfaces/robot_common_interfaces/msg/detail/ser_com_struct__rosidl_typesupport_introspection_c.h
[0.788s] -- Up-to-date: /home/tamir/autonomous_robot/install/robot_common_interfaces/include/robot_common_interfaces/robot_common_interfaces/msg/rosidl_typesupport_introspection_c__visibility_control.h
[0.788s] -- Up-to-date: /home/tamir/autonomous_robot/install/robot_common_interfaces/lib/librobot_common_interfaces__rosidl_typesupport_introspection_c.so
[0.788s] -- Up-to-date: /home/tamir/autonomous_robot/install/robot_common_interfaces/lib/librobot_common_interfaces__rosidl_typesupport_c.so
[0.788s] -- Up-to-date: /home/tamir/autonomous_robot/install/robot_common_interfaces/include/robot_common_interfaces/robot_common_interfaces
[0.788s] -- Up-to-date: /home/tamir/autonomous_robot/install/robot_common_interfaces/include/robot_common_interfaces/robot_common_interfaces/msg
[0.788s] -- Up-to-date: /home/tamir/autonomous_robot/install/robot_common_interfaces/include/robot_common_interfaces/robot_common_interfaces/msg/ser_com_struct.hpp
[0.789s] -- Up-to-date: /home/tamir/autonomous_robot/install/robot_common_interfaces/include/robot_common_interfaces/robot_common_interfaces/msg/detail
[0.789s] -- Up-to-date: /home/tamir/autonomous_robot/install/robot_common_interfaces/include/robot_common_interfaces/robot_common_interfaces/msg/detail/ser_com_struct__struct.hpp
[0.789s] -- Up-to-date: /home/tamir/autonomous_robot/install/robot_common_interfaces/include/robot_common_interfaces/robot_common_interfaces/msg/detail/ser_com_struct__builder.hpp
[0.789s] -- Up-to-date: /home/tamir/autonomous_robot/install/robot_common_interfaces/include/robot_common_interfaces/robot_common_interfaces/msg/detail/ser_com_struct__traits.hpp
[0.789s] -- Up-to-date: /home/tamir/autonomous_robot/install/robot_common_interfaces/include/robot_common_interfaces/robot_common_interfaces
[0.789s] -- Up-to-date: /home/tamir/autonomous_robot/install/robot_common_interfaces/include/robot_common_interfaces/robot_common_interfaces/msg
[0.789s] -- Up-to-date: /home/tamir/autonomous_robot/install/robot_common_interfaces/include/robot_common_interfaces/robot_common_interfaces/msg/rosidl_typesupport_fastrtps_cpp__visibility_control.h
[0.789s] -- Up-to-date: /home/tamir/autonomous_robot/install/robot_common_interfaces/include/robot_common_interfaces/robot_common_interfaces/msg/detail
[0.790s] -- Up-to-date: /home/tamir/autonomous_robot/install/robot_common_interfaces/include/robot_common_interfaces/robot_common_interfaces/msg/detail/dds_fastrtps
[0.790s] -- Up-to-date: /home/tamir/autonomous_robot/install/robot_common_interfaces/include/robot_common_interfaces/robot_common_interfaces/msg/detail/ser_com_struct__rosidl_typesupport_fastrtps_cpp.hpp
[0.791s] -- Up-to-date: /home/tamir/autonomous_robot/install/robot_common_interfaces/lib/librobot_common_interfaces__rosidl_typesupport_fastrtps_cpp.so
[0.791s] -- Up-to-date: /home/tamir/autonomous_robot/install/robot_common_interfaces/include/robot_common_interfaces/robot_common_interfaces
[0.791s] -- Up-to-date: /home/tamir/autonomous_robot/install/robot_common_interfaces/include/robot_common_interfaces/robot_common_interfaces/msg
[0.791s] -- Up-to-date: /home/tamir/autonomous_robot/install/robot_common_interfaces/include/robot_common_interfaces/robot_common_interfaces/msg/detail
[0.791s] -- Up-to-date: /home/tamir/autonomous_robot/install/robot_common_interfaces/include/robot_common_interfaces/robot_common_interfaces/msg/detail/ser_com_struct__type_support.cpp
[0.791s] -- Up-to-date: /home/tamir/autonomous_robot/install/robot_common_interfaces/include/robot_common_interfaces/robot_common_interfaces/msg/detail/ser_com_struct__rosidl_typesupport_introspection_cpp.hpp
[0.791s] -- Up-to-date: /home/tamir/autonomous_robot/install/robot_common_interfaces/lib/librobot_common_interfaces__rosidl_typesupport_introspection_cpp.so
[0.791s] -- Up-to-date: /home/tamir/autonomous_robot/install/robot_common_interfaces/lib/librobot_common_interfaces__rosidl_typesupport_cpp.so
[0.791s] -- Up-to-date: /home/tamir/autonomous_robot/install/robot_common_interfaces/share/robot_common_interfaces/environment/pythonpath.sh
[0.791s] -- Up-to-date: /home/tamir/autonomous_robot/install/robot_common_interfaces/share/robot_common_interfaces/environment/pythonpath.dsv
[0.792s] -- Up-to-date: /home/tamir/autonomous_robot/install/robot_common_interfaces/local/lib/python3.10/dist-packages/robot_common_interfaces-0.0.0-py3.10.egg-info
[0.792s] -- Installing: /home/tamir/autonomous_robot/install/robot_common_interfaces/local/lib/python3.10/dist-packages/robot_common_interfaces-0.0.0-py3.10.egg-info/PKG-INFO
[0.792s] -- Installing: /home/tamir/autonomous_robot/install/robot_common_interfaces/local/lib/python3.10/dist-packages/robot_common_interfaces-0.0.0-py3.10.egg-info/dependency_links.txt
[0.792s] -- Installing: /home/tamir/autonomous_robot/install/robot_common_interfaces/local/lib/python3.10/dist-packages/robot_common_interfaces-0.0.0-py3.10.egg-info/top_level.txt
[0.793s] -- Installing: /home/tamir/autonomous_robot/install/robot_common_interfaces/local/lib/python3.10/dist-packages/robot_common_interfaces-0.0.0-py3.10.egg-info/SOURCES.txt
[0.793s] -- Up-to-date: /home/tamir/autonomous_robot/install/robot_common_interfaces/local/lib/python3.10/dist-packages/robot_common_interfaces
[0.793s] -- Up-to-date: /home/tamir/autonomous_robot/install/robot_common_interfaces/local/lib/python3.10/dist-packages/robot_common_interfaces/librobot_common_interfaces__rosidl_generator_py.so
[0.793s] -- Up-to-date: /home/tamir/autonomous_robot/install/robot_common_interfaces/local/lib/python3.10/dist-packages/robot_common_interfaces/msg
[0.793s] -- Up-to-date: /home/tamir/autonomous_robot/install/robot_common_interfaces/local/lib/python3.10/dist-packages/robot_common_interfaces/msg/_ser_com_struct.py
[0.793s] -- Up-to-date: /home/tamir/autonomous_robot/install/robot_common_interfaces/local/lib/python3.10/dist-packages/robot_common_interfaces/msg/_ser_com_struct_s.c
[0.793s] -- Up-to-date: /home/tamir/autonomous_robot/install/robot_common_interfaces/local/lib/python3.10/dist-packages/robot_common_interfaces/msg/__init__.py
[0.793s] -- Up-to-date: /home/tamir/autonomous_robot/install/robot_common_interfaces/local/lib/python3.10/dist-packages/robot_common_interfaces/robot_common_interfaces_s__rosidl_typesupport_introspection_c.cpython-310-x86_64-linux-gnu.so
[0.793s] -- Up-to-date: /home/tamir/autonomous_robot/install/robot_common_interfaces/local/lib/python3.10/dist-packages/robot_common_interfaces/__init__.py
[0.793s] -- Up-to-date: /home/tamir/autonomous_robot/install/robot_common_interfaces/local/lib/python3.10/dist-packages/robot_common_interfaces/_robot_common_interfaces_s.ep.rosidl_typesupport_introspection_c.c
[0.793s] -- Up-to-date: /home/tamir/autonomous_robot/install/robot_common_interfaces/local/lib/python3.10/dist-packages/robot_common_interfaces/_robot_common_interfaces_s.ep.rosidl_typesupport_fastrtps_c.c
[0.793s] -- Up-to-date: /home/tamir/autonomous_robot/install/robot_common_interfaces/local/lib/python3.10/dist-packages/robot_common_interfaces/robot_common_interfaces_s__rosidl_typesupport_c.cpython-310-x86_64-linux-gnu.so
[0.794s] -- Up-to-date: /home/tamir/autonomous_robot/install/robot_common_interfaces/local/lib/python3.10/dist-packages/robot_common_interfaces/robot_common_interfaces_s__rosidl_typesupport_fastrtps_c.cpython-310-x86_64-linux-gnu.so
[0.794s] -- Up-to-date: /home/tamir/autonomous_robot/install/robot_common_interfaces/local/lib/python3.10/dist-packages/robot_common_interfaces/_robot_common_interfaces_s.ep.rosidl_typesupport_c.c
[0.833s] Listing '/home/tamir/autonomous_robot/install/robot_common_interfaces/local/lib/python3.10/dist-packages/robot_common_interfaces'...
[0.833s] Listing '/home/tamir/autonomous_robot/install/robot_common_interfaces/local/lib/python3.10/dist-packages/robot_common_interfaces/msg'...
[0.837s] -- Up-to-date: /home/tamir/autonomous_robot/install/robot_common_interfaces/local/lib/python3.10/dist-packages/robot_common_interfaces/robot_common_interfaces_s__rosidl_typesupport_fastrtps_c.cpython-310-x86_64-linux-gnu.so
[0.839s] -- Up-to-date: /home/tamir/autonomous_robot/install/robot_common_interfaces/local/lib/python3.10/dist-packages/robot_common_interfaces/robot_common_interfaces_s__rosidl_typesupport_introspection_c.cpython-310-x86_64-linux-gnu.so
[0.840s] -- Up-to-date: /home/tamir/autonomous_robot/install/robot_common_interfaces/local/lib/python3.10/dist-packages/robot_common_interfaces/robot_common_interfaces_s__rosidl_typesupport_c.cpython-310-x86_64-linux-gnu.so
[0.841s] -- Up-to-date: /home/tamir/autonomous_robot/install/robot_common_interfaces/lib/librobot_common_interfaces__rosidl_generator_py.so
[0.841s] -- Up-to-date: /home/tamir/autonomous_robot/install/robot_common_interfaces/share/robot_common_interfaces/msg/SerComStruct.idl
[0.841s] -- Up-to-date: /home/tamir/autonomous_robot/install/robot_common_interfaces/share/robot_common_interfaces/msg/SerComStruct.msg
[0.841s] -- Up-to-date: /home/tamir/autonomous_robot/install/robot_common_interfaces/share/robot_common_interfaces/package.xml
[0.841s] -- Up-to-date: /home/tamir/autonomous_robot/install/robot_common_interfaces/share/ament_index/resource_index/package_run_dependencies/robot_common_interfaces
[0.841s] -- Up-to-date: /home/tamir/autonomous_robot/install/robot_common_interfaces/share/ament_index/resource_index/parent_prefix_path/robot_common_interfaces
[0.841s] -- Up-to-date: /home/tamir/autonomous_robot/install/robot_common_interfaces/share/robot_common_interfaces/environment/ament_prefix_path.sh
[0.841s] -- Up-to-date: /home/tamir/autonomous_robot/install/robot_common_interfaces/share/robot_common_interfaces/environment/ament_prefix_path.dsv
[0.841s] -- Up-to-date: /home/tamir/autonomous_robot/install/robot_common_interfaces/share/robot_common_interfaces/environment/path.sh
[0.841s] -- Up-to-date: /home/tamir/autonomous_robot/install/robot_common_interfaces/share/robot_common_interfaces/environment/path.dsv
[0.842s] -- Up-to-date: /home/tamir/autonomous_robot/install/robot_common_interfaces/share/robot_common_interfaces/local_setup.bash
[0.842s] -- Up-to-date: /home/tamir/autonomous_robot/install/robot_common_interfaces/share/robot_common_interfaces/local_setup.sh
[0.842s] -- Up-to-date: /home/tamir/autonomous_robot/install/robot_common_interfaces/share/robot_common_interfaces/local_setup.zsh
[0.842s] -- Up-to-date: /home/tamir/autonomous_robot/install/robot_common_interfaces/share/robot_common_interfaces/local_setup.dsv
[0.842s] -- Installing: /home/tamir/autonomous_robot/install/robot_common_interfaces/share/robot_common_interfaces/package.dsv
[0.842s] -- Up-to-date: /home/tamir/autonomous_robot/install/robot_common_interfaces/share/ament_index/resource_index/packages/robot_common_interfaces
[0.842s] -- Up-to-date: /home/tamir/autonomous_robot/install/robot_common_interfaces/share/robot_common_interfaces/cmake/export_robot_common_interfaces__rosidl_generator_cExport.cmake
[0.842s] -- Up-to-date: /home/tamir/autonomous_robot/install/robot_common_interfaces/share/robot_common_interfaces/cmake/export_robot_common_interfaces__rosidl_generator_cExport-noconfig.cmake
[0.842s] -- Up-to-date: /home/tamir/autonomous_robot/install/robot_common_interfaces/share/robot_common_interfaces/cmake/export_robot_common_interfaces__rosidl_typesupport_fastrtps_cExport.cmake
[0.843s] -- Up-to-date: /home/tamir/autonomous_robot/install/robot_common_interfaces/share/robot_common_interfaces/cmake/export_robot_common_interfaces__rosidl_typesupport_fastrtps_cExport-noconfig.cmake
[0.843s] -- Up-to-date: /home/tamir/autonomous_robot/install/robot_common_interfaces/share/robot_common_interfaces/cmake/robot_common_interfaces__rosidl_typesupport_introspection_cExport.cmake
[0.843s] -- Up-to-date: /home/tamir/autonomous_robot/install/robot_common_interfaces/share/robot_common_interfaces/cmake/robot_common_interfaces__rosidl_typesupport_introspection_cExport-noconfig.cmake
[0.844s] -- Up-to-date: /home/tamir/autonomous_robot/install/robot_common_interfaces/share/robot_common_interfaces/cmake/robot_common_interfaces__rosidl_typesupport_cExport.cmake
[0.844s] -- Up-to-date: /home/tamir/autonomous_robot/install/robot_common_interfaces/share/robot_common_interfaces/cmake/robot_common_interfaces__rosidl_typesupport_cExport-noconfig.cmake
[0.844s] -- Up-to-date: /home/tamir/autonomous_robot/install/robot_common_interfaces/share/robot_common_interfaces/cmake/export_robot_common_interfaces__rosidl_generator_cppExport.cmake
[0.844s] -- Up-to-date: /home/tamir/autonomous_robot/install/robot_common_interfaces/share/robot_common_interfaces/cmake/export_robot_common_interfaces__rosidl_typesupport_fastrtps_cppExport.cmake
[0.844s] -- Up-to-date: /home/tamir/autonomous_robot/install/robot_common_interfaces/share/robot_common_interfaces/cmake/export_robot_common_interfaces__rosidl_typesupport_fastrtps_cppExport-noconfig.cmake
[0.844s] -- Up-to-date: /home/tamir/autonomous_robot/install/robot_common_interfaces/share/robot_common_interfaces/cmake/robot_common_interfaces__rosidl_typesupport_introspection_cppExport.cmake
[0.844s] -- Up-to-date: /home/tamir/autonomous_robot/install/robot_common_interfaces/share/robot_common_interfaces/cmake/robot_common_interfaces__rosidl_typesupport_introspection_cppExport-noconfig.cmake
[0.844s] -- Up-to-date: /home/tamir/autonomous_robot/install/robot_common_interfaces/share/robot_common_interfaces/cmake/robot_common_interfaces__rosidl_typesupport_cppExport.cmake
[0.844s] -- Up-to-date: /home/tamir/autonomous_robot/install/robot_common_interfaces/share/robot_common_interfaces/cmake/robot_common_interfaces__rosidl_typesupport_cppExport-noconfig.cmake
[0.845s] -- Up-to-date: /home/tamir/autonomous_robot/install/robot_common_interfaces/share/robot_common_interfaces/cmake/export_robot_common_interfaces__rosidl_generator_pyExport.cmake
[0.845s] -- Up-to-date: /home/tamir/autonomous_robot/install/robot_common_interfaces/share/robot_common_interfaces/cmake/export_robot_common_interfaces__rosidl_generator_pyExport-noconfig.cmake
[0.845s] -- Up-to-date: /home/tamir/autonomous_robot/install/robot_common_interfaces/share/robot_common_interfaces/cmake/rosidl_cmake-extras.cmake
[0.845s] -- Up-to-date: /home/tamir/autonomous_robot/install/robot_common_interfaces/share/robot_common_interfaces/cmake/ament_cmake_export_include_directories-extras.cmake
[0.845s] -- Up-to-date: /home/tamir/autonomous_robot/install/robot_common_interfaces/share/robot_common_interfaces/cmake/ament_cmake_export_libraries-extras.cmake
[0.845s] -- Up-to-date: /home/tamir/autonomous_robot/install/robot_common_interfaces/share/robot_common_interfaces/cmake/ament_cmake_export_targets-extras.cmake
[0.845s] -- Up-to-date: /home/tamir/autonomous_robot/install/robot_common_interfaces/share/robot_common_interfaces/cmake/rosidl_cmake_export_typesupport_targets-extras.cmake
[0.845s] -- Up-to-date: /home/tamir/autonomous_robot/install/robot_common_interfaces/share/robot_common_interfaces/cmake/ament_cmake_export_dependencies-extras.cmake
[0.845s] -- Up-to-date: /home/tamir/autonomous_robot/install/robot_common_interfaces/share/robot_common_interfaces/cmake/rosidl_cmake_export_typesupport_libraries-extras.cmake
[0.845s] -- Up-to-date: /home/tamir/autonomous_robot/install/robot_common_interfaces/share/robot_common_interfaces/cmake/robot_common_interfacesConfig.cmake
[0.846s] -- Up-to-date: /home/tamir/autonomous_robot/install/robot_common_interfaces/share/robot_common_interfaces/cmake/robot_common_interfacesConfig-version.cmake
[0.846s] -- Up-to-date: /home/tamir/autonomous_robot/install/robot_common_interfaces/share/robot_common_interfaces/package.xml
[0.850s] Invoked command in '/home/tamir/autonomous_robot/build/robot_common_interfaces' returned '0': CMAKE_PREFIX_PATH=${CMAKE_PREFIX_PATH}:/home/tamir/autonomous_robot/install/calc_odom:/home/tamir/autonomous_robot/install/control_hardware:/home/tamir/autonomous_robot/autonomous_robot_control/install/control_hardware:/home/tamir/autonomous_robot/autonomous_robot_control/install/calc_odom:/home/tamir/ros2_ws/install/turtle_spawner:/home/tamir/ros2_ws/install/turtle_controller:/home/tamir/ros2_ws/install/my_py_pkg:/opt/ros/humble /usr/bin/cmake --install /home/tamir/autonomous_robot/build/robot_common_interfaces
