[0.407s] Invoking command in '/home/tamir/autonomous_robot/autonomous_robot_control/build/joystick': CMAKE_PREFIX_PATH=${CMAKE_PREFIX_PATH}:/home/tamir/ws_moveit2/install/moveit_configs_utils:/home/tamir/ws_moveit2/install/launch_param_builder:/home/tamir/autonomous_robot/install/calc_odom:/home/tamir/autonomous_robot/install/control_hardware:/home/tamir/ros2_ws/install/turtle_spawner:/home/tamir/ros2_ws/install/turtle_controller:/home/tamir/ros2_ws/install/my_py_pkg:/home/tamir/autonomous_robot/autonomous_robot_control/install/control_hardware:/home/tamir/autonomous_robot/autonomous_robot_control/install/calc_odom:/home/tamir/autonomous_robot/autonomous_robot_control/src/control_hardware/install/control_hardware:/opt/ros/humble /usr/bin/cmake --build /home/tamir/autonomous_robot/autonomous_robot_control/build/joystick -- -j12 -l12
[0.475s] [ 33%] Built target joystick
[0.478s] [ 66%] Built target teleop_joy_node
[0.513s] [100%] Built target prototype_joy_driver
[0.525s] Invoked command in '/home/tamir/autonomous_robot/autonomous_robot_control/build/joystick' returned '0': CMAKE_PREFIX_PATH=${CMAKE_PREFIX_PATH}:/home/tamir/ws_moveit2/install/moveit_configs_utils:/home/tamir/ws_moveit2/install/launch_param_builder:/home/tamir/autonomous_robot/install/calc_odom:/home/tamir/autonomous_robot/install/control_hardware:/home/tamir/ros2_ws/install/turtle_spawner:/home/tamir/ros2_ws/install/turtle_controller:/home/tamir/ros2_ws/install/my_py_pkg:/home/tamir/autonomous_robot/autonomous_robot_control/install/control_hardware:/home/tamir/autonomous_robot/autonomous_robot_control/install/calc_odom:/home/tamir/autonomous_robot/autonomous_robot_control/src/control_hardware/install/control_hardware:/opt/ros/humble /usr/bin/cmake --build /home/tamir/autonomous_robot/autonomous_robot_control/build/joystick -- -j12 -l12
[0.589s] Invoking command in '/home/tamir/autonomous_robot/autonomous_robot_control/build/joystick': CMAKE_PREFIX_PATH=${CMAKE_PREFIX_PATH}:/home/tamir/ws_moveit2/install/moveit_configs_utils:/home/tamir/ws_moveit2/install/launch_param_builder:/home/tamir/autonomous_robot/install/calc_odom:/home/tamir/autonomous_robot/install/control_hardware:/home/tamir/ros2_ws/install/turtle_spawner:/home/tamir/ros2_ws/install/turtle_controller:/home/tamir/ros2_ws/install/my_py_pkg:/home/tamir/autonomous_robot/autonomous_robot_control/install/control_hardware:/home/tamir/autonomous_robot/autonomous_robot_control/install/calc_odom:/home/tamir/autonomous_robot/autonomous_robot_control/src/control_hardware/install/control_hardware:/opt/ros/humble /usr/bin/cmake --install /home/tamir/autonomous_robot/autonomous_robot_control/build/joystick
[0.598s] -- Install configuration: ""
[0.598s] -- Up-to-date: /home/tamir/autonomous_robot/autonomous_robot_control/install/joystick/lib/joystick/teleop_joy_node
[0.598s] -- Up-to-date: /home/tamir/autonomous_robot/autonomous_robot_control/install/joystick/lib/joystick/prototype_joy_driver
[0.598s] -- Up-to-date: /home/tamir/autonomous_robot/autonomous_robot_control/install/joystick/include/joystick
[0.598s] -- Up-to-date: /home/tamir/autonomous_robot/autonomous_robot_control/install/joystick/include/joystick/joystick
[0.598s] -- Up-to-date: /home/tamir/autonomous_robot/autonomous_robot_control/install/joystick/include/joystick/joystick/joy_compute_control.hpp
[0.599s] -- Up-to-date: /home/tamir/autonomous_robot/autonomous_robot_control/install/joystick/share/joystick//launch
[0.599s] -- Up-to-date: /home/tamir/autonomous_robot/autonomous_robot_control/install/joystick/share/joystick//launch/joystick.launch.py
[0.599s] -- Up-to-date: /home/tamir/autonomous_robot/autonomous_robot_control/install/joystick/share/ament_index/resource_index/package_run_dependencies/joystick
[0.599s] -- Up-to-date: /home/tamir/autonomous_robot/autonomous_robot_control/install/joystick/share/ament_index/resource_index/parent_prefix_path/joystick
[0.599s] -- Up-to-date: /home/tamir/autonomous_robot/autonomous_robot_control/install/joystick/share/joystick/environment/ament_prefix_path.sh
[0.599s] -- Up-to-date: /home/tamir/autonomous_robot/autonomous_robot_control/install/joystick/share/joystick/environment/ament_prefix_path.dsv
[0.599s] -- Up-to-date: /home/tamir/autonomous_robot/autonomous_robot_control/install/joystick/share/joystick/environment/path.sh
[0.599s] -- Up-to-date: /home/tamir/autonomous_robot/autonomous_robot_control/install/joystick/share/joystick/environment/path.dsv
[0.599s] -- Up-to-date: /home/tamir/autonomous_robot/autonomous_robot_control/install/joystick/share/joystick/local_setup.bash
[0.599s] -- Up-to-date: /home/tamir/autonomous_robot/autonomous_robot_control/install/joystick/share/joystick/local_setup.sh
[0.600s] -- Up-to-date: /home/tamir/autonomous_robot/autonomous_robot_control/install/joystick/share/joystick/local_setup.zsh
[0.600s] -- Up-to-date: /home/tamir/autonomous_robot/autonomous_robot_control/install/joystick/share/joystick/local_setup.dsv
[0.600s] -- Installing: /home/tamir/autonomous_robot/autonomous_robot_control/install/joystick/share/joystick/package.dsv
[0.600s] -- Up-to-date: /home/tamir/autonomous_robot/autonomous_robot_control/install/joystick/share/ament_index/resource_index/packages/joystick
[0.601s] -- Up-to-date: /home/tamir/autonomous_robot/autonomous_robot_control/install/joystick/share/joystick/cmake/joystickConfig.cmake
[0.601s] -- Up-to-date: /home/tamir/autonomous_robot/autonomous_robot_control/install/joystick/share/joystick/cmake/joystickConfig-version.cmake
[0.601s] -- Up-to-date: /home/tamir/autonomous_robot/autonomous_robot_control/install/joystick/share/joystick/package.xml
[0.601s] Invoked command in '/home/tamir/autonomous_robot/autonomous_robot_control/build/joystick' returned '0': CMAKE_PREFIX_PATH=${CMAKE_PREFIX_PATH}:/home/tamir/ws_moveit2/install/moveit_configs_utils:/home/tamir/ws_moveit2/install/launch_param_builder:/home/tamir/autonomous_robot/install/calc_odom:/home/tamir/autonomous_robot/install/control_hardware:/home/tamir/ros2_ws/install/turtle_spawner:/home/tamir/ros2_ws/install/turtle_controller:/home/tamir/ros2_ws/install/my_py_pkg:/home/tamir/autonomous_robot/autonomous_robot_control/install/control_hardware:/home/tamir/autonomous_robot/autonomous_robot_control/install/calc_odom:/home/tamir/autonomous_robot/autonomous_robot_control/src/control_hardware/install/control_hardware:/opt/ros/humble /usr/bin/cmake --install /home/tamir/autonomous_robot/autonomous_robot_control/build/joystick
