[0.705s] Invoking command in '/home/tamir/autonomous_robot/autonomous_robot_control/src/calc_odom': PYTHONPATH=/home/tamir/autonomous_robot/autonomous_robot_control/build/calc_odom/prefix_override:/usr/lib/python3/dist-packages/colcon_core/task/python/colcon_distutils_commands:/home/tamir/autonomous_robot/autonomous_robot_control/install/calc_odom/lib/python3.10/site-packages:${PYTHONPATH} /usr/bin/python3 -W ignore:setup.py install is deprecated -W ignore:easy_install command is deprecated setup.py egg_info --egg-base ../../build/calc_odom build --build-base /home/tamir/autonomous_robot/autonomous_robot_control/build/calc_odom/build install --record /home/tamir/autonomous_robot/autonomous_robot_control/build/calc_odom/install.log --single-version-externally-managed install_data
[0.884s] running egg_info
[0.885s] writing ../../build/calc_odom/calc_odom.egg-info/PKG-INFO
[0.885s] writing dependency_links to ../../build/calc_odom/calc_odom.egg-info/dependency_links.txt
[0.885s] writing entry points to ../../build/calc_odom/calc_odom.egg-info/entry_points.txt
[0.885s] writing requirements to ../../build/calc_odom/calc_odom.egg-info/requires.txt
[0.885s] writing top-level names to ../../build/calc_odom/calc_odom.egg-info/top_level.txt
[0.886s] reading manifest file '../../build/calc_odom/calc_odom.egg-info/SOURCES.txt'
[0.887s] writing manifest file '../../build/calc_odom/calc_odom.egg-info/SOURCES.txt'
[0.887s] running build
[0.887s] running build_py
[0.887s] running install
[0.887s] running install_lib
[0.888s] running install_data
[0.888s] running install_egg_info
[0.889s] removing '/home/tamir/autonomous_robot/autonomous_robot_control/install/calc_odom/lib/python3.10/site-packages/calc_odom-0.0.0-py3.10.egg-info' (and everything under it)
[0.889s] Copying ../../build/calc_odom/calc_odom.egg-info to /home/tamir/autonomous_robot/autonomous_robot_control/install/calc_odom/lib/python3.10/site-packages/calc_odom-0.0.0-py3.10.egg-info
[0.890s] running install_scripts
[0.904s] Installing cartographer_odom script to /home/tamir/autonomous_robot/autonomous_robot_control/install/calc_odom/lib/calc_odom
[0.904s] Installing encoder_odom script to /home/tamir/autonomous_robot/autonomous_robot_control/install/calc_odom/lib/calc_odom
[0.905s] writing list of installed files to '/home/tamir/autonomous_robot/autonomous_robot_control/build/calc_odom/install.log'
[0.927s] Invoked command in '/home/tamir/autonomous_robot/autonomous_robot_control/src/calc_odom' returned '0': PYTHONPATH=/home/tamir/autonomous_robot/autonomous_robot_control/build/calc_odom/prefix_override:/usr/lib/python3/dist-packages/colcon_core/task/python/colcon_distutils_commands:/home/tamir/autonomous_robot/autonomous_robot_control/install/calc_odom/lib/python3.10/site-packages:${PYTHONPATH} /usr/bin/python3 -W ignore:setup.py install is deprecated -W ignore:easy_install command is deprecated setup.py egg_info --egg-base ../../build/calc_odom build --build-base /home/tamir/autonomous_robot/autonomous_robot_control/build/calc_odom/build install --record /home/tamir/autonomous_robot/autonomous_robot_control/build/calc_odom/install.log --single-version-externally-managed install_data
