[0.015s] Invoking command in '/home/tamir/autonomous_robot/build/robot_common_interfaces': CMAKE_PREFIX_PATH=${CMAKE_PREFIX_PATH}:/home/tamir/ros2_ws/install/turtle_spawner:/home/tamir/ros2_ws/install/turtle_controller:/home/tamir/ros2_ws/install/my_py_pkg:/home/tamir/install/turtlebot3_gazebo:/home/tamir/install/turtle_spawner:/home/tamir/install/turtle_controller:/home/tamir/install/my_py_pkg:/opt/ros/humble /usr/bin/cmake --build /home/tamir/autonomous_robot/build/robot_common_interfaces -- -j12 -l12
[0.060s] [  9%] Built target robot_common_interfaces__rosidl_generator_c
[0.061s] [ 12%] Built target robot_common_interfaces__cpp
[0.069s] [ 12%] Built target ament_cmake_python_copy_robot_common_interfaces
[0.078s] [ 22%] Built target robot_common_interfaces__rosidl_typesupport_fastrtps_c
[0.082s] [ 35%] Built target robot_common_interfaces__rosidl_typesupport_c
[0.082s] [ 41%] Built target robot_common_interfaces__rosidl_typesupport_cpp
[0.083s] [ 51%] Built target robot_common_interfaces__rosidl_typesupport_introspection_cpp
[0.083s] [ 61%] Built target robot_common_interfaces__rosidl_typesupport_introspection_c
[0.084s] [ 70%] Built target robot_common_interfaces__rosidl_typesupport_fastrtps_cpp
[0.104s] [ 70%] Built target robot_common_interfaces
[0.121s] [ 74%] Built target robot_common_interfaces__py
[0.137s] [ 80%] Built target robot_common_interfaces__rosidl_generator_py
[0.154s] [ 87%] Built target robot_common_interfaces__rosidl_typesupport_c__pyext
[0.158s] [ 93%] Built target robot_common_interfaces__rosidl_typesupport_introspection_c__pyext
[0.162s] [100%] Built target robot_common_interfaces__rosidl_typesupport_fastrtps_c__pyext
[0.235s] running egg_info
[0.235s] writing robot_common_interfaces.egg-info/PKG-INFO
[0.236s] writing dependency_links to robot_common_interfaces.egg-info/dependency_links.txt
[0.236s] writing top-level names to robot_common_interfaces.egg-info/top_level.txt
[0.237s] reading manifest file 'robot_common_interfaces.egg-info/SOURCES.txt'
[0.237s] writing manifest file 'robot_common_interfaces.egg-info/SOURCES.txt'
[0.262s] [100%] Built target ament_cmake_python_build_robot_common_interfaces_egg
[0.271s] Invoked command in '/home/tamir/autonomous_robot/build/robot_common_interfaces' returned '0': CMAKE_PREFIX_PATH=${CMAKE_PREFIX_PATH}:/home/tamir/ros2_ws/install/turtle_spawner:/home/tamir/ros2_ws/install/turtle_controller:/home/tamir/ros2_ws/install/my_py_pkg:/home/tamir/install/turtlebot3_gazebo:/home/tamir/install/turtle_spawner:/home/tamir/install/turtle_controller:/home/tamir/install/my_py_pkg:/opt/ros/humble /usr/bin/cmake --build /home/tamir/autonomous_robot/build/robot_common_interfaces -- -j12 -l12
[0.327s] Invoking command in '/home/tamir/autonomous_robot/build/robot_common_interfaces': CMAKE_PREFIX_PATH=${CMAKE_PREFIX_PATH}:/home/tamir/ros2_ws/install/turtle_spawner:/home/tamir/ros2_ws/install/turtle_controller:/home/tamir/ros2_ws/install/my_py_pkg:/home/tamir/install/turtlebot3_gazebo:/home/tamir/install/turtle_spawner:/home/tamir/install/turtle_controller:/home/tamir/install/my_py_pkg:/opt/ros/humble /usr/bin/cmake --install /home/tamir/autonomous_robot/build/robot_common_interfaces
[0.335s] -- Install configuration: ""
[0.336s] -- Up-to-date: /home/tamir/autonomous_robot/install/robot_common_interfaces/share/ament_index/resource_index/rosidl_interfaces/robot_common_interfaces
[0.336s] -- Up-to-date: /home/tamir/autonomous_robot/install/robot_common_interfaces/include/robot_common_interfaces/robot_common_interfaces
[0.336s] -- Up-to-date: /home/tamir/autonomous_robot/install/robot_common_interfaces/include/robot_common_interfaces/robot_common_interfaces/msg
[0.336s] -- Up-to-date: /home/tamir/autonomous_robot/install/robot_common_interfaces/include/robot_common_interfaces/robot_common_interfaces/msg/rosidl_generator_c__visibility_control.h
[0.336s] -- Up-to-date: /home/tamir/autonomous_robot/install/robot_common_interfaces/include/robot_common_interfaces/robot_common_interfaces/msg/detail
[0.336s] -- Up-to-date: /home/tamir/autonomous_robot/install/robot_common_interfaces/include/robot_common_interfaces/robot_common_interfaces/msg/detail/ser_com_struct__type_support.h
[0.336s] -- Up-to-date: /home/tamir/autonomous_robot/install/robot_common_interfaces/include/robot_common_interfaces/robot_common_interfaces/msg/detail/ser_com_struct__struct.h
[0.336s] -- Up-to-date: /home/tamir/autonomous_robot/install/robot_common_interfaces/include/robot_common_interfaces/robot_common_interfaces/msg/detail/ser_com_struct__functions.c
[0.336s] -- Up-to-date: /home/tamir/autonomous_robot/install/robot_common_interfaces/include/robot_common_interfaces/robot_common_interfaces/msg/detail/ser_com_struct__functions.h
[0.336s] -- Up-to-date: /home/tamir/autonomous_robot/install/robot_common_interfaces/include/robot_common_interfaces/robot_common_interfaces/msg/ser_com_struct.h
[0.336s] -- Up-to-date: /home/tamir/autonomous_robot/install/robot_common_interfaces/share/robot_common_interfaces/environment/library_path.sh
[0.336s] -- Up-to-date: /home/tamir/autonomous_robot/install/robot_common_interfaces/share/robot_common_interfaces/environment/library_path.dsv
[0.336s] -- Up-to-date: /home/tamir/autonomous_robot/install/robot_common_interfaces/lib/librobot_common_interfaces__rosidl_generator_c.so
[0.336s] -- Up-to-date: /home/tamir/autonomous_robot/install/robot_common_interfaces/include/robot_common_interfaces/robot_common_interfaces
[0.336s] -- Up-to-date: /home/tamir/autonomous_robot/install/robot_common_interfaces/include/robot_common_interfaces/robot_common_interfaces/msg
[0.336s] -- Up-to-date: /home/tamir/autonomous_robot/install/robot_common_interfaces/include/robot_common_interfaces/robot_common_interfaces/msg/detail
[0.336s] -- Up-to-date: /home/tamir/autonomous_robot/install/robot_common_interfaces/include/robot_common_interfaces/robot_common_interfaces/msg/detail/ser_com_struct__rosidl_typesupport_fastrtps_c.h
[0.336s] -- Up-to-date: /home/tamir/autonomous_robot/install/robot_common_interfaces/include/robot_common_interfaces/robot_common_interfaces/msg/rosidl_typesupport_fastrtps_c__visibility_control.h
[0.336s] -- Up-to-date: /home/tamir/autonomous_robot/install/robot_common_interfaces/lib/librobot_common_interfaces__rosidl_typesupport_fastrtps_c.so
[0.336s] -- Up-to-date: /home/tamir/autonomous_robot/install/robot_common_interfaces/include/robot_common_interfaces/robot_common_interfaces
[0.336s] -- Up-to-date: /home/tamir/autonomous_robot/install/robot_common_interfaces/include/robot_common_interfaces/robot_common_interfaces/msg
[0.336s] -- Up-to-date: /home/tamir/autonomous_robot/install/robot_common_interfaces/include/robot_common_interfaces/robot_common_interfaces/msg/detail
[0.337s] -- Up-to-date: /home/tamir/autonomous_robot/install/robot_common_interfaces/include/robot_common_interfaces/robot_common_interfaces/msg/detail/ser_com_struct__type_support.c
[0.337s] -- Up-to-date: /home/tamir/autonomous_robot/install/robot_common_interfaces/include/robot_common_interfaces/robot_common_interfaces/msg/detail/ser_com_struct__rosidl_typesupport_introspection_c.h
[0.337s] -- Up-to-date: /home/tamir/autonomous_robot/install/robot_common_interfaces/include/robot_common_interfaces/robot_common_interfaces/msg/rosidl_typesupport_introspection_c__visibility_control.h
[0.337s] -- Up-to-date: /home/tamir/autonomous_robot/install/robot_common_interfaces/lib/librobot_common_interfaces__rosidl_typesupport_introspection_c.so
[0.337s] -- Up-to-date: /home/tamir/autonomous_robot/install/robot_common_interfaces/lib/librobot_common_interfaces__rosidl_typesupport_c.so
[0.337s] -- Up-to-date: /home/tamir/autonomous_robot/install/robot_common_interfaces/include/robot_common_interfaces/robot_common_interfaces
[0.337s] -- Up-to-date: /home/tamir/autonomous_robot/install/robot_common_interfaces/include/robot_common_interfaces/robot_common_interfaces/msg
[0.337s] -- Up-to-date: /home/tamir/autonomous_robot/install/robot_common_interfaces/include/robot_common_interfaces/robot_common_interfaces/msg/ser_com_struct.hpp
[0.337s] -- Up-to-date: /home/tamir/autonomous_robot/install/robot_common_interfaces/include/robot_common_interfaces/robot_common_interfaces/msg/detail
[0.337s] -- Up-to-date: /home/tamir/autonomous_robot/install/robot_common_interfaces/include/robot_common_interfaces/robot_common_interfaces/msg/detail/ser_com_struct__struct.hpp
[0.337s] -- Up-to-date: /home/tamir/autonomous_robot/install/robot_common_interfaces/include/robot_common_interfaces/robot_common_interfaces/msg/detail/ser_com_struct__builder.hpp
[0.337s] -- Up-to-date: /home/tamir/autonomous_robot/install/robot_common_interfaces/include/robot_common_interfaces/robot_common_interfaces/msg/detail/ser_com_struct__traits.hpp
[0.337s] -- Up-to-date: /home/tamir/autonomous_robot/install/robot_common_interfaces/include/robot_common_interfaces/robot_common_interfaces
[0.337s] -- Up-to-date: /home/tamir/autonomous_robot/install/robot_common_interfaces/include/robot_common_interfaces/robot_common_interfaces/msg
[0.337s] -- Up-to-date: /home/tamir/autonomous_robot/install/robot_common_interfaces/include/robot_common_interfaces/robot_common_interfaces/msg/rosidl_typesupport_fastrtps_cpp__visibility_control.h
[0.337s] -- Up-to-date: /home/tamir/autonomous_robot/install/robot_common_interfaces/include/robot_common_interfaces/robot_common_interfaces/msg/detail
[0.337s] -- Up-to-date: /home/tamir/autonomous_robot/install/robot_common_interfaces/include/robot_common_interfaces/robot_common_interfaces/msg/detail/dds_fastrtps
[0.337s] -- Up-to-date: /home/tamir/autonomous_robot/install/robot_common_interfaces/include/robot_common_interfaces/robot_common_interfaces/msg/detail/ser_com_struct__rosidl_typesupport_fastrtps_cpp.hpp
[0.337s] -- Up-to-date: /home/tamir/autonomous_robot/install/robot_common_interfaces/lib/librobot_common_interfaces__rosidl_typesupport_fastrtps_cpp.so
[0.337s] -- Up-to-date: /home/tamir/autonomous_robot/install/robot_common_interfaces/include/robot_common_interfaces/robot_common_interfaces
[0.337s] -- Up-to-date: /home/tamir/autonomous_robot/install/robot_common_interfaces/include/robot_common_interfaces/robot_common_interfaces/msg
[0.337s] -- Up-to-date: /home/tamir/autonomous_robot/install/robot_common_interfaces/include/robot_common_interfaces/robot_common_interfaces/msg/detail
[0.337s] -- Up-to-date: /home/tamir/autonomous_robot/install/robot_common_interfaces/include/robot_common_interfaces/robot_common_interfaces/msg/detail/ser_com_struct__type_support.cpp
[0.337s] -- Up-to-date: /home/tamir/autonomous_robot/install/robot_common_interfaces/include/robot_common_interfaces/robot_common_interfaces/msg/detail/ser_com_struct__rosidl_typesupport_introspection_cpp.hpp
[0.337s] -- Up-to-date: /home/tamir/autonomous_robot/install/robot_common_interfaces/lib/librobot_common_interfaces__rosidl_typesupport_introspection_cpp.so
[0.337s] -- Up-to-date: /home/tamir/autonomous_robot/install/robot_common_interfaces/lib/librobot_common_interfaces__rosidl_typesupport_cpp.so
[0.337s] -- Up-to-date: /home/tamir/autonomous_robot/install/robot_common_interfaces/share/robot_common_interfaces/environment/pythonpath.sh
[0.338s] -- Up-to-date: /home/tamir/autonomous_robot/install/robot_common_interfaces/share/robot_common_interfaces/environment/pythonpath.dsv
[0.338s] -- Up-to-date: /home/tamir/autonomous_robot/install/robot_common_interfaces/local/lib/python3.10/dist-packages/robot_common_interfaces-0.0.0-py3.10.egg-info
[0.338s] -- Installing: /home/tamir/autonomous_robot/install/robot_common_interfaces/local/lib/python3.10/dist-packages/robot_common_interfaces-0.0.0-py3.10.egg-info/PKG-INFO
[0.338s] -- Installing: /home/tamir/autonomous_robot/install/robot_common_interfaces/local/lib/python3.10/dist-packages/robot_common_interfaces-0.0.0-py3.10.egg-info/dependency_links.txt
[0.338s] -- Installing: /home/tamir/autonomous_robot/install/robot_common_interfaces/local/lib/python3.10/dist-packages/robot_common_interfaces-0.0.0-py3.10.egg-info/top_level.txt
[0.338s] -- Installing: /home/tamir/autonomous_robot/install/robot_common_interfaces/local/lib/python3.10/dist-packages/robot_common_interfaces-0.0.0-py3.10.egg-info/SOURCES.txt
[0.338s] -- Up-to-date: /home/tamir/autonomous_robot/install/robot_common_interfaces/local/lib/python3.10/dist-packages/robot_common_interfaces
[0.338s] -- Up-to-date: /home/tamir/autonomous_robot/install/robot_common_interfaces/local/lib/python3.10/dist-packages/robot_common_interfaces/librobot_common_interfaces__rosidl_generator_py.so
[0.338s] -- Up-to-date: /home/tamir/autonomous_robot/install/robot_common_interfaces/local/lib/python3.10/dist-packages/robot_common_interfaces/msg
[0.338s] -- Up-to-date: /home/tamir/autonomous_robot/install/robot_common_interfaces/local/lib/python3.10/dist-packages/robot_common_interfaces/msg/_ser_com_struct.py
[0.338s] -- Up-to-date: /home/tamir/autonomous_robot/install/robot_common_interfaces/local/lib/python3.10/dist-packages/robot_common_interfaces/msg/_ser_com_struct_s.c
[0.338s] -- Up-to-date: /home/tamir/autonomous_robot/install/robot_common_interfaces/local/lib/python3.10/dist-packages/robot_common_interfaces/msg/__init__.py
[0.338s] -- Up-to-date: /home/tamir/autonomous_robot/install/robot_common_interfaces/local/lib/python3.10/dist-packages/robot_common_interfaces/robot_common_interfaces_s__rosidl_typesupport_introspection_c.cpython-310-x86_64-linux-gnu.so
[0.338s] -- Up-to-date: /home/tamir/autonomous_robot/install/robot_common_interfaces/local/lib/python3.10/dist-packages/robot_common_interfaces/__init__.py
[0.338s] -- Up-to-date: /home/tamir/autonomous_robot/install/robot_common_interfaces/local/lib/python3.10/dist-packages/robot_common_interfaces/_robot_common_interfaces_s.ep.rosidl_typesupport_introspection_c.c
[0.338s] -- Up-to-date: /home/tamir/autonomous_robot/install/robot_common_interfaces/local/lib/python3.10/dist-packages/robot_common_interfaces/_robot_common_interfaces_s.ep.rosidl_typesupport_fastrtps_c.c
[0.338s] -- Up-to-date: /home/tamir/autonomous_robot/install/robot_common_interfaces/local/lib/python3.10/dist-packages/robot_common_interfaces/robot_common_interfaces_s__rosidl_typesupport_c.cpython-310-x86_64-linux-gnu.so
[0.338s] -- Up-to-date: /home/tamir/autonomous_robot/install/robot_common_interfaces/local/lib/python3.10/dist-packages/robot_common_interfaces/robot_common_interfaces_s__rosidl_typesupport_fastrtps_c.cpython-310-x86_64-linux-gnu.so
[0.338s] -- Up-to-date: /home/tamir/autonomous_robot/install/robot_common_interfaces/local/lib/python3.10/dist-packages/robot_common_interfaces/_robot_common_interfaces_s.ep.rosidl_typesupport_c.c
[0.371s] Listing '/home/tamir/autonomous_robot/install/robot_common_interfaces/local/lib/python3.10/dist-packages/robot_common_interfaces'...
[0.371s] Listing '/home/tamir/autonomous_robot/install/robot_common_interfaces/local/lib/python3.10/dist-packages/robot_common_interfaces/msg'...
[0.371s] -- Up-to-date: /home/tamir/autonomous_robot/install/robot_common_interfaces/local/lib/python3.10/dist-packages/robot_common_interfaces/robot_common_interfaces_s__rosidl_typesupport_fastrtps_c.cpython-310-x86_64-linux-gnu.so
[0.371s] -- Up-to-date: /home/tamir/autonomous_robot/install/robot_common_interfaces/local/lib/python3.10/dist-packages/robot_common_interfaces/robot_common_interfaces_s__rosidl_typesupport_introspection_c.cpython-310-x86_64-linux-gnu.so
[0.371s] -- Up-to-date: /home/tamir/autonomous_robot/install/robot_common_interfaces/local/lib/python3.10/dist-packages/robot_common_interfaces/robot_common_interfaces_s__rosidl_typesupport_c.cpython-310-x86_64-linux-gnu.so
[0.371s] -- Up-to-date: /home/tamir/autonomous_robot/install/robot_common_interfaces/lib/librobot_common_interfaces__rosidl_generator_py.so
[0.371s] -- Up-to-date: /home/tamir/autonomous_robot/install/robot_common_interfaces/share/robot_common_interfaces/msg/SerComStruct.idl
[0.371s] -- Up-to-date: /home/tamir/autonomous_robot/install/robot_common_interfaces/share/robot_common_interfaces/msg/SerComStruct.msg
[0.371s] -- Up-to-date: /home/tamir/autonomous_robot/install/robot_common_interfaces/share/robot_common_interfaces/package.xml
[0.371s] -- Up-to-date: /home/tamir/autonomous_robot/install/robot_common_interfaces/share/ament_index/resource_index/package_run_dependencies/robot_common_interfaces
[0.371s] -- Up-to-date: /home/tamir/autonomous_robot/install/robot_common_interfaces/share/ament_index/resource_index/parent_prefix_path/robot_common_interfaces
[0.372s] -- Up-to-date: /home/tamir/autonomous_robot/install/robot_common_interfaces/share/robot_common_interfaces/environment/ament_prefix_path.sh
[0.372s] -- Up-to-date: /home/tamir/autonomous_robot/install/robot_common_interfaces/share/robot_common_interfaces/environment/ament_prefix_path.dsv
[0.372s] -- Up-to-date: /home/tamir/autonomous_robot/install/robot_common_interfaces/share/robot_common_interfaces/environment/path.sh
[0.372s] -- Up-to-date: /home/tamir/autonomous_robot/install/robot_common_interfaces/share/robot_common_interfaces/environment/path.dsv
[0.372s] -- Up-to-date: /home/tamir/autonomous_robot/install/robot_common_interfaces/share/robot_common_interfaces/local_setup.bash
[0.372s] -- Up-to-date: /home/tamir/autonomous_robot/install/robot_common_interfaces/share/robot_common_interfaces/local_setup.sh
[0.372s] -- Up-to-date: /home/tamir/autonomous_robot/install/robot_common_interfaces/share/robot_common_interfaces/local_setup.zsh
[0.372s] -- Up-to-date: /home/tamir/autonomous_robot/install/robot_common_interfaces/share/robot_common_interfaces/local_setup.dsv
[0.372s] -- Installing: /home/tamir/autonomous_robot/install/robot_common_interfaces/share/robot_common_interfaces/package.dsv
[0.373s] -- Up-to-date: /home/tamir/autonomous_robot/install/robot_common_interfaces/share/ament_index/resource_index/packages/robot_common_interfaces
[0.373s] -- Up-to-date: /home/tamir/autonomous_robot/install/robot_common_interfaces/share/robot_common_interfaces/cmake/export_robot_common_interfaces__rosidl_generator_cExport.cmake
[0.373s] -- Up-to-date: /home/tamir/autonomous_robot/install/robot_common_interfaces/share/robot_common_interfaces/cmake/export_robot_common_interfaces__rosidl_generator_cExport-noconfig.cmake
[0.373s] -- Up-to-date: /home/tamir/autonomous_robot/install/robot_common_interfaces/share/robot_common_interfaces/cmake/export_robot_common_interfaces__rosidl_typesupport_fastrtps_cExport.cmake
[0.373s] -- Up-to-date: /home/tamir/autonomous_robot/install/robot_common_interfaces/share/robot_common_interfaces/cmake/export_robot_common_interfaces__rosidl_typesupport_fastrtps_cExport-noconfig.cmake
[0.373s] -- Up-to-date: /home/tamir/autonomous_robot/install/robot_common_interfaces/share/robot_common_interfaces/cmake/robot_common_interfaces__rosidl_typesupport_introspection_cExport.cmake
[0.373s] -- Up-to-date: /home/tamir/autonomous_robot/install/robot_common_interfaces/share/robot_common_interfaces/cmake/robot_common_interfaces__rosidl_typesupport_introspection_cExport-noconfig.cmake
[0.373s] -- Up-to-date: /home/tamir/autonomous_robot/install/robot_common_interfaces/share/robot_common_interfaces/cmake/robot_common_interfaces__rosidl_typesupport_cExport.cmake
[0.373s] -- Up-to-date: /home/tamir/autonomous_robot/install/robot_common_interfaces/share/robot_common_interfaces/cmake/robot_common_interfaces__rosidl_typesupport_cExport-noconfig.cmake
[0.374s] -- Up-to-date: /home/tamir/autonomous_robot/install/robot_common_interfaces/share/robot_common_interfaces/cmake/export_robot_common_interfaces__rosidl_generator_cppExport.cmake
[0.374s] -- Up-to-date: /home/tamir/autonomous_robot/install/robot_common_interfaces/share/robot_common_interfaces/cmake/export_robot_common_interfaces__rosidl_typesupport_fastrtps_cppExport.cmake
[0.374s] -- Up-to-date: /home/tamir/autonomous_robot/install/robot_common_interfaces/share/robot_common_interfaces/cmake/export_robot_common_interfaces__rosidl_typesupport_fastrtps_cppExport-noconfig.cmake
[0.374s] -- Up-to-date: /home/tamir/autonomous_robot/install/robot_common_interfaces/share/robot_common_interfaces/cmake/robot_common_interfaces__rosidl_typesupport_introspection_cppExport.cmake
[0.374s] -- Up-to-date: /home/tamir/autonomous_robot/install/robot_common_interfaces/share/robot_common_interfaces/cmake/robot_common_interfaces__rosidl_typesupport_introspection_cppExport-noconfig.cmake
[0.374s] -- Up-to-date: /home/tamir/autonomous_robot/install/robot_common_interfaces/share/robot_common_interfaces/cmake/robot_common_interfaces__rosidl_typesupport_cppExport.cmake
[0.374s] -- Up-to-date: /home/tamir/autonomous_robot/install/robot_common_interfaces/share/robot_common_interfaces/cmake/robot_common_interfaces__rosidl_typesupport_cppExport-noconfig.cmake
[0.374s] -- Up-to-date: /home/tamir/autonomous_robot/install/robot_common_interfaces/share/robot_common_interfaces/cmake/export_robot_common_interfaces__rosidl_generator_pyExport.cmake
[0.374s] -- Up-to-date: /home/tamir/autonomous_robot/install/robot_common_interfaces/share/robot_common_interfaces/cmake/export_robot_common_interfaces__rosidl_generator_pyExport-noconfig.cmake
[0.374s] -- Up-to-date: /home/tamir/autonomous_robot/install/robot_common_interfaces/share/robot_common_interfaces/cmake/rosidl_cmake-extras.cmake
[0.374s] -- Up-to-date: /home/tamir/autonomous_robot/install/robot_common_interfaces/share/robot_common_interfaces/cmake/ament_cmake_export_include_directories-extras.cmake
[0.374s] -- Up-to-date: /home/tamir/autonomous_robot/install/robot_common_interfaces/share/robot_common_interfaces/cmake/ament_cmake_export_libraries-extras.cmake
[0.374s] -- Up-to-date: /home/tamir/autonomous_robot/install/robot_common_interfaces/share/robot_common_interfaces/cmake/ament_cmake_export_targets-extras.cmake
[0.374s] -- Up-to-date: /home/tamir/autonomous_robot/install/robot_common_interfaces/share/robot_common_interfaces/cmake/rosidl_cmake_export_typesupport_targets-extras.cmake
[0.374s] -- Up-to-date: /home/tamir/autonomous_robot/install/robot_common_interfaces/share/robot_common_interfaces/cmake/ament_cmake_export_dependencies-extras.cmake
[0.374s] -- Up-to-date: /home/tamir/autonomous_robot/install/robot_common_interfaces/share/robot_common_interfaces/cmake/rosidl_cmake_export_typesupport_libraries-extras.cmake
[0.374s] -- Up-to-date: /home/tamir/autonomous_robot/install/robot_common_interfaces/share/robot_common_interfaces/cmake/robot_common_interfacesConfig.cmake
[0.374s] -- Up-to-date: /home/tamir/autonomous_robot/install/robot_common_interfaces/share/robot_common_interfaces/cmake/robot_common_interfacesConfig-version.cmake
[0.374s] -- Up-to-date: /home/tamir/autonomous_robot/install/robot_common_interfaces/share/robot_common_interfaces/package.xml
[0.375s] Invoked command in '/home/tamir/autonomous_robot/build/robot_common_interfaces' returned '0': CMAKE_PREFIX_PATH=${CMAKE_PREFIX_PATH}:/home/tamir/ros2_ws/install/turtle_spawner:/home/tamir/ros2_ws/install/turtle_controller:/home/tamir/ros2_ws/install/my_py_pkg:/home/tamir/install/turtlebot3_gazebo:/home/tamir/install/turtle_spawner:/home/tamir/install/turtle_controller:/home/tamir/install/my_py_pkg:/opt/ros/humble /usr/bin/cmake --install /home/tamir/autonomous_robot/build/robot_common_interfaces
