-- Found ament_cmake: 1.3.11 (/opt/ros/humble/share/ament_cmake/cmake)
-- Found rclcpp: 16.0.11 (/opt/ros/humble/share/rclcpp/cmake)
-- Found rosidl_generator_c: 3.1.6 (/opt/ros/humble/share/rosidl_generator_c/cmake)
-- Found rosidl_adapter: 3.1.6 (/opt/ros/humble/share/rosidl_adapter/cmake)
-- Found rosidl_generator_cpp: 3.1.6 (/opt/ros/humble/share/rosidl_generator_cpp/cmake)
-- Using all available rosidl_typesupport_c: rosidl_typesupport_fastrtps_c;rosidl_typesupport_introspection_c
-- Using all available rosidl_typesupport_cpp: rosidl_typesupport_fastrtps_cpp;rosidl_typesupport_introspection_cpp
-- Found rmw_implementation_cmake: 6.1.2 (/opt/ros/humble/share/rmw_implementation_cmake/cmake)
-- Found rmw_cyclonedds_cpp: 1.3.4 (/opt/ros/humble/share/rmw_cyclonedds_cpp/cmake)
-- Using RMW implementation 'rmw_cyclonedds_cpp' as default
-- Found sensor_msgs: 4.2.4 (/opt/ros/humble/share/sensor_msgs/cmake)
-- Found nav_msgs: 4.2.4 (/opt/ros/humble/share/nav_msgs/cmake)
-- Found tf2: 0.25.11 (/opt/ros/humble/share/tf2/cmake)
-- Configuring done
-- Generating done
-- Build files have been written to: /home/tamir/autonomous_robot/sensors_package/src/build/mpu6050driver
[35m[1mConsolidate compiler generated dependencies of target mpu6050driver[0m
[ 20%] [32mBuilding CXX object CMakeFiles/imu_odom.dir/src/imu_odom.cpp.o[0m
[ 40%] [32mBuilding CXX object CMakeFiles/mpu6050driver.dir/src/mpu6050sensor.cpp.o[0m
[ 60%] [32mBuilding CXX object CMakeFiles/mpu6050driver.dir/src/mpu6050driver.cpp.o[0m
[ 80%] [32m[1mLinking CXX executable mpu6050driver[0m
[ 80%] Built target mpu6050driver
[100%] [32m[1mLinking CXX executable imu_odom[0m
[100%] Built target imu_odom
-- Install configuration: ""
-- Installing: /home/tamir/autonomous_robot/sensors_package/src/install/mpu6050driver/lib/mpu6050driver/imu_odom
-- Set runtime path of "/home/tamir/autonomous_robot/sensors_package/src/install/mpu6050driver/lib/mpu6050driver/imu_odom" to ""
-- Installing: /home/tamir/autonomous_robot/sensors_package/src/install/mpu6050driver/lib/mpu6050driver/mpu6050driver
-- Set runtime path of "/home/tamir/autonomous_robot/sensors_package/src/install/mpu6050driver/lib/mpu6050driver/mpu6050driver" to ""
-- Up-to-date: /home/tamir/autonomous_robot/sensors_package/src/install/mpu6050driver/share/mpu6050driver//launch
-- Up-to-date: /home/tamir/autonomous_robot/sensors_package/src/install/mpu6050driver/share/mpu6050driver//launch/mpu6050driver_launch.py
-- Up-to-date: /home/tamir/autonomous_robot/sensors_package/src/install/mpu6050driver/share/mpu6050driver//params
-- Up-to-date: /home/tamir/autonomous_robot/sensors_package/src/install/mpu6050driver/share/mpu6050driver//params/mpu6050.yaml
-- Installing: /home/tamir/autonomous_robot/sensors_package/src/install/mpu6050driver/include
-- Installing: /home/tamir/autonomous_robot/sensors_package/src/install/mpu6050driver/include/mpu6050driver
-- Installing: /home/tamir/autonomous_robot/sensors_package/src/install/mpu6050driver/include/mpu6050driver/mpu6050sensor.h
-- Installing: /home/tamir/autonomous_robot/sensors_package/src/install/mpu6050driver/include/mpu6050driver/mpu6050driver.h
-- Installing: /home/tamir/autonomous_robot/sensors_package/src/install/mpu6050driver/share/ament_index/resource_index/package_run_dependencies/mpu6050driver
-- Installing: /home/tamir/autonomous_robot/sensors_package/src/install/mpu6050driver/share/ament_index/resource_index/parent_prefix_path/mpu6050driver
-- Installing: /home/tamir/autonomous_robot/sensors_package/src/install/mpu6050driver/share/mpu6050driver/environment/ament_prefix_path.sh
-- Installing: /home/tamir/autonomous_robot/sensors_package/src/install/mpu6050driver/share/mpu6050driver/environment/ament_prefix_path.dsv
-- Installing: /home/tamir/autonomous_robot/sensors_package/src/install/mpu6050driver/share/mpu6050driver/environment/path.sh
-- Installing: /home/tamir/autonomous_robot/sensors_package/src/install/mpu6050driver/share/mpu6050driver/environment/path.dsv
-- Up-to-date: /home/tamir/autonomous_robot/sensors_package/src/install/mpu6050driver/share/mpu6050driver/local_setup.bash
-- Up-to-date: /home/tamir/autonomous_robot/sensors_package/src/install/mpu6050driver/share/mpu6050driver/local_setup.sh
-- Up-to-date: /home/tamir/autonomous_robot/sensors_package/src/install/mpu6050driver/share/mpu6050driver/local_setup.zsh
-- Installing: /home/tamir/autonomous_robot/sensors_package/src/install/mpu6050driver/share/mpu6050driver/local_setup.dsv
-- Installing: /home/tamir/autonomous_robot/sensors_package/src/install/mpu6050driver/share/mpu6050driver/package.dsv
-- Up-to-date: /home/tamir/autonomous_robot/sensors_package/src/install/mpu6050driver/share/ament_index/resource_index/packages/mpu6050driver
-- Installing: /home/tamir/autonomous_robot/sensors_package/src/install/mpu6050driver/share/mpu6050driver/cmake/mpu6050driverConfig.cmake
-- Installing: /home/tamir/autonomous_robot/sensors_package/src/install/mpu6050driver/share/mpu6050driver/cmake/mpu6050driverConfig-version.cmake
-- Installing: /home/tamir/autonomous_robot/sensors_package/src/install/mpu6050driver/share/mpu6050driver/package.xml
