-- Found ament_cmake: 1.3.11 (/opt/ros/humble/share/ament_cmake/cmake)
-- Found std_msgs: 4.2.4 (/opt/ros/humble/share/std_msgs/cmake)
-- Found rosidl_generator_c: 3.1.6 (/opt/ros/humble/share/rosidl_generator_c/cmake)
-- Found rosidl_adapter: 3.1.6 (/opt/ros/humble/share/rosidl_adapter/cmake)
-- Found rosidl_generator_cpp: 3.1.6 (/opt/ros/humble/share/rosidl_generator_cpp/cmake)
-- Using all available rosidl_typesupport_c: rosidl_typesupport_fastrtps_c;rosidl_typesupport_introspection_c
-- Using all available rosidl_typesupport_cpp: rosidl_typesupport_fastrtps_cpp;rosidl_typesupport_introspection_cpp
-- Found sensor_msgs: 4.2.4 (/opt/ros/humble/share/sensor_msgs/cmake)
-- Found rosidl_default_generators: 1.2.0 (/opt/ros/humble/share/rosidl_default_generators/cmake)
-- Found ament_lint_auto: 0.12.11 (/opt/ros/humble/share/ament_lint_auto/cmake)
-- Found ament_cmake_ros: 0.10.0 (/opt/ros/humble/share/ament_cmake_ros/cmake)
-- Using all available rosidl_typesupport_c: rosidl_typesupport_fastrtps_c;rosidl_typesupport_introspection_c
-- Using all available rosidl_typesupport_cpp: rosidl_typesupport_fastrtps_cpp;rosidl_typesupport_introspection_cpp
-- Found python_cmake_module: 0.10.0 (/opt/ros/humble/share/python_cmake_module/cmake)
-- Using PYTHON_EXECUTABLE: /usr/bin/python3
-- Using PYTHON_INCLUDE_DIRS: /usr/include/python3.10
-- Using PYTHON_LIBRARIES: /usr/lib/x86_64-linux-gnu/libpython3.10.so
-- Added test 'copyright' to check source files copyright and LICENSE
-- Added test 'lint_cmake' to check CMake code style
-- Added test 'xmllint' to check XML markup files
-- Configuring done
-- Generating done
-- Build files have been written to: /home/tamir/autonomous_robot/sensors_package/src/build/lslidar_msgs
[  1%] [34m[1mGenerating C code for ROS interfaces[0m
[  1%] [34m[1mGenerating C++ code for ROS interfaces[0m
[  1%] Built target ament_cmake_python_copy_lslidar_msgs
running egg_info
writing lslidar_msgs.egg-info/PKG-INFO
writing dependency_links to lslidar_msgs.egg-info/dependency_links.txt
writing top-level names to lslidar_msgs.egg-info/top_level.txt
reading manifest file 'lslidar_msgs.egg-info/SOURCES.txt'
writing manifest file 'lslidar_msgs.egg-info/SOURCES.txt'
[  1%] Built target ament_cmake_python_build_lslidar_msgs_egg
[  1%] Built target lslidar_msgs__cpp
[  2%] [34m[1mGenerating C++ type support for eProsima Fast-RTPS[0m
[  2%] [34m[1mGenerating C++ type support dispatch for ROS interfaces[0m
[  3%] [34m[1mGenerating C++ introspection for ROS interfaces[0m
[35m[1mConsolidate compiler generated dependencies of target lslidar_msgs__rosidl_generator_c[0m
[  4%] [32mBuilding C object CMakeFiles/lslidar_msgs__rosidl_generator_c.dir/rosidl_generator_c/lslidar_msgs/msg/detail/lslidar_point__functions.c.o[0m
[  6%] [32mBuilding C object CMakeFiles/lslidar_msgs__rosidl_generator_c.dir/rosidl_generator_c/lslidar_msgs/srv/detail/data_ip__functions.c.o[0m
[  6%] [32mBuilding C object CMakeFiles/lslidar_msgs__rosidl_generator_c.dir/rosidl_generator_c/lslidar_msgs/srv/detail/data_port__functions.c.o[0m
[  7%] [32mBuilding C object CMakeFiles/lslidar_msgs__rosidl_generator_c.dir/rosidl_generator_c/lslidar_msgs/msg/detail/lslidar_scan__functions.c.o[0m
[  8%] [32mBuilding C object CMakeFiles/lslidar_msgs__rosidl_generator_c.dir/rosidl_generator_c/lslidar_msgs/msg/detail/lslidar_packet__functions.c.o[0m
[  9%] [32mBuilding C object CMakeFiles/lslidar_msgs__rosidl_generator_c.dir/rosidl_generator_c/lslidar_msgs/srv/detail/destination_ip__functions.c.o[0m
[ 10%] [32mBuilding C object CMakeFiles/lslidar_msgs__rosidl_generator_c.dir/rosidl_generator_c/lslidar_msgs/srv/detail/dev_port__functions.c.o[0m
[ 11%] [32mBuilding C object CMakeFiles/lslidar_msgs__rosidl_generator_c.dir/rosidl_generator_c/lslidar_msgs/srv/detail/motor_control__functions.c.o[0m
[ 11%] [32mBuilding C object CMakeFiles/lslidar_msgs__rosidl_generator_c.dir/rosidl_generator_c/lslidar_msgs/srv/detail/lslidar_control__functions.c.o[0m
[ 12%] [32mBuilding C object CMakeFiles/lslidar_msgs__rosidl_generator_c.dir/rosidl_generator_c/lslidar_msgs/srv/detail/motor_speed__functions.c.o[0m
[ 13%] [32mBuilding C object CMakeFiles/lslidar_msgs__rosidl_generator_c.dir/rosidl_generator_c/lslidar_msgs/srv/detail/time_service__functions.c.o[0m
[ 14%] [32m[1mLinking C shared library liblslidar_msgs__rosidl_generator_c.so[0m
[35m[1mConsolidate compiler generated dependencies of target lslidar_msgs__rosidl_typesupport_cpp[0m
[ 14%] Built target lslidar_msgs__rosidl_generator_c
[ 15%] [32mBuilding CXX object CMakeFiles/lslidar_msgs__rosidl_typesupport_cpp.dir/rosidl_typesupport_cpp/lslidar_msgs/msg/lslidar_packet__type_support.cpp.o[0m
[ 16%] [32mBuilding CXX object CMakeFiles/lslidar_msgs__rosidl_typesupport_cpp.dir/rosidl_typesupport_cpp/lslidar_msgs/msg/lslidar_point__type_support.cpp.o[0m
[ 17%] [32mBuilding CXX object CMakeFiles/lslidar_msgs__rosidl_typesupport_cpp.dir/rosidl_typesupport_cpp/lslidar_msgs/msg/lslidar_scan__type_support.cpp.o[0m
[ 18%] [34m[1mGenerating C type support for eProsima Fast-RTPS[0m
[ 19%] [32mBuilding CXX object CMakeFiles/lslidar_msgs__rosidl_typesupport_cpp.dir/rosidl_typesupport_cpp/lslidar_msgs/srv/data_port__type_support.cpp.o[0m
[ 20%] [32mBuilding CXX object CMakeFiles/lslidar_msgs__rosidl_typesupport_cpp.dir/rosidl_typesupport_cpp/lslidar_msgs/srv/data_ip__type_support.cpp.o[0m
[ 21%] [34m[1mGenerating C type support dispatch for ROS interfaces[0m
[ 22%] [34m[1mGenerating C introspection for ROS interfaces[0m
[ 23%] [32mBuilding CXX object CMakeFiles/lslidar_msgs__rosidl_typesupport_cpp.dir/rosidl_typesupport_cpp/lslidar_msgs/srv/destination_ip__type_support.cpp.o[0m
[ 24%] [32mBuilding CXX object CMakeFiles/lslidar_msgs__rosidl_typesupport_cpp.dir/rosidl_typesupport_cpp/lslidar_msgs/srv/dev_port__type_support.cpp.o[0m
[ 24%] [32mBuilding CXX object CMakeFiles/lslidar_msgs__rosidl_typesupport_cpp.dir/rosidl_typesupport_cpp/lslidar_msgs/srv/lslidar_control__type_support.cpp.o[0m
[ 25%] [32mBuilding CXX object CMakeFiles/lslidar_msgs__rosidl_typesupport_cpp.dir/rosidl_typesupport_cpp/lslidar_msgs/srv/motor_control__type_support.cpp.o[0m
[ 26%] [32mBuilding CXX object CMakeFiles/lslidar_msgs__rosidl_typesupport_cpp.dir/rosidl_typesupport_cpp/lslidar_msgs/srv/motor_speed__type_support.cpp.o[0m
[35m[1mConsolidate compiler generated dependencies of target lslidar_msgs__rosidl_typesupport_introspection_cpp[0m
[ 27%] [32mBuilding CXX object CMakeFiles/lslidar_msgs__rosidl_typesupport_introspection_cpp.dir/rosidl_typesupport_introspection_cpp/lslidar_msgs/msg/detail/lslidar_packet__type_support.cpp.o[0m
[ 27%] [32mBuilding CXX object CMakeFiles/lslidar_msgs__rosidl_typesupport_introspection_cpp.dir/rosidl_typesupport_introspection_cpp/lslidar_msgs/msg/detail/lslidar_point__type_support.cpp.o[0m
[ 28%] [32mBuilding CXX object CMakeFiles/lslidar_msgs__rosidl_typesupport_introspection_cpp.dir/rosidl_typesupport_introspection_cpp/lslidar_msgs/msg/detail/lslidar_scan__type_support.cpp.o[0m
[ 29%] [32mBuilding CXX object CMakeFiles/lslidar_msgs__rosidl_typesupport_introspection_cpp.dir/rosidl_typesupport_introspection_cpp/lslidar_msgs/srv/detail/data_ip__type_support.cpp.o[0m
[ 30%] [32mBuilding CXX object CMakeFiles/lslidar_msgs__rosidl_typesupport_cpp.dir/rosidl_typesupport_cpp/lslidar_msgs/srv/time_service__type_support.cpp.o[0m
[ 31%] [32mBuilding CXX object CMakeFiles/lslidar_msgs__rosidl_typesupport_introspection_cpp.dir/rosidl_typesupport_introspection_cpp/lslidar_msgs/srv/detail/destination_ip__type_support.cpp.o[0m
[ 32%] [32mBuilding CXX object CMakeFiles/lslidar_msgs__rosidl_typesupport_introspection_cpp.dir/rosidl_typesupport_introspection_cpp/lslidar_msgs/srv/detail/data_port__type_support.cpp.o[0m
[ 33%] [32mBuilding CXX object CMakeFiles/lslidar_msgs__rosidl_typesupport_introspection_cpp.dir/rosidl_typesupport_introspection_cpp/lslidar_msgs/srv/detail/dev_port__type_support.cpp.o[0m
[ 34%] [32mBuilding CXX object CMakeFiles/lslidar_msgs__rosidl_typesupport_introspection_cpp.dir/rosidl_typesupport_introspection_cpp/lslidar_msgs/srv/detail/lslidar_control__type_support.cpp.o[0m
[35m[1mConsolidate compiler generated dependencies of target lslidar_msgs__rosidl_typesupport_fastrtps_cpp[0m
[ 35%] [32m[1mLinking CXX shared library liblslidar_msgs__rosidl_typesupport_cpp.so[0m
[ 36%] [32mBuilding CXX object CMakeFiles/lslidar_msgs__rosidl_typesupport_introspection_cpp.dir/rosidl_typesupport_introspection_cpp/lslidar_msgs/srv/detail/motor_control__type_support.cpp.o[0m
[ 37%] [32mBuilding CXX object CMakeFiles/lslidar_msgs__rosidl_typesupport_fastrtps_cpp.dir/rosidl_typesupport_fastrtps_cpp/lslidar_msgs/msg/detail/dds_fastrtps/lslidar_packet__type_support.cpp.o[0m
[ 38%] [32mBuilding CXX object CMakeFiles/lslidar_msgs__rosidl_typesupport_fastrtps_cpp.dir/rosidl_typesupport_fastrtps_cpp/lslidar_msgs/msg/detail/dds_fastrtps/lslidar_point__type_support.cpp.o[0m
[35m[1mConsolidate compiler generated dependencies of target lslidar_msgs__rosidl_typesupport_c[0m
[ 38%] Built target lslidar_msgs__rosidl_typesupport_cpp
[ 39%] [32mBuilding CXX object CMakeFiles/lslidar_msgs__rosidl_typesupport_c.dir/rosidl_typesupport_c/lslidar_msgs/msg/lslidar_packet__type_support.cpp.o[0m
[ 40%] [32mBuilding CXX object CMakeFiles/lslidar_msgs__rosidl_typesupport_c.dir/rosidl_typesupport_c/lslidar_msgs/msg/lslidar_point__type_support.cpp.o[0m
[ 41%] [32mBuilding CXX object CMakeFiles/lslidar_msgs__rosidl_typesupport_fastrtps_cpp.dir/rosidl_typesupport_fastrtps_cpp/lslidar_msgs/msg/detail/dds_fastrtps/lslidar_scan__type_support.cpp.o[0m
[ 41%] [32mBuilding CXX object CMakeFiles/lslidar_msgs__rosidl_typesupport_c.dir/rosidl_typesupport_c/lslidar_msgs/msg/lslidar_scan__type_support.cpp.o[0m
[ 42%] [32mBuilding CXX object CMakeFiles/lslidar_msgs__rosidl_typesupport_introspection_cpp.dir/rosidl_typesupport_introspection_cpp/lslidar_msgs/srv/detail/motor_speed__type_support.cpp.o[0m
[ 43%] [32mBuilding CXX object CMakeFiles/lslidar_msgs__rosidl_typesupport_fastrtps_cpp.dir/rosidl_typesupport_fastrtps_cpp/lslidar_msgs/srv/detail/dds_fastrtps/data_ip__type_support.cpp.o[0m
[ 44%] [32mBuilding CXX object CMakeFiles/lslidar_msgs__rosidl_typesupport_c.dir/rosidl_typesupport_c/lslidar_msgs/srv/data_ip__type_support.cpp.o[0m
[ 45%] [32mBuilding CXX object CMakeFiles/lslidar_msgs__rosidl_typesupport_c.dir/rosidl_typesupport_c/lslidar_msgs/srv/data_port__type_support.cpp.o[0m
[ 46%] [32mBuilding CXX object CMakeFiles/lslidar_msgs__rosidl_typesupport_introspection_cpp.dir/rosidl_typesupport_introspection_cpp/lslidar_msgs/srv/detail/time_service__type_support.cpp.o[0m
[ 47%] [32mBuilding CXX object CMakeFiles/lslidar_msgs__rosidl_typesupport_c.dir/rosidl_typesupport_c/lslidar_msgs/srv/destination_ip__type_support.cpp.o[0m
[ 48%] [32mBuilding CXX object CMakeFiles/lslidar_msgs__rosidl_typesupport_c.dir/rosidl_typesupport_c/lslidar_msgs/srv/dev_port__type_support.cpp.o[0m
[ 49%] [32mBuilding CXX object CMakeFiles/lslidar_msgs__rosidl_typesupport_c.dir/rosidl_typesupport_c/lslidar_msgs/srv/lslidar_control__type_support.cpp.o[0m
[ 50%] [32mBuilding CXX object CMakeFiles/lslidar_msgs__rosidl_typesupport_fastrtps_cpp.dir/rosidl_typesupport_fastrtps_cpp/lslidar_msgs/srv/detail/dds_fastrtps/data_port__type_support.cpp.o[0m
[ 51%] [32mBuilding CXX object CMakeFiles/lslidar_msgs__rosidl_typesupport_c.dir/rosidl_typesupport_c/lslidar_msgs/srv/motor_control__type_support.cpp.o[0m
[ 52%] [32mBuilding CXX object CMakeFiles/lslidar_msgs__rosidl_typesupport_fastrtps_cpp.dir/rosidl_typesupport_fastrtps_cpp/lslidar_msgs/srv/detail/dds_fastrtps/destination_ip__type_support.cpp.o[0m
[ 53%] [32mBuilding CXX object CMakeFiles/lslidar_msgs__rosidl_typesupport_fastrtps_cpp.dir/rosidl_typesupport_fastrtps_cpp/lslidar_msgs/srv/detail/dds_fastrtps/dev_port__type_support.cpp.o[0m
[ 54%] [32mBuilding CXX object CMakeFiles/lslidar_msgs__rosidl_typesupport_c.dir/rosidl_typesupport_c/lslidar_msgs/srv/motor_speed__type_support.cpp.o[0m
[35m[1mConsolidate compiler generated dependencies of target lslidar_msgs__rosidl_typesupport_introspection_c[0m
[ 55%] [32mBuilding CXX object CMakeFiles/lslidar_msgs__rosidl_typesupport_c.dir/rosidl_typesupport_c/lslidar_msgs/srv/time_service__type_support.cpp.o[0m
[ 56%] [32mBuilding C object CMakeFiles/lslidar_msgs__rosidl_typesupport_introspection_c.dir/rosidl_typesupport_introspection_c/lslidar_msgs/msg/detail/lslidar_packet__type_support.c.o[0m
[ 57%] [32m[1mLinking CXX shared library liblslidar_msgs__rosidl_typesupport_c.so[0m
[ 58%] [32mBuilding C object CMakeFiles/lslidar_msgs__rosidl_typesupport_introspection_c.dir/rosidl_typesupport_introspection_c/lslidar_msgs/msg/detail/lslidar_point__type_support.c.o[0m
[ 59%] [32mBuilding C object CMakeFiles/lslidar_msgs__rosidl_typesupport_introspection_c.dir/rosidl_typesupport_introspection_c/lslidar_msgs/msg/detail/lslidar_scan__type_support.c.o[0m
[ 60%] [32mBuilding CXX object CMakeFiles/lslidar_msgs__rosidl_typesupport_fastrtps_cpp.dir/rosidl_typesupport_fastrtps_cpp/lslidar_msgs/srv/detail/dds_fastrtps/lslidar_control__type_support.cpp.o[0m
[ 61%] [32mBuilding C object CMakeFiles/lslidar_msgs__rosidl_typesupport_introspection_c.dir/rosidl_typesupport_introspection_c/lslidar_msgs/srv/detail/data_ip__type_support.c.o[0m
[ 62%] [32mBuilding C object CMakeFiles/lslidar_msgs__rosidl_typesupport_introspection_c.dir/rosidl_typesupport_introspection_c/lslidar_msgs/srv/detail/data_port__type_support.c.o[0m
[ 63%] [32mBuilding CXX object CMakeFiles/lslidar_msgs__rosidl_typesupport_fastrtps_cpp.dir/rosidl_typesupport_fastrtps_cpp/lslidar_msgs/srv/detail/dds_fastrtps/motor_control__type_support.cpp.o[0m
[ 63%] Built target lslidar_msgs__rosidl_typesupport_c
[ 63%] [32mBuilding CXX object CMakeFiles/lslidar_msgs__rosidl_typesupport_fastrtps_cpp.dir/rosidl_typesupport_fastrtps_cpp/lslidar_msgs/srv/detail/dds_fastrtps/motor_speed__type_support.cpp.o[0m
[ 64%] [32mBuilding CXX object CMakeFiles/lslidar_msgs__rosidl_typesupport_fastrtps_cpp.dir/rosidl_typesupport_fastrtps_cpp/lslidar_msgs/srv/detail/dds_fastrtps/time_service__type_support.cpp.o[0m
[ 65%] [32mBuilding C object CMakeFiles/lslidar_msgs__rosidl_typesupport_introspection_c.dir/rosidl_typesupport_introspection_c/lslidar_msgs/srv/detail/destination_ip__type_support.c.o[0m
[ 65%] [32mBuilding C object CMakeFiles/lslidar_msgs__rosidl_typesupport_introspection_c.dir/rosidl_typesupport_introspection_c/lslidar_msgs/srv/detail/dev_port__type_support.c.o[0m
[ 66%] [32mBuilding C object CMakeFiles/lslidar_msgs__rosidl_typesupport_introspection_c.dir/rosidl_typesupport_introspection_c/lslidar_msgs/srv/detail/lslidar_control__type_support.c.o[0m
[ 67%] [32mBuilding C object CMakeFiles/lslidar_msgs__rosidl_typesupport_introspection_c.dir/rosidl_typesupport_introspection_c/lslidar_msgs/srv/detail/motor_control__type_support.c.o[0m
[ 68%] [32mBuilding C object CMakeFiles/lslidar_msgs__rosidl_typesupport_introspection_c.dir/rosidl_typesupport_introspection_c/lslidar_msgs/srv/detail/motor_speed__type_support.c.o[0m
[35m[1mConsolidate compiler generated dependencies of target lslidar_msgs__rosidl_typesupport_fastrtps_c[0m
[ 69%] [32m[1mLinking CXX shared library liblslidar_msgs__rosidl_typesupport_introspection_cpp.so[0m
[ 70%] [32mBuilding CXX object CMakeFiles/lslidar_msgs__rosidl_typesupport_fastrtps_c.dir/rosidl_typesupport_fastrtps_c/lslidar_msgs/msg/detail/lslidar_point__type_support_c.cpp.o[0m
[ 71%] [32mBuilding C object CMakeFiles/lslidar_msgs__rosidl_typesupport_introspection_c.dir/rosidl_typesupport_introspection_c/lslidar_msgs/srv/detail/time_service__type_support.c.o[0m
[ 72%] [32mBuilding CXX object CMakeFiles/lslidar_msgs__rosidl_typesupport_fastrtps_c.dir/rosidl_typesupport_fastrtps_c/lslidar_msgs/msg/detail/lslidar_packet__type_support_c.cpp.o[0m
[ 73%] [32mBuilding CXX object CMakeFiles/lslidar_msgs__rosidl_typesupport_fastrtps_c.dir/rosidl_typesupport_fastrtps_c/lslidar_msgs/msg/detail/lslidar_scan__type_support_c.cpp.o[0m
[ 74%] [32mBuilding CXX object CMakeFiles/lslidar_msgs__rosidl_typesupport_fastrtps_c.dir/rosidl_typesupport_fastrtps_c/lslidar_msgs/srv/detail/data_ip__type_support_c.cpp.o[0m
[ 75%] [32m[1mLinking C shared library liblslidar_msgs__rosidl_typesupport_introspection_c.so[0m
[ 75%] [32mBuilding CXX object CMakeFiles/lslidar_msgs__rosidl_typesupport_fastrtps_c.dir/rosidl_typesupport_fastrtps_c/lslidar_msgs/srv/detail/data_port__type_support_c.cpp.o[0m
[ 76%] [32mBuilding CXX object CMakeFiles/lslidar_msgs__rosidl_typesupport_fastrtps_c.dir/rosidl_typesupport_fastrtps_c/lslidar_msgs/srv/detail/destination_ip__type_support_c.cpp.o[0m
[ 76%] Built target lslidar_msgs__rosidl_typesupport_introspection_cpp
[ 76%] Built target lslidar_msgs__rosidl_typesupport_introspection_c
[ 77%] [32mBuilding CXX object CMakeFiles/lslidar_msgs__rosidl_typesupport_fastrtps_c.dir/rosidl_typesupport_fastrtps_c/lslidar_msgs/srv/detail/lslidar_control__type_support_c.cpp.o[0m
[ 78%] [32mBuilding CXX object CMakeFiles/lslidar_msgs__rosidl_typesupport_fastrtps_c.dir/rosidl_typesupport_fastrtps_c/lslidar_msgs/srv/detail/dev_port__type_support_c.cpp.o[0m
[ 79%] [32mBuilding CXX object CMakeFiles/lslidar_msgs__rosidl_typesupport_fastrtps_c.dir/rosidl_typesupport_fastrtps_c/lslidar_msgs/srv/detail/motor_control__type_support_c.cpp.o[0m
[ 80%] [32mBuilding CXX object CMakeFiles/lslidar_msgs__rosidl_typesupport_fastrtps_c.dir/rosidl_typesupport_fastrtps_c/lslidar_msgs/srv/detail/motor_speed__type_support_c.cpp.o[0m
[ 81%] [32mBuilding CXX object CMakeFiles/lslidar_msgs__rosidl_typesupport_fastrtps_c.dir/rosidl_typesupport_fastrtps_c/lslidar_msgs/srv/detail/time_service__type_support_c.cpp.o[0m
[ 82%] [32m[1mLinking CXX shared library liblslidar_msgs__rosidl_typesupport_fastrtps_cpp.so[0m
[ 82%] Built target lslidar_msgs__rosidl_typesupport_fastrtps_cpp
[ 83%] [32m[1mLinking CXX shared library liblslidar_msgs__rosidl_typesupport_fastrtps_c.so[0m
[ 83%] Built target lslidar_msgs__rosidl_typesupport_fastrtps_c
[ 83%] Built target lslidar_msgs
[ 84%] [34m[1mGenerating Python code for ROS interfaces[0m
[ 84%] Built target lslidar_msgs__py
[35m[1mConsolidate compiler generated dependencies of target lslidar_msgs__rosidl_generator_py[0m
[ 85%] [32mBuilding C object CMakeFiles/lslidar_msgs__rosidl_generator_py.dir/rosidl_generator_py/lslidar_msgs/srv/_data_port_s.c.o[0m
[ 87%] [32mBuilding C object CMakeFiles/lslidar_msgs__rosidl_generator_py.dir/rosidl_generator_py/lslidar_msgs/srv/_dev_port_s.c.o[0m
[ 87%] [32mBuilding C object CMakeFiles/lslidar_msgs__rosidl_generator_py.dir/rosidl_generator_py/lslidar_msgs/srv/_destination_ip_s.c.o[0m
[ 87%] [32mBuilding C object CMakeFiles/lslidar_msgs__rosidl_generator_py.dir/rosidl_generator_py/lslidar_msgs/srv/_data_ip_s.c.o[0m
[ 89%] [32mBuilding C object CMakeFiles/lslidar_msgs__rosidl_generator_py.dir/rosidl_generator_py/lslidar_msgs/srv/_motor_speed_s.c.o[0m
[ 90%] [32mBuilding C object CMakeFiles/lslidar_msgs__rosidl_generator_py.dir/rosidl_generator_py/lslidar_msgs/srv/_lslidar_control_s.c.o[0m
[ 91%] [32mBuilding C object CMakeFiles/lslidar_msgs__rosidl_generator_py.dir/rosidl_generator_py/lslidar_msgs/msg/_lslidar_point_s.c.o[0m
[ 93%] [32mBuilding C object CMakeFiles/lslidar_msgs__rosidl_generator_py.dir/rosidl_generator_py/lslidar_msgs/srv/_motor_control_s.c.o[0m
[ 93%] [32mBuilding C object CMakeFiles/lslidar_msgs__rosidl_generator_py.dir/rosidl_generator_py/lslidar_msgs/msg/_lslidar_packet_s.c.o[0m
[ 93%] [32mBuilding C object CMakeFiles/lslidar_msgs__rosidl_generator_py.dir/rosidl_generator_py/lslidar_msgs/msg/_lslidar_scan_s.c.o[0m
[ 94%] [32mBuilding C object CMakeFiles/lslidar_msgs__rosidl_generator_py.dir/rosidl_generator_py/lslidar_msgs/srv/_time_service_s.c.o[0m
[ 95%] [32m[1mLinking C shared library rosidl_generator_py/lslidar_msgs/liblslidar_msgs__rosidl_generator_py.so[0m
[ 95%] Built target lslidar_msgs__rosidl_generator_py
[35m[1mConsolidate compiler generated dependencies of target lslidar_msgs__rosidl_typesupport_fastrtps_c__pyext[0m
[35m[1mConsolidate compiler generated dependencies of target lslidar_msgs__rosidl_typesupport_introspection_c__pyext[0m
[35m[1mConsolidate compiler generated dependencies of target lslidar_msgs__rosidl_typesupport_c__pyext[0m
[ 95%] [32mBuilding C object CMakeFiles/lslidar_msgs__rosidl_typesupport_c__pyext.dir/rosidl_generator_py/lslidar_msgs/_lslidar_msgs_s.ep.rosidl_typesupport_c.c.o[0m
[ 96%] [32mBuilding C object CMakeFiles/lslidar_msgs__rosidl_typesupport_fastrtps_c__pyext.dir/rosidl_generator_py/lslidar_msgs/_lslidar_msgs_s.ep.rosidl_typesupport_fastrtps_c.c.o[0m
[ 97%] [32mBuilding C object CMakeFiles/lslidar_msgs__rosidl_typesupport_introspection_c__pyext.dir/rosidl_generator_py/lslidar_msgs/_lslidar_msgs_s.ep.rosidl_typesupport_introspection_c.c.o[0m
[ 98%] [32m[1mLinking C shared library rosidl_generator_py/lslidar_msgs/lslidar_msgs_s__rosidl_typesupport_c.cpython-310-x86_64-linux-gnu.so[0m
[ 99%] [32m[1mLinking C shared library rosidl_generator_py/lslidar_msgs/lslidar_msgs_s__rosidl_typesupport_introspection_c.cpython-310-x86_64-linux-gnu.so[0m
[100%] [32m[1mLinking C shared library rosidl_generator_py/lslidar_msgs/lslidar_msgs_s__rosidl_typesupport_fastrtps_c.cpython-310-x86_64-linux-gnu.so[0m
[100%] Built target lslidar_msgs__rosidl_typesupport_c__pyext
[100%] Built target lslidar_msgs__rosidl_typesupport_introspection_c__pyext
[100%] Built target lslidar_msgs__rosidl_typesupport_fastrtps_c__pyext
-- Install configuration: ""
-- Up-to-date: /home/tamir/autonomous_robot/sensors_package/src/install/lslidar_msgs/share/ament_index/resource_index/rosidl_interfaces/lslidar_msgs
-- Up-to-date: /home/tamir/autonomous_robot/sensors_package/src/install/lslidar_msgs/include/lslidar_msgs/lslidar_msgs
-- Up-to-date: /home/tamir/autonomous_robot/sensors_package/src/install/lslidar_msgs/include/lslidar_msgs/lslidar_msgs/msg
-- Up-to-date: /home/tamir/autonomous_robot/sensors_package/src/install/lslidar_msgs/include/lslidar_msgs/lslidar_msgs/msg/rosidl_generator_c__visibility_control.h
-- Up-to-date: /home/tamir/autonomous_robot/sensors_package/src/install/lslidar_msgs/include/lslidar_msgs/lslidar_msgs/msg/detail
-- Installing: /home/tamir/autonomous_robot/sensors_package/src/install/lslidar_msgs/include/lslidar_msgs/lslidar_msgs/msg/detail/lslidar_point__type_support.h
-- Installing: /home/tamir/autonomous_robot/sensors_package/src/install/lslidar_msgs/include/lslidar_msgs/lslidar_msgs/msg/detail/lslidar_scan__type_support.h
-- Installing: /home/tamir/autonomous_robot/sensors_package/src/install/lslidar_msgs/include/lslidar_msgs/lslidar_msgs/msg/detail/lslidar_point__functions.h
-- Installing: /home/tamir/autonomous_robot/sensors_package/src/install/lslidar_msgs/include/lslidar_msgs/lslidar_msgs/msg/detail/lslidar_scan__struct.h
-- Installing: /home/tamir/autonomous_robot/sensors_package/src/install/lslidar_msgs/include/lslidar_msgs/lslidar_msgs/msg/detail/lslidar_point__struct.h
-- Installing: /home/tamir/autonomous_robot/sensors_package/src/install/lslidar_msgs/include/lslidar_msgs/lslidar_msgs/msg/detail/lslidar_packet__functions.h
-- Installing: /home/tamir/autonomous_robot/sensors_package/src/install/lslidar_msgs/include/lslidar_msgs/lslidar_msgs/msg/detail/lslidar_packet__type_support.h
-- Installing: /home/tamir/autonomous_robot/sensors_package/src/install/lslidar_msgs/include/lslidar_msgs/lslidar_msgs/msg/detail/lslidar_packet__struct.h
-- Installing: /home/tamir/autonomous_robot/sensors_package/src/install/lslidar_msgs/include/lslidar_msgs/lslidar_msgs/msg/detail/lslidar_packet__functions.c
-- Installing: /home/tamir/autonomous_robot/sensors_package/src/install/lslidar_msgs/include/lslidar_msgs/lslidar_msgs/msg/detail/lslidar_scan__functions.c
-- Installing: /home/tamir/autonomous_robot/sensors_package/src/install/lslidar_msgs/include/lslidar_msgs/lslidar_msgs/msg/detail/lslidar_scan__functions.h
-- Installing: /home/tamir/autonomous_robot/sensors_package/src/install/lslidar_msgs/include/lslidar_msgs/lslidar_msgs/msg/detail/lslidar_point__functions.c
-- Installing: /home/tamir/autonomous_robot/sensors_package/src/install/lslidar_msgs/include/lslidar_msgs/lslidar_msgs/msg/lslidar_scan.h
-- Installing: /home/tamir/autonomous_robot/sensors_package/src/install/lslidar_msgs/include/lslidar_msgs/lslidar_msgs/msg/lslidar_packet.h
-- Installing: /home/tamir/autonomous_robot/sensors_package/src/install/lslidar_msgs/include/lslidar_msgs/lslidar_msgs/msg/lslidar_point.h
-- Up-to-date: /home/tamir/autonomous_robot/sensors_package/src/install/lslidar_msgs/include/lslidar_msgs/lslidar_msgs/srv
-- Installing: /home/tamir/autonomous_robot/sensors_package/src/install/lslidar_msgs/include/lslidar_msgs/lslidar_msgs/srv/motor_control.h
-- Installing: /home/tamir/autonomous_robot/sensors_package/src/install/lslidar_msgs/include/lslidar_msgs/lslidar_msgs/srv/time_service.h
-- Installing: /home/tamir/autonomous_robot/sensors_package/src/install/lslidar_msgs/include/lslidar_msgs/lslidar_msgs/srv/destination_ip.h
-- Up-to-date: /home/tamir/autonomous_robot/sensors_package/src/install/lslidar_msgs/include/lslidar_msgs/lslidar_msgs/srv/detail
-- Installing: /home/tamir/autonomous_robot/sensors_package/src/install/lslidar_msgs/include/lslidar_msgs/lslidar_msgs/srv/detail/motor_speed__functions.h
-- Installing: /home/tamir/autonomous_robot/sensors_package/src/install/lslidar_msgs/include/lslidar_msgs/lslidar_msgs/srv/detail/destination_ip__functions.c
-- Installing: /home/tamir/autonomous_robot/sensors_package/src/install/lslidar_msgs/include/lslidar_msgs/lslidar_msgs/srv/detail/destination_ip__type_support.h
-- Installing: /home/tamir/autonomous_robot/sensors_package/src/install/lslidar_msgs/include/lslidar_msgs/lslidar_msgs/srv/detail/dev_port__functions.c
-- Installing: /home/tamir/autonomous_robot/sensors_package/src/install/lslidar_msgs/include/lslidar_msgs/lslidar_msgs/srv/detail/lslidar_control__functions.h
-- Installing: /home/tamir/autonomous_robot/sensors_package/src/install/lslidar_msgs/include/lslidar_msgs/lslidar_msgs/srv/detail/motor_speed__functions.c
-- Installing: /home/tamir/autonomous_robot/sensors_package/src/install/lslidar_msgs/include/lslidar_msgs/lslidar_msgs/srv/detail/destination_ip__struct.h
-- Installing: /home/tamir/autonomous_robot/sensors_package/src/install/lslidar_msgs/include/lslidar_msgs/lslidar_msgs/srv/detail/data_port__type_support.h
-- Installing: /home/tamir/autonomous_robot/sensors_package/src/install/lslidar_msgs/include/lslidar_msgs/lslidar_msgs/srv/detail/motor_control__functions.c
-- Installing: /home/tamir/autonomous_robot/sensors_package/src/install/lslidar_msgs/include/lslidar_msgs/lslidar_msgs/srv/detail/time_service__struct.h
-- Installing: /home/tamir/autonomous_robot/sensors_package/src/install/lslidar_msgs/include/lslidar_msgs/lslidar_msgs/srv/detail/lslidar_control__struct.h
-- Installing: /home/tamir/autonomous_robot/sensors_package/src/install/lslidar_msgs/include/lslidar_msgs/lslidar_msgs/srv/detail/time_service__functions.c
-- Installing: /home/tamir/autonomous_robot/sensors_package/src/install/lslidar_msgs/include/lslidar_msgs/lslidar_msgs/srv/detail/motor_speed__type_support.h
-- Installing: /home/tamir/autonomous_robot/sensors_package/src/install/lslidar_msgs/include/lslidar_msgs/lslidar_msgs/srv/detail/motor_control__struct.h
-- Installing: /home/tamir/autonomous_robot/sensors_package/src/install/lslidar_msgs/include/lslidar_msgs/lslidar_msgs/srv/detail/time_service__type_support.h
-- Installing: /home/tamir/autonomous_robot/sensors_package/src/install/lslidar_msgs/include/lslidar_msgs/lslidar_msgs/srv/detail/data_port__struct.h
-- Installing: /home/tamir/autonomous_robot/sensors_package/src/install/lslidar_msgs/include/lslidar_msgs/lslidar_msgs/srv/detail/data_ip__functions.h
-- Installing: /home/tamir/autonomous_robot/sensors_package/src/install/lslidar_msgs/include/lslidar_msgs/lslidar_msgs/srv/detail/motor_speed__struct.h
-- Installing: /home/tamir/autonomous_robot/sensors_package/src/install/lslidar_msgs/include/lslidar_msgs/lslidar_msgs/srv/detail/lslidar_control__functions.c
-- Installing: /home/tamir/autonomous_robot/sensors_package/src/install/lslidar_msgs/include/lslidar_msgs/lslidar_msgs/srv/detail/data_ip__type_support.h
-- Installing: /home/tamir/autonomous_robot/sensors_package/src/install/lslidar_msgs/include/lslidar_msgs/lslidar_msgs/srv/detail/data_ip__functions.c
-- Installing: /home/tamir/autonomous_robot/sensors_package/src/install/lslidar_msgs/include/lslidar_msgs/lslidar_msgs/srv/detail/motor_control__functions.h
-- Installing: /home/tamir/autonomous_robot/sensors_package/src/install/lslidar_msgs/include/lslidar_msgs/lslidar_msgs/srv/detail/dev_port__struct.h
-- Installing: /home/tamir/autonomous_robot/sensors_package/src/install/lslidar_msgs/include/lslidar_msgs/lslidar_msgs/srv/detail/dev_port__type_support.h
-- Installing: /home/tamir/autonomous_robot/sensors_package/src/install/lslidar_msgs/include/lslidar_msgs/lslidar_msgs/srv/detail/time_service__functions.h
-- Installing: /home/tamir/autonomous_robot/sensors_package/src/install/lslidar_msgs/include/lslidar_msgs/lslidar_msgs/srv/detail/data_port__functions.h
-- Installing: /home/tamir/autonomous_robot/sensors_package/src/install/lslidar_msgs/include/lslidar_msgs/lslidar_msgs/srv/detail/destination_ip__functions.h
-- Installing: /home/tamir/autonomous_robot/sensors_package/src/install/lslidar_msgs/include/lslidar_msgs/lslidar_msgs/srv/detail/motor_control__type_support.h
-- Installing: /home/tamir/autonomous_robot/sensors_package/src/install/lslidar_msgs/include/lslidar_msgs/lslidar_msgs/srv/detail/lslidar_control__type_support.h
-- Installing: /home/tamir/autonomous_robot/sensors_package/src/install/lslidar_msgs/include/lslidar_msgs/lslidar_msgs/srv/detail/data_ip__struct.h
-- Installing: /home/tamir/autonomous_robot/sensors_package/src/install/lslidar_msgs/include/lslidar_msgs/lslidar_msgs/srv/detail/data_port__functions.c
-- Installing: /home/tamir/autonomous_robot/sensors_package/src/install/lslidar_msgs/include/lslidar_msgs/lslidar_msgs/srv/detail/dev_port__functions.h
-- Installing: /home/tamir/autonomous_robot/sensors_package/src/install/lslidar_msgs/include/lslidar_msgs/lslidar_msgs/srv/motor_speed.h
-- Installing: /home/tamir/autonomous_robot/sensors_package/src/install/lslidar_msgs/include/lslidar_msgs/lslidar_msgs/srv/data_port.h
-- Installing: /home/tamir/autonomous_robot/sensors_package/src/install/lslidar_msgs/include/lslidar_msgs/lslidar_msgs/srv/dev_port.h
-- Installing: /home/tamir/autonomous_robot/sensors_package/src/install/lslidar_msgs/include/lslidar_msgs/lslidar_msgs/srv/data_ip.h
-- Installing: /home/tamir/autonomous_robot/sensors_package/src/install/lslidar_msgs/include/lslidar_msgs/lslidar_msgs/srv/lslidar_control.h
-- Up-to-date: /home/tamir/autonomous_robot/sensors_package/src/install/lslidar_msgs/share/lslidar_msgs/environment/library_path.sh
-- Installing: /home/tamir/autonomous_robot/sensors_package/src/install/lslidar_msgs/share/lslidar_msgs/environment/library_path.dsv
-- Installing: /home/tamir/autonomous_robot/sensors_package/src/install/lslidar_msgs/lib/liblslidar_msgs__rosidl_generator_c.so
-- Set runtime path of "/home/tamir/autonomous_robot/sensors_package/src/install/lslidar_msgs/lib/liblslidar_msgs__rosidl_generator_c.so" to ""
-- Up-to-date: /home/tamir/autonomous_robot/sensors_package/src/install/lslidar_msgs/include/lslidar_msgs/lslidar_msgs
-- Up-to-date: /home/tamir/autonomous_robot/sensors_package/src/install/lslidar_msgs/include/lslidar_msgs/lslidar_msgs/msg
-- Up-to-date: /home/tamir/autonomous_robot/sensors_package/src/install/lslidar_msgs/include/lslidar_msgs/lslidar_msgs/msg/detail
-- Installing: /home/tamir/autonomous_robot/sensors_package/src/install/lslidar_msgs/include/lslidar_msgs/lslidar_msgs/msg/detail/lslidar_point__rosidl_typesupport_fastrtps_c.h
-- Installing: /home/tamir/autonomous_robot/sensors_package/src/install/lslidar_msgs/include/lslidar_msgs/lslidar_msgs/msg/detail/lslidar_scan__rosidl_typesupport_fastrtps_c.h
-- Installing: /home/tamir/autonomous_robot/sensors_package/src/install/lslidar_msgs/include/lslidar_msgs/lslidar_msgs/msg/detail/lslidar_packet__rosidl_typesupport_fastrtps_c.h
-- Up-to-date: /home/tamir/autonomous_robot/sensors_package/src/install/lslidar_msgs/include/lslidar_msgs/lslidar_msgs/msg/rosidl_typesupport_fastrtps_c__visibility_control.h
-- Up-to-date: /home/tamir/autonomous_robot/sensors_package/src/install/lslidar_msgs/include/lslidar_msgs/lslidar_msgs/srv
-- Up-to-date: /home/tamir/autonomous_robot/sensors_package/src/install/lslidar_msgs/include/lslidar_msgs/lslidar_msgs/srv/detail
-- Installing: /home/tamir/autonomous_robot/sensors_package/src/install/lslidar_msgs/include/lslidar_msgs/lslidar_msgs/srv/detail/destination_ip__rosidl_typesupport_fastrtps_c.h
-- Installing: /home/tamir/autonomous_robot/sensors_package/src/install/lslidar_msgs/include/lslidar_msgs/lslidar_msgs/srv/detail/lslidar_control__rosidl_typesupport_fastrtps_c.h
-- Installing: /home/tamir/autonomous_robot/sensors_package/src/install/lslidar_msgs/include/lslidar_msgs/lslidar_msgs/srv/detail/motor_speed__rosidl_typesupport_fastrtps_c.h
-- Installing: /home/tamir/autonomous_robot/sensors_package/src/install/lslidar_msgs/include/lslidar_msgs/lslidar_msgs/srv/detail/motor_control__rosidl_typesupport_fastrtps_c.h
-- Installing: /home/tamir/autonomous_robot/sensors_package/src/install/lslidar_msgs/include/lslidar_msgs/lslidar_msgs/srv/detail/dev_port__rosidl_typesupport_fastrtps_c.h
-- Installing: /home/tamir/autonomous_robot/sensors_package/src/install/lslidar_msgs/include/lslidar_msgs/lslidar_msgs/srv/detail/data_port__rosidl_typesupport_fastrtps_c.h
-- Installing: /home/tamir/autonomous_robot/sensors_package/src/install/lslidar_msgs/include/lslidar_msgs/lslidar_msgs/srv/detail/data_ip__rosidl_typesupport_fastrtps_c.h
-- Installing: /home/tamir/autonomous_robot/sensors_package/src/install/lslidar_msgs/include/lslidar_msgs/lslidar_msgs/srv/detail/time_service__rosidl_typesupport_fastrtps_c.h
-- Installing: /home/tamir/autonomous_robot/sensors_package/src/install/lslidar_msgs/lib/liblslidar_msgs__rosidl_typesupport_fastrtps_c.so
-- Set runtime path of "/home/tamir/autonomous_robot/sensors_package/src/install/lslidar_msgs/lib/liblslidar_msgs__rosidl_typesupport_fastrtps_c.so" to ""
-- Up-to-date: /home/tamir/autonomous_robot/sensors_package/src/install/lslidar_msgs/include/lslidar_msgs/lslidar_msgs
-- Up-to-date: /home/tamir/autonomous_robot/sensors_package/src/install/lslidar_msgs/include/lslidar_msgs/lslidar_msgs/msg
-- Up-to-date: /home/tamir/autonomous_robot/sensors_package/src/install/lslidar_msgs/include/lslidar_msgs/lslidar_msgs/msg/detail
-- Installing: /home/tamir/autonomous_robot/sensors_package/src/install/lslidar_msgs/include/lslidar_msgs/lslidar_msgs/msg/detail/lslidar_point__traits.hpp
-- Installing: /home/tamir/autonomous_robot/sensors_package/src/install/lslidar_msgs/include/lslidar_msgs/lslidar_msgs/msg/detail/lslidar_packet__builder.hpp
-- Installing: /home/tamir/autonomous_robot/sensors_package/src/install/lslidar_msgs/include/lslidar_msgs/lslidar_msgs/msg/detail/lslidar_packet__traits.hpp
-- Installing: /home/tamir/autonomous_robot/sensors_package/src/install/lslidar_msgs/include/lslidar_msgs/lslidar_msgs/msg/detail/lslidar_point__type_support.hpp
-- Installing: /home/tamir/autonomous_robot/sensors_package/src/install/lslidar_msgs/include/lslidar_msgs/lslidar_msgs/msg/detail/lslidar_point__builder.hpp
-- Installing: /home/tamir/autonomous_robot/sensors_package/src/install/lslidar_msgs/include/lslidar_msgs/lslidar_msgs/msg/detail/lslidar_scan__struct.hpp
-- Installing: /home/tamir/autonomous_robot/sensors_package/src/install/lslidar_msgs/include/lslidar_msgs/lslidar_msgs/msg/detail/lslidar_scan__builder.hpp
-- Installing: /home/tamir/autonomous_robot/sensors_package/src/install/lslidar_msgs/include/lslidar_msgs/lslidar_msgs/msg/detail/lslidar_point__struct.hpp
-- Installing: /home/tamir/autonomous_robot/sensors_package/src/install/lslidar_msgs/include/lslidar_msgs/lslidar_msgs/msg/detail/lslidar_scan__traits.hpp
-- Installing: /home/tamir/autonomous_robot/sensors_package/src/install/lslidar_msgs/include/lslidar_msgs/lslidar_msgs/msg/detail/lslidar_scan__type_support.hpp
-- Installing: /home/tamir/autonomous_robot/sensors_package/src/install/lslidar_msgs/include/lslidar_msgs/lslidar_msgs/msg/detail/lslidar_packet__struct.hpp
-- Installing: /home/tamir/autonomous_robot/sensors_package/src/install/lslidar_msgs/include/lslidar_msgs/lslidar_msgs/msg/detail/lslidar_packet__type_support.hpp
-- Installing: /home/tamir/autonomous_robot/sensors_package/src/install/lslidar_msgs/include/lslidar_msgs/lslidar_msgs/msg/lslidar_point.hpp
-- Installing: /home/tamir/autonomous_robot/sensors_package/src/install/lslidar_msgs/include/lslidar_msgs/lslidar_msgs/msg/lslidar_packet.hpp
-- Installing: /home/tamir/autonomous_robot/sensors_package/src/install/lslidar_msgs/include/lslidar_msgs/lslidar_msgs/msg/lslidar_scan.hpp
-- Installing: /home/tamir/autonomous_robot/sensors_package/src/install/lslidar_msgs/include/lslidar_msgs/lslidar_msgs/msg/rosidl_generator_cpp__visibility_control.hpp
-- Up-to-date: /home/tamir/autonomous_robot/sensors_package/src/install/lslidar_msgs/include/lslidar_msgs/lslidar_msgs/srv
-- Installing: /home/tamir/autonomous_robot/sensors_package/src/install/lslidar_msgs/include/lslidar_msgs/lslidar_msgs/srv/destination_ip.hpp
-- Installing: /home/tamir/autonomous_robot/sensors_package/src/install/lslidar_msgs/include/lslidar_msgs/lslidar_msgs/srv/motor_speed.hpp
-- Up-to-date: /home/tamir/autonomous_robot/sensors_package/src/install/lslidar_msgs/include/lslidar_msgs/lslidar_msgs/srv/detail
-- Installing: /home/tamir/autonomous_robot/sensors_package/src/install/lslidar_msgs/include/lslidar_msgs/lslidar_msgs/srv/detail/lslidar_control__struct.hpp
-- Installing: /home/tamir/autonomous_robot/sensors_package/src/install/lslidar_msgs/include/lslidar_msgs/lslidar_msgs/srv/detail/data_ip__type_support.hpp
-- Installing: /home/tamir/autonomous_robot/sensors_package/src/install/lslidar_msgs/include/lslidar_msgs/lslidar_msgs/srv/detail/motor_control__builder.hpp
-- Installing: /home/tamir/autonomous_robot/sensors_package/src/install/lslidar_msgs/include/lslidar_msgs/lslidar_msgs/srv/detail/dev_port__type_support.hpp
-- Installing: /home/tamir/autonomous_robot/sensors_package/src/install/lslidar_msgs/include/lslidar_msgs/lslidar_msgs/srv/detail/motor_control__type_support.hpp
-- Installing: /home/tamir/autonomous_robot/sensors_package/src/install/lslidar_msgs/include/lslidar_msgs/lslidar_msgs/srv/detail/motor_speed__traits.hpp
-- Installing: /home/tamir/autonomous_robot/sensors_package/src/install/lslidar_msgs/include/lslidar_msgs/lslidar_msgs/srv/detail/destination_ip__builder.hpp
-- Installing: /home/tamir/autonomous_robot/sensors_package/src/install/lslidar_msgs/include/lslidar_msgs/lslidar_msgs/srv/detail/destination_ip__type_support.hpp
-- Installing: /home/tamir/autonomous_robot/sensors_package/src/install/lslidar_msgs/include/lslidar_msgs/lslidar_msgs/srv/detail/destination_ip__struct.hpp
-- Installing: /home/tamir/autonomous_robot/sensors_package/src/install/lslidar_msgs/include/lslidar_msgs/lslidar_msgs/srv/detail/dev_port__builder.hpp
-- Installing: /home/tamir/autonomous_robot/sensors_package/src/install/lslidar_msgs/include/lslidar_msgs/lslidar_msgs/srv/detail/motor_control__struct.hpp
-- Installing: /home/tamir/autonomous_robot/sensors_package/src/install/lslidar_msgs/include/lslidar_msgs/lslidar_msgs/srv/detail/lslidar_control__builder.hpp
-- Installing: /home/tamir/autonomous_robot/sensors_package/src/install/lslidar_msgs/include/lslidar_msgs/lslidar_msgs/srv/detail/data_ip__traits.hpp
-- Installing: /home/tamir/autonomous_robot/sensors_package/src/install/lslidar_msgs/include/lslidar_msgs/lslidar_msgs/srv/detail/motor_speed__builder.hpp
-- Installing: /home/tamir/autonomous_robot/sensors_package/src/install/lslidar_msgs/include/lslidar_msgs/lslidar_msgs/srv/detail/dev_port__traits.hpp
-- Installing: /home/tamir/autonomous_robot/sensors_package/src/install/lslidar_msgs/include/lslidar_msgs/lslidar_msgs/srv/detail/data_port__traits.hpp
-- Installing: /home/tamir/autonomous_robot/sensors_package/src/install/lslidar_msgs/include/lslidar_msgs/lslidar_msgs/srv/detail/lslidar_control__traits.hpp
-- Installing: /home/tamir/autonomous_robot/sensors_package/src/install/lslidar_msgs/include/lslidar_msgs/lslidar_msgs/srv/detail/motor_control__traits.hpp
-- Installing: /home/tamir/autonomous_robot/sensors_package/src/install/lslidar_msgs/include/lslidar_msgs/lslidar_msgs/srv/detail/data_port__builder.hpp
-- Installing: /home/tamir/autonomous_robot/sensors_package/src/install/lslidar_msgs/include/lslidar_msgs/lslidar_msgs/srv/detail/dev_port__struct.hpp
-- Installing: /home/tamir/autonomous_robot/sensors_package/src/install/lslidar_msgs/include/lslidar_msgs/lslidar_msgs/srv/detail/data_ip__builder.hpp
-- Installing: /home/tamir/autonomous_robot/sensors_package/src/install/lslidar_msgs/include/lslidar_msgs/lslidar_msgs/srv/detail/time_service__traits.hpp
-- Installing: /home/tamir/autonomous_robot/sensors_package/src/install/lslidar_msgs/include/lslidar_msgs/lslidar_msgs/srv/detail/data_port__struct.hpp
-- Installing: /home/tamir/autonomous_robot/sensors_package/src/install/lslidar_msgs/include/lslidar_msgs/lslidar_msgs/srv/detail/time_service__type_support.hpp
-- Installing: /home/tamir/autonomous_robot/sensors_package/src/install/lslidar_msgs/include/lslidar_msgs/lslidar_msgs/srv/detail/destination_ip__traits.hpp
-- Installing: /home/tamir/autonomous_robot/sensors_package/src/install/lslidar_msgs/include/lslidar_msgs/lslidar_msgs/srv/detail/data_port__type_support.hpp
-- Installing: /home/tamir/autonomous_robot/sensors_package/src/install/lslidar_msgs/include/lslidar_msgs/lslidar_msgs/srv/detail/motor_speed__type_support.hpp
-- Installing: /home/tamir/autonomous_robot/sensors_package/src/install/lslidar_msgs/include/lslidar_msgs/lslidar_msgs/srv/detail/motor_speed__struct.hpp
-- Installing: /home/tamir/autonomous_robot/sensors_package/src/install/lslidar_msgs/include/lslidar_msgs/lslidar_msgs/srv/detail/time_service__builder.hpp
-- Installing: /home/tamir/autonomous_robot/sensors_package/src/install/lslidar_msgs/include/lslidar_msgs/lslidar_msgs/srv/detail/lslidar_control__type_support.hpp
-- Installing: /home/tamir/autonomous_robot/sensors_package/src/install/lslidar_msgs/include/lslidar_msgs/lslidar_msgs/srv/detail/data_ip__struct.hpp
-- Installing: /home/tamir/autonomous_robot/sensors_package/src/install/lslidar_msgs/include/lslidar_msgs/lslidar_msgs/srv/detail/time_service__struct.hpp
-- Installing: /home/tamir/autonomous_robot/sensors_package/src/install/lslidar_msgs/include/lslidar_msgs/lslidar_msgs/srv/motor_control.hpp
-- Installing: /home/tamir/autonomous_robot/sensors_package/src/install/lslidar_msgs/include/lslidar_msgs/lslidar_msgs/srv/lslidar_control.hpp
-- Installing: /home/tamir/autonomous_robot/sensors_package/src/install/lslidar_msgs/include/lslidar_msgs/lslidar_msgs/srv/time_service.hpp
-- Installing: /home/tamir/autonomous_robot/sensors_package/src/install/lslidar_msgs/include/lslidar_msgs/lslidar_msgs/srv/dev_port.hpp
-- Installing: /home/tamir/autonomous_robot/sensors_package/src/install/lslidar_msgs/include/lslidar_msgs/lslidar_msgs/srv/data_port.hpp
-- Installing: /home/tamir/autonomous_robot/sensors_package/src/install/lslidar_msgs/include/lslidar_msgs/lslidar_msgs/srv/data_ip.hpp
-- Up-to-date: /home/tamir/autonomous_robot/sensors_package/src/install/lslidar_msgs/include/lslidar_msgs/lslidar_msgs
-- Up-to-date: /home/tamir/autonomous_robot/sensors_package/src/install/lslidar_msgs/include/lslidar_msgs/lslidar_msgs/msg
-- Up-to-date: /home/tamir/autonomous_robot/sensors_package/src/install/lslidar_msgs/include/lslidar_msgs/lslidar_msgs/msg/rosidl_typesupport_fastrtps_cpp__visibility_control.h
-- Up-to-date: /home/tamir/autonomous_robot/sensors_package/src/install/lslidar_msgs/include/lslidar_msgs/lslidar_msgs/msg/detail
-- Installing: /home/tamir/autonomous_robot/sensors_package/src/install/lslidar_msgs/include/lslidar_msgs/lslidar_msgs/msg/detail/lslidar_packet__rosidl_typesupport_fastrtps_cpp.hpp
-- Up-to-date: /home/tamir/autonomous_robot/sensors_package/src/install/lslidar_msgs/include/lslidar_msgs/lslidar_msgs/msg/detail/dds_fastrtps
-- Installing: /home/tamir/autonomous_robot/sensors_package/src/install/lslidar_msgs/include/lslidar_msgs/lslidar_msgs/msg/detail/lslidar_point__rosidl_typesupport_fastrtps_cpp.hpp
-- Installing: /home/tamir/autonomous_robot/sensors_package/src/install/lslidar_msgs/include/lslidar_msgs/lslidar_msgs/msg/detail/lslidar_scan__rosidl_typesupport_fastrtps_cpp.hpp
-- Up-to-date: /home/tamir/autonomous_robot/sensors_package/src/install/lslidar_msgs/include/lslidar_msgs/lslidar_msgs/srv
-- Up-to-date: /home/tamir/autonomous_robot/sensors_package/src/install/lslidar_msgs/include/lslidar_msgs/lslidar_msgs/srv/detail
-- Installing: /home/tamir/autonomous_robot/sensors_package/src/install/lslidar_msgs/include/lslidar_msgs/lslidar_msgs/srv/detail/data_ip__rosidl_typesupport_fastrtps_cpp.hpp
-- Installing: /home/tamir/autonomous_robot/sensors_package/src/install/lslidar_msgs/include/lslidar_msgs/lslidar_msgs/srv/detail/destination_ip__rosidl_typesupport_fastrtps_cpp.hpp
-- Installing: /home/tamir/autonomous_robot/sensors_package/src/install/lslidar_msgs/include/lslidar_msgs/lslidar_msgs/srv/detail/time_service__rosidl_typesupport_fastrtps_cpp.hpp
-- Installing: /home/tamir/autonomous_robot/sensors_package/src/install/lslidar_msgs/include/lslidar_msgs/lslidar_msgs/srv/detail/lslidar_control__rosidl_typesupport_fastrtps_cpp.hpp
-- Up-to-date: /home/tamir/autonomous_robot/sensors_package/src/install/lslidar_msgs/include/lslidar_msgs/lslidar_msgs/srv/detail/dds_fastrtps
-- Installing: /home/tamir/autonomous_robot/sensors_package/src/install/lslidar_msgs/include/lslidar_msgs/lslidar_msgs/srv/detail/motor_control__rosidl_typesupport_fastrtps_cpp.hpp
-- Installing: /home/tamir/autonomous_robot/sensors_package/src/install/lslidar_msgs/include/lslidar_msgs/lslidar_msgs/srv/detail/motor_speed__rosidl_typesupport_fastrtps_cpp.hpp
-- Installing: /home/tamir/autonomous_robot/sensors_package/src/install/lslidar_msgs/include/lslidar_msgs/lslidar_msgs/srv/detail/data_port__rosidl_typesupport_fastrtps_cpp.hpp
-- Installing: /home/tamir/autonomous_robot/sensors_package/src/install/lslidar_msgs/include/lslidar_msgs/lslidar_msgs/srv/detail/dev_port__rosidl_typesupport_fastrtps_cpp.hpp
-- Installing: /home/tamir/autonomous_robot/sensors_package/src/install/lslidar_msgs/lib/liblslidar_msgs__rosidl_typesupport_fastrtps_cpp.so
-- Set runtime path of "/home/tamir/autonomous_robot/sensors_package/src/install/lslidar_msgs/lib/liblslidar_msgs__rosidl_typesupport_fastrtps_cpp.so" to ""
-- Up-to-date: /home/tamir/autonomous_robot/sensors_package/src/install/lslidar_msgs/include/lslidar_msgs/lslidar_msgs
-- Up-to-date: /home/tamir/autonomous_robot/sensors_package/src/install/lslidar_msgs/include/lslidar_msgs/lslidar_msgs/msg
-- Up-to-date: /home/tamir/autonomous_robot/sensors_package/src/install/lslidar_msgs/include/lslidar_msgs/lslidar_msgs/msg/detail
-- Installing: /home/tamir/autonomous_robot/sensors_package/src/install/lslidar_msgs/include/lslidar_msgs/lslidar_msgs/msg/detail/lslidar_point__type_support.c
-- Installing: /home/tamir/autonomous_robot/sensors_package/src/install/lslidar_msgs/include/lslidar_msgs/lslidar_msgs/msg/detail/lslidar_scan__rosidl_typesupport_introspection_c.h
-- Installing: /home/tamir/autonomous_robot/sensors_package/src/install/lslidar_msgs/include/lslidar_msgs/lslidar_msgs/msg/detail/lslidar_packet__rosidl_typesupport_introspection_c.h
-- Installing: /home/tamir/autonomous_robot/sensors_package/src/install/lslidar_msgs/include/lslidar_msgs/lslidar_msgs/msg/detail/lslidar_packet__type_support.c
-- Installing: /home/tamir/autonomous_robot/sensors_package/src/install/lslidar_msgs/include/lslidar_msgs/lslidar_msgs/msg/detail/lslidar_point__rosidl_typesupport_introspection_c.h
-- Installing: /home/tamir/autonomous_robot/sensors_package/src/install/lslidar_msgs/include/lslidar_msgs/lslidar_msgs/msg/detail/lslidar_scan__type_support.c
-- Up-to-date: /home/tamir/autonomous_robot/sensors_package/src/install/lslidar_msgs/include/lslidar_msgs/lslidar_msgs/msg/rosidl_typesupport_introspection_c__visibility_control.h
-- Up-to-date: /home/tamir/autonomous_robot/sensors_package/src/install/lslidar_msgs/include/lslidar_msgs/lslidar_msgs/srv
-- Up-to-date: /home/tamir/autonomous_robot/sensors_package/src/install/lslidar_msgs/include/lslidar_msgs/lslidar_msgs/srv/detail
-- Installing: /home/tamir/autonomous_robot/sensors_package/src/install/lslidar_msgs/include/lslidar_msgs/lslidar_msgs/srv/detail/motor_control__type_support.c
-- Installing: /home/tamir/autonomous_robot/sensors_package/src/install/lslidar_msgs/include/lslidar_msgs/lslidar_msgs/srv/detail/dev_port__type_support.c
-- Installing: /home/tamir/autonomous_robot/sensors_package/src/install/lslidar_msgs/include/lslidar_msgs/lslidar_msgs/srv/detail/data_ip__rosidl_typesupport_introspection_c.h
-- Installing: /home/tamir/autonomous_robot/sensors_package/src/install/lslidar_msgs/include/lslidar_msgs/lslidar_msgs/srv/detail/destination_ip__type_support.c
-- Installing: /home/tamir/autonomous_robot/sensors_package/src/install/lslidar_msgs/include/lslidar_msgs/lslidar_msgs/srv/detail/lslidar_control__rosidl_typesupport_introspection_c.h
-- Installing: /home/tamir/autonomous_robot/sensors_package/src/install/lslidar_msgs/include/lslidar_msgs/lslidar_msgs/srv/detail/time_service__rosidl_typesupport_introspection_c.h
-- Installing: /home/tamir/autonomous_robot/sensors_package/src/install/lslidar_msgs/include/lslidar_msgs/lslidar_msgs/srv/detail/data_port__rosidl_typesupport_introspection_c.h
-- Installing: /home/tamir/autonomous_robot/sensors_package/src/install/lslidar_msgs/include/lslidar_msgs/lslidar_msgs/srv/detail/motor_control__rosidl_typesupport_introspection_c.h
-- Installing: /home/tamir/autonomous_robot/sensors_package/src/install/lslidar_msgs/include/lslidar_msgs/lslidar_msgs/srv/detail/motor_speed__rosidl_typesupport_introspection_c.h
-- Installing: /home/tamir/autonomous_robot/sensors_package/src/install/lslidar_msgs/include/lslidar_msgs/lslidar_msgs/srv/detail/lslidar_control__type_support.c
-- Installing: /home/tamir/autonomous_robot/sensors_package/src/install/lslidar_msgs/include/lslidar_msgs/lslidar_msgs/srv/detail/motor_speed__type_support.c
-- Installing: /home/tamir/autonomous_robot/sensors_package/src/install/lslidar_msgs/include/lslidar_msgs/lslidar_msgs/srv/detail/data_port__type_support.c
-- Installing: /home/tamir/autonomous_robot/sensors_package/src/install/lslidar_msgs/include/lslidar_msgs/lslidar_msgs/srv/detail/data_ip__type_support.c
-- Installing: /home/tamir/autonomous_robot/sensors_package/src/install/lslidar_msgs/include/lslidar_msgs/lslidar_msgs/srv/detail/dev_port__rosidl_typesupport_introspection_c.h
-- Installing: /home/tamir/autonomous_robot/sensors_package/src/install/lslidar_msgs/include/lslidar_msgs/lslidar_msgs/srv/detail/time_service__type_support.c
-- Installing: /home/tamir/autonomous_robot/sensors_package/src/install/lslidar_msgs/include/lslidar_msgs/lslidar_msgs/srv/detail/destination_ip__rosidl_typesupport_introspection_c.h
-- Installing: /home/tamir/autonomous_robot/sensors_package/src/install/lslidar_msgs/lib/liblslidar_msgs__rosidl_typesupport_introspection_c.so
-- Set runtime path of "/home/tamir/autonomous_robot/sensors_package/src/install/lslidar_msgs/lib/liblslidar_msgs__rosidl_typesupport_introspection_c.so" to ""
-- Installing: /home/tamir/autonomous_robot/sensors_package/src/install/lslidar_msgs/lib/liblslidar_msgs__rosidl_typesupport_c.so
-- Set runtime path of "/home/tamir/autonomous_robot/sensors_package/src/install/lslidar_msgs/lib/liblslidar_msgs__rosidl_typesupport_c.so" to ""
-- Up-to-date: /home/tamir/autonomous_robot/sensors_package/src/install/lslidar_msgs/include/lslidar_msgs/lslidar_msgs
-- Up-to-date: /home/tamir/autonomous_robot/sensors_package/src/install/lslidar_msgs/include/lslidar_msgs/lslidar_msgs/msg
-- Up-to-date: /home/tamir/autonomous_robot/sensors_package/src/install/lslidar_msgs/include/lslidar_msgs/lslidar_msgs/msg/detail
-- Installing: /home/tamir/autonomous_robot/sensors_package/src/install/lslidar_msgs/include/lslidar_msgs/lslidar_msgs/msg/detail/lslidar_point__type_support.cpp
-- Installing: /home/tamir/autonomous_robot/sensors_package/src/install/lslidar_msgs/include/lslidar_msgs/lslidar_msgs/msg/detail/lslidar_scan__rosidl_typesupport_introspection_cpp.hpp
-- Installing: /home/tamir/autonomous_robot/sensors_package/src/install/lslidar_msgs/include/lslidar_msgs/lslidar_msgs/msg/detail/lslidar_point__rosidl_typesupport_introspection_cpp.hpp
-- Installing: /home/tamir/autonomous_robot/sensors_package/src/install/lslidar_msgs/include/lslidar_msgs/lslidar_msgs/msg/detail/lslidar_packet__type_support.cpp
-- Installing: /home/tamir/autonomous_robot/sensors_package/src/install/lslidar_msgs/include/lslidar_msgs/lslidar_msgs/msg/detail/lslidar_scan__type_support.cpp
-- Installing: /home/tamir/autonomous_robot/sensors_package/src/install/lslidar_msgs/include/lslidar_msgs/lslidar_msgs/msg/detail/lslidar_packet__rosidl_typesupport_introspection_cpp.hpp
-- Up-to-date: /home/tamir/autonomous_robot/sensors_package/src/install/lslidar_msgs/include/lslidar_msgs/lslidar_msgs/srv
-- Up-to-date: /home/tamir/autonomous_robot/sensors_package/src/install/lslidar_msgs/include/lslidar_msgs/lslidar_msgs/srv/detail
-- Installing: /home/tamir/autonomous_robot/sensors_package/src/install/lslidar_msgs/include/lslidar_msgs/lslidar_msgs/srv/detail/data_ip__rosidl_typesupport_introspection_cpp.hpp
-- Installing: /home/tamir/autonomous_robot/sensors_package/src/install/lslidar_msgs/include/lslidar_msgs/lslidar_msgs/srv/detail/time_service__rosidl_typesupport_introspection_cpp.hpp
-- Installing: /home/tamir/autonomous_robot/sensors_package/src/install/lslidar_msgs/include/lslidar_msgs/lslidar_msgs/srv/detail/destination_ip__rosidl_typesupport_introspection_cpp.hpp
-- Installing: /home/tamir/autonomous_robot/sensors_package/src/install/lslidar_msgs/include/lslidar_msgs/lslidar_msgs/srv/detail/motor_speed__rosidl_typesupport_introspection_cpp.hpp
-- Installing: /home/tamir/autonomous_robot/sensors_package/src/install/lslidar_msgs/include/lslidar_msgs/lslidar_msgs/srv/detail/lslidar_control__type_support.cpp
-- Installing: /home/tamir/autonomous_robot/sensors_package/src/install/lslidar_msgs/include/lslidar_msgs/lslidar_msgs/srv/detail/data_port__type_support.cpp
-- Installing: /home/tamir/autonomous_robot/sensors_package/src/install/lslidar_msgs/include/lslidar_msgs/lslidar_msgs/srv/detail/motor_speed__type_support.cpp
-- Installing: /home/tamir/autonomous_robot/sensors_package/src/install/lslidar_msgs/include/lslidar_msgs/lslidar_msgs/srv/detail/dev_port__type_support.cpp
-- Installing: /home/tamir/autonomous_robot/sensors_package/src/install/lslidar_msgs/include/lslidar_msgs/lslidar_msgs/srv/detail/motor_control__rosidl_typesupport_introspection_cpp.hpp
-- Installing: /home/tamir/autonomous_robot/sensors_package/src/install/lslidar_msgs/include/lslidar_msgs/lslidar_msgs/srv/detail/time_service__type_support.cpp
-- Installing: /home/tamir/autonomous_robot/sensors_package/src/install/lslidar_msgs/include/lslidar_msgs/lslidar_msgs/srv/detail/data_ip__type_support.cpp
-- Installing: /home/tamir/autonomous_robot/sensors_package/src/install/lslidar_msgs/include/lslidar_msgs/lslidar_msgs/srv/detail/dev_port__rosidl_typesupport_introspection_cpp.hpp
-- Installing: /home/tamir/autonomous_robot/sensors_package/src/install/lslidar_msgs/include/lslidar_msgs/lslidar_msgs/srv/detail/data_port__rosidl_typesupport_introspection_cpp.hpp
-- Installing: /home/tamir/autonomous_robot/sensors_package/src/install/lslidar_msgs/include/lslidar_msgs/lslidar_msgs/srv/detail/destination_ip__type_support.cpp
-- Installing: /home/tamir/autonomous_robot/sensors_package/src/install/lslidar_msgs/include/lslidar_msgs/lslidar_msgs/srv/detail/lslidar_control__rosidl_typesupport_introspection_cpp.hpp
-- Installing: /home/tamir/autonomous_robot/sensors_package/src/install/lslidar_msgs/include/lslidar_msgs/lslidar_msgs/srv/detail/motor_control__type_support.cpp
-- Installing: /home/tamir/autonomous_robot/sensors_package/src/install/lslidar_msgs/lib/liblslidar_msgs__rosidl_typesupport_introspection_cpp.so
-- Set runtime path of "/home/tamir/autonomous_robot/sensors_package/src/install/lslidar_msgs/lib/liblslidar_msgs__rosidl_typesupport_introspection_cpp.so" to ""
-- Installing: /home/tamir/autonomous_robot/sensors_package/src/install/lslidar_msgs/lib/liblslidar_msgs__rosidl_typesupport_cpp.so
-- Set runtime path of "/home/tamir/autonomous_robot/sensors_package/src/install/lslidar_msgs/lib/liblslidar_msgs__rosidl_typesupport_cpp.so" to ""
-- Up-to-date: /home/tamir/autonomous_robot/sensors_package/src/install/lslidar_msgs/share/lslidar_msgs/environment/pythonpath.sh
-- Installing: /home/tamir/autonomous_robot/sensors_package/src/install/lslidar_msgs/share/lslidar_msgs/environment/pythonpath.dsv
-- Up-to-date: /home/tamir/autonomous_robot/sensors_package/src/install/lslidar_msgs/local/lib/python3.10/dist-packages/lslidar_msgs-3.0.1-py3.10.egg-info
-- Installing: /home/tamir/autonomous_robot/sensors_package/src/install/lslidar_msgs/local/lib/python3.10/dist-packages/lslidar_msgs-3.0.1-py3.10.egg-info/PKG-INFO
-- Installing: /home/tamir/autonomous_robot/sensors_package/src/install/lslidar_msgs/local/lib/python3.10/dist-packages/lslidar_msgs-3.0.1-py3.10.egg-info/dependency_links.txt
-- Installing: /home/tamir/autonomous_robot/sensors_package/src/install/lslidar_msgs/local/lib/python3.10/dist-packages/lslidar_msgs-3.0.1-py3.10.egg-info/top_level.txt
-- Installing: /home/tamir/autonomous_robot/sensors_package/src/install/lslidar_msgs/local/lib/python3.10/dist-packages/lslidar_msgs-3.0.1-py3.10.egg-info/SOURCES.txt
-- Up-to-date: /home/tamir/autonomous_robot/sensors_package/src/install/lslidar_msgs/local/lib/python3.10/dist-packages/lslidar_msgs
-- Installing: /home/tamir/autonomous_robot/sensors_package/src/install/lslidar_msgs/local/lib/python3.10/dist-packages/lslidar_msgs/_lslidar_msgs_s.ep.rosidl_typesupport_c.c
-- Up-to-date: /home/tamir/autonomous_robot/sensors_package/src/install/lslidar_msgs/local/lib/python3.10/dist-packages/lslidar_msgs/msg
-- Installing: /home/tamir/autonomous_robot/sensors_package/src/install/lslidar_msgs/local/lib/python3.10/dist-packages/lslidar_msgs/msg/_lslidar_packet.py
-- Installing: /home/tamir/autonomous_robot/sensors_package/src/install/lslidar_msgs/local/lib/python3.10/dist-packages/lslidar_msgs/msg/_lslidar_point_s.c
-- Installing: /home/tamir/autonomous_robot/sensors_package/src/install/lslidar_msgs/local/lib/python3.10/dist-packages/lslidar_msgs/msg/_lslidar_scan.py
-- Installing: /home/tamir/autonomous_robot/sensors_package/src/install/lslidar_msgs/local/lib/python3.10/dist-packages/lslidar_msgs/msg/_lslidar_scan_s.c
-- Installing: /home/tamir/autonomous_robot/sensors_package/src/install/lslidar_msgs/local/lib/python3.10/dist-packages/lslidar_msgs/msg/__init__.py
-- Installing: /home/tamir/autonomous_robot/sensors_package/src/install/lslidar_msgs/local/lib/python3.10/dist-packages/lslidar_msgs/msg/_lslidar_packet_s.c
-- Installing: /home/tamir/autonomous_robot/sensors_package/src/install/lslidar_msgs/local/lib/python3.10/dist-packages/lslidar_msgs/msg/_lslidar_point.py
-- Installing: /home/tamir/autonomous_robot/sensors_package/src/install/lslidar_msgs/local/lib/python3.10/dist-packages/lslidar_msgs/__init__.py
-- Installing: /home/tamir/autonomous_robot/sensors_package/src/install/lslidar_msgs/local/lib/python3.10/dist-packages/lslidar_msgs/lslidar_msgs_s__rosidl_typesupport_introspection_c.cpython-310-x86_64-linux-gnu.so
-- Installing: /home/tamir/autonomous_robot/sensors_package/src/install/lslidar_msgs/local/lib/python3.10/dist-packages/lslidar_msgs/lslidar_msgs_s__rosidl_typesupport_c.cpython-310-x86_64-linux-gnu.so
-- Installing: /home/tamir/autonomous_robot/sensors_package/src/install/lslidar_msgs/local/lib/python3.10/dist-packages/lslidar_msgs/_lslidar_msgs_s.ep.rosidl_typesupport_introspection_c.c
-- Up-to-date: /home/tamir/autonomous_robot/sensors_package/src/install/lslidar_msgs/local/lib/python3.10/dist-packages/lslidar_msgs/srv
-- Installing: /home/tamir/autonomous_robot/sensors_package/src/install/lslidar_msgs/local/lib/python3.10/dist-packages/lslidar_msgs/srv/_dev_port_s.c
-- Installing: /home/tamir/autonomous_robot/sensors_package/src/install/lslidar_msgs/local/lib/python3.10/dist-packages/lslidar_msgs/srv/_data_ip.py
-- Installing: /home/tamir/autonomous_robot/sensors_package/src/install/lslidar_msgs/local/lib/python3.10/dist-packages/lslidar_msgs/srv/_time_service.py
-- Installing: /home/tamir/autonomous_robot/sensors_package/src/install/lslidar_msgs/local/lib/python3.10/dist-packages/lslidar_msgs/srv/_motor_speed.py
-- Installing: /home/tamir/autonomous_robot/sensors_package/src/install/lslidar_msgs/local/lib/python3.10/dist-packages/lslidar_msgs/srv/_destination_ip_s.c
-- Installing: /home/tamir/autonomous_robot/sensors_package/src/install/lslidar_msgs/local/lib/python3.10/dist-packages/lslidar_msgs/srv/__init__.py
-- Installing: /home/tamir/autonomous_robot/sensors_package/src/install/lslidar_msgs/local/lib/python3.10/dist-packages/lslidar_msgs/srv/_motor_control_s.c
-- Installing: /home/tamir/autonomous_robot/sensors_package/src/install/lslidar_msgs/local/lib/python3.10/dist-packages/lslidar_msgs/srv/_lslidar_control.py
-- Installing: /home/tamir/autonomous_robot/sensors_package/src/install/lslidar_msgs/local/lib/python3.10/dist-packages/lslidar_msgs/srv/_data_port.py
-- Installing: /home/tamir/autonomous_robot/sensors_package/src/install/lslidar_msgs/local/lib/python3.10/dist-packages/lslidar_msgs/srv/_dev_port.py
-- Installing: /home/tamir/autonomous_robot/sensors_package/src/install/lslidar_msgs/local/lib/python3.10/dist-packages/lslidar_msgs/srv/_data_ip_s.c
-- Installing: /home/tamir/autonomous_robot/sensors_package/src/install/lslidar_msgs/local/lib/python3.10/dist-packages/lslidar_msgs/srv/_lslidar_control_s.c
-- Installing: /home/tamir/autonomous_robot/sensors_package/src/install/lslidar_msgs/local/lib/python3.10/dist-packages/lslidar_msgs/srv/_motor_speed_s.c
-- Installing: /home/tamir/autonomous_robot/sensors_package/src/install/lslidar_msgs/local/lib/python3.10/dist-packages/lslidar_msgs/srv/_data_port_s.c
-- Installing: /home/tamir/autonomous_robot/sensors_package/src/install/lslidar_msgs/local/lib/python3.10/dist-packages/lslidar_msgs/srv/_time_service_s.c
-- Installing: /home/tamir/autonomous_robot/sensors_package/src/install/lslidar_msgs/local/lib/python3.10/dist-packages/lslidar_msgs/srv/_destination_ip.py
-- Installing: /home/tamir/autonomous_robot/sensors_package/src/install/lslidar_msgs/local/lib/python3.10/dist-packages/lslidar_msgs/srv/_motor_control.py
-- Installing: /home/tamir/autonomous_robot/sensors_package/src/install/lslidar_msgs/local/lib/python3.10/dist-packages/lslidar_msgs/liblslidar_msgs__rosidl_generator_py.so
-- Installing: /home/tamir/autonomous_robot/sensors_package/src/install/lslidar_msgs/local/lib/python3.10/dist-packages/lslidar_msgs/lslidar_msgs_s__rosidl_typesupport_fastrtps_c.cpython-310-x86_64-linux-gnu.so
-- Installing: /home/tamir/autonomous_robot/sensors_package/src/install/lslidar_msgs/local/lib/python3.10/dist-packages/lslidar_msgs/_lslidar_msgs_s.ep.rosidl_typesupport_fastrtps_c.c
Listing '/home/tamir/autonomous_robot/sensors_package/src/install/lslidar_msgs/local/lib/python3.10/dist-packages/lslidar_msgs'...
Compiling '/home/tamir/autonomous_robot/sensors_package/src/install/lslidar_msgs/local/lib/python3.10/dist-packages/lslidar_msgs/__init__.py'...
Listing '/home/tamir/autonomous_robot/sensors_package/src/install/lslidar_msgs/local/lib/python3.10/dist-packages/lslidar_msgs/msg'...
Compiling '/home/tamir/autonomous_robot/sensors_package/src/install/lslidar_msgs/local/lib/python3.10/dist-packages/lslidar_msgs/msg/__init__.py'...
Compiling '/home/tamir/autonomous_robot/sensors_package/src/install/lslidar_msgs/local/lib/python3.10/dist-packages/lslidar_msgs/msg/_lslidar_packet.py'...
Compiling '/home/tamir/autonomous_robot/sensors_package/src/install/lslidar_msgs/local/lib/python3.10/dist-packages/lslidar_msgs/msg/_lslidar_point.py'...
Compiling '/home/tamir/autonomous_robot/sensors_package/src/install/lslidar_msgs/local/lib/python3.10/dist-packages/lslidar_msgs/msg/_lslidar_scan.py'...
Listing '/home/tamir/autonomous_robot/sensors_package/src/install/lslidar_msgs/local/lib/python3.10/dist-packages/lslidar_msgs/srv'...
Compiling '/home/tamir/autonomous_robot/sensors_package/src/install/lslidar_msgs/local/lib/python3.10/dist-packages/lslidar_msgs/srv/__init__.py'...
Compiling '/home/tamir/autonomous_robot/sensors_package/src/install/lslidar_msgs/local/lib/python3.10/dist-packages/lslidar_msgs/srv/_data_ip.py'...
Compiling '/home/tamir/autonomous_robot/sensors_package/src/install/lslidar_msgs/local/lib/python3.10/dist-packages/lslidar_msgs/srv/_data_port.py'...
Compiling '/home/tamir/autonomous_robot/sensors_package/src/install/lslidar_msgs/local/lib/python3.10/dist-packages/lslidar_msgs/srv/_destination_ip.py'...
Compiling '/home/tamir/autonomous_robot/sensors_package/src/install/lslidar_msgs/local/lib/python3.10/dist-packages/lslidar_msgs/srv/_dev_port.py'...
Compiling '/home/tamir/autonomous_robot/sensors_package/src/install/lslidar_msgs/local/lib/python3.10/dist-packages/lslidar_msgs/srv/_lslidar_control.py'...
Compiling '/home/tamir/autonomous_robot/sensors_package/src/install/lslidar_msgs/local/lib/python3.10/dist-packages/lslidar_msgs/srv/_motor_control.py'...
Compiling '/home/tamir/autonomous_robot/sensors_package/src/install/lslidar_msgs/local/lib/python3.10/dist-packages/lslidar_msgs/srv/_motor_speed.py'...
Compiling '/home/tamir/autonomous_robot/sensors_package/src/install/lslidar_msgs/local/lib/python3.10/dist-packages/lslidar_msgs/srv/_time_service.py'...
-- Installing: /home/tamir/autonomous_robot/sensors_package/src/install/lslidar_msgs/local/lib/python3.10/dist-packages/lslidar_msgs/lslidar_msgs_s__rosidl_typesupport_fastrtps_c.cpython-310-x86_64-linux-gnu.so
-- Set runtime path of "/home/tamir/autonomous_robot/sensors_package/src/install/lslidar_msgs/local/lib/python3.10/dist-packages/lslidar_msgs/lslidar_msgs_s__rosidl_typesupport_fastrtps_c.cpython-310-x86_64-linux-gnu.so" to ""
-- Installing: /home/tamir/autonomous_robot/sensors_package/src/install/lslidar_msgs/local/lib/python3.10/dist-packages/lslidar_msgs/lslidar_msgs_s__rosidl_typesupport_introspection_c.cpython-310-x86_64-linux-gnu.so
-- Set runtime path of "/home/tamir/autonomous_robot/sensors_package/src/install/lslidar_msgs/local/lib/python3.10/dist-packages/lslidar_msgs/lslidar_msgs_s__rosidl_typesupport_introspection_c.cpython-310-x86_64-linux-gnu.so" to ""
-- Installing: /home/tamir/autonomous_robot/sensors_package/src/install/lslidar_msgs/local/lib/python3.10/dist-packages/lslidar_msgs/lslidar_msgs_s__rosidl_typesupport_c.cpython-310-x86_64-linux-gnu.so
-- Set runtime path of "/home/tamir/autonomous_robot/sensors_package/src/install/lslidar_msgs/local/lib/python3.10/dist-packages/lslidar_msgs/lslidar_msgs_s__rosidl_typesupport_c.cpython-310-x86_64-linux-gnu.so" to ""
-- Installing: /home/tamir/autonomous_robot/sensors_package/src/install/lslidar_msgs/lib/liblslidar_msgs__rosidl_generator_py.so
-- Set runtime path of "/home/tamir/autonomous_robot/sensors_package/src/install/lslidar_msgs/lib/liblslidar_msgs__rosidl_generator_py.so" to ""
-- Up-to-date: /home/tamir/autonomous_robot/sensors_package/src/install/lslidar_msgs/share/lslidar_msgs/msg/LslidarPacket.idl
-- Up-to-date: /home/tamir/autonomous_robot/sensors_package/src/install/lslidar_msgs/share/lslidar_msgs/msg/LslidarPoint.idl
-- Up-to-date: /home/tamir/autonomous_robot/sensors_package/src/install/lslidar_msgs/share/lslidar_msgs/msg/LslidarScan.idl
-- Up-to-date: /home/tamir/autonomous_robot/sensors_package/src/install/lslidar_msgs/share/lslidar_msgs/srv/DataIp.idl
-- Up-to-date: /home/tamir/autonomous_robot/sensors_package/src/install/lslidar_msgs/share/lslidar_msgs/srv/DataPort.idl
-- Up-to-date: /home/tamir/autonomous_robot/sensors_package/src/install/lslidar_msgs/share/lslidar_msgs/srv/DestinationIp.idl
-- Up-to-date: /home/tamir/autonomous_robot/sensors_package/src/install/lslidar_msgs/share/lslidar_msgs/srv/DevPort.idl
-- Up-to-date: /home/tamir/autonomous_robot/sensors_package/src/install/lslidar_msgs/share/lslidar_msgs/srv/LslidarControl.idl
-- Up-to-date: /home/tamir/autonomous_robot/sensors_package/src/install/lslidar_msgs/share/lslidar_msgs/srv/MotorControl.idl
-- Up-to-date: /home/tamir/autonomous_robot/sensors_package/src/install/lslidar_msgs/share/lslidar_msgs/srv/MotorSpeed.idl
-- Up-to-date: /home/tamir/autonomous_robot/sensors_package/src/install/lslidar_msgs/share/lslidar_msgs/srv/TimeService.idl
-- Up-to-date: /home/tamir/autonomous_robot/sensors_package/src/install/lslidar_msgs/share/lslidar_msgs/msg/LslidarPacket.msg
-- Up-to-date: /home/tamir/autonomous_robot/sensors_package/src/install/lslidar_msgs/share/lslidar_msgs/msg/LslidarPoint.msg
-- Up-to-date: /home/tamir/autonomous_robot/sensors_package/src/install/lslidar_msgs/share/lslidar_msgs/msg/LslidarScan.msg
-- Up-to-date: /home/tamir/autonomous_robot/sensors_package/src/install/lslidar_msgs/share/lslidar_msgs/srv/DataIp.srv
-- Up-to-date: /home/tamir/autonomous_robot/sensors_package/src/install/lslidar_msgs/share/lslidar_msgs/srv/DataIp_Request.msg
-- Up-to-date: /home/tamir/autonomous_robot/sensors_package/src/install/lslidar_msgs/share/lslidar_msgs/srv/DataIp_Response.msg
-- Up-to-date: /home/tamir/autonomous_robot/sensors_package/src/install/lslidar_msgs/share/lslidar_msgs/srv/DataPort.srv
-- Up-to-date: /home/tamir/autonomous_robot/sensors_package/src/install/lslidar_msgs/share/lslidar_msgs/srv/DataPort_Request.msg
-- Up-to-date: /home/tamir/autonomous_robot/sensors_package/src/install/lslidar_msgs/share/lslidar_msgs/srv/DataPort_Response.msg
-- Up-to-date: /home/tamir/autonomous_robot/sensors_package/src/install/lslidar_msgs/share/lslidar_msgs/srv/DestinationIp.srv
-- Up-to-date: /home/tamir/autonomous_robot/sensors_package/src/install/lslidar_msgs/share/lslidar_msgs/srv/DestinationIp_Request.msg
-- Up-to-date: /home/tamir/autonomous_robot/sensors_package/src/install/lslidar_msgs/share/lslidar_msgs/srv/DestinationIp_Response.msg
-- Up-to-date: /home/tamir/autonomous_robot/sensors_package/src/install/lslidar_msgs/share/lslidar_msgs/srv/DevPort.srv
-- Up-to-date: /home/tamir/autonomous_robot/sensors_package/src/install/lslidar_msgs/share/lslidar_msgs/srv/DevPort_Request.msg
-- Up-to-date: /home/tamir/autonomous_robot/sensors_package/src/install/lslidar_msgs/share/lslidar_msgs/srv/DevPort_Response.msg
-- Up-to-date: /home/tamir/autonomous_robot/sensors_package/src/install/lslidar_msgs/share/lslidar_msgs/srv/LslidarControl.srv
-- Up-to-date: /home/tamir/autonomous_robot/sensors_package/src/install/lslidar_msgs/share/lslidar_msgs/srv/LslidarControl_Request.msg
-- Up-to-date: /home/tamir/autonomous_robot/sensors_package/src/install/lslidar_msgs/share/lslidar_msgs/srv/LslidarControl_Response.msg
-- Up-to-date: /home/tamir/autonomous_robot/sensors_package/src/install/lslidar_msgs/share/lslidar_msgs/srv/MotorControl.srv
-- Up-to-date: /home/tamir/autonomous_robot/sensors_package/src/install/lslidar_msgs/share/lslidar_msgs/srv/MotorControl_Request.msg
-- Up-to-date: /home/tamir/autonomous_robot/sensors_package/src/install/lslidar_msgs/share/lslidar_msgs/srv/MotorControl_Response.msg
-- Up-to-date: /home/tamir/autonomous_robot/sensors_package/src/install/lslidar_msgs/share/lslidar_msgs/srv/MotorSpeed.srv
-- Up-to-date: /home/tamir/autonomous_robot/sensors_package/src/install/lslidar_msgs/share/lslidar_msgs/srv/MotorSpeed_Request.msg
-- Up-to-date: /home/tamir/autonomous_robot/sensors_package/src/install/lslidar_msgs/share/lslidar_msgs/srv/MotorSpeed_Response.msg
-- Up-to-date: /home/tamir/autonomous_robot/sensors_package/src/install/lslidar_msgs/share/lslidar_msgs/srv/TimeService.srv
-- Up-to-date: /home/tamir/autonomous_robot/sensors_package/src/install/lslidar_msgs/share/lslidar_msgs/srv/TimeService_Request.msg
-- Up-to-date: /home/tamir/autonomous_robot/sensors_package/src/install/lslidar_msgs/share/lslidar_msgs/srv/TimeService_Response.msg
-- Up-to-date: /home/tamir/autonomous_robot/sensors_package/src/install/lslidar_msgs/share/ament_index/resource_index/package_run_dependencies/lslidar_msgs
-- Installing: /home/tamir/autonomous_robot/sensors_package/src/install/lslidar_msgs/share/ament_index/resource_index/parent_prefix_path/lslidar_msgs
-- Installing: /home/tamir/autonomous_robot/sensors_package/src/install/lslidar_msgs/share/lslidar_msgs/environment/ament_prefix_path.sh
-- Installing: /home/tamir/autonomous_robot/sensors_package/src/install/lslidar_msgs/share/lslidar_msgs/environment/ament_prefix_path.dsv
-- Installing: /home/tamir/autonomous_robot/sensors_package/src/install/lslidar_msgs/share/lslidar_msgs/environment/path.sh
-- Installing: /home/tamir/autonomous_robot/sensors_package/src/install/lslidar_msgs/share/lslidar_msgs/environment/path.dsv
-- Up-to-date: /home/tamir/autonomous_robot/sensors_package/src/install/lslidar_msgs/share/lslidar_msgs/local_setup.bash
-- Up-to-date: /home/tamir/autonomous_robot/sensors_package/src/install/lslidar_msgs/share/lslidar_msgs/local_setup.sh
-- Up-to-date: /home/tamir/autonomous_robot/sensors_package/src/install/lslidar_msgs/share/lslidar_msgs/local_setup.zsh
-- Installing: /home/tamir/autonomous_robot/sensors_package/src/install/lslidar_msgs/share/lslidar_msgs/local_setup.dsv
-- Installing: /home/tamir/autonomous_robot/sensors_package/src/install/lslidar_msgs/share/lslidar_msgs/package.dsv
-- Up-to-date: /home/tamir/autonomous_robot/sensors_package/src/install/lslidar_msgs/share/ament_index/resource_index/packages/lslidar_msgs
-- Up-to-date: /home/tamir/autonomous_robot/sensors_package/src/install/lslidar_msgs/share/lslidar_msgs/cmake/export_lslidar_msgs__rosidl_generator_cExport.cmake
-- Up-to-date: /home/tamir/autonomous_robot/sensors_package/src/install/lslidar_msgs/share/lslidar_msgs/cmake/export_lslidar_msgs__rosidl_generator_cExport-noconfig.cmake
-- Up-to-date: /home/tamir/autonomous_robot/sensors_package/src/install/lslidar_msgs/share/lslidar_msgs/cmake/export_lslidar_msgs__rosidl_typesupport_fastrtps_cExport.cmake
-- Up-to-date: /home/tamir/autonomous_robot/sensors_package/src/install/lslidar_msgs/share/lslidar_msgs/cmake/export_lslidar_msgs__rosidl_typesupport_fastrtps_cExport-noconfig.cmake
-- Up-to-date: /home/tamir/autonomous_robot/sensors_package/src/install/lslidar_msgs/share/lslidar_msgs/cmake/export_lslidar_msgs__rosidl_generator_cppExport.cmake
-- Up-to-date: /home/tamir/autonomous_robot/sensors_package/src/install/lslidar_msgs/share/lslidar_msgs/cmake/export_lslidar_msgs__rosidl_typesupport_fastrtps_cppExport.cmake
-- Up-to-date: /home/tamir/autonomous_robot/sensors_package/src/install/lslidar_msgs/share/lslidar_msgs/cmake/export_lslidar_msgs__rosidl_typesupport_fastrtps_cppExport-noconfig.cmake
-- Up-to-date: /home/tamir/autonomous_robot/sensors_package/src/install/lslidar_msgs/share/lslidar_msgs/cmake/lslidar_msgs__rosidl_typesupport_introspection_cExport.cmake
-- Up-to-date: /home/tamir/autonomous_robot/sensors_package/src/install/lslidar_msgs/share/lslidar_msgs/cmake/lslidar_msgs__rosidl_typesupport_introspection_cExport-noconfig.cmake
-- Up-to-date: /home/tamir/autonomous_robot/sensors_package/src/install/lslidar_msgs/share/lslidar_msgs/cmake/lslidar_msgs__rosidl_typesupport_cExport.cmake
-- Up-to-date: /home/tamir/autonomous_robot/sensors_package/src/install/lslidar_msgs/share/lslidar_msgs/cmake/lslidar_msgs__rosidl_typesupport_cExport-noconfig.cmake
-- Up-to-date: /home/tamir/autonomous_robot/sensors_package/src/install/lslidar_msgs/share/lslidar_msgs/cmake/lslidar_msgs__rosidl_typesupport_introspection_cppExport.cmake
-- Up-to-date: /home/tamir/autonomous_robot/sensors_package/src/install/lslidar_msgs/share/lslidar_msgs/cmake/lslidar_msgs__rosidl_typesupport_introspection_cppExport-noconfig.cmake
-- Up-to-date: /home/tamir/autonomous_robot/sensors_package/src/install/lslidar_msgs/share/lslidar_msgs/cmake/lslidar_msgs__rosidl_typesupport_cppExport.cmake
-- Up-to-date: /home/tamir/autonomous_robot/sensors_package/src/install/lslidar_msgs/share/lslidar_msgs/cmake/lslidar_msgs__rosidl_typesupport_cppExport-noconfig.cmake
-- Up-to-date: /home/tamir/autonomous_robot/sensors_package/src/install/lslidar_msgs/share/lslidar_msgs/cmake/export_lslidar_msgs__rosidl_generator_pyExport.cmake
-- Up-to-date: /home/tamir/autonomous_robot/sensors_package/src/install/lslidar_msgs/share/lslidar_msgs/cmake/export_lslidar_msgs__rosidl_generator_pyExport-noconfig.cmake
-- Up-to-date: /home/tamir/autonomous_robot/sensors_package/src/install/lslidar_msgs/share/lslidar_msgs/cmake/rosidl_cmake-extras.cmake
-- Up-to-date: /home/tamir/autonomous_robot/sensors_package/src/install/lslidar_msgs/share/lslidar_msgs/cmake/ament_cmake_export_dependencies-extras.cmake
-- Up-to-date: /home/tamir/autonomous_robot/sensors_package/src/install/lslidar_msgs/share/lslidar_msgs/cmake/ament_cmake_export_include_directories-extras.cmake
-- Up-to-date: /home/tamir/autonomous_robot/sensors_package/src/install/lslidar_msgs/share/lslidar_msgs/cmake/ament_cmake_export_libraries-extras.cmake
-- Up-to-date: /home/tamir/autonomous_robot/sensors_package/src/install/lslidar_msgs/share/lslidar_msgs/cmake/ament_cmake_export_targets-extras.cmake
-- Up-to-date: /home/tamir/autonomous_robot/sensors_package/src/install/lslidar_msgs/share/lslidar_msgs/cmake/rosidl_cmake_export_typesupport_targets-extras.cmake
-- Up-to-date: /home/tamir/autonomous_robot/sensors_package/src/install/lslidar_msgs/share/lslidar_msgs/cmake/rosidl_cmake_export_typesupport_libraries-extras.cmake
-- Up-to-date: /home/tamir/autonomous_robot/sensors_package/src/install/lslidar_msgs/share/lslidar_msgs/cmake/lslidar_msgsConfig.cmake
-- Up-to-date: /home/tamir/autonomous_robot/sensors_package/src/install/lslidar_msgs/share/lslidar_msgs/cmake/lslidar_msgsConfig-version.cmake
-- Up-to-date: /home/tamir/autonomous_robot/sensors_package/src/install/lslidar_msgs/share/lslidar_msgs/package.xml
