[0.027s] Invoking command in '/home/tamir/autonomous_robot/sensors_package/src/build/lslidar_msgs': CMAKE_PREFIX_PATH=${CMAKE_PREFIX_PATH}:/home/tamir/ws_moveit2/install/moveit_configs_utils:/home/tamir/ws_moveit2/install/launch_param_builder:/home/tamir/autonomous_robot/install/calc_odom:/home/tamir/autonomous_robot/install/control_hardware:/home/tamir/ros2_ws/install/turtle_spawner:/home/tamir/ros2_ws/install/turtle_controller:/home/tamir/ros2_ws/install/my_py_pkg:/home/tamir/autonomous_robot/autonomous_robot_control/install/control_hardware:/home/tamir/autonomous_robot/autonomous_robot_control/install/calc_odom:/home/tamir/autonomous_robot/autonomous_robot_control/src/control_hardware/install/control_hardware:/opt/ros/humble /usr/bin/cmake --build /home/tamir/autonomous_robot/sensors_package/src/build/lslidar_msgs -- -j12 -l12
[0.088s] -- Found ament_cmake: 1.3.11 (/opt/ros/humble/share/ament_cmake/cmake)
[0.212s] -- Found std_msgs: 4.2.4 (/opt/ros/humble/share/std_msgs/cmake)
[0.236s] -- Found rosidl_generator_c: 3.1.6 (/opt/ros/humble/share/rosidl_generator_c/cmake)
[0.239s] -- Found rosidl_adapter: 3.1.6 (/opt/ros/humble/share/rosidl_adapter/cmake)
[0.247s] -- Found rosidl_generator_cpp: 3.1.6 (/opt/ros/humble/share/rosidl_generator_cpp/cmake)
[0.260s] -- Using all available rosidl_typesupport_c: rosidl_typesupport_fastrtps_c;rosidl_typesupport_introspection_c
[0.271s] -- Using all available rosidl_typesupport_cpp: rosidl_typesupport_fastrtps_cpp;rosidl_typesupport_introspection_cpp
[0.292s] -- Found sensor_msgs: 4.2.4 (/opt/ros/humble/share/sensor_msgs/cmake)
[0.316s] -- Found rosidl_default_generators: 1.2.0 (/opt/ros/humble/share/rosidl_default_generators/cmake)
[0.327s] -- Found ament_lint_auto: 0.12.11 (/opt/ros/humble/share/ament_lint_auto/cmake)
[0.663s] -- Found ament_cmake_ros: 0.10.0 (/opt/ros/humble/share/ament_cmake_ros/cmake)
[1.198s] -- Using all available rosidl_typesupport_c: rosidl_typesupport_fastrtps_c;rosidl_typesupport_introspection_c
[1.383s] -- Using all available rosidl_typesupport_cpp: rosidl_typesupport_fastrtps_cpp;rosidl_typesupport_introspection_cpp
[1.413s] -- Found python_cmake_module: 0.10.0 (/opt/ros/humble/share/python_cmake_module/cmake)
[1.439s] -- Using PYTHON_EXECUTABLE: /usr/bin/python3
[1.440s] -- Using PYTHON_INCLUDE_DIRS: /usr/include/python3.10
[1.440s] -- Using PYTHON_LIBRARIES: /usr/lib/x86_64-linux-gnu/libpython3.10.so
[1.539s] -- Added test 'copyright' to check source files copyright and LICENSE
[1.540s] -- Added test 'lint_cmake' to check CMake code style
[1.541s] -- Added test 'xmllint' to check XML markup files
[1.545s] -- Configuring done
[1.605s] -- Generating done
[1.607s] -- Build files have been written to: /home/tamir/autonomous_robot/sensors_package/src/build/lslidar_msgs
[1.644s] [  1%] [34m[1mGenerating C code for ROS interfaces[0m
[1.665s] [  1%] [34m[1mGenerating C++ code for ROS interfaces[0m
[1.667s] [  1%] Built target ament_cmake_python_copy_lslidar_msgs
[2.004s] running egg_info
[2.005s] writing lslidar_msgs.egg-info/PKG-INFO
[2.005s] writing dependency_links to lslidar_msgs.egg-info/dependency_links.txt
[2.006s] writing top-level names to lslidar_msgs.egg-info/top_level.txt
[2.010s] reading manifest file 'lslidar_msgs.egg-info/SOURCES.txt'
[2.011s] writing manifest file 'lslidar_msgs.egg-info/SOURCES.txt'
[2.061s] [  1%] Built target ament_cmake_python_build_lslidar_msgs_egg
[2.522s] [  1%] Built target lslidar_msgs__cpp
[2.538s] [  2%] [34m[1mGenerating C++ type support for eProsima Fast-RTPS[0m
[2.538s] [  2%] [34m[1mGenerating C++ type support dispatch for ROS interfaces[0m
[2.542s] [  3%] [34m[1mGenerating C++ introspection for ROS interfaces[0m
[2.987s] [35m[1mConsolidate compiler generated dependencies of target lslidar_msgs__rosidl_generator_c[0m
[3.013s] [  4%] [32mBuilding C object CMakeFiles/lslidar_msgs__rosidl_generator_c.dir/rosidl_generator_c/lslidar_msgs/msg/detail/lslidar_point__functions.c.o[0m
[3.013s] [  6%] [32mBuilding C object CMakeFiles/lslidar_msgs__rosidl_generator_c.dir/rosidl_generator_c/lslidar_msgs/srv/detail/data_ip__functions.c.o[0m
[3.013s] [  6%] [32mBuilding C object CMakeFiles/lslidar_msgs__rosidl_generator_c.dir/rosidl_generator_c/lslidar_msgs/srv/detail/data_port__functions.c.o[0m
[3.014s] [  7%] [32mBuilding C object CMakeFiles/lslidar_msgs__rosidl_generator_c.dir/rosidl_generator_c/lslidar_msgs/msg/detail/lslidar_scan__functions.c.o[0m
[3.018s] [  8%] [32mBuilding C object CMakeFiles/lslidar_msgs__rosidl_generator_c.dir/rosidl_generator_c/lslidar_msgs/msg/detail/lslidar_packet__functions.c.o[0m
[3.021s] [  9%] [32mBuilding C object CMakeFiles/lslidar_msgs__rosidl_generator_c.dir/rosidl_generator_c/lslidar_msgs/srv/detail/destination_ip__functions.c.o[0m
[3.024s] [ 10%] [32mBuilding C object CMakeFiles/lslidar_msgs__rosidl_generator_c.dir/rosidl_generator_c/lslidar_msgs/srv/detail/dev_port__functions.c.o[0m
[3.032s] [ 11%] [32mBuilding C object CMakeFiles/lslidar_msgs__rosidl_generator_c.dir/rosidl_generator_c/lslidar_msgs/srv/detail/motor_control__functions.c.o[0m
[3.036s] [ 11%] [32mBuilding C object CMakeFiles/lslidar_msgs__rosidl_generator_c.dir/rosidl_generator_c/lslidar_msgs/srv/detail/lslidar_control__functions.c.o[0m
[3.148s] [ 12%] [32mBuilding C object CMakeFiles/lslidar_msgs__rosidl_generator_c.dir/rosidl_generator_c/lslidar_msgs/srv/detail/motor_speed__functions.c.o[0m
[3.164s] [ 13%] [32mBuilding C object CMakeFiles/lslidar_msgs__rosidl_generator_c.dir/rosidl_generator_c/lslidar_msgs/srv/detail/time_service__functions.c.o[0m
[3.239s] [ 14%] [32m[1mLinking C shared library liblslidar_msgs__rosidl_generator_c.so[0m
[3.279s] [35m[1mConsolidate compiler generated dependencies of target lslidar_msgs__rosidl_typesupport_cpp[0m
[3.320s] [ 14%] Built target lslidar_msgs__rosidl_generator_c
[3.320s] [ 15%] [32mBuilding CXX object CMakeFiles/lslidar_msgs__rosidl_typesupport_cpp.dir/rosidl_typesupport_cpp/lslidar_msgs/msg/lslidar_packet__type_support.cpp.o[0m
[3.325s] [ 16%] [32mBuilding CXX object CMakeFiles/lslidar_msgs__rosidl_typesupport_cpp.dir/rosidl_typesupport_cpp/lslidar_msgs/msg/lslidar_point__type_support.cpp.o[0m
[3.328s] [ 17%] [32mBuilding CXX object CMakeFiles/lslidar_msgs__rosidl_typesupport_cpp.dir/rosidl_typesupport_cpp/lslidar_msgs/msg/lslidar_scan__type_support.cpp.o[0m
[3.340s] [ 18%] [34m[1mGenerating C type support for eProsima Fast-RTPS[0m
[3.342s] [ 19%] [32mBuilding CXX object CMakeFiles/lslidar_msgs__rosidl_typesupport_cpp.dir/rosidl_typesupport_cpp/lslidar_msgs/srv/data_port__type_support.cpp.o[0m
[3.346s] [ 20%] [32mBuilding CXX object CMakeFiles/lslidar_msgs__rosidl_typesupport_cpp.dir/rosidl_typesupport_cpp/lslidar_msgs/srv/data_ip__type_support.cpp.o[0m
[3.349s] [ 21%] [34m[1mGenerating C type support dispatch for ROS interfaces[0m
[3.355s] [ 22%] [34m[1mGenerating C introspection for ROS interfaces[0m
[3.357s] [ 23%] [32mBuilding CXX object CMakeFiles/lslidar_msgs__rosidl_typesupport_cpp.dir/rosidl_typesupport_cpp/lslidar_msgs/srv/destination_ip__type_support.cpp.o[0m
[3.361s] [ 24%] [32mBuilding CXX object CMakeFiles/lslidar_msgs__rosidl_typesupport_cpp.dir/rosidl_typesupport_cpp/lslidar_msgs/srv/dev_port__type_support.cpp.o[0m
[3.696s] [ 24%] [32mBuilding CXX object CMakeFiles/lslidar_msgs__rosidl_typesupport_cpp.dir/rosidl_typesupport_cpp/lslidar_msgs/srv/lslidar_control__type_support.cpp.o[0m
[3.785s] [ 25%] [32mBuilding CXX object CMakeFiles/lslidar_msgs__rosidl_typesupport_cpp.dir/rosidl_typesupport_cpp/lslidar_msgs/srv/motor_control__type_support.cpp.o[0m
[3.849s] [ 26%] [32mBuilding CXX object CMakeFiles/lslidar_msgs__rosidl_typesupport_cpp.dir/rosidl_typesupport_cpp/lslidar_msgs/srv/motor_speed__type_support.cpp.o[0m
[3.891s] [35m[1mConsolidate compiler generated dependencies of target lslidar_msgs__rosidl_typesupport_introspection_cpp[0m
[3.952s] [ 27%] [32mBuilding CXX object CMakeFiles/lslidar_msgs__rosidl_typesupport_introspection_cpp.dir/rosidl_typesupport_introspection_cpp/lslidar_msgs/msg/detail/lslidar_packet__type_support.cpp.o[0m
[3.980s] [ 27%] [32mBuilding CXX object CMakeFiles/lslidar_msgs__rosidl_typesupport_introspection_cpp.dir/rosidl_typesupport_introspection_cpp/lslidar_msgs/msg/detail/lslidar_point__type_support.cpp.o[0m
[4.016s] [ 28%] [32mBuilding CXX object CMakeFiles/lslidar_msgs__rosidl_typesupport_introspection_cpp.dir/rosidl_typesupport_introspection_cpp/lslidar_msgs/msg/detail/lslidar_scan__type_support.cpp.o[0m
[4.041s] [ 29%] [32mBuilding CXX object CMakeFiles/lslidar_msgs__rosidl_typesupport_introspection_cpp.dir/rosidl_typesupport_introspection_cpp/lslidar_msgs/srv/detail/data_ip__type_support.cpp.o[0m
[4.086s] [ 30%] [32mBuilding CXX object CMakeFiles/lslidar_msgs__rosidl_typesupport_cpp.dir/rosidl_typesupport_cpp/lslidar_msgs/srv/time_service__type_support.cpp.o[0m
[4.227s] [ 31%] [32mBuilding CXX object CMakeFiles/lslidar_msgs__rosidl_typesupport_introspection_cpp.dir/rosidl_typesupport_introspection_cpp/lslidar_msgs/srv/detail/destination_ip__type_support.cpp.o[0m
[4.237s] [ 32%] [32mBuilding CXX object CMakeFiles/lslidar_msgs__rosidl_typesupport_introspection_cpp.dir/rosidl_typesupport_introspection_cpp/lslidar_msgs/srv/detail/data_port__type_support.cpp.o[0m
[4.492s] [ 33%] [32mBuilding CXX object CMakeFiles/lslidar_msgs__rosidl_typesupport_introspection_cpp.dir/rosidl_typesupport_introspection_cpp/lslidar_msgs/srv/detail/dev_port__type_support.cpp.o[0m
[4.512s] [ 34%] [32mBuilding CXX object CMakeFiles/lslidar_msgs__rosidl_typesupport_introspection_cpp.dir/rosidl_typesupport_introspection_cpp/lslidar_msgs/srv/detail/lslidar_control__type_support.cpp.o[0m
[4.591s] [35m[1mConsolidate compiler generated dependencies of target lslidar_msgs__rosidl_typesupport_fastrtps_cpp[0m
[4.594s] [ 35%] [32m[1mLinking CXX shared library liblslidar_msgs__rosidl_typesupport_cpp.so[0m
[4.637s] [ 36%] [32mBuilding CXX object CMakeFiles/lslidar_msgs__rosidl_typesupport_introspection_cpp.dir/rosidl_typesupport_introspection_cpp/lslidar_msgs/srv/detail/motor_control__type_support.cpp.o[0m
[4.669s] [ 37%] [32mBuilding CXX object CMakeFiles/lslidar_msgs__rosidl_typesupport_fastrtps_cpp.dir/rosidl_typesupport_fastrtps_cpp/lslidar_msgs/msg/detail/dds_fastrtps/lslidar_packet__type_support.cpp.o[0m
[4.675s] [ 38%] [32mBuilding CXX object CMakeFiles/lslidar_msgs__rosidl_typesupport_fastrtps_cpp.dir/rosidl_typesupport_fastrtps_cpp/lslidar_msgs/msg/detail/dds_fastrtps/lslidar_point__type_support.cpp.o[0m
[4.679s] [35m[1mConsolidate compiler generated dependencies of target lslidar_msgs__rosidl_typesupport_c[0m
[4.712s] [ 38%] Built target lslidar_msgs__rosidl_typesupport_cpp
[4.720s] [ 39%] [32mBuilding CXX object CMakeFiles/lslidar_msgs__rosidl_typesupport_c.dir/rosidl_typesupport_c/lslidar_msgs/msg/lslidar_packet__type_support.cpp.o[0m
[4.742s] [ 40%] [32mBuilding CXX object CMakeFiles/lslidar_msgs__rosidl_typesupport_c.dir/rosidl_typesupport_c/lslidar_msgs/msg/lslidar_point__type_support.cpp.o[0m
[4.805s] [ 41%] [32mBuilding CXX object CMakeFiles/lslidar_msgs__rosidl_typesupport_fastrtps_cpp.dir/rosidl_typesupport_fastrtps_cpp/lslidar_msgs/msg/detail/dds_fastrtps/lslidar_scan__type_support.cpp.o[0m
[4.836s] [ 41%] [32mBuilding CXX object CMakeFiles/lslidar_msgs__rosidl_typesupport_c.dir/rosidl_typesupport_c/lslidar_msgs/msg/lslidar_scan__type_support.cpp.o[0m
[4.883s] [ 42%] [32mBuilding CXX object CMakeFiles/lslidar_msgs__rosidl_typesupport_introspection_cpp.dir/rosidl_typesupport_introspection_cpp/lslidar_msgs/srv/detail/motor_speed__type_support.cpp.o[0m
[4.899s] [ 43%] [32mBuilding CXX object CMakeFiles/lslidar_msgs__rosidl_typesupport_fastrtps_cpp.dir/rosidl_typesupport_fastrtps_cpp/lslidar_msgs/srv/detail/dds_fastrtps/data_ip__type_support.cpp.o[0m
[4.924s] [ 44%] [32mBuilding CXX object CMakeFiles/lslidar_msgs__rosidl_typesupport_c.dir/rosidl_typesupport_c/lslidar_msgs/srv/data_ip__type_support.cpp.o[0m
[5.032s] [ 45%] [32mBuilding CXX object CMakeFiles/lslidar_msgs__rosidl_typesupport_c.dir/rosidl_typesupport_c/lslidar_msgs/srv/data_port__type_support.cpp.o[0m
[5.079s] [ 46%] [32mBuilding CXX object CMakeFiles/lslidar_msgs__rosidl_typesupport_introspection_cpp.dir/rosidl_typesupport_introspection_cpp/lslidar_msgs/srv/detail/time_service__type_support.cpp.o[0m
[5.113s] [ 47%] [32mBuilding CXX object CMakeFiles/lslidar_msgs__rosidl_typesupport_c.dir/rosidl_typesupport_c/lslidar_msgs/srv/destination_ip__type_support.cpp.o[0m
[5.161s] [ 48%] [32mBuilding CXX object CMakeFiles/lslidar_msgs__rosidl_typesupport_c.dir/rosidl_typesupport_c/lslidar_msgs/srv/dev_port__type_support.cpp.o[0m
[5.169s] [ 49%] [32mBuilding CXX object CMakeFiles/lslidar_msgs__rosidl_typesupport_c.dir/rosidl_typesupport_c/lslidar_msgs/srv/lslidar_control__type_support.cpp.o[0m
[5.184s] [ 50%] [32mBuilding CXX object CMakeFiles/lslidar_msgs__rosidl_typesupport_fastrtps_cpp.dir/rosidl_typesupport_fastrtps_cpp/lslidar_msgs/srv/detail/dds_fastrtps/data_port__type_support.cpp.o[0m
[5.257s] [ 51%] [32mBuilding CXX object CMakeFiles/lslidar_msgs__rosidl_typesupport_c.dir/rosidl_typesupport_c/lslidar_msgs/srv/motor_control__type_support.cpp.o[0m
[5.288s] [ 52%] [32mBuilding CXX object CMakeFiles/lslidar_msgs__rosidl_typesupport_fastrtps_cpp.dir/rosidl_typesupport_fastrtps_cpp/lslidar_msgs/srv/detail/dds_fastrtps/destination_ip__type_support.cpp.o[0m
[5.341s] [ 53%] [32mBuilding CXX object CMakeFiles/lslidar_msgs__rosidl_typesupport_fastrtps_cpp.dir/rosidl_typesupport_fastrtps_cpp/lslidar_msgs/srv/detail/dds_fastrtps/dev_port__type_support.cpp.o[0m
[5.362s] [ 54%] [32mBuilding CXX object CMakeFiles/lslidar_msgs__rosidl_typesupport_c.dir/rosidl_typesupport_c/lslidar_msgs/srv/motor_speed__type_support.cpp.o[0m
[5.371s] [35m[1mConsolidate compiler generated dependencies of target lslidar_msgs__rosidl_typesupport_introspection_c[0m
[5.380s] [ 55%] [32mBuilding CXX object CMakeFiles/lslidar_msgs__rosidl_typesupport_c.dir/rosidl_typesupport_c/lslidar_msgs/srv/time_service__type_support.cpp.o[0m
[5.428s] [ 56%] [32mBuilding C object CMakeFiles/lslidar_msgs__rosidl_typesupport_introspection_c.dir/rosidl_typesupport_introspection_c/lslidar_msgs/msg/detail/lslidar_packet__type_support.c.o[0m
[5.486s] [ 57%] [32m[1mLinking CXX shared library liblslidar_msgs__rosidl_typesupport_c.so[0m
[5.517s] [ 58%] [32mBuilding C object CMakeFiles/lslidar_msgs__rosidl_typesupport_introspection_c.dir/rosidl_typesupport_introspection_c/lslidar_msgs/msg/detail/lslidar_point__type_support.c.o[0m
[5.521s] [ 59%] [32mBuilding C object CMakeFiles/lslidar_msgs__rosidl_typesupport_introspection_c.dir/rosidl_typesupport_introspection_c/lslidar_msgs/msg/detail/lslidar_scan__type_support.c.o[0m
[5.524s] [ 60%] [32mBuilding CXX object CMakeFiles/lslidar_msgs__rosidl_typesupport_fastrtps_cpp.dir/rosidl_typesupport_fastrtps_cpp/lslidar_msgs/srv/detail/dds_fastrtps/lslidar_control__type_support.cpp.o[0m
[5.533s] [ 61%] [32mBuilding C object CMakeFiles/lslidar_msgs__rosidl_typesupport_introspection_c.dir/rosidl_typesupport_introspection_c/lslidar_msgs/srv/detail/data_ip__type_support.c.o[0m
[5.551s] [ 62%] [32mBuilding C object CMakeFiles/lslidar_msgs__rosidl_typesupport_introspection_c.dir/rosidl_typesupport_introspection_c/lslidar_msgs/srv/detail/data_port__type_support.c.o[0m
[5.618s] [ 63%] [32mBuilding CXX object CMakeFiles/lslidar_msgs__rosidl_typesupport_fastrtps_cpp.dir/rosidl_typesupport_fastrtps_cpp/lslidar_msgs/srv/detail/dds_fastrtps/motor_control__type_support.cpp.o[0m
[5.618s] [ 63%] Built target lslidar_msgs__rosidl_typesupport_c
[5.623s] [ 63%] [32mBuilding CXX object CMakeFiles/lslidar_msgs__rosidl_typesupport_fastrtps_cpp.dir/rosidl_typesupport_fastrtps_cpp/lslidar_msgs/srv/detail/dds_fastrtps/motor_speed__type_support.cpp.o[0m
[5.642s] [ 64%] [32mBuilding CXX object CMakeFiles/lslidar_msgs__rosidl_typesupport_fastrtps_cpp.dir/rosidl_typesupport_fastrtps_cpp/lslidar_msgs/srv/detail/dds_fastrtps/time_service__type_support.cpp.o[0m
[5.671s] [ 65%] [32mBuilding C object CMakeFiles/lslidar_msgs__rosidl_typesupport_introspection_c.dir/rosidl_typesupport_introspection_c/lslidar_msgs/srv/detail/destination_ip__type_support.c.o[0m
[5.684s] [ 65%] [32mBuilding C object CMakeFiles/lslidar_msgs__rosidl_typesupport_introspection_c.dir/rosidl_typesupport_introspection_c/lslidar_msgs/srv/detail/dev_port__type_support.c.o[0m
[5.798s] [ 66%] [32mBuilding C object CMakeFiles/lslidar_msgs__rosidl_typesupport_introspection_c.dir/rosidl_typesupport_introspection_c/lslidar_msgs/srv/detail/lslidar_control__type_support.c.o[0m
[5.818s] [ 67%] [32mBuilding C object CMakeFiles/lslidar_msgs__rosidl_typesupport_introspection_c.dir/rosidl_typesupport_introspection_c/lslidar_msgs/srv/detail/motor_control__type_support.c.o[0m
[5.828s] [ 68%] [32mBuilding C object CMakeFiles/lslidar_msgs__rosidl_typesupport_introspection_c.dir/rosidl_typesupport_introspection_c/lslidar_msgs/srv/detail/motor_speed__type_support.c.o[0m
[5.853s] [35m[1mConsolidate compiler generated dependencies of target lslidar_msgs__rosidl_typesupport_fastrtps_c[0m
[5.897s] [ 69%] [32m[1mLinking CXX shared library liblslidar_msgs__rosidl_typesupport_introspection_cpp.so[0m
[5.922s] [ 70%] [32mBuilding CXX object CMakeFiles/lslidar_msgs__rosidl_typesupport_fastrtps_c.dir/rosidl_typesupport_fastrtps_c/lslidar_msgs/msg/detail/lslidar_point__type_support_c.cpp.o[0m
[5.933s] [ 71%] [32mBuilding C object CMakeFiles/lslidar_msgs__rosidl_typesupport_introspection_c.dir/rosidl_typesupport_introspection_c/lslidar_msgs/srv/detail/time_service__type_support.c.o[0m
[5.940s] [ 72%] [32mBuilding CXX object CMakeFiles/lslidar_msgs__rosidl_typesupport_fastrtps_c.dir/rosidl_typesupport_fastrtps_c/lslidar_msgs/msg/detail/lslidar_packet__type_support_c.cpp.o[0m
[5.941s] [ 73%] [32mBuilding CXX object CMakeFiles/lslidar_msgs__rosidl_typesupport_fastrtps_c.dir/rosidl_typesupport_fastrtps_c/lslidar_msgs/msg/detail/lslidar_scan__type_support_c.cpp.o[0m
[5.954s] [ 74%] [32mBuilding CXX object CMakeFiles/lslidar_msgs__rosidl_typesupport_fastrtps_c.dir/rosidl_typesupport_fastrtps_c/lslidar_msgs/srv/detail/data_ip__type_support_c.cpp.o[0m
[5.998s] [ 75%] [32m[1mLinking C shared library liblslidar_msgs__rosidl_typesupport_introspection_c.so[0m
[6.002s] [ 75%] [32mBuilding CXX object CMakeFiles/lslidar_msgs__rosidl_typesupport_fastrtps_c.dir/rosidl_typesupport_fastrtps_c/lslidar_msgs/srv/detail/data_port__type_support_c.cpp.o[0m
[6.067s] [ 76%] [32mBuilding CXX object CMakeFiles/lslidar_msgs__rosidl_typesupport_fastrtps_c.dir/rosidl_typesupport_fastrtps_c/lslidar_msgs/srv/detail/destination_ip__type_support_c.cpp.o[0m
[6.112s] [ 76%] Built target lslidar_msgs__rosidl_typesupport_introspection_cpp
[6.128s] [ 76%] Built target lslidar_msgs__rosidl_typesupport_introspection_c
[6.139s] [ 77%] [32mBuilding CXX object CMakeFiles/lslidar_msgs__rosidl_typesupport_fastrtps_c.dir/rosidl_typesupport_fastrtps_c/lslidar_msgs/srv/detail/lslidar_control__type_support_c.cpp.o[0m
[6.144s] [ 78%] [32mBuilding CXX object CMakeFiles/lslidar_msgs__rosidl_typesupport_fastrtps_c.dir/rosidl_typesupport_fastrtps_c/lslidar_msgs/srv/detail/dev_port__type_support_c.cpp.o[0m
[6.181s] [ 79%] [32mBuilding CXX object CMakeFiles/lslidar_msgs__rosidl_typesupport_fastrtps_c.dir/rosidl_typesupport_fastrtps_c/lslidar_msgs/srv/detail/motor_control__type_support_c.cpp.o[0m
[6.286s] [ 80%] [32mBuilding CXX object CMakeFiles/lslidar_msgs__rosidl_typesupport_fastrtps_c.dir/rosidl_typesupport_fastrtps_c/lslidar_msgs/srv/detail/motor_speed__type_support_c.cpp.o[0m
[6.437s] [ 81%] [32mBuilding CXX object CMakeFiles/lslidar_msgs__rosidl_typesupport_fastrtps_c.dir/rosidl_typesupport_fastrtps_c/lslidar_msgs/srv/detail/time_service__type_support_c.cpp.o[0m
[6.562s] [ 82%] [32m[1mLinking CXX shared library liblslidar_msgs__rosidl_typesupport_fastrtps_cpp.so[0m
[6.707s] [ 82%] Built target lslidar_msgs__rosidl_typesupport_fastrtps_cpp
[6.811s] [ 83%] [32m[1mLinking CXX shared library liblslidar_msgs__rosidl_typesupport_fastrtps_c.so[0m
[6.924s] [ 83%] Built target lslidar_msgs__rosidl_typesupport_fastrtps_c
[6.973s] [ 83%] Built target lslidar_msgs
[7.004s] [ 84%] [34m[1mGenerating Python code for ROS interfaces[0m
[8.203s] [ 84%] Built target lslidar_msgs__py
[8.225s] [35m[1mConsolidate compiler generated dependencies of target lslidar_msgs__rosidl_generator_py[0m
[8.252s] [ 85%] [32mBuilding C object CMakeFiles/lslidar_msgs__rosidl_generator_py.dir/rosidl_generator_py/lslidar_msgs/srv/_data_port_s.c.o[0m
[8.252s] [ 87%] [32mBuilding C object CMakeFiles/lslidar_msgs__rosidl_generator_py.dir/rosidl_generator_py/lslidar_msgs/srv/_dev_port_s.c.o[0m
[8.252s] [ 87%] [32mBuilding C object CMakeFiles/lslidar_msgs__rosidl_generator_py.dir/rosidl_generator_py/lslidar_msgs/srv/_destination_ip_s.c.o[0m
[8.252s] [ 87%] [32mBuilding C object CMakeFiles/lslidar_msgs__rosidl_generator_py.dir/rosidl_generator_py/lslidar_msgs/srv/_data_ip_s.c.o[0m
[8.253s] [ 89%] [32mBuilding C object CMakeFiles/lslidar_msgs__rosidl_generator_py.dir/rosidl_generator_py/lslidar_msgs/srv/_motor_speed_s.c.o[0m
[8.253s] [ 90%] [32mBuilding C object CMakeFiles/lslidar_msgs__rosidl_generator_py.dir/rosidl_generator_py/lslidar_msgs/srv/_lslidar_control_s.c.o[0m
[8.253s] [ 91%] [32mBuilding C object CMakeFiles/lslidar_msgs__rosidl_generator_py.dir/rosidl_generator_py/lslidar_msgs/msg/_lslidar_point_s.c.o[0m
[8.254s] [ 93%] [32mBuilding C object CMakeFiles/lslidar_msgs__rosidl_generator_py.dir/rosidl_generator_py/lslidar_msgs/srv/_motor_control_s.c.o[0m
[8.254s] [ 93%] [32mBuilding C object CMakeFiles/lslidar_msgs__rosidl_generator_py.dir/rosidl_generator_py/lslidar_msgs/msg/_lslidar_packet_s.c.o[0m
[8.255s] [ 93%] [32mBuilding C object CMakeFiles/lslidar_msgs__rosidl_generator_py.dir/rosidl_generator_py/lslidar_msgs/msg/_lslidar_scan_s.c.o[0m
[8.257s] [ 94%] [32mBuilding C object CMakeFiles/lslidar_msgs__rosidl_generator_py.dir/rosidl_generator_py/lslidar_msgs/srv/_time_service_s.c.o[0m
[8.423s] [ 95%] [32m[1mLinking C shared library rosidl_generator_py/lslidar_msgs/liblslidar_msgs__rosidl_generator_py.so[0m
[8.474s] [ 95%] Built target lslidar_msgs__rosidl_generator_py
[8.487s] [35m[1mConsolidate compiler generated dependencies of target lslidar_msgs__rosidl_typesupport_fastrtps_c__pyext[0m
[8.491s] [35m[1mConsolidate compiler generated dependencies of target lslidar_msgs__rosidl_typesupport_introspection_c__pyext[0m
[8.491s] [35m[1mConsolidate compiler generated dependencies of target lslidar_msgs__rosidl_typesupport_c__pyext[0m
[8.505s] [ 95%] [32mBuilding C object CMakeFiles/lslidar_msgs__rosidl_typesupport_c__pyext.dir/rosidl_generator_py/lslidar_msgs/_lslidar_msgs_s.ep.rosidl_typesupport_c.c.o[0m
[8.508s] [ 96%] [32mBuilding C object CMakeFiles/lslidar_msgs__rosidl_typesupport_fastrtps_c__pyext.dir/rosidl_generator_py/lslidar_msgs/_lslidar_msgs_s.ep.rosidl_typesupport_fastrtps_c.c.o[0m
[8.510s] [ 97%] [32mBuilding C object CMakeFiles/lslidar_msgs__rosidl_typesupport_introspection_c__pyext.dir/rosidl_generator_py/lslidar_msgs/_lslidar_msgs_s.ep.rosidl_typesupport_introspection_c.c.o[0m
[8.642s] [ 98%] [32m[1mLinking C shared library rosidl_generator_py/lslidar_msgs/lslidar_msgs_s__rosidl_typesupport_c.cpython-310-x86_64-linux-gnu.so[0m
[8.661s] [ 99%] [32m[1mLinking C shared library rosidl_generator_py/lslidar_msgs/lslidar_msgs_s__rosidl_typesupport_introspection_c.cpython-310-x86_64-linux-gnu.so[0m
[8.697s] [100%] [32m[1mLinking C shared library rosidl_generator_py/lslidar_msgs/lslidar_msgs_s__rosidl_typesupport_fastrtps_c.cpython-310-x86_64-linux-gnu.so[0m
[8.700s] [100%] Built target lslidar_msgs__rosidl_typesupport_c__pyext
[8.730s] [100%] Built target lslidar_msgs__rosidl_typesupport_introspection_c__pyext
[8.741s] [100%] Built target lslidar_msgs__rosidl_typesupport_fastrtps_c__pyext
[8.763s] Invoked command in '/home/tamir/autonomous_robot/sensors_package/src/build/lslidar_msgs' returned '0': CMAKE_PREFIX_PATH=${CMAKE_PREFIX_PATH}:/home/tamir/ws_moveit2/install/moveit_configs_utils:/home/tamir/ws_moveit2/install/launch_param_builder:/home/tamir/autonomous_robot/install/calc_odom:/home/tamir/autonomous_robot/install/control_hardware:/home/tamir/ros2_ws/install/turtle_spawner:/home/tamir/ros2_ws/install/turtle_controller:/home/tamir/ros2_ws/install/my_py_pkg:/home/tamir/autonomous_robot/autonomous_robot_control/install/control_hardware:/home/tamir/autonomous_robot/autonomous_robot_control/install/calc_odom:/home/tamir/autonomous_robot/autonomous_robot_control/src/control_hardware/install/control_hardware:/opt/ros/humble /usr/bin/cmake --build /home/tamir/autonomous_robot/sensors_package/src/build/lslidar_msgs -- -j12 -l12
[9.341s] Invoking command in '/home/tamir/autonomous_robot/sensors_package/src/build/lslidar_msgs': CMAKE_PREFIX_PATH=${CMAKE_PREFIX_PATH}:/home/tamir/ws_moveit2/install/moveit_configs_utils:/home/tamir/ws_moveit2/install/launch_param_builder:/home/tamir/autonomous_robot/install/calc_odom:/home/tamir/autonomous_robot/install/control_hardware:/home/tamir/ros2_ws/install/turtle_spawner:/home/tamir/ros2_ws/install/turtle_controller:/home/tamir/ros2_ws/install/my_py_pkg:/home/tamir/autonomous_robot/autonomous_robot_control/install/control_hardware:/home/tamir/autonomous_robot/autonomous_robot_control/install/calc_odom:/home/tamir/autonomous_robot/autonomous_robot_control/src/control_hardware/install/control_hardware:/opt/ros/humble /usr/bin/cmake --install /home/tamir/autonomous_robot/sensors_package/src/build/lslidar_msgs
[9.355s] -- Install configuration: ""
[9.355s] -- Up-to-date: /home/tamir/autonomous_robot/sensors_package/src/install/lslidar_msgs/share/ament_index/resource_index/rosidl_interfaces/lslidar_msgs
[9.355s] -- Up-to-date: /home/tamir/autonomous_robot/sensors_package/src/install/lslidar_msgs/include/lslidar_msgs/lslidar_msgs
[9.355s] -- Up-to-date: /home/tamir/autonomous_robot/sensors_package/src/install/lslidar_msgs/include/lslidar_msgs/lslidar_msgs/msg
[9.356s] -- Up-to-date: /home/tamir/autonomous_robot/sensors_package/src/install/lslidar_msgs/include/lslidar_msgs/lslidar_msgs/msg/rosidl_generator_c__visibility_control.h
[9.356s] -- Up-to-date: /home/tamir/autonomous_robot/sensors_package/src/install/lslidar_msgs/include/lslidar_msgs/lslidar_msgs/msg/detail
[9.356s] -- Installing: /home/tamir/autonomous_robot/sensors_package/src/install/lslidar_msgs/include/lslidar_msgs/lslidar_msgs/msg/detail/lslidar_point__type_support.h
[9.356s] -- Installing: /home/tamir/autonomous_robot/sensors_package/src/install/lslidar_msgs/include/lslidar_msgs/lslidar_msgs/msg/detail/lslidar_scan__type_support.h
[9.356s] -- Installing: /home/tamir/autonomous_robot/sensors_package/src/install/lslidar_msgs/include/lslidar_msgs/lslidar_msgs/msg/detail/lslidar_point__functions.h
[9.356s] -- Installing: /home/tamir/autonomous_robot/sensors_package/src/install/lslidar_msgs/include/lslidar_msgs/lslidar_msgs/msg/detail/lslidar_scan__struct.h
[9.356s] -- Installing: /home/tamir/autonomous_robot/sensors_package/src/install/lslidar_msgs/include/lslidar_msgs/lslidar_msgs/msg/detail/lslidar_point__struct.h
[9.356s] -- Installing: /home/tamir/autonomous_robot/sensors_package/src/install/lslidar_msgs/include/lslidar_msgs/lslidar_msgs/msg/detail/lslidar_packet__functions.h
[9.356s] -- Installing: /home/tamir/autonomous_robot/sensors_package/src/install/lslidar_msgs/include/lslidar_msgs/lslidar_msgs/msg/detail/lslidar_packet__type_support.h
[9.357s] -- Installing: /home/tamir/autonomous_robot/sensors_package/src/install/lslidar_msgs/include/lslidar_msgs/lslidar_msgs/msg/detail/lslidar_packet__struct.h
[9.357s] -- Installing: /home/tamir/autonomous_robot/sensors_package/src/install/lslidar_msgs/include/lslidar_msgs/lslidar_msgs/msg/detail/lslidar_packet__functions.c
[9.357s] -- Installing: /home/tamir/autonomous_robot/sensors_package/src/install/lslidar_msgs/include/lslidar_msgs/lslidar_msgs/msg/detail/lslidar_scan__functions.c
[9.357s] -- Installing: /home/tamir/autonomous_robot/sensors_package/src/install/lslidar_msgs/include/lslidar_msgs/lslidar_msgs/msg/detail/lslidar_scan__functions.h
[9.357s] -- Installing: /home/tamir/autonomous_robot/sensors_package/src/install/lslidar_msgs/include/lslidar_msgs/lslidar_msgs/msg/detail/lslidar_point__functions.c
[9.357s] -- Installing: /home/tamir/autonomous_robot/sensors_package/src/install/lslidar_msgs/include/lslidar_msgs/lslidar_msgs/msg/lslidar_scan.h
[9.357s] -- Installing: /home/tamir/autonomous_robot/sensors_package/src/install/lslidar_msgs/include/lslidar_msgs/lslidar_msgs/msg/lslidar_packet.h
[9.357s] -- Installing: /home/tamir/autonomous_robot/sensors_package/src/install/lslidar_msgs/include/lslidar_msgs/lslidar_msgs/msg/lslidar_point.h
[9.357s] -- Up-to-date: /home/tamir/autonomous_robot/sensors_package/src/install/lslidar_msgs/include/lslidar_msgs/lslidar_msgs/srv
[9.357s] -- Installing: /home/tamir/autonomous_robot/sensors_package/src/install/lslidar_msgs/include/lslidar_msgs/lslidar_msgs/srv/motor_control.h
[9.358s] -- Installing: /home/tamir/autonomous_robot/sensors_package/src/install/lslidar_msgs/include/lslidar_msgs/lslidar_msgs/srv/time_service.h
[9.358s] -- Installing: /home/tamir/autonomous_robot/sensors_package/src/install/lslidar_msgs/include/lslidar_msgs/lslidar_msgs/srv/destination_ip.h
[9.358s] -- Up-to-date: /home/tamir/autonomous_robot/sensors_package/src/install/lslidar_msgs/include/lslidar_msgs/lslidar_msgs/srv/detail
[9.358s] -- Installing: /home/tamir/autonomous_robot/sensors_package/src/install/lslidar_msgs/include/lslidar_msgs/lslidar_msgs/srv/detail/motor_speed__functions.h
[9.358s] -- Installing: /home/tamir/autonomous_robot/sensors_package/src/install/lslidar_msgs/include/lslidar_msgs/lslidar_msgs/srv/detail/destination_ip__functions.c
[9.358s] -- Installing: /home/tamir/autonomous_robot/sensors_package/src/install/lslidar_msgs/include/lslidar_msgs/lslidar_msgs/srv/detail/destination_ip__type_support.h
[9.358s] -- Installing: /home/tamir/autonomous_robot/sensors_package/src/install/lslidar_msgs/include/lslidar_msgs/lslidar_msgs/srv/detail/dev_port__functions.c
[9.358s] -- Installing: /home/tamir/autonomous_robot/sensors_package/src/install/lslidar_msgs/include/lslidar_msgs/lslidar_msgs/srv/detail/lslidar_control__functions.h
[9.358s] -- Installing: /home/tamir/autonomous_robot/sensors_package/src/install/lslidar_msgs/include/lslidar_msgs/lslidar_msgs/srv/detail/motor_speed__functions.c
[9.358s] -- Installing: /home/tamir/autonomous_robot/sensors_package/src/install/lslidar_msgs/include/lslidar_msgs/lslidar_msgs/srv/detail/destination_ip__struct.h
[9.358s] -- Installing: /home/tamir/autonomous_robot/sensors_package/src/install/lslidar_msgs/include/lslidar_msgs/lslidar_msgs/srv/detail/data_port__type_support.h
[9.359s] -- Installing: /home/tamir/autonomous_robot/sensors_package/src/install/lslidar_msgs/include/lslidar_msgs/lslidar_msgs/srv/detail/motor_control__functions.c
[9.359s] -- Installing: /home/tamir/autonomous_robot/sensors_package/src/install/lslidar_msgs/include/lslidar_msgs/lslidar_msgs/srv/detail/time_service__struct.h
[9.359s] -- Installing: /home/tamir/autonomous_robot/sensors_package/src/install/lslidar_msgs/include/lslidar_msgs/lslidar_msgs/srv/detail/lslidar_control__struct.h
[9.359s] -- Installing: /home/tamir/autonomous_robot/sensors_package/src/install/lslidar_msgs/include/lslidar_msgs/lslidar_msgs/srv/detail/time_service__functions.c
[9.359s] -- Installing: /home/tamir/autonomous_robot/sensors_package/src/install/lslidar_msgs/include/lslidar_msgs/lslidar_msgs/srv/detail/motor_speed__type_support.h
[9.359s] -- Installing: /home/tamir/autonomous_robot/sensors_package/src/install/lslidar_msgs/include/lslidar_msgs/lslidar_msgs/srv/detail/motor_control__struct.h
[9.359s] -- Installing: /home/tamir/autonomous_robot/sensors_package/src/install/lslidar_msgs/include/lslidar_msgs/lslidar_msgs/srv/detail/time_service__type_support.h
[9.359s] -- Installing: /home/tamir/autonomous_robot/sensors_package/src/install/lslidar_msgs/include/lslidar_msgs/lslidar_msgs/srv/detail/data_port__struct.h
[9.359s] -- Installing: /home/tamir/autonomous_robot/sensors_package/src/install/lslidar_msgs/include/lslidar_msgs/lslidar_msgs/srv/detail/data_ip__functions.h
[9.360s] -- Installing: /home/tamir/autonomous_robot/sensors_package/src/install/lslidar_msgs/include/lslidar_msgs/lslidar_msgs/srv/detail/motor_speed__struct.h
[9.360s] -- Installing: /home/tamir/autonomous_robot/sensors_package/src/install/lslidar_msgs/include/lslidar_msgs/lslidar_msgs/srv/detail/lslidar_control__functions.c
[9.360s] -- Installing: /home/tamir/autonomous_robot/sensors_package/src/install/lslidar_msgs/include/lslidar_msgs/lslidar_msgs/srv/detail/data_ip__type_support.h
[9.360s] -- Installing: /home/tamir/autonomous_robot/sensors_package/src/install/lslidar_msgs/include/lslidar_msgs/lslidar_msgs/srv/detail/data_ip__functions.c
[9.360s] -- Installing: /home/tamir/autonomous_robot/sensors_package/src/install/lslidar_msgs/include/lslidar_msgs/lslidar_msgs/srv/detail/motor_control__functions.h
[9.360s] -- Installing: /home/tamir/autonomous_robot/sensors_package/src/install/lslidar_msgs/include/lslidar_msgs/lslidar_msgs/srv/detail/dev_port__struct.h
[9.360s] -- Installing: /home/tamir/autonomous_robot/sensors_package/src/install/lslidar_msgs/include/lslidar_msgs/lslidar_msgs/srv/detail/dev_port__type_support.h
[9.360s] -- Installing: /home/tamir/autonomous_robot/sensors_package/src/install/lslidar_msgs/include/lslidar_msgs/lslidar_msgs/srv/detail/time_service__functions.h
[9.360s] -- Installing: /home/tamir/autonomous_robot/sensors_package/src/install/lslidar_msgs/include/lslidar_msgs/lslidar_msgs/srv/detail/data_port__functions.h
[9.361s] -- Installing: /home/tamir/autonomous_robot/sensors_package/src/install/lslidar_msgs/include/lslidar_msgs/lslidar_msgs/srv/detail/destination_ip__functions.h
[9.361s] -- Installing: /home/tamir/autonomous_robot/sensors_package/src/install/lslidar_msgs/include/lslidar_msgs/lslidar_msgs/srv/detail/motor_control__type_support.h
[9.361s] -- Installing: /home/tamir/autonomous_robot/sensors_package/src/install/lslidar_msgs/include/lslidar_msgs/lslidar_msgs/srv/detail/lslidar_control__type_support.h
[9.361s] -- Installing: /home/tamir/autonomous_robot/sensors_package/src/install/lslidar_msgs/include/lslidar_msgs/lslidar_msgs/srv/detail/data_ip__struct.h
[9.361s] -- Installing: /home/tamir/autonomous_robot/sensors_package/src/install/lslidar_msgs/include/lslidar_msgs/lslidar_msgs/srv/detail/data_port__functions.c
[9.361s] -- Installing: /home/tamir/autonomous_robot/sensors_package/src/install/lslidar_msgs/include/lslidar_msgs/lslidar_msgs/srv/detail/dev_port__functions.h
[9.361s] -- Installing: /home/tamir/autonomous_robot/sensors_package/src/install/lslidar_msgs/include/lslidar_msgs/lslidar_msgs/srv/motor_speed.h
[9.361s] -- Installing: /home/tamir/autonomous_robot/sensors_package/src/install/lslidar_msgs/include/lslidar_msgs/lslidar_msgs/srv/data_port.h
[9.361s] -- Installing: /home/tamir/autonomous_robot/sensors_package/src/install/lslidar_msgs/include/lslidar_msgs/lslidar_msgs/srv/dev_port.h
[9.361s] -- Installing: /home/tamir/autonomous_robot/sensors_package/src/install/lslidar_msgs/include/lslidar_msgs/lslidar_msgs/srv/data_ip.h
[9.362s] -- Installing: /home/tamir/autonomous_robot/sensors_package/src/install/lslidar_msgs/include/lslidar_msgs/lslidar_msgs/srv/lslidar_control.h
[9.362s] -- Up-to-date: /home/tamir/autonomous_robot/sensors_package/src/install/lslidar_msgs/share/lslidar_msgs/environment/library_path.sh
[9.362s] -- Installing: /home/tamir/autonomous_robot/sensors_package/src/install/lslidar_msgs/share/lslidar_msgs/environment/library_path.dsv
[9.362s] -- Installing: /home/tamir/autonomous_robot/sensors_package/src/install/lslidar_msgs/lib/liblslidar_msgs__rosidl_generator_c.so
[9.362s] -- Set runtime path of "/home/tamir/autonomous_robot/sensors_package/src/install/lslidar_msgs/lib/liblslidar_msgs__rosidl_generator_c.so" to ""
[9.362s] -- Up-to-date: /home/tamir/autonomous_robot/sensors_package/src/install/lslidar_msgs/include/lslidar_msgs/lslidar_msgs
[9.362s] -- Up-to-date: /home/tamir/autonomous_robot/sensors_package/src/install/lslidar_msgs/include/lslidar_msgs/lslidar_msgs/msg
[9.362s] -- Up-to-date: /home/tamir/autonomous_robot/sensors_package/src/install/lslidar_msgs/include/lslidar_msgs/lslidar_msgs/msg/detail
[9.362s] -- Installing: /home/tamir/autonomous_robot/sensors_package/src/install/lslidar_msgs/include/lslidar_msgs/lslidar_msgs/msg/detail/lslidar_point__rosidl_typesupport_fastrtps_c.h
[9.363s] -- Installing: /home/tamir/autonomous_robot/sensors_package/src/install/lslidar_msgs/include/lslidar_msgs/lslidar_msgs/msg/detail/lslidar_scan__rosidl_typesupport_fastrtps_c.h
[9.363s] -- Installing: /home/tamir/autonomous_robot/sensors_package/src/install/lslidar_msgs/include/lslidar_msgs/lslidar_msgs/msg/detail/lslidar_packet__rosidl_typesupport_fastrtps_c.h
[9.363s] -- Up-to-date: /home/tamir/autonomous_robot/sensors_package/src/install/lslidar_msgs/include/lslidar_msgs/lslidar_msgs/msg/rosidl_typesupport_fastrtps_c__visibility_control.h
[9.363s] -- Up-to-date: /home/tamir/autonomous_robot/sensors_package/src/install/lslidar_msgs/include/lslidar_msgs/lslidar_msgs/srv
[9.363s] -- Up-to-date: /home/tamir/autonomous_robot/sensors_package/src/install/lslidar_msgs/include/lslidar_msgs/lslidar_msgs/srv/detail
[9.363s] -- Installing: /home/tamir/autonomous_robot/sensors_package/src/install/lslidar_msgs/include/lslidar_msgs/lslidar_msgs/srv/detail/destination_ip__rosidl_typesupport_fastrtps_c.h
[9.363s] -- Installing: /home/tamir/autonomous_robot/sensors_package/src/install/lslidar_msgs/include/lslidar_msgs/lslidar_msgs/srv/detail/lslidar_control__rosidl_typesupport_fastrtps_c.h
[9.363s] -- Installing: /home/tamir/autonomous_robot/sensors_package/src/install/lslidar_msgs/include/lslidar_msgs/lslidar_msgs/srv/detail/motor_speed__rosidl_typesupport_fastrtps_c.h
[9.363s] -- Installing: /home/tamir/autonomous_robot/sensors_package/src/install/lslidar_msgs/include/lslidar_msgs/lslidar_msgs/srv/detail/motor_control__rosidl_typesupport_fastrtps_c.h
[9.363s] -- Installing: /home/tamir/autonomous_robot/sensors_package/src/install/lslidar_msgs/include/lslidar_msgs/lslidar_msgs/srv/detail/dev_port__rosidl_typesupport_fastrtps_c.h
[9.364s] -- Installing: /home/tamir/autonomous_robot/sensors_package/src/install/lslidar_msgs/include/lslidar_msgs/lslidar_msgs/srv/detail/data_port__rosidl_typesupport_fastrtps_c.h
[9.364s] -- Installing: /home/tamir/autonomous_robot/sensors_package/src/install/lslidar_msgs/include/lslidar_msgs/lslidar_msgs/srv/detail/data_ip__rosidl_typesupport_fastrtps_c.h
[9.364s] -- Installing: /home/tamir/autonomous_robot/sensors_package/src/install/lslidar_msgs/include/lslidar_msgs/lslidar_msgs/srv/detail/time_service__rosidl_typesupport_fastrtps_c.h
[9.364s] -- Installing: /home/tamir/autonomous_robot/sensors_package/src/install/lslidar_msgs/lib/liblslidar_msgs__rosidl_typesupport_fastrtps_c.so
[9.364s] -- Set runtime path of "/home/tamir/autonomous_robot/sensors_package/src/install/lslidar_msgs/lib/liblslidar_msgs__rosidl_typesupport_fastrtps_c.so" to ""
[9.364s] -- Up-to-date: /home/tamir/autonomous_robot/sensors_package/src/install/lslidar_msgs/include/lslidar_msgs/lslidar_msgs
[9.364s] -- Up-to-date: /home/tamir/autonomous_robot/sensors_package/src/install/lslidar_msgs/include/lslidar_msgs/lslidar_msgs/msg
[9.364s] -- Up-to-date: /home/tamir/autonomous_robot/sensors_package/src/install/lslidar_msgs/include/lslidar_msgs/lslidar_msgs/msg/detail
[9.364s] -- Installing: /home/tamir/autonomous_robot/sensors_package/src/install/lslidar_msgs/include/lslidar_msgs/lslidar_msgs/msg/detail/lslidar_point__traits.hpp
[9.364s] -- Installing: /home/tamir/autonomous_robot/sensors_package/src/install/lslidar_msgs/include/lslidar_msgs/lslidar_msgs/msg/detail/lslidar_packet__builder.hpp
[9.364s] -- Installing: /home/tamir/autonomous_robot/sensors_package/src/install/lslidar_msgs/include/lslidar_msgs/lslidar_msgs/msg/detail/lslidar_packet__traits.hpp
[9.365s] -- Installing: /home/tamir/autonomous_robot/sensors_package/src/install/lslidar_msgs/include/lslidar_msgs/lslidar_msgs/msg/detail/lslidar_point__type_support.hpp
[9.365s] -- Installing: /home/tamir/autonomous_robot/sensors_package/src/install/lslidar_msgs/include/lslidar_msgs/lslidar_msgs/msg/detail/lslidar_point__builder.hpp
[9.365s] -- Installing: /home/tamir/autonomous_robot/sensors_package/src/install/lslidar_msgs/include/lslidar_msgs/lslidar_msgs/msg/detail/lslidar_scan__struct.hpp
[9.365s] -- Installing: /home/tamir/autonomous_robot/sensors_package/src/install/lslidar_msgs/include/lslidar_msgs/lslidar_msgs/msg/detail/lslidar_scan__builder.hpp
[9.365s] -- Installing: /home/tamir/autonomous_robot/sensors_package/src/install/lslidar_msgs/include/lslidar_msgs/lslidar_msgs/msg/detail/lslidar_point__struct.hpp
[9.365s] -- Installing: /home/tamir/autonomous_robot/sensors_package/src/install/lslidar_msgs/include/lslidar_msgs/lslidar_msgs/msg/detail/lslidar_scan__traits.hpp
[9.365s] -- Installing: /home/tamir/autonomous_robot/sensors_package/src/install/lslidar_msgs/include/lslidar_msgs/lslidar_msgs/msg/detail/lslidar_scan__type_support.hpp
[9.365s] -- Installing: /home/tamir/autonomous_robot/sensors_package/src/install/lslidar_msgs/include/lslidar_msgs/lslidar_msgs/msg/detail/lslidar_packet__struct.hpp
[9.365s] -- Installing: /home/tamir/autonomous_robot/sensors_package/src/install/lslidar_msgs/include/lslidar_msgs/lslidar_msgs/msg/detail/lslidar_packet__type_support.hpp
[9.365s] -- Installing: /home/tamir/autonomous_robot/sensors_package/src/install/lslidar_msgs/include/lslidar_msgs/lslidar_msgs/msg/lslidar_point.hpp
[9.366s] -- Installing: /home/tamir/autonomous_robot/sensors_package/src/install/lslidar_msgs/include/lslidar_msgs/lslidar_msgs/msg/lslidar_packet.hpp
[9.366s] -- Installing: /home/tamir/autonomous_robot/sensors_package/src/install/lslidar_msgs/include/lslidar_msgs/lslidar_msgs/msg/lslidar_scan.hpp
[9.366s] -- Installing: /home/tamir/autonomous_robot/sensors_package/src/install/lslidar_msgs/include/lslidar_msgs/lslidar_msgs/msg/rosidl_generator_cpp__visibility_control.hpp
[9.366s] -- Up-to-date: /home/tamir/autonomous_robot/sensors_package/src/install/lslidar_msgs/include/lslidar_msgs/lslidar_msgs/srv
[9.366s] -- Installing: /home/tamir/autonomous_robot/sensors_package/src/install/lslidar_msgs/include/lslidar_msgs/lslidar_msgs/srv/destination_ip.hpp
[9.366s] -- Installing: /home/tamir/autonomous_robot/sensors_package/src/install/lslidar_msgs/include/lslidar_msgs/lslidar_msgs/srv/motor_speed.hpp
[9.366s] -- Up-to-date: /home/tamir/autonomous_robot/sensors_package/src/install/lslidar_msgs/include/lslidar_msgs/lslidar_msgs/srv/detail
[9.366s] -- Installing: /home/tamir/autonomous_robot/sensors_package/src/install/lslidar_msgs/include/lslidar_msgs/lslidar_msgs/srv/detail/lslidar_control__struct.hpp
[9.366s] -- Installing: /home/tamir/autonomous_robot/sensors_package/src/install/lslidar_msgs/include/lslidar_msgs/lslidar_msgs/srv/detail/data_ip__type_support.hpp
[9.366s] -- Installing: /home/tamir/autonomous_robot/sensors_package/src/install/lslidar_msgs/include/lslidar_msgs/lslidar_msgs/srv/detail/motor_control__builder.hpp
[9.366s] -- Installing: /home/tamir/autonomous_robot/sensors_package/src/install/lslidar_msgs/include/lslidar_msgs/lslidar_msgs/srv/detail/dev_port__type_support.hpp
[9.366s] -- Installing: /home/tamir/autonomous_robot/sensors_package/src/install/lslidar_msgs/include/lslidar_msgs/lslidar_msgs/srv/detail/motor_control__type_support.hpp
[9.366s] -- Installing: /home/tamir/autonomous_robot/sensors_package/src/install/lslidar_msgs/include/lslidar_msgs/lslidar_msgs/srv/detail/motor_speed__traits.hpp
[9.367s] -- Installing: /home/tamir/autonomous_robot/sensors_package/src/install/lslidar_msgs/include/lslidar_msgs/lslidar_msgs/srv/detail/destination_ip__builder.hpp
[9.367s] -- Installing: /home/tamir/autonomous_robot/sensors_package/src/install/lslidar_msgs/include/lslidar_msgs/lslidar_msgs/srv/detail/destination_ip__type_support.hpp
[9.367s] -- Installing: /home/tamir/autonomous_robot/sensors_package/src/install/lslidar_msgs/include/lslidar_msgs/lslidar_msgs/srv/detail/destination_ip__struct.hpp
[9.367s] -- Installing: /home/tamir/autonomous_robot/sensors_package/src/install/lslidar_msgs/include/lslidar_msgs/lslidar_msgs/srv/detail/dev_port__builder.hpp
[9.367s] -- Installing: /home/tamir/autonomous_robot/sensors_package/src/install/lslidar_msgs/include/lslidar_msgs/lslidar_msgs/srv/detail/motor_control__struct.hpp
[9.367s] -- Installing: /home/tamir/autonomous_robot/sensors_package/src/install/lslidar_msgs/include/lslidar_msgs/lslidar_msgs/srv/detail/lslidar_control__builder.hpp
[9.367s] -- Installing: /home/tamir/autonomous_robot/sensors_package/src/install/lslidar_msgs/include/lslidar_msgs/lslidar_msgs/srv/detail/data_ip__traits.hpp
[9.367s] -- Installing: /home/tamir/autonomous_robot/sensors_package/src/install/lslidar_msgs/include/lslidar_msgs/lslidar_msgs/srv/detail/motor_speed__builder.hpp
[9.367s] -- Installing: /home/tamir/autonomous_robot/sensors_package/src/install/lslidar_msgs/include/lslidar_msgs/lslidar_msgs/srv/detail/dev_port__traits.hpp
[9.367s] -- Installing: /home/tamir/autonomous_robot/sensors_package/src/install/lslidar_msgs/include/lslidar_msgs/lslidar_msgs/srv/detail/data_port__traits.hpp
[9.367s] -- Installing: /home/tamir/autonomous_robot/sensors_package/src/install/lslidar_msgs/include/lslidar_msgs/lslidar_msgs/srv/detail/lslidar_control__traits.hpp
[9.368s] -- Installing: /home/tamir/autonomous_robot/sensors_package/src/install/lslidar_msgs/include/lslidar_msgs/lslidar_msgs/srv/detail/motor_control__traits.hpp
[9.368s] -- Installing: /home/tamir/autonomous_robot/sensors_package/src/install/lslidar_msgs/include/lslidar_msgs/lslidar_msgs/srv/detail/data_port__builder.hpp
[9.368s] -- Installing: /home/tamir/autonomous_robot/sensors_package/src/install/lslidar_msgs/include/lslidar_msgs/lslidar_msgs/srv/detail/dev_port__struct.hpp
[9.368s] -- Installing: /home/tamir/autonomous_robot/sensors_package/src/install/lslidar_msgs/include/lslidar_msgs/lslidar_msgs/srv/detail/data_ip__builder.hpp
[9.368s] -- Installing: /home/tamir/autonomous_robot/sensors_package/src/install/lslidar_msgs/include/lslidar_msgs/lslidar_msgs/srv/detail/time_service__traits.hpp
[9.368s] -- Installing: /home/tamir/autonomous_robot/sensors_package/src/install/lslidar_msgs/include/lslidar_msgs/lslidar_msgs/srv/detail/data_port__struct.hpp
[9.368s] -- Installing: /home/tamir/autonomous_robot/sensors_package/src/install/lslidar_msgs/include/lslidar_msgs/lslidar_msgs/srv/detail/time_service__type_support.hpp
[9.368s] -- Installing: /home/tamir/autonomous_robot/sensors_package/src/install/lslidar_msgs/include/lslidar_msgs/lslidar_msgs/srv/detail/destination_ip__traits.hpp
[9.368s] -- Installing: /home/tamir/autonomous_robot/sensors_package/src/install/lslidar_msgs/include/lslidar_msgs/lslidar_msgs/srv/detail/data_port__type_support.hpp
[9.368s] -- Installing: /home/tamir/autonomous_robot/sensors_package/src/install/lslidar_msgs/include/lslidar_msgs/lslidar_msgs/srv/detail/motor_speed__type_support.hpp
[9.368s] -- Installing: /home/tamir/autonomous_robot/sensors_package/src/install/lslidar_msgs/include/lslidar_msgs/lslidar_msgs/srv/detail/motor_speed__struct.hpp
[9.368s] -- Installing: /home/tamir/autonomous_robot/sensors_package/src/install/lslidar_msgs/include/lslidar_msgs/lslidar_msgs/srv/detail/time_service__builder.hpp
[9.369s] -- Installing: /home/tamir/autonomous_robot/sensors_package/src/install/lslidar_msgs/include/lslidar_msgs/lslidar_msgs/srv/detail/lslidar_control__type_support.hpp
[9.369s] -- Installing: /home/tamir/autonomous_robot/sensors_package/src/install/lslidar_msgs/include/lslidar_msgs/lslidar_msgs/srv/detail/data_ip__struct.hpp
[9.369s] -- Installing: /home/tamir/autonomous_robot/sensors_package/src/install/lslidar_msgs/include/lslidar_msgs/lslidar_msgs/srv/detail/time_service__struct.hpp
[9.369s] -- Installing: /home/tamir/autonomous_robot/sensors_package/src/install/lslidar_msgs/include/lslidar_msgs/lslidar_msgs/srv/motor_control.hpp
[9.369s] -- Installing: /home/tamir/autonomous_robot/sensors_package/src/install/lslidar_msgs/include/lslidar_msgs/lslidar_msgs/srv/lslidar_control.hpp
[9.369s] -- Installing: /home/tamir/autonomous_robot/sensors_package/src/install/lslidar_msgs/include/lslidar_msgs/lslidar_msgs/srv/time_service.hpp
[9.369s] -- Installing: /home/tamir/autonomous_robot/sensors_package/src/install/lslidar_msgs/include/lslidar_msgs/lslidar_msgs/srv/dev_port.hpp
[9.369s] -- Installing: /home/tamir/autonomous_robot/sensors_package/src/install/lslidar_msgs/include/lslidar_msgs/lslidar_msgs/srv/data_port.hpp
[9.369s] -- Installing: /home/tamir/autonomous_robot/sensors_package/src/install/lslidar_msgs/include/lslidar_msgs/lslidar_msgs/srv/data_ip.hpp
[9.369s] -- Up-to-date: /home/tamir/autonomous_robot/sensors_package/src/install/lslidar_msgs/include/lslidar_msgs/lslidar_msgs
[9.369s] -- Up-to-date: /home/tamir/autonomous_robot/sensors_package/src/install/lslidar_msgs/include/lslidar_msgs/lslidar_msgs/msg
[9.369s] -- Up-to-date: /home/tamir/autonomous_robot/sensors_package/src/install/lslidar_msgs/include/lslidar_msgs/lslidar_msgs/msg/rosidl_typesupport_fastrtps_cpp__visibility_control.h
[9.369s] -- Up-to-date: /home/tamir/autonomous_robot/sensors_package/src/install/lslidar_msgs/include/lslidar_msgs/lslidar_msgs/msg/detail
[9.369s] -- Installing: /home/tamir/autonomous_robot/sensors_package/src/install/lslidar_msgs/include/lslidar_msgs/lslidar_msgs/msg/detail/lslidar_packet__rosidl_typesupport_fastrtps_cpp.hpp
[9.369s] -- Up-to-date: /home/tamir/autonomous_robot/sensors_package/src/install/lslidar_msgs/include/lslidar_msgs/lslidar_msgs/msg/detail/dds_fastrtps
[9.370s] -- Installing: /home/tamir/autonomous_robot/sensors_package/src/install/lslidar_msgs/include/lslidar_msgs/lslidar_msgs/msg/detail/lslidar_point__rosidl_typesupport_fastrtps_cpp.hpp
[9.370s] -- Installing: /home/tamir/autonomous_robot/sensors_package/src/install/lslidar_msgs/include/lslidar_msgs/lslidar_msgs/msg/detail/lslidar_scan__rosidl_typesupport_fastrtps_cpp.hpp
[9.370s] -- Up-to-date: /home/tamir/autonomous_robot/sensors_package/src/install/lslidar_msgs/include/lslidar_msgs/lslidar_msgs/srv
[9.370s] -- Up-to-date: /home/tamir/autonomous_robot/sensors_package/src/install/lslidar_msgs/include/lslidar_msgs/lslidar_msgs/srv/detail
[9.370s] -- Installing: /home/tamir/autonomous_robot/sensors_package/src/install/lslidar_msgs/include/lslidar_msgs/lslidar_msgs/srv/detail/data_ip__rosidl_typesupport_fastrtps_cpp.hpp
[9.370s] -- Installing: /home/tamir/autonomous_robot/sensors_package/src/install/lslidar_msgs/include/lslidar_msgs/lslidar_msgs/srv/detail/destination_ip__rosidl_typesupport_fastrtps_cpp.hpp
[9.370s] -- Installing: /home/tamir/autonomous_robot/sensors_package/src/install/lslidar_msgs/include/lslidar_msgs/lslidar_msgs/srv/detail/time_service__rosidl_typesupport_fastrtps_cpp.hpp
[9.370s] -- Installing: /home/tamir/autonomous_robot/sensors_package/src/install/lslidar_msgs/include/lslidar_msgs/lslidar_msgs/srv/detail/lslidar_control__rosidl_typesupport_fastrtps_cpp.hpp
[9.370s] -- Up-to-date: /home/tamir/autonomous_robot/sensors_package/src/install/lslidar_msgs/include/lslidar_msgs/lslidar_msgs/srv/detail/dds_fastrtps
[9.370s] -- Installing: /home/tamir/autonomous_robot/sensors_package/src/install/lslidar_msgs/include/lslidar_msgs/lslidar_msgs/srv/detail/motor_control__rosidl_typesupport_fastrtps_cpp.hpp
[9.370s] -- Installing: /home/tamir/autonomous_robot/sensors_package/src/install/lslidar_msgs/include/lslidar_msgs/lslidar_msgs/srv/detail/motor_speed__rosidl_typesupport_fastrtps_cpp.hpp
[9.370s] -- Installing: /home/tamir/autonomous_robot/sensors_package/src/install/lslidar_msgs/include/lslidar_msgs/lslidar_msgs/srv/detail/data_port__rosidl_typesupport_fastrtps_cpp.hpp
[9.370s] -- Installing: /home/tamir/autonomous_robot/sensors_package/src/install/lslidar_msgs/include/lslidar_msgs/lslidar_msgs/srv/detail/dev_port__rosidl_typesupport_fastrtps_cpp.hpp
[9.370s] -- Installing: /home/tamir/autonomous_robot/sensors_package/src/install/lslidar_msgs/lib/liblslidar_msgs__rosidl_typesupport_fastrtps_cpp.so
[9.370s] -- Set runtime path of "/home/tamir/autonomous_robot/sensors_package/src/install/lslidar_msgs/lib/liblslidar_msgs__rosidl_typesupport_fastrtps_cpp.so" to ""
[9.370s] -- Up-to-date: /home/tamir/autonomous_robot/sensors_package/src/install/lslidar_msgs/include/lslidar_msgs/lslidar_msgs
[9.371s] -- Up-to-date: /home/tamir/autonomous_robot/sensors_package/src/install/lslidar_msgs/include/lslidar_msgs/lslidar_msgs/msg
[9.371s] -- Up-to-date: /home/tamir/autonomous_robot/sensors_package/src/install/lslidar_msgs/include/lslidar_msgs/lslidar_msgs/msg/detail
[9.371s] -- Installing: /home/tamir/autonomous_robot/sensors_package/src/install/lslidar_msgs/include/lslidar_msgs/lslidar_msgs/msg/detail/lslidar_point__type_support.c
[9.371s] -- Installing: /home/tamir/autonomous_robot/sensors_package/src/install/lslidar_msgs/include/lslidar_msgs/lslidar_msgs/msg/detail/lslidar_scan__rosidl_typesupport_introspection_c.h
[9.371s] -- Installing: /home/tamir/autonomous_robot/sensors_package/src/install/lslidar_msgs/include/lslidar_msgs/lslidar_msgs/msg/detail/lslidar_packet__rosidl_typesupport_introspection_c.h
[9.371s] -- Installing: /home/tamir/autonomous_robot/sensors_package/src/install/lslidar_msgs/include/lslidar_msgs/lslidar_msgs/msg/detail/lslidar_packet__type_support.c
[9.371s] -- Installing: /home/tamir/autonomous_robot/sensors_package/src/install/lslidar_msgs/include/lslidar_msgs/lslidar_msgs/msg/detail/lslidar_point__rosidl_typesupport_introspection_c.h
[9.371s] -- Installing: /home/tamir/autonomous_robot/sensors_package/src/install/lslidar_msgs/include/lslidar_msgs/lslidar_msgs/msg/detail/lslidar_scan__type_support.c
[9.371s] -- Up-to-date: /home/tamir/autonomous_robot/sensors_package/src/install/lslidar_msgs/include/lslidar_msgs/lslidar_msgs/msg/rosidl_typesupport_introspection_c__visibility_control.h
[9.371s] -- Up-to-date: /home/tamir/autonomous_robot/sensors_package/src/install/lslidar_msgs/include/lslidar_msgs/lslidar_msgs/srv
[9.371s] -- Up-to-date: /home/tamir/autonomous_robot/sensors_package/src/install/lslidar_msgs/include/lslidar_msgs/lslidar_msgs/srv/detail
[9.371s] -- Installing: /home/tamir/autonomous_robot/sensors_package/src/install/lslidar_msgs/include/lslidar_msgs/lslidar_msgs/srv/detail/motor_control__type_support.c
[9.371s] -- Installing: /home/tamir/autonomous_robot/sensors_package/src/install/lslidar_msgs/include/lslidar_msgs/lslidar_msgs/srv/detail/dev_port__type_support.c
[9.371s] -- Installing: /home/tamir/autonomous_robot/sensors_package/src/install/lslidar_msgs/include/lslidar_msgs/lslidar_msgs/srv/detail/data_ip__rosidl_typesupport_introspection_c.h
[9.371s] -- Installing: /home/tamir/autonomous_robot/sensors_package/src/install/lslidar_msgs/include/lslidar_msgs/lslidar_msgs/srv/detail/destination_ip__type_support.c
[9.372s] -- Installing: /home/tamir/autonomous_robot/sensors_package/src/install/lslidar_msgs/include/lslidar_msgs/lslidar_msgs/srv/detail/lslidar_control__rosidl_typesupport_introspection_c.h
[9.372s] -- Installing: /home/tamir/autonomous_robot/sensors_package/src/install/lslidar_msgs/include/lslidar_msgs/lslidar_msgs/srv/detail/time_service__rosidl_typesupport_introspection_c.h
[9.372s] -- Installing: /home/tamir/autonomous_robot/sensors_package/src/install/lslidar_msgs/include/lslidar_msgs/lslidar_msgs/srv/detail/data_port__rosidl_typesupport_introspection_c.h
[9.372s] -- Installing: /home/tamir/autonomous_robot/sensors_package/src/install/lslidar_msgs/include/lslidar_msgs/lslidar_msgs/srv/detail/motor_control__rosidl_typesupport_introspection_c.h
[9.372s] -- Installing: /home/tamir/autonomous_robot/sensors_package/src/install/lslidar_msgs/include/lslidar_msgs/lslidar_msgs/srv/detail/motor_speed__rosidl_typesupport_introspection_c.h
[9.372s] -- Installing: /home/tamir/autonomous_robot/sensors_package/src/install/lslidar_msgs/include/lslidar_msgs/lslidar_msgs/srv/detail/lslidar_control__type_support.c
[9.372s] -- Installing: /home/tamir/autonomous_robot/sensors_package/src/install/lslidar_msgs/include/lslidar_msgs/lslidar_msgs/srv/detail/motor_speed__type_support.c
[9.372s] -- Installing: /home/tamir/autonomous_robot/sensors_package/src/install/lslidar_msgs/include/lslidar_msgs/lslidar_msgs/srv/detail/data_port__type_support.c
[9.372s] -- Installing: /home/tamir/autonomous_robot/sensors_package/src/install/lslidar_msgs/include/lslidar_msgs/lslidar_msgs/srv/detail/data_ip__type_support.c
[9.372s] -- Installing: /home/tamir/autonomous_robot/sensors_package/src/install/lslidar_msgs/include/lslidar_msgs/lslidar_msgs/srv/detail/dev_port__rosidl_typesupport_introspection_c.h
[9.372s] -- Installing: /home/tamir/autonomous_robot/sensors_package/src/install/lslidar_msgs/include/lslidar_msgs/lslidar_msgs/srv/detail/time_service__type_support.c
[9.372s] -- Installing: /home/tamir/autonomous_robot/sensors_package/src/install/lslidar_msgs/include/lslidar_msgs/lslidar_msgs/srv/detail/destination_ip__rosidl_typesupport_introspection_c.h
[9.372s] -- Installing: /home/tamir/autonomous_robot/sensors_package/src/install/lslidar_msgs/lib/liblslidar_msgs__rosidl_typesupport_introspection_c.so
[9.372s] -- Set runtime path of "/home/tamir/autonomous_robot/sensors_package/src/install/lslidar_msgs/lib/liblslidar_msgs__rosidl_typesupport_introspection_c.so" to ""
[9.372s] -- Installing: /home/tamir/autonomous_robot/sensors_package/src/install/lslidar_msgs/lib/liblslidar_msgs__rosidl_typesupport_c.so
[9.372s] -- Set runtime path of "/home/tamir/autonomous_robot/sensors_package/src/install/lslidar_msgs/lib/liblslidar_msgs__rosidl_typesupport_c.so" to ""
[9.372s] -- Up-to-date: /home/tamir/autonomous_robot/sensors_package/src/install/lslidar_msgs/include/lslidar_msgs/lslidar_msgs
[9.372s] -- Up-to-date: /home/tamir/autonomous_robot/sensors_package/src/install/lslidar_msgs/include/lslidar_msgs/lslidar_msgs/msg
[9.372s] -- Up-to-date: /home/tamir/autonomous_robot/sensors_package/src/install/lslidar_msgs/include/lslidar_msgs/lslidar_msgs/msg/detail
[9.373s] -- Installing: /home/tamir/autonomous_robot/sensors_package/src/install/lslidar_msgs/include/lslidar_msgs/lslidar_msgs/msg/detail/lslidar_point__type_support.cpp
[9.373s] -- Installing: /home/tamir/autonomous_robot/sensors_package/src/install/lslidar_msgs/include/lslidar_msgs/lslidar_msgs/msg/detail/lslidar_scan__rosidl_typesupport_introspection_cpp.hpp
[9.373s] -- Installing: /home/tamir/autonomous_robot/sensors_package/src/install/lslidar_msgs/include/lslidar_msgs/lslidar_msgs/msg/detail/lslidar_point__rosidl_typesupport_introspection_cpp.hpp
[9.373s] -- Installing: /home/tamir/autonomous_robot/sensors_package/src/install/lslidar_msgs/include/lslidar_msgs/lslidar_msgs/msg/detail/lslidar_packet__type_support.cpp
[9.373s] -- Installing: /home/tamir/autonomous_robot/sensors_package/src/install/lslidar_msgs/include/lslidar_msgs/lslidar_msgs/msg/detail/lslidar_scan__type_support.cpp
[9.373s] -- Installing: /home/tamir/autonomous_robot/sensors_package/src/install/lslidar_msgs/include/lslidar_msgs/lslidar_msgs/msg/detail/lslidar_packet__rosidl_typesupport_introspection_cpp.hpp
[9.373s] -- Up-to-date: /home/tamir/autonomous_robot/sensors_package/src/install/lslidar_msgs/include/lslidar_msgs/lslidar_msgs/srv
[9.373s] -- Up-to-date: /home/tamir/autonomous_robot/sensors_package/src/install/lslidar_msgs/include/lslidar_msgs/lslidar_msgs/srv/detail
[9.373s] -- Installing: /home/tamir/autonomous_robot/sensors_package/src/install/lslidar_msgs/include/lslidar_msgs/lslidar_msgs/srv/detail/data_ip__rosidl_typesupport_introspection_cpp.hpp
[9.373s] -- Installing: /home/tamir/autonomous_robot/sensors_package/src/install/lslidar_msgs/include/lslidar_msgs/lslidar_msgs/srv/detail/time_service__rosidl_typesupport_introspection_cpp.hpp
[9.373s] -- Installing: /home/tamir/autonomous_robot/sensors_package/src/install/lslidar_msgs/include/lslidar_msgs/lslidar_msgs/srv/detail/destination_ip__rosidl_typesupport_introspection_cpp.hpp
[9.373s] -- Installing: /home/tamir/autonomous_robot/sensors_package/src/install/lslidar_msgs/include/lslidar_msgs/lslidar_msgs/srv/detail/motor_speed__rosidl_typesupport_introspection_cpp.hpp
[9.373s] -- Installing: /home/tamir/autonomous_robot/sensors_package/src/install/lslidar_msgs/include/lslidar_msgs/lslidar_msgs/srv/detail/lslidar_control__type_support.cpp
[9.373s] -- Installing: /home/tamir/autonomous_robot/sensors_package/src/install/lslidar_msgs/include/lslidar_msgs/lslidar_msgs/srv/detail/data_port__type_support.cpp
[9.373s] -- Installing: /home/tamir/autonomous_robot/sensors_package/src/install/lslidar_msgs/include/lslidar_msgs/lslidar_msgs/srv/detail/motor_speed__type_support.cpp
[9.373s] -- Installing: /home/tamir/autonomous_robot/sensors_package/src/install/lslidar_msgs/include/lslidar_msgs/lslidar_msgs/srv/detail/dev_port__type_support.cpp
[9.373s] -- Installing: /home/tamir/autonomous_robot/sensors_package/src/install/lslidar_msgs/include/lslidar_msgs/lslidar_msgs/srv/detail/motor_control__rosidl_typesupport_introspection_cpp.hpp
[9.373s] -- Installing: /home/tamir/autonomous_robot/sensors_package/src/install/lslidar_msgs/include/lslidar_msgs/lslidar_msgs/srv/detail/time_service__type_support.cpp
[9.373s] -- Installing: /home/tamir/autonomous_robot/sensors_package/src/install/lslidar_msgs/include/lslidar_msgs/lslidar_msgs/srv/detail/data_ip__type_support.cpp
[9.373s] -- Installing: /home/tamir/autonomous_robot/sensors_package/src/install/lslidar_msgs/include/lslidar_msgs/lslidar_msgs/srv/detail/dev_port__rosidl_typesupport_introspection_cpp.hpp
[9.373s] -- Installing: /home/tamir/autonomous_robot/sensors_package/src/install/lslidar_msgs/include/lslidar_msgs/lslidar_msgs/srv/detail/data_port__rosidl_typesupport_introspection_cpp.hpp
[9.373s] -- Installing: /home/tamir/autonomous_robot/sensors_package/src/install/lslidar_msgs/include/lslidar_msgs/lslidar_msgs/srv/detail/destination_ip__type_support.cpp
[9.373s] -- Installing: /home/tamir/autonomous_robot/sensors_package/src/install/lslidar_msgs/include/lslidar_msgs/lslidar_msgs/srv/detail/lslidar_control__rosidl_typesupport_introspection_cpp.hpp
[9.373s] -- Installing: /home/tamir/autonomous_robot/sensors_package/src/install/lslidar_msgs/include/lslidar_msgs/lslidar_msgs/srv/detail/motor_control__type_support.cpp
[9.373s] -- Installing: /home/tamir/autonomous_robot/sensors_package/src/install/lslidar_msgs/lib/liblslidar_msgs__rosidl_typesupport_introspection_cpp.so
[9.373s] -- Set runtime path of "/home/tamir/autonomous_robot/sensors_package/src/install/lslidar_msgs/lib/liblslidar_msgs__rosidl_typesupport_introspection_cpp.so" to ""
[9.373s] -- Installing: /home/tamir/autonomous_robot/sensors_package/src/install/lslidar_msgs/lib/liblslidar_msgs__rosidl_typesupport_cpp.so
[9.373s] -- Set runtime path of "/home/tamir/autonomous_robot/sensors_package/src/install/lslidar_msgs/lib/liblslidar_msgs__rosidl_typesupport_cpp.so" to ""
[9.373s] -- Up-to-date: /home/tamir/autonomous_robot/sensors_package/src/install/lslidar_msgs/share/lslidar_msgs/environment/pythonpath.sh
[9.373s] -- Installing: /home/tamir/autonomous_robot/sensors_package/src/install/lslidar_msgs/share/lslidar_msgs/environment/pythonpath.dsv
[9.373s] -- Up-to-date: /home/tamir/autonomous_robot/sensors_package/src/install/lslidar_msgs/local/lib/python3.10/dist-packages/lslidar_msgs-3.0.1-py3.10.egg-info
[9.373s] -- Installing: /home/tamir/autonomous_robot/sensors_package/src/install/lslidar_msgs/local/lib/python3.10/dist-packages/lslidar_msgs-3.0.1-py3.10.egg-info/PKG-INFO
[9.373s] -- Installing: /home/tamir/autonomous_robot/sensors_package/src/install/lslidar_msgs/local/lib/python3.10/dist-packages/lslidar_msgs-3.0.1-py3.10.egg-info/dependency_links.txt
[9.373s] -- Installing: /home/tamir/autonomous_robot/sensors_package/src/install/lslidar_msgs/local/lib/python3.10/dist-packages/lslidar_msgs-3.0.1-py3.10.egg-info/top_level.txt
[9.374s] -- Installing: /home/tamir/autonomous_robot/sensors_package/src/install/lslidar_msgs/local/lib/python3.10/dist-packages/lslidar_msgs-3.0.1-py3.10.egg-info/SOURCES.txt
[9.374s] -- Up-to-date: /home/tamir/autonomous_robot/sensors_package/src/install/lslidar_msgs/local/lib/python3.10/dist-packages/lslidar_msgs
[9.374s] -- Installing: /home/tamir/autonomous_robot/sensors_package/src/install/lslidar_msgs/local/lib/python3.10/dist-packages/lslidar_msgs/_lslidar_msgs_s.ep.rosidl_typesupport_c.c
[9.374s] -- Up-to-date: /home/tamir/autonomous_robot/sensors_package/src/install/lslidar_msgs/local/lib/python3.10/dist-packages/lslidar_msgs/msg
[9.374s] -- Installing: /home/tamir/autonomous_robot/sensors_package/src/install/lslidar_msgs/local/lib/python3.10/dist-packages/lslidar_msgs/msg/_lslidar_packet.py
[9.374s] -- Installing: /home/tamir/autonomous_robot/sensors_package/src/install/lslidar_msgs/local/lib/python3.10/dist-packages/lslidar_msgs/msg/_lslidar_point_s.c
[9.374s] -- Installing: /home/tamir/autonomous_robot/sensors_package/src/install/lslidar_msgs/local/lib/python3.10/dist-packages/lslidar_msgs/msg/_lslidar_scan.py
[9.374s] -- Installing: /home/tamir/autonomous_robot/sensors_package/src/install/lslidar_msgs/local/lib/python3.10/dist-packages/lslidar_msgs/msg/_lslidar_scan_s.c
[9.374s] -- Installing: /home/tamir/autonomous_robot/sensors_package/src/install/lslidar_msgs/local/lib/python3.10/dist-packages/lslidar_msgs/msg/__init__.py
[9.374s] -- Installing: /home/tamir/autonomous_robot/sensors_package/src/install/lslidar_msgs/local/lib/python3.10/dist-packages/lslidar_msgs/msg/_lslidar_packet_s.c
[9.374s] -- Installing: /home/tamir/autonomous_robot/sensors_package/src/install/lslidar_msgs/local/lib/python3.10/dist-packages/lslidar_msgs/msg/_lslidar_point.py
[9.374s] -- Installing: /home/tamir/autonomous_robot/sensors_package/src/install/lslidar_msgs/local/lib/python3.10/dist-packages/lslidar_msgs/__init__.py
[9.374s] -- Installing: /home/tamir/autonomous_robot/sensors_package/src/install/lslidar_msgs/local/lib/python3.10/dist-packages/lslidar_msgs/lslidar_msgs_s__rosidl_typesupport_introspection_c.cpython-310-x86_64-linux-gnu.so
[9.374s] -- Installing: /home/tamir/autonomous_robot/sensors_package/src/install/lslidar_msgs/local/lib/python3.10/dist-packages/lslidar_msgs/lslidar_msgs_s__rosidl_typesupport_c.cpython-310-x86_64-linux-gnu.so
[9.374s] -- Installing: /home/tamir/autonomous_robot/sensors_package/src/install/lslidar_msgs/local/lib/python3.10/dist-packages/lslidar_msgs/_lslidar_msgs_s.ep.rosidl_typesupport_introspection_c.c
[9.374s] -- Up-to-date: /home/tamir/autonomous_robot/sensors_package/src/install/lslidar_msgs/local/lib/python3.10/dist-packages/lslidar_msgs/srv
[9.374s] -- Installing: /home/tamir/autonomous_robot/sensors_package/src/install/lslidar_msgs/local/lib/python3.10/dist-packages/lslidar_msgs/srv/_dev_port_s.c
[9.374s] -- Installing: /home/tamir/autonomous_robot/sensors_package/src/install/lslidar_msgs/local/lib/python3.10/dist-packages/lslidar_msgs/srv/_data_ip.py
[9.374s] -- Installing: /home/tamir/autonomous_robot/sensors_package/src/install/lslidar_msgs/local/lib/python3.10/dist-packages/lslidar_msgs/srv/_time_service.py
[9.374s] -- Installing: /home/tamir/autonomous_robot/sensors_package/src/install/lslidar_msgs/local/lib/python3.10/dist-packages/lslidar_msgs/srv/_motor_speed.py
[9.374s] -- Installing: /home/tamir/autonomous_robot/sensors_package/src/install/lslidar_msgs/local/lib/python3.10/dist-packages/lslidar_msgs/srv/_destination_ip_s.c
[9.374s] -- Installing: /home/tamir/autonomous_robot/sensors_package/src/install/lslidar_msgs/local/lib/python3.10/dist-packages/lslidar_msgs/srv/__init__.py
[9.374s] -- Installing: /home/tamir/autonomous_robot/sensors_package/src/install/lslidar_msgs/local/lib/python3.10/dist-packages/lslidar_msgs/srv/_motor_control_s.c
[9.374s] -- Installing: /home/tamir/autonomous_robot/sensors_package/src/install/lslidar_msgs/local/lib/python3.10/dist-packages/lslidar_msgs/srv/_lslidar_control.py
[9.374s] -- Installing: /home/tamir/autonomous_robot/sensors_package/src/install/lslidar_msgs/local/lib/python3.10/dist-packages/lslidar_msgs/srv/_data_port.py
[9.374s] -- Installing: /home/tamir/autonomous_robot/sensors_package/src/install/lslidar_msgs/local/lib/python3.10/dist-packages/lslidar_msgs/srv/_dev_port.py
[9.374s] -- Installing: /home/tamir/autonomous_robot/sensors_package/src/install/lslidar_msgs/local/lib/python3.10/dist-packages/lslidar_msgs/srv/_data_ip_s.c
[9.374s] -- Installing: /home/tamir/autonomous_robot/sensors_package/src/install/lslidar_msgs/local/lib/python3.10/dist-packages/lslidar_msgs/srv/_lslidar_control_s.c
[9.374s] -- Installing: /home/tamir/autonomous_robot/sensors_package/src/install/lslidar_msgs/local/lib/python3.10/dist-packages/lslidar_msgs/srv/_motor_speed_s.c
[9.374s] -- Installing: /home/tamir/autonomous_robot/sensors_package/src/install/lslidar_msgs/local/lib/python3.10/dist-packages/lslidar_msgs/srv/_data_port_s.c
[9.374s] -- Installing: /home/tamir/autonomous_robot/sensors_package/src/install/lslidar_msgs/local/lib/python3.10/dist-packages/lslidar_msgs/srv/_time_service_s.c
[9.374s] -- Installing: /home/tamir/autonomous_robot/sensors_package/src/install/lslidar_msgs/local/lib/python3.10/dist-packages/lslidar_msgs/srv/_destination_ip.py
[9.374s] -- Installing: /home/tamir/autonomous_robot/sensors_package/src/install/lslidar_msgs/local/lib/python3.10/dist-packages/lslidar_msgs/srv/_motor_control.py
[9.374s] -- Installing: /home/tamir/autonomous_robot/sensors_package/src/install/lslidar_msgs/local/lib/python3.10/dist-packages/lslidar_msgs/liblslidar_msgs__rosidl_generator_py.so
[9.374s] -- Installing: /home/tamir/autonomous_robot/sensors_package/src/install/lslidar_msgs/local/lib/python3.10/dist-packages/lslidar_msgs/lslidar_msgs_s__rosidl_typesupport_fastrtps_c.cpython-310-x86_64-linux-gnu.so
[9.374s] -- Installing: /home/tamir/autonomous_robot/sensors_package/src/install/lslidar_msgs/local/lib/python3.10/dist-packages/lslidar_msgs/_lslidar_msgs_s.ep.rosidl_typesupport_fastrtps_c.c
[9.426s] Listing '/home/tamir/autonomous_robot/sensors_package/src/install/lslidar_msgs/local/lib/python3.10/dist-packages/lslidar_msgs'...
[9.426s] Compiling '/home/tamir/autonomous_robot/sensors_package/src/install/lslidar_msgs/local/lib/python3.10/dist-packages/lslidar_msgs/__init__.py'...
[9.426s] Listing '/home/tamir/autonomous_robot/sensors_package/src/install/lslidar_msgs/local/lib/python3.10/dist-packages/lslidar_msgs/msg'...
[9.426s] Compiling '/home/tamir/autonomous_robot/sensors_package/src/install/lslidar_msgs/local/lib/python3.10/dist-packages/lslidar_msgs/msg/__init__.py'...
[9.426s] Compiling '/home/tamir/autonomous_robot/sensors_package/src/install/lslidar_msgs/local/lib/python3.10/dist-packages/lslidar_msgs/msg/_lslidar_packet.py'...
[9.426s] Compiling '/home/tamir/autonomous_robot/sensors_package/src/install/lslidar_msgs/local/lib/python3.10/dist-packages/lslidar_msgs/msg/_lslidar_point.py'...
[9.427s] Compiling '/home/tamir/autonomous_robot/sensors_package/src/install/lslidar_msgs/local/lib/python3.10/dist-packages/lslidar_msgs/msg/_lslidar_scan.py'...
[9.427s] Listing '/home/tamir/autonomous_robot/sensors_package/src/install/lslidar_msgs/local/lib/python3.10/dist-packages/lslidar_msgs/srv'...
[9.427s] Compiling '/home/tamir/autonomous_robot/sensors_package/src/install/lslidar_msgs/local/lib/python3.10/dist-packages/lslidar_msgs/srv/__init__.py'...
[9.427s] Compiling '/home/tamir/autonomous_robot/sensors_package/src/install/lslidar_msgs/local/lib/python3.10/dist-packages/lslidar_msgs/srv/_data_ip.py'...
[9.427s] Compiling '/home/tamir/autonomous_robot/sensors_package/src/install/lslidar_msgs/local/lib/python3.10/dist-packages/lslidar_msgs/srv/_data_port.py'...
[9.427s] Compiling '/home/tamir/autonomous_robot/sensors_package/src/install/lslidar_msgs/local/lib/python3.10/dist-packages/lslidar_msgs/srv/_destination_ip.py'...
[9.427s] Compiling '/home/tamir/autonomous_robot/sensors_package/src/install/lslidar_msgs/local/lib/python3.10/dist-packages/lslidar_msgs/srv/_dev_port.py'...
[9.427s] Compiling '/home/tamir/autonomous_robot/sensors_package/src/install/lslidar_msgs/local/lib/python3.10/dist-packages/lslidar_msgs/srv/_lslidar_control.py'...
[9.427s] Compiling '/home/tamir/autonomous_robot/sensors_package/src/install/lslidar_msgs/local/lib/python3.10/dist-packages/lslidar_msgs/srv/_motor_control.py'...
[9.427s] Compiling '/home/tamir/autonomous_robot/sensors_package/src/install/lslidar_msgs/local/lib/python3.10/dist-packages/lslidar_msgs/srv/_motor_speed.py'...
[9.427s] Compiling '/home/tamir/autonomous_robot/sensors_package/src/install/lslidar_msgs/local/lib/python3.10/dist-packages/lslidar_msgs/srv/_time_service.py'...
[9.432s] -- Installing: /home/tamir/autonomous_robot/sensors_package/src/install/lslidar_msgs/local/lib/python3.10/dist-packages/lslidar_msgs/lslidar_msgs_s__rosidl_typesupport_fastrtps_c.cpython-310-x86_64-linux-gnu.so
[9.432s] -- Set runtime path of "/home/tamir/autonomous_robot/sensors_package/src/install/lslidar_msgs/local/lib/python3.10/dist-packages/lslidar_msgs/lslidar_msgs_s__rosidl_typesupport_fastrtps_c.cpython-310-x86_64-linux-gnu.so" to ""
[9.433s] -- Installing: /home/tamir/autonomous_robot/sensors_package/src/install/lslidar_msgs/local/lib/python3.10/dist-packages/lslidar_msgs/lslidar_msgs_s__rosidl_typesupport_introspection_c.cpython-310-x86_64-linux-gnu.so
[9.433s] -- Set runtime path of "/home/tamir/autonomous_robot/sensors_package/src/install/lslidar_msgs/local/lib/python3.10/dist-packages/lslidar_msgs/lslidar_msgs_s__rosidl_typesupport_introspection_c.cpython-310-x86_64-linux-gnu.so" to ""
[9.433s] -- Installing: /home/tamir/autonomous_robot/sensors_package/src/install/lslidar_msgs/local/lib/python3.10/dist-packages/lslidar_msgs/lslidar_msgs_s__rosidl_typesupport_c.cpython-310-x86_64-linux-gnu.so
[9.434s] -- Set runtime path of "/home/tamir/autonomous_robot/sensors_package/src/install/lslidar_msgs/local/lib/python3.10/dist-packages/lslidar_msgs/lslidar_msgs_s__rosidl_typesupport_c.cpython-310-x86_64-linux-gnu.so" to ""
[9.435s] -- Installing: /home/tamir/autonomous_robot/sensors_package/src/install/lslidar_msgs/lib/liblslidar_msgs__rosidl_generator_py.so
[9.435s] -- Set runtime path of "/home/tamir/autonomous_robot/sensors_package/src/install/lslidar_msgs/lib/liblslidar_msgs__rosidl_generator_py.so" to ""
[9.435s] -- Up-to-date: /home/tamir/autonomous_robot/sensors_package/src/install/lslidar_msgs/share/lslidar_msgs/msg/LslidarPacket.idl
[9.435s] -- Up-to-date: /home/tamir/autonomous_robot/sensors_package/src/install/lslidar_msgs/share/lslidar_msgs/msg/LslidarPoint.idl
[9.435s] -- Up-to-date: /home/tamir/autonomous_robot/sensors_package/src/install/lslidar_msgs/share/lslidar_msgs/msg/LslidarScan.idl
[9.436s] -- Up-to-date: /home/tamir/autonomous_robot/sensors_package/src/install/lslidar_msgs/share/lslidar_msgs/srv/DataIp.idl
[9.436s] -- Up-to-date: /home/tamir/autonomous_robot/sensors_package/src/install/lslidar_msgs/share/lslidar_msgs/srv/DataPort.idl
[9.436s] -- Up-to-date: /home/tamir/autonomous_robot/sensors_package/src/install/lslidar_msgs/share/lslidar_msgs/srv/DestinationIp.idl
[9.436s] -- Up-to-date: /home/tamir/autonomous_robot/sensors_package/src/install/lslidar_msgs/share/lslidar_msgs/srv/DevPort.idl
[9.436s] -- Up-to-date: /home/tamir/autonomous_robot/sensors_package/src/install/lslidar_msgs/share/lslidar_msgs/srv/LslidarControl.idl
[9.436s] -- Up-to-date: /home/tamir/autonomous_robot/sensors_package/src/install/lslidar_msgs/share/lslidar_msgs/srv/MotorControl.idl
[9.436s] -- Up-to-date: /home/tamir/autonomous_robot/sensors_package/src/install/lslidar_msgs/share/lslidar_msgs/srv/MotorSpeed.idl
[9.436s] -- Up-to-date: /home/tamir/autonomous_robot/sensors_package/src/install/lslidar_msgs/share/lslidar_msgs/srv/TimeService.idl
[9.436s] -- Up-to-date: /home/tamir/autonomous_robot/sensors_package/src/install/lslidar_msgs/share/lslidar_msgs/msg/LslidarPacket.msg
[9.436s] -- Up-to-date: /home/tamir/autonomous_robot/sensors_package/src/install/lslidar_msgs/share/lslidar_msgs/msg/LslidarPoint.msg
[9.436s] -- Up-to-date: /home/tamir/autonomous_robot/sensors_package/src/install/lslidar_msgs/share/lslidar_msgs/msg/LslidarScan.msg
[9.436s] -- Up-to-date: /home/tamir/autonomous_robot/sensors_package/src/install/lslidar_msgs/share/lslidar_msgs/srv/DataIp.srv
[9.436s] -- Up-to-date: /home/tamir/autonomous_robot/sensors_package/src/install/lslidar_msgs/share/lslidar_msgs/srv/DataIp_Request.msg
[9.436s] -- Up-to-date: /home/tamir/autonomous_robot/sensors_package/src/install/lslidar_msgs/share/lslidar_msgs/srv/DataIp_Response.msg
[9.436s] -- Up-to-date: /home/tamir/autonomous_robot/sensors_package/src/install/lslidar_msgs/share/lslidar_msgs/srv/DataPort.srv
[9.436s] -- Up-to-date: /home/tamir/autonomous_robot/sensors_package/src/install/lslidar_msgs/share/lslidar_msgs/srv/DataPort_Request.msg
[9.437s] -- Up-to-date: /home/tamir/autonomous_robot/sensors_package/src/install/lslidar_msgs/share/lslidar_msgs/srv/DataPort_Response.msg
[9.437s] -- Up-to-date: /home/tamir/autonomous_robot/sensors_package/src/install/lslidar_msgs/share/lslidar_msgs/srv/DestinationIp.srv
[9.437s] -- Up-to-date: /home/tamir/autonomous_robot/sensors_package/src/install/lslidar_msgs/share/lslidar_msgs/srv/DestinationIp_Request.msg
[9.437s] -- Up-to-date: /home/tamir/autonomous_robot/sensors_package/src/install/lslidar_msgs/share/lslidar_msgs/srv/DestinationIp_Response.msg
[9.437s] -- Up-to-date: /home/tamir/autonomous_robot/sensors_package/src/install/lslidar_msgs/share/lslidar_msgs/srv/DevPort.srv
[9.437s] -- Up-to-date: /home/tamir/autonomous_robot/sensors_package/src/install/lslidar_msgs/share/lslidar_msgs/srv/DevPort_Request.msg
[9.437s] -- Up-to-date: /home/tamir/autonomous_robot/sensors_package/src/install/lslidar_msgs/share/lslidar_msgs/srv/DevPort_Response.msg
[9.437s] -- Up-to-date: /home/tamir/autonomous_robot/sensors_package/src/install/lslidar_msgs/share/lslidar_msgs/srv/LslidarControl.srv
[9.437s] -- Up-to-date: /home/tamir/autonomous_robot/sensors_package/src/install/lslidar_msgs/share/lslidar_msgs/srv/LslidarControl_Request.msg
[9.437s] -- Up-to-date: /home/tamir/autonomous_robot/sensors_package/src/install/lslidar_msgs/share/lslidar_msgs/srv/LslidarControl_Response.msg
[9.437s] -- Up-to-date: /home/tamir/autonomous_robot/sensors_package/src/install/lslidar_msgs/share/lslidar_msgs/srv/MotorControl.srv
[9.437s] -- Up-to-date: /home/tamir/autonomous_robot/sensors_package/src/install/lslidar_msgs/share/lslidar_msgs/srv/MotorControl_Request.msg
[9.437s] -- Up-to-date: /home/tamir/autonomous_robot/sensors_package/src/install/lslidar_msgs/share/lslidar_msgs/srv/MotorControl_Response.msg
[9.437s] -- Up-to-date: /home/tamir/autonomous_robot/sensors_package/src/install/lslidar_msgs/share/lslidar_msgs/srv/MotorSpeed.srv
[9.437s] -- Up-to-date: /home/tamir/autonomous_robot/sensors_package/src/install/lslidar_msgs/share/lslidar_msgs/srv/MotorSpeed_Request.msg
[9.438s] -- Up-to-date: /home/tamir/autonomous_robot/sensors_package/src/install/lslidar_msgs/share/lslidar_msgs/srv/MotorSpeed_Response.msg
[9.438s] -- Up-to-date: /home/tamir/autonomous_robot/sensors_package/src/install/lslidar_msgs/share/lslidar_msgs/srv/TimeService.srv
[9.438s] -- Up-to-date: /home/tamir/autonomous_robot/sensors_package/src/install/lslidar_msgs/share/lslidar_msgs/srv/TimeService_Request.msg
[9.438s] -- Up-to-date: /home/tamir/autonomous_robot/sensors_package/src/install/lslidar_msgs/share/lslidar_msgs/srv/TimeService_Response.msg
[9.438s] -- Up-to-date: /home/tamir/autonomous_robot/sensors_package/src/install/lslidar_msgs/share/ament_index/resource_index/package_run_dependencies/lslidar_msgs
[9.438s] -- Installing: /home/tamir/autonomous_robot/sensors_package/src/install/lslidar_msgs/share/ament_index/resource_index/parent_prefix_path/lslidar_msgs
[9.438s] -- Installing: /home/tamir/autonomous_robot/sensors_package/src/install/lslidar_msgs/share/lslidar_msgs/environment/ament_prefix_path.sh
[9.438s] -- Installing: /home/tamir/autonomous_robot/sensors_package/src/install/lslidar_msgs/share/lslidar_msgs/environment/ament_prefix_path.dsv
[9.438s] -- Installing: /home/tamir/autonomous_robot/sensors_package/src/install/lslidar_msgs/share/lslidar_msgs/environment/path.sh
[9.439s] -- Installing: /home/tamir/autonomous_robot/sensors_package/src/install/lslidar_msgs/share/lslidar_msgs/environment/path.dsv
[9.439s] -- Up-to-date: /home/tamir/autonomous_robot/sensors_package/src/install/lslidar_msgs/share/lslidar_msgs/local_setup.bash
[9.439s] -- Up-to-date: /home/tamir/autonomous_robot/sensors_package/src/install/lslidar_msgs/share/lslidar_msgs/local_setup.sh
[9.439s] -- Up-to-date: /home/tamir/autonomous_robot/sensors_package/src/install/lslidar_msgs/share/lslidar_msgs/local_setup.zsh
[9.439s] -- Installing: /home/tamir/autonomous_robot/sensors_package/src/install/lslidar_msgs/share/lslidar_msgs/local_setup.dsv
[9.439s] -- Installing: /home/tamir/autonomous_robot/sensors_package/src/install/lslidar_msgs/share/lslidar_msgs/package.dsv
[9.439s] -- Up-to-date: /home/tamir/autonomous_robot/sensors_package/src/install/lslidar_msgs/share/ament_index/resource_index/packages/lslidar_msgs
[9.440s] -- Up-to-date: /home/tamir/autonomous_robot/sensors_package/src/install/lslidar_msgs/share/lslidar_msgs/cmake/export_lslidar_msgs__rosidl_generator_cExport.cmake
[9.440s] -- Up-to-date: /home/tamir/autonomous_robot/sensors_package/src/install/lslidar_msgs/share/lslidar_msgs/cmake/export_lslidar_msgs__rosidl_generator_cExport-noconfig.cmake
[9.440s] -- Up-to-date: /home/tamir/autonomous_robot/sensors_package/src/install/lslidar_msgs/share/lslidar_msgs/cmake/export_lslidar_msgs__rosidl_typesupport_fastrtps_cExport.cmake
[9.440s] -- Up-to-date: /home/tamir/autonomous_robot/sensors_package/src/install/lslidar_msgs/share/lslidar_msgs/cmake/export_lslidar_msgs__rosidl_typesupport_fastrtps_cExport-noconfig.cmake
[9.440s] -- Up-to-date: /home/tamir/autonomous_robot/sensors_package/src/install/lslidar_msgs/share/lslidar_msgs/cmake/export_lslidar_msgs__rosidl_generator_cppExport.cmake
[9.440s] -- Up-to-date: /home/tamir/autonomous_robot/sensors_package/src/install/lslidar_msgs/share/lslidar_msgs/cmake/export_lslidar_msgs__rosidl_typesupport_fastrtps_cppExport.cmake
[9.441s] -- Up-to-date: /home/tamir/autonomous_robot/sensors_package/src/install/lslidar_msgs/share/lslidar_msgs/cmake/export_lslidar_msgs__rosidl_typesupport_fastrtps_cppExport-noconfig.cmake
[9.441s] -- Up-to-date: /home/tamir/autonomous_robot/sensors_package/src/install/lslidar_msgs/share/lslidar_msgs/cmake/lslidar_msgs__rosidl_typesupport_introspection_cExport.cmake
[9.441s] -- Up-to-date: /home/tamir/autonomous_robot/sensors_package/src/install/lslidar_msgs/share/lslidar_msgs/cmake/lslidar_msgs__rosidl_typesupport_introspection_cExport-noconfig.cmake
[9.441s] -- Up-to-date: /home/tamir/autonomous_robot/sensors_package/src/install/lslidar_msgs/share/lslidar_msgs/cmake/lslidar_msgs__rosidl_typesupport_cExport.cmake
[9.441s] -- Up-to-date: /home/tamir/autonomous_robot/sensors_package/src/install/lslidar_msgs/share/lslidar_msgs/cmake/lslidar_msgs__rosidl_typesupport_cExport-noconfig.cmake
[9.441s] -- Up-to-date: /home/tamir/autonomous_robot/sensors_package/src/install/lslidar_msgs/share/lslidar_msgs/cmake/lslidar_msgs__rosidl_typesupport_introspection_cppExport.cmake
[9.441s] -- Up-to-date: /home/tamir/autonomous_robot/sensors_package/src/install/lslidar_msgs/share/lslidar_msgs/cmake/lslidar_msgs__rosidl_typesupport_introspection_cppExport-noconfig.cmake
[9.442s] -- Up-to-date: /home/tamir/autonomous_robot/sensors_package/src/install/lslidar_msgs/share/lslidar_msgs/cmake/lslidar_msgs__rosidl_typesupport_cppExport.cmake
[9.442s] -- Up-to-date: /home/tamir/autonomous_robot/sensors_package/src/install/lslidar_msgs/share/lslidar_msgs/cmake/lslidar_msgs__rosidl_typesupport_cppExport-noconfig.cmake
[9.442s] -- Up-to-date: /home/tamir/autonomous_robot/sensors_package/src/install/lslidar_msgs/share/lslidar_msgs/cmake/export_lslidar_msgs__rosidl_generator_pyExport.cmake
[9.442s] -- Up-to-date: /home/tamir/autonomous_robot/sensors_package/src/install/lslidar_msgs/share/lslidar_msgs/cmake/export_lslidar_msgs__rosidl_generator_pyExport-noconfig.cmake
[9.442s] -- Up-to-date: /home/tamir/autonomous_robot/sensors_package/src/install/lslidar_msgs/share/lslidar_msgs/cmake/rosidl_cmake-extras.cmake
[9.442s] -- Up-to-date: /home/tamir/autonomous_robot/sensors_package/src/install/lslidar_msgs/share/lslidar_msgs/cmake/ament_cmake_export_dependencies-extras.cmake
[9.442s] -- Up-to-date: /home/tamir/autonomous_robot/sensors_package/src/install/lslidar_msgs/share/lslidar_msgs/cmake/ament_cmake_export_include_directories-extras.cmake
[9.442s] -- Up-to-date: /home/tamir/autonomous_robot/sensors_package/src/install/lslidar_msgs/share/lslidar_msgs/cmake/ament_cmake_export_libraries-extras.cmake
[9.442s] -- Up-to-date: /home/tamir/autonomous_robot/sensors_package/src/install/lslidar_msgs/share/lslidar_msgs/cmake/ament_cmake_export_targets-extras.cmake
[9.442s] -- Up-to-date: /home/tamir/autonomous_robot/sensors_package/src/install/lslidar_msgs/share/lslidar_msgs/cmake/rosidl_cmake_export_typesupport_targets-extras.cmake
[9.442s] -- Up-to-date: /home/tamir/autonomous_robot/sensors_package/src/install/lslidar_msgs/share/lslidar_msgs/cmake/rosidl_cmake_export_typesupport_libraries-extras.cmake
[9.443s] -- Up-to-date: /home/tamir/autonomous_robot/sensors_package/src/install/lslidar_msgs/share/lslidar_msgs/cmake/lslidar_msgsConfig.cmake
[9.443s] -- Up-to-date: /home/tamir/autonomous_robot/sensors_package/src/install/lslidar_msgs/share/lslidar_msgs/cmake/lslidar_msgsConfig-version.cmake
[9.443s] -- Up-to-date: /home/tamir/autonomous_robot/sensors_package/src/install/lslidar_msgs/share/lslidar_msgs/package.xml
[9.446s] Invoked command in '/home/tamir/autonomous_robot/sensors_package/src/build/lslidar_msgs' returned '0': CMAKE_PREFIX_PATH=${CMAKE_PREFIX_PATH}:/home/tamir/ws_moveit2/install/moveit_configs_utils:/home/tamir/ws_moveit2/install/launch_param_builder:/home/tamir/autonomous_robot/install/calc_odom:/home/tamir/autonomous_robot/install/control_hardware:/home/tamir/ros2_ws/install/turtle_spawner:/home/tamir/ros2_ws/install/turtle_controller:/home/tamir/ros2_ws/install/my_py_pkg:/home/tamir/autonomous_robot/autonomous_robot_control/install/control_hardware:/home/tamir/autonomous_robot/autonomous_robot_control/install/calc_odom:/home/tamir/autonomous_robot/autonomous_robot_control/src/control_hardware/install/control_hardware:/opt/ros/humble /usr/bin/cmake --install /home/tamir/autonomous_robot/sensors_package/src/build/lslidar_msgs
