[35m[1mConsolidate compiler generated dependencies of target autonomous_robot_control[0m
[35m[1mConsolidate compiler generated dependencies of target teleop_joy_node[0m
[ 33%] Built target autonomous_robot_control
[ 66%] Built target teleop_joy_node
[35m[1mConsolidate compiler generated dependencies of target prototype_joy_driver[0m
[100%] Built target prototype_joy_driver
-- Install configuration: ""
-- Up-to-date: /home/tamir/autonomous_robot/install/autonomous_robot_control/lib/autonomous_robot_control/teleop_joy_node
-- Up-to-date: /home/tamir/autonomous_robot/install/autonomous_robot_control/lib/autonomous_robot_control/prototype_joy_driver
-- Up-to-date: /home/tamir/autonomous_robot/install/autonomous_robot_control/lib/autonomous_robot_control/libautonomous_robot_control.a
-- Up-to-date: /home/tamir/autonomous_robot/install/autonomous_robot_control/include/autonomous_robot_control
-- Up-to-date: /home/tamir/autonomous_robot/install/autonomous_robot_control/include/autonomous_robot_control/autonomous_robot_control
-- Up-to-date: /home/tamir/autonomous_robot/install/autonomous_robot_control/include/autonomous_robot_control/autonomous_robot_control/prototype_joy_controller_class.hpp
-- Up-to-date: /home/tamir/autonomous_robot/install/autonomous_robot_control/share/autonomous_robot_control//launch
-- Up-to-date: /home/tamir/autonomous_robot/install/autonomous_robot_control/share/autonomous_robot_control//launch/joystick.launch.py
-- Up-to-date: /home/tamir/autonomous_robot/install/autonomous_robot_control/share/ament_index/resource_index/package_run_dependencies/autonomous_robot_control
-- Up-to-date: /home/tamir/autonomous_robot/install/autonomous_robot_control/share/ament_index/resource_index/parent_prefix_path/autonomous_robot_control
-- Up-to-date: /home/tamir/autonomous_robot/install/autonomous_robot_control/share/autonomous_robot_control/environment/ament_prefix_path.sh
-- Up-to-date: /home/tamir/autonomous_robot/install/autonomous_robot_control/share/autonomous_robot_control/environment/ament_prefix_path.dsv
-- Up-to-date: /home/tamir/autonomous_robot/install/autonomous_robot_control/share/autonomous_robot_control/environment/path.sh
-- Up-to-date: /home/tamir/autonomous_robot/install/autonomous_robot_control/share/autonomous_robot_control/environment/path.dsv
-- Up-to-date: /home/tamir/autonomous_robot/install/autonomous_robot_control/share/autonomous_robot_control/local_setup.bash
-- Up-to-date: /home/tamir/autonomous_robot/install/autonomous_robot_control/share/autonomous_robot_control/local_setup.sh
-- Up-to-date: /home/tamir/autonomous_robot/install/autonomous_robot_control/share/autonomous_robot_control/local_setup.zsh
-- Up-to-date: /home/tamir/autonomous_robot/install/autonomous_robot_control/share/autonomous_robot_control/local_setup.dsv
-- Installing: /home/tamir/autonomous_robot/install/autonomous_robot_control/share/autonomous_robot_control/package.dsv
-- Up-to-date: /home/tamir/autonomous_robot/install/autonomous_robot_control/share/ament_index/resource_index/packages/autonomous_robot_control
-- Up-to-date: /home/tamir/autonomous_robot/install/autonomous_robot_control/share/autonomous_robot_control/cmake/autonomous_robot_controlConfig.cmake
-- Up-to-date: /home/tamir/autonomous_robot/install/autonomous_robot_control/share/autonomous_robot_control/cmake/autonomous_robot_controlConfig-version.cmake
-- Up-to-date: /home/tamir/autonomous_robot/install/autonomous_robot_control/share/autonomous_robot_control/package.xml
