[35m[1mConsolidate compiler generated dependencies of target autonomous_robot_control[0m
[ 16%] [32mBuilding CXX object CMakeFiles/autonomous_robot_control.dir/src/prototype_joy_controller_class.cpp.o[0m
[ 50%] Built target teleop_joy_node
[ 66%] [32m[1mLinking CXX static library libautonomous_robot_control.a[0m
[ 66%] Built target autonomous_robot_control
[35m[1mConsolidate compiler generated dependencies of target prototype_joy_driver[0m
[ 83%] [32m[1mLinking CXX executable prototype_joy_driver[0m
[100%] Built target prototype_joy_driver
-- Install configuration: ""
-- Installing: /home/tamir/autonomous_robot/autonomous_robot_control/install/autonomous_robot_control/lib/autonomous_robot_control/teleop_joy_node
-- Set runtime path of "/home/tamir/autonomous_robot/autonomous_robot_control/install/autonomous_robot_control/lib/autonomous_robot_control/teleop_joy_node" to ""
-- Installing: /home/tamir/autonomous_robot/autonomous_robot_control/install/autonomous_robot_control/lib/autonomous_robot_control/prototype_joy_driver
-- Set runtime path of "/home/tamir/autonomous_robot/autonomous_robot_control/install/autonomous_robot_control/lib/autonomous_robot_control/prototype_joy_driver" to ""
-- Installing: /home/tamir/autonomous_robot/autonomous_robot_control/install/autonomous_robot_control/lib/autonomous_robot_control/libautonomous_robot_control.a
-- Installing: /home/tamir/autonomous_robot/autonomous_robot_control/install/autonomous_robot_control/include/autonomous_robot_control
-- Installing: /home/tamir/autonomous_robot/autonomous_robot_control/install/autonomous_robot_control/include/autonomous_robot_control/autonomous_robot_control
-- Installing: /home/tamir/autonomous_robot/autonomous_robot_control/install/autonomous_robot_control/include/autonomous_robot_control/autonomous_robot_control/prototype_joy_controller_class.hpp
-- Installing: /home/tamir/autonomous_robot/autonomous_robot_control/install/autonomous_robot_control/share/autonomous_robot_control//launch
-- Installing: /home/tamir/autonomous_robot/autonomous_robot_control/install/autonomous_robot_control/share/autonomous_robot_control//launch/joystick.launch.py
-- Installing: /home/tamir/autonomous_robot/autonomous_robot_control/install/autonomous_robot_control/share/ament_index/resource_index/package_run_dependencies/autonomous_robot_control
-- Installing: /home/tamir/autonomous_robot/autonomous_robot_control/install/autonomous_robot_control/share/ament_index/resource_index/parent_prefix_path/autonomous_robot_control
-- Installing: /home/tamir/autonomous_robot/autonomous_robot_control/install/autonomous_robot_control/share/autonomous_robot_control/environment/ament_prefix_path.sh
-- Installing: /home/tamir/autonomous_robot/autonomous_robot_control/install/autonomous_robot_control/share/autonomous_robot_control/environment/ament_prefix_path.dsv
-- Installing: /home/tamir/autonomous_robot/autonomous_robot_control/install/autonomous_robot_control/share/autonomous_robot_control/environment/path.sh
-- Installing: /home/tamir/autonomous_robot/autonomous_robot_control/install/autonomous_robot_control/share/autonomous_robot_control/environment/path.dsv
-- Installing: /home/tamir/autonomous_robot/autonomous_robot_control/install/autonomous_robot_control/share/autonomous_robot_control/local_setup.bash
-- Installing: /home/tamir/autonomous_robot/autonomous_robot_control/install/autonomous_robot_control/share/autonomous_robot_control/local_setup.sh
-- Installing: /home/tamir/autonomous_robot/autonomous_robot_control/install/autonomous_robot_control/share/autonomous_robot_control/local_setup.zsh
-- Installing: /home/tamir/autonomous_robot/autonomous_robot_control/install/autonomous_robot_control/share/autonomous_robot_control/local_setup.dsv
-- Installing: /home/tamir/autonomous_robot/autonomous_robot_control/install/autonomous_robot_control/share/autonomous_robot_control/package.dsv
-- Installing: /home/tamir/autonomous_robot/autonomous_robot_control/install/autonomous_robot_control/share/ament_index/resource_index/packages/autonomous_robot_control
-- Installing: /home/tamir/autonomous_robot/autonomous_robot_control/install/autonomous_robot_control/share/autonomous_robot_control/cmake/autonomous_robot_controlConfig.cmake
-- Installing: /home/tamir/autonomous_robot/autonomous_robot_control/install/autonomous_robot_control/share/autonomous_robot_control/cmake/autonomous_robot_controlConfig-version.cmake
-- Installing: /home/tamir/autonomous_robot/autonomous_robot_control/install/autonomous_robot_control/share/autonomous_robot_control/package.xml
