[0.010s] Invoking command in '/home/tamir/autonomous_robot/autonomous_robot_control/build/autonomous_robot_control': CMAKE_PREFIX_PATH=${CMAKE_PREFIX_PATH}:/home/tamir/ros2_ws/install/turtle_spawner:/home/tamir/ros2_ws/install/turtle_controller:/home/tamir/ros2_ws/install/my_py_pkg:/home/tamir/install/turtlebot3_gazebo:/home/tamir/install/turtle_spawner:/home/tamir/install/turtle_controller:/home/tamir/install/my_py_pkg:/opt/ros/humble /usr/bin/cmake --build /home/tamir/autonomous_robot/autonomous_robot_control/build/autonomous_robot_control -- -j12 -l12
[0.053s] [35m[1mConsolidate compiler generated dependencies of target autonomous_robot_control[0m
[0.070s] [ 16%] [32mBuilding CXX object CMakeFiles/autonomous_robot_control.dir/src/prototype_joy_controller_class.cpp.o[0m
[0.076s] [ 50%] Built target teleop_joy_node
[0.181s] [ 66%] [32m[1mLinking CXX static library libautonomous_robot_control.a[0m
[0.219s] [ 66%] Built target autonomous_robot_control
[0.238s] [35m[1mConsolidate compiler generated dependencies of target prototype_joy_driver[0m
[0.255s] [ 83%] [32m[1mLinking CXX executable prototype_joy_driver[0m
[0.545s] [100%] Built target prototype_joy_driver
[0.556s] Invoked command in '/home/tamir/autonomous_robot/autonomous_robot_control/build/autonomous_robot_control' returned '0': CMAKE_PREFIX_PATH=${CMAKE_PREFIX_PATH}:/home/tamir/ros2_ws/install/turtle_spawner:/home/tamir/ros2_ws/install/turtle_controller:/home/tamir/ros2_ws/install/my_py_pkg:/home/tamir/install/turtlebot3_gazebo:/home/tamir/install/turtle_spawner:/home/tamir/install/turtle_controller:/home/tamir/install/my_py_pkg:/opt/ros/humble /usr/bin/cmake --build /home/tamir/autonomous_robot/autonomous_robot_control/build/autonomous_robot_control -- -j12 -l12
[0.613s] Invoking command in '/home/tamir/autonomous_robot/autonomous_robot_control/build/autonomous_robot_control': CMAKE_PREFIX_PATH=${CMAKE_PREFIX_PATH}:/home/tamir/ros2_ws/install/turtle_spawner:/home/tamir/ros2_ws/install/turtle_controller:/home/tamir/ros2_ws/install/my_py_pkg:/home/tamir/install/turtlebot3_gazebo:/home/tamir/install/turtle_spawner:/home/tamir/install/turtle_controller:/home/tamir/install/my_py_pkg:/opt/ros/humble /usr/bin/cmake --install /home/tamir/autonomous_robot/autonomous_robot_control/build/autonomous_robot_control
[0.623s] -- Install configuration: ""
[0.623s] -- Installing: /home/tamir/autonomous_robot/autonomous_robot_control/install/autonomous_robot_control/lib/autonomous_robot_control/teleop_joy_node
[0.629s] -- Set runtime path of "/home/tamir/autonomous_robot/autonomous_robot_control/install/autonomous_robot_control/lib/autonomous_robot_control/teleop_joy_node" to ""
[0.629s] -- Installing: /home/tamir/autonomous_robot/autonomous_robot_control/install/autonomous_robot_control/lib/autonomous_robot_control/prototype_joy_driver
[0.632s] -- Set runtime path of "/home/tamir/autonomous_robot/autonomous_robot_control/install/autonomous_robot_control/lib/autonomous_robot_control/prototype_joy_driver" to ""
[0.632s] -- Installing: /home/tamir/autonomous_robot/autonomous_robot_control/install/autonomous_robot_control/lib/autonomous_robot_control/libautonomous_robot_control.a
[0.632s] -- Installing: /home/tamir/autonomous_robot/autonomous_robot_control/install/autonomous_robot_control/include/autonomous_robot_control
[0.632s] -- Installing: /home/tamir/autonomous_robot/autonomous_robot_control/install/autonomous_robot_control/include/autonomous_robot_control/autonomous_robot_control
[0.632s] -- Installing: /home/tamir/autonomous_robot/autonomous_robot_control/install/autonomous_robot_control/include/autonomous_robot_control/autonomous_robot_control/prototype_joy_controller_class.hpp
[0.632s] -- Installing: /home/tamir/autonomous_robot/autonomous_robot_control/install/autonomous_robot_control/share/autonomous_robot_control//launch
[0.633s] -- Installing: /home/tamir/autonomous_robot/autonomous_robot_control/install/autonomous_robot_control/share/autonomous_robot_control//launch/joystick.launch.py
[0.633s] -- Installing: /home/tamir/autonomous_robot/autonomous_robot_control/install/autonomous_robot_control/share/ament_index/resource_index/package_run_dependencies/autonomous_robot_control
[0.633s] -- Installing: /home/tamir/autonomous_robot/autonomous_robot_control/install/autonomous_robot_control/share/ament_index/resource_index/parent_prefix_path/autonomous_robot_control
[0.633s] -- Installing: /home/tamir/autonomous_robot/autonomous_robot_control/install/autonomous_robot_control/share/autonomous_robot_control/environment/ament_prefix_path.sh
[0.633s] -- Installing: /home/tamir/autonomous_robot/autonomous_robot_control/install/autonomous_robot_control/share/autonomous_robot_control/environment/ament_prefix_path.dsv
[0.633s] -- Installing: /home/tamir/autonomous_robot/autonomous_robot_control/install/autonomous_robot_control/share/autonomous_robot_control/environment/path.sh
[0.634s] -- Installing: /home/tamir/autonomous_robot/autonomous_robot_control/install/autonomous_robot_control/share/autonomous_robot_control/environment/path.dsv
[0.634s] -- Installing: /home/tamir/autonomous_robot/autonomous_robot_control/install/autonomous_robot_control/share/autonomous_robot_control/local_setup.bash
[0.634s] -- Installing: /home/tamir/autonomous_robot/autonomous_robot_control/install/autonomous_robot_control/share/autonomous_robot_control/local_setup.sh
[0.634s] -- Installing: /home/tamir/autonomous_robot/autonomous_robot_control/install/autonomous_robot_control/share/autonomous_robot_control/local_setup.zsh
[0.634s] -- Installing: /home/tamir/autonomous_robot/autonomous_robot_control/install/autonomous_robot_control/share/autonomous_robot_control/local_setup.dsv
[0.634s] -- Installing: /home/tamir/autonomous_robot/autonomous_robot_control/install/autonomous_robot_control/share/autonomous_robot_control/package.dsv
[0.634s] -- Installing: /home/tamir/autonomous_robot/autonomous_robot_control/install/autonomous_robot_control/share/ament_index/resource_index/packages/autonomous_robot_control
[0.634s] -- Installing: /home/tamir/autonomous_robot/autonomous_robot_control/install/autonomous_robot_control/share/autonomous_robot_control/cmake/autonomous_robot_controlConfig.cmake
[0.634s] -- Installing: /home/tamir/autonomous_robot/autonomous_robot_control/install/autonomous_robot_control/share/autonomous_robot_control/cmake/autonomous_robot_controlConfig-version.cmake
[0.635s] -- Installing: /home/tamir/autonomous_robot/autonomous_robot_control/install/autonomous_robot_control/share/autonomous_robot_control/package.xml
[0.636s] Invoked command in '/home/tamir/autonomous_robot/autonomous_robot_control/build/autonomous_robot_control' returned '0': CMAKE_PREFIX_PATH=${CMAKE_PREFIX_PATH}:/home/tamir/ros2_ws/install/turtle_spawner:/home/tamir/ros2_ws/install/turtle_controller:/home/tamir/ros2_ws/install/my_py_pkg:/home/tamir/install/turtlebot3_gazebo:/home/tamir/install/turtle_spawner:/home/tamir/install/turtle_controller:/home/tamir/install/my_py_pkg:/opt/ros/humble /usr/bin/cmake --install /home/tamir/autonomous_robot/autonomous_robot_control/build/autonomous_robot_control
