[35m[1mConsolidate compiler generated dependencies of target teleop_joy_node[0m
[ 16%] [32mBuilding CXX object CMakeFiles/joystick.dir/src/joy_compute_control.cpp.o[0m
[ 50%] Built target teleop_joy_node
[ 66%] [32m[1mLinking CXX static library libjoystick.a[0m
[ 66%] Built target joystick
[ 83%] [32mBuilding CXX object CMakeFiles/prototype_joy_driver.dir/src/prototype_joy_driver.cpp.o[0m
[100%] [32m[1mLinking CXX executable prototype_joy_driver[0m
[100%] Built target prototype_joy_driver
-- Install configuration: ""
-- Installing: /home/tamir/autonomous_robot/autonomous_robot_control/install/joystick/lib/joystick/teleop_joy_node
-- Set runtime path of "/home/tamir/autonomous_robot/autonomous_robot_control/install/joystick/lib/joystick/teleop_joy_node" to ""
-- Installing: /home/tamir/autonomous_robot/autonomous_robot_control/install/joystick/lib/joystick/prototype_joy_driver
-- Set runtime path of "/home/tamir/autonomous_robot/autonomous_robot_control/install/joystick/lib/joystick/prototype_joy_driver" to ""
-- Installing: /home/tamir/autonomous_robot/autonomous_robot_control/install/joystick/include/joystick
-- Installing: /home/tamir/autonomous_robot/autonomous_robot_control/install/joystick/include/joystick/joystick
-- Installing: /home/tamir/autonomous_robot/autonomous_robot_control/install/joystick/include/joystick/joystick/joy_compute_control.hpp
-- Installing: /home/tamir/autonomous_robot/autonomous_robot_control/install/joystick/share/joystick//launch
-- Installing: /home/tamir/autonomous_robot/autonomous_robot_control/install/joystick/share/joystick//launch/joystick.launch.py
-- Installing: /home/tamir/autonomous_robot/autonomous_robot_control/install/joystick/share/ament_index/resource_index/package_run_dependencies/joystick
-- Installing: /home/tamir/autonomous_robot/autonomous_robot_control/install/joystick/share/ament_index/resource_index/parent_prefix_path/joystick
-- Installing: /home/tamir/autonomous_robot/autonomous_robot_control/install/joystick/share/joystick/environment/ament_prefix_path.sh
-- Installing: /home/tamir/autonomous_robot/autonomous_robot_control/install/joystick/share/joystick/environment/ament_prefix_path.dsv
-- Installing: /home/tamir/autonomous_robot/autonomous_robot_control/install/joystick/share/joystick/environment/path.sh
-- Installing: /home/tamir/autonomous_robot/autonomous_robot_control/install/joystick/share/joystick/environment/path.dsv
-- Installing: /home/tamir/autonomous_robot/autonomous_robot_control/install/joystick/share/joystick/local_setup.bash
-- Installing: /home/tamir/autonomous_robot/autonomous_robot_control/install/joystick/share/joystick/local_setup.sh
-- Installing: /home/tamir/autonomous_robot/autonomous_robot_control/install/joystick/share/joystick/local_setup.zsh
-- Installing: /home/tamir/autonomous_robot/autonomous_robot_control/install/joystick/share/joystick/local_setup.dsv
-- Installing: /home/tamir/autonomous_robot/autonomous_robot_control/install/joystick/share/joystick/package.dsv
-- Installing: /home/tamir/autonomous_robot/autonomous_robot_control/install/joystick/share/ament_index/resource_index/packages/joystick
-- Installing: /home/tamir/autonomous_robot/autonomous_robot_control/install/joystick/share/joystick/cmake/joystickConfig.cmake
-- Installing: /home/tamir/autonomous_robot/autonomous_robot_control/install/joystick/share/joystick/cmake/joystickConfig-version.cmake
-- Installing: /home/tamir/autonomous_robot/autonomous_robot_control/install/joystick/share/joystick/package.xml
