[0.013s] Invoking command in '/home/tamir/autonomous_robot/sensors_package/src/build/mpu6050driver': CMAKE_PREFIX_PATH=${CMAKE_PREFIX_PATH}:/home/tamir/ros2_ws/install/turtle_spawner:/home/tamir/ros2_ws/install/turtle_controller:/home/tamir/ros2_ws/install/my_py_pkg:/home/tamir/install/calc_odom:/opt/ros/humble /usr/bin/cmake --build /home/tamir/autonomous_robot/sensors_package/src/build/mpu6050driver -- -j12 -l12
[0.053s] [35m[1mConsolidate compiler generated dependencies of target mpu6050driver[0m
[0.082s] [100%] Built target mpu6050driver
[0.094s] Invoked command in '/home/tamir/autonomous_robot/sensors_package/src/build/mpu6050driver' returned '0': CMAKE_PREFIX_PATH=${CMAKE_PREFIX_PATH}:/home/tamir/ros2_ws/install/turtle_spawner:/home/tamir/ros2_ws/install/turtle_controller:/home/tamir/ros2_ws/install/my_py_pkg:/home/tamir/install/calc_odom:/opt/ros/humble /usr/bin/cmake --build /home/tamir/autonomous_robot/sensors_package/src/build/mpu6050driver -- -j12 -l12
[0.125s] Invoking command in '/home/tamir/autonomous_robot/sensors_package/src/build/mpu6050driver': CMAKE_PREFIX_PATH=${CMAKE_PREFIX_PATH}:/home/tamir/ros2_ws/install/turtle_spawner:/home/tamir/ros2_ws/install/turtle_controller:/home/tamir/ros2_ws/install/my_py_pkg:/home/tamir/install/calc_odom:/opt/ros/humble /usr/bin/cmake --install /home/tamir/autonomous_robot/sensors_package/src/build/mpu6050driver
[0.131s] -- Install configuration: ""
[0.131s] -- Up-to-date: /home/tamir/autonomous_robot/sensors_package/src/install/mpu6050driver/lib/mpu6050driver/mpu6050driver
[0.131s] -- Up-to-date: /home/tamir/autonomous_robot/sensors_package/src/install/mpu6050driver/share/mpu6050driver//launch
[0.131s] -- Up-to-date: /home/tamir/autonomous_robot/sensors_package/src/install/mpu6050driver/share/mpu6050driver//launch/mpu6050driver_launch.py
[0.131s] -- Up-to-date: /home/tamir/autonomous_robot/sensors_package/src/install/mpu6050driver/share/mpu6050driver//params
[0.131s] -- Up-to-date: /home/tamir/autonomous_robot/sensors_package/src/install/mpu6050driver/share/mpu6050driver//params/mpu6050.yaml
[0.131s] -- Up-to-date: /home/tamir/autonomous_robot/sensors_package/src/install/mpu6050driver/share/ament_index/resource_index/package_run_dependencies/mpu6050driver
[0.131s] -- Up-to-date: /home/tamir/autonomous_robot/sensors_package/src/install/mpu6050driver/share/ament_index/resource_index/parent_prefix_path/mpu6050driver
[0.132s] -- Up-to-date: /home/tamir/autonomous_robot/sensors_package/src/install/mpu6050driver/share/mpu6050driver/environment/ament_prefix_path.sh
[0.132s] -- Up-to-date: /home/tamir/autonomous_robot/sensors_package/src/install/mpu6050driver/share/mpu6050driver/environment/ament_prefix_path.dsv
[0.132s] -- Up-to-date: /home/tamir/autonomous_robot/sensors_package/src/install/mpu6050driver/share/mpu6050driver/environment/path.sh
[0.132s] -- Up-to-date: /home/tamir/autonomous_robot/sensors_package/src/install/mpu6050driver/share/mpu6050driver/environment/path.dsv
[0.132s] -- Up-to-date: /home/tamir/autonomous_robot/sensors_package/src/install/mpu6050driver/share/mpu6050driver/local_setup.bash
[0.132s] -- Up-to-date: /home/tamir/autonomous_robot/sensors_package/src/install/mpu6050driver/share/mpu6050driver/local_setup.sh
[0.132s] -- Up-to-date: /home/tamir/autonomous_robot/sensors_package/src/install/mpu6050driver/share/mpu6050driver/local_setup.zsh
[0.132s] -- Up-to-date: /home/tamir/autonomous_robot/sensors_package/src/install/mpu6050driver/share/mpu6050driver/local_setup.dsv
[0.132s] -- Installing: /home/tamir/autonomous_robot/sensors_package/src/install/mpu6050driver/share/mpu6050driver/package.dsv
[0.132s] -- Up-to-date: /home/tamir/autonomous_robot/sensors_package/src/install/mpu6050driver/share/ament_index/resource_index/packages/mpu6050driver
[0.132s] -- Up-to-date: /home/tamir/autonomous_robot/sensors_package/src/install/mpu6050driver/share/mpu6050driver/cmake/mpu6050driverConfig.cmake
[0.132s] -- Up-to-date: /home/tamir/autonomous_robot/sensors_package/src/install/mpu6050driver/share/mpu6050driver/cmake/mpu6050driverConfig-version.cmake
[0.133s] -- Up-to-date: /home/tamir/autonomous_robot/sensors_package/src/install/mpu6050driver/share/mpu6050driver/package.xml
[0.133s] Invoked command in '/home/tamir/autonomous_robot/sensors_package/src/build/mpu6050driver' returned '0': CMAKE_PREFIX_PATH=${CMAKE_PREFIX_PATH}:/home/tamir/ros2_ws/install/turtle_spawner:/home/tamir/ros2_ws/install/turtle_controller:/home/tamir/ros2_ws/install/my_py_pkg:/home/tamir/install/calc_odom:/opt/ros/humble /usr/bin/cmake --install /home/tamir/autonomous_robot/sensors_package/src/build/mpu6050driver
