[0.981s] Invoking command in '/home/tamir/autonomous_robot/autonomous_robot_control/src/control_hardware': PYTHONPATH=/home/tamir/autonomous_robot/autonomous_robot_control/build/control_hardware/prefix_override:/usr/lib/python3/dist-packages/colcon_core/task/python/colcon_distutils_commands:/home/tamir/autonomous_robot/autonomous_robot_control/install/control_hardware/lib/python3.10/site-packages:${PYTHONPATH} /usr/bin/python3 -W ignore:setup.py install is deprecated setup.py egg_info --egg-base ../../build/control_hardware build --build-base /home/tamir/autonomous_robot/autonomous_robot_control/build/control_hardware/build install --record /home/tamir/autonomous_robot/autonomous_robot_control/build/control_hardware/install.log --single-version-externally-managed install_data
[1.270s] running egg_info
[1.271s] writing ../../build/control_hardware/control_hardware.egg-info/PKG-INFO
[1.271s] writing dependency_links to ../../build/control_hardware/control_hardware.egg-info/dependency_links.txt
[1.271s] writing entry points to ../../build/control_hardware/control_hardware.egg-info/entry_points.txt
[1.271s] writing requirements to ../../build/control_hardware/control_hardware.egg-info/requires.txt
[1.271s] writing top-level names to ../../build/control_hardware/control_hardware.egg-info/top_level.txt
[1.274s] reading manifest file '../../build/control_hardware/control_hardware.egg-info/SOURCES.txt'
[1.276s] writing manifest file '../../build/control_hardware/control_hardware.egg-info/SOURCES.txt'
[1.276s] running build
[1.276s] running build_py
[1.277s] running install
[1.277s] running install_lib
[1.280s] running install_data
[1.280s] running install_egg_info
[1.283s] removing '/home/tamir/autonomous_robot/autonomous_robot_control/install/control_hardware/lib/python3.10/site-packages/control_hardware-0.0.0-py3.10.egg-info' (and everything under it)
[1.284s] Copying ../../build/control_hardware/control_hardware.egg-info to /home/tamir/autonomous_robot/autonomous_robot_control/install/control_hardware/lib/python3.10/site-packages/control_hardware-0.0.0-py3.10.egg-info
[1.285s] running install_scripts
[1.317s] Installing cmd2pwm script to /home/tamir/autonomous_robot/autonomous_robot_control/install/control_hardware/lib/control_hardware
[1.317s] Installing mux script to /home/tamir/autonomous_robot/autonomous_robot_control/install/control_hardware/lib/control_hardware
[1.317s] Installing pwm2GPIO script to /home/tamir/autonomous_robot/autonomous_robot_control/install/control_hardware/lib/control_hardware
[1.317s] writing list of installed files to '/home/tamir/autonomous_robot/autonomous_robot_control/build/control_hardware/install.log'
[1.347s] Invoked command in '/home/tamir/autonomous_robot/autonomous_robot_control/src/control_hardware' returned '0': PYTHONPATH=/home/tamir/autonomous_robot/autonomous_robot_control/build/control_hardware/prefix_override:/usr/lib/python3/dist-packages/colcon_core/task/python/colcon_distutils_commands:/home/tamir/autonomous_robot/autonomous_robot_control/install/control_hardware/lib/python3.10/site-packages:${PYTHONPATH} /usr/bin/python3 -W ignore:setup.py install is deprecated setup.py egg_info --egg-base ../../build/control_hardware build --build-base /home/tamir/autonomous_robot/autonomous_robot_control/build/control_hardware/build install --record /home/tamir/autonomous_robot/autonomous_robot_control/build/control_hardware/install.log --single-version-externally-managed install_data
