-- Found Boost: /usr/lib/x86_64-linux-gnu/cmake/Boost-1.74.0/BoostConfig.cmake (found version "1.74.0")  
-- Found angles: 1.15.0 (/opt/ros/humble/share/angles/cmake)
-- Eigen found (include: /usr/include/eigen3, version: 3.4.0)
-- Found Boost: /usr/lib/x86_64-linux-gnu/cmake/Boost-1.74.0/BoostConfig.cmake (found suitable version "1.74.0", minimum required is "1.65.0") found components: system filesystem date_time iostreams serialization 
-- FLANN found (include: /usr/include, lib: /usr/lib/x86_64-linux-gnu/libflann_cpp.so)
-- OpenNI found (version: 1.5.4.0, include: /usr/include/ni, lib: /usr/lib/libOpenNI.so;libusb::libusb)
-- OpenNI2 found (version: 2.2.0.33, include: /usr/include/openni2, lib: /usr/lib/x86_64-linux-gnu/libOpenNI2.so;libusb::libusb)
[0m** WARNING ** io features related to pcap will be disabled[0m
-- Eigen found (include: /usr/include/eigen3, version: 3.4.0)
-- OpenNI found (version: 1.5.4.0, include: /usr/include/ni, lib: /usr/lib/libOpenNI.so;libusb::libusb)
-- OpenNI2 found (version: 2.2.0.33, include: /usr/include/openni2, lib: /usr/lib/x86_64-linux-gnu/libOpenNI2.so;libusb::libusb)
-- Found Qhull version 8.0.2
-- OpenNI found (version: 1.5.4.0, include: /usr/include/ni, lib: /usr/lib/libOpenNI.so;libusb::libusb)
-- looking for PCL_COMMON
-- looking for PCL_KDTREE
-- looking for PCL_OCTREE
-- looking for PCL_SEARCH
-- looking for PCL_SAMPLE_CONSENSUS
-- looking for PCL_FILTERS
-- looking for PCL_2D
-- looking for PCL_GEOMETRY
-- looking for PCL_IO
-- looking for PCL_FEATURES
-- looking for PCL_ML
-- looking for PCL_SEGMENTATION
-- looking for PCL_VISUALIZATION
-- looking for PCL_SURFACE
-- looking for PCL_REGISTRATION
-- looking for PCL_KEYPOINTS
-- looking for PCL_TRACKING
-- looking for PCL_RECOGNITION
-- looking for PCL_STEREO
-- looking for PCL_APPS
-- looking for PCL_IN_HAND_SCANNER
-- looking for PCL_MODELER
-- looking for PCL_POINT_CLOUD_EDITOR
-- looking for PCL_OUTOFCORE
-- looking for PCL_PEOPLE
-- Found lslidar_msgs: 3.0.1 (/home/tamir/autonomous_robot/sensors_package/src/install/lslidar_msgs/share/lslidar_msgs/cmake)
-- Found rosidl_generator_c: 3.1.6 (/opt/ros/humble/share/rosidl_generator_c/cmake)
-- Found rosidl_adapter: 3.1.6 (/opt/ros/humble/share/rosidl_adapter/cmake)
-- Found rosidl_generator_cpp: 3.1.6 (/opt/ros/humble/share/rosidl_generator_cpp/cmake)
-- Using all available rosidl_typesupport_c: rosidl_typesupport_fastrtps_c;rosidl_typesupport_introspection_c
-- Using all available rosidl_typesupport_cpp: rosidl_typesupport_fastrtps_cpp;rosidl_typesupport_introspection_cpp
-- Found rclcpp: 16.0.11 (/opt/ros/humble/share/rclcpp/cmake)
-- Found rmw_implementation_cmake: 6.1.2 (/opt/ros/humble/share/rmw_implementation_cmake/cmake)
-- Found rmw_cyclonedds_cpp: 1.3.4 (/opt/ros/humble/share/rmw_cyclonedds_cpp/cmake)
-- Using RMW implementation 'rmw_cyclonedds_cpp' as default
-- Found rclpy: 3.3.15 (/opt/ros/humble/share/rclpy/cmake)
-- Found pcl_conversions: 2.4.5 (/opt/ros/humble/share/pcl_conversions/cmake)
-- Configuring done
-- Generating done
-- Build files have been written to: /home/tamir/autonomous_robot/sensors_package/src/build/lslidar_driver
[35m[1mConsolidate compiler generated dependencies of target lslidar_driver_node[0m
[ 50%] [32mBuilding CXX object CMakeFiles/lslidar_driver_node.dir/src/lslidar_driver.cpp.o[0m
[ 50%] [32mBuilding CXX object CMakeFiles/lslidar_driver_node.dir/src/lslidar_driver_node.cpp.o[0m
[ 75%] [32mBuilding CXX object CMakeFiles/lslidar_driver_node.dir/src/input.cpp.o[0m
In file included from [01m[K/home/tamir/autonomous_robot/sensors_package/src/lidar_ws/src/Lslidar_ROS2_driver/lslidar_driver/src/lslidar_driver_node.cpp:1[m[K:
[01m[K/home/tamir/autonomous_robot/sensors_package/src/lidar_ws/src/Lslidar_ROS2_driver/lslidar_driver/include/lslidar_driver/lslidar_driver.h:128:18:[m[K [01;35m[Kwarning: [m[K‘[01m[Klslidar_driver::c16_vertical_angle[m[K’ defined but not used [[01;35m[K]8;;https://gcc.gnu.org/onlinedocs/gcc/Warning-Options.html#index-Wunused-variable-Wunused-variable]8;;[m[K]
  128 |     static float [01;35m[Kc16_vertical_angle[m[K[16] = {-16.0f, 0.0f, -14.0f, 2.0f, -12.0f, 4.0f, -10.0f, 6.0f,
      |                  [01;35m[K^~~~~~~~~~~~~~~~~~[m[K
[100%] [32m[1mLinking CXX executable lslidar_driver_node[0m
[100%] Built target lslidar_driver_node
-- Install configuration: "Release"
-- Up-to-date: /home/tamir/autonomous_robot/sensors_package/src/install/lslidar_driver/share/lslidar_driver/launch
-- Installing: /home/tamir/autonomous_robot/sensors_package/src/install/lslidar_driver/share/lslidar_driver/launch/lslidar_cx_rviz_launch.py
-- Installing: /home/tamir/autonomous_robot/sensors_package/src/install/lslidar_driver/share/lslidar_driver/launch/lslidar_cx_launch.py
-- Up-to-date: /home/tamir/autonomous_robot/sensors_package/src/install/lslidar_driver/share/lslidar_driver/params
-- Installing: /home/tamir/autonomous_robot/sensors_package/src/install/lslidar_driver/share/lslidar_driver/params/lslidar_cx.yaml
-- Up-to-date: /home/tamir/autonomous_robot/sensors_package/src/install/lslidar_driver/share/lslidar_driver/rviz_cfg
-- Up-to-date: /home/tamir/autonomous_robot/sensors_package/src/install/lslidar_driver/share/lslidar_driver/rviz_cfg/lslidar_cx.rviz
-- Installing: /home/tamir/autonomous_robot/sensors_package/src/install/lslidar_driver/lib/lslidar_driver/lslidar_driver_node
-- Set runtime path of "/home/tamir/autonomous_robot/sensors_package/src/install/lslidar_driver/lib/lslidar_driver/lslidar_driver_node" to ""
-- Up-to-date: /home/tamir/autonomous_robot/sensors_package/src/install/lslidar_driver/share/ament_index/resource_index/package_run_dependencies/lslidar_driver
-- Installing: /home/tamir/autonomous_robot/sensors_package/src/install/lslidar_driver/share/ament_index/resource_index/parent_prefix_path/lslidar_driver
-- Installing: /home/tamir/autonomous_robot/sensors_package/src/install/lslidar_driver/share/lslidar_driver/environment/ament_prefix_path.sh
-- Installing: /home/tamir/autonomous_robot/sensors_package/src/install/lslidar_driver/share/lslidar_driver/environment/ament_prefix_path.dsv
-- Installing: /home/tamir/autonomous_robot/sensors_package/src/install/lslidar_driver/share/lslidar_driver/environment/path.sh
-- Installing: /home/tamir/autonomous_robot/sensors_package/src/install/lslidar_driver/share/lslidar_driver/environment/path.dsv
-- Up-to-date: /home/tamir/autonomous_robot/sensors_package/src/install/lslidar_driver/share/lslidar_driver/local_setup.bash
-- Up-to-date: /home/tamir/autonomous_robot/sensors_package/src/install/lslidar_driver/share/lslidar_driver/local_setup.sh
-- Up-to-date: /home/tamir/autonomous_robot/sensors_package/src/install/lslidar_driver/share/lslidar_driver/local_setup.zsh
-- Installing: /home/tamir/autonomous_robot/sensors_package/src/install/lslidar_driver/share/lslidar_driver/local_setup.dsv
-- Installing: /home/tamir/autonomous_robot/sensors_package/src/install/lslidar_driver/share/lslidar_driver/package.dsv
-- Up-to-date: /home/tamir/autonomous_robot/sensors_package/src/install/lslidar_driver/share/ament_index/resource_index/packages/lslidar_driver
-- Up-to-date: /home/tamir/autonomous_robot/sensors_package/src/install/lslidar_driver/share/lslidar_driver/cmake/ament_cmake_export_dependencies-extras.cmake
-- Up-to-date: /home/tamir/autonomous_robot/sensors_package/src/install/lslidar_driver/share/lslidar_driver/cmake/ament_cmake_export_include_directories-extras.cmake
-- Up-to-date: /home/tamir/autonomous_robot/sensors_package/src/install/lslidar_driver/share/lslidar_driver/cmake/lslidar_driverConfig.cmake
-- Up-to-date: /home/tamir/autonomous_robot/sensors_package/src/install/lslidar_driver/share/lslidar_driver/cmake/lslidar_driverConfig-version.cmake
-- Up-to-date: /home/tamir/autonomous_robot/sensors_package/src/install/lslidar_driver/share/lslidar_driver/package.xml
