[0.010s] Invoking command in '/home/tamir/autonomous_robot/build/lslidar_driver': CMAKE_PREFIX_PATH=/home/tamir/autonomous_robot/install/lslidar_msgs:/home/tamir/autonomous_robot/install/autonomous_robot_control:/home/tamir/autonomous_robot/install/robot_common_interfaces:/home/tamir/autonomous_robot/install/lslidar_driver:/home/tamir/autonomous_robot/install/aws_robomaker_small_warehouse_world:/home/tamir/autonomous_robot/install/autonomous_robot_description:/home/tamir/ros2_ws/install/my_turtle_interfaces:/home/tamir/ros2_ws/install/my_robot_interfaces:/home/tamir/ros2_ws/install/my_robot_bringup:/home/tamir/ros2_ws/install/my_robot_description:/home/tamir/ros2_ws/install/my_cpp_pkg:/home/tamir/turtlebot3_ws/install/turtlebot3_simulations:/home/tamir/turtlebot3_ws/install/turtlebot3_gazebo:/home/tamir/turtlebot3_ws/install/turtlebot3_fake_node:/home/tamir/install/my_robot_description:/home/tamir/install/autonomous_robot_description:/home/tamir/ros2_ws/install/turtle_spawner:/home/tamir/ros2_ws/install/turtle_controller:/home/tamir/ros2_ws/install/my_py_pkg:/home/tamir/install/calc_odom:/opt/ros/humble LD_LIBRARY_PATH=/home/tamir/autonomous_robot/install/lslidar_msgs/lib:/home/tamir/autonomous_robot/install/robot_common_interfaces/lib:/home/tamir/ros2_ws/install/my_turtle_interfaces/lib:/home/tamir/ros2_ws/install/my_robot_interfaces/lib:/opt/ros/humble/opt/rviz_ogre_vendor/lib:/opt/ros/humble/lib/x86_64-linux-gnu:/opt/ros/humble/lib:/usr/lib/x86_64-linux-gnu/gazebo-11/plugins /usr/bin/cmake --build /home/tamir/autonomous_robot/build/lslidar_driver -- -j12 -l12
[0.060s] [35m[1mConsolidate compiler generated dependencies of target lslidar_driver_node[0m
[0.088s] [ 25%] [32mBuilding CXX object CMakeFiles/lslidar_driver_node.dir/src/input.cpp.o[0m
[0.090s] [ 50%] [32mBuilding CXX object CMakeFiles/lslidar_driver_node.dir/src/lslidar_driver.cpp.o[0m
[13.570s] [ 75%] [32m[1mLinking CXX executable lslidar_driver_node[0m
[14.317s] [100%] Built target lslidar_driver_node
[14.332s] Invoked command in '/home/tamir/autonomous_robot/build/lslidar_driver' returned '0': CMAKE_PREFIX_PATH=/home/tamir/autonomous_robot/install/lslidar_msgs:/home/tamir/autonomous_robot/install/autonomous_robot_control:/home/tamir/autonomous_robot/install/robot_common_interfaces:/home/tamir/autonomous_robot/install/lslidar_driver:/home/tamir/autonomous_robot/install/aws_robomaker_small_warehouse_world:/home/tamir/autonomous_robot/install/autonomous_robot_description:/home/tamir/ros2_ws/install/my_turtle_interfaces:/home/tamir/ros2_ws/install/my_robot_interfaces:/home/tamir/ros2_ws/install/my_robot_bringup:/home/tamir/ros2_ws/install/my_robot_description:/home/tamir/ros2_ws/install/my_cpp_pkg:/home/tamir/turtlebot3_ws/install/turtlebot3_simulations:/home/tamir/turtlebot3_ws/install/turtlebot3_gazebo:/home/tamir/turtlebot3_ws/install/turtlebot3_fake_node:/home/tamir/install/my_robot_description:/home/tamir/install/autonomous_robot_description:/home/tamir/ros2_ws/install/turtle_spawner:/home/tamir/ros2_ws/install/turtle_controller:/home/tamir/ros2_ws/install/my_py_pkg:/home/tamir/install/calc_odom:/opt/ros/humble LD_LIBRARY_PATH=/home/tamir/autonomous_robot/install/lslidar_msgs/lib:/home/tamir/autonomous_robot/install/robot_common_interfaces/lib:/home/tamir/ros2_ws/install/my_turtle_interfaces/lib:/home/tamir/ros2_ws/install/my_robot_interfaces/lib:/opt/ros/humble/opt/rviz_ogre_vendor/lib:/opt/ros/humble/lib/x86_64-linux-gnu:/opt/ros/humble/lib:/usr/lib/x86_64-linux-gnu/gazebo-11/plugins /usr/bin/cmake --build /home/tamir/autonomous_robot/build/lslidar_driver -- -j12 -l12
[14.372s] Invoking command in '/home/tamir/autonomous_robot/build/lslidar_driver': CMAKE_PREFIX_PATH=/home/tamir/autonomous_robot/install/lslidar_msgs:/home/tamir/autonomous_robot/install/autonomous_robot_control:/home/tamir/autonomous_robot/install/robot_common_interfaces:/home/tamir/autonomous_robot/install/lslidar_driver:/home/tamir/autonomous_robot/install/aws_robomaker_small_warehouse_world:/home/tamir/autonomous_robot/install/autonomous_robot_description:/home/tamir/ros2_ws/install/my_turtle_interfaces:/home/tamir/ros2_ws/install/my_robot_interfaces:/home/tamir/ros2_ws/install/my_robot_bringup:/home/tamir/ros2_ws/install/my_robot_description:/home/tamir/ros2_ws/install/my_cpp_pkg:/home/tamir/turtlebot3_ws/install/turtlebot3_simulations:/home/tamir/turtlebot3_ws/install/turtlebot3_gazebo:/home/tamir/turtlebot3_ws/install/turtlebot3_fake_node:/home/tamir/install/my_robot_description:/home/tamir/install/autonomous_robot_description:/home/tamir/ros2_ws/install/turtle_spawner:/home/tamir/ros2_ws/install/turtle_controller:/home/tamir/ros2_ws/install/my_py_pkg:/home/tamir/install/calc_odom:/opt/ros/humble LD_LIBRARY_PATH=/home/tamir/autonomous_robot/install/lslidar_msgs/lib:/home/tamir/autonomous_robot/install/robot_common_interfaces/lib:/home/tamir/ros2_ws/install/my_turtle_interfaces/lib:/home/tamir/ros2_ws/install/my_robot_interfaces/lib:/opt/ros/humble/opt/rviz_ogre_vendor/lib:/opt/ros/humble/lib/x86_64-linux-gnu:/opt/ros/humble/lib:/usr/lib/x86_64-linux-gnu/gazebo-11/plugins /usr/bin/cmake --install /home/tamir/autonomous_robot/build/lslidar_driver
[14.382s] -- Install configuration: "Release"
[14.382s] -- Up-to-date: /home/tamir/autonomous_robot/install/lslidar_driver/share/lslidar_driver/launch
[14.382s] -- Up-to-date: /home/tamir/autonomous_robot/install/lslidar_driver/share/lslidar_driver/launch/lslidar_cx_rviz_launch.py
[14.382s] -- Up-to-date: /home/tamir/autonomous_robot/install/lslidar_driver/share/lslidar_driver/launch/lslidar_double_launch.py
[14.383s] -- Up-to-date: /home/tamir/autonomous_robot/install/lslidar_driver/share/lslidar_driver/launch/lslidar_double_rviz_launch.py
[14.383s] -- Up-to-date: /home/tamir/autonomous_robot/install/lslidar_driver/share/lslidar_driver/launch/lslidar_cx_launch.py
[14.383s] -- Up-to-date: /home/tamir/autonomous_robot/install/lslidar_driver/share/lslidar_driver/launch/lslidar_four_launch.py
[14.383s] -- Up-to-date: /home/tamir/autonomous_robot/install/lslidar_driver/share/lslidar_driver/params
[14.383s] -- Up-to-date: /home/tamir/autonomous_robot/install/lslidar_driver/share/lslidar_driver/params/lslidar_cx_right.yaml
[14.383s] -- Up-to-date: /home/tamir/autonomous_robot/install/lslidar_driver/share/lslidar_driver/params/lslidar_cx_front.yaml
[14.383s] -- Up-to-date: /home/tamir/autonomous_robot/install/lslidar_driver/share/lslidar_driver/params/lslidar_cx_rear.yaml
[14.383s] -- Up-to-date: /home/tamir/autonomous_robot/install/lslidar_driver/share/lslidar_driver/params/lslidar_cx.yaml
[14.383s] -- Up-to-date: /home/tamir/autonomous_robot/install/lslidar_driver/share/lslidar_driver/params/lslidar_cx_left.yaml
[14.383s] -- Up-to-date: /home/tamir/autonomous_robot/install/lslidar_driver/share/lslidar_driver/rviz_cfg
[14.383s] -- Up-to-date: /home/tamir/autonomous_robot/install/lslidar_driver/share/lslidar_driver/rviz_cfg/lslidar_cx.rviz
[14.383s] -- Up-to-date: /home/tamir/autonomous_robot/install/lslidar_driver/share/lslidar_driver/rviz_cfg/lslidar_double.rviz
[14.383s] -- Installing: /home/tamir/autonomous_robot/install/lslidar_driver/lib/lslidar_driver/lslidar_driver_node
[14.385s] -- Set runtime path of "/home/tamir/autonomous_robot/install/lslidar_driver/lib/lslidar_driver/lslidar_driver_node" to ""
[14.385s] -- Up-to-date: /home/tamir/autonomous_robot/install/lslidar_driver/share/ament_index/resource_index/package_run_dependencies/lslidar_driver
[14.385s] -- Up-to-date: /home/tamir/autonomous_robot/install/lslidar_driver/share/ament_index/resource_index/parent_prefix_path/lslidar_driver
[14.385s] -- Up-to-date: /home/tamir/autonomous_robot/install/lslidar_driver/share/lslidar_driver/environment/ament_prefix_path.sh
[14.385s] -- Up-to-date: /home/tamir/autonomous_robot/install/lslidar_driver/share/lslidar_driver/environment/ament_prefix_path.dsv
[14.385s] -- Up-to-date: /home/tamir/autonomous_robot/install/lslidar_driver/share/lslidar_driver/environment/path.sh
[14.385s] -- Up-to-date: /home/tamir/autonomous_robot/install/lslidar_driver/share/lslidar_driver/environment/path.dsv
[14.385s] -- Up-to-date: /home/tamir/autonomous_robot/install/lslidar_driver/share/lslidar_driver/local_setup.bash
[14.385s] -- Up-to-date: /home/tamir/autonomous_robot/install/lslidar_driver/share/lslidar_driver/local_setup.sh
[14.385s] -- Up-to-date: /home/tamir/autonomous_robot/install/lslidar_driver/share/lslidar_driver/local_setup.zsh
[14.385s] -- Up-to-date: /home/tamir/autonomous_robot/install/lslidar_driver/share/lslidar_driver/local_setup.dsv
[14.386s] -- Installing: /home/tamir/autonomous_robot/install/lslidar_driver/share/lslidar_driver/package.dsv
[14.386s] -- Up-to-date: /home/tamir/autonomous_robot/install/lslidar_driver/share/ament_index/resource_index/packages/lslidar_driver
[14.386s] -- Up-to-date: /home/tamir/autonomous_robot/install/lslidar_driver/share/lslidar_driver/cmake/ament_cmake_export_dependencies-extras.cmake
[14.386s] -- Up-to-date: /home/tamir/autonomous_robot/install/lslidar_driver/share/lslidar_driver/cmake/ament_cmake_export_include_directories-extras.cmake
[14.386s] -- Up-to-date: /home/tamir/autonomous_robot/install/lslidar_driver/share/lslidar_driver/cmake/lslidar_driverConfig.cmake
[14.386s] -- Up-to-date: /home/tamir/autonomous_robot/install/lslidar_driver/share/lslidar_driver/cmake/lslidar_driverConfig-version.cmake
[14.386s] -- Up-to-date: /home/tamir/autonomous_robot/install/lslidar_driver/share/lslidar_driver/package.xml
[14.388s] Invoked command in '/home/tamir/autonomous_robot/build/lslidar_driver' returned '0': CMAKE_PREFIX_PATH=/home/tamir/autonomous_robot/install/lslidar_msgs:/home/tamir/autonomous_robot/install/autonomous_robot_control:/home/tamir/autonomous_robot/install/robot_common_interfaces:/home/tamir/autonomous_robot/install/lslidar_driver:/home/tamir/autonomous_robot/install/aws_robomaker_small_warehouse_world:/home/tamir/autonomous_robot/install/autonomous_robot_description:/home/tamir/ros2_ws/install/my_turtle_interfaces:/home/tamir/ros2_ws/install/my_robot_interfaces:/home/tamir/ros2_ws/install/my_robot_bringup:/home/tamir/ros2_ws/install/my_robot_description:/home/tamir/ros2_ws/install/my_cpp_pkg:/home/tamir/turtlebot3_ws/install/turtlebot3_simulations:/home/tamir/turtlebot3_ws/install/turtlebot3_gazebo:/home/tamir/turtlebot3_ws/install/turtlebot3_fake_node:/home/tamir/install/my_robot_description:/home/tamir/install/autonomous_robot_description:/home/tamir/ros2_ws/install/turtle_spawner:/home/tamir/ros2_ws/install/turtle_controller:/home/tamir/ros2_ws/install/my_py_pkg:/home/tamir/install/calc_odom:/opt/ros/humble LD_LIBRARY_PATH=/home/tamir/autonomous_robot/install/lslidar_msgs/lib:/home/tamir/autonomous_robot/install/robot_common_interfaces/lib:/home/tamir/ros2_ws/install/my_turtle_interfaces/lib:/home/tamir/ros2_ws/install/my_robot_interfaces/lib:/opt/ros/humble/opt/rviz_ogre_vendor/lib:/opt/ros/humble/lib/x86_64-linux-gnu:/opt/ros/humble/lib:/usr/lib/x86_64-linux-gnu/gazebo-11/plugins /usr/bin/cmake --install /home/tamir/autonomous_robot/build/lslidar_driver
