[0.017s] Invoking command in '/home/tamir/autonomous_robot/build/lslidar_msgs': CMAKE_PREFIX_PATH=${CMAKE_PREFIX_PATH}:/home/tamir/ros2_ws/install/turtle_spawner:/home/tamir/ros2_ws/install/turtle_controller:/home/tamir/ros2_ws/install/my_py_pkg:/home/tamir/install/turtlebot3_gazebo:/home/tamir/install/turtle_spawner:/home/tamir/install/turtle_controller:/home/tamir/install/my_py_pkg:/opt/ros/humble /usr/bin/cmake /home/tamir/autonomous_robot/sensors_package/src/lidar_ws/src/Lslidar_ROS2_driver/lslidar_msgs -DCMAKE_INSTALL_PREFIX=/home/tamir/autonomous_robot/install/lslidar_msgs
[0.061s] -- The C compiler identification is GNU 11.4.0
[0.099s] -- The CXX compiler identification is GNU 11.4.0
[0.106s] -- Detecting C compiler ABI info
[0.164s] -- Detecting C compiler ABI info - done
[0.171s] -- Check for working C compiler: /usr/bin/cc - skipped
[0.171s] -- Detecting C compile features
[0.171s] -- Detecting C compile features - done
[0.173s] -- Detecting CXX compiler ABI info
[0.231s] -- Detecting CXX compiler ABI info - done
[0.236s] -- Check for working CXX compiler: /usr/bin/c++ - skipped
[0.236s] -- Detecting CXX compile features
[0.236s] -- Detecting CXX compile features - done
[0.239s] -- Found ament_cmake: 1.3.10 (/opt/ros/humble/share/ament_cmake/cmake)
[0.371s] -- Found Python3: /usr/bin/python3 (found version "3.10.12") found components: Interpreter 
[0.453s] -- Found std_msgs: 4.2.4 (/opt/ros/humble/share/std_msgs/cmake)
[0.486s] -- Found rosidl_generator_c: 3.1.5 (/opt/ros/humble/share/rosidl_generator_c/cmake)
[0.492s] -- Found rosidl_adapter: 3.1.5 (/opt/ros/humble/share/rosidl_adapter/cmake)
[0.499s] -- Found rosidl_generator_cpp: 3.1.5 (/opt/ros/humble/share/rosidl_generator_cpp/cmake)
[0.509s] -- Using all available rosidl_typesupport_c: rosidl_typesupport_fastrtps_c;rosidl_typesupport_introspection_c
[0.522s] -- Using all available rosidl_typesupport_cpp: rosidl_typesupport_fastrtps_cpp;rosidl_typesupport_introspection_cpp
[0.542s] -- Found sensor_msgs: 4.2.4 (/opt/ros/humble/share/sensor_msgs/cmake)
[0.564s] -- Found rosidl_default_generators: 1.2.0 (/opt/ros/humble/share/rosidl_default_generators/cmake)
[0.573s] -- Found ament_lint_auto: 0.12.11 (/opt/ros/humble/share/ament_lint_auto/cmake)
[0.862s] -- Found ament_cmake_ros: 0.10.0 (/opt/ros/humble/share/ament_cmake_ros/cmake)
[1.223s] -- Using all available rosidl_typesupport_c: rosidl_typesupport_fastrtps_c;rosidl_typesupport_introspection_c
[1.363s] -- Using all available rosidl_typesupport_cpp: rosidl_typesupport_fastrtps_cpp;rosidl_typesupport_introspection_cpp
[1.386s] -- Found PythonInterp: /usr/bin/python3 (found suitable version "3.10.12", minimum required is "3.6") 
[1.390s] -- Found python_cmake_module: 0.10.0 (/opt/ros/humble/share/python_cmake_module/cmake)
[1.424s] -- Found PythonLibs: /usr/lib/x86_64-linux-gnu/libpython3.10.so (found suitable version "3.10.12", minimum required is "3.5") 
[1.424s] -- Using PYTHON_EXECUTABLE: /usr/bin/python3
[1.424s] -- Using PYTHON_INCLUDE_DIRS: /usr/include/python3.10
[1.424s] -- Using PYTHON_LIBRARIES: /usr/lib/x86_64-linux-gnu/libpython3.10.so
[1.448s] -- Found PythonExtra: .so  
[1.562s] -- Added test 'copyright' to check source files copyright and LICENSE
[1.565s] -- Added test 'lint_cmake' to check CMake code style
[1.567s] -- Added test 'xmllint' to check XML markup files
[1.573s] -- Configuring done
[1.637s] -- Generating done
[1.641s] -- Build files have been written to: /home/tamir/autonomous_robot/build/lslidar_msgs
[1.654s] Invoked command in '/home/tamir/autonomous_robot/build/lslidar_msgs' returned '0': CMAKE_PREFIX_PATH=${CMAKE_PREFIX_PATH}:/home/tamir/ros2_ws/install/turtle_spawner:/home/tamir/ros2_ws/install/turtle_controller:/home/tamir/ros2_ws/install/my_py_pkg:/home/tamir/install/turtlebot3_gazebo:/home/tamir/install/turtle_spawner:/home/tamir/install/turtle_controller:/home/tamir/install/my_py_pkg:/opt/ros/humble /usr/bin/cmake /home/tamir/autonomous_robot/sensors_package/src/lidar_ws/src/Lslidar_ROS2_driver/lslidar_msgs -DCMAKE_INSTALL_PREFIX=/home/tamir/autonomous_robot/install/lslidar_msgs
[1.655s] Invoking command in '/home/tamir/autonomous_robot/build/lslidar_msgs': CMAKE_PREFIX_PATH=${CMAKE_PREFIX_PATH}:/home/tamir/ros2_ws/install/turtle_spawner:/home/tamir/ros2_ws/install/turtle_controller:/home/tamir/ros2_ws/install/my_py_pkg:/home/tamir/install/turtlebot3_gazebo:/home/tamir/install/turtle_spawner:/home/tamir/install/turtle_controller:/home/tamir/install/my_py_pkg:/opt/ros/humble /usr/bin/cmake --build /home/tamir/autonomous_robot/build/lslidar_msgs -- -j12 -l12
[1.691s] [  1%] [34m[1mGenerating C code for ROS interfaces[0m
[1.702s] [  1%] [34m[1mGenerating C++ code for ROS interfaces[0m
[1.709s] [  1%] Built target ament_cmake_python_copy_lslidar_msgs
[1.917s] running egg_info
[1.917s] creating lslidar_msgs.egg-info
[1.918s] writing lslidar_msgs.egg-info/PKG-INFO
[1.918s] writing dependency_links to lslidar_msgs.egg-info/dependency_links.txt
[1.918s] writing top-level names to lslidar_msgs.egg-info/top_level.txt
[1.918s] writing manifest file 'lslidar_msgs.egg-info/SOURCES.txt'
[1.920s] reading manifest file 'lslidar_msgs.egg-info/SOURCES.txt'
[1.920s] writing manifest file 'lslidar_msgs.egg-info/SOURCES.txt'
[1.945s] [  1%] Built target ament_cmake_python_build_lslidar_msgs_egg
[2.434s] [  1%] Built target lslidar_msgs__cpp
[2.442s] [  2%] [34m[1mGenerating C++ introspection for ROS interfaces[0m
[2.443s] [  3%] [34m[1mGenerating C++ type support dispatch for ROS interfaces[0m
[2.446s] [  3%] [34m[1mGenerating C++ type support for eProsima Fast-RTPS[0m
[2.450s] [  4%] [32mBuilding C object CMakeFiles/lslidar_msgs__rosidl_generator_c.dir/rosidl_generator_c/lslidar_msgs/srv/detail/dev_port__functions.c.o[0m
[2.450s] [  6%] [32mBuilding C object CMakeFiles/lslidar_msgs__rosidl_generator_c.dir/rosidl_generator_c/lslidar_msgs/srv/detail/data_port__functions.c.o[0m
[2.450s] [  6%] [32mBuilding C object CMakeFiles/lslidar_msgs__rosidl_generator_c.dir/rosidl_generator_c/lslidar_msgs/srv/detail/data_ip__functions.c.o[0m
[2.451s] [  6%] [32mBuilding C object CMakeFiles/lslidar_msgs__rosidl_generator_c.dir/rosidl_generator_c/lslidar_msgs/srv/detail/lslidar_control__functions.c.o[0m
[2.451s] [  7%] [32mBuilding C object CMakeFiles/lslidar_msgs__rosidl_generator_c.dir/rosidl_generator_c/lslidar_msgs/srv/detail/motor_control__functions.c.o[0m
[2.451s] [  8%] [32mBuilding C object CMakeFiles/lslidar_msgs__rosidl_generator_c.dir/rosidl_generator_c/lslidar_msgs/msg/detail/lslidar_point__functions.c.o[0m
[2.451s] [  9%] [32mBuilding C object CMakeFiles/lslidar_msgs__rosidl_generator_c.dir/rosidl_generator_c/lslidar_msgs/msg/detail/lslidar_scan__functions.c.o[0m
[2.455s] [ 10%] [32mBuilding C object CMakeFiles/lslidar_msgs__rosidl_generator_c.dir/rosidl_generator_c/lslidar_msgs/msg/detail/lslidar_packet__functions.c.o[0m
[2.456s] [ 11%] [32mBuilding C object CMakeFiles/lslidar_msgs__rosidl_generator_c.dir/rosidl_generator_c/lslidar_msgs/srv/detail/destination_ip__functions.c.o[0m
[2.507s] [ 12%] [32mBuilding C object CMakeFiles/lslidar_msgs__rosidl_generator_c.dir/rosidl_generator_c/lslidar_msgs/srv/detail/motor_speed__functions.c.o[0m
[2.509s] [ 13%] [32mBuilding C object CMakeFiles/lslidar_msgs__rosidl_generator_c.dir/rosidl_generator_c/lslidar_msgs/srv/detail/time_service__functions.c.o[0m
[2.553s] [ 14%] [32m[1mLinking C shared library liblslidar_msgs__rosidl_generator_c.so[0m
[2.598s] [ 14%] Built target lslidar_msgs__rosidl_generator_c
[2.609s] [ 16%] [34m[1mGenerating C type support dispatch for ROS interfaces[0m
[2.609s] [ 16%] [34m[1mGenerating C introspection for ROS interfaces[0m
[2.609s] [ 17%] [34m[1mGenerating C type support for eProsima Fast-RTPS[0m
[2.878s] [ 19%] [32mBuilding CXX object CMakeFiles/lslidar_msgs__rosidl_typesupport_cpp.dir/rosidl_typesupport_cpp/lslidar_msgs/msg/lslidar_scan__type_support.cpp.o[0m
[2.878s] [ 19%] [32mBuilding CXX object CMakeFiles/lslidar_msgs__rosidl_typesupport_cpp.dir/rosidl_typesupport_cpp/lslidar_msgs/msg/lslidar_packet__type_support.cpp.o[0m
[2.878s] [ 20%] [32mBuilding CXX object CMakeFiles/lslidar_msgs__rosidl_typesupport_cpp.dir/rosidl_typesupport_cpp/lslidar_msgs/srv/destination_ip__type_support.cpp.o[0m
[2.878s] [ 22%] [32mBuilding CXX object CMakeFiles/lslidar_msgs__rosidl_typesupport_cpp.dir/rosidl_typesupport_cpp/lslidar_msgs/srv/data_port__type_support.cpp.o[0m
[2.879s] [ 22%] [32mBuilding CXX object CMakeFiles/lslidar_msgs__rosidl_typesupport_cpp.dir/rosidl_typesupport_cpp/lslidar_msgs/srv/data_ip__type_support.cpp.o[0m
[2.881s] [ 23%] [32mBuilding CXX object CMakeFiles/lslidar_msgs__rosidl_typesupport_cpp.dir/rosidl_typesupport_cpp/lslidar_msgs/msg/lslidar_point__type_support.cpp.o[0m
[2.882s] [ 24%] [32mBuilding CXX object CMakeFiles/lslidar_msgs__rosidl_typesupport_cpp.dir/rosidl_typesupport_cpp/lslidar_msgs/srv/dev_port__type_support.cpp.o[0m
[3.171s] [ 24%] [32mBuilding CXX object CMakeFiles/lslidar_msgs__rosidl_typesupport_cpp.dir/rosidl_typesupport_cpp/lslidar_msgs/srv/lslidar_control__type_support.cpp.o[0m
[3.181s] [ 25%] [32mBuilding CXX object CMakeFiles/lslidar_msgs__rosidl_typesupport_cpp.dir/rosidl_typesupport_cpp/lslidar_msgs/srv/motor_control__type_support.cpp.o[0m
[3.185s] [ 26%] [32mBuilding CXX object CMakeFiles/lslidar_msgs__rosidl_typesupport_cpp.dir/rosidl_typesupport_cpp/lslidar_msgs/srv/motor_speed__type_support.cpp.o[0m
[3.200s] [ 27%] [32mBuilding CXX object CMakeFiles/lslidar_msgs__rosidl_typesupport_cpp.dir/rosidl_typesupport_cpp/lslidar_msgs/srv/time_service__type_support.cpp.o[0m
[3.252s] [ 29%] [32mBuilding CXX object CMakeFiles/lslidar_msgs__rosidl_typesupport_fastrtps_cpp.dir/rosidl_typesupport_fastrtps_cpp/lslidar_msgs/msg/detail/dds_fastrtps/lslidar_point__type_support.cpp.o[0m
[3.252s] [ 29%] [32mBuilding CXX object CMakeFiles/lslidar_msgs__rosidl_typesupport_fastrtps_cpp.dir/rosidl_typesupport_fastrtps_cpp/lslidar_msgs/msg/detail/dds_fastrtps/lslidar_packet__type_support.cpp.o[0m
[3.252s] [ 30%] [32mBuilding CXX object CMakeFiles/lslidar_msgs__rosidl_typesupport_fastrtps_cpp.dir/rosidl_typesupport_fastrtps_cpp/lslidar_msgs/msg/detail/dds_fastrtps/lslidar_scan__type_support.cpp.o[0m
[3.253s] [ 31%] [32mBuilding CXX object CMakeFiles/lslidar_msgs__rosidl_typesupport_c.dir/rosidl_typesupport_c/lslidar_msgs/msg/lslidar_packet__type_support.cpp.o[0m
[3.258s] [ 32%] [32mBuilding CXX object CMakeFiles/lslidar_msgs__rosidl_typesupport_fastrtps_cpp.dir/rosidl_typesupport_fastrtps_cpp/lslidar_msgs/srv/detail/dds_fastrtps/data_ip__type_support.cpp.o[0m
[3.302s] [ 33%] [32mBuilding CXX object CMakeFiles/lslidar_msgs__rosidl_typesupport_c.dir/rosidl_typesupport_c/lslidar_msgs/msg/lslidar_point__type_support.cpp.o[0m
[3.351s] [ 33%] [32mBuilding CXX object CMakeFiles/lslidar_msgs__rosidl_typesupport_c.dir/rosidl_typesupport_c/lslidar_msgs/msg/lslidar_scan__type_support.cpp.o[0m
[3.391s] [ 34%] [32mBuilding CXX object CMakeFiles/lslidar_msgs__rosidl_typesupport_c.dir/rosidl_typesupport_c/lslidar_msgs/srv/data_ip__type_support.cpp.o[0m
[3.430s] [ 35%] [32mBuilding CXX object CMakeFiles/lslidar_msgs__rosidl_typesupport_c.dir/rosidl_typesupport_c/lslidar_msgs/srv/data_port__type_support.cpp.o[0m
[3.471s] [ 36%] [32mBuilding CXX object CMakeFiles/lslidar_msgs__rosidl_typesupport_c.dir/rosidl_typesupport_c/lslidar_msgs/srv/destination_ip__type_support.cpp.o[0m
[3.500s] [ 37%] [32mBuilding CXX object CMakeFiles/lslidar_msgs__rosidl_typesupport_fastrtps_cpp.dir/rosidl_typesupport_fastrtps_cpp/lslidar_msgs/srv/detail/dds_fastrtps/data_port__type_support.cpp.o[0m
[3.505s] [ 38%] [32mBuilding CXX object CMakeFiles/lslidar_msgs__rosidl_typesupport_c.dir/rosidl_typesupport_c/lslidar_msgs/srv/dev_port__type_support.cpp.o[0m
[3.521s] [ 39%] [32mBuilding CXX object CMakeFiles/lslidar_msgs__rosidl_typesupport_fastrtps_cpp.dir/rosidl_typesupport_fastrtps_cpp/lslidar_msgs/srv/detail/dds_fastrtps/destination_ip__type_support.cpp.o[0m
[3.544s] [ 40%] [32mBuilding CXX object CMakeFiles/lslidar_msgs__rosidl_typesupport_c.dir/rosidl_typesupport_c/lslidar_msgs/srv/lslidar_control__type_support.cpp.o[0m
[3.545s] [ 41%] [32mBuilding CXX object CMakeFiles/lslidar_msgs__rosidl_typesupport_fastrtps_cpp.dir/rosidl_typesupport_fastrtps_cpp/lslidar_msgs/srv/detail/dds_fastrtps/dev_port__type_support.cpp.o[0m
[3.558s] [ 42%] [32m[1mLinking CXX shared library liblslidar_msgs__rosidl_typesupport_cpp.so[0m
[3.590s] [ 44%] [32mBuilding CXX object CMakeFiles/lslidar_msgs__rosidl_typesupport_introspection_cpp.dir/rosidl_typesupport_introspection_cpp/lslidar_msgs/msg/detail/lslidar_packet__type_support.cpp.o[0m
[3.593s] [ 44%] [32mBuilding CXX object CMakeFiles/lslidar_msgs__rosidl_typesupport_c.dir/rosidl_typesupport_c/lslidar_msgs/srv/motor_control__type_support.cpp.o[0m
[3.624s] [ 44%] Built target lslidar_msgs__rosidl_typesupport_cpp
[3.646s] [ 45%] [32mBuilding C object CMakeFiles/lslidar_msgs__rosidl_typesupport_introspection_c.dir/rosidl_typesupport_introspection_c/lslidar_msgs/msg/detail/lslidar_packet__type_support.c.o[0m
[3.650s] [ 46%] [32mBuilding CXX object CMakeFiles/lslidar_msgs__rosidl_typesupport_c.dir/rosidl_typesupport_c/lslidar_msgs/srv/time_service__type_support.cpp.o[0m
[3.655s] [ 47%] [32mBuilding CXX object CMakeFiles/lslidar_msgs__rosidl_typesupport_c.dir/rosidl_typesupport_c/lslidar_msgs/srv/motor_speed__type_support.cpp.o[0m
[3.687s] [ 48%] [32mBuilding CXX object CMakeFiles/lslidar_msgs__rosidl_typesupport_fastrtps_cpp.dir/rosidl_typesupport_fastrtps_cpp/lslidar_msgs/srv/detail/dds_fastrtps/lslidar_control__type_support.cpp.o[0m
[3.691s] [ 49%] [32mBuilding C object CMakeFiles/lslidar_msgs__rosidl_typesupport_introspection_c.dir/rosidl_typesupport_introspection_c/lslidar_msgs/msg/detail/lslidar_point__type_support.c.o[0m
[3.713s] [ 49%] [32mBuilding CXX object CMakeFiles/lslidar_msgs__rosidl_typesupport_introspection_cpp.dir/rosidl_typesupport_introspection_cpp/lslidar_msgs/msg/detail/lslidar_point__type_support.cpp.o[0m
[3.714s] [ 50%] [32mBuilding C object CMakeFiles/lslidar_msgs__rosidl_typesupport_introspection_c.dir/rosidl_typesupport_introspection_c/lslidar_msgs/msg/detail/lslidar_scan__type_support.c.o[0m
[3.722s] [ 51%] [32m[1mLinking CXX shared library liblslidar_msgs__rosidl_typesupport_c.so[0m
[3.733s] [ 52%] [32mBuilding CXX object CMakeFiles/lslidar_msgs__rosidl_typesupport_introspection_cpp.dir/rosidl_typesupport_introspection_cpp/lslidar_msgs/msg/detail/lslidar_scan__type_support.cpp.o[0m
[3.747s] [ 53%] [32mBuilding CXX object CMakeFiles/lslidar_msgs__rosidl_typesupport_introspection_cpp.dir/rosidl_typesupport_introspection_cpp/lslidar_msgs/srv/detail/data_ip__type_support.cpp.o[0m
[3.761s] [ 54%] [32mBuilding C object CMakeFiles/lslidar_msgs__rosidl_typesupport_introspection_c.dir/rosidl_typesupport_introspection_c/lslidar_msgs/srv/detail/data_ip__type_support.c.o[0m
[3.771s] [ 54%] Built target lslidar_msgs__rosidl_typesupport_c
[3.772s] [ 55%] [32mBuilding CXX object CMakeFiles/lslidar_msgs__rosidl_typesupport_introspection_cpp.dir/rosidl_typesupport_introspection_cpp/lslidar_msgs/srv/detail/data_port__type_support.cpp.o[0m
[3.780s] [ 56%] [32mBuilding CXX object CMakeFiles/lslidar_msgs__rosidl_typesupport_introspection_cpp.dir/rosidl_typesupport_introspection_cpp/lslidar_msgs/srv/detail/destination_ip__type_support.cpp.o[0m
[3.821s] [ 57%] [32mBuilding CXX object CMakeFiles/lslidar_msgs__rosidl_typesupport_fastrtps_c.dir/rosidl_typesupport_fastrtps_c/lslidar_msgs/msg/detail/lslidar_packet__type_support_c.cpp.o[0m
[3.833s] [ 58%] [32mBuilding C object CMakeFiles/lslidar_msgs__rosidl_typesupport_introspection_c.dir/rosidl_typesupport_introspection_c/lslidar_msgs/srv/detail/data_port__type_support.c.o[0m
[3.923s] [ 59%] [32mBuilding C object CMakeFiles/lslidar_msgs__rosidl_typesupport_introspection_c.dir/rosidl_typesupport_introspection_c/lslidar_msgs/srv/detail/destination_ip__type_support.c.o[0m
[4.017s] [ 59%] [32mBuilding C object CMakeFiles/lslidar_msgs__rosidl_typesupport_introspection_c.dir/rosidl_typesupport_introspection_c/lslidar_msgs/srv/detail/dev_port__type_support.c.o[0m
[4.024s] [ 60%] [32mBuilding CXX object CMakeFiles/lslidar_msgs__rosidl_typesupport_fastrtps_c.dir/rosidl_typesupport_fastrtps_c/lslidar_msgs/msg/detail/lslidar_point__type_support_c.cpp.o[0m
[4.078s] [ 61%] [32mBuilding C object CMakeFiles/lslidar_msgs__rosidl_typesupport_introspection_c.dir/rosidl_typesupport_introspection_c/lslidar_msgs/srv/detail/lslidar_control__type_support.c.o[0m
[4.078s] [ 62%] [32mBuilding CXX object CMakeFiles/lslidar_msgs__rosidl_typesupport_fastrtps_c.dir/rosidl_typesupport_fastrtps_c/lslidar_msgs/msg/detail/lslidar_scan__type_support_c.cpp.o[0m
[4.093s] [ 63%] [32mBuilding CXX object CMakeFiles/lslidar_msgs__rosidl_typesupport_fastrtps_cpp.dir/rosidl_typesupport_fastrtps_cpp/lslidar_msgs/srv/detail/dds_fastrtps/motor_control__type_support.cpp.o[0m
[4.120s] [ 64%] [32mBuilding C object CMakeFiles/lslidar_msgs__rosidl_typesupport_introspection_c.dir/rosidl_typesupport_introspection_c/lslidar_msgs/srv/detail/motor_control__type_support.c.o[0m
[4.137s] [ 64%] [32mBuilding CXX object CMakeFiles/lslidar_msgs__rosidl_typesupport_fastrtps_cpp.dir/rosidl_typesupport_fastrtps_cpp/lslidar_msgs/srv/detail/dds_fastrtps/motor_speed__type_support.cpp.o[0m
[4.146s] [ 65%] [32mBuilding CXX object CMakeFiles/lslidar_msgs__rosidl_typesupport_fastrtps_c.dir/rosidl_typesupport_fastrtps_c/lslidar_msgs/srv/detail/data_ip__type_support_c.cpp.o[0m
[4.169s] [ 66%] [32mBuilding C object CMakeFiles/lslidar_msgs__rosidl_typesupport_introspection_c.dir/rosidl_typesupport_introspection_c/lslidar_msgs/srv/detail/motor_speed__type_support.c.o[0m
[4.203s] [ 67%] [32mBuilding C object CMakeFiles/lslidar_msgs__rosidl_typesupport_introspection_c.dir/rosidl_typesupport_introspection_c/lslidar_msgs/srv/detail/time_service__type_support.c.o[0m
[4.208s] [ 67%] [32mBuilding CXX object CMakeFiles/lslidar_msgs__rosidl_typesupport_fastrtps_c.dir/rosidl_typesupport_fastrtps_c/lslidar_msgs/srv/detail/data_port__type_support_c.cpp.o[0m
[4.213s] [ 68%] [32mBuilding CXX object CMakeFiles/lslidar_msgs__rosidl_typesupport_fastrtps_cpp.dir/rosidl_typesupport_fastrtps_cpp/lslidar_msgs/srv/detail/dds_fastrtps/time_service__type_support.cpp.o[0m
[4.213s] [ 69%] [32mBuilding CXX object CMakeFiles/lslidar_msgs__rosidl_typesupport_fastrtps_c.dir/rosidl_typesupport_fastrtps_c/lslidar_msgs/srv/detail/destination_ip__type_support_c.cpp.o[0m
[4.220s] [ 70%] [32mBuilding CXX object CMakeFiles/lslidar_msgs__rosidl_typesupport_fastrtps_c.dir/rosidl_typesupport_fastrtps_c/lslidar_msgs/srv/detail/dev_port__type_support_c.cpp.o[0m
[4.240s] [ 71%] [32mBuilding CXX object CMakeFiles/lslidar_msgs__rosidl_typesupport_introspection_cpp.dir/rosidl_typesupport_introspection_cpp/lslidar_msgs/srv/detail/dev_port__type_support.cpp.o[0m
[4.242s] [ 72%] [32m[1mLinking C shared library liblslidar_msgs__rosidl_typesupport_introspection_c.so[0m
[4.285s] [ 72%] Built target lslidar_msgs__rosidl_typesupport_introspection_c
[4.295s] [ 73%] [32mBuilding CXX object CMakeFiles/lslidar_msgs__rosidl_typesupport_introspection_cpp.dir/rosidl_typesupport_introspection_cpp/lslidar_msgs/srv/detail/lslidar_control__type_support.cpp.o[0m
[4.305s] [ 74%] [32mBuilding CXX object CMakeFiles/lslidar_msgs__rosidl_typesupport_fastrtps_c.dir/rosidl_typesupport_fastrtps_c/lslidar_msgs/srv/detail/lslidar_control__type_support_c.cpp.o[0m
[4.505s] [ 75%] [32mBuilding CXX object CMakeFiles/lslidar_msgs__rosidl_typesupport_introspection_cpp.dir/rosidl_typesupport_introspection_cpp/lslidar_msgs/srv/detail/motor_control__type_support.cpp.o[0m
[4.548s] [ 76%] [32mBuilding CXX object CMakeFiles/lslidar_msgs__rosidl_typesupport_introspection_cpp.dir/rosidl_typesupport_introspection_cpp/lslidar_msgs/srv/detail/time_service__type_support.cpp.o[0m
[4.554s] [ 77%] [32mBuilding CXX object CMakeFiles/lslidar_msgs__rosidl_typesupport_introspection_cpp.dir/rosidl_typesupport_introspection_cpp/lslidar_msgs/srv/detail/motor_speed__type_support.cpp.o[0m
[4.628s] [ 78%] [32mBuilding CXX object CMakeFiles/lslidar_msgs__rosidl_typesupport_fastrtps_c.dir/rosidl_typesupport_fastrtps_c/lslidar_msgs/srv/detail/motor_control__type_support_c.cpp.o[0m
[4.645s] [ 79%] [32mBuilding CXX object CMakeFiles/lslidar_msgs__rosidl_typesupport_fastrtps_c.dir/rosidl_typesupport_fastrtps_c/lslidar_msgs/srv/detail/motor_speed__type_support_c.cpp.o[0m
[4.658s] [ 80%] [32mBuilding CXX object CMakeFiles/lslidar_msgs__rosidl_typesupport_fastrtps_c.dir/rosidl_typesupport_fastrtps_c/lslidar_msgs/srv/detail/time_service__type_support_c.cpp.o[0m
[4.683s] [ 81%] [32m[1mLinking CXX shared library liblslidar_msgs__rosidl_typesupport_fastrtps_cpp.so[0m
[4.765s] [ 81%] Built target lslidar_msgs__rosidl_typesupport_fastrtps_cpp
[5.000s] [ 82%] [32m[1mLinking CXX shared library liblslidar_msgs__rosidl_typesupport_introspection_cpp.so[0m
[5.012s] [ 83%] [32m[1mLinking CXX shared library liblslidar_msgs__rosidl_typesupport_fastrtps_c.so[0m
[5.073s] [ 83%] Built target lslidar_msgs__rosidl_typesupport_introspection_cpp
[5.079s] [ 83%] Built target lslidar_msgs__rosidl_typesupport_fastrtps_c
[5.099s] [ 83%] Built target lslidar_msgs
[5.119s] [ 84%] [34m[1mGenerating Python code for ROS interfaces[0m
[6.139s] [ 84%] Built target lslidar_msgs__py
[6.162s] [ 85%] [32mBuilding C object CMakeFiles/lslidar_msgs__rosidl_generator_py.dir/rosidl_generator_py/lslidar_msgs/msg/_lslidar_point_s.c.o[0m
[6.164s] [ 86%] [32mBuilding C object CMakeFiles/lslidar_msgs__rosidl_generator_py.dir/rosidl_generator_py/lslidar_msgs/srv/_data_ip_s.c.o[0m
[6.164s] [ 86%] [32mBuilding C object CMakeFiles/lslidar_msgs__rosidl_generator_py.dir/rosidl_generator_py/lslidar_msgs/srv/_destination_ip_s.c.o[0m
[6.164s] [ 88%] [32mBuilding C object CMakeFiles/lslidar_msgs__rosidl_generator_py.dir/rosidl_generator_py/lslidar_msgs/srv/_data_port_s.c.o[0m
[6.164s] [ 88%] [32mBuilding C object CMakeFiles/lslidar_msgs__rosidl_generator_py.dir/rosidl_generator_py/lslidar_msgs/msg/_lslidar_packet_s.c.o[0m
[6.164s] [ 89%] [32mBuilding C object CMakeFiles/lslidar_msgs__rosidl_generator_py.dir/rosidl_generator_py/lslidar_msgs/srv/_motor_control_s.c.o[0m
[6.166s] [ 91%] [32mBuilding C object CMakeFiles/lslidar_msgs__rosidl_generator_py.dir/rosidl_generator_py/lslidar_msgs/msg/_lslidar_scan_s.c.o[0m
[6.166s] [ 91%] [32mBuilding C object CMakeFiles/lslidar_msgs__rosidl_generator_py.dir/rosidl_generator_py/lslidar_msgs/srv/_lslidar_control_s.c.o[0m
[6.170s] [ 92%] [32mBuilding C object CMakeFiles/lslidar_msgs__rosidl_generator_py.dir/rosidl_generator_py/lslidar_msgs/srv/_dev_port_s.c.o[0m
[6.171s] [ 93%] [32mBuilding C object CMakeFiles/lslidar_msgs__rosidl_generator_py.dir/rosidl_generator_py/lslidar_msgs/srv/_motor_speed_s.c.o[0m
[6.175s] [ 94%] [32mBuilding C object CMakeFiles/lslidar_msgs__rosidl_generator_py.dir/rosidl_generator_py/lslidar_msgs/srv/_time_service_s.c.o[0m
[6.316s] [ 95%] [32m[1mLinking C shared library rosidl_generator_py/lslidar_msgs/liblslidar_msgs__rosidl_generator_py.so[0m
[6.355s] [ 95%] Built target lslidar_msgs__rosidl_generator_py
[6.374s] [ 95%] [32mBuilding C object CMakeFiles/lslidar_msgs__rosidl_typesupport_c__pyext.dir/rosidl_generator_py/lslidar_msgs/_lslidar_msgs_s.ep.rosidl_typesupport_c.c.o[0m
[6.374s] [ 96%] [32mBuilding C object CMakeFiles/lslidar_msgs__rosidl_typesupport_fastrtps_c__pyext.dir/rosidl_generator_py/lslidar_msgs/_lslidar_msgs_s.ep.rosidl_typesupport_fastrtps_c.c.o[0m
[6.379s] [ 97%] [32mBuilding C object CMakeFiles/lslidar_msgs__rosidl_typesupport_introspection_c__pyext.dir/rosidl_generator_py/lslidar_msgs/_lslidar_msgs_s.ep.rosidl_typesupport_introspection_c.c.o[0m
[6.475s] [ 98%] [32m[1mLinking C shared library rosidl_generator_py/lslidar_msgs/lslidar_msgs_s__rosidl_typesupport_c.cpython-310-x86_64-linux-gnu.so[0m
[6.487s] [ 99%] [32m[1mLinking C shared library rosidl_generator_py/lslidar_msgs/lslidar_msgs_s__rosidl_typesupport_introspection_c.cpython-310-x86_64-linux-gnu.so[0m
[6.513s] [ 99%] Built target lslidar_msgs__rosidl_typesupport_c__pyext
[6.526s] [100%] [32m[1mLinking C shared library rosidl_generator_py/lslidar_msgs/lslidar_msgs_s__rosidl_typesupport_fastrtps_c.cpython-310-x86_64-linux-gnu.so[0m
[6.534s] [100%] Built target lslidar_msgs__rosidl_typesupport_introspection_c__pyext
[6.565s] [100%] Built target lslidar_msgs__rosidl_typesupport_fastrtps_c__pyext
[6.578s] Invoked command in '/home/tamir/autonomous_robot/build/lslidar_msgs' returned '0': CMAKE_PREFIX_PATH=${CMAKE_PREFIX_PATH}:/home/tamir/ros2_ws/install/turtle_spawner:/home/tamir/ros2_ws/install/turtle_controller:/home/tamir/ros2_ws/install/my_py_pkg:/home/tamir/install/turtlebot3_gazebo:/home/tamir/install/turtle_spawner:/home/tamir/install/turtle_controller:/home/tamir/install/my_py_pkg:/opt/ros/humble /usr/bin/cmake --build /home/tamir/autonomous_robot/build/lslidar_msgs -- -j12 -l12
[6.816s] Invoking command in '/home/tamir/autonomous_robot/build/lslidar_msgs': CMAKE_PREFIX_PATH=${CMAKE_PREFIX_PATH}:/home/tamir/ros2_ws/install/turtle_spawner:/home/tamir/ros2_ws/install/turtle_controller:/home/tamir/ros2_ws/install/my_py_pkg:/home/tamir/install/turtlebot3_gazebo:/home/tamir/install/turtle_spawner:/home/tamir/install/turtle_controller:/home/tamir/install/my_py_pkg:/opt/ros/humble /usr/bin/cmake --install /home/tamir/autonomous_robot/build/lslidar_msgs
[6.825s] -- Install configuration: ""
[6.825s] -- Installing: /home/tamir/autonomous_robot/install/lslidar_msgs/share/ament_index/resource_index/rosidl_interfaces/lslidar_msgs
[6.826s] -- Installing: /home/tamir/autonomous_robot/install/lslidar_msgs/include/lslidar_msgs/lslidar_msgs
[6.826s] -- Installing: /home/tamir/autonomous_robot/install/lslidar_msgs/include/lslidar_msgs/lslidar_msgs/msg
[6.826s] -- Installing: /home/tamir/autonomous_robot/install/lslidar_msgs/include/lslidar_msgs/lslidar_msgs/msg/rosidl_generator_c__visibility_control.h
[6.826s] -- Installing: /home/tamir/autonomous_robot/install/lslidar_msgs/include/lslidar_msgs/lslidar_msgs/msg/detail
[6.826s] -- Installing: /home/tamir/autonomous_robot/install/lslidar_msgs/include/lslidar_msgs/lslidar_msgs/msg/detail/lslidar_point__type_support.h
[6.826s] -- Installing: /home/tamir/autonomous_robot/install/lslidar_msgs/include/lslidar_msgs/lslidar_msgs/msg/detail/lslidar_scan__type_support.h
[6.826s] -- Installing: /home/tamir/autonomous_robot/install/lslidar_msgs/include/lslidar_msgs/lslidar_msgs/msg/detail/lslidar_point__functions.h
[6.826s] -- Installing: /home/tamir/autonomous_robot/install/lslidar_msgs/include/lslidar_msgs/lslidar_msgs/msg/detail/lslidar_scan__struct.h
[6.826s] -- Installing: /home/tamir/autonomous_robot/install/lslidar_msgs/include/lslidar_msgs/lslidar_msgs/msg/detail/lslidar_point__struct.h
[6.826s] -- Installing: /home/tamir/autonomous_robot/install/lslidar_msgs/include/lslidar_msgs/lslidar_msgs/msg/detail/lslidar_packet__functions.h
[6.827s] -- Installing: /home/tamir/autonomous_robot/install/lslidar_msgs/include/lslidar_msgs/lslidar_msgs/msg/detail/lslidar_packet__type_support.h
[6.827s] -- Installing: /home/tamir/autonomous_robot/install/lslidar_msgs/include/lslidar_msgs/lslidar_msgs/msg/detail/lslidar_packet__struct.h
[6.827s] -- Installing: /home/tamir/autonomous_robot/install/lslidar_msgs/include/lslidar_msgs/lslidar_msgs/msg/detail/lslidar_packet__functions.c
[6.827s] -- Installing: /home/tamir/autonomous_robot/install/lslidar_msgs/include/lslidar_msgs/lslidar_msgs/msg/detail/lslidar_scan__functions.c
[6.827s] -- Installing: /home/tamir/autonomous_robot/install/lslidar_msgs/include/lslidar_msgs/lslidar_msgs/msg/detail/lslidar_scan__functions.h
[6.827s] -- Installing: /home/tamir/autonomous_robot/install/lslidar_msgs/include/lslidar_msgs/lslidar_msgs/msg/detail/lslidar_point__functions.c
[6.827s] -- Installing: /home/tamir/autonomous_robot/install/lslidar_msgs/include/lslidar_msgs/lslidar_msgs/msg/lslidar_scan.h
[6.827s] -- Installing: /home/tamir/autonomous_robot/install/lslidar_msgs/include/lslidar_msgs/lslidar_msgs/msg/lslidar_packet.h
[6.827s] -- Installing: /home/tamir/autonomous_robot/install/lslidar_msgs/include/lslidar_msgs/lslidar_msgs/msg/lslidar_point.h
[6.827s] -- Installing: /home/tamir/autonomous_robot/install/lslidar_msgs/include/lslidar_msgs/lslidar_msgs/srv
[6.828s] -- Installing: /home/tamir/autonomous_robot/install/lslidar_msgs/include/lslidar_msgs/lslidar_msgs/srv/motor_control.h
[6.828s] -- Installing: /home/tamir/autonomous_robot/install/lslidar_msgs/include/lslidar_msgs/lslidar_msgs/srv/time_service.h
[6.828s] -- Installing: /home/tamir/autonomous_robot/install/lslidar_msgs/include/lslidar_msgs/lslidar_msgs/srv/destination_ip.h
[6.828s] -- Installing: /home/tamir/autonomous_robot/install/lslidar_msgs/include/lslidar_msgs/lslidar_msgs/srv/detail
[6.828s] -- Installing: /home/tamir/autonomous_robot/install/lslidar_msgs/include/lslidar_msgs/lslidar_msgs/srv/detail/motor_speed__functions.h
[6.828s] -- Installing: /home/tamir/autonomous_robot/install/lslidar_msgs/include/lslidar_msgs/lslidar_msgs/srv/detail/destination_ip__functions.c
[6.828s] -- Installing: /home/tamir/autonomous_robot/install/lslidar_msgs/include/lslidar_msgs/lslidar_msgs/srv/detail/destination_ip__type_support.h
[6.828s] -- Installing: /home/tamir/autonomous_robot/install/lslidar_msgs/include/lslidar_msgs/lslidar_msgs/srv/detail/dev_port__functions.c
[6.828s] -- Installing: /home/tamir/autonomous_robot/install/lslidar_msgs/include/lslidar_msgs/lslidar_msgs/srv/detail/lslidar_control__functions.h
[6.828s] -- Installing: /home/tamir/autonomous_robot/install/lslidar_msgs/include/lslidar_msgs/lslidar_msgs/srv/detail/motor_speed__functions.c
[6.828s] -- Installing: /home/tamir/autonomous_robot/install/lslidar_msgs/include/lslidar_msgs/lslidar_msgs/srv/detail/destination_ip__struct.h
[6.829s] -- Installing: /home/tamir/autonomous_robot/install/lslidar_msgs/include/lslidar_msgs/lslidar_msgs/srv/detail/data_port__type_support.h
[6.829s] -- Installing: /home/tamir/autonomous_robot/install/lslidar_msgs/include/lslidar_msgs/lslidar_msgs/srv/detail/motor_control__functions.c
[6.829s] -- Installing: /home/tamir/autonomous_robot/install/lslidar_msgs/include/lslidar_msgs/lslidar_msgs/srv/detail/time_service__struct.h
[6.829s] -- Installing: /home/tamir/autonomous_robot/install/lslidar_msgs/include/lslidar_msgs/lslidar_msgs/srv/detail/lslidar_control__struct.h
[6.829s] -- Installing: /home/tamir/autonomous_robot/install/lslidar_msgs/include/lslidar_msgs/lslidar_msgs/srv/detail/time_service__functions.c
[6.829s] -- Installing: /home/tamir/autonomous_robot/install/lslidar_msgs/include/lslidar_msgs/lslidar_msgs/srv/detail/motor_speed__type_support.h
[6.829s] -- Installing: /home/tamir/autonomous_robot/install/lslidar_msgs/include/lslidar_msgs/lslidar_msgs/srv/detail/motor_control__struct.h
[6.829s] -- Installing: /home/tamir/autonomous_robot/install/lslidar_msgs/include/lslidar_msgs/lslidar_msgs/srv/detail/time_service__type_support.h
[6.829s] -- Installing: /home/tamir/autonomous_robot/install/lslidar_msgs/include/lslidar_msgs/lslidar_msgs/srv/detail/data_port__struct.h
[6.830s] -- Installing: /home/tamir/autonomous_robot/install/lslidar_msgs/include/lslidar_msgs/lslidar_msgs/srv/detail/data_ip__functions.h
[6.830s] -- Installing: /home/tamir/autonomous_robot/install/lslidar_msgs/include/lslidar_msgs/lslidar_msgs/srv/detail/motor_speed__struct.h
[6.830s] -- Installing: /home/tamir/autonomous_robot/install/lslidar_msgs/include/lslidar_msgs/lslidar_msgs/srv/detail/lslidar_control__functions.c
[6.830s] -- Installing: /home/tamir/autonomous_robot/install/lslidar_msgs/include/lslidar_msgs/lslidar_msgs/srv/detail/data_ip__type_support.h
[6.830s] -- Installing: /home/tamir/autonomous_robot/install/lslidar_msgs/include/lslidar_msgs/lslidar_msgs/srv/detail/data_ip__functions.c
[6.830s] -- Installing: /home/tamir/autonomous_robot/install/lslidar_msgs/include/lslidar_msgs/lslidar_msgs/srv/detail/motor_control__functions.h
[6.830s] -- Installing: /home/tamir/autonomous_robot/install/lslidar_msgs/include/lslidar_msgs/lslidar_msgs/srv/detail/dev_port__struct.h
[6.830s] -- Installing: /home/tamir/autonomous_robot/install/lslidar_msgs/include/lslidar_msgs/lslidar_msgs/srv/detail/dev_port__type_support.h
[6.830s] -- Installing: /home/tamir/autonomous_robot/install/lslidar_msgs/include/lslidar_msgs/lslidar_msgs/srv/detail/time_service__functions.h
[6.831s] -- Installing: /home/tamir/autonomous_robot/install/lslidar_msgs/include/lslidar_msgs/lslidar_msgs/srv/detail/data_port__functions.h
[6.831s] -- Installing: /home/tamir/autonomous_robot/install/lslidar_msgs/include/lslidar_msgs/lslidar_msgs/srv/detail/destination_ip__functions.h
[6.831s] -- Installing: /home/tamir/autonomous_robot/install/lslidar_msgs/include/lslidar_msgs/lslidar_msgs/srv/detail/motor_control__type_support.h
[6.831s] -- Installing: /home/tamir/autonomous_robot/install/lslidar_msgs/include/lslidar_msgs/lslidar_msgs/srv/detail/lslidar_control__type_support.h
[6.831s] -- Installing: /home/tamir/autonomous_robot/install/lslidar_msgs/include/lslidar_msgs/lslidar_msgs/srv/detail/data_ip__struct.h
[6.831s] -- Installing: /home/tamir/autonomous_robot/install/lslidar_msgs/include/lslidar_msgs/lslidar_msgs/srv/detail/data_port__functions.c
[6.831s] -- Installing: /home/tamir/autonomous_robot/install/lslidar_msgs/include/lslidar_msgs/lslidar_msgs/srv/detail/dev_port__functions.h
[6.831s] -- Installing: /home/tamir/autonomous_robot/install/lslidar_msgs/include/lslidar_msgs/lslidar_msgs/srv/motor_speed.h
[6.831s] -- Installing: /home/tamir/autonomous_robot/install/lslidar_msgs/include/lslidar_msgs/lslidar_msgs/srv/data_port.h
[6.831s] -- Installing: /home/tamir/autonomous_robot/install/lslidar_msgs/include/lslidar_msgs/lslidar_msgs/srv/dev_port.h
[6.831s] -- Installing: /home/tamir/autonomous_robot/install/lslidar_msgs/include/lslidar_msgs/lslidar_msgs/srv/data_ip.h
[6.832s] -- Installing: /home/tamir/autonomous_robot/install/lslidar_msgs/include/lslidar_msgs/lslidar_msgs/srv/lslidar_control.h
[6.832s] -- Installing: /home/tamir/autonomous_robot/install/lslidar_msgs/share/lslidar_msgs/environment/library_path.sh
[6.832s] -- Installing: /home/tamir/autonomous_robot/install/lslidar_msgs/share/lslidar_msgs/environment/library_path.dsv
[6.832s] -- Installing: /home/tamir/autonomous_robot/install/lslidar_msgs/lib/liblslidar_msgs__rosidl_generator_c.so
[6.832s] -- Set runtime path of "/home/tamir/autonomous_robot/install/lslidar_msgs/lib/liblslidar_msgs__rosidl_generator_c.so" to ""
[6.832s] -- Up-to-date: /home/tamir/autonomous_robot/install/lslidar_msgs/include/lslidar_msgs/lslidar_msgs
[6.832s] -- Up-to-date: /home/tamir/autonomous_robot/install/lslidar_msgs/include/lslidar_msgs/lslidar_msgs/msg
[6.832s] -- Up-to-date: /home/tamir/autonomous_robot/install/lslidar_msgs/include/lslidar_msgs/lslidar_msgs/msg/detail
[6.832s] -- Installing: /home/tamir/autonomous_robot/install/lslidar_msgs/include/lslidar_msgs/lslidar_msgs/msg/detail/lslidar_point__rosidl_typesupport_fastrtps_c.h
[6.832s] -- Installing: /home/tamir/autonomous_robot/install/lslidar_msgs/include/lslidar_msgs/lslidar_msgs/msg/detail/lslidar_scan__rosidl_typesupport_fastrtps_c.h
[6.832s] -- Installing: /home/tamir/autonomous_robot/install/lslidar_msgs/include/lslidar_msgs/lslidar_msgs/msg/detail/lslidar_packet__rosidl_typesupport_fastrtps_c.h
[6.832s] -- Installing: /home/tamir/autonomous_robot/install/lslidar_msgs/include/lslidar_msgs/lslidar_msgs/msg/rosidl_typesupport_fastrtps_c__visibility_control.h
[6.833s] -- Up-to-date: /home/tamir/autonomous_robot/install/lslidar_msgs/include/lslidar_msgs/lslidar_msgs/srv
[6.833s] -- Up-to-date: /home/tamir/autonomous_robot/install/lslidar_msgs/include/lslidar_msgs/lslidar_msgs/srv/detail
[6.833s] -- Installing: /home/tamir/autonomous_robot/install/lslidar_msgs/include/lslidar_msgs/lslidar_msgs/srv/detail/destination_ip__rosidl_typesupport_fastrtps_c.h
[6.833s] -- Installing: /home/tamir/autonomous_robot/install/lslidar_msgs/include/lslidar_msgs/lslidar_msgs/srv/detail/lslidar_control__rosidl_typesupport_fastrtps_c.h
[6.833s] -- Installing: /home/tamir/autonomous_robot/install/lslidar_msgs/include/lslidar_msgs/lslidar_msgs/srv/detail/motor_speed__rosidl_typesupport_fastrtps_c.h
[6.833s] -- Installing: /home/tamir/autonomous_robot/install/lslidar_msgs/include/lslidar_msgs/lslidar_msgs/srv/detail/motor_control__rosidl_typesupport_fastrtps_c.h
[6.833s] -- Installing: /home/tamir/autonomous_robot/install/lslidar_msgs/include/lslidar_msgs/lslidar_msgs/srv/detail/dev_port__rosidl_typesupport_fastrtps_c.h
[6.833s] -- Installing: /home/tamir/autonomous_robot/install/lslidar_msgs/include/lslidar_msgs/lslidar_msgs/srv/detail/data_port__rosidl_typesupport_fastrtps_c.h
[6.833s] -- Installing: /home/tamir/autonomous_robot/install/lslidar_msgs/include/lslidar_msgs/lslidar_msgs/srv/detail/data_ip__rosidl_typesupport_fastrtps_c.h
[6.833s] -- Installing: /home/tamir/autonomous_robot/install/lslidar_msgs/include/lslidar_msgs/lslidar_msgs/srv/detail/time_service__rosidl_typesupport_fastrtps_c.h
[6.833s] -- Installing: /home/tamir/autonomous_robot/install/lslidar_msgs/lib/liblslidar_msgs__rosidl_typesupport_fastrtps_c.so
[6.833s] -- Set runtime path of "/home/tamir/autonomous_robot/install/lslidar_msgs/lib/liblslidar_msgs__rosidl_typesupport_fastrtps_c.so" to ""
[6.833s] -- Up-to-date: /home/tamir/autonomous_robot/install/lslidar_msgs/include/lslidar_msgs/lslidar_msgs
[6.834s] -- Up-to-date: /home/tamir/autonomous_robot/install/lslidar_msgs/include/lslidar_msgs/lslidar_msgs/msg
[6.834s] -- Up-to-date: /home/tamir/autonomous_robot/install/lslidar_msgs/include/lslidar_msgs/lslidar_msgs/msg/detail
[6.834s] -- Installing: /home/tamir/autonomous_robot/install/lslidar_msgs/include/lslidar_msgs/lslidar_msgs/msg/detail/lslidar_point__traits.hpp
[6.834s] -- Installing: /home/tamir/autonomous_robot/install/lslidar_msgs/include/lslidar_msgs/lslidar_msgs/msg/detail/lslidar_packet__builder.hpp
[6.834s] -- Installing: /home/tamir/autonomous_robot/install/lslidar_msgs/include/lslidar_msgs/lslidar_msgs/msg/detail/lslidar_packet__traits.hpp
[6.834s] -- Installing: /home/tamir/autonomous_robot/install/lslidar_msgs/include/lslidar_msgs/lslidar_msgs/msg/detail/lslidar_point__builder.hpp
[6.834s] -- Installing: /home/tamir/autonomous_robot/install/lslidar_msgs/include/lslidar_msgs/lslidar_msgs/msg/detail/lslidar_scan__struct.hpp
[6.834s] -- Installing: /home/tamir/autonomous_robot/install/lslidar_msgs/include/lslidar_msgs/lslidar_msgs/msg/detail/lslidar_scan__builder.hpp
[6.834s] -- Installing: /home/tamir/autonomous_robot/install/lslidar_msgs/include/lslidar_msgs/lslidar_msgs/msg/detail/lslidar_point__struct.hpp
[6.834s] -- Installing: /home/tamir/autonomous_robot/install/lslidar_msgs/include/lslidar_msgs/lslidar_msgs/msg/detail/lslidar_scan__traits.hpp
[6.834s] -- Installing: /home/tamir/autonomous_robot/install/lslidar_msgs/include/lslidar_msgs/lslidar_msgs/msg/detail/lslidar_packet__struct.hpp
[6.834s] -- Installing: /home/tamir/autonomous_robot/install/lslidar_msgs/include/lslidar_msgs/lslidar_msgs/msg/lslidar_point.hpp
[6.835s] -- Installing: /home/tamir/autonomous_robot/install/lslidar_msgs/include/lslidar_msgs/lslidar_msgs/msg/lslidar_packet.hpp
[6.835s] -- Installing: /home/tamir/autonomous_robot/install/lslidar_msgs/include/lslidar_msgs/lslidar_msgs/msg/lslidar_scan.hpp
[6.835s] -- Up-to-date: /home/tamir/autonomous_robot/install/lslidar_msgs/include/lslidar_msgs/lslidar_msgs/srv
[6.835s] -- Installing: /home/tamir/autonomous_robot/install/lslidar_msgs/include/lslidar_msgs/lslidar_msgs/srv/destination_ip.hpp
[6.835s] -- Installing: /home/tamir/autonomous_robot/install/lslidar_msgs/include/lslidar_msgs/lslidar_msgs/srv/motor_speed.hpp
[6.835s] -- Up-to-date: /home/tamir/autonomous_robot/install/lslidar_msgs/include/lslidar_msgs/lslidar_msgs/srv/detail
[6.835s] -- Installing: /home/tamir/autonomous_robot/install/lslidar_msgs/include/lslidar_msgs/lslidar_msgs/srv/detail/lslidar_control__struct.hpp
[6.835s] -- Installing: /home/tamir/autonomous_robot/install/lslidar_msgs/include/lslidar_msgs/lslidar_msgs/srv/detail/motor_control__builder.hpp
[6.835s] -- Installing: /home/tamir/autonomous_robot/install/lslidar_msgs/include/lslidar_msgs/lslidar_msgs/srv/detail/motor_speed__traits.hpp
[6.835s] -- Installing: /home/tamir/autonomous_robot/install/lslidar_msgs/include/lslidar_msgs/lslidar_msgs/srv/detail/destination_ip__builder.hpp
[6.835s] -- Installing: /home/tamir/autonomous_robot/install/lslidar_msgs/include/lslidar_msgs/lslidar_msgs/srv/detail/destination_ip__struct.hpp
[6.835s] -- Installing: /home/tamir/autonomous_robot/install/lslidar_msgs/include/lslidar_msgs/lslidar_msgs/srv/detail/dev_port__builder.hpp
[6.836s] -- Installing: /home/tamir/autonomous_robot/install/lslidar_msgs/include/lslidar_msgs/lslidar_msgs/srv/detail/motor_control__struct.hpp
[6.836s] -- Installing: /home/tamir/autonomous_robot/install/lslidar_msgs/include/lslidar_msgs/lslidar_msgs/srv/detail/lslidar_control__builder.hpp
[6.836s] -- Installing: /home/tamir/autonomous_robot/install/lslidar_msgs/include/lslidar_msgs/lslidar_msgs/srv/detail/data_ip__traits.hpp
[6.836s] -- Installing: /home/tamir/autonomous_robot/install/lslidar_msgs/include/lslidar_msgs/lslidar_msgs/srv/detail/motor_speed__builder.hpp
[6.836s] -- Installing: /home/tamir/autonomous_robot/install/lslidar_msgs/include/lslidar_msgs/lslidar_msgs/srv/detail/dev_port__traits.hpp
[6.836s] -- Installing: /home/tamir/autonomous_robot/install/lslidar_msgs/include/lslidar_msgs/lslidar_msgs/srv/detail/data_port__traits.hpp
[6.836s] -- Installing: /home/tamir/autonomous_robot/install/lslidar_msgs/include/lslidar_msgs/lslidar_msgs/srv/detail/lslidar_control__traits.hpp
[6.836s] -- Installing: /home/tamir/autonomous_robot/install/lslidar_msgs/include/lslidar_msgs/lslidar_msgs/srv/detail/motor_control__traits.hpp
[6.836s] -- Installing: /home/tamir/autonomous_robot/install/lslidar_msgs/include/lslidar_msgs/lslidar_msgs/srv/detail/data_port__builder.hpp
[6.836s] -- Installing: /home/tamir/autonomous_robot/install/lslidar_msgs/include/lslidar_msgs/lslidar_msgs/srv/detail/dev_port__struct.hpp
[6.836s] -- Installing: /home/tamir/autonomous_robot/install/lslidar_msgs/include/lslidar_msgs/lslidar_msgs/srv/detail/data_ip__builder.hpp
[6.836s] -- Installing: /home/tamir/autonomous_robot/install/lslidar_msgs/include/lslidar_msgs/lslidar_msgs/srv/detail/time_service__traits.hpp
[6.836s] -- Installing: /home/tamir/autonomous_robot/install/lslidar_msgs/include/lslidar_msgs/lslidar_msgs/srv/detail/data_port__struct.hpp
[6.836s] -- Installing: /home/tamir/autonomous_robot/install/lslidar_msgs/include/lslidar_msgs/lslidar_msgs/srv/detail/destination_ip__traits.hpp
[6.836s] -- Installing: /home/tamir/autonomous_robot/install/lslidar_msgs/include/lslidar_msgs/lslidar_msgs/srv/detail/motor_speed__struct.hpp
[6.836s] -- Installing: /home/tamir/autonomous_robot/install/lslidar_msgs/include/lslidar_msgs/lslidar_msgs/srv/detail/time_service__builder.hpp
[6.836s] -- Installing: /home/tamir/autonomous_robot/install/lslidar_msgs/include/lslidar_msgs/lslidar_msgs/srv/detail/data_ip__struct.hpp
[6.836s] -- Installing: /home/tamir/autonomous_robot/install/lslidar_msgs/include/lslidar_msgs/lslidar_msgs/srv/detail/time_service__struct.hpp
[6.836s] -- Installing: /home/tamir/autonomous_robot/install/lslidar_msgs/include/lslidar_msgs/lslidar_msgs/srv/motor_control.hpp
[6.836s] -- Installing: /home/tamir/autonomous_robot/install/lslidar_msgs/include/lslidar_msgs/lslidar_msgs/srv/lslidar_control.hpp
[6.837s] -- Installing: /home/tamir/autonomous_robot/install/lslidar_msgs/include/lslidar_msgs/lslidar_msgs/srv/time_service.hpp
[6.837s] -- Installing: /home/tamir/autonomous_robot/install/lslidar_msgs/include/lslidar_msgs/lslidar_msgs/srv/dev_port.hpp
[6.837s] -- Installing: /home/tamir/autonomous_robot/install/lslidar_msgs/include/lslidar_msgs/lslidar_msgs/srv/data_port.hpp
[6.837s] -- Installing: /home/tamir/autonomous_robot/install/lslidar_msgs/include/lslidar_msgs/lslidar_msgs/srv/data_ip.hpp
[6.837s] -- Up-to-date: /home/tamir/autonomous_robot/install/lslidar_msgs/include/lslidar_msgs/lslidar_msgs
[6.837s] -- Up-to-date: /home/tamir/autonomous_robot/install/lslidar_msgs/include/lslidar_msgs/lslidar_msgs/msg
[6.837s] -- Installing: /home/tamir/autonomous_robot/install/lslidar_msgs/include/lslidar_msgs/lslidar_msgs/msg/rosidl_typesupport_fastrtps_cpp__visibility_control.h
[6.837s] -- Up-to-date: /home/tamir/autonomous_robot/install/lslidar_msgs/include/lslidar_msgs/lslidar_msgs/msg/detail
[6.837s] -- Installing: /home/tamir/autonomous_robot/install/lslidar_msgs/include/lslidar_msgs/lslidar_msgs/msg/detail/lslidar_packet__rosidl_typesupport_fastrtps_cpp.hpp
[6.837s] -- Installing: /home/tamir/autonomous_robot/install/lslidar_msgs/include/lslidar_msgs/lslidar_msgs/msg/detail/dds_fastrtps
[6.837s] -- Installing: /home/tamir/autonomous_robot/install/lslidar_msgs/include/lslidar_msgs/lslidar_msgs/msg/detail/lslidar_point__rosidl_typesupport_fastrtps_cpp.hpp
[6.837s] -- Installing: /home/tamir/autonomous_robot/install/lslidar_msgs/include/lslidar_msgs/lslidar_msgs/msg/detail/lslidar_scan__rosidl_typesupport_fastrtps_cpp.hpp
[6.837s] -- Up-to-date: /home/tamir/autonomous_robot/install/lslidar_msgs/include/lslidar_msgs/lslidar_msgs/srv
[6.837s] -- Up-to-date: /home/tamir/autonomous_robot/install/lslidar_msgs/include/lslidar_msgs/lslidar_msgs/srv/detail
[6.837s] -- Installing: /home/tamir/autonomous_robot/install/lslidar_msgs/include/lslidar_msgs/lslidar_msgs/srv/detail/data_ip__rosidl_typesupport_fastrtps_cpp.hpp
[6.837s] -- Installing: /home/tamir/autonomous_robot/install/lslidar_msgs/include/lslidar_msgs/lslidar_msgs/srv/detail/destination_ip__rosidl_typesupport_fastrtps_cpp.hpp
[6.837s] -- Installing: /home/tamir/autonomous_robot/install/lslidar_msgs/include/lslidar_msgs/lslidar_msgs/srv/detail/time_service__rosidl_typesupport_fastrtps_cpp.hpp
[6.837s] -- Installing: /home/tamir/autonomous_robot/install/lslidar_msgs/include/lslidar_msgs/lslidar_msgs/srv/detail/lslidar_control__rosidl_typesupport_fastrtps_cpp.hpp
[6.837s] -- Installing: /home/tamir/autonomous_robot/install/lslidar_msgs/include/lslidar_msgs/lslidar_msgs/srv/detail/dds_fastrtps
[6.837s] -- Installing: /home/tamir/autonomous_robot/install/lslidar_msgs/include/lslidar_msgs/lslidar_msgs/srv/detail/motor_control__rosidl_typesupport_fastrtps_cpp.hpp
[6.837s] -- Installing: /home/tamir/autonomous_robot/install/lslidar_msgs/include/lslidar_msgs/lslidar_msgs/srv/detail/motor_speed__rosidl_typesupport_fastrtps_cpp.hpp
[6.837s] -- Installing: /home/tamir/autonomous_robot/install/lslidar_msgs/include/lslidar_msgs/lslidar_msgs/srv/detail/data_port__rosidl_typesupport_fastrtps_cpp.hpp
[6.837s] -- Installing: /home/tamir/autonomous_robot/install/lslidar_msgs/include/lslidar_msgs/lslidar_msgs/srv/detail/dev_port__rosidl_typesupport_fastrtps_cpp.hpp
[6.837s] -- Installing: /home/tamir/autonomous_robot/install/lslidar_msgs/lib/liblslidar_msgs__rosidl_typesupport_fastrtps_cpp.so
[6.837s] -- Set runtime path of "/home/tamir/autonomous_robot/install/lslidar_msgs/lib/liblslidar_msgs__rosidl_typesupport_fastrtps_cpp.so" to ""
[6.837s] -- Up-to-date: /home/tamir/autonomous_robot/install/lslidar_msgs/include/lslidar_msgs/lslidar_msgs
[6.837s] -- Up-to-date: /home/tamir/autonomous_robot/install/lslidar_msgs/include/lslidar_msgs/lslidar_msgs/msg
[6.837s] -- Up-to-date: /home/tamir/autonomous_robot/install/lslidar_msgs/include/lslidar_msgs/lslidar_msgs/msg/detail
[6.837s] -- Installing: /home/tamir/autonomous_robot/install/lslidar_msgs/include/lslidar_msgs/lslidar_msgs/msg/detail/lslidar_point__type_support.c
[6.837s] -- Installing: /home/tamir/autonomous_robot/install/lslidar_msgs/include/lslidar_msgs/lslidar_msgs/msg/detail/lslidar_scan__rosidl_typesupport_introspection_c.h
[6.837s] -- Installing: /home/tamir/autonomous_robot/install/lslidar_msgs/include/lslidar_msgs/lslidar_msgs/msg/detail/lslidar_packet__rosidl_typesupport_introspection_c.h
[6.838s] -- Installing: /home/tamir/autonomous_robot/install/lslidar_msgs/include/lslidar_msgs/lslidar_msgs/msg/detail/lslidar_packet__type_support.c
[6.838s] -- Installing: /home/tamir/autonomous_robot/install/lslidar_msgs/include/lslidar_msgs/lslidar_msgs/msg/detail/lslidar_point__rosidl_typesupport_introspection_c.h
[6.838s] -- Installing: /home/tamir/autonomous_robot/install/lslidar_msgs/include/lslidar_msgs/lslidar_msgs/msg/detail/lslidar_scan__type_support.c
[6.838s] -- Installing: /home/tamir/autonomous_robot/install/lslidar_msgs/include/lslidar_msgs/lslidar_msgs/msg/rosidl_typesupport_introspection_c__visibility_control.h
[6.838s] -- Up-to-date: /home/tamir/autonomous_robot/install/lslidar_msgs/include/lslidar_msgs/lslidar_msgs/srv
[6.838s] -- Up-to-date: /home/tamir/autonomous_robot/install/lslidar_msgs/include/lslidar_msgs/lslidar_msgs/srv/detail
[6.838s] -- Installing: /home/tamir/autonomous_robot/install/lslidar_msgs/include/lslidar_msgs/lslidar_msgs/srv/detail/motor_control__type_support.c
[6.838s] -- Installing: /home/tamir/autonomous_robot/install/lslidar_msgs/include/lslidar_msgs/lslidar_msgs/srv/detail/dev_port__type_support.c
[6.838s] -- Installing: /home/tamir/autonomous_robot/install/lslidar_msgs/include/lslidar_msgs/lslidar_msgs/srv/detail/data_ip__rosidl_typesupport_introspection_c.h
[6.838s] -- Installing: /home/tamir/autonomous_robot/install/lslidar_msgs/include/lslidar_msgs/lslidar_msgs/srv/detail/destination_ip__type_support.c
[6.838s] -- Installing: /home/tamir/autonomous_robot/install/lslidar_msgs/include/lslidar_msgs/lslidar_msgs/srv/detail/lslidar_control__rosidl_typesupport_introspection_c.h
[6.838s] -- Installing: /home/tamir/autonomous_robot/install/lslidar_msgs/include/lslidar_msgs/lslidar_msgs/srv/detail/time_service__rosidl_typesupport_introspection_c.h
[6.838s] -- Installing: /home/tamir/autonomous_robot/install/lslidar_msgs/include/lslidar_msgs/lslidar_msgs/srv/detail/data_port__rosidl_typesupport_introspection_c.h
[6.838s] -- Installing: /home/tamir/autonomous_robot/install/lslidar_msgs/include/lslidar_msgs/lslidar_msgs/srv/detail/motor_control__rosidl_typesupport_introspection_c.h
[6.838s] -- Installing: /home/tamir/autonomous_robot/install/lslidar_msgs/include/lslidar_msgs/lslidar_msgs/srv/detail/motor_speed__rosidl_typesupport_introspection_c.h
[6.838s] -- Installing: /home/tamir/autonomous_robot/install/lslidar_msgs/include/lslidar_msgs/lslidar_msgs/srv/detail/lslidar_control__type_support.c
[6.838s] -- Installing: /home/tamir/autonomous_robot/install/lslidar_msgs/include/lslidar_msgs/lslidar_msgs/srv/detail/motor_speed__type_support.c
[6.838s] -- Installing: /home/tamir/autonomous_robot/install/lslidar_msgs/include/lslidar_msgs/lslidar_msgs/srv/detail/data_port__type_support.c
[6.838s] -- Installing: /home/tamir/autonomous_robot/install/lslidar_msgs/include/lslidar_msgs/lslidar_msgs/srv/detail/data_ip__type_support.c
[6.838s] -- Installing: /home/tamir/autonomous_robot/install/lslidar_msgs/include/lslidar_msgs/lslidar_msgs/srv/detail/dev_port__rosidl_typesupport_introspection_c.h
[6.838s] -- Installing: /home/tamir/autonomous_robot/install/lslidar_msgs/include/lslidar_msgs/lslidar_msgs/srv/detail/time_service__type_support.c
[6.838s] -- Installing: /home/tamir/autonomous_robot/install/lslidar_msgs/include/lslidar_msgs/lslidar_msgs/srv/detail/destination_ip__rosidl_typesupport_introspection_c.h
[6.838s] -- Installing: /home/tamir/autonomous_robot/install/lslidar_msgs/lib/liblslidar_msgs__rosidl_typesupport_introspection_c.so
[6.838s] -- Set runtime path of "/home/tamir/autonomous_robot/install/lslidar_msgs/lib/liblslidar_msgs__rosidl_typesupport_introspection_c.so" to ""
[6.838s] -- Installing: /home/tamir/autonomous_robot/install/lslidar_msgs/lib/liblslidar_msgs__rosidl_typesupport_c.so
[6.838s] -- Set runtime path of "/home/tamir/autonomous_robot/install/lslidar_msgs/lib/liblslidar_msgs__rosidl_typesupport_c.so" to ""
[6.838s] -- Up-to-date: /home/tamir/autonomous_robot/install/lslidar_msgs/include/lslidar_msgs/lslidar_msgs
[6.838s] -- Up-to-date: /home/tamir/autonomous_robot/install/lslidar_msgs/include/lslidar_msgs/lslidar_msgs/msg
[6.839s] -- Up-to-date: /home/tamir/autonomous_robot/install/lslidar_msgs/include/lslidar_msgs/lslidar_msgs/msg/detail
[6.839s] -- Installing: /home/tamir/autonomous_robot/install/lslidar_msgs/include/lslidar_msgs/lslidar_msgs/msg/detail/lslidar_point__type_support.cpp
[6.839s] -- Installing: /home/tamir/autonomous_robot/install/lslidar_msgs/include/lslidar_msgs/lslidar_msgs/msg/detail/lslidar_scan__rosidl_typesupport_introspection_cpp.hpp
[6.839s] -- Installing: /home/tamir/autonomous_robot/install/lslidar_msgs/include/lslidar_msgs/lslidar_msgs/msg/detail/lslidar_point__rosidl_typesupport_introspection_cpp.hpp
[6.839s] -- Installing: /home/tamir/autonomous_robot/install/lslidar_msgs/include/lslidar_msgs/lslidar_msgs/msg/detail/lslidar_packet__type_support.cpp
[6.839s] -- Installing: /home/tamir/autonomous_robot/install/lslidar_msgs/include/lslidar_msgs/lslidar_msgs/msg/detail/lslidar_scan__type_support.cpp
[6.839s] -- Installing: /home/tamir/autonomous_robot/install/lslidar_msgs/include/lslidar_msgs/lslidar_msgs/msg/detail/lslidar_packet__rosidl_typesupport_introspection_cpp.hpp
[6.839s] -- Up-to-date: /home/tamir/autonomous_robot/install/lslidar_msgs/include/lslidar_msgs/lslidar_msgs/srv
[6.839s] -- Up-to-date: /home/tamir/autonomous_robot/install/lslidar_msgs/include/lslidar_msgs/lslidar_msgs/srv/detail
[6.839s] -- Installing: /home/tamir/autonomous_robot/install/lslidar_msgs/include/lslidar_msgs/lslidar_msgs/srv/detail/data_ip__rosidl_typesupport_introspection_cpp.hpp
[6.839s] -- Installing: /home/tamir/autonomous_robot/install/lslidar_msgs/include/lslidar_msgs/lslidar_msgs/srv/detail/time_service__rosidl_typesupport_introspection_cpp.hpp
[6.839s] -- Installing: /home/tamir/autonomous_robot/install/lslidar_msgs/include/lslidar_msgs/lslidar_msgs/srv/detail/destination_ip__rosidl_typesupport_introspection_cpp.hpp
[6.839s] -- Installing: /home/tamir/autonomous_robot/install/lslidar_msgs/include/lslidar_msgs/lslidar_msgs/srv/detail/motor_speed__rosidl_typesupport_introspection_cpp.hpp
[6.839s] -- Installing: /home/tamir/autonomous_robot/install/lslidar_msgs/include/lslidar_msgs/lslidar_msgs/srv/detail/lslidar_control__type_support.cpp
[6.839s] -- Installing: /home/tamir/autonomous_robot/install/lslidar_msgs/include/lslidar_msgs/lslidar_msgs/srv/detail/data_port__type_support.cpp
[6.839s] -- Installing: /home/tamir/autonomous_robot/install/lslidar_msgs/include/lslidar_msgs/lslidar_msgs/srv/detail/motor_speed__type_support.cpp
[6.839s] -- Installing: /home/tamir/autonomous_robot/install/lslidar_msgs/include/lslidar_msgs/lslidar_msgs/srv/detail/dev_port__type_support.cpp
[6.839s] -- Installing: /home/tamir/autonomous_robot/install/lslidar_msgs/include/lslidar_msgs/lslidar_msgs/srv/detail/motor_control__rosidl_typesupport_introspection_cpp.hpp
[6.839s] -- Installing: /home/tamir/autonomous_robot/install/lslidar_msgs/include/lslidar_msgs/lslidar_msgs/srv/detail/time_service__type_support.cpp
[6.839s] -- Installing: /home/tamir/autonomous_robot/install/lslidar_msgs/include/lslidar_msgs/lslidar_msgs/srv/detail/data_ip__type_support.cpp
[6.839s] -- Installing: /home/tamir/autonomous_robot/install/lslidar_msgs/include/lslidar_msgs/lslidar_msgs/srv/detail/dev_port__rosidl_typesupport_introspection_cpp.hpp
[6.839s] -- Installing: /home/tamir/autonomous_robot/install/lslidar_msgs/include/lslidar_msgs/lslidar_msgs/srv/detail/data_port__rosidl_typesupport_introspection_cpp.hpp
[6.839s] -- Installing: /home/tamir/autonomous_robot/install/lslidar_msgs/include/lslidar_msgs/lslidar_msgs/srv/detail/destination_ip__type_support.cpp
[6.839s] -- Installing: /home/tamir/autonomous_robot/install/lslidar_msgs/include/lslidar_msgs/lslidar_msgs/srv/detail/lslidar_control__rosidl_typesupport_introspection_cpp.hpp
[6.839s] -- Installing: /home/tamir/autonomous_robot/install/lslidar_msgs/include/lslidar_msgs/lslidar_msgs/srv/detail/motor_control__type_support.cpp
[6.839s] -- Installing: /home/tamir/autonomous_robot/install/lslidar_msgs/lib/liblslidar_msgs__rosidl_typesupport_introspection_cpp.so
[6.839s] -- Set runtime path of "/home/tamir/autonomous_robot/install/lslidar_msgs/lib/liblslidar_msgs__rosidl_typesupport_introspection_cpp.so" to ""
[6.840s] -- Installing: /home/tamir/autonomous_robot/install/lslidar_msgs/lib/liblslidar_msgs__rosidl_typesupport_cpp.so
[6.840s] -- Set runtime path of "/home/tamir/autonomous_robot/install/lslidar_msgs/lib/liblslidar_msgs__rosidl_typesupport_cpp.so" to ""
[6.840s] -- Installing: /home/tamir/autonomous_robot/install/lslidar_msgs/share/lslidar_msgs/environment/pythonpath.sh
[6.840s] -- Installing: /home/tamir/autonomous_robot/install/lslidar_msgs/share/lslidar_msgs/environment/pythonpath.dsv
[6.840s] -- Installing: /home/tamir/autonomous_robot/install/lslidar_msgs/local/lib/python3.10/dist-packages/lslidar_msgs-3.0.1-py3.10.egg-info
[6.840s] -- Installing: /home/tamir/autonomous_robot/install/lslidar_msgs/local/lib/python3.10/dist-packages/lslidar_msgs-3.0.1-py3.10.egg-info/PKG-INFO
[6.840s] -- Installing: /home/tamir/autonomous_robot/install/lslidar_msgs/local/lib/python3.10/dist-packages/lslidar_msgs-3.0.1-py3.10.egg-info/dependency_links.txt
[6.840s] -- Installing: /home/tamir/autonomous_robot/install/lslidar_msgs/local/lib/python3.10/dist-packages/lslidar_msgs-3.0.1-py3.10.egg-info/top_level.txt
[6.840s] -- Installing: /home/tamir/autonomous_robot/install/lslidar_msgs/local/lib/python3.10/dist-packages/lslidar_msgs-3.0.1-py3.10.egg-info/SOURCES.txt
[6.840s] -- Installing: /home/tamir/autonomous_robot/install/lslidar_msgs/local/lib/python3.10/dist-packages/lslidar_msgs
[6.840s] -- Installing: /home/tamir/autonomous_robot/install/lslidar_msgs/local/lib/python3.10/dist-packages/lslidar_msgs/_lslidar_msgs_s.ep.rosidl_typesupport_c.c
[6.840s] -- Installing: /home/tamir/autonomous_robot/install/lslidar_msgs/local/lib/python3.10/dist-packages/lslidar_msgs/msg
[6.840s] -- Installing: /home/tamir/autonomous_robot/install/lslidar_msgs/local/lib/python3.10/dist-packages/lslidar_msgs/msg/_lslidar_packet.py
[6.840s] -- Installing: /home/tamir/autonomous_robot/install/lslidar_msgs/local/lib/python3.10/dist-packages/lslidar_msgs/msg/_lslidar_point_s.c
[6.840s] -- Installing: /home/tamir/autonomous_robot/install/lslidar_msgs/local/lib/python3.10/dist-packages/lslidar_msgs/msg/_lslidar_scan.py
[6.840s] -- Installing: /home/tamir/autonomous_robot/install/lslidar_msgs/local/lib/python3.10/dist-packages/lslidar_msgs/msg/_lslidar_scan_s.c
[6.840s] -- Installing: /home/tamir/autonomous_robot/install/lslidar_msgs/local/lib/python3.10/dist-packages/lslidar_msgs/msg/__init__.py
[6.840s] -- Installing: /home/tamir/autonomous_robot/install/lslidar_msgs/local/lib/python3.10/dist-packages/lslidar_msgs/msg/_lslidar_packet_s.c
[6.840s] -- Installing: /home/tamir/autonomous_robot/install/lslidar_msgs/local/lib/python3.10/dist-packages/lslidar_msgs/msg/_lslidar_point.py
[6.840s] -- Installing: /home/tamir/autonomous_robot/install/lslidar_msgs/local/lib/python3.10/dist-packages/lslidar_msgs/__init__.py
[6.840s] -- Installing: /home/tamir/autonomous_robot/install/lslidar_msgs/local/lib/python3.10/dist-packages/lslidar_msgs/lslidar_msgs_s__rosidl_typesupport_introspection_c.cpython-310-x86_64-linux-gnu.so
[6.840s] -- Installing: /home/tamir/autonomous_robot/install/lslidar_msgs/local/lib/python3.10/dist-packages/lslidar_msgs/lslidar_msgs_s__rosidl_typesupport_c.cpython-310-x86_64-linux-gnu.so
[6.840s] -- Installing: /home/tamir/autonomous_robot/install/lslidar_msgs/local/lib/python3.10/dist-packages/lslidar_msgs/_lslidar_msgs_s.ep.rosidl_typesupport_introspection_c.c
[6.840s] -- Installing: /home/tamir/autonomous_robot/install/lslidar_msgs/local/lib/python3.10/dist-packages/lslidar_msgs/srv
[6.840s] -- Installing: /home/tamir/autonomous_robot/install/lslidar_msgs/local/lib/python3.10/dist-packages/lslidar_msgs/srv/_dev_port_s.c
[6.840s] -- Installing: /home/tamir/autonomous_robot/install/lslidar_msgs/local/lib/python3.10/dist-packages/lslidar_msgs/srv/_data_ip.py
[6.840s] -- Installing: /home/tamir/autonomous_robot/install/lslidar_msgs/local/lib/python3.10/dist-packages/lslidar_msgs/srv/_time_service.py
[6.840s] -- Installing: /home/tamir/autonomous_robot/install/lslidar_msgs/local/lib/python3.10/dist-packages/lslidar_msgs/srv/_motor_speed.py
[6.840s] -- Installing: /home/tamir/autonomous_robot/install/lslidar_msgs/local/lib/python3.10/dist-packages/lslidar_msgs/srv/_destination_ip_s.c
[6.840s] -- Installing: /home/tamir/autonomous_robot/install/lslidar_msgs/local/lib/python3.10/dist-packages/lslidar_msgs/srv/__init__.py
[6.840s] -- Installing: /home/tamir/autonomous_robot/install/lslidar_msgs/local/lib/python3.10/dist-packages/lslidar_msgs/srv/_motor_control_s.c
[6.840s] -- Installing: /home/tamir/autonomous_robot/install/lslidar_msgs/local/lib/python3.10/dist-packages/lslidar_msgs/srv/_lslidar_control.py
[6.840s] -- Installing: /home/tamir/autonomous_robot/install/lslidar_msgs/local/lib/python3.10/dist-packages/lslidar_msgs/srv/_data_port.py
[6.840s] -- Installing: /home/tamir/autonomous_robot/install/lslidar_msgs/local/lib/python3.10/dist-packages/lslidar_msgs/srv/_dev_port.py
[6.840s] -- Installing: /home/tamir/autonomous_robot/install/lslidar_msgs/local/lib/python3.10/dist-packages/lslidar_msgs/srv/_data_ip_s.c
[6.840s] -- Installing: /home/tamir/autonomous_robot/install/lslidar_msgs/local/lib/python3.10/dist-packages/lslidar_msgs/srv/_lslidar_control_s.c
[6.841s] -- Installing: /home/tamir/autonomous_robot/install/lslidar_msgs/local/lib/python3.10/dist-packages/lslidar_msgs/srv/_motor_speed_s.c
[6.841s] -- Installing: /home/tamir/autonomous_robot/install/lslidar_msgs/local/lib/python3.10/dist-packages/lslidar_msgs/srv/_data_port_s.c
[6.841s] -- Installing: /home/tamir/autonomous_robot/install/lslidar_msgs/local/lib/python3.10/dist-packages/lslidar_msgs/srv/_time_service_s.c
[6.841s] -- Installing: /home/tamir/autonomous_robot/install/lslidar_msgs/local/lib/python3.10/dist-packages/lslidar_msgs/srv/_destination_ip.py
[6.841s] -- Installing: /home/tamir/autonomous_robot/install/lslidar_msgs/local/lib/python3.10/dist-packages/lslidar_msgs/srv/_motor_control.py
[6.841s] -- Installing: /home/tamir/autonomous_robot/install/lslidar_msgs/local/lib/python3.10/dist-packages/lslidar_msgs/liblslidar_msgs__rosidl_generator_py.so
[6.841s] -- Installing: /home/tamir/autonomous_robot/install/lslidar_msgs/local/lib/python3.10/dist-packages/lslidar_msgs/lslidar_msgs_s__rosidl_typesupport_fastrtps_c.cpython-310-x86_64-linux-gnu.so
[6.841s] -- Installing: /home/tamir/autonomous_robot/install/lslidar_msgs/local/lib/python3.10/dist-packages/lslidar_msgs/_lslidar_msgs_s.ep.rosidl_typesupport_fastrtps_c.c
[6.873s] Listing '/home/tamir/autonomous_robot/install/lslidar_msgs/local/lib/python3.10/dist-packages/lslidar_msgs'...
[6.874s] Compiling '/home/tamir/autonomous_robot/install/lslidar_msgs/local/lib/python3.10/dist-packages/lslidar_msgs/__init__.py'...
[6.874s] Listing '/home/tamir/autonomous_robot/install/lslidar_msgs/local/lib/python3.10/dist-packages/lslidar_msgs/msg'...
[6.874s] Compiling '/home/tamir/autonomous_robot/install/lslidar_msgs/local/lib/python3.10/dist-packages/lslidar_msgs/msg/__init__.py'...
[6.874s] Compiling '/home/tamir/autonomous_robot/install/lslidar_msgs/local/lib/python3.10/dist-packages/lslidar_msgs/msg/_lslidar_packet.py'...
[6.874s] Compiling '/home/tamir/autonomous_robot/install/lslidar_msgs/local/lib/python3.10/dist-packages/lslidar_msgs/msg/_lslidar_point.py'...
[6.874s] Compiling '/home/tamir/autonomous_robot/install/lslidar_msgs/local/lib/python3.10/dist-packages/lslidar_msgs/msg/_lslidar_scan.py'...
[6.874s] Listing '/home/tamir/autonomous_robot/install/lslidar_msgs/local/lib/python3.10/dist-packages/lslidar_msgs/srv'...
[6.874s] Compiling '/home/tamir/autonomous_robot/install/lslidar_msgs/local/lib/python3.10/dist-packages/lslidar_msgs/srv/__init__.py'...
[6.874s] Compiling '/home/tamir/autonomous_robot/install/lslidar_msgs/local/lib/python3.10/dist-packages/lslidar_msgs/srv/_data_ip.py'...
[6.874s] Compiling '/home/tamir/autonomous_robot/install/lslidar_msgs/local/lib/python3.10/dist-packages/lslidar_msgs/srv/_data_port.py'...
[6.874s] Compiling '/home/tamir/autonomous_robot/install/lslidar_msgs/local/lib/python3.10/dist-packages/lslidar_msgs/srv/_destination_ip.py'...
[6.874s] Compiling '/home/tamir/autonomous_robot/install/lslidar_msgs/local/lib/python3.10/dist-packages/lslidar_msgs/srv/_dev_port.py'...
[6.874s] Compiling '/home/tamir/autonomous_robot/install/lslidar_msgs/local/lib/python3.10/dist-packages/lslidar_msgs/srv/_lslidar_control.py'...
[6.874s] Compiling '/home/tamir/autonomous_robot/install/lslidar_msgs/local/lib/python3.10/dist-packages/lslidar_msgs/srv/_motor_control.py'...
[6.874s] Compiling '/home/tamir/autonomous_robot/install/lslidar_msgs/local/lib/python3.10/dist-packages/lslidar_msgs/srv/_motor_speed.py'...
[6.874s] Compiling '/home/tamir/autonomous_robot/install/lslidar_msgs/local/lib/python3.10/dist-packages/lslidar_msgs/srv/_time_service.py'...
[6.877s] -- Installing: /home/tamir/autonomous_robot/install/lslidar_msgs/local/lib/python3.10/dist-packages/lslidar_msgs/lslidar_msgs_s__rosidl_typesupport_fastrtps_c.cpython-310-x86_64-linux-gnu.so
[6.877s] -- Set runtime path of "/home/tamir/autonomous_robot/install/lslidar_msgs/local/lib/python3.10/dist-packages/lslidar_msgs/lslidar_msgs_s__rosidl_typesupport_fastrtps_c.cpython-310-x86_64-linux-gnu.so" to ""
[6.877s] -- Installing: /home/tamir/autonomous_robot/install/lslidar_msgs/local/lib/python3.10/dist-packages/lslidar_msgs/lslidar_msgs_s__rosidl_typesupport_introspection_c.cpython-310-x86_64-linux-gnu.so
[6.878s] -- Set runtime path of "/home/tamir/autonomous_robot/install/lslidar_msgs/local/lib/python3.10/dist-packages/lslidar_msgs/lslidar_msgs_s__rosidl_typesupport_introspection_c.cpython-310-x86_64-linux-gnu.so" to ""
[6.878s] -- Installing: /home/tamir/autonomous_robot/install/lslidar_msgs/local/lib/python3.10/dist-packages/lslidar_msgs/lslidar_msgs_s__rosidl_typesupport_c.cpython-310-x86_64-linux-gnu.so
[6.878s] -- Set runtime path of "/home/tamir/autonomous_robot/install/lslidar_msgs/local/lib/python3.10/dist-packages/lslidar_msgs/lslidar_msgs_s__rosidl_typesupport_c.cpython-310-x86_64-linux-gnu.so" to ""
[6.878s] -- Installing: /home/tamir/autonomous_robot/install/lslidar_msgs/lib/liblslidar_msgs__rosidl_generator_py.so
[6.878s] -- Set runtime path of "/home/tamir/autonomous_robot/install/lslidar_msgs/lib/liblslidar_msgs__rosidl_generator_py.so" to ""
[6.878s] -- Installing: /home/tamir/autonomous_robot/install/lslidar_msgs/share/lslidar_msgs/msg/LslidarPacket.idl
[6.878s] -- Installing: /home/tamir/autonomous_robot/install/lslidar_msgs/share/lslidar_msgs/msg/LslidarPoint.idl
[6.878s] -- Installing: /home/tamir/autonomous_robot/install/lslidar_msgs/share/lslidar_msgs/msg/LslidarScan.idl
[6.879s] -- Installing: /home/tamir/autonomous_robot/install/lslidar_msgs/share/lslidar_msgs/srv/DataIp.idl
[6.879s] -- Installing: /home/tamir/autonomous_robot/install/lslidar_msgs/share/lslidar_msgs/srv/DataPort.idl
[6.879s] -- Installing: /home/tamir/autonomous_robot/install/lslidar_msgs/share/lslidar_msgs/srv/DestinationIp.idl
[6.879s] -- Installing: /home/tamir/autonomous_robot/install/lslidar_msgs/share/lslidar_msgs/srv/DevPort.idl
[6.879s] -- Installing: /home/tamir/autonomous_robot/install/lslidar_msgs/share/lslidar_msgs/srv/LslidarControl.idl
[6.879s] -- Installing: /home/tamir/autonomous_robot/install/lslidar_msgs/share/lslidar_msgs/srv/MotorControl.idl
[6.879s] -- Installing: /home/tamir/autonomous_robot/install/lslidar_msgs/share/lslidar_msgs/srv/MotorSpeed.idl
[6.879s] -- Installing: /home/tamir/autonomous_robot/install/lslidar_msgs/share/lslidar_msgs/srv/TimeService.idl
[6.879s] -- Installing: /home/tamir/autonomous_robot/install/lslidar_msgs/share/lslidar_msgs/msg/LslidarPacket.msg
[6.879s] -- Installing: /home/tamir/autonomous_robot/install/lslidar_msgs/share/lslidar_msgs/msg/LslidarPoint.msg
[6.879s] -- Installing: /home/tamir/autonomous_robot/install/lslidar_msgs/share/lslidar_msgs/msg/LslidarScan.msg
[6.879s] -- Installing: /home/tamir/autonomous_robot/install/lslidar_msgs/share/lslidar_msgs/srv/DataIp.srv
[6.880s] -- Installing: /home/tamir/autonomous_robot/install/lslidar_msgs/share/lslidar_msgs/srv/DataIp_Request.msg
[6.880s] -- Installing: /home/tamir/autonomous_robot/install/lslidar_msgs/share/lslidar_msgs/srv/DataIp_Response.msg
[6.880s] -- Installing: /home/tamir/autonomous_robot/install/lslidar_msgs/share/lslidar_msgs/srv/DataPort.srv
[6.880s] -- Installing: /home/tamir/autonomous_robot/install/lslidar_msgs/share/lslidar_msgs/srv/DataPort_Request.msg
[6.880s] -- Installing: /home/tamir/autonomous_robot/install/lslidar_msgs/share/lslidar_msgs/srv/DataPort_Response.msg
[6.880s] -- Installing: /home/tamir/autonomous_robot/install/lslidar_msgs/share/lslidar_msgs/srv/DestinationIp.srv
[6.880s] -- Installing: /home/tamir/autonomous_robot/install/lslidar_msgs/share/lslidar_msgs/srv/DestinationIp_Request.msg
[6.880s] -- Installing: /home/tamir/autonomous_robot/install/lslidar_msgs/share/lslidar_msgs/srv/DestinationIp_Response.msg
[6.880s] -- Installing: /home/tamir/autonomous_robot/install/lslidar_msgs/share/lslidar_msgs/srv/DevPort.srv
[6.880s] -- Installing: /home/tamir/autonomous_robot/install/lslidar_msgs/share/lslidar_msgs/srv/DevPort_Request.msg
[6.880s] -- Installing: /home/tamir/autonomous_robot/install/lslidar_msgs/share/lslidar_msgs/srv/DevPort_Response.msg
[6.880s] -- Installing: /home/tamir/autonomous_robot/install/lslidar_msgs/share/lslidar_msgs/srv/LslidarControl.srv
[6.881s] -- Installing: /home/tamir/autonomous_robot/install/lslidar_msgs/share/lslidar_msgs/srv/LslidarControl_Request.msg
[6.881s] -- Installing: /home/tamir/autonomous_robot/install/lslidar_msgs/share/lslidar_msgs/srv/LslidarControl_Response.msg
[6.881s] -- Installing: /home/tamir/autonomous_robot/install/lslidar_msgs/share/lslidar_msgs/srv/MotorControl.srv
[6.881s] -- Installing: /home/tamir/autonomous_robot/install/lslidar_msgs/share/lslidar_msgs/srv/MotorControl_Request.msg
[6.881s] -- Installing: /home/tamir/autonomous_robot/install/lslidar_msgs/share/lslidar_msgs/srv/MotorControl_Response.msg
[6.881s] -- Installing: /home/tamir/autonomous_robot/install/lslidar_msgs/share/lslidar_msgs/srv/MotorSpeed.srv
[6.881s] -- Installing: /home/tamir/autonomous_robot/install/lslidar_msgs/share/lslidar_msgs/srv/MotorSpeed_Request.msg
[6.881s] -- Installing: /home/tamir/autonomous_robot/install/lslidar_msgs/share/lslidar_msgs/srv/MotorSpeed_Response.msg
[6.881s] -- Installing: /home/tamir/autonomous_robot/install/lslidar_msgs/share/lslidar_msgs/srv/TimeService.srv
[6.881s] -- Installing: /home/tamir/autonomous_robot/install/lslidar_msgs/share/lslidar_msgs/srv/TimeService_Request.msg
[6.881s] -- Installing: /home/tamir/autonomous_robot/install/lslidar_msgs/share/lslidar_msgs/srv/TimeService_Response.msg
[6.882s] -- Installing: /home/tamir/autonomous_robot/install/lslidar_msgs/share/ament_index/resource_index/package_run_dependencies/lslidar_msgs
[6.882s] -- Installing: /home/tamir/autonomous_robot/install/lslidar_msgs/share/ament_index/resource_index/parent_prefix_path/lslidar_msgs
[6.882s] -- Installing: /home/tamir/autonomous_robot/install/lslidar_msgs/share/lslidar_msgs/environment/ament_prefix_path.sh
[6.882s] -- Installing: /home/tamir/autonomous_robot/install/lslidar_msgs/share/lslidar_msgs/environment/ament_prefix_path.dsv
[6.882s] -- Installing: /home/tamir/autonomous_robot/install/lslidar_msgs/share/lslidar_msgs/environment/path.sh
[6.882s] -- Installing: /home/tamir/autonomous_robot/install/lslidar_msgs/share/lslidar_msgs/environment/path.dsv
[6.882s] -- Installing: /home/tamir/autonomous_robot/install/lslidar_msgs/share/lslidar_msgs/local_setup.bash
[6.882s] -- Installing: /home/tamir/autonomous_robot/install/lslidar_msgs/share/lslidar_msgs/local_setup.sh
[6.882s] -- Installing: /home/tamir/autonomous_robot/install/lslidar_msgs/share/lslidar_msgs/local_setup.zsh
[6.882s] -- Installing: /home/tamir/autonomous_robot/install/lslidar_msgs/share/lslidar_msgs/local_setup.dsv
[6.883s] -- Installing: /home/tamir/autonomous_robot/install/lslidar_msgs/share/lslidar_msgs/package.dsv
[6.883s] -- Installing: /home/tamir/autonomous_robot/install/lslidar_msgs/share/ament_index/resource_index/packages/lslidar_msgs
[6.883s] -- Installing: /home/tamir/autonomous_robot/install/lslidar_msgs/share/lslidar_msgs/cmake/export_lslidar_msgs__rosidl_generator_cExport.cmake
[6.883s] -- Installing: /home/tamir/autonomous_robot/install/lslidar_msgs/share/lslidar_msgs/cmake/export_lslidar_msgs__rosidl_generator_cExport-noconfig.cmake
[6.883s] -- Installing: /home/tamir/autonomous_robot/install/lslidar_msgs/share/lslidar_msgs/cmake/export_lslidar_msgs__rosidl_typesupport_fastrtps_cExport.cmake
[6.883s] -- Installing: /home/tamir/autonomous_robot/install/lslidar_msgs/share/lslidar_msgs/cmake/export_lslidar_msgs__rosidl_typesupport_fastrtps_cExport-noconfig.cmake
[6.883s] -- Installing: /home/tamir/autonomous_robot/install/lslidar_msgs/share/lslidar_msgs/cmake/export_lslidar_msgs__rosidl_generator_cppExport.cmake
[6.883s] -- Installing: /home/tamir/autonomous_robot/install/lslidar_msgs/share/lslidar_msgs/cmake/export_lslidar_msgs__rosidl_typesupport_fastrtps_cppExport.cmake
[6.883s] -- Installing: /home/tamir/autonomous_robot/install/lslidar_msgs/share/lslidar_msgs/cmake/export_lslidar_msgs__rosidl_typesupport_fastrtps_cppExport-noconfig.cmake
[6.883s] -- Installing: /home/tamir/autonomous_robot/install/lslidar_msgs/share/lslidar_msgs/cmake/lslidar_msgs__rosidl_typesupport_introspection_cExport.cmake
[6.883s] -- Installing: /home/tamir/autonomous_robot/install/lslidar_msgs/share/lslidar_msgs/cmake/lslidar_msgs__rosidl_typesupport_introspection_cExport-noconfig.cmake
[6.884s] -- Installing: /home/tamir/autonomous_robot/install/lslidar_msgs/share/lslidar_msgs/cmake/lslidar_msgs__rosidl_typesupport_cExport.cmake
[6.884s] -- Installing: /home/tamir/autonomous_robot/install/lslidar_msgs/share/lslidar_msgs/cmake/lslidar_msgs__rosidl_typesupport_cExport-noconfig.cmake
[6.884s] -- Installing: /home/tamir/autonomous_robot/install/lslidar_msgs/share/lslidar_msgs/cmake/lslidar_msgs__rosidl_typesupport_introspection_cppExport.cmake
[6.884s] -- Installing: /home/tamir/autonomous_robot/install/lslidar_msgs/share/lslidar_msgs/cmake/lslidar_msgs__rosidl_typesupport_introspection_cppExport-noconfig.cmake
[6.884s] -- Installing: /home/tamir/autonomous_robot/install/lslidar_msgs/share/lslidar_msgs/cmake/lslidar_msgs__rosidl_typesupport_cppExport.cmake
[6.884s] -- Installing: /home/tamir/autonomous_robot/install/lslidar_msgs/share/lslidar_msgs/cmake/lslidar_msgs__rosidl_typesupport_cppExport-noconfig.cmake
[6.884s] -- Installing: /home/tamir/autonomous_robot/install/lslidar_msgs/share/lslidar_msgs/cmake/export_lslidar_msgs__rosidl_generator_pyExport.cmake
[6.884s] -- Installing: /home/tamir/autonomous_robot/install/lslidar_msgs/share/lslidar_msgs/cmake/export_lslidar_msgs__rosidl_generator_pyExport-noconfig.cmake
[6.884s] -- Installing: /home/tamir/autonomous_robot/install/lslidar_msgs/share/lslidar_msgs/cmake/rosidl_cmake-extras.cmake
[6.884s] -- Installing: /home/tamir/autonomous_robot/install/lslidar_msgs/share/lslidar_msgs/cmake/ament_cmake_export_dependencies-extras.cmake
[6.885s] -- Installing: /home/tamir/autonomous_robot/install/lslidar_msgs/share/lslidar_msgs/cmake/ament_cmake_export_include_directories-extras.cmake
[6.885s] -- Installing: /home/tamir/autonomous_robot/install/lslidar_msgs/share/lslidar_msgs/cmake/ament_cmake_export_libraries-extras.cmake
[6.885s] -- Installing: /home/tamir/autonomous_robot/install/lslidar_msgs/share/lslidar_msgs/cmake/ament_cmake_export_targets-extras.cmake
[6.885s] -- Installing: /home/tamir/autonomous_robot/install/lslidar_msgs/share/lslidar_msgs/cmake/rosidl_cmake_export_typesupport_targets-extras.cmake
[6.885s] -- Installing: /home/tamir/autonomous_robot/install/lslidar_msgs/share/lslidar_msgs/cmake/rosidl_cmake_export_typesupport_libraries-extras.cmake
[6.885s] -- Installing: /home/tamir/autonomous_robot/install/lslidar_msgs/share/lslidar_msgs/cmake/lslidar_msgsConfig.cmake
[6.885s] -- Installing: /home/tamir/autonomous_robot/install/lslidar_msgs/share/lslidar_msgs/cmake/lslidar_msgsConfig-version.cmake
[6.885s] -- Installing: /home/tamir/autonomous_robot/install/lslidar_msgs/share/lslidar_msgs/package.xml
[6.887s] Invoked command in '/home/tamir/autonomous_robot/build/lslidar_msgs' returned '0': CMAKE_PREFIX_PATH=${CMAKE_PREFIX_PATH}:/home/tamir/ros2_ws/install/turtle_spawner:/home/tamir/ros2_ws/install/turtle_controller:/home/tamir/ros2_ws/install/my_py_pkg:/home/tamir/install/turtlebot3_gazebo:/home/tamir/install/turtle_spawner:/home/tamir/install/turtle_controller:/home/tamir/install/my_py_pkg:/opt/ros/humble /usr/bin/cmake --install /home/tamir/autonomous_robot/build/lslidar_msgs
