[0.012s] Invoking command in '/home/tamir/autonomous_robot/sensors_package/src/lidar_ws/build/lslidar_msgs': CMAKE_PREFIX_PATH=${CMAKE_PREFIX_PATH}:/home/tamir/ros2_ws/install/turtle_spawner:/home/tamir/ros2_ws/install/turtle_controller:/home/tamir/ros2_ws/install/my_py_pkg:/home/tamir/install/calc_odom:/opt/ros/humble /usr/bin/cmake /home/tamir/autonomous_robot/sensors_package/src/lidar_ws/src/Lslidar_ROS2_driver/lslidar_msgs -DCMAKE_INSTALL_PREFIX=/home/tamir/autonomous_robot/sensors_package/src/lidar_ws/install/lslidar_msgs
[0.138s] -- The C compiler identification is GNU 11.4.0
[0.217s] -- The CXX compiler identification is GNU 11.4.0
[0.224s] -- Detecting C compiler ABI info
[0.293s] -- Detecting C compiler ABI info - done
[0.298s] -- Check for working C compiler: /usr/bin/cc - skipped
[0.298s] -- Detecting C compile features
[0.298s] -- Detecting C compile features - done
[0.301s] -- Detecting CXX compiler ABI info
[0.368s] -- Detecting CXX compiler ABI info - done
[0.374s] -- Check for working CXX compiler: /usr/bin/c++ - skipped
[0.374s] -- Detecting CXX compile features
[0.374s] -- Detecting CXX compile features - done
[0.376s] -- Found ament_cmake: 1.3.10 (/opt/ros/humble/share/ament_cmake/cmake)
[0.499s] -- Found Python3: /usr/bin/python3 (found version "3.10.12") found components: Interpreter 
[0.588s] -- Found std_msgs: 4.2.4 (/opt/ros/humble/share/std_msgs/cmake)
[0.622s] -- Found rosidl_generator_c: 3.1.5 (/opt/ros/humble/share/rosidl_generator_c/cmake)
[0.628s] -- Found rosidl_adapter: 3.1.5 (/opt/ros/humble/share/rosidl_adapter/cmake)
[0.636s] -- Found rosidl_generator_cpp: 3.1.5 (/opt/ros/humble/share/rosidl_generator_cpp/cmake)
[0.648s] -- Using all available rosidl_typesupport_c: rosidl_typesupport_fastrtps_c;rosidl_typesupport_introspection_c
[0.662s] -- Using all available rosidl_typesupport_cpp: rosidl_typesupport_fastrtps_cpp;rosidl_typesupport_introspection_cpp
[0.684s] -- Found sensor_msgs: 4.2.4 (/opt/ros/humble/share/sensor_msgs/cmake)
[0.710s] -- Found rosidl_default_generators: 1.2.0 (/opt/ros/humble/share/rosidl_default_generators/cmake)
[0.719s] -- Found ament_lint_auto: 0.12.11 (/opt/ros/humble/share/ament_lint_auto/cmake)
[1.019s] -- Found ament_cmake_ros: 0.10.0 (/opt/ros/humble/share/ament_cmake_ros/cmake)
[1.370s] -- Using all available rosidl_typesupport_c: rosidl_typesupport_fastrtps_c;rosidl_typesupport_introspection_c
[1.505s] -- Using all available rosidl_typesupport_cpp: rosidl_typesupport_fastrtps_cpp;rosidl_typesupport_introspection_cpp
[1.526s] -- Found PythonInterp: /usr/bin/python3 (found suitable version "3.10.12", minimum required is "3.6") 
[1.529s] -- Found python_cmake_module: 0.10.0 (/opt/ros/humble/share/python_cmake_module/cmake)
[1.558s] -- Found PythonLibs: /usr/lib/x86_64-linux-gnu/libpython3.10.so (found suitable version "3.10.12", minimum required is "3.5") 
[1.558s] -- Using PYTHON_EXECUTABLE: /usr/bin/python3
[1.558s] -- Using PYTHON_INCLUDE_DIRS: /usr/include/python3.10
[1.558s] -- Using PYTHON_LIBRARIES: /usr/lib/x86_64-linux-gnu/libpython3.10.so
[1.582s] -- Found PythonExtra: .so  
[1.650s] -- Added test 'copyright' to check source files copyright and LICENSE
[1.651s] -- Added test 'lint_cmake' to check CMake code style
[1.652s] -- Added test 'xmllint' to check XML markup files
[1.655s] -- Configuring done
[1.689s] -- Generating done
[1.691s] -- Build files have been written to: /home/tamir/autonomous_robot/sensors_package/src/lidar_ws/build/lslidar_msgs
