[0.085s] DEBUG:colcon:Command line arguments: ['/usr/bin/colcon', 'build']
[0.086s] DEBUG:colcon:Parsed command line arguments: Namespace(log_base=None, log_level=None, verb_name='build', build_base='build', install_base='install', merge_install=False, symlink_install=False, test_result_base=None, continue_on_error=False, executor='parallel', parallel_workers=12, event_handlers=None, ignore_user_meta=False, metas=['./colcon.meta'], base_paths=['.'], packages_ignore=None, packages_ignore_regex=None, paths=None, packages_up_to=None, packages_up_to_regex=None, packages_above=None, packages_above_and_dependencies=None, packages_above_depth=None, packages_select_by_dep=None, packages_skip_by_dep=None, packages_skip_up_to=None, packages_select_build_failed=False, packages_skip_build_finished=False, packages_select_test_failures=False, packages_skip_test_passed=False, packages_select=None, packages_skip=None, packages_select_regex=None, packages_skip_regex=None, packages_start=None, packages_end=None, allow_overriding=[], cmake_args=None, cmake_target=None, cmake_target_skip_unavailable=False, cmake_clean_cache=False, cmake_clean_first=False, cmake_force_configure=False, ament_cmake_args=None, catkin_cmake_args=None, catkin_skip_building_tests=False, verb_parser=<colcon_defaults.argument_parser.defaults.DefaultArgumentsDecorator object at 0x7064da72a740>, verb_extension=<colcon_core.verb.build.BuildVerb object at 0x7064da729720>, main=<bound method BuildVerb.main of <colcon_core.verb.build.BuildVerb object at 0x7064da729720>>)
[0.200s] Level 1:colcon.colcon_core.package_discovery:discover_packages(colcon_meta) check parameters
[0.200s] Level 1:colcon.colcon_core.package_discovery:discover_packages(recursive) check parameters
[0.200s] Level 1:colcon.colcon_core.package_discovery:discover_packages(ignore) check parameters
[0.200s] Level 1:colcon.colcon_core.package_discovery:discover_packages(path) check parameters
[0.200s] Level 1:colcon.colcon_core.package_discovery:discover_packages(colcon_meta) discover
[0.200s] Level 1:colcon.colcon_core.package_discovery:discover_packages(recursive) discover
[0.200s] INFO:colcon.colcon_core.package_discovery:Crawling recursively for packages in '/home/tamir/autonomous_robot'
[0.200s] Level 1:colcon.colcon_core.package_identification:_identify(.) by extensions ['ignore', 'ignore_ament_install']
[0.201s] Level 1:colcon.colcon_core.package_identification:_identify(.) by extension 'ignore'
[0.201s] Level 1:colcon.colcon_core.package_identification:_identify(.) by extension 'ignore_ament_install'
[0.201s] Level 1:colcon.colcon_core.package_identification:_identify(.) by extensions ['colcon_pkg']
[0.201s] Level 1:colcon.colcon_core.package_identification:_identify(.) by extension 'colcon_pkg'
[0.201s] Level 1:colcon.colcon_core.package_identification:_identify(.) by extensions ['colcon_meta']
[0.201s] Level 1:colcon.colcon_core.package_identification:_identify(.) by extension 'colcon_meta'
[0.201s] Level 1:colcon.colcon_core.package_identification:_identify(.) by extensions ['ros']
[0.201s] Level 1:colcon.colcon_core.package_identification:_identify(.) by extension 'ros'
[0.215s] Level 1:colcon.colcon_core.package_identification:_identify(.) by extensions ['cmake', 'python']
[0.215s] Level 1:colcon.colcon_core.package_identification:_identify(.) by extension 'cmake'
[0.215s] Level 1:colcon.colcon_core.package_identification:_identify(.) by extension 'python'
[0.215s] Level 1:colcon.colcon_core.package_identification:_identify(.) by extensions ['python_setup_py']
[0.215s] Level 1:colcon.colcon_core.package_identification:_identify(.) by extension 'python_setup_py'
[0.216s] Level 1:colcon.colcon_core.package_identification:_identify(autonomous_robot_control) by extensions ['ignore', 'ignore_ament_install']
[0.216s] Level 1:colcon.colcon_core.package_identification:_identify(autonomous_robot_control) by extension 'ignore'
[0.216s] Level 1:colcon.colcon_core.package_identification:_identify(autonomous_robot_control) by extension 'ignore_ament_install'
[0.216s] Level 1:colcon.colcon_core.package_identification:_identify(autonomous_robot_control) by extensions ['colcon_pkg']
[0.216s] Level 1:colcon.colcon_core.package_identification:_identify(autonomous_robot_control) by extension 'colcon_pkg'
[0.216s] Level 1:colcon.colcon_core.package_identification:_identify(autonomous_robot_control) by extensions ['colcon_meta']
[0.216s] Level 1:colcon.colcon_core.package_identification:_identify(autonomous_robot_control) by extension 'colcon_meta'
[0.216s] Level 1:colcon.colcon_core.package_identification:_identify(autonomous_robot_control) by extensions ['ros']
[0.216s] Level 1:colcon.colcon_core.package_identification:_identify(autonomous_robot_control) by extension 'ros'
[0.220s] DEBUG:colcon.colcon_core.package_identification:Package 'autonomous_robot_control' with type 'ros.ament_cmake' and name 'autonomous_robot_control'
[0.220s] Level 1:colcon.colcon_core.package_identification:_identify(autonomous_robot_description) by extensions ['ignore', 'ignore_ament_install']
[0.220s] Level 1:colcon.colcon_core.package_identification:_identify(autonomous_robot_description) by extension 'ignore'
[0.220s] Level 1:colcon.colcon_core.package_identification:_identify(autonomous_robot_description) by extension 'ignore_ament_install'
[0.220s] Level 1:colcon.colcon_core.package_identification:_identify(autonomous_robot_description) by extensions ['colcon_pkg']
[0.220s] Level 1:colcon.colcon_core.package_identification:_identify(autonomous_robot_description) by extension 'colcon_pkg'
[0.220s] Level 1:colcon.colcon_core.package_identification:_identify(autonomous_robot_description) by extensions ['colcon_meta']
[0.220s] Level 1:colcon.colcon_core.package_identification:_identify(autonomous_robot_description) by extension 'colcon_meta'
[0.220s] Level 1:colcon.colcon_core.package_identification:_identify(autonomous_robot_description) by extensions ['ros']
[0.220s] Level 1:colcon.colcon_core.package_identification:_identify(autonomous_robot_description) by extension 'ros'
[0.221s] DEBUG:colcon.colcon_core.package_identification:Package 'autonomous_robot_description' with type 'ros.ament_cmake' and name 'autonomous_robot_description'
[0.221s] Level 1:colcon.colcon_core.package_identification:_identify(aws-robomaker-small-warehouse-world) by extensions ['ignore', 'ignore_ament_install']
[0.221s] Level 1:colcon.colcon_core.package_identification:_identify(aws-robomaker-small-warehouse-world) by extension 'ignore'
[0.221s] Level 1:colcon.colcon_core.package_identification:_identify(aws-robomaker-small-warehouse-world) by extension 'ignore_ament_install'
[0.221s] Level 1:colcon.colcon_core.package_identification:_identify(aws-robomaker-small-warehouse-world) by extensions ['colcon_pkg']
[0.221s] Level 1:colcon.colcon_core.package_identification:_identify(aws-robomaker-small-warehouse-world) by extension 'colcon_pkg'
[0.221s] Level 1:colcon.colcon_core.package_identification:_identify(aws-robomaker-small-warehouse-world) by extensions ['colcon_meta']
[0.221s] Level 1:colcon.colcon_core.package_identification:_identify(aws-robomaker-small-warehouse-world) by extension 'colcon_meta'
[0.221s] Level 1:colcon.colcon_core.package_identification:_identify(aws-robomaker-small-warehouse-world) by extensions ['ros']
[0.221s] Level 1:colcon.colcon_core.package_identification:_identify(aws-robomaker-small-warehouse-world) by extension 'ros'
[0.222s] DEBUG:colcon.colcon_core.package_identification:Package 'aws-robomaker-small-warehouse-world' with type 'ros.ament_cmake' and name 'aws_robomaker_small_warehouse_world'
[0.222s] Level 1:colcon.colcon_core.package_identification:_identify(build) by extensions ['ignore', 'ignore_ament_install']
[0.222s] Level 1:colcon.colcon_core.package_identification:_identify(build) by extension 'ignore'
[0.222s] Level 1:colcon.colcon_core.package_identification:_identify(build) ignored
[0.222s] Level 1:colcon.colcon_core.package_identification:_identify(install) by extensions ['ignore', 'ignore_ament_install']
[0.222s] Level 1:colcon.colcon_core.package_identification:_identify(install) by extension 'ignore'
[0.222s] Level 1:colcon.colcon_core.package_identification:_identify(install) ignored
[0.222s] Level 1:colcon.colcon_core.package_identification:_identify(log) by extensions ['ignore', 'ignore_ament_install']
[0.222s] Level 1:colcon.colcon_core.package_identification:_identify(log) by extension 'ignore'
[0.222s] Level 1:colcon.colcon_core.package_identification:_identify(log) ignored
[0.222s] Level 1:colcon.colcon_core.package_identification:_identify(robot_common_interfaces) by extensions ['ignore', 'ignore_ament_install']
[0.222s] Level 1:colcon.colcon_core.package_identification:_identify(robot_common_interfaces) by extension 'ignore'
[0.222s] Level 1:colcon.colcon_core.package_identification:_identify(robot_common_interfaces) by extension 'ignore_ament_install'
[0.222s] Level 1:colcon.colcon_core.package_identification:_identify(robot_common_interfaces) by extensions ['colcon_pkg']
[0.222s] Level 1:colcon.colcon_core.package_identification:_identify(robot_common_interfaces) by extension 'colcon_pkg'
[0.222s] Level 1:colcon.colcon_core.package_identification:_identify(robot_common_interfaces) by extensions ['colcon_meta']
[0.222s] Level 1:colcon.colcon_core.package_identification:_identify(robot_common_interfaces) by extension 'colcon_meta'
[0.222s] Level 1:colcon.colcon_core.package_identification:_identify(robot_common_interfaces) by extensions ['ros']
[0.222s] Level 1:colcon.colcon_core.package_identification:_identify(robot_common_interfaces) by extension 'ros'
[0.223s] DEBUG:colcon.colcon_core.package_identification:Package 'robot_common_interfaces' with type 'ros.ament_cmake' and name 'robot_common_interfaces'
[0.223s] Level 1:colcon.colcon_core.package_discovery:discover_packages(recursive) using defaults
[0.223s] Level 1:colcon.colcon_core.package_discovery:discover_packages(ignore) discover
[0.223s] Level 1:colcon.colcon_core.package_discovery:discover_packages(ignore) using defaults
[0.223s] Level 1:colcon.colcon_core.package_discovery:discover_packages(path) discover
[0.223s] Level 1:colcon.colcon_core.package_discovery:discover_packages(path) using defaults
[0.238s] Level 1:colcon.colcon_core.package_discovery:discover_packages(prefix_path) check parameters
[0.238s] Level 1:colcon.colcon_core.package_discovery:discover_packages(prefix_path) discover
[0.240s] DEBUG:colcon.colcon_installed_package_information.package_discovery:Found 4 installed packages in /home/tamir/autonomous_robot/install
[0.241s] DEBUG:colcon.colcon_installed_package_information.package_discovery:Found 1 installed packages in /home/tamir/autonomous_robot/autonomous_robot_description/install
[0.241s] DEBUG:colcon.colcon_installed_package_information.package_discovery:Found 3 installed packages in /home/tamir/turtlebot3_ws/install
[0.242s] DEBUG:colcon.colcon_installed_package_information.package_discovery:Found 8 installed packages in /home/tamir/ros2_ws/install
[0.242s] DEBUG:colcon.colcon_installed_package_information.package_discovery:Found 14 installed packages in /home/tamir/install
[0.243s] DEBUG:colcon.colcon_installed_package_information.package_discovery:Found 391 installed packages in /opt/ros/humble
[0.253s] Level 1:colcon.colcon_core.package_discovery:discover_packages(prefix_path) using defaults
[0.285s] Level 5:colcon.colcon_core.verb:set package 'autonomous_robot_description' build argument 'cmake_args' from command line to 'None'
[0.285s] Level 5:colcon.colcon_core.verb:set package 'autonomous_robot_description' build argument 'cmake_target' from command line to 'None'
[0.285s] Level 5:colcon.colcon_core.verb:set package 'autonomous_robot_description' build argument 'cmake_target_skip_unavailable' from command line to 'False'
[0.285s] Level 5:colcon.colcon_core.verb:set package 'autonomous_robot_description' build argument 'cmake_clean_cache' from command line to 'False'
[0.285s] Level 5:colcon.colcon_core.verb:set package 'autonomous_robot_description' build argument 'cmake_clean_first' from command line to 'False'
[0.285s] Level 5:colcon.colcon_core.verb:set package 'autonomous_robot_description' build argument 'cmake_force_configure' from command line to 'False'
[0.285s] Level 5:colcon.colcon_core.verb:set package 'autonomous_robot_description' build argument 'ament_cmake_args' from command line to 'None'
[0.285s] Level 5:colcon.colcon_core.verb:set package 'autonomous_robot_description' build argument 'catkin_cmake_args' from command line to 'None'
[0.285s] Level 5:colcon.colcon_core.verb:set package 'autonomous_robot_description' build argument 'catkin_skip_building_tests' from command line to 'False'
[0.285s] DEBUG:colcon.colcon_core.verb:Building package 'autonomous_robot_description' with the following arguments: {'ament_cmake_args': None, 'build_base': '/home/tamir/autonomous_robot/build/autonomous_robot_description', 'catkin_cmake_args': None, 'catkin_skip_building_tests': False, 'cmake_args': None, 'cmake_clean_cache': False, 'cmake_clean_first': False, 'cmake_force_configure': False, 'cmake_target': None, 'cmake_target_skip_unavailable': False, 'install_base': '/home/tamir/autonomous_robot/install/autonomous_robot_description', 'merge_install': False, 'path': '/home/tamir/autonomous_robot/autonomous_robot_description', 'symlink_install': False, 'test_result_base': None}
[0.285s] Level 5:colcon.colcon_core.verb:set package 'aws_robomaker_small_warehouse_world' build argument 'cmake_args' from command line to 'None'
[0.285s] Level 5:colcon.colcon_core.verb:set package 'aws_robomaker_small_warehouse_world' build argument 'cmake_target' from command line to 'None'
[0.285s] Level 5:colcon.colcon_core.verb:set package 'aws_robomaker_small_warehouse_world' build argument 'cmake_target_skip_unavailable' from command line to 'False'
[0.285s] Level 5:colcon.colcon_core.verb:set package 'aws_robomaker_small_warehouse_world' build argument 'cmake_clean_cache' from command line to 'False'
[0.285s] Level 5:colcon.colcon_core.verb:set package 'aws_robomaker_small_warehouse_world' build argument 'cmake_clean_first' from command line to 'False'
[0.285s] Level 5:colcon.colcon_core.verb:set package 'aws_robomaker_small_warehouse_world' build argument 'cmake_force_configure' from command line to 'False'
[0.285s] Level 5:colcon.colcon_core.verb:set package 'aws_robomaker_small_warehouse_world' build argument 'ament_cmake_args' from command line to 'None'
[0.285s] Level 5:colcon.colcon_core.verb:set package 'aws_robomaker_small_warehouse_world' build argument 'catkin_cmake_args' from command line to 'None'
[0.285s] Level 5:colcon.colcon_core.verb:set package 'aws_robomaker_small_warehouse_world' build argument 'catkin_skip_building_tests' from command line to 'False'
[0.285s] DEBUG:colcon.colcon_core.verb:Building package 'aws_robomaker_small_warehouse_world' with the following arguments: {'ament_cmake_args': None, 'build_base': '/home/tamir/autonomous_robot/build/aws_robomaker_small_warehouse_world', 'catkin_cmake_args': None, 'catkin_skip_building_tests': False, 'cmake_args': None, 'cmake_clean_cache': False, 'cmake_clean_first': False, 'cmake_force_configure': False, 'cmake_target': None, 'cmake_target_skip_unavailable': False, 'install_base': '/home/tamir/autonomous_robot/install/aws_robomaker_small_warehouse_world', 'merge_install': False, 'path': '/home/tamir/autonomous_robot/aws-robomaker-small-warehouse-world', 'symlink_install': False, 'test_result_base': None}
[0.286s] Level 5:colcon.colcon_core.verb:set package 'robot_common_interfaces' build argument 'cmake_args' from command line to 'None'
[0.286s] Level 5:colcon.colcon_core.verb:set package 'robot_common_interfaces' build argument 'cmake_target' from command line to 'None'
[0.286s] Level 5:colcon.colcon_core.verb:set package 'robot_common_interfaces' build argument 'cmake_target_skip_unavailable' from command line to 'False'
[0.286s] Level 5:colcon.colcon_core.verb:set package 'robot_common_interfaces' build argument 'cmake_clean_cache' from command line to 'False'
[0.286s] Level 5:colcon.colcon_core.verb:set package 'robot_common_interfaces' build argument 'cmake_clean_first' from command line to 'False'
[0.286s] Level 5:colcon.colcon_core.verb:set package 'robot_common_interfaces' build argument 'cmake_force_configure' from command line to 'False'
[0.286s] Level 5:colcon.colcon_core.verb:set package 'robot_common_interfaces' build argument 'ament_cmake_args' from command line to 'None'
[0.286s] Level 5:colcon.colcon_core.verb:set package 'robot_common_interfaces' build argument 'catkin_cmake_args' from command line to 'None'
[0.286s] Level 5:colcon.colcon_core.verb:set package 'robot_common_interfaces' build argument 'catkin_skip_building_tests' from command line to 'False'
[0.286s] DEBUG:colcon.colcon_core.verb:Building package 'robot_common_interfaces' with the following arguments: {'ament_cmake_args': None, 'build_base': '/home/tamir/autonomous_robot/build/robot_common_interfaces', 'catkin_cmake_args': None, 'catkin_skip_building_tests': False, 'cmake_args': None, 'cmake_clean_cache': False, 'cmake_clean_first': False, 'cmake_force_configure': False, 'cmake_target': None, 'cmake_target_skip_unavailable': False, 'install_base': '/home/tamir/autonomous_robot/install/robot_common_interfaces', 'merge_install': False, 'path': '/home/tamir/autonomous_robot/robot_common_interfaces', 'symlink_install': False, 'test_result_base': None}
[0.286s] Level 5:colcon.colcon_core.verb:set package 'autonomous_robot_control' build argument 'cmake_args' from command line to 'None'
[0.286s] Level 5:colcon.colcon_core.verb:set package 'autonomous_robot_control' build argument 'cmake_target' from command line to 'None'
[0.286s] Level 5:colcon.colcon_core.verb:set package 'autonomous_robot_control' build argument 'cmake_target_skip_unavailable' from command line to 'False'
[0.286s] Level 5:colcon.colcon_core.verb:set package 'autonomous_robot_control' build argument 'cmake_clean_cache' from command line to 'False'
[0.286s] Level 5:colcon.colcon_core.verb:set package 'autonomous_robot_control' build argument 'cmake_clean_first' from command line to 'False'
[0.286s] Level 5:colcon.colcon_core.verb:set package 'autonomous_robot_control' build argument 'cmake_force_configure' from command line to 'False'
[0.286s] Level 5:colcon.colcon_core.verb:set package 'autonomous_robot_control' build argument 'ament_cmake_args' from command line to 'None'
[0.286s] Level 5:colcon.colcon_core.verb:set package 'autonomous_robot_control' build argument 'catkin_cmake_args' from command line to 'None'
[0.286s] Level 5:colcon.colcon_core.verb:set package 'autonomous_robot_control' build argument 'catkin_skip_building_tests' from command line to 'False'
[0.286s] DEBUG:colcon.colcon_core.verb:Building package 'autonomous_robot_control' with the following arguments: {'ament_cmake_args': None, 'build_base': '/home/tamir/autonomous_robot/build/autonomous_robot_control', 'catkin_cmake_args': None, 'catkin_skip_building_tests': False, 'cmake_args': None, 'cmake_clean_cache': False, 'cmake_clean_first': False, 'cmake_force_configure': False, 'cmake_target': None, 'cmake_target_skip_unavailable': False, 'install_base': '/home/tamir/autonomous_robot/install/autonomous_robot_control', 'merge_install': False, 'path': '/home/tamir/autonomous_robot/autonomous_robot_control', 'symlink_install': False, 'test_result_base': None}
[0.286s] INFO:colcon.colcon_core.executor:Executing jobs using 'parallel' executor
[0.287s] DEBUG:colcon.colcon_parallel_executor.executor.parallel:run_until_complete
[0.287s] INFO:colcon.colcon_ros.task.ament_cmake.build:Building ROS package in '/home/tamir/autonomous_robot/robot_common_interfaces' with build type 'ament_cmake'
[0.287s] INFO:colcon.colcon_cmake.task.cmake.build:Building CMake package in '/home/tamir/autonomous_robot/robot_common_interfaces'
[0.289s] INFO:colcon.colcon_core.plugin_system:Skipping extension 'colcon_core.shell.bat': Not used on non-Windows systems
[0.289s] INFO:colcon.colcon_core.shell:Skip shell extension 'powershell' for command environment: Not usable outside of PowerShell
[0.289s] DEBUG:colcon.colcon_core.shell:Skip shell extension 'dsv' for command environment
[0.293s] INFO:colcon.colcon_ros.task.ament_cmake.build:Building ROS package in '/home/tamir/autonomous_robot/autonomous_robot_description' with build type 'ament_cmake'
[0.293s] INFO:colcon.colcon_cmake.task.cmake.build:Building CMake package in '/home/tamir/autonomous_robot/autonomous_robot_description'
[0.293s] INFO:colcon.colcon_core.shell:Skip shell extension 'powershell' for command environment: Not usable outside of PowerShell
[0.294s] DEBUG:colcon.colcon_core.shell:Skip shell extension 'dsv' for command environment
[0.297s] INFO:colcon.colcon_ros.task.ament_cmake.build:Building ROS package in '/home/tamir/autonomous_robot/aws-robomaker-small-warehouse-world' with build type 'ament_cmake'
[0.297s] INFO:colcon.colcon_cmake.task.cmake.build:Building CMake package in '/home/tamir/autonomous_robot/aws-robomaker-small-warehouse-world'
[0.298s] INFO:colcon.colcon_core.shell:Skip shell extension 'powershell' for command environment: Not usable outside of PowerShell
[0.298s] DEBUG:colcon.colcon_core.shell:Skip shell extension 'dsv' for command environment
[0.311s] DEBUG:colcon.colcon_core.event_handler.log_command:Invoking command in '/home/tamir/autonomous_robot/build/robot_common_interfaces': CMAKE_PREFIX_PATH=${CMAKE_PREFIX_PATH}:/home/tamir/ros2_ws/install/turtle_spawner:/home/tamir/ros2_ws/install/turtle_controller:/home/tamir/ros2_ws/install/my_py_pkg:/home/tamir/install/turtlebot3_gazebo:/home/tamir/install/turtle_spawner:/home/tamir/install/turtle_controller:/home/tamir/install/my_py_pkg:/opt/ros/humble /usr/bin/cmake --build /home/tamir/autonomous_robot/build/robot_common_interfaces -- -j12 -l12
[0.326s] DEBUG:colcon.colcon_core.event_handler.log_command:Invoking command in '/home/tamir/autonomous_robot/build/autonomous_robot_description': CMAKE_PREFIX_PATH=${CMAKE_PREFIX_PATH}:/home/tamir/ros2_ws/install/turtle_spawner:/home/tamir/ros2_ws/install/turtle_controller:/home/tamir/ros2_ws/install/my_py_pkg:/home/tamir/install/turtlebot3_gazebo:/home/tamir/install/turtle_spawner:/home/tamir/install/turtle_controller:/home/tamir/install/my_py_pkg:/opt/ros/humble /usr/bin/cmake --build /home/tamir/autonomous_robot/build/autonomous_robot_description -- -j12 -l12
[0.333s] DEBUG:colcon.colcon_core.event_handler.log_command:Invoking command in '/home/tamir/autonomous_robot/build/aws_robomaker_small_warehouse_world': CMAKE_PREFIX_PATH=${CMAKE_PREFIX_PATH}:/home/tamir/ros2_ws/install/turtle_spawner:/home/tamir/ros2_ws/install/turtle_controller:/home/tamir/ros2_ws/install/my_py_pkg:/home/tamir/install/turtlebot3_gazebo:/home/tamir/install/turtle_spawner:/home/tamir/install/turtle_controller:/home/tamir/install/my_py_pkg:/opt/ros/humble /usr/bin/cmake --build /home/tamir/autonomous_robot/build/aws_robomaker_small_warehouse_world -- -j12 -l12
[0.367s] DEBUG:colcon.colcon_core.event_handler.log_command:Invoked command in '/home/tamir/autonomous_robot/build/autonomous_robot_description' returned '0': CMAKE_PREFIX_PATH=${CMAKE_PREFIX_PATH}:/home/tamir/ros2_ws/install/turtle_spawner:/home/tamir/ros2_ws/install/turtle_controller:/home/tamir/ros2_ws/install/my_py_pkg:/home/tamir/install/turtlebot3_gazebo:/home/tamir/install/turtle_spawner:/home/tamir/install/turtle_controller:/home/tamir/install/my_py_pkg:/opt/ros/humble /usr/bin/cmake --build /home/tamir/autonomous_robot/build/autonomous_robot_description -- -j12 -l12
[0.380s] DEBUG:colcon.colcon_core.event_handler.log_command:Invoked command in '/home/tamir/autonomous_robot/build/aws_robomaker_small_warehouse_world' returned '0': CMAKE_PREFIX_PATH=${CMAKE_PREFIX_PATH}:/home/tamir/ros2_ws/install/turtle_spawner:/home/tamir/ros2_ws/install/turtle_controller:/home/tamir/ros2_ws/install/my_py_pkg:/home/tamir/install/turtlebot3_gazebo:/home/tamir/install/turtle_spawner:/home/tamir/install/turtle_controller:/home/tamir/install/my_py_pkg:/opt/ros/humble /usr/bin/cmake --build /home/tamir/autonomous_robot/build/aws_robomaker_small_warehouse_world -- -j12 -l12
[0.414s] DEBUG:colcon.colcon_core.event_handler.log_command:Invoking command in '/home/tamir/autonomous_robot/build/autonomous_robot_description': CMAKE_PREFIX_PATH=${CMAKE_PREFIX_PATH}:/home/tamir/ros2_ws/install/turtle_spawner:/home/tamir/ros2_ws/install/turtle_controller:/home/tamir/ros2_ws/install/my_py_pkg:/home/tamir/install/turtlebot3_gazebo:/home/tamir/install/turtle_spawner:/home/tamir/install/turtle_controller:/home/tamir/install/my_py_pkg:/opt/ros/humble /usr/bin/cmake --install /home/tamir/autonomous_robot/build/autonomous_robot_description
[0.417s] DEBUG:colcon.colcon_core.event_handler.log_command:Invoking command in '/home/tamir/autonomous_robot/build/aws_robomaker_small_warehouse_world': CMAKE_PREFIX_PATH=${CMAKE_PREFIX_PATH}:/home/tamir/ros2_ws/install/turtle_spawner:/home/tamir/ros2_ws/install/turtle_controller:/home/tamir/ros2_ws/install/my_py_pkg:/home/tamir/install/turtlebot3_gazebo:/home/tamir/install/turtle_spawner:/home/tamir/install/turtle_controller:/home/tamir/install/my_py_pkg:/opt/ros/humble /usr/bin/cmake --install /home/tamir/autonomous_robot/build/aws_robomaker_small_warehouse_world
[0.433s] Level 1:colcon.colcon_core.environment:create_environment_scripts_only(autonomous_robot_description)
[0.439s] DEBUG:colcon.colcon_core.event_handler.log_command:Invoked command in '/home/tamir/autonomous_robot/build/autonomous_robot_description' returned '0': CMAKE_PREFIX_PATH=${CMAKE_PREFIX_PATH}:/home/tamir/ros2_ws/install/turtle_spawner:/home/tamir/ros2_ws/install/turtle_controller:/home/tamir/ros2_ws/install/my_py_pkg:/home/tamir/install/turtlebot3_gazebo:/home/tamir/install/turtle_spawner:/home/tamir/install/turtle_controller:/home/tamir/install/my_py_pkg:/opt/ros/humble /usr/bin/cmake --install /home/tamir/autonomous_robot/build/autonomous_robot_description
[0.444s] Level 1:colcon.colcon_core.environment:checking '/home/tamir/autonomous_robot/install/autonomous_robot_description' for CMake module files
[0.445s] Level 1:colcon.colcon_core.environment:checking '/home/tamir/autonomous_robot/install/autonomous_robot_description' for CMake config files
[0.445s] Level 1:colcon.colcon_core.shell:create_environment_hook('autonomous_robot_description', 'cmake_prefix_path')
[0.446s] INFO:colcon.colcon_core.shell:Creating environment hook '/home/tamir/autonomous_robot/install/autonomous_robot_description/share/autonomous_robot_description/hook/cmake_prefix_path.ps1'
[0.446s] INFO:colcon.colcon_core.shell:Creating environment descriptor '/home/tamir/autonomous_robot/install/autonomous_robot_description/share/autonomous_robot_description/hook/cmake_prefix_path.dsv'
[0.447s] INFO:colcon.colcon_core.shell:Creating environment hook '/home/tamir/autonomous_robot/install/autonomous_robot_description/share/autonomous_robot_description/hook/cmake_prefix_path.sh'
[0.448s] Level 1:colcon.colcon_core.environment:checking '/home/tamir/autonomous_robot/install/autonomous_robot_description/bin'
[0.448s] Level 1:colcon.colcon_core.environment:checking '/home/tamir/autonomous_robot/install/autonomous_robot_description/lib/pkgconfig/autonomous_robot_description.pc'
[0.448s] Level 1:colcon.colcon_core.environment:checking '/home/tamir/autonomous_robot/install/autonomous_robot_description/lib/python3.10/site-packages'
[0.449s] Level 1:colcon.colcon_core.environment:checking '/home/tamir/autonomous_robot/install/autonomous_robot_description/bin'
[0.449s] INFO:colcon.colcon_core.shell:Creating package script '/home/tamir/autonomous_robot/install/autonomous_robot_description/share/autonomous_robot_description/package.ps1'
[0.450s] INFO:colcon.colcon_core.shell:Creating package descriptor '/home/tamir/autonomous_robot/install/autonomous_robot_description/share/autonomous_robot_description/package.dsv'
[0.451s] INFO:colcon.colcon_core.shell:Creating package script '/home/tamir/autonomous_robot/install/autonomous_robot_description/share/autonomous_robot_description/package.sh'
[0.452s] INFO:colcon.colcon_core.shell:Creating package script '/home/tamir/autonomous_robot/install/autonomous_robot_description/share/autonomous_robot_description/package.bash'
[0.452s] INFO:colcon.colcon_core.shell:Creating package script '/home/tamir/autonomous_robot/install/autonomous_robot_description/share/autonomous_robot_description/package.zsh'
[0.453s] Level 1:colcon.colcon_core.environment:create_file_with_runtime_dependencies(/home/tamir/autonomous_robot/install/autonomous_robot_description/share/colcon-core/packages/autonomous_robot_description)
[0.455s] Level 1:colcon.colcon_core.environment:create_environment_scripts_only(aws_robomaker_small_warehouse_world)
[0.455s] Level 1:colcon.colcon_core.environment:checking '/home/tamir/autonomous_robot/install/aws_robomaker_small_warehouse_world' for CMake module files
[0.456s] DEBUG:colcon.colcon_core.event_handler.log_command:Invoked command in '/home/tamir/autonomous_robot/build/aws_robomaker_small_warehouse_world' returned '0': CMAKE_PREFIX_PATH=${CMAKE_PREFIX_PATH}:/home/tamir/ros2_ws/install/turtle_spawner:/home/tamir/ros2_ws/install/turtle_controller:/home/tamir/ros2_ws/install/my_py_pkg:/home/tamir/install/turtlebot3_gazebo:/home/tamir/install/turtle_spawner:/home/tamir/install/turtle_controller:/home/tamir/install/my_py_pkg:/opt/ros/humble /usr/bin/cmake --install /home/tamir/autonomous_robot/build/aws_robomaker_small_warehouse_world
[0.456s] Level 1:colcon.colcon_core.environment:checking '/home/tamir/autonomous_robot/install/aws_robomaker_small_warehouse_world' for CMake config files
[0.457s] Level 1:colcon.colcon_core.shell:create_environment_hook('aws_robomaker_small_warehouse_world', 'cmake_prefix_path')
[0.457s] INFO:colcon.colcon_core.shell:Creating environment hook '/home/tamir/autonomous_robot/install/aws_robomaker_small_warehouse_world/share/aws_robomaker_small_warehouse_world/hook/cmake_prefix_path.ps1'
[0.457s] INFO:colcon.colcon_core.shell:Creating environment descriptor '/home/tamir/autonomous_robot/install/aws_robomaker_small_warehouse_world/share/aws_robomaker_small_warehouse_world/hook/cmake_prefix_path.dsv'
[0.458s] INFO:colcon.colcon_core.shell:Creating environment hook '/home/tamir/autonomous_robot/install/aws_robomaker_small_warehouse_world/share/aws_robomaker_small_warehouse_world/hook/cmake_prefix_path.sh'
[0.459s] Level 1:colcon.colcon_core.environment:checking '/home/tamir/autonomous_robot/install/aws_robomaker_small_warehouse_world/bin'
[0.459s] Level 1:colcon.colcon_core.environment:checking '/home/tamir/autonomous_robot/install/aws_robomaker_small_warehouse_world/lib/pkgconfig/aws_robomaker_small_warehouse_world.pc'
[0.459s] Level 1:colcon.colcon_core.environment:checking '/home/tamir/autonomous_robot/install/aws_robomaker_small_warehouse_world/lib/python3.10/site-packages'
[0.459s] Level 1:colcon.colcon_core.environment:checking '/home/tamir/autonomous_robot/install/aws_robomaker_small_warehouse_world/bin'
[0.460s] INFO:colcon.colcon_core.shell:Creating package script '/home/tamir/autonomous_robot/install/aws_robomaker_small_warehouse_world/share/aws_robomaker_small_warehouse_world/package.ps1'
[0.460s] INFO:colcon.colcon_core.shell:Creating package descriptor '/home/tamir/autonomous_robot/install/aws_robomaker_small_warehouse_world/share/aws_robomaker_small_warehouse_world/package.dsv'
[0.461s] INFO:colcon.colcon_core.shell:Creating package script '/home/tamir/autonomous_robot/install/aws_robomaker_small_warehouse_world/share/aws_robomaker_small_warehouse_world/package.sh'
[0.462s] INFO:colcon.colcon_core.shell:Creating package script '/home/tamir/autonomous_robot/install/aws_robomaker_small_warehouse_world/share/aws_robomaker_small_warehouse_world/package.bash'
[0.462s] INFO:colcon.colcon_core.shell:Creating package script '/home/tamir/autonomous_robot/install/aws_robomaker_small_warehouse_world/share/aws_robomaker_small_warehouse_world/package.zsh'
[0.462s] Level 1:colcon.colcon_core.environment:create_file_with_runtime_dependencies(/home/tamir/autonomous_robot/install/aws_robomaker_small_warehouse_world/share/colcon-core/packages/aws_robomaker_small_warehouse_world)
[0.478s] Level 1:colcon.colcon_core.environment:create_environment_scripts_only(autonomous_robot_description)
[0.479s] Level 1:colcon.colcon_core.environment:checking '/home/tamir/autonomous_robot/install/autonomous_robot_description' for CMake module files
[0.479s] Level 1:colcon.colcon_core.environment:checking '/home/tamir/autonomous_robot/install/autonomous_robot_description' for CMake config files
[0.479s] Level 1:colcon.colcon_core.shell:create_environment_hook('autonomous_robot_description', 'cmake_prefix_path')
[0.480s] INFO:colcon.colcon_core.shell:Creating environment hook '/home/tamir/autonomous_robot/install/autonomous_robot_description/share/autonomous_robot_description/hook/cmake_prefix_path.ps1'
[0.480s] INFO:colcon.colcon_core.shell:Creating environment descriptor '/home/tamir/autonomous_robot/install/autonomous_robot_description/share/autonomous_robot_description/hook/cmake_prefix_path.dsv'
[0.481s] INFO:colcon.colcon_core.shell:Creating environment hook '/home/tamir/autonomous_robot/install/autonomous_robot_description/share/autonomous_robot_description/hook/cmake_prefix_path.sh'
[0.482s] Level 1:colcon.colcon_core.environment:checking '/home/tamir/autonomous_robot/install/autonomous_robot_description/bin'
[0.482s] Level 1:colcon.colcon_core.environment:checking '/home/tamir/autonomous_robot/install/autonomous_robot_description/lib/pkgconfig/autonomous_robot_description.pc'
[0.482s] Level 1:colcon.colcon_core.environment:checking '/home/tamir/autonomous_robot/install/autonomous_robot_description/lib/python3.10/site-packages'
[0.483s] Level 1:colcon.colcon_core.environment:checking '/home/tamir/autonomous_robot/install/autonomous_robot_description/bin'
[0.483s] INFO:colcon.colcon_core.shell:Creating package script '/home/tamir/autonomous_robot/install/autonomous_robot_description/share/autonomous_robot_description/package.ps1'
[0.484s] INFO:colcon.colcon_core.shell:Creating package descriptor '/home/tamir/autonomous_robot/install/autonomous_robot_description/share/autonomous_robot_description/package.dsv'
[0.485s] INFO:colcon.colcon_core.shell:Creating package script '/home/tamir/autonomous_robot/install/autonomous_robot_description/share/autonomous_robot_description/package.sh'
[0.486s] INFO:colcon.colcon_core.shell:Creating package script '/home/tamir/autonomous_robot/install/autonomous_robot_description/share/autonomous_robot_description/package.bash'
[0.486s] INFO:colcon.colcon_core.shell:Creating package script '/home/tamir/autonomous_robot/install/autonomous_robot_description/share/autonomous_robot_description/package.zsh'
[0.486s] Level 1:colcon.colcon_core.environment:create_file_with_runtime_dependencies(/home/tamir/autonomous_robot/install/autonomous_robot_description/share/colcon-core/packages/autonomous_robot_description)
[0.493s] Level 1:colcon.colcon_core.environment:create_environment_scripts_only(aws_robomaker_small_warehouse_world)
[0.494s] Level 1:colcon.colcon_core.environment:checking '/home/tamir/autonomous_robot/install/aws_robomaker_small_warehouse_world' for CMake module files
[0.495s] Level 1:colcon.colcon_core.environment:checking '/home/tamir/autonomous_robot/install/aws_robomaker_small_warehouse_world' for CMake config files
[0.495s] Level 1:colcon.colcon_core.shell:create_environment_hook('aws_robomaker_small_warehouse_world', 'cmake_prefix_path')
[0.495s] INFO:colcon.colcon_core.shell:Creating environment hook '/home/tamir/autonomous_robot/install/aws_robomaker_small_warehouse_world/share/aws_robomaker_small_warehouse_world/hook/cmake_prefix_path.ps1'
[0.496s] INFO:colcon.colcon_core.shell:Creating environment descriptor '/home/tamir/autonomous_robot/install/aws_robomaker_small_warehouse_world/share/aws_robomaker_small_warehouse_world/hook/cmake_prefix_path.dsv'
[0.496s] INFO:colcon.colcon_core.shell:Creating environment hook '/home/tamir/autonomous_robot/install/aws_robomaker_small_warehouse_world/share/aws_robomaker_small_warehouse_world/hook/cmake_prefix_path.sh'
[0.497s] Level 1:colcon.colcon_core.environment:checking '/home/tamir/autonomous_robot/install/aws_robomaker_small_warehouse_world/bin'
[0.497s] Level 1:colcon.colcon_core.environment:checking '/home/tamir/autonomous_robot/install/aws_robomaker_small_warehouse_world/lib/pkgconfig/aws_robomaker_small_warehouse_world.pc'
[0.498s] Level 1:colcon.colcon_core.environment:checking '/home/tamir/autonomous_robot/install/aws_robomaker_small_warehouse_world/lib/python3.10/site-packages'
[0.498s] Level 1:colcon.colcon_core.environment:checking '/home/tamir/autonomous_robot/install/aws_robomaker_small_warehouse_world/bin'
[0.498s] INFO:colcon.colcon_core.shell:Creating package script '/home/tamir/autonomous_robot/install/aws_robomaker_small_warehouse_world/share/aws_robomaker_small_warehouse_world/package.ps1'
[0.499s] INFO:colcon.colcon_core.shell:Creating package descriptor '/home/tamir/autonomous_robot/install/aws_robomaker_small_warehouse_world/share/aws_robomaker_small_warehouse_world/package.dsv'
[0.500s] INFO:colcon.colcon_core.shell:Creating package script '/home/tamir/autonomous_robot/install/aws_robomaker_small_warehouse_world/share/aws_robomaker_small_warehouse_world/package.sh'
[0.500s] INFO:colcon.colcon_core.shell:Creating package script '/home/tamir/autonomous_robot/install/aws_robomaker_small_warehouse_world/share/aws_robomaker_small_warehouse_world/package.bash'
[0.501s] INFO:colcon.colcon_core.shell:Creating package script '/home/tamir/autonomous_robot/install/aws_robomaker_small_warehouse_world/share/aws_robomaker_small_warehouse_world/package.zsh'
[0.501s] Level 1:colcon.colcon_core.environment:create_file_with_runtime_dependencies(/home/tamir/autonomous_robot/install/aws_robomaker_small_warehouse_world/share/colcon-core/packages/aws_robomaker_small_warehouse_world)
[0.660s] DEBUG:colcon.colcon_core.event_handler.log_command:Invoked command in '/home/tamir/autonomous_robot/build/robot_common_interfaces' returned '0': CMAKE_PREFIX_PATH=${CMAKE_PREFIX_PATH}:/home/tamir/ros2_ws/install/turtle_spawner:/home/tamir/ros2_ws/install/turtle_controller:/home/tamir/ros2_ws/install/my_py_pkg:/home/tamir/install/turtlebot3_gazebo:/home/tamir/install/turtle_spawner:/home/tamir/install/turtle_controller:/home/tamir/install/my_py_pkg:/opt/ros/humble /usr/bin/cmake --build /home/tamir/autonomous_robot/build/robot_common_interfaces -- -j12 -l12
[0.742s] DEBUG:colcon.colcon_core.event_handler.log_command:Invoking command in '/home/tamir/autonomous_robot/build/robot_common_interfaces': CMAKE_PREFIX_PATH=${CMAKE_PREFIX_PATH}:/home/tamir/ros2_ws/install/turtle_spawner:/home/tamir/ros2_ws/install/turtle_controller:/home/tamir/ros2_ws/install/my_py_pkg:/home/tamir/install/turtlebot3_gazebo:/home/tamir/install/turtle_spawner:/home/tamir/install/turtle_controller:/home/tamir/install/my_py_pkg:/opt/ros/humble /usr/bin/cmake --install /home/tamir/autonomous_robot/build/robot_common_interfaces
[0.797s] Level 1:colcon.colcon_core.environment:create_environment_scripts_only(robot_common_interfaces)
[0.797s] Level 1:colcon.colcon_core.environment:checking '/home/tamir/autonomous_robot/install/robot_common_interfaces' for CMake module files
[0.797s] DEBUG:colcon.colcon_core.event_handler.log_command:Invoked command in '/home/tamir/autonomous_robot/build/robot_common_interfaces' returned '0': CMAKE_PREFIX_PATH=${CMAKE_PREFIX_PATH}:/home/tamir/ros2_ws/install/turtle_spawner:/home/tamir/ros2_ws/install/turtle_controller:/home/tamir/ros2_ws/install/my_py_pkg:/home/tamir/install/turtlebot3_gazebo:/home/tamir/install/turtle_spawner:/home/tamir/install/turtle_controller:/home/tamir/install/my_py_pkg:/opt/ros/humble /usr/bin/cmake --install /home/tamir/autonomous_robot/build/robot_common_interfaces
[0.798s] Level 1:colcon.colcon_core.environment:checking '/home/tamir/autonomous_robot/install/robot_common_interfaces' for CMake config files
[0.798s] Level 1:colcon.colcon_core.shell:create_environment_hook('robot_common_interfaces', 'cmake_prefix_path')
[0.798s] INFO:colcon.colcon_core.shell:Creating environment hook '/home/tamir/autonomous_robot/install/robot_common_interfaces/share/robot_common_interfaces/hook/cmake_prefix_path.ps1'
[0.798s] INFO:colcon.colcon_core.shell:Creating environment descriptor '/home/tamir/autonomous_robot/install/robot_common_interfaces/share/robot_common_interfaces/hook/cmake_prefix_path.dsv'
[0.799s] INFO:colcon.colcon_core.shell:Creating environment hook '/home/tamir/autonomous_robot/install/robot_common_interfaces/share/robot_common_interfaces/hook/cmake_prefix_path.sh'
[0.799s] Level 1:colcon.colcon_core.environment:checking '/home/tamir/autonomous_robot/install/robot_common_interfaces/lib'
[0.799s] Level 1:colcon.colcon_core.shell:create_environment_hook('robot_common_interfaces', 'ld_library_path_lib')
[0.799s] INFO:colcon.colcon_core.shell:Creating environment hook '/home/tamir/autonomous_robot/install/robot_common_interfaces/share/robot_common_interfaces/hook/ld_library_path_lib.ps1'
[0.800s] INFO:colcon.colcon_core.shell:Creating environment descriptor '/home/tamir/autonomous_robot/install/robot_common_interfaces/share/robot_common_interfaces/hook/ld_library_path_lib.dsv'
[0.800s] INFO:colcon.colcon_core.shell:Creating environment hook '/home/tamir/autonomous_robot/install/robot_common_interfaces/share/robot_common_interfaces/hook/ld_library_path_lib.sh'
[0.800s] Level 1:colcon.colcon_core.environment:checking '/home/tamir/autonomous_robot/install/robot_common_interfaces/bin'
[0.800s] Level 1:colcon.colcon_core.environment:checking '/home/tamir/autonomous_robot/install/robot_common_interfaces/lib/pkgconfig/robot_common_interfaces.pc'
[0.800s] Level 1:colcon.colcon_core.environment:checking '/home/tamir/autonomous_robot/install/robot_common_interfaces/lib/python3.10/site-packages'
[0.800s] Level 1:colcon.colcon_core.environment:checking '/home/tamir/autonomous_robot/install/robot_common_interfaces/bin'
[0.800s] INFO:colcon.colcon_core.shell:Creating package script '/home/tamir/autonomous_robot/install/robot_common_interfaces/share/robot_common_interfaces/package.ps1'
[0.801s] INFO:colcon.colcon_core.shell:Creating package descriptor '/home/tamir/autonomous_robot/install/robot_common_interfaces/share/robot_common_interfaces/package.dsv'
[0.801s] INFO:colcon.colcon_core.shell:Creating package script '/home/tamir/autonomous_robot/install/robot_common_interfaces/share/robot_common_interfaces/package.sh'
[0.801s] INFO:colcon.colcon_core.shell:Creating package script '/home/tamir/autonomous_robot/install/robot_common_interfaces/share/robot_common_interfaces/package.bash'
[0.801s] INFO:colcon.colcon_core.shell:Creating package script '/home/tamir/autonomous_robot/install/robot_common_interfaces/share/robot_common_interfaces/package.zsh'
[0.801s] Level 1:colcon.colcon_core.environment:create_file_with_runtime_dependencies(/home/tamir/autonomous_robot/install/robot_common_interfaces/share/colcon-core/packages/robot_common_interfaces)
[0.872s] Level 1:colcon.colcon_core.environment:create_environment_scripts_only(robot_common_interfaces)
[0.872s] Level 1:colcon.colcon_core.environment:checking '/home/tamir/autonomous_robot/install/robot_common_interfaces' for CMake module files
[0.873s] Level 1:colcon.colcon_core.environment:checking '/home/tamir/autonomous_robot/install/robot_common_interfaces' for CMake config files
[0.873s] Level 1:colcon.colcon_core.shell:create_environment_hook('robot_common_interfaces', 'cmake_prefix_path')
[0.873s] INFO:colcon.colcon_core.shell:Creating environment hook '/home/tamir/autonomous_robot/install/robot_common_interfaces/share/robot_common_interfaces/hook/cmake_prefix_path.ps1'
[0.874s] INFO:colcon.colcon_core.shell:Creating environment descriptor '/home/tamir/autonomous_robot/install/robot_common_interfaces/share/robot_common_interfaces/hook/cmake_prefix_path.dsv'
[0.874s] INFO:colcon.colcon_core.shell:Creating environment hook '/home/tamir/autonomous_robot/install/robot_common_interfaces/share/robot_common_interfaces/hook/cmake_prefix_path.sh'
[0.874s] Level 1:colcon.colcon_core.environment:checking '/home/tamir/autonomous_robot/install/robot_common_interfaces/lib'
[0.874s] Level 1:colcon.colcon_core.shell:create_environment_hook('robot_common_interfaces', 'ld_library_path_lib')
[0.874s] INFO:colcon.colcon_core.shell:Creating environment hook '/home/tamir/autonomous_robot/install/robot_common_interfaces/share/robot_common_interfaces/hook/ld_library_path_lib.ps1'
[0.874s] INFO:colcon.colcon_core.shell:Creating environment descriptor '/home/tamir/autonomous_robot/install/robot_common_interfaces/share/robot_common_interfaces/hook/ld_library_path_lib.dsv'
[0.875s] INFO:colcon.colcon_core.shell:Creating environment hook '/home/tamir/autonomous_robot/install/robot_common_interfaces/share/robot_common_interfaces/hook/ld_library_path_lib.sh'
[0.875s] Level 1:colcon.colcon_core.environment:checking '/home/tamir/autonomous_robot/install/robot_common_interfaces/bin'
[0.875s] Level 1:colcon.colcon_core.environment:checking '/home/tamir/autonomous_robot/install/robot_common_interfaces/lib/pkgconfig/robot_common_interfaces.pc'
[0.875s] Level 1:colcon.colcon_core.environment:checking '/home/tamir/autonomous_robot/install/robot_common_interfaces/lib/python3.10/site-packages'
[0.875s] Level 1:colcon.colcon_core.environment:checking '/home/tamir/autonomous_robot/install/robot_common_interfaces/bin'
[0.875s] INFO:colcon.colcon_core.shell:Creating package script '/home/tamir/autonomous_robot/install/robot_common_interfaces/share/robot_common_interfaces/package.ps1'
[0.876s] INFO:colcon.colcon_core.shell:Creating package descriptor '/home/tamir/autonomous_robot/install/robot_common_interfaces/share/robot_common_interfaces/package.dsv'
[0.876s] INFO:colcon.colcon_core.shell:Creating package script '/home/tamir/autonomous_robot/install/robot_common_interfaces/share/robot_common_interfaces/package.sh'
[0.876s] INFO:colcon.colcon_core.shell:Creating package script '/home/tamir/autonomous_robot/install/robot_common_interfaces/share/robot_common_interfaces/package.bash'
[0.876s] INFO:colcon.colcon_core.shell:Creating package script '/home/tamir/autonomous_robot/install/robot_common_interfaces/share/robot_common_interfaces/package.zsh'
[0.876s] Level 1:colcon.colcon_core.environment:create_file_with_runtime_dependencies(/home/tamir/autonomous_robot/install/robot_common_interfaces/share/colcon-core/packages/robot_common_interfaces)
[0.877s] INFO:colcon.colcon_ros.task.ament_cmake.build:Building ROS package in '/home/tamir/autonomous_robot/autonomous_robot_control' with build type 'ament_cmake'
[0.877s] INFO:colcon.colcon_cmake.task.cmake.build:Building CMake package in '/home/tamir/autonomous_robot/autonomous_robot_control'
[0.877s] INFO:colcon.colcon_core.shell:Skip shell extension 'powershell' for command environment: Not usable outside of PowerShell
[0.877s] DEBUG:colcon.colcon_core.shell:Skip shell extension 'dsv' for command environment
[0.895s] DEBUG:colcon.colcon_core.event_handler.log_command:Invoking command in '/home/tamir/autonomous_robot/build/autonomous_robot_control': CMAKE_PREFIX_PATH=/home/tamir/autonomous_robot/install/robot_common_interfaces:/home/tamir/autonomous_robot/install/autonomous_robot_control:/home/tamir/autonomous_robot/install/aws_robomaker_small_warehouse_world:/home/tamir/autonomous_robot/install/autonomous_robot_description:/home/tamir/autonomous_robot/autonomous_robot_description/install/autonomous_robot_description:/home/tamir/ros2_ws/install/my_turtle_interfaces:/home/tamir/ros2_ws/install/my_robot_interfaces:/home/tamir/ros2_ws/install/my_robot_bringup:/home/tamir/ros2_ws/install/my_robot_description:/home/tamir/ros2_ws/install/my_cpp_pkg:/home/tamir/turtlebot3_ws/install/turtlebot3_simulations:/home/tamir/turtlebot3_ws/install/turtlebot3_gazebo:/home/tamir/turtlebot3_ws/install/turtlebot3_fake_node:/home/tamir/install/turtlebot3_simulations:/home/tamir/install/turtlebot3_fake_node:/home/tamir/install/my_turtle_interfaces:/home/tamir/install/my_robot_interfaces:/home/tamir/install/my_robot_bringup:/home/tamir/install/my_robot_description:/home/tamir/install/my_cpp_pkg:/home/tamir/install/mauro_prototype_description:/home/tamir/install/aws_robomaker_small_warehouse_world:/home/tamir/install/autonomous_robot_description:/home/tamir/ros2_ws/install/turtle_spawner:/home/tamir/ros2_ws/install/turtle_controller:/home/tamir/ros2_ws/install/my_py_pkg:/home/tamir/install/turtlebot3_gazebo:/home/tamir/install/turtle_spawner:/home/tamir/install/turtle_controller:/home/tamir/install/my_py_pkg:/opt/ros/humble LD_LIBRARY_PATH=/home/tamir/autonomous_robot/install/robot_common_interfaces/lib:/home/tamir/ros2_ws/install/my_turtle_interfaces/lib:/home/tamir/ros2_ws/install/my_robot_interfaces/lib:/home/tamir/install/my_turtle_interfaces/lib:/home/tamir/install/my_robot_interfaces/lib:/opt/ros/humble/opt/rviz_ogre_vendor/lib:/opt/ros/humble/lib/x86_64-linux-gnu:/opt/ros/humble/lib:/usr/lib/x86_64-linux-gnu/gazebo-11/plugins /usr/bin/cmake --build /home/tamir/autonomous_robot/build/autonomous_robot_control -- -j12 -l12
[0.988s] DEBUG:colcon.colcon_core.event_handler.log_command:Invoked command in '/home/tamir/autonomous_robot/build/autonomous_robot_control' returned '0': CMAKE_PREFIX_PATH=/home/tamir/autonomous_robot/install/robot_common_interfaces:/home/tamir/autonomous_robot/install/autonomous_robot_control:/home/tamir/autonomous_robot/install/aws_robomaker_small_warehouse_world:/home/tamir/autonomous_robot/install/autonomous_robot_description:/home/tamir/autonomous_robot/autonomous_robot_description/install/autonomous_robot_description:/home/tamir/ros2_ws/install/my_turtle_interfaces:/home/tamir/ros2_ws/install/my_robot_interfaces:/home/tamir/ros2_ws/install/my_robot_bringup:/home/tamir/ros2_ws/install/my_robot_description:/home/tamir/ros2_ws/install/my_cpp_pkg:/home/tamir/turtlebot3_ws/install/turtlebot3_simulations:/home/tamir/turtlebot3_ws/install/turtlebot3_gazebo:/home/tamir/turtlebot3_ws/install/turtlebot3_fake_node:/home/tamir/install/turtlebot3_simulations:/home/tamir/install/turtlebot3_fake_node:/home/tamir/install/my_turtle_interfaces:/home/tamir/install/my_robot_interfaces:/home/tamir/install/my_robot_bringup:/home/tamir/install/my_robot_description:/home/tamir/install/my_cpp_pkg:/home/tamir/install/mauro_prototype_description:/home/tamir/install/aws_robomaker_small_warehouse_world:/home/tamir/install/autonomous_robot_description:/home/tamir/ros2_ws/install/turtle_spawner:/home/tamir/ros2_ws/install/turtle_controller:/home/tamir/ros2_ws/install/my_py_pkg:/home/tamir/install/turtlebot3_gazebo:/home/tamir/install/turtle_spawner:/home/tamir/install/turtle_controller:/home/tamir/install/my_py_pkg:/opt/ros/humble LD_LIBRARY_PATH=/home/tamir/autonomous_robot/install/robot_common_interfaces/lib:/home/tamir/ros2_ws/install/my_turtle_interfaces/lib:/home/tamir/ros2_ws/install/my_robot_interfaces/lib:/home/tamir/install/my_turtle_interfaces/lib:/home/tamir/install/my_robot_interfaces/lib:/opt/ros/humble/opt/rviz_ogre_vendor/lib:/opt/ros/humble/lib/x86_64-linux-gnu:/opt/ros/humble/lib:/usr/lib/x86_64-linux-gnu/gazebo-11/plugins /usr/bin/cmake --build /home/tamir/autonomous_robot/build/autonomous_robot_control -- -j12 -l12
[1.031s] DEBUG:colcon.colcon_core.event_handler.log_command:Invoking command in '/home/tamir/autonomous_robot/build/autonomous_robot_control': CMAKE_PREFIX_PATH=/home/tamir/autonomous_robot/install/robot_common_interfaces:/home/tamir/autonomous_robot/install/autonomous_robot_control:/home/tamir/autonomous_robot/install/aws_robomaker_small_warehouse_world:/home/tamir/autonomous_robot/install/autonomous_robot_description:/home/tamir/autonomous_robot/autonomous_robot_description/install/autonomous_robot_description:/home/tamir/ros2_ws/install/my_turtle_interfaces:/home/tamir/ros2_ws/install/my_robot_interfaces:/home/tamir/ros2_ws/install/my_robot_bringup:/home/tamir/ros2_ws/install/my_robot_description:/home/tamir/ros2_ws/install/my_cpp_pkg:/home/tamir/turtlebot3_ws/install/turtlebot3_simulations:/home/tamir/turtlebot3_ws/install/turtlebot3_gazebo:/home/tamir/turtlebot3_ws/install/turtlebot3_fake_node:/home/tamir/install/turtlebot3_simulations:/home/tamir/install/turtlebot3_fake_node:/home/tamir/install/my_turtle_interfaces:/home/tamir/install/my_robot_interfaces:/home/tamir/install/my_robot_bringup:/home/tamir/install/my_robot_description:/home/tamir/install/my_cpp_pkg:/home/tamir/install/mauro_prototype_description:/home/tamir/install/aws_robomaker_small_warehouse_world:/home/tamir/install/autonomous_robot_description:/home/tamir/ros2_ws/install/turtle_spawner:/home/tamir/ros2_ws/install/turtle_controller:/home/tamir/ros2_ws/install/my_py_pkg:/home/tamir/install/turtlebot3_gazebo:/home/tamir/install/turtle_spawner:/home/tamir/install/turtle_controller:/home/tamir/install/my_py_pkg:/opt/ros/humble LD_LIBRARY_PATH=/home/tamir/autonomous_robot/install/robot_common_interfaces/lib:/home/tamir/ros2_ws/install/my_turtle_interfaces/lib:/home/tamir/ros2_ws/install/my_robot_interfaces/lib:/home/tamir/install/my_turtle_interfaces/lib:/home/tamir/install/my_robot_interfaces/lib:/opt/ros/humble/opt/rviz_ogre_vendor/lib:/opt/ros/humble/lib/x86_64-linux-gnu:/opt/ros/humble/lib:/usr/lib/x86_64-linux-gnu/gazebo-11/plugins /usr/bin/cmake --install /home/tamir/autonomous_robot/build/autonomous_robot_control
[1.043s] Level 1:colcon.colcon_core.environment:create_environment_scripts_only(autonomous_robot_control)
[1.043s] Level 1:colcon.colcon_core.environment:checking '/home/tamir/autonomous_robot/install/autonomous_robot_control' for CMake module files
[1.043s] DEBUG:colcon.colcon_core.event_handler.log_command:Invoked command in '/home/tamir/autonomous_robot/build/autonomous_robot_control' returned '0': CMAKE_PREFIX_PATH=/home/tamir/autonomous_robot/install/robot_common_interfaces:/home/tamir/autonomous_robot/install/autonomous_robot_control:/home/tamir/autonomous_robot/install/aws_robomaker_small_warehouse_world:/home/tamir/autonomous_robot/install/autonomous_robot_description:/home/tamir/autonomous_robot/autonomous_robot_description/install/autonomous_robot_description:/home/tamir/ros2_ws/install/my_turtle_interfaces:/home/tamir/ros2_ws/install/my_robot_interfaces:/home/tamir/ros2_ws/install/my_robot_bringup:/home/tamir/ros2_ws/install/my_robot_description:/home/tamir/ros2_ws/install/my_cpp_pkg:/home/tamir/turtlebot3_ws/install/turtlebot3_simulations:/home/tamir/turtlebot3_ws/install/turtlebot3_gazebo:/home/tamir/turtlebot3_ws/install/turtlebot3_fake_node:/home/tamir/install/turtlebot3_simulations:/home/tamir/install/turtlebot3_fake_node:/home/tamir/install/my_turtle_interfaces:/home/tamir/install/my_robot_interfaces:/home/tamir/install/my_robot_bringup:/home/tamir/install/my_robot_description:/home/tamir/install/my_cpp_pkg:/home/tamir/install/mauro_prototype_description:/home/tamir/install/aws_robomaker_small_warehouse_world:/home/tamir/install/autonomous_robot_description:/home/tamir/ros2_ws/install/turtle_spawner:/home/tamir/ros2_ws/install/turtle_controller:/home/tamir/ros2_ws/install/my_py_pkg:/home/tamir/install/turtlebot3_gazebo:/home/tamir/install/turtle_spawner:/home/tamir/install/turtle_controller:/home/tamir/install/my_py_pkg:/opt/ros/humble LD_LIBRARY_PATH=/home/tamir/autonomous_robot/install/robot_common_interfaces/lib:/home/tamir/ros2_ws/install/my_turtle_interfaces/lib:/home/tamir/ros2_ws/install/my_robot_interfaces/lib:/home/tamir/install/my_turtle_interfaces/lib:/home/tamir/install/my_robot_interfaces/lib:/opt/ros/humble/opt/rviz_ogre_vendor/lib:/opt/ros/humble/lib/x86_64-linux-gnu:/opt/ros/humble/lib:/usr/lib/x86_64-linux-gnu/gazebo-11/plugins /usr/bin/cmake --install /home/tamir/autonomous_robot/build/autonomous_robot_control
[1.044s] Level 1:colcon.colcon_core.environment:checking '/home/tamir/autonomous_robot/install/autonomous_robot_control' for CMake config files
[1.044s] Level 1:colcon.colcon_core.shell:create_environment_hook('autonomous_robot_control', 'cmake_prefix_path')
[1.044s] INFO:colcon.colcon_core.shell:Creating environment hook '/home/tamir/autonomous_robot/install/autonomous_robot_control/share/autonomous_robot_control/hook/cmake_prefix_path.ps1'
[1.045s] INFO:colcon.colcon_core.shell:Creating environment descriptor '/home/tamir/autonomous_robot/install/autonomous_robot_control/share/autonomous_robot_control/hook/cmake_prefix_path.dsv'
[1.045s] INFO:colcon.colcon_core.shell:Creating environment hook '/home/tamir/autonomous_robot/install/autonomous_robot_control/share/autonomous_robot_control/hook/cmake_prefix_path.sh'
[1.046s] Level 1:colcon.colcon_core.environment:checking '/home/tamir/autonomous_robot/install/autonomous_robot_control/lib'
[1.046s] Level 1:colcon.colcon_core.environment:checking '/home/tamir/autonomous_robot/install/autonomous_robot_control/bin'
[1.046s] Level 1:colcon.colcon_core.environment:checking '/home/tamir/autonomous_robot/install/autonomous_robot_control/lib/pkgconfig/autonomous_robot_control.pc'
[1.046s] Level 1:colcon.colcon_core.environment:checking '/home/tamir/autonomous_robot/install/autonomous_robot_control/lib/python3.10/site-packages'
[1.046s] Level 1:colcon.colcon_core.environment:checking '/home/tamir/autonomous_robot/install/autonomous_robot_control/bin'
[1.047s] INFO:colcon.colcon_core.shell:Creating package script '/home/tamir/autonomous_robot/install/autonomous_robot_control/share/autonomous_robot_control/package.ps1'
[1.047s] INFO:colcon.colcon_core.shell:Creating package descriptor '/home/tamir/autonomous_robot/install/autonomous_robot_control/share/autonomous_robot_control/package.dsv'
[1.047s] INFO:colcon.colcon_core.shell:Creating package script '/home/tamir/autonomous_robot/install/autonomous_robot_control/share/autonomous_robot_control/package.sh'
[1.047s] INFO:colcon.colcon_core.shell:Creating package script '/home/tamir/autonomous_robot/install/autonomous_robot_control/share/autonomous_robot_control/package.bash'
[1.047s] INFO:colcon.colcon_core.shell:Creating package script '/home/tamir/autonomous_robot/install/autonomous_robot_control/share/autonomous_robot_control/package.zsh'
[1.048s] Level 1:colcon.colcon_core.environment:create_file_with_runtime_dependencies(/home/tamir/autonomous_robot/install/autonomous_robot_control/share/colcon-core/packages/autonomous_robot_control)
[1.078s] Level 1:colcon.colcon_core.environment:create_environment_scripts_only(autonomous_robot_control)
[1.078s] Level 1:colcon.colcon_core.environment:checking '/home/tamir/autonomous_robot/install/autonomous_robot_control' for CMake module files
[1.078s] Level 1:colcon.colcon_core.environment:checking '/home/tamir/autonomous_robot/install/autonomous_robot_control' for CMake config files
[1.079s] Level 1:colcon.colcon_core.shell:create_environment_hook('autonomous_robot_control', 'cmake_prefix_path')
[1.079s] INFO:colcon.colcon_core.shell:Creating environment hook '/home/tamir/autonomous_robot/install/autonomous_robot_control/share/autonomous_robot_control/hook/cmake_prefix_path.ps1'
[1.079s] INFO:colcon.colcon_core.shell:Creating environment descriptor '/home/tamir/autonomous_robot/install/autonomous_robot_control/share/autonomous_robot_control/hook/cmake_prefix_path.dsv'
[1.079s] INFO:colcon.colcon_core.shell:Creating environment hook '/home/tamir/autonomous_robot/install/autonomous_robot_control/share/autonomous_robot_control/hook/cmake_prefix_path.sh'
[1.080s] Level 1:colcon.colcon_core.environment:checking '/home/tamir/autonomous_robot/install/autonomous_robot_control/lib'
[1.080s] Level 1:colcon.colcon_core.environment:checking '/home/tamir/autonomous_robot/install/autonomous_robot_control/bin'
[1.080s] Level 1:colcon.colcon_core.environment:checking '/home/tamir/autonomous_robot/install/autonomous_robot_control/lib/pkgconfig/autonomous_robot_control.pc'
[1.080s] Level 1:colcon.colcon_core.environment:checking '/home/tamir/autonomous_robot/install/autonomous_robot_control/lib/python3.10/site-packages'
[1.080s] Level 1:colcon.colcon_core.environment:checking '/home/tamir/autonomous_robot/install/autonomous_robot_control/bin'
[1.080s] INFO:colcon.colcon_core.shell:Creating package script '/home/tamir/autonomous_robot/install/autonomous_robot_control/share/autonomous_robot_control/package.ps1'
[1.081s] INFO:colcon.colcon_core.shell:Creating package descriptor '/home/tamir/autonomous_robot/install/autonomous_robot_control/share/autonomous_robot_control/package.dsv'
[1.082s] INFO:colcon.colcon_core.shell:Creating package script '/home/tamir/autonomous_robot/install/autonomous_robot_control/share/autonomous_robot_control/package.sh'
[1.083s] INFO:colcon.colcon_core.shell:Creating package script '/home/tamir/autonomous_robot/install/autonomous_robot_control/share/autonomous_robot_control/package.bash'
[1.083s] INFO:colcon.colcon_core.shell:Creating package script '/home/tamir/autonomous_robot/install/autonomous_robot_control/share/autonomous_robot_control/package.zsh'
[1.084s] Level 1:colcon.colcon_core.environment:create_file_with_runtime_dependencies(/home/tamir/autonomous_robot/install/autonomous_robot_control/share/colcon-core/packages/autonomous_robot_control)
[1.085s] DEBUG:colcon.colcon_parallel_executor.executor.parallel:closing loop
[1.085s] DEBUG:colcon.colcon_parallel_executor.executor.parallel:loop closed
[1.086s] DEBUG:colcon.colcon_parallel_executor.executor.parallel:run_until_complete finished with '0'
[1.086s] DEBUG:colcon.colcon_core.event_reactor:joining thread
[1.092s] INFO:colcon.colcon_core.plugin_system:Skipping extension 'colcon_notification.desktop_notification.terminal_notifier': Not used on non-Darwin systems
[1.093s] INFO:colcon.colcon_core.plugin_system:Skipping extension 'colcon_notification.desktop_notification.win32': Not used on non-Windows systems
[1.093s] INFO:colcon.colcon_notification.desktop_notification:Sending desktop notification using 'notify2'
[1.104s] DEBUG:colcon.colcon_core.event_reactor:joined thread
[1.104s] INFO:colcon.colcon_core.shell:Creating prefix script '/home/tamir/autonomous_robot/install/local_setup.ps1'
[1.105s] INFO:colcon.colcon_core.shell:Creating prefix util module '/home/tamir/autonomous_robot/install/_local_setup_util_ps1.py'
[1.106s] INFO:colcon.colcon_core.shell:Creating prefix chain script '/home/tamir/autonomous_robot/install/setup.ps1'
[1.107s] INFO:colcon.colcon_core.shell:Creating prefix script '/home/tamir/autonomous_robot/install/local_setup.sh'
[1.108s] INFO:colcon.colcon_core.shell:Creating prefix util module '/home/tamir/autonomous_robot/install/_local_setup_util_sh.py'
[1.108s] INFO:colcon.colcon_core.shell:Creating prefix chain script '/home/tamir/autonomous_robot/install/setup.sh'
[1.109s] INFO:colcon.colcon_core.shell:Creating prefix script '/home/tamir/autonomous_robot/install/local_setup.bash'
[1.109s] INFO:colcon.colcon_core.shell:Creating prefix chain script '/home/tamir/autonomous_robot/install/setup.bash'
[1.110s] INFO:colcon.colcon_core.shell:Creating prefix script '/home/tamir/autonomous_robot/install/local_setup.zsh'
[1.110s] INFO:colcon.colcon_core.shell:Creating prefix chain script '/home/tamir/autonomous_robot/install/setup.zsh'
