[0.008s] Invoking command in '/home/tamir/autonomous_robot/sensors_package/src/build/mpu6050driver': CMAKE_PREFIX_PATH=${CMAKE_PREFIX_PATH}:/home/tamir/ros2_ws/install/turtle_spawner:/home/tamir/ros2_ws/install/turtle_controller:/home/tamir/ros2_ws/install/my_py_pkg:/home/tamir/install/calc_odom:/opt/ros/humble /usr/bin/cmake /home/tamir/autonomous_robot/sensors_package/src/ros2_mpu6050_driver -DCMAKE_INSTALL_PREFIX=/home/tamir/autonomous_robot/sensors_package/src/install/mpu6050driver
[0.054s] -- The C compiler identification is GNU 11.4.0
[0.099s] -- The CXX compiler identification is GNU 11.4.0
[0.104s] -- Detecting C compiler ABI info
[0.175s] -- Detecting C compiler ABI info - done
[0.187s] -- Check for working C compiler: /usr/bin/cc - skipped
[0.187s] -- Detecting C compile features
[0.187s] -- Detecting C compile features - done
[0.190s] -- Detecting CXX compiler ABI info
[0.267s] -- Detecting CXX compiler ABI info - done
[0.277s] -- Check for working CXX compiler: /usr/bin/c++ - skipped
[0.277s] -- Detecting CXX compile features
[0.278s] -- Detecting CXX compile features - done
[0.280s] -- Found ament_cmake: 1.3.10 (/opt/ros/humble/share/ament_cmake/cmake)
[0.402s] -- Found Python3: /usr/bin/python3 (found version "3.10.12") found components: Interpreter 
[0.475s] -- Found rclcpp: 16.0.10 (/opt/ros/humble/share/rclcpp/cmake)
[0.509s] -- Found rosidl_generator_c: 3.1.5 (/opt/ros/humble/share/rosidl_generator_c/cmake)
[0.513s] -- Found rosidl_adapter: 3.1.5 (/opt/ros/humble/share/rosidl_adapter/cmake)
[0.520s] -- Found rosidl_generator_cpp: 3.1.5 (/opt/ros/humble/share/rosidl_generator_cpp/cmake)
[0.529s] -- Using all available rosidl_typesupport_c: rosidl_typesupport_fastrtps_c;rosidl_typesupport_introspection_c
[0.542s] -- Using all available rosidl_typesupport_cpp: rosidl_typesupport_fastrtps_cpp;rosidl_typesupport_introspection_cpp
[0.577s] -- Found rmw_implementation_cmake: 6.1.2 (/opt/ros/humble/share/rmw_implementation_cmake/cmake)
[0.580s] -- Found rmw_cyclonedds_cpp: 1.3.4 (/opt/ros/humble/share/rmw_cyclonedds_cpp/cmake)
[0.598s] -- Using RMW implementation 'rmw_cyclonedds_cpp' as default
[0.605s] -- Looking for pthread.h
[0.664s] -- Looking for pthread.h - found
[0.664s] -- Performing Test CMAKE_HAVE_LIBC_PTHREAD
[0.730s] -- Performing Test CMAKE_HAVE_LIBC_PTHREAD - Success
[0.731s] -- Found Threads: TRUE  
[0.767s] -- Found sensor_msgs: 4.2.4 (/opt/ros/humble/share/sensor_msgs/cmake)
[0.838s] -- Configuring done
[0.843s] -- Generating done
[0.844s] -- Build files have been written to: /home/tamir/autonomous_robot/sensors_package/src/build/mpu6050driver
[0.849s] Invoked command in '/home/tamir/autonomous_robot/sensors_package/src/build/mpu6050driver' returned '0': CMAKE_PREFIX_PATH=${CMAKE_PREFIX_PATH}:/home/tamir/ros2_ws/install/turtle_spawner:/home/tamir/ros2_ws/install/turtle_controller:/home/tamir/ros2_ws/install/my_py_pkg:/home/tamir/install/calc_odom:/opt/ros/humble /usr/bin/cmake /home/tamir/autonomous_robot/sensors_package/src/ros2_mpu6050_driver -DCMAKE_INSTALL_PREFIX=/home/tamir/autonomous_robot/sensors_package/src/install/mpu6050driver
[0.851s] Invoking command in '/home/tamir/autonomous_robot/sensors_package/src/build/mpu6050driver': CMAKE_PREFIX_PATH=${CMAKE_PREFIX_PATH}:/home/tamir/ros2_ws/install/turtle_spawner:/home/tamir/ros2_ws/install/turtle_controller:/home/tamir/ros2_ws/install/my_py_pkg:/home/tamir/install/calc_odom:/opt/ros/humble /usr/bin/cmake --build /home/tamir/autonomous_robot/sensors_package/src/build/mpu6050driver -- -j12 -l12
[0.893s] [ 33%] [32mBuilding CXX object CMakeFiles/mpu6050driver.dir/src/mpu6050sensor.cpp.o[0m
[0.895s] [ 66%] [32mBuilding CXX object CMakeFiles/mpu6050driver.dir/src/mpu6050driver.cpp.o[0m
[4.824s] [100%] [32m[1mLinking CXX executable mpu6050driver[0m
[4.968s] [100%] Built target mpu6050driver
[4.977s] Invoked command in '/home/tamir/autonomous_robot/sensors_package/src/build/mpu6050driver' returned '0': CMAKE_PREFIX_PATH=${CMAKE_PREFIX_PATH}:/home/tamir/ros2_ws/install/turtle_spawner:/home/tamir/ros2_ws/install/turtle_controller:/home/tamir/ros2_ws/install/my_py_pkg:/home/tamir/install/calc_odom:/opt/ros/humble /usr/bin/cmake --build /home/tamir/autonomous_robot/sensors_package/src/build/mpu6050driver -- -j12 -l12
[5.011s] Invoking command in '/home/tamir/autonomous_robot/sensors_package/src/build/mpu6050driver': CMAKE_PREFIX_PATH=${CMAKE_PREFIX_PATH}:/home/tamir/ros2_ws/install/turtle_spawner:/home/tamir/ros2_ws/install/turtle_controller:/home/tamir/ros2_ws/install/my_py_pkg:/home/tamir/install/calc_odom:/opt/ros/humble /usr/bin/cmake --install /home/tamir/autonomous_robot/sensors_package/src/build/mpu6050driver
[5.016s] -- Install configuration: ""
[5.016s] -- Installing: /home/tamir/autonomous_robot/sensors_package/src/install/mpu6050driver/lib/mpu6050driver/mpu6050driver
[5.017s] -- Set runtime path of "/home/tamir/autonomous_robot/sensors_package/src/install/mpu6050driver/lib/mpu6050driver/mpu6050driver" to ""
[5.017s] -- Installing: /home/tamir/autonomous_robot/sensors_package/src/install/mpu6050driver/share/mpu6050driver//launch
[5.017s] -- Installing: /home/tamir/autonomous_robot/sensors_package/src/install/mpu6050driver/share/mpu6050driver//launch/mpu6050driver_launch.py
[5.017s] -- Installing: /home/tamir/autonomous_robot/sensors_package/src/install/mpu6050driver/share/mpu6050driver//params
[5.017s] -- Installing: /home/tamir/autonomous_robot/sensors_package/src/install/mpu6050driver/share/mpu6050driver//params/mpu6050.yaml
[5.017s] -- Installing: /home/tamir/autonomous_robot/sensors_package/src/install/mpu6050driver/share/ament_index/resource_index/package_run_dependencies/mpu6050driver
[5.017s] -- Installing: /home/tamir/autonomous_robot/sensors_package/src/install/mpu6050driver/share/ament_index/resource_index/parent_prefix_path/mpu6050driver
[5.017s] -- Installing: /home/tamir/autonomous_robot/sensors_package/src/install/mpu6050driver/share/mpu6050driver/environment/ament_prefix_path.sh
[5.017s] -- Installing: /home/tamir/autonomous_robot/sensors_package/src/install/mpu6050driver/share/mpu6050driver/environment/ament_prefix_path.dsv
[5.017s] -- Installing: /home/tamir/autonomous_robot/sensors_package/src/install/mpu6050driver/share/mpu6050driver/environment/path.sh
[5.017s] -- Installing: /home/tamir/autonomous_robot/sensors_package/src/install/mpu6050driver/share/mpu6050driver/environment/path.dsv
[5.017s] -- Installing: /home/tamir/autonomous_robot/sensors_package/src/install/mpu6050driver/share/mpu6050driver/local_setup.bash
[5.017s] -- Installing: /home/tamir/autonomous_robot/sensors_package/src/install/mpu6050driver/share/mpu6050driver/local_setup.sh
[5.017s] -- Installing: /home/tamir/autonomous_robot/sensors_package/src/install/mpu6050driver/share/mpu6050driver/local_setup.zsh
[5.017s] -- Installing: /home/tamir/autonomous_robot/sensors_package/src/install/mpu6050driver/share/mpu6050driver/local_setup.dsv
[5.017s] -- Installing: /home/tamir/autonomous_robot/sensors_package/src/install/mpu6050driver/share/mpu6050driver/package.dsv
[5.017s] -- Installing: /home/tamir/autonomous_robot/sensors_package/src/install/mpu6050driver/share/ament_index/resource_index/packages/mpu6050driver
[5.017s] -- Installing: /home/tamir/autonomous_robot/sensors_package/src/install/mpu6050driver/share/mpu6050driver/cmake/mpu6050driverConfig.cmake
[5.017s] -- Installing: /home/tamir/autonomous_robot/sensors_package/src/install/mpu6050driver/share/mpu6050driver/cmake/mpu6050driverConfig-version.cmake
[5.017s] -- Installing: /home/tamir/autonomous_robot/sensors_package/src/install/mpu6050driver/share/mpu6050driver/package.xml
[5.019s] Invoked command in '/home/tamir/autonomous_robot/sensors_package/src/build/mpu6050driver' returned '0': CMAKE_PREFIX_PATH=${CMAKE_PREFIX_PATH}:/home/tamir/ros2_ws/install/turtle_spawner:/home/tamir/ros2_ws/install/turtle_controller:/home/tamir/ros2_ws/install/my_py_pkg:/home/tamir/install/calc_odom:/opt/ros/humble /usr/bin/cmake --install /home/tamir/autonomous_robot/sensors_package/src/build/mpu6050driver
