[0.812s] Invoking command in '/home/tamir/autonomous_robot/autonomous_robot_control/src/calc_odom': PYTHONPATH=/home/tamir/autonomous_robot/autonomous_robot_control/build/calc_odom/prefix_override:/usr/lib/python3/dist-packages/colcon_core/task/python/colcon_distutils_commands:/home/tamir/autonomous_robot/autonomous_robot_control/install/calc_odom/lib/python3.10/site-packages:${PYTHONPATH} /usr/bin/python3 -W ignore:setup.py install is deprecated -W ignore:easy_install command is deprecated setup.py egg_info --egg-base ../../build/calc_odom build --build-base /home/tamir/autonomous_robot/autonomous_robot_control/build/calc_odom/build install --record /home/tamir/autonomous_robot/autonomous_robot_control/build/calc_odom/install.log --single-version-externally-managed install_data
[0.992s] running egg_info
[0.992s] writing ../../build/calc_odom/calc_odom.egg-info/PKG-INFO
[0.993s] writing dependency_links to ../../build/calc_odom/calc_odom.egg-info/dependency_links.txt
[0.993s] writing entry points to ../../build/calc_odom/calc_odom.egg-info/entry_points.txt
[0.993s] writing requirements to ../../build/calc_odom/calc_odom.egg-info/requires.txt
[0.993s] writing top-level names to ../../build/calc_odom/calc_odom.egg-info/top_level.txt
[0.994s] reading manifest file '../../build/calc_odom/calc_odom.egg-info/SOURCES.txt'
[1.002s] writing manifest file '../../build/calc_odom/calc_odom.egg-info/SOURCES.txt'
[1.002s] running build
[1.002s] running build_py
[1.002s] running install
[1.002s] running install_lib
[1.003s] running install_data
[1.003s] running install_egg_info
[1.005s] removing '/home/tamir/autonomous_robot/autonomous_robot_control/install/calc_odom/lib/python3.10/site-packages/calc_odom-0.0.0-py3.10.egg-info' (and everything under it)
[1.005s] Copying ../../build/calc_odom/calc_odom.egg-info to /home/tamir/autonomous_robot/autonomous_robot_control/install/calc_odom/lib/python3.10/site-packages/calc_odom-0.0.0-py3.10.egg-info
[1.005s] running install_scripts
[1.020s] Installing cartographer_odom script to /home/tamir/autonomous_robot/autonomous_robot_control/install/calc_odom/lib/calc_odom
[1.020s] Installing encoder_odom script to /home/tamir/autonomous_robot/autonomous_robot_control/install/calc_odom/lib/calc_odom
[1.020s] writing list of installed files to '/home/tamir/autonomous_robot/autonomous_robot_control/build/calc_odom/install.log'
[1.051s] Invoked command in '/home/tamir/autonomous_robot/autonomous_robot_control/src/calc_odom' returned '0': PYTHONPATH=/home/tamir/autonomous_robot/autonomous_robot_control/build/calc_odom/prefix_override:/usr/lib/python3/dist-packages/colcon_core/task/python/colcon_distutils_commands:/home/tamir/autonomous_robot/autonomous_robot_control/install/calc_odom/lib/python3.10/site-packages:${PYTHONPATH} /usr/bin/python3 -W ignore:setup.py install is deprecated -W ignore:easy_install command is deprecated setup.py egg_info --egg-base ../../build/calc_odom build --build-base /home/tamir/autonomous_robot/autonomous_robot_control/build/calc_odom/build install --record /home/tamir/autonomous_robot/autonomous_robot_control/build/calc_odom/install.log --single-version-externally-managed install_data
