[ 33%] Built target joystick
[ 50%] [32mBuilding CXX object CMakeFiles/teleop_joy_node.dir/src/teleop_joy_node.cpp.o[0m
[35m[1mConsolidate compiler generated dependencies of target prototype_joy_driver[0m
[ 83%] Built target prototype_joy_driver
[100%] [32m[1mLinking CXX executable teleop_joy_node[0m
[100%] Built target teleop_joy_node
-- Install configuration: ""
-- Installing: /home/tamir/autonomous_robot/autonomous_robot_control/install/joystick/lib/joystick/teleop_joy_node
-- Set runtime path of "/home/tamir/autonomous_robot/autonomous_robot_control/install/joystick/lib/joystick/teleop_joy_node" to ""
-- Up-to-date: /home/tamir/autonomous_robot/autonomous_robot_control/install/joystick/lib/joystick/prototype_joy_driver
-- Up-to-date: /home/tamir/autonomous_robot/autonomous_robot_control/install/joystick/include/joystick
-- Up-to-date: /home/tamir/autonomous_robot/autonomous_robot_control/install/joystick/include/joystick/joystick
-- Up-to-date: /home/tamir/autonomous_robot/autonomous_robot_control/install/joystick/include/joystick/joystick/joy_compute_control.hpp
-- Up-to-date: /home/tamir/autonomous_robot/autonomous_robot_control/install/joystick/share/joystick//launch
-- Up-to-date: /home/tamir/autonomous_robot/autonomous_robot_control/install/joystick/share/joystick//launch/joystick.launch.py
-- Up-to-date: /home/tamir/autonomous_robot/autonomous_robot_control/install/joystick/share/ament_index/resource_index/package_run_dependencies/joystick
-- Up-to-date: /home/tamir/autonomous_robot/autonomous_robot_control/install/joystick/share/ament_index/resource_index/parent_prefix_path/joystick
-- Up-to-date: /home/tamir/autonomous_robot/autonomous_robot_control/install/joystick/share/joystick/environment/ament_prefix_path.sh
-- Up-to-date: /home/tamir/autonomous_robot/autonomous_robot_control/install/joystick/share/joystick/environment/ament_prefix_path.dsv
-- Up-to-date: /home/tamir/autonomous_robot/autonomous_robot_control/install/joystick/share/joystick/environment/path.sh
-- Up-to-date: /home/tamir/autonomous_robot/autonomous_robot_control/install/joystick/share/joystick/environment/path.dsv
-- Up-to-date: /home/tamir/autonomous_robot/autonomous_robot_control/install/joystick/share/joystick/local_setup.bash
-- Up-to-date: /home/tamir/autonomous_robot/autonomous_robot_control/install/joystick/share/joystick/local_setup.sh
-- Up-to-date: /home/tamir/autonomous_robot/autonomous_robot_control/install/joystick/share/joystick/local_setup.zsh
-- Up-to-date: /home/tamir/autonomous_robot/autonomous_robot_control/install/joystick/share/joystick/local_setup.dsv
-- Installing: /home/tamir/autonomous_robot/autonomous_robot_control/install/joystick/share/joystick/package.dsv
-- Up-to-date: /home/tamir/autonomous_robot/autonomous_robot_control/install/joystick/share/ament_index/resource_index/packages/joystick
-- Up-to-date: /home/tamir/autonomous_robot/autonomous_robot_control/install/joystick/share/joystick/cmake/joystickConfig.cmake
-- Up-to-date: /home/tamir/autonomous_robot/autonomous_robot_control/install/joystick/share/joystick/cmake/joystickConfig-version.cmake
-- Up-to-date: /home/tamir/autonomous_robot/autonomous_robot_control/install/joystick/share/joystick/package.xml
