[0.057s] Invoking command in '/home/tamir/autonomous_robot/build/autonomous_robot_description': CMAKE_PREFIX_PATH=${CMAKE_PREFIX_PATH}:/home/tamir/autonomous_robot/install/calc_odom:/home/tamir/autonomous_robot/install/control_hardware:/home/tamir/autonomous_robot/autonomous_robot_control/install/control_hardware:/home/tamir/autonomous_robot/autonomous_robot_control/install/calc_odom:/home/tamir/ros2_ws/install/turtle_spawner:/home/tamir/ros2_ws/install/turtle_controller:/home/tamir/ros2_ws/install/my_py_pkg:/opt/ros/humble /usr/bin/cmake --build /home/tamir/autonomous_robot/build/autonomous_robot_description -- -j12 -l12
[1.024s] Invoked command in '/home/tamir/autonomous_robot/build/autonomous_robot_description' returned '0': CMAKE_PREFIX_PATH=${CMAKE_PREFIX_PATH}:/home/tamir/autonomous_robot/install/calc_odom:/home/tamir/autonomous_robot/install/control_hardware:/home/tamir/autonomous_robot/autonomous_robot_control/install/control_hardware:/home/tamir/autonomous_robot/autonomous_robot_control/install/calc_odom:/home/tamir/ros2_ws/install/turtle_spawner:/home/tamir/ros2_ws/install/turtle_controller:/home/tamir/ros2_ws/install/my_py_pkg:/opt/ros/humble /usr/bin/cmake --build /home/tamir/autonomous_robot/build/autonomous_robot_description -- -j12 -l12
[1.142s] Invoking command in '/home/tamir/autonomous_robot/build/autonomous_robot_description': CMAKE_PREFIX_PATH=${CMAKE_PREFIX_PATH}:/home/tamir/autonomous_robot/install/calc_odom:/home/tamir/autonomous_robot/install/control_hardware:/home/tamir/autonomous_robot/autonomous_robot_control/install/control_hardware:/home/tamir/autonomous_robot/autonomous_robot_control/install/calc_odom:/home/tamir/ros2_ws/install/turtle_spawner:/home/tamir/ros2_ws/install/turtle_controller:/home/tamir/ros2_ws/install/my_py_pkg:/opt/ros/humble /usr/bin/cmake --install /home/tamir/autonomous_robot/build/autonomous_robot_description
[1.185s] -- Install configuration: ""
[1.188s] -- Up-to-date: /home/tamir/autonomous_robot/install/autonomous_robot_description/share/autonomous_robot_description//config
[1.191s] -- Up-to-date: /home/tamir/autonomous_robot/install/autonomous_robot_description/share/autonomous_robot_description//config/joint_controller.yaml
[1.191s] -- Up-to-date: /home/tamir/autonomous_robot/install/autonomous_robot_description/share/autonomous_robot_description//config/mapper_params_online_async.yaml
[1.191s] -- Up-to-date: /home/tamir/autonomous_robot/install/autonomous_robot_description/share/autonomous_robot_description//config/nav2_params.yaml
[1.191s] -- Up-to-date: /home/tamir/autonomous_robot/install/autonomous_robot_description/share/autonomous_robot_description//config/joystick.yaml
[1.193s] -- Installing: /home/tamir/autonomous_robot/install/autonomous_robot_description/share/autonomous_robot_description//config/my_robot.lua
[1.193s] -- Up-to-date: /home/tamir/autonomous_robot/install/autonomous_robot_description/share/autonomous_robot_description//config/nav2_cart_params.yaml
[1.195s] -- Up-to-date: /home/tamir/autonomous_robot/install/autonomous_robot_description/share/autonomous_robot_description//config/twist_mux.yaml
[1.196s] -- Up-to-date: /home/tamir/autonomous_robot/install/autonomous_robot_description/share/autonomous_robot_description//config/ekf.yaml
[1.196s] -- Up-to-date: /home/tamir/autonomous_robot/install/autonomous_robot_description/share/autonomous_robot_description//launch
[1.196s] -- Up-to-date: /home/tamir/autonomous_robot/install/autonomous_robot_description/share/autonomous_robot_description//launch/__pycache__
[1.196s] -- Up-to-date: /home/tamir/autonomous_robot/install/autonomous_robot_description/share/autonomous_robot_description//launch/__pycache__/navigation_cartographer.cpython-310.pyc
[1.196s] -- Up-to-date: /home/tamir/autonomous_robot/install/autonomous_robot_description/share/autonomous_robot_description//launch/sim_gazebo.launch.py
[1.196s] -- Installing: /home/tamir/autonomous_robot/install/autonomous_robot_description/share/autonomous_robot_description//launch/navigation_launch.py
[1.197s] -- Up-to-date: /home/tamir/autonomous_robot/install/autonomous_robot_description/share/autonomous_robot_description//launch/build
[1.198s] -- Up-to-date: /home/tamir/autonomous_robot/install/autonomous_robot_description/share/autonomous_robot_description//launch/build/COLCON_IGNORE
[1.198s] -- Up-to-date: /home/tamir/autonomous_robot/install/autonomous_robot_description/share/autonomous_robot_description//launch/build/.built_by
[1.198s] -- Up-to-date: /home/tamir/autonomous_robot/install/autonomous_robot_description/share/autonomous_robot_description//launch/online_async_launch.py
[1.198s] -- Up-to-date: /home/tamir/autonomous_robot/install/autonomous_robot_description/share/autonomous_robot_description//launch/occupancy_grid.launch.py
[1.198s] -- Up-to-date: /home/tamir/autonomous_robot/install/autonomous_robot_description/share/autonomous_robot_description//launch/localization_AMCL_launch.py
[1.198s] -- Up-to-date: /home/tamir/autonomous_robot/install/autonomous_robot_description/share/autonomous_robot_description//launch/log
[1.198s] -- Up-to-date: /home/tamir/autonomous_robot/install/autonomous_robot_description/share/autonomous_robot_description//launch/log/build_2024-12-11_18-41-05
[1.198s] -- Up-to-date: /home/tamir/autonomous_robot/install/autonomous_robot_description/share/autonomous_robot_description//launch/log/build_2024-12-11_18-41-05/events.log
[1.198s] -- Up-to-date: /home/tamir/autonomous_robot/install/autonomous_robot_description/share/autonomous_robot_description//launch/log/build_2024-12-11_18-41-05/logger_all.log
[1.198s] -- Up-to-date: /home/tamir/autonomous_robot/install/autonomous_robot_description/share/autonomous_robot_description//launch/log/COLCON_IGNORE
[1.199s] -- Up-to-date: /home/tamir/autonomous_robot/install/autonomous_robot_description/share/autonomous_robot_description//launch/log/latest
[1.199s] -- Up-to-date: /home/tamir/autonomous_robot/install/autonomous_robot_description/share/autonomous_robot_description//launch/log/latest_build
[1.199s] -- Up-to-date: /home/tamir/autonomous_robot/install/autonomous_robot_description/share/autonomous_robot_description//launch/localization_cartographer.launch.py
[1.199s] -- Up-to-date: /home/tamir/autonomous_robot/install/autonomous_robot_description/share/autonomous_robot_description//launch/real_robot.launch.py
[1.199s] -- Up-to-date: /home/tamir/autonomous_robot/install/autonomous_robot_description/share/autonomous_robot_description//launch/cartographer.launch.py
[1.199s] -- Up-to-date: /home/tamir/autonomous_robot/install/autonomous_robot_description/share/autonomous_robot_description//launch/cartographer_navigation.launch.py
[1.199s] -- Up-to-date: /home/tamir/autonomous_robot/install/autonomous_robot_description/share/autonomous_robot_description//launch/install
[1.199s] -- Up-to-date: /home/tamir/autonomous_robot/install/autonomous_robot_description/share/autonomous_robot_description//launch/install/setup.ps1
[1.199s] -- Up-to-date: /home/tamir/autonomous_robot/install/autonomous_robot_description/share/autonomous_robot_description//launch/install/setup.zsh
[1.199s] -- Up-to-date: /home/tamir/autonomous_robot/install/autonomous_robot_description/share/autonomous_robot_description//launch/install/local_setup.sh
[1.199s] -- Up-to-date: /home/tamir/autonomous_robot/install/autonomous_robot_description/share/autonomous_robot_description//launch/install/_local_setup_util_ps1.py
[1.199s] -- Up-to-date: /home/tamir/autonomous_robot/install/autonomous_robot_description/share/autonomous_robot_description//launch/install/COLCON_IGNORE
[1.199s] -- Up-to-date: /home/tamir/autonomous_robot/install/autonomous_robot_description/share/autonomous_robot_description//launch/install/.colcon_install_layout
[1.199s] -- Up-to-date: /home/tamir/autonomous_robot/install/autonomous_robot_description/share/autonomous_robot_description//launch/install/setup.sh
[1.199s] -- Up-to-date: /home/tamir/autonomous_robot/install/autonomous_robot_description/share/autonomous_robot_description//launch/install/setup.bash
[1.199s] -- Up-to-date: /home/tamir/autonomous_robot/install/autonomous_robot_description/share/autonomous_robot_description//launch/install/local_setup.zsh
[1.199s] -- Up-to-date: /home/tamir/autonomous_robot/install/autonomous_robot_description/share/autonomous_robot_description//launch/install/local_setup.ps1
[1.199s] -- Up-to-date: /home/tamir/autonomous_robot/install/autonomous_robot_description/share/autonomous_robot_description//launch/install/local_setup.bash
[1.199s] -- Up-to-date: /home/tamir/autonomous_robot/install/autonomous_robot_description/share/autonomous_robot_description//launch/install/_local_setup_util_sh.py
[1.199s] -- Up-to-date: /home/tamir/autonomous_robot/install/autonomous_robot_description/share/autonomous_robot_description//launch/ekf.launch.py
[1.199s] -- Up-to-date: /home/tamir/autonomous_robot/install/autonomous_robot_description/share/autonomous_robot_description//rviz
[1.200s] -- Up-to-date: /home/tamir/autonomous_robot/install/autonomous_robot_description/share/autonomous_robot_description//rviz/urdf_config.rviz
[1.200s] -- Up-to-date: /home/tamir/autonomous_robot/install/autonomous_robot_description/share/autonomous_robot_description//urdf
[1.200s] -- Up-to-date: /home/tamir/autonomous_robot/install/autonomous_robot_description/share/autonomous_robot_description//urdf/autonomous_robot_gazebo.xacro
[1.200s] -- Up-to-date: /home/tamir/autonomous_robot/install/autonomous_robot_description/share/autonomous_robot_description//urdf/ros2_control.xacro
[1.200s] -- Up-to-date: /home/tamir/autonomous_robot/install/autonomous_robot_description/share/autonomous_robot_description//urdf/lidar.xacro
[1.200s] -- Up-to-date: /home/tamir/autonomous_robot/install/autonomous_robot_description/share/autonomous_robot_description//urdf/autonomous_robot.urdf.xacro
[1.200s] -- Up-to-date: /home/tamir/autonomous_robot/install/autonomous_robot_description/share/autonomous_robot_description//urdf/imu.xacro
[1.200s] -- Up-to-date: /home/tamir/autonomous_robot/install/autonomous_robot_description/share/autonomous_robot_description//urdf/build
[1.200s] -- Up-to-date: /home/tamir/autonomous_robot/install/autonomous_robot_description/share/autonomous_robot_description//urdf/build/COLCON_IGNORE
[1.200s] -- Up-to-date: /home/tamir/autonomous_robot/install/autonomous_robot_description/share/autonomous_robot_description//urdf/build/.built_by
[1.200s] -- Up-to-date: /home/tamir/autonomous_robot/install/autonomous_robot_description/share/autonomous_robot_description//urdf/log
[1.200s] -- Up-to-date: /home/tamir/autonomous_robot/install/autonomous_robot_description/share/autonomous_robot_description//urdf/log/build_2024-10-10_22-18-31
[1.200s] -- Up-to-date: /home/tamir/autonomous_robot/install/autonomous_robot_description/share/autonomous_robot_description//urdf/log/build_2024-10-10_22-18-31/events.log
[1.209s] -- Up-to-date: /home/tamir/autonomous_robot/install/autonomous_robot_description/share/autonomous_robot_description//urdf/log/build_2024-10-10_22-18-31/logger_all.log
[1.210s] -- Up-to-date: /home/tamir/autonomous_robot/install/autonomous_robot_description/share/autonomous_robot_description//urdf/log/COLCON_IGNORE
[1.210s] -- Up-to-date: /home/tamir/autonomous_robot/install/autonomous_robot_description/share/autonomous_robot_description//urdf/log/latest
[1.210s] -- Up-to-date: /home/tamir/autonomous_robot/install/autonomous_robot_description/share/autonomous_robot_description//urdf/log/latest_build
[1.210s] -- Up-to-date: /home/tamir/autonomous_robot/install/autonomous_robot_description/share/autonomous_robot_description//urdf/gazebo_color.xacro
[1.210s] -- Up-to-date: /home/tamir/autonomous_robot/install/autonomous_robot_description/share/autonomous_robot_description//urdf/mobile_robot.xacro
[1.210s] -- Up-to-date: /home/tamir/autonomous_robot/install/autonomous_robot_description/share/autonomous_robot_description//urdf/common_properties.xacro
[1.210s] -- Up-to-date: /home/tamir/autonomous_robot/install/autonomous_robot_description/share/autonomous_robot_description//urdf/install
[1.210s] -- Up-to-date: /home/tamir/autonomous_robot/install/autonomous_robot_description/share/autonomous_robot_description//urdf/install/setup.ps1
[1.210s] -- Up-to-date: /home/tamir/autonomous_robot/install/autonomous_robot_description/share/autonomous_robot_description//urdf/install/setup.zsh
[1.212s] -- Up-to-date: /home/tamir/autonomous_robot/install/autonomous_robot_description/share/autonomous_robot_description//urdf/install/local_setup.sh
[1.213s] -- Up-to-date: /home/tamir/autonomous_robot/install/autonomous_robot_description/share/autonomous_robot_description//urdf/install/_local_setup_util_ps1.py
[1.214s] -- Up-to-date: /home/tamir/autonomous_robot/install/autonomous_robot_description/share/autonomous_robot_description//urdf/install/COLCON_IGNORE
[1.214s] -- Up-to-date: /home/tamir/autonomous_robot/install/autonomous_robot_description/share/autonomous_robot_description//urdf/install/.colcon_install_layout
[1.214s] -- Up-to-date: /home/tamir/autonomous_robot/install/autonomous_robot_description/share/autonomous_robot_description//urdf/install/setup.sh
[1.214s] -- Up-to-date: /home/tamir/autonomous_robot/install/autonomous_robot_description/share/autonomous_robot_description//urdf/install/setup.bash
[1.214s] -- Up-to-date: /home/tamir/autonomous_robot/install/autonomous_robot_description/share/autonomous_robot_description//urdf/install/local_setup.zsh
[1.214s] -- Up-to-date: /home/tamir/autonomous_robot/install/autonomous_robot_description/share/autonomous_robot_description//urdf/install/local_setup.ps1
[1.214s] -- Up-to-date: /home/tamir/autonomous_robot/install/autonomous_robot_description/share/autonomous_robot_description//urdf/install/local_setup.bash
[1.214s] -- Up-to-date: /home/tamir/autonomous_robot/install/autonomous_robot_description/share/autonomous_robot_description//urdf/install/_local_setup_util_sh.py
[1.214s] -- Up-to-date: /home/tamir/autonomous_robot/install/autonomous_robot_description/share/autonomous_robot_description//urdf/camera.xacro
[1.214s] -- Up-to-date: /home/tamir/autonomous_robot/install/autonomous_robot_description/share/ament_index/resource_index/package_run_dependencies/autonomous_robot_description
[1.214s] -- Up-to-date: /home/tamir/autonomous_robot/install/autonomous_robot_description/share/ament_index/resource_index/parent_prefix_path/autonomous_robot_description
[1.214s] -- Up-to-date: /home/tamir/autonomous_robot/install/autonomous_robot_description/share/autonomous_robot_description/environment/ament_prefix_path.sh
[1.214s] -- Up-to-date: /home/tamir/autonomous_robot/install/autonomous_robot_description/share/autonomous_robot_description/environment/ament_prefix_path.dsv
[1.214s] -- Up-to-date: /home/tamir/autonomous_robot/install/autonomous_robot_description/share/autonomous_robot_description/environment/path.sh
[1.214s] -- Up-to-date: /home/tamir/autonomous_robot/install/autonomous_robot_description/share/autonomous_robot_description/environment/path.dsv
[1.214s] -- Up-to-date: /home/tamir/autonomous_robot/install/autonomous_robot_description/share/autonomous_robot_description/local_setup.bash
[1.214s] -- Up-to-date: /home/tamir/autonomous_robot/install/autonomous_robot_description/share/autonomous_robot_description/local_setup.sh
[1.214s] -- Up-to-date: /home/tamir/autonomous_robot/install/autonomous_robot_description/share/autonomous_robot_description/local_setup.zsh
[1.214s] -- Up-to-date: /home/tamir/autonomous_robot/install/autonomous_robot_description/share/autonomous_robot_description/local_setup.dsv
[1.214s] -- Installing: /home/tamir/autonomous_robot/install/autonomous_robot_description/share/autonomous_robot_description/package.dsv
[1.215s] -- Up-to-date: /home/tamir/autonomous_robot/install/autonomous_robot_description/share/ament_index/resource_index/packages/autonomous_robot_description
[1.215s] -- Up-to-date: /home/tamir/autonomous_robot/install/autonomous_robot_description/share/autonomous_robot_description/cmake/autonomous_robot_descriptionConfig.cmake
[1.215s] -- Up-to-date: /home/tamir/autonomous_robot/install/autonomous_robot_description/share/autonomous_robot_description/cmake/autonomous_robot_descriptionConfig-version.cmake
[1.215s] -- Up-to-date: /home/tamir/autonomous_robot/install/autonomous_robot_description/share/autonomous_robot_description/package.xml
[1.215s] Invoked command in '/home/tamir/autonomous_robot/build/autonomous_robot_description' returned '0': CMAKE_PREFIX_PATH=${CMAKE_PREFIX_PATH}:/home/tamir/autonomous_robot/install/calc_odom:/home/tamir/autonomous_robot/install/control_hardware:/home/tamir/autonomous_robot/autonomous_robot_control/install/control_hardware:/home/tamir/autonomous_robot/autonomous_robot_control/install/calc_odom:/home/tamir/ros2_ws/install/turtle_spawner:/home/tamir/ros2_ws/install/turtle_controller:/home/tamir/ros2_ws/install/my_py_pkg:/opt/ros/humble /usr/bin/cmake --install /home/tamir/autonomous_robot/build/autonomous_robot_description
