[0.129s] DEBUG:colcon:Command line arguments: ['/usr/bin/colcon', 'build']
[0.129s] DEBUG:colcon:Parsed command line arguments: Namespace(log_base=None, log_level=None, verb_name='build', build_base='build', install_base='install', merge_install=False, symlink_install=False, test_result_base=None, continue_on_error=False, executor='parallel', parallel_workers=12, event_handlers=None, ignore_user_meta=False, metas=['./colcon.meta'], base_paths=['.'], packages_ignore=None, packages_ignore_regex=None, paths=None, packages_up_to=None, packages_up_to_regex=None, packages_above=None, packages_above_and_dependencies=None, packages_above_depth=None, packages_select_by_dep=None, packages_skip_by_dep=None, packages_skip_up_to=None, packages_select_build_failed=False, packages_skip_build_finished=False, packages_select_test_failures=False, packages_skip_test_passed=False, packages_select=None, packages_skip=None, packages_select_regex=None, packages_skip_regex=None, packages_start=None, packages_end=None, allow_overriding=[], cmake_args=None, cmake_target=None, cmake_target_skip_unavailable=False, cmake_clean_cache=False, cmake_clean_first=False, cmake_force_configure=False, ament_cmake_args=None, catkin_cmake_args=None, catkin_skip_building_tests=False, verb_parser=<colcon_defaults.argument_parser.defaults.DefaultArgumentsDecorator object at 0x72e34bcd73d0>, verb_extension=<colcon_core.verb.build.BuildVerb object at 0x72e34bdcbfa0>, main=<bound method BuildVerb.main of <colcon_core.verb.build.BuildVerb object at 0x72e34bdcbfa0>>)
[0.329s] Level 1:colcon.colcon_core.package_discovery:discover_packages(colcon_meta) check parameters
[0.329s] Level 1:colcon.colcon_core.package_discovery:discover_packages(recursive) check parameters
[0.329s] Level 1:colcon.colcon_core.package_discovery:discover_packages(ignore) check parameters
[0.329s] Level 1:colcon.colcon_core.package_discovery:discover_packages(path) check parameters
[0.329s] Level 1:colcon.colcon_core.package_discovery:discover_packages(colcon_meta) discover
[0.329s] Level 1:colcon.colcon_core.package_discovery:discover_packages(recursive) discover
[0.329s] INFO:colcon.colcon_core.package_discovery:Crawling recursively for packages in '/home/tamir/autonomous_robot/autonomous_robot_description'
[0.329s] Level 1:colcon.colcon_core.package_identification:_identify(.) by extensions ['ignore', 'ignore_ament_install']
[0.329s] Level 1:colcon.colcon_core.package_identification:_identify(.) by extension 'ignore'
[0.329s] Level 1:colcon.colcon_core.package_identification:_identify(.) by extension 'ignore_ament_install'
[0.329s] Level 1:colcon.colcon_core.package_identification:_identify(.) by extensions ['colcon_pkg']
[0.329s] Level 1:colcon.colcon_core.package_identification:_identify(.) by extension 'colcon_pkg'
[0.329s] Level 1:colcon.colcon_core.package_identification:_identify(.) by extensions ['colcon_meta']
[0.329s] Level 1:colcon.colcon_core.package_identification:_identify(.) by extension 'colcon_meta'
[0.329s] Level 1:colcon.colcon_core.package_identification:_identify(.) by extensions ['ros']
[0.329s] Level 1:colcon.colcon_core.package_identification:_identify(.) by extension 'ros'
[0.344s] DEBUG:colcon.colcon_core.package_identification:Package '.' with type 'ros.ament_cmake' and name 'autonomous_robot_description'
[0.344s] Level 1:colcon.colcon_core.package_discovery:discover_packages(recursive) using defaults
[0.344s] Level 1:colcon.colcon_core.package_discovery:discover_packages(ignore) discover
[0.344s] Level 1:colcon.colcon_core.package_discovery:discover_packages(ignore) using defaults
[0.344s] Level 1:colcon.colcon_core.package_discovery:discover_packages(path) discover
[0.344s] Level 1:colcon.colcon_core.package_discovery:discover_packages(path) using defaults
[0.389s] Level 1:colcon.colcon_core.package_discovery:discover_packages(prefix_path) check parameters
[0.389s] Level 1:colcon.colcon_core.package_discovery:discover_packages(prefix_path) discover
[0.390s] WARNING:colcon.colcon_ros.prefix_path.ament:The path '/home/tamir/autonomous_robot/autonomous_robot_description/install/autonomous_robot_description' in the environment variable AMENT_PREFIX_PATH doesn't exist
[0.391s] WARNING:colcon.colcon_ros.prefix_path.catkin:The path '/home/tamir/autonomous_robot/autonomous_robot_description/install/autonomous_robot_description' in the environment variable CMAKE_PREFIX_PATH doesn't exist
[0.392s] DEBUG:colcon.colcon_installed_package_information.package_discovery:Found 7 installed packages in /home/tamir/autonomous_robot/install
[0.392s] DEBUG:colcon.colcon_installed_package_information.package_discovery:Found 0 installed packages in /home/tamir/autonomous_robot/autonomous_robot_description/install
[0.393s] DEBUG:colcon.colcon_installed_package_information.package_discovery:Found 3 installed packages in /home/tamir/install
[0.393s] DEBUG:colcon.colcon_installed_package_information.package_discovery:Found 3 installed packages in /home/tamir/turtlebot3_ws/install
[0.393s] DEBUG:colcon.colcon_installed_package_information.package_discovery:Found 8 installed packages in /home/tamir/ros2_ws/install
[0.394s] DEBUG:colcon.colcon_installed_package_information.package_discovery:Found 3 installed packages in /home/tamir/autonomous_robot/autonomous_robot_control/install
[0.394s] DEBUG:colcon.colcon_installed_package_information.package_discovery:Found 3 installed packages in /home/tamir/autonomous_robot/sensors_package/src/lidar_ws/install
[0.396s] DEBUG:colcon.colcon_installed_package_information.package_discovery:Found 392 installed packages in /opt/ros/humble
[0.398s] Level 1:colcon.colcon_core.package_discovery:discover_packages(prefix_path) using defaults
[0.444s] Level 5:colcon.colcon_core.verb:set package 'autonomous_robot_description' build argument 'cmake_args' from command line to 'None'
[0.444s] Level 5:colcon.colcon_core.verb:set package 'autonomous_robot_description' build argument 'cmake_target' from command line to 'None'
[0.444s] Level 5:colcon.colcon_core.verb:set package 'autonomous_robot_description' build argument 'cmake_target_skip_unavailable' from command line to 'False'
[0.444s] Level 5:colcon.colcon_core.verb:set package 'autonomous_robot_description' build argument 'cmake_clean_cache' from command line to 'False'
[0.444s] Level 5:colcon.colcon_core.verb:set package 'autonomous_robot_description' build argument 'cmake_clean_first' from command line to 'False'
[0.444s] Level 5:colcon.colcon_core.verb:set package 'autonomous_robot_description' build argument 'cmake_force_configure' from command line to 'False'
[0.444s] Level 5:colcon.colcon_core.verb:set package 'autonomous_robot_description' build argument 'ament_cmake_args' from command line to 'None'
[0.445s] Level 5:colcon.colcon_core.verb:set package 'autonomous_robot_description' build argument 'catkin_cmake_args' from command line to 'None'
[0.445s] Level 5:colcon.colcon_core.verb:set package 'autonomous_robot_description' build argument 'catkin_skip_building_tests' from command line to 'False'
[0.445s] DEBUG:colcon.colcon_core.verb:Building package 'autonomous_robot_description' with the following arguments: {'ament_cmake_args': None, 'build_base': '/home/tamir/autonomous_robot/autonomous_robot_description/build/autonomous_robot_description', 'catkin_cmake_args': None, 'catkin_skip_building_tests': False, 'cmake_args': None, 'cmake_clean_cache': False, 'cmake_clean_first': False, 'cmake_force_configure': False, 'cmake_target': None, 'cmake_target_skip_unavailable': False, 'install_base': '/home/tamir/autonomous_robot/autonomous_robot_description/install/autonomous_robot_description', 'merge_install': False, 'path': '/home/tamir/autonomous_robot/autonomous_robot_description', 'symlink_install': False, 'test_result_base': None}
[0.445s] INFO:colcon.colcon_core.executor:Executing jobs using 'parallel' executor
[0.448s] DEBUG:colcon.colcon_parallel_executor.executor.parallel:run_until_complete
[0.449s] INFO:colcon.colcon_ros.task.ament_cmake.build:Building ROS package in '/home/tamir/autonomous_robot/autonomous_robot_description' with build type 'ament_cmake'
[0.449s] INFO:colcon.colcon_cmake.task.cmake.build:Building CMake package in '/home/tamir/autonomous_robot/autonomous_robot_description'
[0.451s] INFO:colcon.colcon_core.plugin_system:Skipping extension 'colcon_core.shell.bat': Not used on non-Windows systems
[0.452s] INFO:colcon.colcon_core.shell:Skip shell extension 'powershell' for command environment: Not usable outside of PowerShell
[0.452s] DEBUG:colcon.colcon_core.shell:Skip shell extension 'dsv' for command environment
[0.467s] DEBUG:colcon.colcon_core.event_handler.log_command:Invoking command in '/home/tamir/autonomous_robot/autonomous_robot_description/build/autonomous_robot_description': CMAKE_PREFIX_PATH=${CMAKE_PREFIX_PATH}:/home/tamir/autonomous_robot/install/calc_odom:/home/tamir/autonomous_robot/install/control_hardware:/home/tamir/autonomous_robot/autonomous_robot_control/install/control_hardware:/home/tamir/autonomous_robot/autonomous_robot_control/install/calc_odom:/home/tamir/ros2_ws/install/turtle_spawner:/home/tamir/ros2_ws/install/turtle_controller:/home/tamir/ros2_ws/install/my_py_pkg:/opt/ros/humble /usr/bin/cmake /home/tamir/autonomous_robot/autonomous_robot_description -DCMAKE_INSTALL_PREFIX=/home/tamir/autonomous_robot/autonomous_robot_description/install/autonomous_robot_description
[1.495s] DEBUG:colcon.colcon_core.event_handler.log_command:Invoked command in '/home/tamir/autonomous_robot/autonomous_robot_description/build/autonomous_robot_description' returned '0': CMAKE_PREFIX_PATH=${CMAKE_PREFIX_PATH}:/home/tamir/autonomous_robot/install/calc_odom:/home/tamir/autonomous_robot/install/control_hardware:/home/tamir/autonomous_robot/autonomous_robot_control/install/control_hardware:/home/tamir/autonomous_robot/autonomous_robot_control/install/calc_odom:/home/tamir/ros2_ws/install/turtle_spawner:/home/tamir/ros2_ws/install/turtle_controller:/home/tamir/ros2_ws/install/my_py_pkg:/opt/ros/humble /usr/bin/cmake /home/tamir/autonomous_robot/autonomous_robot_description -DCMAKE_INSTALL_PREFIX=/home/tamir/autonomous_robot/autonomous_robot_description/install/autonomous_robot_description
[1.499s] DEBUG:colcon.colcon_core.event_handler.log_command:Invoking command in '/home/tamir/autonomous_robot/autonomous_robot_description/build/autonomous_robot_description': CMAKE_PREFIX_PATH=${CMAKE_PREFIX_PATH}:/home/tamir/autonomous_robot/install/calc_odom:/home/tamir/autonomous_robot/install/control_hardware:/home/tamir/autonomous_robot/autonomous_robot_control/install/control_hardware:/home/tamir/autonomous_robot/autonomous_robot_control/install/calc_odom:/home/tamir/ros2_ws/install/turtle_spawner:/home/tamir/ros2_ws/install/turtle_controller:/home/tamir/ros2_ws/install/my_py_pkg:/opt/ros/humble /usr/bin/cmake --build /home/tamir/autonomous_robot/autonomous_robot_description/build/autonomous_robot_description -- -j12 -l12
[1.559s] DEBUG:colcon.colcon_core.event_handler.log_command:Invoked command in '/home/tamir/autonomous_robot/autonomous_robot_description/build/autonomous_robot_description' returned '0': CMAKE_PREFIX_PATH=${CMAKE_PREFIX_PATH}:/home/tamir/autonomous_robot/install/calc_odom:/home/tamir/autonomous_robot/install/control_hardware:/home/tamir/autonomous_robot/autonomous_robot_control/install/control_hardware:/home/tamir/autonomous_robot/autonomous_robot_control/install/calc_odom:/home/tamir/ros2_ws/install/turtle_spawner:/home/tamir/ros2_ws/install/turtle_controller:/home/tamir/ros2_ws/install/my_py_pkg:/opt/ros/humble /usr/bin/cmake --build /home/tamir/autonomous_robot/autonomous_robot_description/build/autonomous_robot_description -- -j12 -l12
[1.606s] DEBUG:colcon.colcon_core.event_handler.log_command:Invoking command in '/home/tamir/autonomous_robot/autonomous_robot_description/build/autonomous_robot_description': CMAKE_PREFIX_PATH=${CMAKE_PREFIX_PATH}:/home/tamir/autonomous_robot/install/calc_odom:/home/tamir/autonomous_robot/install/control_hardware:/home/tamir/autonomous_robot/autonomous_robot_control/install/control_hardware:/home/tamir/autonomous_robot/autonomous_robot_control/install/calc_odom:/home/tamir/ros2_ws/install/turtle_spawner:/home/tamir/ros2_ws/install/turtle_controller:/home/tamir/ros2_ws/install/my_py_pkg:/opt/ros/humble /usr/bin/cmake --install /home/tamir/autonomous_robot/autonomous_robot_description/build/autonomous_robot_description
[1.630s] Level 1:colcon.colcon_core.environment:create_environment_scripts_only(autonomous_robot_description)
[1.632s] DEBUG:colcon.colcon_core.event_handler.log_command:Invoked command in '/home/tamir/autonomous_robot/autonomous_robot_description/build/autonomous_robot_description' returned '0': CMAKE_PREFIX_PATH=${CMAKE_PREFIX_PATH}:/home/tamir/autonomous_robot/install/calc_odom:/home/tamir/autonomous_robot/install/control_hardware:/home/tamir/autonomous_robot/autonomous_robot_control/install/control_hardware:/home/tamir/autonomous_robot/autonomous_robot_control/install/calc_odom:/home/tamir/ros2_ws/install/turtle_spawner:/home/tamir/ros2_ws/install/turtle_controller:/home/tamir/ros2_ws/install/my_py_pkg:/opt/ros/humble /usr/bin/cmake --install /home/tamir/autonomous_robot/autonomous_robot_description/build/autonomous_robot_description
[1.635s] Level 1:colcon.colcon_core.environment:checking '/home/tamir/autonomous_robot/autonomous_robot_description/install/autonomous_robot_description' for CMake module files
[1.636s] Level 1:colcon.colcon_core.environment:checking '/home/tamir/autonomous_robot/autonomous_robot_description/install/autonomous_robot_description' for CMake config files
[1.637s] Level 1:colcon.colcon_core.shell:create_environment_hook('autonomous_robot_description', 'cmake_prefix_path')
[1.637s] INFO:colcon.colcon_core.shell:Creating environment hook '/home/tamir/autonomous_robot/autonomous_robot_description/install/autonomous_robot_description/share/autonomous_robot_description/hook/cmake_prefix_path.ps1'
[1.639s] INFO:colcon.colcon_core.shell:Creating environment descriptor '/home/tamir/autonomous_robot/autonomous_robot_description/install/autonomous_robot_description/share/autonomous_robot_description/hook/cmake_prefix_path.dsv'
[1.640s] INFO:colcon.colcon_core.shell:Creating environment hook '/home/tamir/autonomous_robot/autonomous_robot_description/install/autonomous_robot_description/share/autonomous_robot_description/hook/cmake_prefix_path.sh'
[1.641s] Level 1:colcon.colcon_core.environment:checking '/home/tamir/autonomous_robot/autonomous_robot_description/install/autonomous_robot_description/bin'
[1.641s] Level 1:colcon.colcon_core.environment:checking '/home/tamir/autonomous_robot/autonomous_robot_description/install/autonomous_robot_description/lib/pkgconfig/autonomous_robot_description.pc'
[1.641s] Level 1:colcon.colcon_core.environment:checking '/home/tamir/autonomous_robot/autonomous_robot_description/install/autonomous_robot_description/lib/python3.10/site-packages'
[1.641s] Level 1:colcon.colcon_core.environment:checking '/home/tamir/autonomous_robot/autonomous_robot_description/install/autonomous_robot_description/bin'
[1.642s] INFO:colcon.colcon_core.shell:Creating package script '/home/tamir/autonomous_robot/autonomous_robot_description/install/autonomous_robot_description/share/autonomous_robot_description/package.ps1'
[1.643s] INFO:colcon.colcon_core.shell:Creating package descriptor '/home/tamir/autonomous_robot/autonomous_robot_description/install/autonomous_robot_description/share/autonomous_robot_description/package.dsv'
[1.645s] INFO:colcon.colcon_core.shell:Creating package script '/home/tamir/autonomous_robot/autonomous_robot_description/install/autonomous_robot_description/share/autonomous_robot_description/package.sh'
[1.648s] INFO:colcon.colcon_core.shell:Creating package script '/home/tamir/autonomous_robot/autonomous_robot_description/install/autonomous_robot_description/share/autonomous_robot_description/package.bash'
[1.651s] INFO:colcon.colcon_core.shell:Creating package script '/home/tamir/autonomous_robot/autonomous_robot_description/install/autonomous_robot_description/share/autonomous_robot_description/package.zsh'
[1.652s] Level 1:colcon.colcon_core.environment:create_file_with_runtime_dependencies(/home/tamir/autonomous_robot/autonomous_robot_description/install/autonomous_robot_description/share/colcon-core/packages/autonomous_robot_description)
[1.697s] Level 1:colcon.colcon_core.environment:create_environment_scripts_only(autonomous_robot_description)
[1.697s] Level 1:colcon.colcon_core.environment:checking '/home/tamir/autonomous_robot/autonomous_robot_description/install/autonomous_robot_description' for CMake module files
[1.698s] Level 1:colcon.colcon_core.environment:checking '/home/tamir/autonomous_robot/autonomous_robot_description/install/autonomous_robot_description' for CMake config files
[1.698s] Level 1:colcon.colcon_core.shell:create_environment_hook('autonomous_robot_description', 'cmake_prefix_path')
[1.698s] INFO:colcon.colcon_core.shell:Creating environment hook '/home/tamir/autonomous_robot/autonomous_robot_description/install/autonomous_robot_description/share/autonomous_robot_description/hook/cmake_prefix_path.ps1'
[1.699s] INFO:colcon.colcon_core.shell:Creating environment descriptor '/home/tamir/autonomous_robot/autonomous_robot_description/install/autonomous_robot_description/share/autonomous_robot_description/hook/cmake_prefix_path.dsv'
[1.701s] INFO:colcon.colcon_core.shell:Creating environment hook '/home/tamir/autonomous_robot/autonomous_robot_description/install/autonomous_robot_description/share/autonomous_robot_description/hook/cmake_prefix_path.sh'
[1.703s] Level 1:colcon.colcon_core.environment:checking '/home/tamir/autonomous_robot/autonomous_robot_description/install/autonomous_robot_description/bin'
[1.703s] Level 1:colcon.colcon_core.environment:checking '/home/tamir/autonomous_robot/autonomous_robot_description/install/autonomous_robot_description/lib/pkgconfig/autonomous_robot_description.pc'
[1.704s] Level 1:colcon.colcon_core.environment:checking '/home/tamir/autonomous_robot/autonomous_robot_description/install/autonomous_robot_description/lib/python3.10/site-packages'
[1.705s] Level 1:colcon.colcon_core.environment:checking '/home/tamir/autonomous_robot/autonomous_robot_description/install/autonomous_robot_description/bin'
[1.706s] INFO:colcon.colcon_core.shell:Creating package script '/home/tamir/autonomous_robot/autonomous_robot_description/install/autonomous_robot_description/share/autonomous_robot_description/package.ps1'
[1.707s] INFO:colcon.colcon_core.shell:Creating package descriptor '/home/tamir/autonomous_robot/autonomous_robot_description/install/autonomous_robot_description/share/autonomous_robot_description/package.dsv'
[1.708s] INFO:colcon.colcon_core.shell:Creating package script '/home/tamir/autonomous_robot/autonomous_robot_description/install/autonomous_robot_description/share/autonomous_robot_description/package.sh'
[1.709s] INFO:colcon.colcon_core.shell:Creating package script '/home/tamir/autonomous_robot/autonomous_robot_description/install/autonomous_robot_description/share/autonomous_robot_description/package.bash'
[1.709s] INFO:colcon.colcon_core.shell:Creating package script '/home/tamir/autonomous_robot/autonomous_robot_description/install/autonomous_robot_description/share/autonomous_robot_description/package.zsh'
[1.710s] Level 1:colcon.colcon_core.environment:create_file_with_runtime_dependencies(/home/tamir/autonomous_robot/autonomous_robot_description/install/autonomous_robot_description/share/colcon-core/packages/autonomous_robot_description)
[1.710s] DEBUG:colcon.colcon_parallel_executor.executor.parallel:closing loop
[1.711s] DEBUG:colcon.colcon_parallel_executor.executor.parallel:loop closed
[1.712s] DEBUG:colcon.colcon_parallel_executor.executor.parallel:run_until_complete finished with '0'
[1.712s] DEBUG:colcon.colcon_core.event_reactor:joining thread
[1.722s] INFO:colcon.colcon_core.plugin_system:Skipping extension 'colcon_notification.desktop_notification.terminal_notifier': Not used on non-Darwin systems
[1.722s] INFO:colcon.colcon_core.plugin_system:Skipping extension 'colcon_notification.desktop_notification.win32': Not used on non-Windows systems
[1.722s] INFO:colcon.colcon_notification.desktop_notification:Sending desktop notification using 'notify2'
[1.736s] DEBUG:colcon.colcon_core.event_reactor:joined thread
[1.736s] INFO:colcon.colcon_core.shell:Creating prefix script '/home/tamir/autonomous_robot/autonomous_robot_description/install/local_setup.ps1'
[1.738s] INFO:colcon.colcon_core.shell:Creating prefix util module '/home/tamir/autonomous_robot/autonomous_robot_description/install/_local_setup_util_ps1.py'
[1.741s] INFO:colcon.colcon_core.shell:Creating prefix chain script '/home/tamir/autonomous_robot/autonomous_robot_description/install/setup.ps1'
[1.743s] INFO:colcon.colcon_core.shell:Creating prefix script '/home/tamir/autonomous_robot/autonomous_robot_description/install/local_setup.sh'
[1.744s] INFO:colcon.colcon_core.shell:Creating prefix util module '/home/tamir/autonomous_robot/autonomous_robot_description/install/_local_setup_util_sh.py'
[1.745s] INFO:colcon.colcon_core.shell:Creating prefix chain script '/home/tamir/autonomous_robot/autonomous_robot_description/install/setup.sh'
[1.747s] INFO:colcon.colcon_core.shell:Creating prefix script '/home/tamir/autonomous_robot/autonomous_robot_description/install/local_setup.bash'
[1.748s] INFO:colcon.colcon_core.shell:Creating prefix chain script '/home/tamir/autonomous_robot/autonomous_robot_description/install/setup.bash'
[1.751s] INFO:colcon.colcon_core.shell:Creating prefix script '/home/tamir/autonomous_robot/autonomous_robot_description/install/local_setup.zsh'
[1.751s] INFO:colcon.colcon_core.shell:Creating prefix chain script '/home/tamir/autonomous_robot/autonomous_robot_description/install/setup.zsh'
