[0.067s] DEBUG:colcon:Command line arguments: ['/usr/bin/colcon', 'build']
[0.067s] DEBUG:colcon:Parsed command line arguments: Namespace(log_base=None, log_level=None, verb_name='build', build_base='build', install_base='install', merge_install=False, symlink_install=False, test_result_base=None, continue_on_error=False, executor='parallel', parallel_workers=12, event_handlers=None, ignore_user_meta=False, metas=['./colcon.meta'], base_paths=['.'], packages_ignore=None, packages_ignore_regex=None, paths=None, packages_up_to=None, packages_up_to_regex=None, packages_above=None, packages_above_and_dependencies=None, packages_above_depth=None, packages_select_by_dep=None, packages_skip_by_dep=None, packages_skip_up_to=None, packages_select_build_failed=False, packages_skip_build_finished=False, packages_select_test_failures=False, packages_skip_test_passed=False, packages_select=None, packages_skip=None, packages_select_regex=None, packages_skip_regex=None, packages_start=None, packages_end=None, allow_overriding=[], cmake_args=None, cmake_target=None, cmake_target_skip_unavailable=False, cmake_clean_cache=False, cmake_clean_first=False, cmake_force_configure=False, ament_cmake_args=None, catkin_cmake_args=None, catkin_skip_building_tests=False, verb_parser=<colcon_defaults.argument_parser.defaults.DefaultArgumentsDecorator object at 0x7855a7436740>, verb_extension=<colcon_core.verb.build.BuildVerb object at 0x7855a7435720>, main=<bound method BuildVerb.main of <colcon_core.verb.build.BuildVerb object at 0x7855a7435720>>)
[0.168s] Level 1:colcon.colcon_core.package_discovery:discover_packages(colcon_meta) check parameters
[0.168s] Level 1:colcon.colcon_core.package_discovery:discover_packages(recursive) check parameters
[0.168s] Level 1:colcon.colcon_core.package_discovery:discover_packages(ignore) check parameters
[0.168s] Level 1:colcon.colcon_core.package_discovery:discover_packages(path) check parameters
[0.168s] Level 1:colcon.colcon_core.package_discovery:discover_packages(colcon_meta) discover
[0.168s] Level 1:colcon.colcon_core.package_discovery:discover_packages(recursive) discover
[0.168s] INFO:colcon.colcon_core.package_discovery:Crawling recursively for packages in '/home/tamir/autonomous_robot'
[0.169s] Level 1:colcon.colcon_core.package_identification:_identify(.) by extensions ['ignore', 'ignore_ament_install']
[0.169s] Level 1:colcon.colcon_core.package_identification:_identify(.) by extension 'ignore'
[0.169s] Level 1:colcon.colcon_core.package_identification:_identify(.) by extension 'ignore_ament_install'
[0.169s] Level 1:colcon.colcon_core.package_identification:_identify(.) by extensions ['colcon_pkg']
[0.169s] Level 1:colcon.colcon_core.package_identification:_identify(.) by extension 'colcon_pkg'
[0.169s] Level 1:colcon.colcon_core.package_identification:_identify(.) by extensions ['colcon_meta']
[0.169s] Level 1:colcon.colcon_core.package_identification:_identify(.) by extension 'colcon_meta'
[0.169s] Level 1:colcon.colcon_core.package_identification:_identify(.) by extensions ['ros']
[0.169s] Level 1:colcon.colcon_core.package_identification:_identify(.) by extension 'ros'
[0.177s] Level 1:colcon.colcon_core.package_identification:_identify(.) by extensions ['cmake', 'python']
[0.177s] Level 1:colcon.colcon_core.package_identification:_identify(.) by extension 'cmake'
[0.177s] Level 1:colcon.colcon_core.package_identification:_identify(.) by extension 'python'
[0.177s] Level 1:colcon.colcon_core.package_identification:_identify(.) by extensions ['python_setup_py']
[0.177s] Level 1:colcon.colcon_core.package_identification:_identify(.) by extension 'python_setup_py'
[0.177s] Level 1:colcon.colcon_core.package_identification:_identify(autonomous_robot_control) by extensions ['ignore', 'ignore_ament_install']
[0.177s] Level 1:colcon.colcon_core.package_identification:_identify(autonomous_robot_control) by extension 'ignore'
[0.177s] Level 1:colcon.colcon_core.package_identification:_identify(autonomous_robot_control) by extension 'ignore_ament_install'
[0.177s] Level 1:colcon.colcon_core.package_identification:_identify(autonomous_robot_control) by extensions ['colcon_pkg']
[0.177s] Level 1:colcon.colcon_core.package_identification:_identify(autonomous_robot_control) by extension 'colcon_pkg'
[0.177s] Level 1:colcon.colcon_core.package_identification:_identify(autonomous_robot_control) by extensions ['colcon_meta']
[0.177s] Level 1:colcon.colcon_core.package_identification:_identify(autonomous_robot_control) by extension 'colcon_meta'
[0.177s] Level 1:colcon.colcon_core.package_identification:_identify(autonomous_robot_control) by extensions ['ros']
[0.177s] Level 1:colcon.colcon_core.package_identification:_identify(autonomous_robot_control) by extension 'ros'
[0.179s] DEBUG:colcon.colcon_core.package_identification:Package 'autonomous_robot_control' with type 'ros.ament_cmake' and name 'autonomous_robot_control'
[0.179s] Level 1:colcon.colcon_core.package_identification:_identify(autonomous_robot_description) by extensions ['ignore', 'ignore_ament_install']
[0.179s] Level 1:colcon.colcon_core.package_identification:_identify(autonomous_robot_description) by extension 'ignore'
[0.179s] Level 1:colcon.colcon_core.package_identification:_identify(autonomous_robot_description) by extension 'ignore_ament_install'
[0.179s] Level 1:colcon.colcon_core.package_identification:_identify(autonomous_robot_description) by extensions ['colcon_pkg']
[0.179s] Level 1:colcon.colcon_core.package_identification:_identify(autonomous_robot_description) by extension 'colcon_pkg'
[0.179s] Level 1:colcon.colcon_core.package_identification:_identify(autonomous_robot_description) by extensions ['colcon_meta']
[0.179s] Level 1:colcon.colcon_core.package_identification:_identify(autonomous_robot_description) by extension 'colcon_meta'
[0.179s] Level 1:colcon.colcon_core.package_identification:_identify(autonomous_robot_description) by extensions ['ros']
[0.179s] Level 1:colcon.colcon_core.package_identification:_identify(autonomous_robot_description) by extension 'ros'
[0.180s] DEBUG:colcon.colcon_core.package_identification:Package 'autonomous_robot_description' with type 'ros.ament_cmake' and name 'autonomous_robot_description'
[0.180s] Level 1:colcon.colcon_core.package_identification:_identify(aws-robomaker-small-warehouse-world) by extensions ['ignore', 'ignore_ament_install']
[0.180s] Level 1:colcon.colcon_core.package_identification:_identify(aws-robomaker-small-warehouse-world) by extension 'ignore'
[0.180s] Level 1:colcon.colcon_core.package_identification:_identify(aws-robomaker-small-warehouse-world) by extension 'ignore_ament_install'
[0.180s] Level 1:colcon.colcon_core.package_identification:_identify(aws-robomaker-small-warehouse-world) by extensions ['colcon_pkg']
[0.180s] Level 1:colcon.colcon_core.package_identification:_identify(aws-robomaker-small-warehouse-world) by extension 'colcon_pkg'
[0.180s] Level 1:colcon.colcon_core.package_identification:_identify(aws-robomaker-small-warehouse-world) by extensions ['colcon_meta']
[0.180s] Level 1:colcon.colcon_core.package_identification:_identify(aws-robomaker-small-warehouse-world) by extension 'colcon_meta'
[0.180s] Level 1:colcon.colcon_core.package_identification:_identify(aws-robomaker-small-warehouse-world) by extensions ['ros']
[0.180s] Level 1:colcon.colcon_core.package_identification:_identify(aws-robomaker-small-warehouse-world) by extension 'ros'
[0.180s] DEBUG:colcon.colcon_core.package_identification:Package 'aws-robomaker-small-warehouse-world' with type 'ros.ament_cmake' and name 'aws_robomaker_small_warehouse_world'
[0.180s] Level 1:colcon.colcon_core.package_identification:_identify(build) by extensions ['ignore', 'ignore_ament_install']
[0.181s] Level 1:colcon.colcon_core.package_identification:_identify(build) by extension 'ignore'
[0.181s] Level 1:colcon.colcon_core.package_identification:_identify(build) ignored
[0.181s] Level 1:colcon.colcon_core.package_identification:_identify(install) by extensions ['ignore', 'ignore_ament_install']
[0.181s] Level 1:colcon.colcon_core.package_identification:_identify(install) by extension 'ignore'
[0.181s] Level 1:colcon.colcon_core.package_identification:_identify(install) ignored
[0.181s] Level 1:colcon.colcon_core.package_identification:_identify(log) by extensions ['ignore', 'ignore_ament_install']
[0.181s] Level 1:colcon.colcon_core.package_identification:_identify(log) by extension 'ignore'
[0.181s] Level 1:colcon.colcon_core.package_identification:_identify(log) ignored
[0.181s] Level 1:colcon.colcon_core.package_identification:_identify(robot_common_interfaces) by extensions ['ignore', 'ignore_ament_install']
[0.181s] Level 1:colcon.colcon_core.package_identification:_identify(robot_common_interfaces) by extension 'ignore'
[0.181s] Level 1:colcon.colcon_core.package_identification:_identify(robot_common_interfaces) by extension 'ignore_ament_install'
[0.181s] Level 1:colcon.colcon_core.package_identification:_identify(robot_common_interfaces) by extensions ['colcon_pkg']
[0.181s] Level 1:colcon.colcon_core.package_identification:_identify(robot_common_interfaces) by extension 'colcon_pkg'
[0.181s] Level 1:colcon.colcon_core.package_identification:_identify(robot_common_interfaces) by extensions ['colcon_meta']
[0.181s] Level 1:colcon.colcon_core.package_identification:_identify(robot_common_interfaces) by extension 'colcon_meta'
[0.181s] Level 1:colcon.colcon_core.package_identification:_identify(robot_common_interfaces) by extensions ['ros']
[0.181s] Level 1:colcon.colcon_core.package_identification:_identify(robot_common_interfaces) by extension 'ros'
[0.181s] DEBUG:colcon.colcon_core.package_identification:Package 'robot_common_interfaces' with type 'ros.ament_cmake' and name 'robot_common_interfaces'
[0.181s] Level 1:colcon.colcon_core.package_discovery:discover_packages(recursive) using defaults
[0.181s] Level 1:colcon.colcon_core.package_discovery:discover_packages(ignore) discover
[0.181s] Level 1:colcon.colcon_core.package_discovery:discover_packages(ignore) using defaults
[0.181s] Level 1:colcon.colcon_core.package_discovery:discover_packages(path) discover
[0.182s] Level 1:colcon.colcon_core.package_discovery:discover_packages(path) using defaults
[0.195s] Level 1:colcon.colcon_core.package_discovery:discover_packages(prefix_path) check parameters
[0.195s] Level 1:colcon.colcon_core.package_discovery:discover_packages(prefix_path) discover
[0.196s] DEBUG:colcon.colcon_installed_package_information.package_discovery:Found 4 installed packages in /home/tamir/autonomous_robot/install
[0.197s] DEBUG:colcon.colcon_installed_package_information.package_discovery:Found 1 installed packages in /home/tamir/autonomous_robot/autonomous_robot_description/install
[0.198s] DEBUG:colcon.colcon_installed_package_information.package_discovery:Found 3 installed packages in /home/tamir/turtlebot3_ws/install
[0.198s] DEBUG:colcon.colcon_installed_package_information.package_discovery:Found 8 installed packages in /home/tamir/ros2_ws/install
[0.198s] DEBUG:colcon.colcon_installed_package_information.package_discovery:Found 14 installed packages in /home/tamir/install
[0.200s] DEBUG:colcon.colcon_installed_package_information.package_discovery:Found 391 installed packages in /opt/ros/humble
[0.207s] Level 1:colcon.colcon_core.package_discovery:discover_packages(prefix_path) using defaults
[0.236s] Level 5:colcon.colcon_core.verb:set package 'autonomous_robot_description' build argument 'cmake_args' from command line to 'None'
[0.236s] Level 5:colcon.colcon_core.verb:set package 'autonomous_robot_description' build argument 'cmake_target' from command line to 'None'
[0.236s] Level 5:colcon.colcon_core.verb:set package 'autonomous_robot_description' build argument 'cmake_target_skip_unavailable' from command line to 'False'
[0.236s] Level 5:colcon.colcon_core.verb:set package 'autonomous_robot_description' build argument 'cmake_clean_cache' from command line to 'False'
[0.236s] Level 5:colcon.colcon_core.verb:set package 'autonomous_robot_description' build argument 'cmake_clean_first' from command line to 'False'
[0.236s] Level 5:colcon.colcon_core.verb:set package 'autonomous_robot_description' build argument 'cmake_force_configure' from command line to 'False'
[0.236s] Level 5:colcon.colcon_core.verb:set package 'autonomous_robot_description' build argument 'ament_cmake_args' from command line to 'None'
[0.236s] Level 5:colcon.colcon_core.verb:set package 'autonomous_robot_description' build argument 'catkin_cmake_args' from command line to 'None'
[0.236s] Level 5:colcon.colcon_core.verb:set package 'autonomous_robot_description' build argument 'catkin_skip_building_tests' from command line to 'False'
[0.236s] DEBUG:colcon.colcon_core.verb:Building package 'autonomous_robot_description' with the following arguments: {'ament_cmake_args': None, 'build_base': '/home/tamir/autonomous_robot/build/autonomous_robot_description', 'catkin_cmake_args': None, 'catkin_skip_building_tests': False, 'cmake_args': None, 'cmake_clean_cache': False, 'cmake_clean_first': False, 'cmake_force_configure': False, 'cmake_target': None, 'cmake_target_skip_unavailable': False, 'install_base': '/home/tamir/autonomous_robot/install/autonomous_robot_description', 'merge_install': False, 'path': '/home/tamir/autonomous_robot/autonomous_robot_description', 'symlink_install': False, 'test_result_base': None}
[0.236s] Level 5:colcon.colcon_core.verb:set package 'aws_robomaker_small_warehouse_world' build argument 'cmake_args' from command line to 'None'
[0.236s] Level 5:colcon.colcon_core.verb:set package 'aws_robomaker_small_warehouse_world' build argument 'cmake_target' from command line to 'None'
[0.236s] Level 5:colcon.colcon_core.verb:set package 'aws_robomaker_small_warehouse_world' build argument 'cmake_target_skip_unavailable' from command line to 'False'
[0.236s] Level 5:colcon.colcon_core.verb:set package 'aws_robomaker_small_warehouse_world' build argument 'cmake_clean_cache' from command line to 'False'
[0.236s] Level 5:colcon.colcon_core.verb:set package 'aws_robomaker_small_warehouse_world' build argument 'cmake_clean_first' from command line to 'False'
[0.236s] Level 5:colcon.colcon_core.verb:set package 'aws_robomaker_small_warehouse_world' build argument 'cmake_force_configure' from command line to 'False'
[0.236s] Level 5:colcon.colcon_core.verb:set package 'aws_robomaker_small_warehouse_world' build argument 'ament_cmake_args' from command line to 'None'
[0.236s] Level 5:colcon.colcon_core.verb:set package 'aws_robomaker_small_warehouse_world' build argument 'catkin_cmake_args' from command line to 'None'
[0.236s] Level 5:colcon.colcon_core.verb:set package 'aws_robomaker_small_warehouse_world' build argument 'catkin_skip_building_tests' from command line to 'False'
[0.236s] DEBUG:colcon.colcon_core.verb:Building package 'aws_robomaker_small_warehouse_world' with the following arguments: {'ament_cmake_args': None, 'build_base': '/home/tamir/autonomous_robot/build/aws_robomaker_small_warehouse_world', 'catkin_cmake_args': None, 'catkin_skip_building_tests': False, 'cmake_args': None, 'cmake_clean_cache': False, 'cmake_clean_first': False, 'cmake_force_configure': False, 'cmake_target': None, 'cmake_target_skip_unavailable': False, 'install_base': '/home/tamir/autonomous_robot/install/aws_robomaker_small_warehouse_world', 'merge_install': False, 'path': '/home/tamir/autonomous_robot/aws-robomaker-small-warehouse-world', 'symlink_install': False, 'test_result_base': None}
[0.237s] Level 5:colcon.colcon_core.verb:set package 'robot_common_interfaces' build argument 'cmake_args' from command line to 'None'
[0.237s] Level 5:colcon.colcon_core.verb:set package 'robot_common_interfaces' build argument 'cmake_target' from command line to 'None'
[0.237s] Level 5:colcon.colcon_core.verb:set package 'robot_common_interfaces' build argument 'cmake_target_skip_unavailable' from command line to 'False'
[0.237s] Level 5:colcon.colcon_core.verb:set package 'robot_common_interfaces' build argument 'cmake_clean_cache' from command line to 'False'
[0.237s] Level 5:colcon.colcon_core.verb:set package 'robot_common_interfaces' build argument 'cmake_clean_first' from command line to 'False'
[0.237s] Level 5:colcon.colcon_core.verb:set package 'robot_common_interfaces' build argument 'cmake_force_configure' from command line to 'False'
[0.237s] Level 5:colcon.colcon_core.verb:set package 'robot_common_interfaces' build argument 'ament_cmake_args' from command line to 'None'
[0.237s] Level 5:colcon.colcon_core.verb:set package 'robot_common_interfaces' build argument 'catkin_cmake_args' from command line to 'None'
[0.237s] Level 5:colcon.colcon_core.verb:set package 'robot_common_interfaces' build argument 'catkin_skip_building_tests' from command line to 'False'
[0.237s] DEBUG:colcon.colcon_core.verb:Building package 'robot_common_interfaces' with the following arguments: {'ament_cmake_args': None, 'build_base': '/home/tamir/autonomous_robot/build/robot_common_interfaces', 'catkin_cmake_args': None, 'catkin_skip_building_tests': False, 'cmake_args': None, 'cmake_clean_cache': False, 'cmake_clean_first': False, 'cmake_force_configure': False, 'cmake_target': None, 'cmake_target_skip_unavailable': False, 'install_base': '/home/tamir/autonomous_robot/install/robot_common_interfaces', 'merge_install': False, 'path': '/home/tamir/autonomous_robot/robot_common_interfaces', 'symlink_install': False, 'test_result_base': None}
[0.237s] Level 5:colcon.colcon_core.verb:set package 'autonomous_robot_control' build argument 'cmake_args' from command line to 'None'
[0.237s] Level 5:colcon.colcon_core.verb:set package 'autonomous_robot_control' build argument 'cmake_target' from command line to 'None'
[0.237s] Level 5:colcon.colcon_core.verb:set package 'autonomous_robot_control' build argument 'cmake_target_skip_unavailable' from command line to 'False'
[0.237s] Level 5:colcon.colcon_core.verb:set package 'autonomous_robot_control' build argument 'cmake_clean_cache' from command line to 'False'
[0.237s] Level 5:colcon.colcon_core.verb:set package 'autonomous_robot_control' build argument 'cmake_clean_first' from command line to 'False'
[0.237s] Level 5:colcon.colcon_core.verb:set package 'autonomous_robot_control' build argument 'cmake_force_configure' from command line to 'False'
[0.237s] Level 5:colcon.colcon_core.verb:set package 'autonomous_robot_control' build argument 'ament_cmake_args' from command line to 'None'
[0.237s] Level 5:colcon.colcon_core.verb:set package 'autonomous_robot_control' build argument 'catkin_cmake_args' from command line to 'None'
[0.237s] Level 5:colcon.colcon_core.verb:set package 'autonomous_robot_control' build argument 'catkin_skip_building_tests' from command line to 'False'
[0.237s] DEBUG:colcon.colcon_core.verb:Building package 'autonomous_robot_control' with the following arguments: {'ament_cmake_args': None, 'build_base': '/home/tamir/autonomous_robot/build/autonomous_robot_control', 'catkin_cmake_args': None, 'catkin_skip_building_tests': False, 'cmake_args': None, 'cmake_clean_cache': False, 'cmake_clean_first': False, 'cmake_force_configure': False, 'cmake_target': None, 'cmake_target_skip_unavailable': False, 'install_base': '/home/tamir/autonomous_robot/install/autonomous_robot_control', 'merge_install': False, 'path': '/home/tamir/autonomous_robot/autonomous_robot_control', 'symlink_install': False, 'test_result_base': None}
[0.237s] INFO:colcon.colcon_core.executor:Executing jobs using 'parallel' executor
[0.238s] DEBUG:colcon.colcon_parallel_executor.executor.parallel:run_until_complete
[0.238s] INFO:colcon.colcon_ros.task.ament_cmake.build:Building ROS package in '/home/tamir/autonomous_robot/robot_common_interfaces' with build type 'ament_cmake'
[0.238s] INFO:colcon.colcon_cmake.task.cmake.build:Building CMake package in '/home/tamir/autonomous_robot/robot_common_interfaces'
[0.240s] INFO:colcon.colcon_core.plugin_system:Skipping extension 'colcon_core.shell.bat': Not used on non-Windows systems
[0.240s] INFO:colcon.colcon_core.shell:Skip shell extension 'powershell' for command environment: Not usable outside of PowerShell
[0.240s] DEBUG:colcon.colcon_core.shell:Skip shell extension 'dsv' for command environment
[0.243s] INFO:colcon.colcon_ros.task.ament_cmake.build:Building ROS package in '/home/tamir/autonomous_robot/autonomous_robot_description' with build type 'ament_cmake'
[0.244s] INFO:colcon.colcon_cmake.task.cmake.build:Building CMake package in '/home/tamir/autonomous_robot/autonomous_robot_description'
[0.244s] INFO:colcon.colcon_core.shell:Skip shell extension 'powershell' for command environment: Not usable outside of PowerShell
[0.244s] DEBUG:colcon.colcon_core.shell:Skip shell extension 'dsv' for command environment
[0.247s] INFO:colcon.colcon_ros.task.ament_cmake.build:Building ROS package in '/home/tamir/autonomous_robot/aws-robomaker-small-warehouse-world' with build type 'ament_cmake'
[0.247s] INFO:colcon.colcon_cmake.task.cmake.build:Building CMake package in '/home/tamir/autonomous_robot/aws-robomaker-small-warehouse-world'
[0.247s] INFO:colcon.colcon_core.shell:Skip shell extension 'powershell' for command environment: Not usable outside of PowerShell
[0.248s] DEBUG:colcon.colcon_core.shell:Skip shell extension 'dsv' for command environment
[0.255s] DEBUG:colcon.colcon_core.event_handler.log_command:Invoking command in '/home/tamir/autonomous_robot/build/robot_common_interfaces': CMAKE_PREFIX_PATH=${CMAKE_PREFIX_PATH}:/home/tamir/ros2_ws/install/turtle_spawner:/home/tamir/ros2_ws/install/turtle_controller:/home/tamir/ros2_ws/install/my_py_pkg:/home/tamir/install/turtlebot3_gazebo:/home/tamir/install/turtle_spawner:/home/tamir/install/turtle_controller:/home/tamir/install/my_py_pkg:/opt/ros/humble /usr/bin/cmake --build /home/tamir/autonomous_robot/build/robot_common_interfaces -- -j12 -l12
[0.257s] DEBUG:colcon.colcon_core.event_handler.log_command:Invoking command in '/home/tamir/autonomous_robot/build/autonomous_robot_description': CMAKE_PREFIX_PATH=${CMAKE_PREFIX_PATH}:/home/tamir/ros2_ws/install/turtle_spawner:/home/tamir/ros2_ws/install/turtle_controller:/home/tamir/ros2_ws/install/my_py_pkg:/home/tamir/install/turtlebot3_gazebo:/home/tamir/install/turtle_spawner:/home/tamir/install/turtle_controller:/home/tamir/install/my_py_pkg:/opt/ros/humble /usr/bin/cmake --build /home/tamir/autonomous_robot/build/autonomous_robot_description -- -j12 -l12
[0.260s] DEBUG:colcon.colcon_core.event_handler.log_command:Invoking command in '/home/tamir/autonomous_robot/build/aws_robomaker_small_warehouse_world': CMAKE_PREFIX_PATH=${CMAKE_PREFIX_PATH}:/home/tamir/ros2_ws/install/turtle_spawner:/home/tamir/ros2_ws/install/turtle_controller:/home/tamir/ros2_ws/install/my_py_pkg:/home/tamir/install/turtlebot3_gazebo:/home/tamir/install/turtle_spawner:/home/tamir/install/turtle_controller:/home/tamir/install/my_py_pkg:/opt/ros/humble /usr/bin/cmake --build /home/tamir/autonomous_robot/build/aws_robomaker_small_warehouse_world -- -j12 -l12
[0.293s] DEBUG:colcon.colcon_core.event_handler.log_command:Invoked command in '/home/tamir/autonomous_robot/build/aws_robomaker_small_warehouse_world' returned '0': CMAKE_PREFIX_PATH=${CMAKE_PREFIX_PATH}:/home/tamir/ros2_ws/install/turtle_spawner:/home/tamir/ros2_ws/install/turtle_controller:/home/tamir/ros2_ws/install/my_py_pkg:/home/tamir/install/turtlebot3_gazebo:/home/tamir/install/turtle_spawner:/home/tamir/install/turtle_controller:/home/tamir/install/my_py_pkg:/opt/ros/humble /usr/bin/cmake --build /home/tamir/autonomous_robot/build/aws_robomaker_small_warehouse_world -- -j12 -l12
[0.294s] DEBUG:colcon.colcon_core.event_handler.log_command:Invoked command in '/home/tamir/autonomous_robot/build/autonomous_robot_description' returned '0': CMAKE_PREFIX_PATH=${CMAKE_PREFIX_PATH}:/home/tamir/ros2_ws/install/turtle_spawner:/home/tamir/ros2_ws/install/turtle_controller:/home/tamir/ros2_ws/install/my_py_pkg:/home/tamir/install/turtlebot3_gazebo:/home/tamir/install/turtle_spawner:/home/tamir/install/turtle_controller:/home/tamir/install/my_py_pkg:/opt/ros/humble /usr/bin/cmake --build /home/tamir/autonomous_robot/build/autonomous_robot_description -- -j12 -l12
[0.337s] DEBUG:colcon.colcon_core.event_handler.log_command:Invoking command in '/home/tamir/autonomous_robot/build/autonomous_robot_description': CMAKE_PREFIX_PATH=${CMAKE_PREFIX_PATH}:/home/tamir/ros2_ws/install/turtle_spawner:/home/tamir/ros2_ws/install/turtle_controller:/home/tamir/ros2_ws/install/my_py_pkg:/home/tamir/install/turtlebot3_gazebo:/home/tamir/install/turtle_spawner:/home/tamir/install/turtle_controller:/home/tamir/install/my_py_pkg:/opt/ros/humble /usr/bin/cmake --install /home/tamir/autonomous_robot/build/autonomous_robot_description
[0.340s] DEBUG:colcon.colcon_core.event_handler.log_command:Invoking command in '/home/tamir/autonomous_robot/build/aws_robomaker_small_warehouse_world': CMAKE_PREFIX_PATH=${CMAKE_PREFIX_PATH}:/home/tamir/ros2_ws/install/turtle_spawner:/home/tamir/ros2_ws/install/turtle_controller:/home/tamir/ros2_ws/install/my_py_pkg:/home/tamir/install/turtlebot3_gazebo:/home/tamir/install/turtle_spawner:/home/tamir/install/turtle_controller:/home/tamir/install/my_py_pkg:/opt/ros/humble /usr/bin/cmake --install /home/tamir/autonomous_robot/build/aws_robomaker_small_warehouse_world
[0.346s] Level 1:colcon.colcon_core.environment:create_environment_scripts_only(autonomous_robot_description)
[0.352s] Level 1:colcon.colcon_core.environment:checking '/home/tamir/autonomous_robot/install/autonomous_robot_description' for CMake module files
[0.355s] Level 1:colcon.colcon_core.environment:checking '/home/tamir/autonomous_robot/install/autonomous_robot_description' for CMake config files
[0.355s] Level 1:colcon.colcon_core.shell:create_environment_hook('autonomous_robot_description', 'cmake_prefix_path')
[0.355s] INFO:colcon.colcon_core.shell:Creating environment hook '/home/tamir/autonomous_robot/install/autonomous_robot_description/share/autonomous_robot_description/hook/cmake_prefix_path.ps1'
[0.356s] INFO:colcon.colcon_core.shell:Creating environment descriptor '/home/tamir/autonomous_robot/install/autonomous_robot_description/share/autonomous_robot_description/hook/cmake_prefix_path.dsv'
[0.356s] DEBUG:colcon.colcon_core.event_handler.log_command:Invoked command in '/home/tamir/autonomous_robot/build/autonomous_robot_description' returned '0': CMAKE_PREFIX_PATH=${CMAKE_PREFIX_PATH}:/home/tamir/ros2_ws/install/turtle_spawner:/home/tamir/ros2_ws/install/turtle_controller:/home/tamir/ros2_ws/install/my_py_pkg:/home/tamir/install/turtlebot3_gazebo:/home/tamir/install/turtle_spawner:/home/tamir/install/turtle_controller:/home/tamir/install/my_py_pkg:/opt/ros/humble /usr/bin/cmake --install /home/tamir/autonomous_robot/build/autonomous_robot_description
[0.359s] INFO:colcon.colcon_core.shell:Creating environment hook '/home/tamir/autonomous_robot/install/autonomous_robot_description/share/autonomous_robot_description/hook/cmake_prefix_path.sh'
[0.363s] Level 1:colcon.colcon_core.environment:checking '/home/tamir/autonomous_robot/install/autonomous_robot_description/bin'
[0.363s] Level 1:colcon.colcon_core.environment:checking '/home/tamir/autonomous_robot/install/autonomous_robot_description/lib/pkgconfig/autonomous_robot_description.pc'
[0.364s] Level 1:colcon.colcon_core.environment:checking '/home/tamir/autonomous_robot/install/autonomous_robot_description/lib/python3.10/site-packages'
[0.365s] Level 1:colcon.colcon_core.environment:checking '/home/tamir/autonomous_robot/install/autonomous_robot_description/bin'
[0.365s] INFO:colcon.colcon_core.shell:Creating package script '/home/tamir/autonomous_robot/install/autonomous_robot_description/share/autonomous_robot_description/package.ps1'
[0.367s] INFO:colcon.colcon_core.shell:Creating package descriptor '/home/tamir/autonomous_robot/install/autonomous_robot_description/share/autonomous_robot_description/package.dsv'
[0.368s] INFO:colcon.colcon_core.shell:Creating package script '/home/tamir/autonomous_robot/install/autonomous_robot_description/share/autonomous_robot_description/package.sh'
[0.369s] INFO:colcon.colcon_core.shell:Creating package script '/home/tamir/autonomous_robot/install/autonomous_robot_description/share/autonomous_robot_description/package.bash'
[0.369s] INFO:colcon.colcon_core.shell:Creating package script '/home/tamir/autonomous_robot/install/autonomous_robot_description/share/autonomous_robot_description/package.zsh'
[0.370s] Level 1:colcon.colcon_core.environment:create_file_with_runtime_dependencies(/home/tamir/autonomous_robot/install/autonomous_robot_description/share/colcon-core/packages/autonomous_robot_description)
[0.371s] Level 1:colcon.colcon_core.environment:create_environment_scripts_only(aws_robomaker_small_warehouse_world)
[0.371s] Level 1:colcon.colcon_core.environment:checking '/home/tamir/autonomous_robot/install/aws_robomaker_small_warehouse_world' for CMake module files
[0.372s] DEBUG:colcon.colcon_core.event_handler.log_command:Invoked command in '/home/tamir/autonomous_robot/build/aws_robomaker_small_warehouse_world' returned '0': CMAKE_PREFIX_PATH=${CMAKE_PREFIX_PATH}:/home/tamir/ros2_ws/install/turtle_spawner:/home/tamir/ros2_ws/install/turtle_controller:/home/tamir/ros2_ws/install/my_py_pkg:/home/tamir/install/turtlebot3_gazebo:/home/tamir/install/turtle_spawner:/home/tamir/install/turtle_controller:/home/tamir/install/my_py_pkg:/opt/ros/humble /usr/bin/cmake --install /home/tamir/autonomous_robot/build/aws_robomaker_small_warehouse_world
[0.372s] Level 1:colcon.colcon_core.environment:checking '/home/tamir/autonomous_robot/install/aws_robomaker_small_warehouse_world' for CMake config files
[0.372s] Level 1:colcon.colcon_core.shell:create_environment_hook('aws_robomaker_small_warehouse_world', 'cmake_prefix_path')
[0.373s] INFO:colcon.colcon_core.shell:Creating environment hook '/home/tamir/autonomous_robot/install/aws_robomaker_small_warehouse_world/share/aws_robomaker_small_warehouse_world/hook/cmake_prefix_path.ps1'
[0.373s] INFO:colcon.colcon_core.shell:Creating environment descriptor '/home/tamir/autonomous_robot/install/aws_robomaker_small_warehouse_world/share/aws_robomaker_small_warehouse_world/hook/cmake_prefix_path.dsv'
[0.373s] INFO:colcon.colcon_core.shell:Creating environment hook '/home/tamir/autonomous_robot/install/aws_robomaker_small_warehouse_world/share/aws_robomaker_small_warehouse_world/hook/cmake_prefix_path.sh'
[0.373s] Level 1:colcon.colcon_core.environment:checking '/home/tamir/autonomous_robot/install/aws_robomaker_small_warehouse_world/bin'
[0.373s] Level 1:colcon.colcon_core.environment:checking '/home/tamir/autonomous_robot/install/aws_robomaker_small_warehouse_world/lib/pkgconfig/aws_robomaker_small_warehouse_world.pc'
[0.374s] Level 1:colcon.colcon_core.environment:checking '/home/tamir/autonomous_robot/install/aws_robomaker_small_warehouse_world/lib/python3.10/site-packages'
[0.374s] Level 1:colcon.colcon_core.environment:checking '/home/tamir/autonomous_robot/install/aws_robomaker_small_warehouse_world/bin'
[0.374s] INFO:colcon.colcon_core.shell:Creating package script '/home/tamir/autonomous_robot/install/aws_robomaker_small_warehouse_world/share/aws_robomaker_small_warehouse_world/package.ps1'
[0.374s] INFO:colcon.colcon_core.shell:Creating package descriptor '/home/tamir/autonomous_robot/install/aws_robomaker_small_warehouse_world/share/aws_robomaker_small_warehouse_world/package.dsv'
[0.375s] INFO:colcon.colcon_core.shell:Creating package script '/home/tamir/autonomous_robot/install/aws_robomaker_small_warehouse_world/share/aws_robomaker_small_warehouse_world/package.sh'
[0.375s] INFO:colcon.colcon_core.shell:Creating package script '/home/tamir/autonomous_robot/install/aws_robomaker_small_warehouse_world/share/aws_robomaker_small_warehouse_world/package.bash'
[0.375s] INFO:colcon.colcon_core.shell:Creating package script '/home/tamir/autonomous_robot/install/aws_robomaker_small_warehouse_world/share/aws_robomaker_small_warehouse_world/package.zsh'
[0.375s] Level 1:colcon.colcon_core.environment:create_file_with_runtime_dependencies(/home/tamir/autonomous_robot/install/aws_robomaker_small_warehouse_world/share/colcon-core/packages/aws_robomaker_small_warehouse_world)
[0.388s] Level 1:colcon.colcon_core.environment:create_environment_scripts_only(autonomous_robot_description)
[0.388s] Level 1:colcon.colcon_core.environment:checking '/home/tamir/autonomous_robot/install/autonomous_robot_description' for CMake module files
[0.389s] Level 1:colcon.colcon_core.environment:checking '/home/tamir/autonomous_robot/install/autonomous_robot_description' for CMake config files
[0.389s] Level 1:colcon.colcon_core.shell:create_environment_hook('autonomous_robot_description', 'cmake_prefix_path')
[0.389s] INFO:colcon.colcon_core.shell:Creating environment hook '/home/tamir/autonomous_robot/install/autonomous_robot_description/share/autonomous_robot_description/hook/cmake_prefix_path.ps1'
[0.390s] INFO:colcon.colcon_core.shell:Creating environment descriptor '/home/tamir/autonomous_robot/install/autonomous_robot_description/share/autonomous_robot_description/hook/cmake_prefix_path.dsv'
[0.390s] INFO:colcon.colcon_core.shell:Creating environment hook '/home/tamir/autonomous_robot/install/autonomous_robot_description/share/autonomous_robot_description/hook/cmake_prefix_path.sh'
[0.391s] Level 1:colcon.colcon_core.environment:checking '/home/tamir/autonomous_robot/install/autonomous_robot_description/bin'
[0.391s] Level 1:colcon.colcon_core.environment:checking '/home/tamir/autonomous_robot/install/autonomous_robot_description/lib/pkgconfig/autonomous_robot_description.pc'
[0.391s] Level 1:colcon.colcon_core.environment:checking '/home/tamir/autonomous_robot/install/autonomous_robot_description/lib/python3.10/site-packages'
[0.392s] Level 1:colcon.colcon_core.environment:checking '/home/tamir/autonomous_robot/install/autonomous_robot_description/bin'
[0.392s] INFO:colcon.colcon_core.shell:Creating package script '/home/tamir/autonomous_robot/install/autonomous_robot_description/share/autonomous_robot_description/package.ps1'
[0.393s] INFO:colcon.colcon_core.shell:Creating package descriptor '/home/tamir/autonomous_robot/install/autonomous_robot_description/share/autonomous_robot_description/package.dsv'
[0.393s] INFO:colcon.colcon_core.shell:Creating package script '/home/tamir/autonomous_robot/install/autonomous_robot_description/share/autonomous_robot_description/package.sh'
[0.394s] INFO:colcon.colcon_core.shell:Creating package script '/home/tamir/autonomous_robot/install/autonomous_robot_description/share/autonomous_robot_description/package.bash'
[0.394s] INFO:colcon.colcon_core.shell:Creating package script '/home/tamir/autonomous_robot/install/autonomous_robot_description/share/autonomous_robot_description/package.zsh'
[0.395s] Level 1:colcon.colcon_core.environment:create_file_with_runtime_dependencies(/home/tamir/autonomous_robot/install/autonomous_robot_description/share/colcon-core/packages/autonomous_robot_description)
[0.396s] Level 1:colcon.colcon_core.environment:create_environment_scripts_only(aws_robomaker_small_warehouse_world)
[0.397s] Level 1:colcon.colcon_core.environment:checking '/home/tamir/autonomous_robot/install/aws_robomaker_small_warehouse_world' for CMake module files
[0.397s] Level 1:colcon.colcon_core.environment:checking '/home/tamir/autonomous_robot/install/aws_robomaker_small_warehouse_world' for CMake config files
[0.398s] Level 1:colcon.colcon_core.shell:create_environment_hook('aws_robomaker_small_warehouse_world', 'cmake_prefix_path')
[0.398s] INFO:colcon.colcon_core.shell:Creating environment hook '/home/tamir/autonomous_robot/install/aws_robomaker_small_warehouse_world/share/aws_robomaker_small_warehouse_world/hook/cmake_prefix_path.ps1'
[0.399s] INFO:colcon.colcon_core.shell:Creating environment descriptor '/home/tamir/autonomous_robot/install/aws_robomaker_small_warehouse_world/share/aws_robomaker_small_warehouse_world/hook/cmake_prefix_path.dsv'
[0.399s] INFO:colcon.colcon_core.shell:Creating environment hook '/home/tamir/autonomous_robot/install/aws_robomaker_small_warehouse_world/share/aws_robomaker_small_warehouse_world/hook/cmake_prefix_path.sh'
[0.400s] Level 1:colcon.colcon_core.environment:checking '/home/tamir/autonomous_robot/install/aws_robomaker_small_warehouse_world/bin'
[0.400s] Level 1:colcon.colcon_core.environment:checking '/home/tamir/autonomous_robot/install/aws_robomaker_small_warehouse_world/lib/pkgconfig/aws_robomaker_small_warehouse_world.pc'
[0.400s] Level 1:colcon.colcon_core.environment:checking '/home/tamir/autonomous_robot/install/aws_robomaker_small_warehouse_world/lib/python3.10/site-packages'
[0.400s] Level 1:colcon.colcon_core.environment:checking '/home/tamir/autonomous_robot/install/aws_robomaker_small_warehouse_world/bin'
[0.401s] INFO:colcon.colcon_core.shell:Creating package script '/home/tamir/autonomous_robot/install/aws_robomaker_small_warehouse_world/share/aws_robomaker_small_warehouse_world/package.ps1'
[0.402s] INFO:colcon.colcon_core.shell:Creating package descriptor '/home/tamir/autonomous_robot/install/aws_robomaker_small_warehouse_world/share/aws_robomaker_small_warehouse_world/package.dsv'
[0.403s] INFO:colcon.colcon_core.shell:Creating package script '/home/tamir/autonomous_robot/install/aws_robomaker_small_warehouse_world/share/aws_robomaker_small_warehouse_world/package.sh'
[0.403s] INFO:colcon.colcon_core.shell:Creating package script '/home/tamir/autonomous_robot/install/aws_robomaker_small_warehouse_world/share/aws_robomaker_small_warehouse_world/package.bash'
[0.404s] INFO:colcon.colcon_core.shell:Creating package script '/home/tamir/autonomous_robot/install/aws_robomaker_small_warehouse_world/share/aws_robomaker_small_warehouse_world/package.zsh'
[0.404s] Level 1:colcon.colcon_core.environment:create_file_with_runtime_dependencies(/home/tamir/autonomous_robot/install/aws_robomaker_small_warehouse_world/share/colcon-core/packages/aws_robomaker_small_warehouse_world)
[0.531s] DEBUG:colcon.colcon_core.event_handler.log_command:Invoked command in '/home/tamir/autonomous_robot/build/robot_common_interfaces' returned '0': CMAKE_PREFIX_PATH=${CMAKE_PREFIX_PATH}:/home/tamir/ros2_ws/install/turtle_spawner:/home/tamir/ros2_ws/install/turtle_controller:/home/tamir/ros2_ws/install/my_py_pkg:/home/tamir/install/turtlebot3_gazebo:/home/tamir/install/turtle_spawner:/home/tamir/install/turtle_controller:/home/tamir/install/my_py_pkg:/opt/ros/humble /usr/bin/cmake --build /home/tamir/autonomous_robot/build/robot_common_interfaces -- -j12 -l12
[0.589s] DEBUG:colcon.colcon_core.event_handler.log_command:Invoking command in '/home/tamir/autonomous_robot/build/robot_common_interfaces': CMAKE_PREFIX_PATH=${CMAKE_PREFIX_PATH}:/home/tamir/ros2_ws/install/turtle_spawner:/home/tamir/ros2_ws/install/turtle_controller:/home/tamir/ros2_ws/install/my_py_pkg:/home/tamir/install/turtlebot3_gazebo:/home/tamir/install/turtle_spawner:/home/tamir/install/turtle_controller:/home/tamir/install/my_py_pkg:/opt/ros/humble /usr/bin/cmake --install /home/tamir/autonomous_robot/build/robot_common_interfaces
[0.634s] Level 1:colcon.colcon_core.environment:create_environment_scripts_only(robot_common_interfaces)
[0.635s] Level 1:colcon.colcon_core.environment:checking '/home/tamir/autonomous_robot/install/robot_common_interfaces' for CMake module files
[0.636s] Level 1:colcon.colcon_core.environment:checking '/home/tamir/autonomous_robot/install/robot_common_interfaces' for CMake config files
[0.638s] DEBUG:colcon.colcon_core.event_handler.log_command:Invoked command in '/home/tamir/autonomous_robot/build/robot_common_interfaces' returned '0': CMAKE_PREFIX_PATH=${CMAKE_PREFIX_PATH}:/home/tamir/ros2_ws/install/turtle_spawner:/home/tamir/ros2_ws/install/turtle_controller:/home/tamir/ros2_ws/install/my_py_pkg:/home/tamir/install/turtlebot3_gazebo:/home/tamir/install/turtle_spawner:/home/tamir/install/turtle_controller:/home/tamir/install/my_py_pkg:/opt/ros/humble /usr/bin/cmake --install /home/tamir/autonomous_robot/build/robot_common_interfaces
[0.639s] Level 1:colcon.colcon_core.shell:create_environment_hook('robot_common_interfaces', 'cmake_prefix_path')
[0.639s] INFO:colcon.colcon_core.shell:Creating environment hook '/home/tamir/autonomous_robot/install/robot_common_interfaces/share/robot_common_interfaces/hook/cmake_prefix_path.ps1'
[0.640s] INFO:colcon.colcon_core.shell:Creating environment descriptor '/home/tamir/autonomous_robot/install/robot_common_interfaces/share/robot_common_interfaces/hook/cmake_prefix_path.dsv'
[0.640s] INFO:colcon.colcon_core.shell:Creating environment hook '/home/tamir/autonomous_robot/install/robot_common_interfaces/share/robot_common_interfaces/hook/cmake_prefix_path.sh'
[0.641s] Level 1:colcon.colcon_core.environment:checking '/home/tamir/autonomous_robot/install/robot_common_interfaces/lib'
[0.641s] Level 1:colcon.colcon_core.shell:create_environment_hook('robot_common_interfaces', 'ld_library_path_lib')
[0.641s] INFO:colcon.colcon_core.shell:Creating environment hook '/home/tamir/autonomous_robot/install/robot_common_interfaces/share/robot_common_interfaces/hook/ld_library_path_lib.ps1'
[0.642s] INFO:colcon.colcon_core.shell:Creating environment descriptor '/home/tamir/autonomous_robot/install/robot_common_interfaces/share/robot_common_interfaces/hook/ld_library_path_lib.dsv'
[0.642s] INFO:colcon.colcon_core.shell:Creating environment hook '/home/tamir/autonomous_robot/install/robot_common_interfaces/share/robot_common_interfaces/hook/ld_library_path_lib.sh'
[0.643s] Level 1:colcon.colcon_core.environment:checking '/home/tamir/autonomous_robot/install/robot_common_interfaces/bin'
[0.643s] Level 1:colcon.colcon_core.environment:checking '/home/tamir/autonomous_robot/install/robot_common_interfaces/lib/pkgconfig/robot_common_interfaces.pc'
[0.643s] Level 1:colcon.colcon_core.environment:checking '/home/tamir/autonomous_robot/install/robot_common_interfaces/lib/python3.10/site-packages'
[0.643s] Level 1:colcon.colcon_core.environment:checking '/home/tamir/autonomous_robot/install/robot_common_interfaces/bin'
[0.644s] INFO:colcon.colcon_core.shell:Creating package script '/home/tamir/autonomous_robot/install/robot_common_interfaces/share/robot_common_interfaces/package.ps1'
[0.644s] INFO:colcon.colcon_core.shell:Creating package descriptor '/home/tamir/autonomous_robot/install/robot_common_interfaces/share/robot_common_interfaces/package.dsv'
[0.645s] INFO:colcon.colcon_core.shell:Creating package script '/home/tamir/autonomous_robot/install/robot_common_interfaces/share/robot_common_interfaces/package.sh'
[0.645s] INFO:colcon.colcon_core.shell:Creating package script '/home/tamir/autonomous_robot/install/robot_common_interfaces/share/robot_common_interfaces/package.bash'
[0.646s] INFO:colcon.colcon_core.shell:Creating package script '/home/tamir/autonomous_robot/install/robot_common_interfaces/share/robot_common_interfaces/package.zsh'
[0.646s] Level 1:colcon.colcon_core.environment:create_file_with_runtime_dependencies(/home/tamir/autonomous_robot/install/robot_common_interfaces/share/colcon-core/packages/robot_common_interfaces)
[0.726s] Level 1:colcon.colcon_core.environment:create_environment_scripts_only(robot_common_interfaces)
[0.726s] Level 1:colcon.colcon_core.environment:checking '/home/tamir/autonomous_robot/install/robot_common_interfaces' for CMake module files
[0.727s] Level 1:colcon.colcon_core.environment:checking '/home/tamir/autonomous_robot/install/robot_common_interfaces' for CMake config files
[0.727s] Level 1:colcon.colcon_core.shell:create_environment_hook('robot_common_interfaces', 'cmake_prefix_path')
[0.728s] INFO:colcon.colcon_core.shell:Creating environment hook '/home/tamir/autonomous_robot/install/robot_common_interfaces/share/robot_common_interfaces/hook/cmake_prefix_path.ps1'
[0.728s] INFO:colcon.colcon_core.shell:Creating environment descriptor '/home/tamir/autonomous_robot/install/robot_common_interfaces/share/robot_common_interfaces/hook/cmake_prefix_path.dsv'
[0.729s] INFO:colcon.colcon_core.shell:Creating environment hook '/home/tamir/autonomous_robot/install/robot_common_interfaces/share/robot_common_interfaces/hook/cmake_prefix_path.sh'
[0.729s] Level 1:colcon.colcon_core.environment:checking '/home/tamir/autonomous_robot/install/robot_common_interfaces/lib'
[0.730s] Level 1:colcon.colcon_core.shell:create_environment_hook('robot_common_interfaces', 'ld_library_path_lib')
[0.730s] INFO:colcon.colcon_core.shell:Creating environment hook '/home/tamir/autonomous_robot/install/robot_common_interfaces/share/robot_common_interfaces/hook/ld_library_path_lib.ps1'
[0.730s] INFO:colcon.colcon_core.shell:Creating environment descriptor '/home/tamir/autonomous_robot/install/robot_common_interfaces/share/robot_common_interfaces/hook/ld_library_path_lib.dsv'
[0.731s] INFO:colcon.colcon_core.shell:Creating environment hook '/home/tamir/autonomous_robot/install/robot_common_interfaces/share/robot_common_interfaces/hook/ld_library_path_lib.sh'
[0.731s] Level 1:colcon.colcon_core.environment:checking '/home/tamir/autonomous_robot/install/robot_common_interfaces/bin'
[0.731s] Level 1:colcon.colcon_core.environment:checking '/home/tamir/autonomous_robot/install/robot_common_interfaces/lib/pkgconfig/robot_common_interfaces.pc'
[0.732s] Level 1:colcon.colcon_core.environment:checking '/home/tamir/autonomous_robot/install/robot_common_interfaces/lib/python3.10/site-packages'
[0.732s] Level 1:colcon.colcon_core.environment:checking '/home/tamir/autonomous_robot/install/robot_common_interfaces/bin'
[0.732s] INFO:colcon.colcon_core.shell:Creating package script '/home/tamir/autonomous_robot/install/robot_common_interfaces/share/robot_common_interfaces/package.ps1'
[0.733s] INFO:colcon.colcon_core.shell:Creating package descriptor '/home/tamir/autonomous_robot/install/robot_common_interfaces/share/robot_common_interfaces/package.dsv'
[0.734s] INFO:colcon.colcon_core.shell:Creating package script '/home/tamir/autonomous_robot/install/robot_common_interfaces/share/robot_common_interfaces/package.sh'
[0.734s] INFO:colcon.colcon_core.shell:Creating package script '/home/tamir/autonomous_robot/install/robot_common_interfaces/share/robot_common_interfaces/package.bash'
[0.735s] INFO:colcon.colcon_core.shell:Creating package script '/home/tamir/autonomous_robot/install/robot_common_interfaces/share/robot_common_interfaces/package.zsh'
[0.735s] Level 1:colcon.colcon_core.environment:create_file_with_runtime_dependencies(/home/tamir/autonomous_robot/install/robot_common_interfaces/share/colcon-core/packages/robot_common_interfaces)
[0.735s] INFO:colcon.colcon_ros.task.ament_cmake.build:Building ROS package in '/home/tamir/autonomous_robot/autonomous_robot_control' with build type 'ament_cmake'
[0.736s] INFO:colcon.colcon_cmake.task.cmake.build:Building CMake package in '/home/tamir/autonomous_robot/autonomous_robot_control'
[0.736s] INFO:colcon.colcon_core.shell:Skip shell extension 'powershell' for command environment: Not usable outside of PowerShell
[0.736s] DEBUG:colcon.colcon_core.shell:Skip shell extension 'dsv' for command environment
[0.754s] DEBUG:colcon.colcon_core.event_handler.log_command:Invoking command in '/home/tamir/autonomous_robot/build/autonomous_robot_control': CMAKE_PREFIX_PATH=/home/tamir/autonomous_robot/install/robot_common_interfaces:/home/tamir/autonomous_robot/install/autonomous_robot_control:/home/tamir/autonomous_robot/install/aws_robomaker_small_warehouse_world:/home/tamir/autonomous_robot/install/autonomous_robot_description:/home/tamir/autonomous_robot/autonomous_robot_description/install/autonomous_robot_description:/home/tamir/ros2_ws/install/my_turtle_interfaces:/home/tamir/ros2_ws/install/my_robot_interfaces:/home/tamir/ros2_ws/install/my_robot_bringup:/home/tamir/ros2_ws/install/my_robot_description:/home/tamir/ros2_ws/install/my_cpp_pkg:/home/tamir/turtlebot3_ws/install/turtlebot3_simulations:/home/tamir/turtlebot3_ws/install/turtlebot3_gazebo:/home/tamir/turtlebot3_ws/install/turtlebot3_fake_node:/home/tamir/install/turtlebot3_simulations:/home/tamir/install/turtlebot3_fake_node:/home/tamir/install/my_turtle_interfaces:/home/tamir/install/my_robot_interfaces:/home/tamir/install/my_robot_bringup:/home/tamir/install/my_robot_description:/home/tamir/install/my_cpp_pkg:/home/tamir/install/mauro_prototype_description:/home/tamir/install/aws_robomaker_small_warehouse_world:/home/tamir/install/autonomous_robot_description:/home/tamir/ros2_ws/install/turtle_spawner:/home/tamir/ros2_ws/install/turtle_controller:/home/tamir/ros2_ws/install/my_py_pkg:/home/tamir/install/turtlebot3_gazebo:/home/tamir/install/turtle_spawner:/home/tamir/install/turtle_controller:/home/tamir/install/my_py_pkg:/opt/ros/humble LD_LIBRARY_PATH=/home/tamir/autonomous_robot/install/robot_common_interfaces/lib:/home/tamir/ros2_ws/install/my_turtle_interfaces/lib:/home/tamir/ros2_ws/install/my_robot_interfaces/lib:/home/tamir/install/my_turtle_interfaces/lib:/home/tamir/install/my_robot_interfaces/lib:/opt/ros/humble/opt/rviz_ogre_vendor/lib:/opt/ros/humble/lib/x86_64-linux-gnu:/opt/ros/humble/lib:/usr/lib/x86_64-linux-gnu/gazebo-11/plugins /usr/bin/cmake --build /home/tamir/autonomous_robot/build/autonomous_robot_control -- -j12 -l12
[0.854s] DEBUG:colcon.colcon_core.event_handler.log_command:Invoked command in '/home/tamir/autonomous_robot/build/autonomous_robot_control' returned '0': CMAKE_PREFIX_PATH=/home/tamir/autonomous_robot/install/robot_common_interfaces:/home/tamir/autonomous_robot/install/autonomous_robot_control:/home/tamir/autonomous_robot/install/aws_robomaker_small_warehouse_world:/home/tamir/autonomous_robot/install/autonomous_robot_description:/home/tamir/autonomous_robot/autonomous_robot_description/install/autonomous_robot_description:/home/tamir/ros2_ws/install/my_turtle_interfaces:/home/tamir/ros2_ws/install/my_robot_interfaces:/home/tamir/ros2_ws/install/my_robot_bringup:/home/tamir/ros2_ws/install/my_robot_description:/home/tamir/ros2_ws/install/my_cpp_pkg:/home/tamir/turtlebot3_ws/install/turtlebot3_simulations:/home/tamir/turtlebot3_ws/install/turtlebot3_gazebo:/home/tamir/turtlebot3_ws/install/turtlebot3_fake_node:/home/tamir/install/turtlebot3_simulations:/home/tamir/install/turtlebot3_fake_node:/home/tamir/install/my_turtle_interfaces:/home/tamir/install/my_robot_interfaces:/home/tamir/install/my_robot_bringup:/home/tamir/install/my_robot_description:/home/tamir/install/my_cpp_pkg:/home/tamir/install/mauro_prototype_description:/home/tamir/install/aws_robomaker_small_warehouse_world:/home/tamir/install/autonomous_robot_description:/home/tamir/ros2_ws/install/turtle_spawner:/home/tamir/ros2_ws/install/turtle_controller:/home/tamir/ros2_ws/install/my_py_pkg:/home/tamir/install/turtlebot3_gazebo:/home/tamir/install/turtle_spawner:/home/tamir/install/turtle_controller:/home/tamir/install/my_py_pkg:/opt/ros/humble LD_LIBRARY_PATH=/home/tamir/autonomous_robot/install/robot_common_interfaces/lib:/home/tamir/ros2_ws/install/my_turtle_interfaces/lib:/home/tamir/ros2_ws/install/my_robot_interfaces/lib:/home/tamir/install/my_turtle_interfaces/lib:/home/tamir/install/my_robot_interfaces/lib:/opt/ros/humble/opt/rviz_ogre_vendor/lib:/opt/ros/humble/lib/x86_64-linux-gnu:/opt/ros/humble/lib:/usr/lib/x86_64-linux-gnu/gazebo-11/plugins /usr/bin/cmake --build /home/tamir/autonomous_robot/build/autonomous_robot_control -- -j12 -l12
[0.888s] DEBUG:colcon.colcon_core.event_handler.log_command:Invoking command in '/home/tamir/autonomous_robot/build/autonomous_robot_control': CMAKE_PREFIX_PATH=/home/tamir/autonomous_robot/install/robot_common_interfaces:/home/tamir/autonomous_robot/install/autonomous_robot_control:/home/tamir/autonomous_robot/install/aws_robomaker_small_warehouse_world:/home/tamir/autonomous_robot/install/autonomous_robot_description:/home/tamir/autonomous_robot/autonomous_robot_description/install/autonomous_robot_description:/home/tamir/ros2_ws/install/my_turtle_interfaces:/home/tamir/ros2_ws/install/my_robot_interfaces:/home/tamir/ros2_ws/install/my_robot_bringup:/home/tamir/ros2_ws/install/my_robot_description:/home/tamir/ros2_ws/install/my_cpp_pkg:/home/tamir/turtlebot3_ws/install/turtlebot3_simulations:/home/tamir/turtlebot3_ws/install/turtlebot3_gazebo:/home/tamir/turtlebot3_ws/install/turtlebot3_fake_node:/home/tamir/install/turtlebot3_simulations:/home/tamir/install/turtlebot3_fake_node:/home/tamir/install/my_turtle_interfaces:/home/tamir/install/my_robot_interfaces:/home/tamir/install/my_robot_bringup:/home/tamir/install/my_robot_description:/home/tamir/install/my_cpp_pkg:/home/tamir/install/mauro_prototype_description:/home/tamir/install/aws_robomaker_small_warehouse_world:/home/tamir/install/autonomous_robot_description:/home/tamir/ros2_ws/install/turtle_spawner:/home/tamir/ros2_ws/install/turtle_controller:/home/tamir/ros2_ws/install/my_py_pkg:/home/tamir/install/turtlebot3_gazebo:/home/tamir/install/turtle_spawner:/home/tamir/install/turtle_controller:/home/tamir/install/my_py_pkg:/opt/ros/humble LD_LIBRARY_PATH=/home/tamir/autonomous_robot/install/robot_common_interfaces/lib:/home/tamir/ros2_ws/install/my_turtle_interfaces/lib:/home/tamir/ros2_ws/install/my_robot_interfaces/lib:/home/tamir/install/my_turtle_interfaces/lib:/home/tamir/install/my_robot_interfaces/lib:/opt/ros/humble/opt/rviz_ogre_vendor/lib:/opt/ros/humble/lib/x86_64-linux-gnu:/opt/ros/humble/lib:/usr/lib/x86_64-linux-gnu/gazebo-11/plugins /usr/bin/cmake --install /home/tamir/autonomous_robot/build/autonomous_robot_control
[0.896s] Level 1:colcon.colcon_core.environment:create_environment_scripts_only(autonomous_robot_control)
[0.897s] Level 1:colcon.colcon_core.environment:checking '/home/tamir/autonomous_robot/install/autonomous_robot_control' for CMake module files
[0.897s] DEBUG:colcon.colcon_core.event_handler.log_command:Invoked command in '/home/tamir/autonomous_robot/build/autonomous_robot_control' returned '0': CMAKE_PREFIX_PATH=/home/tamir/autonomous_robot/install/robot_common_interfaces:/home/tamir/autonomous_robot/install/autonomous_robot_control:/home/tamir/autonomous_robot/install/aws_robomaker_small_warehouse_world:/home/tamir/autonomous_robot/install/autonomous_robot_description:/home/tamir/autonomous_robot/autonomous_robot_description/install/autonomous_robot_description:/home/tamir/ros2_ws/install/my_turtle_interfaces:/home/tamir/ros2_ws/install/my_robot_interfaces:/home/tamir/ros2_ws/install/my_robot_bringup:/home/tamir/ros2_ws/install/my_robot_description:/home/tamir/ros2_ws/install/my_cpp_pkg:/home/tamir/turtlebot3_ws/install/turtlebot3_simulations:/home/tamir/turtlebot3_ws/install/turtlebot3_gazebo:/home/tamir/turtlebot3_ws/install/turtlebot3_fake_node:/home/tamir/install/turtlebot3_simulations:/home/tamir/install/turtlebot3_fake_node:/home/tamir/install/my_turtle_interfaces:/home/tamir/install/my_robot_interfaces:/home/tamir/install/my_robot_bringup:/home/tamir/install/my_robot_description:/home/tamir/install/my_cpp_pkg:/home/tamir/install/mauro_prototype_description:/home/tamir/install/aws_robomaker_small_warehouse_world:/home/tamir/install/autonomous_robot_description:/home/tamir/ros2_ws/install/turtle_spawner:/home/tamir/ros2_ws/install/turtle_controller:/home/tamir/ros2_ws/install/my_py_pkg:/home/tamir/install/turtlebot3_gazebo:/home/tamir/install/turtle_spawner:/home/tamir/install/turtle_controller:/home/tamir/install/my_py_pkg:/opt/ros/humble LD_LIBRARY_PATH=/home/tamir/autonomous_robot/install/robot_common_interfaces/lib:/home/tamir/ros2_ws/install/my_turtle_interfaces/lib:/home/tamir/ros2_ws/install/my_robot_interfaces/lib:/home/tamir/install/my_turtle_interfaces/lib:/home/tamir/install/my_robot_interfaces/lib:/opt/ros/humble/opt/rviz_ogre_vendor/lib:/opt/ros/humble/lib/x86_64-linux-gnu:/opt/ros/humble/lib:/usr/lib/x86_64-linux-gnu/gazebo-11/plugins /usr/bin/cmake --install /home/tamir/autonomous_robot/build/autonomous_robot_control
[0.897s] Level 1:colcon.colcon_core.environment:checking '/home/tamir/autonomous_robot/install/autonomous_robot_control' for CMake config files
[0.898s] Level 1:colcon.colcon_core.shell:create_environment_hook('autonomous_robot_control', 'cmake_prefix_path')
[0.898s] INFO:colcon.colcon_core.shell:Creating environment hook '/home/tamir/autonomous_robot/install/autonomous_robot_control/share/autonomous_robot_control/hook/cmake_prefix_path.ps1'
[0.898s] INFO:colcon.colcon_core.shell:Creating environment descriptor '/home/tamir/autonomous_robot/install/autonomous_robot_control/share/autonomous_robot_control/hook/cmake_prefix_path.dsv'
[0.899s] INFO:colcon.colcon_core.shell:Creating environment hook '/home/tamir/autonomous_robot/install/autonomous_robot_control/share/autonomous_robot_control/hook/cmake_prefix_path.sh'
[0.899s] Level 1:colcon.colcon_core.environment:checking '/home/tamir/autonomous_robot/install/autonomous_robot_control/lib'
[0.899s] Level 1:colcon.colcon_core.environment:checking '/home/tamir/autonomous_robot/install/autonomous_robot_control/bin'
[0.899s] Level 1:colcon.colcon_core.environment:checking '/home/tamir/autonomous_robot/install/autonomous_robot_control/lib/pkgconfig/autonomous_robot_control.pc'
[0.900s] Level 1:colcon.colcon_core.environment:checking '/home/tamir/autonomous_robot/install/autonomous_robot_control/lib/python3.10/site-packages'
[0.900s] Level 1:colcon.colcon_core.environment:checking '/home/tamir/autonomous_robot/install/autonomous_robot_control/bin'
[0.900s] INFO:colcon.colcon_core.shell:Creating package script '/home/tamir/autonomous_robot/install/autonomous_robot_control/share/autonomous_robot_control/package.ps1'
[0.901s] INFO:colcon.colcon_core.shell:Creating package descriptor '/home/tamir/autonomous_robot/install/autonomous_robot_control/share/autonomous_robot_control/package.dsv'
[0.901s] INFO:colcon.colcon_core.shell:Creating package script '/home/tamir/autonomous_robot/install/autonomous_robot_control/share/autonomous_robot_control/package.sh'
[0.902s] INFO:colcon.colcon_core.shell:Creating package script '/home/tamir/autonomous_robot/install/autonomous_robot_control/share/autonomous_robot_control/package.bash'
[0.902s] INFO:colcon.colcon_core.shell:Creating package script '/home/tamir/autonomous_robot/install/autonomous_robot_control/share/autonomous_robot_control/package.zsh'
[0.902s] Level 1:colcon.colcon_core.environment:create_file_with_runtime_dependencies(/home/tamir/autonomous_robot/install/autonomous_robot_control/share/colcon-core/packages/autonomous_robot_control)
[0.946s] Level 1:colcon.colcon_core.environment:create_environment_scripts_only(autonomous_robot_control)
[0.946s] Level 1:colcon.colcon_core.environment:checking '/home/tamir/autonomous_robot/install/autonomous_robot_control' for CMake module files
[0.946s] Level 1:colcon.colcon_core.environment:checking '/home/tamir/autonomous_robot/install/autonomous_robot_control' for CMake config files
[0.947s] Level 1:colcon.colcon_core.shell:create_environment_hook('autonomous_robot_control', 'cmake_prefix_path')
[0.947s] INFO:colcon.colcon_core.shell:Creating environment hook '/home/tamir/autonomous_robot/install/autonomous_robot_control/share/autonomous_robot_control/hook/cmake_prefix_path.ps1'
[0.947s] INFO:colcon.colcon_core.shell:Creating environment descriptor '/home/tamir/autonomous_robot/install/autonomous_robot_control/share/autonomous_robot_control/hook/cmake_prefix_path.dsv'
[0.948s] INFO:colcon.colcon_core.shell:Creating environment hook '/home/tamir/autonomous_robot/install/autonomous_robot_control/share/autonomous_robot_control/hook/cmake_prefix_path.sh'
[0.948s] Level 1:colcon.colcon_core.environment:checking '/home/tamir/autonomous_robot/install/autonomous_robot_control/lib'
[0.948s] Level 1:colcon.colcon_core.environment:checking '/home/tamir/autonomous_robot/install/autonomous_robot_control/bin'
[0.948s] Level 1:colcon.colcon_core.environment:checking '/home/tamir/autonomous_robot/install/autonomous_robot_control/lib/pkgconfig/autonomous_robot_control.pc'
[0.949s] Level 1:colcon.colcon_core.environment:checking '/home/tamir/autonomous_robot/install/autonomous_robot_control/lib/python3.10/site-packages'
[0.949s] Level 1:colcon.colcon_core.environment:checking '/home/tamir/autonomous_robot/install/autonomous_robot_control/bin'
[0.949s] INFO:colcon.colcon_core.shell:Creating package script '/home/tamir/autonomous_robot/install/autonomous_robot_control/share/autonomous_robot_control/package.ps1'
[0.950s] INFO:colcon.colcon_core.shell:Creating package descriptor '/home/tamir/autonomous_robot/install/autonomous_robot_control/share/autonomous_robot_control/package.dsv'
[0.950s] INFO:colcon.colcon_core.shell:Creating package script '/home/tamir/autonomous_robot/install/autonomous_robot_control/share/autonomous_robot_control/package.sh'
[0.951s] INFO:colcon.colcon_core.shell:Creating package script '/home/tamir/autonomous_robot/install/autonomous_robot_control/share/autonomous_robot_control/package.bash'
[0.951s] INFO:colcon.colcon_core.shell:Creating package script '/home/tamir/autonomous_robot/install/autonomous_robot_control/share/autonomous_robot_control/package.zsh'
[0.951s] Level 1:colcon.colcon_core.environment:create_file_with_runtime_dependencies(/home/tamir/autonomous_robot/install/autonomous_robot_control/share/colcon-core/packages/autonomous_robot_control)
[0.952s] DEBUG:colcon.colcon_parallel_executor.executor.parallel:closing loop
[0.952s] DEBUG:colcon.colcon_parallel_executor.executor.parallel:loop closed
[0.952s] DEBUG:colcon.colcon_parallel_executor.executor.parallel:run_until_complete finished with '0'
[0.952s] DEBUG:colcon.colcon_core.event_reactor:joining thread
[0.959s] INFO:colcon.colcon_core.plugin_system:Skipping extension 'colcon_notification.desktop_notification.terminal_notifier': Not used on non-Darwin systems
[0.959s] INFO:colcon.colcon_core.plugin_system:Skipping extension 'colcon_notification.desktop_notification.win32': Not used on non-Windows systems
[0.959s] INFO:colcon.colcon_notification.desktop_notification:Sending desktop notification using 'notify2'
[0.971s] DEBUG:colcon.colcon_core.event_reactor:joined thread
[0.972s] INFO:colcon.colcon_core.shell:Creating prefix script '/home/tamir/autonomous_robot/install/local_setup.ps1'
[0.973s] INFO:colcon.colcon_core.shell:Creating prefix util module '/home/tamir/autonomous_robot/install/_local_setup_util_ps1.py'
[0.975s] INFO:colcon.colcon_core.shell:Creating prefix chain script '/home/tamir/autonomous_robot/install/setup.ps1'
[0.977s] INFO:colcon.colcon_core.shell:Creating prefix script '/home/tamir/autonomous_robot/install/local_setup.sh'
[0.978s] INFO:colcon.colcon_core.shell:Creating prefix util module '/home/tamir/autonomous_robot/install/_local_setup_util_sh.py'
[0.978s] INFO:colcon.colcon_core.shell:Creating prefix chain script '/home/tamir/autonomous_robot/install/setup.sh'
[0.981s] INFO:colcon.colcon_core.shell:Creating prefix script '/home/tamir/autonomous_robot/install/local_setup.bash'
[0.981s] INFO:colcon.colcon_core.shell:Creating prefix chain script '/home/tamir/autonomous_robot/install/setup.bash'
[0.983s] INFO:colcon.colcon_core.shell:Creating prefix script '/home/tamir/autonomous_robot/install/local_setup.zsh'
[0.984s] INFO:colcon.colcon_core.shell:Creating prefix chain script '/home/tamir/autonomous_robot/install/setup.zsh'
