-- The C compiler identification is GNU 11.4.0
-- The CXX compiler identification is GNU 11.4.0
-- Detecting C compiler ABI info
-- Detecting C compiler ABI info - done
-- Check for working C compiler: /usr/bin/cc - skipped
-- Detecting C compile features
-- Detecting C compile features - done
-- Detecting CXX compiler ABI info
-- Detecting CXX compiler ABI info - done
-- Check for working CXX compiler: /usr/bin/c++ - skipped
-- Detecting CXX compile features
-- Detecting CXX compile features - done
-- Found ament_cmake: 1.3.10 (/opt/ros/humble/share/ament_cmake/cmake)
-- Found Python3: /usr/bin/python3 (found version "3.10.12") found components: Interpreter 
-- Found rclcpp: 16.0.10 (/opt/ros/humble/share/rclcpp/cmake)
-- Found rosidl_generator_c: 3.1.5 (/opt/ros/humble/share/rosidl_generator_c/cmake)
-- Found rosidl_adapter: 3.1.5 (/opt/ros/humble/share/rosidl_adapter/cmake)
-- Found rosidl_generator_cpp: 3.1.5 (/opt/ros/humble/share/rosidl_generator_cpp/cmake)
-- Using all available rosidl_typesupport_c: rosidl_typesupport_fastrtps_c;rosidl_typesupport_introspection_c
-- Using all available rosidl_typesupport_cpp: rosidl_typesupport_fastrtps_cpp;rosidl_typesupport_introspection_cpp
-- Found rmw_implementation_cmake: 6.1.2 (/opt/ros/humble/share/rmw_implementation_cmake/cmake)
-- Found rmw_cyclonedds_cpp: 1.3.4 (/opt/ros/humble/share/rmw_cyclonedds_cpp/cmake)
-- Using RMW implementation 'rmw_cyclonedds_cpp' as default
-- Looking for pthread.h
-- Looking for pthread.h - found
-- Performing Test CMAKE_HAVE_LIBC_PTHREAD
-- Performing Test CMAKE_HAVE_LIBC_PTHREAD - Success
-- Found Threads: TRUE  
-- Found sensor_msgs: 4.2.4 (/opt/ros/humble/share/sensor_msgs/cmake)
-- Configuring done
-- Generating done
-- Build files have been written to: /home/tamir/autonomous_robot/sensors_package/build/sensors_package
-- Install configuration: ""
-- Installing: /home/tamir/autonomous_robot/sensors_package/install/sensors_package/lib/sensors_package/camera_rgb_publisher.py
-- Installing: /home/tamir/autonomous_robot/sensors_package/install/sensors_package/share/sensors_package/launch/launch
-- Installing: /home/tamir/autonomous_robot/sensors_package/install/sensors_package/share/sensors_package/launch/launch/camera_launch.py
-- Installing: /home/tamir/autonomous_robot/sensors_package/install/sensors_package/share/sensors_package/launch/config
-- Installing: /home/tamir/autonomous_robot/sensors_package/install/sensors_package/share/ament_index/resource_index/package_run_dependencies/sensors_package
-- Installing: /home/tamir/autonomous_robot/sensors_package/install/sensors_package/share/ament_index/resource_index/parent_prefix_path/sensors_package
-- Installing: /home/tamir/autonomous_robot/sensors_package/install/sensors_package/share/sensors_package/environment/ament_prefix_path.sh
-- Installing: /home/tamir/autonomous_robot/sensors_package/install/sensors_package/share/sensors_package/environment/ament_prefix_path.dsv
-- Installing: /home/tamir/autonomous_robot/sensors_package/install/sensors_package/share/sensors_package/environment/path.sh
-- Installing: /home/tamir/autonomous_robot/sensors_package/install/sensors_package/share/sensors_package/environment/path.dsv
-- Installing: /home/tamir/autonomous_robot/sensors_package/install/sensors_package/share/sensors_package/local_setup.bash
-- Installing: /home/tamir/autonomous_robot/sensors_package/install/sensors_package/share/sensors_package/local_setup.sh
-- Installing: /home/tamir/autonomous_robot/sensors_package/install/sensors_package/share/sensors_package/local_setup.zsh
-- Installing: /home/tamir/autonomous_robot/sensors_package/install/sensors_package/share/sensors_package/local_setup.dsv
-- Installing: /home/tamir/autonomous_robot/sensors_package/install/sensors_package/share/sensors_package/package.dsv
-- Installing: /home/tamir/autonomous_robot/sensors_package/install/sensors_package/share/ament_index/resource_index/packages/sensors_package
-- Installing: /home/tamir/autonomous_robot/sensors_package/install/sensors_package/share/sensors_package/cmake/sensors_packageConfig.cmake
-- Installing: /home/tamir/autonomous_robot/sensors_package/install/sensors_package/share/sensors_package/cmake/sensors_packageConfig-version.cmake
-- Installing: /home/tamir/autonomous_robot/sensors_package/install/sensors_package/share/sensors_package/package.xml
