[0.010s] Invoking command in '/home/tamir/autonomous_robot/sensors_package/build/sensors_package': CMAKE_PREFIX_PATH=${CMAKE_PREFIX_PATH}:/home/tamir/ros2_ws/install/turtle_spawner:/home/tamir/ros2_ws/install/turtle_controller:/home/tamir/ros2_ws/install/my_py_pkg:/home/tamir/install/calc_odom:/opt/ros/humble /usr/bin/cmake /home/tamir/autonomous_robot/sensors_package -DCMAKE_INSTALL_PREFIX=/home/tamir/autonomous_robot/sensors_package/install/sensors_package
[0.101s] -- The C compiler identification is GNU 11.4.0
[0.178s] -- The CXX compiler identification is GNU 11.4.0
[0.187s] -- Detecting C compiler ABI info
[0.277s] -- Detecting C compiler ABI info - done
[0.286s] -- Check for working C compiler: /usr/bin/cc - skipped
[0.287s] -- Detecting C compile features
[0.288s] -- Detecting C compile features - done
[0.292s] -- Detecting CXX compiler ABI info
[0.383s] -- Detecting CXX compiler ABI info - done
[0.390s] -- Check for working CXX compiler: /usr/bin/c++ - skipped
[0.390s] -- Detecting CXX compile features
[0.391s] -- Detecting CXX compile features - done
[0.398s] -- Found ament_cmake: 1.3.10 (/opt/ros/humble/share/ament_cmake/cmake)
[0.557s] -- Found Python3: /usr/bin/python3 (found version "3.10.12") found components: Interpreter 
[0.653s] -- Found rclcpp: 16.0.10 (/opt/ros/humble/share/rclcpp/cmake)
[0.702s] -- Found rosidl_generator_c: 3.1.5 (/opt/ros/humble/share/rosidl_generator_c/cmake)
[0.707s] -- Found rosidl_adapter: 3.1.5 (/opt/ros/humble/share/rosidl_adapter/cmake)
[0.716s] -- Found rosidl_generator_cpp: 3.1.5 (/opt/ros/humble/share/rosidl_generator_cpp/cmake)
[0.728s] -- Using all available rosidl_typesupport_c: rosidl_typesupport_fastrtps_c;rosidl_typesupport_introspection_c
[0.744s] -- Using all available rosidl_typesupport_cpp: rosidl_typesupport_fastrtps_cpp;rosidl_typesupport_introspection_cpp
[0.788s] -- Found rmw_implementation_cmake: 6.1.2 (/opt/ros/humble/share/rmw_implementation_cmake/cmake)
[0.791s] -- Found rmw_cyclonedds_cpp: 1.3.4 (/opt/ros/humble/share/rmw_cyclonedds_cpp/cmake)
[0.814s] -- Using RMW implementation 'rmw_cyclonedds_cpp' as default
[0.823s] -- Looking for pthread.h
[0.906s] -- Looking for pthread.h - found
[0.906s] -- Performing Test CMAKE_HAVE_LIBC_PTHREAD
[0.978s] -- Performing Test CMAKE_HAVE_LIBC_PTHREAD - Success
[0.978s] -- Found Threads: TRUE  
[1.026s] -- Found sensor_msgs: 4.2.4 (/opt/ros/humble/share/sensor_msgs/cmake)
[1.115s] -- Configuring done
[1.117s] -- Generating done
[1.118s] -- Build files have been written to: /home/tamir/autonomous_robot/sensors_package/build/sensors_package
[1.123s] Invoked command in '/home/tamir/autonomous_robot/sensors_package/build/sensors_package' returned '0': CMAKE_PREFIX_PATH=${CMAKE_PREFIX_PATH}:/home/tamir/ros2_ws/install/turtle_spawner:/home/tamir/ros2_ws/install/turtle_controller:/home/tamir/ros2_ws/install/my_py_pkg:/home/tamir/install/calc_odom:/opt/ros/humble /usr/bin/cmake /home/tamir/autonomous_robot/sensors_package -DCMAKE_INSTALL_PREFIX=/home/tamir/autonomous_robot/sensors_package/install/sensors_package
[1.125s] Invoking command in '/home/tamir/autonomous_robot/sensors_package/build/sensors_package': CMAKE_PREFIX_PATH=${CMAKE_PREFIX_PATH}:/home/tamir/ros2_ws/install/turtle_spawner:/home/tamir/ros2_ws/install/turtle_controller:/home/tamir/ros2_ws/install/my_py_pkg:/home/tamir/install/calc_odom:/opt/ros/humble /usr/bin/cmake --build /home/tamir/autonomous_robot/sensors_package/build/sensors_package -- -j12 -l12
[1.165s] Invoked command in '/home/tamir/autonomous_robot/sensors_package/build/sensors_package' returned '0': CMAKE_PREFIX_PATH=${CMAKE_PREFIX_PATH}:/home/tamir/ros2_ws/install/turtle_spawner:/home/tamir/ros2_ws/install/turtle_controller:/home/tamir/ros2_ws/install/my_py_pkg:/home/tamir/install/calc_odom:/opt/ros/humble /usr/bin/cmake --build /home/tamir/autonomous_robot/sensors_package/build/sensors_package -- -j12 -l12
[1.207s] Invoking command in '/home/tamir/autonomous_robot/sensors_package/build/sensors_package': CMAKE_PREFIX_PATH=${CMAKE_PREFIX_PATH}:/home/tamir/ros2_ws/install/turtle_spawner:/home/tamir/ros2_ws/install/turtle_controller:/home/tamir/ros2_ws/install/my_py_pkg:/home/tamir/install/calc_odom:/opt/ros/humble /usr/bin/cmake --install /home/tamir/autonomous_robot/sensors_package/build/sensors_package
[1.216s] -- Install configuration: ""
[1.217s] -- Installing: /home/tamir/autonomous_robot/sensors_package/install/sensors_package/lib/sensors_package/camera_rgb_publisher.py
[1.217s] -- Installing: /home/tamir/autonomous_robot/sensors_package/install/sensors_package/share/sensors_package/launch/launch
[1.217s] -- Installing: /home/tamir/autonomous_robot/sensors_package/install/sensors_package/share/sensors_package/launch/launch/camera_launch.py
[1.217s] -- Installing: /home/tamir/autonomous_robot/sensors_package/install/sensors_package/share/sensors_package/launch/config
[1.217s] -- Installing: /home/tamir/autonomous_robot/sensors_package/install/sensors_package/share/ament_index/resource_index/package_run_dependencies/sensors_package
[1.217s] -- Installing: /home/tamir/autonomous_robot/sensors_package/install/sensors_package/share/ament_index/resource_index/parent_prefix_path/sensors_package
[1.217s] -- Installing: /home/tamir/autonomous_robot/sensors_package/install/sensors_package/share/sensors_package/environment/ament_prefix_path.sh
[1.217s] -- Installing: /home/tamir/autonomous_robot/sensors_package/install/sensors_package/share/sensors_package/environment/ament_prefix_path.dsv
[1.218s] -- Installing: /home/tamir/autonomous_robot/sensors_package/install/sensors_package/share/sensors_package/environment/path.sh
[1.218s] -- Installing: /home/tamir/autonomous_robot/sensors_package/install/sensors_package/share/sensors_package/environment/path.dsv
[1.218s] -- Installing: /home/tamir/autonomous_robot/sensors_package/install/sensors_package/share/sensors_package/local_setup.bash
[1.218s] -- Installing: /home/tamir/autonomous_robot/sensors_package/install/sensors_package/share/sensors_package/local_setup.sh
[1.218s] -- Installing: /home/tamir/autonomous_robot/sensors_package/install/sensors_package/share/sensors_package/local_setup.zsh
[1.218s] -- Installing: /home/tamir/autonomous_robot/sensors_package/install/sensors_package/share/sensors_package/local_setup.dsv
[1.218s] -- Installing: /home/tamir/autonomous_robot/sensors_package/install/sensors_package/share/sensors_package/package.dsv
[1.218s] -- Installing: /home/tamir/autonomous_robot/sensors_package/install/sensors_package/share/ament_index/resource_index/packages/sensors_package
[1.218s] -- Installing: /home/tamir/autonomous_robot/sensors_package/install/sensors_package/share/sensors_package/cmake/sensors_packageConfig.cmake
[1.218s] -- Installing: /home/tamir/autonomous_robot/sensors_package/install/sensors_package/share/sensors_package/cmake/sensors_packageConfig-version.cmake
[1.219s] -- Installing: /home/tamir/autonomous_robot/sensors_package/install/sensors_package/share/sensors_package/package.xml
[1.219s] Invoked command in '/home/tamir/autonomous_robot/sensors_package/build/sensors_package' returned '0': CMAKE_PREFIX_PATH=${CMAKE_PREFIX_PATH}:/home/tamir/ros2_ws/install/turtle_spawner:/home/tamir/ros2_ws/install/turtle_controller:/home/tamir/ros2_ws/install/my_py_pkg:/home/tamir/install/calc_odom:/opt/ros/humble /usr/bin/cmake --install /home/tamir/autonomous_robot/sensors_package/build/sensors_package
