[1.748s] Invoking command in '/home/tamir/autonomous_robot/autonomous_robot_control/src/control_hardware': PYTHONPATH=/home/tamir/autonomous_robot/build/control_hardware/prefix_override:/usr/lib/python3/dist-packages/colcon_core/task/python/colcon_distutils_commands:/home/tamir/autonomous_robot/install/control_hardware/lib/python3.10/site-packages:${PYTHONPATH} /usr/bin/python3 -W ignore:setup.py install is deprecated setup.py egg_info --egg-base ../../../build/control_hardware build --build-base /home/tamir/autonomous_robot/build/control_hardware/build install --record /home/tamir/autonomous_robot/build/control_hardware/install.log --single-version-externally-managed install_data
[2.576s] running egg_info
[2.577s] writing ../../../build/control_hardware/control_hardware.egg-info/PKG-INFO
[2.577s] writing dependency_links to ../../../build/control_hardware/control_hardware.egg-info/dependency_links.txt
[2.577s] writing entry points to ../../../build/control_hardware/control_hardware.egg-info/entry_points.txt
[2.578s] writing requirements to ../../../build/control_hardware/control_hardware.egg-info/requires.txt
[2.578s] writing top-level names to ../../../build/control_hardware/control_hardware.egg-info/top_level.txt
[2.581s] reading manifest file '../../../build/control_hardware/control_hardware.egg-info/SOURCES.txt'
[2.583s] writing manifest file '../../../build/control_hardware/control_hardware.egg-info/SOURCES.txt'
[2.584s] running build
[2.584s] running build_py
[2.586s] running install
[2.587s] running install_lib
[2.595s] running install_data
[2.595s] running install_egg_info
[2.597s] removing '/home/tamir/autonomous_robot/install/control_hardware/lib/python3.10/site-packages/control_hardware-0.0.0-py3.10.egg-info' (and everything under it)
[2.598s] Copying ../../../build/control_hardware/control_hardware.egg-info to /home/tamir/autonomous_robot/install/control_hardware/lib/python3.10/site-packages/control_hardware-0.0.0-py3.10.egg-info
[2.598s] running install_scripts
[2.636s] Installing cmd2pwm script to /home/tamir/autonomous_robot/install/control_hardware/lib/control_hardware
[2.637s] Installing mux script to /home/tamir/autonomous_robot/install/control_hardware/lib/control_hardware
[2.637s] Installing pwm2GPIO script to /home/tamir/autonomous_robot/install/control_hardware/lib/control_hardware
[2.638s] writing list of installed files to '/home/tamir/autonomous_robot/build/control_hardware/install.log'
[2.687s] Invoked command in '/home/tamir/autonomous_robot/autonomous_robot_control/src/control_hardware' returned '0': PYTHONPATH=/home/tamir/autonomous_robot/build/control_hardware/prefix_override:/usr/lib/python3/dist-packages/colcon_core/task/python/colcon_distutils_commands:/home/tamir/autonomous_robot/install/control_hardware/lib/python3.10/site-packages:${PYTHONPATH} /usr/bin/python3 -W ignore:setup.py install is deprecated setup.py egg_info --egg-base ../../../build/control_hardware build --build-base /home/tamir/autonomous_robot/build/control_hardware/build install --record /home/tamir/autonomous_robot/build/control_hardware/install.log --single-version-externally-managed install_data
