[0.011s] Invoking command in '/home/tamir/autonomous_robot/autonomous_robot_description/build/autonomous_robot_description': CMAKE_PREFIX_PATH=${CMAKE_PREFIX_PATH}:/home/tamir/ros2_ws/install/turtle_spawner:/home/tamir/ros2_ws/install/turtle_controller:/home/tamir/ros2_ws/install/my_py_pkg:/home/tamir/install/turtlebot3_gazebo:/home/tamir/install/turtle_spawner:/home/tamir/install/turtle_controller:/home/tamir/install/my_py_pkg:/opt/ros/humble /usr/bin/cmake /home/tamir/autonomous_robot/autonomous_robot_description -DAMENT_CMAKE_SYMLINK_INSTALL=1 -DCMAKE_INSTALL_PREFIX=/home/tamir/autonomous_robot/autonomous_robot_description/install/autonomous_robot_description
[0.080s] -- The C compiler identification is GNU 11.4.0
[0.138s] -- The CXX compiler identification is GNU 11.4.0
[0.148s] -- Detecting C compiler ABI info
[0.231s] -- Detecting C compiler ABI info - done
[0.236s] -- Check for working C compiler: /usr/bin/cc - skipped
[0.236s] -- Detecting C compile features
[0.237s] -- Detecting C compile features - done
[0.239s] -- Detecting CXX compiler ABI info
[0.321s] -- Detecting CXX compiler ABI info - done
[0.326s] -- Check for working CXX compiler: /usr/bin/c++ - skipped
[0.327s] -- Detecting CXX compile features
[0.327s] -- Detecting CXX compile features - done
[0.330s] -- Found ament_cmake: 1.3.10 (/opt/ros/humble/share/ament_cmake/cmake)
[0.480s] -- Found Python3: /usr/bin/python3 (found version "3.10.12") found components: Interpreter 
[0.530s] -- Override CMake install command with custom implementation using symlinks instead of copying resources
[0.616s] -- Configuring done
[0.618s] -- Generating done
[0.618s] -- Build files have been written to: /home/tamir/autonomous_robot/autonomous_robot_description/build/autonomous_robot_description
[0.622s] Invoked command in '/home/tamir/autonomous_robot/autonomous_robot_description/build/autonomous_robot_description' returned '0': CMAKE_PREFIX_PATH=${CMAKE_PREFIX_PATH}:/home/tamir/ros2_ws/install/turtle_spawner:/home/tamir/ros2_ws/install/turtle_controller:/home/tamir/ros2_ws/install/my_py_pkg:/home/tamir/install/turtlebot3_gazebo:/home/tamir/install/turtle_spawner:/home/tamir/install/turtle_controller:/home/tamir/install/my_py_pkg:/opt/ros/humble /usr/bin/cmake /home/tamir/autonomous_robot/autonomous_robot_description -DAMENT_CMAKE_SYMLINK_INSTALL=1 -DCMAKE_INSTALL_PREFIX=/home/tamir/autonomous_robot/autonomous_robot_description/install/autonomous_robot_description
[0.623s] Invoking command in '/home/tamir/autonomous_robot/autonomous_robot_description/build/autonomous_robot_description': CMAKE_PREFIX_PATH=${CMAKE_PREFIX_PATH}:/home/tamir/ros2_ws/install/turtle_spawner:/home/tamir/ros2_ws/install/turtle_controller:/home/tamir/ros2_ws/install/my_py_pkg:/home/tamir/install/turtlebot3_gazebo:/home/tamir/install/turtle_spawner:/home/tamir/install/turtle_controller:/home/tamir/install/my_py_pkg:/opt/ros/humble /usr/bin/cmake --build /home/tamir/autonomous_robot/autonomous_robot_description/build/autonomous_robot_description -- -j12 -l12
[0.665s] Invoked command in '/home/tamir/autonomous_robot/autonomous_robot_description/build/autonomous_robot_description' returned '0': CMAKE_PREFIX_PATH=${CMAKE_PREFIX_PATH}:/home/tamir/ros2_ws/install/turtle_spawner:/home/tamir/ros2_ws/install/turtle_controller:/home/tamir/ros2_ws/install/my_py_pkg:/home/tamir/install/turtlebot3_gazebo:/home/tamir/install/turtle_spawner:/home/tamir/install/turtle_controller:/home/tamir/install/my_py_pkg:/opt/ros/humble /usr/bin/cmake --build /home/tamir/autonomous_robot/autonomous_robot_description/build/autonomous_robot_description -- -j12 -l12
[0.698s] Invoking command in '/home/tamir/autonomous_robot/autonomous_robot_description/build/autonomous_robot_description': CMAKE_PREFIX_PATH=${CMAKE_PREFIX_PATH}:/home/tamir/ros2_ws/install/turtle_spawner:/home/tamir/ros2_ws/install/turtle_controller:/home/tamir/ros2_ws/install/my_py_pkg:/home/tamir/install/turtlebot3_gazebo:/home/tamir/install/turtle_spawner:/home/tamir/install/turtle_controller:/home/tamir/install/my_py_pkg:/opt/ros/humble /usr/bin/cmake --install /home/tamir/autonomous_robot/autonomous_robot_description/build/autonomous_robot_description
[0.707s] -- Install configuration: ""
[0.708s] -- Execute custom install script
[0.709s] -- Symlinking: /home/tamir/autonomous_robot/autonomous_robot_description/install/autonomous_robot_description/share/autonomous_robot_description//config/joint_controller.yaml
[0.721s] -- Symlinking: /home/tamir/autonomous_robot/autonomous_robot_description/install/autonomous_robot_description/share/autonomous_robot_description//config/joystick.yaml
[0.734s] -- Symlinking: /home/tamir/autonomous_robot/autonomous_robot_description/install/autonomous_robot_description/share/autonomous_robot_description//config/mapper_params_online_async.yaml
[0.748s] -- Symlinking: /home/tamir/autonomous_robot/autonomous_robot_description/install/autonomous_robot_description/share/autonomous_robot_description//launch/sim_gazebo.launch.xml
[0.761s] -- Symlinking: /home/tamir/autonomous_robot/autonomous_robot_description/install/autonomous_robot_description/share/autonomous_robot_description//rviz/urdf_config.rviz
[0.773s] [33mCMake Warning (dev) at ament_cmake_symlink_install/ament_cmake_symlink_install.cmake:62 (file):
[0.774s]   Policy CMP0009 is not set: FILE GLOB_RECURSE calls should not follow
[0.774s]   symlinks by default.  Run "cmake --help-policy CMP0009" for policy details.
[0.774s]   Use the cmake_policy command to set the policy and suppress this warning.
[0.774s] Call Stack (most recent call first):
[0.774s]   ament_cmake_symlink_install/ament_cmake_symlink_install.cmake:314 (ament_cmake_symlink_install_directory)
[0.774s]   cmake_install.cmake:46 (include)
[0.774s] This warning is for project developers.  Use -Wno-dev to suppress it.
[0.774s] [0m
[0.774s] -- Symlinking: /home/tamir/autonomous_robot/autonomous_robot_description/install/autonomous_robot_description/share/autonomous_robot_description//urdf/autonomous_robot.urdf.xacro
[0.785s] -- Symlinking: /home/tamir/autonomous_robot/autonomous_robot_description/install/autonomous_robot_description/share/autonomous_robot_description//urdf/autonomous_robot_gazebo.xacro
[0.792s] -- Symlinking: /home/tamir/autonomous_robot/autonomous_robot_description/install/autonomous_robot_description/share/autonomous_robot_description//urdf/build/.built_by
[0.803s] -- Symlinking: /home/tamir/autonomous_robot/autonomous_robot_description/install/autonomous_robot_description/share/autonomous_robot_description//urdf/build/COLCON_IGNORE
[0.813s] -- Symlinking: /home/tamir/autonomous_robot/autonomous_robot_description/install/autonomous_robot_description/share/autonomous_robot_description//urdf/camera.xacro
[0.823s] -- Symlinking: /home/tamir/autonomous_robot/autonomous_robot_description/install/autonomous_robot_description/share/autonomous_robot_description//urdf/common_properties.xacro
[0.830s] -- Symlinking: /home/tamir/autonomous_robot/autonomous_robot_description/install/autonomous_robot_description/share/autonomous_robot_description//urdf/gazebo_color.xacro
[0.841s] -- Symlinking: /home/tamir/autonomous_robot/autonomous_robot_description/install/autonomous_robot_description/share/autonomous_robot_description//urdf/install/.colcon_install_layout
[0.852s] -- Symlinking: /home/tamir/autonomous_robot/autonomous_robot_description/install/autonomous_robot_description/share/autonomous_robot_description//urdf/install/COLCON_IGNORE
[0.863s] -- Symlinking: /home/tamir/autonomous_robot/autonomous_robot_description/install/autonomous_robot_description/share/autonomous_robot_description//urdf/install/_local_setup_util_ps1.py
[0.871s] -- Symlinking: /home/tamir/autonomous_robot/autonomous_robot_description/install/autonomous_robot_description/share/autonomous_robot_description//urdf/install/_local_setup_util_sh.py
[0.880s] -- Symlinking: /home/tamir/autonomous_robot/autonomous_robot_description/install/autonomous_robot_description/share/autonomous_robot_description//urdf/install/local_setup.bash
[0.892s] -- Symlinking: /home/tamir/autonomous_robot/autonomous_robot_description/install/autonomous_robot_description/share/autonomous_robot_description//urdf/install/local_setup.ps1
[0.903s] -- Symlinking: /home/tamir/autonomous_robot/autonomous_robot_description/install/autonomous_robot_description/share/autonomous_robot_description//urdf/install/local_setup.sh
[0.914s] -- Symlinking: /home/tamir/autonomous_robot/autonomous_robot_description/install/autonomous_robot_description/share/autonomous_robot_description//urdf/install/local_setup.zsh
[0.925s] -- Symlinking: /home/tamir/autonomous_robot/autonomous_robot_description/install/autonomous_robot_description/share/autonomous_robot_description//urdf/install/setup.bash
[0.936s] -- Symlinking: /home/tamir/autonomous_robot/autonomous_robot_description/install/autonomous_robot_description/share/autonomous_robot_description//urdf/install/setup.ps1
[0.946s] -- Symlinking: /home/tamir/autonomous_robot/autonomous_robot_description/install/autonomous_robot_description/share/autonomous_robot_description//urdf/install/setup.sh
[0.958s] -- Symlinking: /home/tamir/autonomous_robot/autonomous_robot_description/install/autonomous_robot_description/share/autonomous_robot_description//urdf/install/setup.zsh
[0.973s] -- Symlinking: /home/tamir/autonomous_robot/autonomous_robot_description/install/autonomous_robot_description/share/autonomous_robot_description//urdf/lidar.xacro
[0.984s] -- Symlinking: /home/tamir/autonomous_robot/autonomous_robot_description/install/autonomous_robot_description/share/autonomous_robot_description//urdf/log/COLCON_IGNORE
[0.990s] -- Symlinking: /home/tamir/autonomous_robot/autonomous_robot_description/install/autonomous_robot_description/share/autonomous_robot_description//urdf/log/build_2024-10-10_22-18-31/events.log
[0.999s] -- Symlinking: /home/tamir/autonomous_robot/autonomous_robot_description/install/autonomous_robot_description/share/autonomous_robot_description//urdf/log/build_2024-10-10_22-18-31/logger_all.log
[1.010s] -- Symlinking: /home/tamir/autonomous_robot/autonomous_robot_description/install/autonomous_robot_description/share/autonomous_robot_description//urdf/log/latest/events.log
[1.020s] -- Symlinking: /home/tamir/autonomous_robot/autonomous_robot_description/install/autonomous_robot_description/share/autonomous_robot_description//urdf/log/latest/logger_all.log
[1.034s] -- Symlinking: /home/tamir/autonomous_robot/autonomous_robot_description/install/autonomous_robot_description/share/autonomous_robot_description//urdf/log/latest_build/events.log
[1.046s] -- Symlinking: /home/tamir/autonomous_robot/autonomous_robot_description/install/autonomous_robot_description/share/autonomous_robot_description//urdf/log/latest_build/logger_all.log
[1.060s] -- Symlinking: /home/tamir/autonomous_robot/autonomous_robot_description/install/autonomous_robot_description/share/autonomous_robot_description//urdf/mobile_robot.xacro
[1.069s] -- Symlinking: /home/tamir/autonomous_robot/autonomous_robot_description/install/autonomous_robot_description/share/autonomous_robot_description//urdf/ros2_control.xacro
[1.084s] -- Symlinking: /home/tamir/autonomous_robot/autonomous_robot_description/install/autonomous_robot_description/share/ament_index/resource_index/package_run_dependencies/autonomous_robot_description
[1.097s] -- Symlinking: /home/tamir/autonomous_robot/autonomous_robot_description/install/autonomous_robot_description/share/ament_index/resource_index/parent_prefix_path/autonomous_robot_description
[1.111s] -- Symlinking: /home/tamir/autonomous_robot/autonomous_robot_description/install/autonomous_robot_description/share/autonomous_robot_description/environment/ament_prefix_path.sh
[1.127s] -- Symlinking: /home/tamir/autonomous_robot/autonomous_robot_description/install/autonomous_robot_description/share/autonomous_robot_description/environment/ament_prefix_path.dsv
[1.141s] -- Symlinking: /home/tamir/autonomous_robot/autonomous_robot_description/install/autonomous_robot_description/share/autonomous_robot_description/environment/path.sh
[1.153s] -- Symlinking: /home/tamir/autonomous_robot/autonomous_robot_description/install/autonomous_robot_description/share/autonomous_robot_description/environment/path.dsv
[1.164s] -- Symlinking: /home/tamir/autonomous_robot/autonomous_robot_description/install/autonomous_robot_description/share/autonomous_robot_description/local_setup.bash
[1.177s] -- Symlinking: /home/tamir/autonomous_robot/autonomous_robot_description/install/autonomous_robot_description/share/autonomous_robot_description/local_setup.sh
[1.188s] -- Symlinking: /home/tamir/autonomous_robot/autonomous_robot_description/install/autonomous_robot_description/share/autonomous_robot_description/local_setup.zsh
[1.203s] -- Symlinking: /home/tamir/autonomous_robot/autonomous_robot_description/install/autonomous_robot_description/share/autonomous_robot_description/local_setup.dsv
[1.215s] -- Symlinking: /home/tamir/autonomous_robot/autonomous_robot_description/install/autonomous_robot_description/share/autonomous_robot_description/package.dsv
[1.230s] -- Symlinking: /home/tamir/autonomous_robot/autonomous_robot_description/install/autonomous_robot_description/share/ament_index/resource_index/packages/autonomous_robot_description
[1.244s] -- Symlinking: /home/tamir/autonomous_robot/autonomous_robot_description/install/autonomous_robot_description/share/autonomous_robot_description/cmake/autonomous_robot_descriptionConfig.cmake
[1.257s] -- Symlinking: /home/tamir/autonomous_robot/autonomous_robot_description/install/autonomous_robot_description/share/autonomous_robot_description/cmake/autonomous_robot_descriptionConfig-version.cmake
[1.271s] -- Symlinking: /home/tamir/autonomous_robot/autonomous_robot_description/install/autonomous_robot_description/share/autonomous_robot_description/package.xml
[1.287s] Invoked command in '/home/tamir/autonomous_robot/autonomous_robot_description/build/autonomous_robot_description' returned '0': CMAKE_PREFIX_PATH=${CMAKE_PREFIX_PATH}:/home/tamir/ros2_ws/install/turtle_spawner:/home/tamir/ros2_ws/install/turtle_controller:/home/tamir/ros2_ws/install/my_py_pkg:/home/tamir/install/turtlebot3_gazebo:/home/tamir/install/turtle_spawner:/home/tamir/install/turtle_controller:/home/tamir/install/my_py_pkg:/opt/ros/humble /usr/bin/cmake --install /home/tamir/autonomous_robot/autonomous_robot_description/build/autonomous_robot_description
