[0.383s] Invoking command in '/home/tamir/autonomous_robot/build/sensors_package': CMAKE_PREFIX_PATH=${CMAKE_PREFIX_PATH}:/home/tamir/autonomous_robot/install/calc_odom:/home/tamir/autonomous_robot/install/control_hardware:/home/tamir/ros2_ws/install/turtle_spawner:/home/tamir/ros2_ws/install/turtle_controller:/home/tamir/ros2_ws/install/my_py_pkg:/opt/ros/humble /usr/bin/cmake --build /home/tamir/autonomous_robot/build/sensors_package -- -j12 -l12
[0.487s] Invoked command in '/home/tamir/autonomous_robot/build/sensors_package' returned '0': CMAKE_PREFIX_PATH=${CMAKE_PREFIX_PATH}:/home/tamir/autonomous_robot/install/calc_odom:/home/tamir/autonomous_robot/install/control_hardware:/home/tamir/ros2_ws/install/turtle_spawner:/home/tamir/ros2_ws/install/turtle_controller:/home/tamir/ros2_ws/install/my_py_pkg:/opt/ros/humble /usr/bin/cmake --build /home/tamir/autonomous_robot/build/sensors_package -- -j12 -l12
[0.524s] Invoking command in '/home/tamir/autonomous_robot/build/sensors_package': CMAKE_PREFIX_PATH=${CMAKE_PREFIX_PATH}:/home/tamir/autonomous_robot/install/calc_odom:/home/tamir/autonomous_robot/install/control_hardware:/home/tamir/ros2_ws/install/turtle_spawner:/home/tamir/ros2_ws/install/turtle_controller:/home/tamir/ros2_ws/install/my_py_pkg:/opt/ros/humble /usr/bin/cmake --install /home/tamir/autonomous_robot/build/sensors_package
[0.546s] -- Install configuration: ""
[0.547s] -- Up-to-date: /home/tamir/autonomous_robot/install/sensors_package/lib/sensors_package/camera_rgb_publisher.py
[0.551s] -- Up-to-date: /home/tamir/autonomous_robot/install/sensors_package/share/sensors_package/launch/launch
[0.551s] -- Up-to-date: /home/tamir/autonomous_robot/install/sensors_package/share/sensors_package/launch/launch/camera_launch.py
[0.551s] -- Up-to-date: /home/tamir/autonomous_robot/install/sensors_package/share/sensors_package/launch/config
[0.552s] -- Up-to-date: /home/tamir/autonomous_robot/install/sensors_package/share/ament_index/resource_index/package_run_dependencies/sensors_package
[0.553s] -- Up-to-date: /home/tamir/autonomous_robot/install/sensors_package/share/ament_index/resource_index/parent_prefix_path/sensors_package
[0.554s] -- Up-to-date: /home/tamir/autonomous_robot/install/sensors_package/share/sensors_package/environment/ament_prefix_path.sh
[0.555s] -- Up-to-date: /home/tamir/autonomous_robot/install/sensors_package/share/sensors_package/environment/ament_prefix_path.dsv
[0.556s] -- Up-to-date: /home/tamir/autonomous_robot/install/sensors_package/share/sensors_package/environment/path.sh
[0.556s] -- Up-to-date: /home/tamir/autonomous_robot/install/sensors_package/share/sensors_package/environment/path.dsv
[0.556s] -- Up-to-date: /home/tamir/autonomous_robot/install/sensors_package/share/sensors_package/local_setup.bash
[0.556s] -- Up-to-date: /home/tamir/autonomous_robot/install/sensors_package/share/sensors_package/local_setup.sh
[0.556s] -- Up-to-date: /home/tamir/autonomous_robot/install/sensors_package/share/sensors_package/local_setup.zsh
[0.556s] -- Up-to-date: /home/tamir/autonomous_robot/install/sensors_package/share/sensors_package/local_setup.dsv
[0.556s] -- Installing: /home/tamir/autonomous_robot/install/sensors_package/share/sensors_package/package.dsv
[0.556s] -- Up-to-date: /home/tamir/autonomous_robot/install/sensors_package/share/ament_index/resource_index/packages/sensors_package
[0.557s] -- Up-to-date: /home/tamir/autonomous_robot/install/sensors_package/share/sensors_package/cmake/sensors_packageConfig.cmake
[0.557s] -- Up-to-date: /home/tamir/autonomous_robot/install/sensors_package/share/sensors_package/cmake/sensors_packageConfig-version.cmake
[0.557s] -- Up-to-date: /home/tamir/autonomous_robot/install/sensors_package/share/sensors_package/package.xml
[0.574s] Invoked command in '/home/tamir/autonomous_robot/build/sensors_package' returned '0': CMAKE_PREFIX_PATH=${CMAKE_PREFIX_PATH}:/home/tamir/autonomous_robot/install/calc_odom:/home/tamir/autonomous_robot/install/control_hardware:/home/tamir/ros2_ws/install/turtle_spawner:/home/tamir/ros2_ws/install/turtle_controller:/home/tamir/ros2_ws/install/my_py_pkg:/opt/ros/humble /usr/bin/cmake --install /home/tamir/autonomous_robot/build/sensors_package
