[0.014s] Invoking command in '/home/tamir/autonomous_robot/build/robot_common_interfaces': CMAKE_PREFIX_PATH=${CMAKE_PREFIX_PATH}:/home/tamir/ros2_ws/install/turtle_spawner:/home/tamir/ros2_ws/install/turtle_controller:/home/tamir/ros2_ws/install/my_py_pkg:/home/tamir/install/turtlebot3_gazebo:/home/tamir/install/turtle_spawner:/home/tamir/install/turtle_controller:/home/tamir/install/my_py_pkg:/opt/ros/humble /usr/bin/cmake /home/tamir/autonomous_robot/robot_common_interfaces -DCMAKE_INSTALL_PREFIX=/home/tamir/autonomous_robot/install/robot_common_interfaces
[0.057s] -- The C compiler identification is GNU 11.4.0
[0.096s] -- The CXX compiler identification is GNU 11.4.0
[0.103s] -- Detecting C compiler ABI info
[0.163s] -- Detecting C compiler ABI info - done
[0.168s] -- Check for working C compiler: /usr/bin/cc - skipped
[0.168s] -- Detecting C compile features
[0.169s] -- Detecting C compile features - done
[0.171s] -- Detecting CXX compiler ABI info
[0.231s] -- Detecting CXX compiler ABI info - done
[0.237s] -- Check for working CXX compiler: /usr/bin/c++ - skipped
[0.237s] -- Detecting CXX compile features
[0.237s] -- Detecting CXX compile features - done
[0.240s] -- Found ament_cmake: 1.3.10 (/opt/ros/humble/share/ament_cmake/cmake)
[0.366s] -- Found Python3: /usr/bin/python3 (found version "3.10.12") found components: Interpreter 
[0.456s] -- Found rosidl_default_generators: 1.2.0 (/opt/ros/humble/share/rosidl_default_generators/cmake)
[0.461s] -- Using all available rosidl_typesupport_c: rosidl_typesupport_fastrtps_c;rosidl_typesupport_introspection_c
[0.468s] -- Found rosidl_adapter: 3.1.5 (/opt/ros/humble/share/rosidl_adapter/cmake)
[0.503s] -- Using all available rosidl_typesupport_cpp: rosidl_typesupport_fastrtps_cpp;rosidl_typesupport_introspection_cpp
[0.532s] -- Found ament_lint_auto: 0.12.11 (/opt/ros/humble/share/ament_lint_auto/cmake)
[0.744s] -- Found ament_cmake_ros: 0.10.0 (/opt/ros/humble/share/ament_cmake_ros/cmake)
[0.906s] -- Using all available rosidl_typesupport_c: rosidl_typesupport_fastrtps_c;rosidl_typesupport_introspection_c
[1.119s] -- Using all available rosidl_typesupport_cpp: rosidl_typesupport_fastrtps_cpp;rosidl_typesupport_introspection_cpp
[1.146s] -- Found PythonInterp: /usr/bin/python3 (found suitable version "3.10.12", minimum required is "3.6") 
[1.148s] -- Found python_cmake_module: 0.10.0 (/opt/ros/humble/share/python_cmake_module/cmake)
[1.171s] -- Found PythonLibs: /usr/lib/x86_64-linux-gnu/libpython3.10.so (found suitable version "3.10.12", minimum required is "3.5") 
[1.171s] -- Using PYTHON_EXECUTABLE: /usr/bin/python3
[1.171s] -- Using PYTHON_INCLUDE_DIRS: /usr/include/python3.10
[1.171s] -- Using PYTHON_LIBRARIES: /usr/lib/x86_64-linux-gnu/libpython3.10.so
[1.189s] -- Found PythonExtra: .so  
[1.220s] -- Added test 'copyright' to check source files copyright and LICENSE
[1.221s] -- Added test 'lint_cmake' to check CMake code style
[1.221s] -- Added test 'xmllint' to check XML markup files
[1.224s] -- Configuring done
[1.239s] -- Generating done
[1.240s] -- Build files have been written to: /home/tamir/autonomous_robot/build/robot_common_interfaces
[1.245s] Invoked command in '/home/tamir/autonomous_robot/build/robot_common_interfaces' returned '0': CMAKE_PREFIX_PATH=${CMAKE_PREFIX_PATH}:/home/tamir/ros2_ws/install/turtle_spawner:/home/tamir/ros2_ws/install/turtle_controller:/home/tamir/ros2_ws/install/my_py_pkg:/home/tamir/install/turtlebot3_gazebo:/home/tamir/install/turtle_spawner:/home/tamir/install/turtle_controller:/home/tamir/install/my_py_pkg:/opt/ros/humble /usr/bin/cmake /home/tamir/autonomous_robot/robot_common_interfaces -DCMAKE_INSTALL_PREFIX=/home/tamir/autonomous_robot/install/robot_common_interfaces
[1.246s] Invoking command in '/home/tamir/autonomous_robot/build/robot_common_interfaces': CMAKE_PREFIX_PATH=${CMAKE_PREFIX_PATH}:/home/tamir/ros2_ws/install/turtle_spawner:/home/tamir/ros2_ws/install/turtle_controller:/home/tamir/ros2_ws/install/my_py_pkg:/home/tamir/install/turtlebot3_gazebo:/home/tamir/install/turtle_spawner:/home/tamir/install/turtle_controller:/home/tamir/install/my_py_pkg:/opt/ros/humble /usr/bin/cmake --build /home/tamir/autonomous_robot/build/robot_common_interfaces -- -j12 -l12
[1.279s] [  3%] [34m[1mGenerating C code for ROS interfaces[0m
[1.290s] [  6%] [34m[1mGenerating C++ code for ROS interfaces[0m
[1.291s] [  6%] Built target ament_cmake_python_copy_robot_common_interfaces
[1.453s] [  9%] [32mBuilding C object CMakeFiles/robot_common_interfaces__rosidl_generator_c.dir/rosidl_generator_c/robot_common_interfaces/msg/detail/ser_com_struct__functions.c.o[0m
[1.459s] [  9%] Built target robot_common_interfaces__cpp
[1.460s] running egg_info
[1.461s] creating robot_common_interfaces.egg-info
[1.461s] writing robot_common_interfaces.egg-info/PKG-INFO
[1.461s] writing dependency_links to robot_common_interfaces.egg-info/dependency_links.txt
[1.461s] writing top-level names to robot_common_interfaces.egg-info/top_level.txt
[1.461s] writing manifest file 'robot_common_interfaces.egg-info/SOURCES.txt'
[1.463s] reading manifest file 'robot_common_interfaces.egg-info/SOURCES.txt'
[1.463s] writing manifest file 'robot_common_interfaces.egg-info/SOURCES.txt'
[1.467s] [ 16%] [34m[1mGenerating C++ type support for eProsima Fast-RTPS[0m
[1.468s] [ 16%] [34m[1mGenerating C++ type support dispatch for ROS interfaces[0m
[1.469s] [ 19%] [34m[1mGenerating C++ introspection for ROS interfaces[0m
[1.489s] [ 19%] Built target ament_cmake_python_build_robot_common_interfaces_egg
[1.496s] [ 22%] [32m[1mLinking C shared library librobot_common_interfaces__rosidl_generator_c.so[0m
[1.529s] [ 22%] Built target robot_common_interfaces__rosidl_generator_c
[1.537s] [ 25%] [34m[1mGenerating C introspection for ROS interfaces[0m
[1.541s] [ 32%] [34m[1mGenerating C type support dispatch for ROS interfaces[0m
[1.541s] [ 32%] [34m[1mGenerating C type support for eProsima Fast-RTPS[0m
[1.621s] [ 35%] [32mBuilding CXX object CMakeFiles/robot_common_interfaces__rosidl_typesupport_cpp.dir/rosidl_typesupport_cpp/robot_common_interfaces/msg/ser_com_struct__type_support.cpp.o[0m
[1.639s] [ 38%] [32mBuilding CXX object CMakeFiles/robot_common_interfaces__rosidl_typesupport_fastrtps_cpp.dir/rosidl_typesupport_fastrtps_cpp/robot_common_interfaces/msg/detail/dds_fastrtps/ser_com_struct__type_support.cpp.o[0m
[1.643s] [ 41%] [32mBuilding CXX object CMakeFiles/robot_common_interfaces__rosidl_typesupport_introspection_cpp.dir/rosidl_typesupport_introspection_cpp/robot_common_interfaces/msg/detail/ser_com_struct__type_support.cpp.o[0m
[1.704s] [ 45%] [32mBuilding C object CMakeFiles/robot_common_interfaces__rosidl_typesupport_introspection_c.dir/rosidl_typesupport_introspection_c/robot_common_interfaces/msg/detail/ser_com_struct__type_support.c.o[0m
[1.735s] [ 48%] [32m[1mLinking C shared library librobot_common_interfaces__rosidl_typesupport_introspection_c.so[0m
[1.769s] [ 48%] Built target robot_common_interfaces__rosidl_typesupport_introspection_c
[1.792s] [ 51%] [32m[1mLinking CXX shared library librobot_common_interfaces__rosidl_typesupport_cpp.so[0m
[1.813s] [ 54%] [32mBuilding CXX object CMakeFiles/robot_common_interfaces__rosidl_typesupport_c.dir/rosidl_typesupport_c/robot_common_interfaces/msg/ser_com_struct__type_support.cpp.o[0m
[1.826s] [ 54%] Built target robot_common_interfaces__rosidl_typesupport_cpp
[1.839s] [ 58%] [32m[1mLinking CXX shared library librobot_common_interfaces__rosidl_typesupport_c.so[0m
[1.844s] [ 61%] [32mBuilding CXX object CMakeFiles/robot_common_interfaces__rosidl_typesupport_fastrtps_c.dir/rosidl_typesupport_fastrtps_c/robot_common_interfaces/msg/detail/ser_com_struct__type_support_c.cpp.o[0m
[1.885s] [ 61%] Built target robot_common_interfaces__rosidl_typesupport_c
[1.900s] [ 64%] [32m[1mLinking CXX shared library librobot_common_interfaces__rosidl_typesupport_fastrtps_cpp.so[0m
[1.927s] [ 67%] [32m[1mLinking CXX shared library librobot_common_interfaces__rosidl_typesupport_introspection_cpp.so[0m
[1.967s] [ 67%] Built target robot_common_interfaces__rosidl_typesupport_introspection_cpp
[1.967s] [ 67%] Built target robot_common_interfaces__rosidl_typesupport_fastrtps_cpp
[2.050s] [ 70%] [32m[1mLinking CXX shared library librobot_common_interfaces__rosidl_typesupport_fastrtps_c.so[0m
[2.110s] [ 70%] Built target robot_common_interfaces__rosidl_typesupport_fastrtps_c
[2.130s] [ 70%] Built target robot_common_interfaces
[2.157s] [ 74%] [34m[1mGenerating Python code for ROS interfaces[0m
[2.356s] [ 74%] Built target robot_common_interfaces__py
[2.380s] [ 77%] [32mBuilding C object CMakeFiles/robot_common_interfaces__rosidl_generator_py.dir/rosidl_generator_py/robot_common_interfaces/msg/_ser_com_struct_s.c.o[0m
[2.453s] [ 80%] [32m[1mLinking C shared library rosidl_generator_py/robot_common_interfaces/librobot_common_interfaces__rosidl_generator_py.so[0m
[2.486s] [ 80%] Built target robot_common_interfaces__rosidl_generator_py
[2.507s] [ 83%] [32mBuilding C object CMakeFiles/robot_common_interfaces__rosidl_typesupport_c__pyext.dir/rosidl_generator_py/robot_common_interfaces/_robot_common_interfaces_s.ep.rosidl_typesupport_c.c.o[0m
[2.511s] [ 87%] [32mBuilding C object CMakeFiles/robot_common_interfaces__rosidl_typesupport_fastrtps_c__pyext.dir/rosidl_generator_py/robot_common_interfaces/_robot_common_interfaces_s.ep.rosidl_typesupport_fastrtps_c.c.o[0m
[2.514s] [ 90%] [32mBuilding C object CMakeFiles/robot_common_interfaces__rosidl_typesupport_introspection_c__pyext.dir/rosidl_generator_py/robot_common_interfaces/_robot_common_interfaces_s.ep.rosidl_typesupport_introspection_c.c.o[0m
[2.570s] [ 93%] [32m[1mLinking C shared library rosidl_generator_py/robot_common_interfaces/robot_common_interfaces_s__rosidl_typesupport_c.cpython-310-x86_64-linux-gnu.so[0m
[2.571s] [ 96%] [32m[1mLinking C shared library rosidl_generator_py/robot_common_interfaces/robot_common_interfaces_s__rosidl_typesupport_fastrtps_c.cpython-310-x86_64-linux-gnu.so[0m
[2.582s] [100%] [32m[1mLinking C shared library rosidl_generator_py/robot_common_interfaces/robot_common_interfaces_s__rosidl_typesupport_introspection_c.cpython-310-x86_64-linux-gnu.so[0m
[2.597s] [100%] Built target robot_common_interfaces__rosidl_typesupport_fastrtps_c__pyext
[2.598s] [100%] Built target robot_common_interfaces__rosidl_typesupport_c__pyext
[2.611s] [100%] Built target robot_common_interfaces__rosidl_typesupport_introspection_c__pyext
[2.621s] Invoked command in '/home/tamir/autonomous_robot/build/robot_common_interfaces' returned '0': CMAKE_PREFIX_PATH=${CMAKE_PREFIX_PATH}:/home/tamir/ros2_ws/install/turtle_spawner:/home/tamir/ros2_ws/install/turtle_controller:/home/tamir/ros2_ws/install/my_py_pkg:/home/tamir/install/turtlebot3_gazebo:/home/tamir/install/turtle_spawner:/home/tamir/install/turtle_controller:/home/tamir/install/my_py_pkg:/opt/ros/humble /usr/bin/cmake --build /home/tamir/autonomous_robot/build/robot_common_interfaces -- -j12 -l12
[2.696s] Invoking command in '/home/tamir/autonomous_robot/build/robot_common_interfaces': CMAKE_PREFIX_PATH=${CMAKE_PREFIX_PATH}:/home/tamir/ros2_ws/install/turtle_spawner:/home/tamir/ros2_ws/install/turtle_controller:/home/tamir/ros2_ws/install/my_py_pkg:/home/tamir/install/turtlebot3_gazebo:/home/tamir/install/turtle_spawner:/home/tamir/install/turtle_controller:/home/tamir/install/my_py_pkg:/opt/ros/humble /usr/bin/cmake --install /home/tamir/autonomous_robot/build/robot_common_interfaces
[2.707s] -- Install configuration: ""
[2.707s] -- Installing: /home/tamir/autonomous_robot/install/robot_common_interfaces/share/ament_index/resource_index/rosidl_interfaces/robot_common_interfaces
[2.707s] -- Installing: /home/tamir/autonomous_robot/install/robot_common_interfaces/include/robot_common_interfaces/robot_common_interfaces
[2.707s] -- Installing: /home/tamir/autonomous_robot/install/robot_common_interfaces/include/robot_common_interfaces/robot_common_interfaces/msg
[2.707s] -- Installing: /home/tamir/autonomous_robot/install/robot_common_interfaces/include/robot_common_interfaces/robot_common_interfaces/msg/rosidl_generator_c__visibility_control.h
[2.707s] -- Installing: /home/tamir/autonomous_robot/install/robot_common_interfaces/include/robot_common_interfaces/robot_common_interfaces/msg/detail
[2.707s] -- Installing: /home/tamir/autonomous_robot/install/robot_common_interfaces/include/robot_common_interfaces/robot_common_interfaces/msg/detail/ser_com_struct__type_support.h
[2.707s] -- Installing: /home/tamir/autonomous_robot/install/robot_common_interfaces/include/robot_common_interfaces/robot_common_interfaces/msg/detail/ser_com_struct__struct.h
[2.707s] -- Installing: /home/tamir/autonomous_robot/install/robot_common_interfaces/include/robot_common_interfaces/robot_common_interfaces/msg/detail/ser_com_struct__functions.c
[2.707s] -- Installing: /home/tamir/autonomous_robot/install/robot_common_interfaces/include/robot_common_interfaces/robot_common_interfaces/msg/detail/ser_com_struct__functions.h
[2.708s] -- Installing: /home/tamir/autonomous_robot/install/robot_common_interfaces/include/robot_common_interfaces/robot_common_interfaces/msg/ser_com_struct.h
[2.708s] -- Installing: /home/tamir/autonomous_robot/install/robot_common_interfaces/share/robot_common_interfaces/environment/library_path.sh
[2.708s] -- Installing: /home/tamir/autonomous_robot/install/robot_common_interfaces/share/robot_common_interfaces/environment/library_path.dsv
[2.708s] -- Installing: /home/tamir/autonomous_robot/install/robot_common_interfaces/lib/librobot_common_interfaces__rosidl_generator_c.so
[2.708s] -- Set runtime path of "/home/tamir/autonomous_robot/install/robot_common_interfaces/lib/librobot_common_interfaces__rosidl_generator_c.so" to ""
[2.708s] -- Up-to-date: /home/tamir/autonomous_robot/install/robot_common_interfaces/include/robot_common_interfaces/robot_common_interfaces
[2.708s] -- Up-to-date: /home/tamir/autonomous_robot/install/robot_common_interfaces/include/robot_common_interfaces/robot_common_interfaces/msg
[2.708s] -- Up-to-date: /home/tamir/autonomous_robot/install/robot_common_interfaces/include/robot_common_interfaces/robot_common_interfaces/msg/detail
[2.708s] -- Installing: /home/tamir/autonomous_robot/install/robot_common_interfaces/include/robot_common_interfaces/robot_common_interfaces/msg/detail/ser_com_struct__rosidl_typesupport_fastrtps_c.h
[2.708s] -- Installing: /home/tamir/autonomous_robot/install/robot_common_interfaces/include/robot_common_interfaces/robot_common_interfaces/msg/rosidl_typesupport_fastrtps_c__visibility_control.h
[2.708s] -- Installing: /home/tamir/autonomous_robot/install/robot_common_interfaces/lib/librobot_common_interfaces__rosidl_typesupport_fastrtps_c.so
[2.709s] -- Set runtime path of "/home/tamir/autonomous_robot/install/robot_common_interfaces/lib/librobot_common_interfaces__rosidl_typesupport_fastrtps_c.so" to ""
[2.709s] -- Up-to-date: /home/tamir/autonomous_robot/install/robot_common_interfaces/include/robot_common_interfaces/robot_common_interfaces
[2.709s] -- Up-to-date: /home/tamir/autonomous_robot/install/robot_common_interfaces/include/robot_common_interfaces/robot_common_interfaces/msg
[2.709s] -- Up-to-date: /home/tamir/autonomous_robot/install/robot_common_interfaces/include/robot_common_interfaces/robot_common_interfaces/msg/detail
[2.709s] -- Installing: /home/tamir/autonomous_robot/install/robot_common_interfaces/include/robot_common_interfaces/robot_common_interfaces/msg/detail/ser_com_struct__type_support.c
[2.709s] -- Installing: /home/tamir/autonomous_robot/install/robot_common_interfaces/include/robot_common_interfaces/robot_common_interfaces/msg/detail/ser_com_struct__rosidl_typesupport_introspection_c.h
[2.709s] -- Installing: /home/tamir/autonomous_robot/install/robot_common_interfaces/include/robot_common_interfaces/robot_common_interfaces/msg/rosidl_typesupport_introspection_c__visibility_control.h
[2.709s] -- Installing: /home/tamir/autonomous_robot/install/robot_common_interfaces/lib/librobot_common_interfaces__rosidl_typesupport_introspection_c.so
[2.709s] -- Set runtime path of "/home/tamir/autonomous_robot/install/robot_common_interfaces/lib/librobot_common_interfaces__rosidl_typesupport_introspection_c.so" to ""
[2.709s] -- Installing: /home/tamir/autonomous_robot/install/robot_common_interfaces/lib/librobot_common_interfaces__rosidl_typesupport_c.so
[2.709s] -- Set runtime path of "/home/tamir/autonomous_robot/install/robot_common_interfaces/lib/librobot_common_interfaces__rosidl_typesupport_c.so" to ""
[2.710s] -- Up-to-date: /home/tamir/autonomous_robot/install/robot_common_interfaces/include/robot_common_interfaces/robot_common_interfaces
[2.710s] -- Up-to-date: /home/tamir/autonomous_robot/install/robot_common_interfaces/include/robot_common_interfaces/robot_common_interfaces/msg
[2.710s] -- Installing: /home/tamir/autonomous_robot/install/robot_common_interfaces/include/robot_common_interfaces/robot_common_interfaces/msg/ser_com_struct.hpp
[2.710s] -- Up-to-date: /home/tamir/autonomous_robot/install/robot_common_interfaces/include/robot_common_interfaces/robot_common_interfaces/msg/detail
[2.710s] -- Installing: /home/tamir/autonomous_robot/install/robot_common_interfaces/include/robot_common_interfaces/robot_common_interfaces/msg/detail/ser_com_struct__struct.hpp
[2.710s] -- Installing: /home/tamir/autonomous_robot/install/robot_common_interfaces/include/robot_common_interfaces/robot_common_interfaces/msg/detail/ser_com_struct__builder.hpp
[2.710s] -- Installing: /home/tamir/autonomous_robot/install/robot_common_interfaces/include/robot_common_interfaces/robot_common_interfaces/msg/detail/ser_com_struct__traits.hpp
[2.710s] -- Up-to-date: /home/tamir/autonomous_robot/install/robot_common_interfaces/include/robot_common_interfaces/robot_common_interfaces
[2.710s] -- Up-to-date: /home/tamir/autonomous_robot/install/robot_common_interfaces/include/robot_common_interfaces/robot_common_interfaces/msg
[2.710s] -- Installing: /home/tamir/autonomous_robot/install/robot_common_interfaces/include/robot_common_interfaces/robot_common_interfaces/msg/rosidl_typesupport_fastrtps_cpp__visibility_control.h
[2.710s] -- Up-to-date: /home/tamir/autonomous_robot/install/robot_common_interfaces/include/robot_common_interfaces/robot_common_interfaces/msg/detail
[2.710s] -- Installing: /home/tamir/autonomous_robot/install/robot_common_interfaces/include/robot_common_interfaces/robot_common_interfaces/msg/detail/dds_fastrtps
[2.710s] -- Installing: /home/tamir/autonomous_robot/install/robot_common_interfaces/include/robot_common_interfaces/robot_common_interfaces/msg/detail/ser_com_struct__rosidl_typesupport_fastrtps_cpp.hpp
[2.710s] -- Installing: /home/tamir/autonomous_robot/install/robot_common_interfaces/lib/librobot_common_interfaces__rosidl_typesupport_fastrtps_cpp.so
[2.711s] -- Set runtime path of "/home/tamir/autonomous_robot/install/robot_common_interfaces/lib/librobot_common_interfaces__rosidl_typesupport_fastrtps_cpp.so" to ""
[2.711s] -- Up-to-date: /home/tamir/autonomous_robot/install/robot_common_interfaces/include/robot_common_interfaces/robot_common_interfaces
[2.711s] -- Up-to-date: /home/tamir/autonomous_robot/install/robot_common_interfaces/include/robot_common_interfaces/robot_common_interfaces/msg
[2.711s] -- Up-to-date: /home/tamir/autonomous_robot/install/robot_common_interfaces/include/robot_common_interfaces/robot_common_interfaces/msg/detail
[2.711s] -- Installing: /home/tamir/autonomous_robot/install/robot_common_interfaces/include/robot_common_interfaces/robot_common_interfaces/msg/detail/ser_com_struct__type_support.cpp
[2.711s] -- Installing: /home/tamir/autonomous_robot/install/robot_common_interfaces/include/robot_common_interfaces/robot_common_interfaces/msg/detail/ser_com_struct__rosidl_typesupport_introspection_cpp.hpp
[2.711s] -- Installing: /home/tamir/autonomous_robot/install/robot_common_interfaces/lib/librobot_common_interfaces__rosidl_typesupport_introspection_cpp.so
[2.711s] -- Set runtime path of "/home/tamir/autonomous_robot/install/robot_common_interfaces/lib/librobot_common_interfaces__rosidl_typesupport_introspection_cpp.so" to ""
[2.711s] -- Installing: /home/tamir/autonomous_robot/install/robot_common_interfaces/lib/librobot_common_interfaces__rosidl_typesupport_cpp.so
[2.711s] -- Set runtime path of "/home/tamir/autonomous_robot/install/robot_common_interfaces/lib/librobot_common_interfaces__rosidl_typesupport_cpp.so" to ""
[2.711s] -- Installing: /home/tamir/autonomous_robot/install/robot_common_interfaces/share/robot_common_interfaces/environment/pythonpath.sh
[2.711s] -- Installing: /home/tamir/autonomous_robot/install/robot_common_interfaces/share/robot_common_interfaces/environment/pythonpath.dsv
[2.711s] -- Installing: /home/tamir/autonomous_robot/install/robot_common_interfaces/local/lib/python3.10/dist-packages/robot_common_interfaces-0.0.0-py3.10.egg-info
[2.712s] -- Installing: /home/tamir/autonomous_robot/install/robot_common_interfaces/local/lib/python3.10/dist-packages/robot_common_interfaces-0.0.0-py3.10.egg-info/PKG-INFO
[2.712s] -- Installing: /home/tamir/autonomous_robot/install/robot_common_interfaces/local/lib/python3.10/dist-packages/robot_common_interfaces-0.0.0-py3.10.egg-info/dependency_links.txt
[2.712s] -- Installing: /home/tamir/autonomous_robot/install/robot_common_interfaces/local/lib/python3.10/dist-packages/robot_common_interfaces-0.0.0-py3.10.egg-info/top_level.txt
[2.712s] -- Installing: /home/tamir/autonomous_robot/install/robot_common_interfaces/local/lib/python3.10/dist-packages/robot_common_interfaces-0.0.0-py3.10.egg-info/SOURCES.txt
[2.712s] -- Installing: /home/tamir/autonomous_robot/install/robot_common_interfaces/local/lib/python3.10/dist-packages/robot_common_interfaces
[2.712s] -- Installing: /home/tamir/autonomous_robot/install/robot_common_interfaces/local/lib/python3.10/dist-packages/robot_common_interfaces/librobot_common_interfaces__rosidl_generator_py.so
[2.712s] -- Installing: /home/tamir/autonomous_robot/install/robot_common_interfaces/local/lib/python3.10/dist-packages/robot_common_interfaces/msg
[2.712s] -- Installing: /home/tamir/autonomous_robot/install/robot_common_interfaces/local/lib/python3.10/dist-packages/robot_common_interfaces/msg/_ser_com_struct.py
[2.712s] -- Installing: /home/tamir/autonomous_robot/install/robot_common_interfaces/local/lib/python3.10/dist-packages/robot_common_interfaces/msg/_ser_com_struct_s.c
[2.712s] -- Installing: /home/tamir/autonomous_robot/install/robot_common_interfaces/local/lib/python3.10/dist-packages/robot_common_interfaces/msg/__init__.py
[2.712s] -- Installing: /home/tamir/autonomous_robot/install/robot_common_interfaces/local/lib/python3.10/dist-packages/robot_common_interfaces/robot_common_interfaces_s__rosidl_typesupport_introspection_c.cpython-310-x86_64-linux-gnu.so
[2.712s] -- Installing: /home/tamir/autonomous_robot/install/robot_common_interfaces/local/lib/python3.10/dist-packages/robot_common_interfaces/__init__.py
[2.713s] -- Installing: /home/tamir/autonomous_robot/install/robot_common_interfaces/local/lib/python3.10/dist-packages/robot_common_interfaces/_robot_common_interfaces_s.ep.rosidl_typesupport_introspection_c.c
[2.713s] -- Installing: /home/tamir/autonomous_robot/install/robot_common_interfaces/local/lib/python3.10/dist-packages/robot_common_interfaces/_robot_common_interfaces_s.ep.rosidl_typesupport_fastrtps_c.c
[2.713s] -- Installing: /home/tamir/autonomous_robot/install/robot_common_interfaces/local/lib/python3.10/dist-packages/robot_common_interfaces/robot_common_interfaces_s__rosidl_typesupport_c.cpython-310-x86_64-linux-gnu.so
[2.713s] -- Installing: /home/tamir/autonomous_robot/install/robot_common_interfaces/local/lib/python3.10/dist-packages/robot_common_interfaces/robot_common_interfaces_s__rosidl_typesupport_fastrtps_c.cpython-310-x86_64-linux-gnu.so
[2.713s] -- Installing: /home/tamir/autonomous_robot/install/robot_common_interfaces/local/lib/python3.10/dist-packages/robot_common_interfaces/_robot_common_interfaces_s.ep.rosidl_typesupport_c.c
[2.747s] Listing '/home/tamir/autonomous_robot/install/robot_common_interfaces/local/lib/python3.10/dist-packages/robot_common_interfaces'...
[2.747s] Compiling '/home/tamir/autonomous_robot/install/robot_common_interfaces/local/lib/python3.10/dist-packages/robot_common_interfaces/__init__.py'...
[2.747s] Listing '/home/tamir/autonomous_robot/install/robot_common_interfaces/local/lib/python3.10/dist-packages/robot_common_interfaces/msg'...
[2.747s] Compiling '/home/tamir/autonomous_robot/install/robot_common_interfaces/local/lib/python3.10/dist-packages/robot_common_interfaces/msg/__init__.py'...
[2.747s] Compiling '/home/tamir/autonomous_robot/install/robot_common_interfaces/local/lib/python3.10/dist-packages/robot_common_interfaces/msg/_ser_com_struct.py'...
[2.750s] -- Installing: /home/tamir/autonomous_robot/install/robot_common_interfaces/local/lib/python3.10/dist-packages/robot_common_interfaces/robot_common_interfaces_s__rosidl_typesupport_fastrtps_c.cpython-310-x86_64-linux-gnu.so
[2.750s] -- Set runtime path of "/home/tamir/autonomous_robot/install/robot_common_interfaces/local/lib/python3.10/dist-packages/robot_common_interfaces/robot_common_interfaces_s__rosidl_typesupport_fastrtps_c.cpython-310-x86_64-linux-gnu.so" to ""
[2.750s] -- Installing: /home/tamir/autonomous_robot/install/robot_common_interfaces/local/lib/python3.10/dist-packages/robot_common_interfaces/robot_common_interfaces_s__rosidl_typesupport_introspection_c.cpython-310-x86_64-linux-gnu.so
[2.750s] -- Set runtime path of "/home/tamir/autonomous_robot/install/robot_common_interfaces/local/lib/python3.10/dist-packages/robot_common_interfaces/robot_common_interfaces_s__rosidl_typesupport_introspection_c.cpython-310-x86_64-linux-gnu.so" to ""
[2.751s] -- Installing: /home/tamir/autonomous_robot/install/robot_common_interfaces/local/lib/python3.10/dist-packages/robot_common_interfaces/robot_common_interfaces_s__rosidl_typesupport_c.cpython-310-x86_64-linux-gnu.so
[2.751s] -- Set runtime path of "/home/tamir/autonomous_robot/install/robot_common_interfaces/local/lib/python3.10/dist-packages/robot_common_interfaces/robot_common_interfaces_s__rosidl_typesupport_c.cpython-310-x86_64-linux-gnu.so" to ""
[2.751s] -- Installing: /home/tamir/autonomous_robot/install/robot_common_interfaces/lib/librobot_common_interfaces__rosidl_generator_py.so
[2.751s] -- Set runtime path of "/home/tamir/autonomous_robot/install/robot_common_interfaces/lib/librobot_common_interfaces__rosidl_generator_py.so" to ""
[2.751s] -- Installing: /home/tamir/autonomous_robot/install/robot_common_interfaces/share/robot_common_interfaces/msg/SerComStruct.idl
[2.751s] -- Installing: /home/tamir/autonomous_robot/install/robot_common_interfaces/share/robot_common_interfaces/msg/SerComStruct.msg
[2.751s] -- Installing: /home/tamir/autonomous_robot/install/robot_common_interfaces/share/robot_common_interfaces/package.xml
[2.751s] -- Installing: /home/tamir/autonomous_robot/install/robot_common_interfaces/share/ament_index/resource_index/package_run_dependencies/robot_common_interfaces
[2.751s] -- Installing: /home/tamir/autonomous_robot/install/robot_common_interfaces/share/ament_index/resource_index/parent_prefix_path/robot_common_interfaces
[2.751s] -- Installing: /home/tamir/autonomous_robot/install/robot_common_interfaces/share/robot_common_interfaces/environment/ament_prefix_path.sh
[2.752s] -- Installing: /home/tamir/autonomous_robot/install/robot_common_interfaces/share/robot_common_interfaces/environment/ament_prefix_path.dsv
[2.752s] -- Installing: /home/tamir/autonomous_robot/install/robot_common_interfaces/share/robot_common_interfaces/environment/path.sh
[2.752s] -- Installing: /home/tamir/autonomous_robot/install/robot_common_interfaces/share/robot_common_interfaces/environment/path.dsv
[2.752s] -- Installing: /home/tamir/autonomous_robot/install/robot_common_interfaces/share/robot_common_interfaces/local_setup.bash
[2.752s] -- Installing: /home/tamir/autonomous_robot/install/robot_common_interfaces/share/robot_common_interfaces/local_setup.sh
[2.752s] -- Installing: /home/tamir/autonomous_robot/install/robot_common_interfaces/share/robot_common_interfaces/local_setup.zsh
[2.752s] -- Installing: /home/tamir/autonomous_robot/install/robot_common_interfaces/share/robot_common_interfaces/local_setup.dsv
[2.752s] -- Installing: /home/tamir/autonomous_robot/install/robot_common_interfaces/share/robot_common_interfaces/package.dsv
[2.753s] -- Installing: /home/tamir/autonomous_robot/install/robot_common_interfaces/share/ament_index/resource_index/packages/robot_common_interfaces
[2.753s] -- Installing: /home/tamir/autonomous_robot/install/robot_common_interfaces/share/robot_common_interfaces/cmake/export_robot_common_interfaces__rosidl_generator_cExport.cmake
[2.753s] -- Installing: /home/tamir/autonomous_robot/install/robot_common_interfaces/share/robot_common_interfaces/cmake/export_robot_common_interfaces__rosidl_generator_cExport-noconfig.cmake
[2.753s] -- Installing: /home/tamir/autonomous_robot/install/robot_common_interfaces/share/robot_common_interfaces/cmake/export_robot_common_interfaces__rosidl_typesupport_fastrtps_cExport.cmake
[2.753s] -- Installing: /home/tamir/autonomous_robot/install/robot_common_interfaces/share/robot_common_interfaces/cmake/export_robot_common_interfaces__rosidl_typesupport_fastrtps_cExport-noconfig.cmake
[2.753s] -- Installing: /home/tamir/autonomous_robot/install/robot_common_interfaces/share/robot_common_interfaces/cmake/robot_common_interfaces__rosidl_typesupport_introspection_cExport.cmake
[2.753s] -- Installing: /home/tamir/autonomous_robot/install/robot_common_interfaces/share/robot_common_interfaces/cmake/robot_common_interfaces__rosidl_typesupport_introspection_cExport-noconfig.cmake
[2.753s] -- Installing: /home/tamir/autonomous_robot/install/robot_common_interfaces/share/robot_common_interfaces/cmake/robot_common_interfaces__rosidl_typesupport_cExport.cmake
[2.753s] -- Installing: /home/tamir/autonomous_robot/install/robot_common_interfaces/share/robot_common_interfaces/cmake/robot_common_interfaces__rosidl_typesupport_cExport-noconfig.cmake
[2.753s] -- Installing: /home/tamir/autonomous_robot/install/robot_common_interfaces/share/robot_common_interfaces/cmake/export_robot_common_interfaces__rosidl_generator_cppExport.cmake
[2.753s] -- Installing: /home/tamir/autonomous_robot/install/robot_common_interfaces/share/robot_common_interfaces/cmake/export_robot_common_interfaces__rosidl_typesupport_fastrtps_cppExport.cmake
[2.754s] -- Installing: /home/tamir/autonomous_robot/install/robot_common_interfaces/share/robot_common_interfaces/cmake/export_robot_common_interfaces__rosidl_typesupport_fastrtps_cppExport-noconfig.cmake
[2.754s] -- Installing: /home/tamir/autonomous_robot/install/robot_common_interfaces/share/robot_common_interfaces/cmake/robot_common_interfaces__rosidl_typesupport_introspection_cppExport.cmake
[2.754s] -- Installing: /home/tamir/autonomous_robot/install/robot_common_interfaces/share/robot_common_interfaces/cmake/robot_common_interfaces__rosidl_typesupport_introspection_cppExport-noconfig.cmake
[2.754s] -- Installing: /home/tamir/autonomous_robot/install/robot_common_interfaces/share/robot_common_interfaces/cmake/robot_common_interfaces__rosidl_typesupport_cppExport.cmake
[2.754s] -- Installing: /home/tamir/autonomous_robot/install/robot_common_interfaces/share/robot_common_interfaces/cmake/robot_common_interfaces__rosidl_typesupport_cppExport-noconfig.cmake
[2.754s] -- Installing: /home/tamir/autonomous_robot/install/robot_common_interfaces/share/robot_common_interfaces/cmake/export_robot_common_interfaces__rosidl_generator_pyExport.cmake
[2.754s] -- Installing: /home/tamir/autonomous_robot/install/robot_common_interfaces/share/robot_common_interfaces/cmake/export_robot_common_interfaces__rosidl_generator_pyExport-noconfig.cmake
[2.754s] -- Installing: /home/tamir/autonomous_robot/install/robot_common_interfaces/share/robot_common_interfaces/cmake/rosidl_cmake-extras.cmake
[2.754s] -- Installing: /home/tamir/autonomous_robot/install/robot_common_interfaces/share/robot_common_interfaces/cmake/ament_cmake_export_include_directories-extras.cmake
[2.754s] -- Installing: /home/tamir/autonomous_robot/install/robot_common_interfaces/share/robot_common_interfaces/cmake/ament_cmake_export_libraries-extras.cmake
[2.754s] -- Installing: /home/tamir/autonomous_robot/install/robot_common_interfaces/share/robot_common_interfaces/cmake/ament_cmake_export_targets-extras.cmake
[2.754s] -- Installing: /home/tamir/autonomous_robot/install/robot_common_interfaces/share/robot_common_interfaces/cmake/rosidl_cmake_export_typesupport_targets-extras.cmake
[2.755s] -- Installing: /home/tamir/autonomous_robot/install/robot_common_interfaces/share/robot_common_interfaces/cmake/ament_cmake_export_dependencies-extras.cmake
[2.755s] -- Installing: /home/tamir/autonomous_robot/install/robot_common_interfaces/share/robot_common_interfaces/cmake/rosidl_cmake_export_typesupport_libraries-extras.cmake
[2.755s] -- Installing: /home/tamir/autonomous_robot/install/robot_common_interfaces/share/robot_common_interfaces/cmake/robot_common_interfacesConfig.cmake
[2.755s] -- Installing: /home/tamir/autonomous_robot/install/robot_common_interfaces/share/robot_common_interfaces/cmake/robot_common_interfacesConfig-version.cmake
[2.755s] -- Up-to-date: /home/tamir/autonomous_robot/install/robot_common_interfaces/share/robot_common_interfaces/package.xml
[2.756s] Invoked command in '/home/tamir/autonomous_robot/build/robot_common_interfaces' returned '0': CMAKE_PREFIX_PATH=${CMAKE_PREFIX_PATH}:/home/tamir/ros2_ws/install/turtle_spawner:/home/tamir/ros2_ws/install/turtle_controller:/home/tamir/ros2_ws/install/my_py_pkg:/home/tamir/install/turtlebot3_gazebo:/home/tamir/install/turtle_spawner:/home/tamir/install/turtle_controller:/home/tamir/install/my_py_pkg:/opt/ros/humble /usr/bin/cmake --install /home/tamir/autonomous_robot/build/robot_common_interfaces
