[0.019s] Invoking command in '/home/tamir/autonomous_robot/build/aws_robomaker_small_warehouse_world': CMAKE_PREFIX_PATH=${CMAKE_PREFIX_PATH}:/home/tamir/autonomous_robot/install/calc_odom:/home/tamir/autonomous_robot/install/control_hardware:/home/tamir/autonomous_robot/autonomous_robot_control/install/control_hardware:/home/tamir/autonomous_robot/autonomous_robot_control/install/calc_odom:/home/tamir/ros2_ws/install/turtle_spawner:/home/tamir/ros2_ws/install/turtle_controller:/home/tamir/ros2_ws/install/my_py_pkg:/opt/ros/humble /usr/bin/cmake /home/tamir/autonomous_robot/aws-robomaker-small-warehouse-world -DCMAKE_INSTALL_PREFIX=/home/tamir/autonomous_robot/install/aws_robomaker_small_warehouse_world
[0.199s] -- The C compiler identification is GNU 11.4.0
[0.239s] -- The CXX compiler identification is GNU 11.4.0
[0.247s] -- Detecting C compiler ABI info
[0.301s] -- Detecting C compiler ABI info - done
[0.306s] -- Check for working C compiler: /usr/bin/cc - skipped
[0.306s] -- Detecting C compile features
[0.306s] -- Detecting C compile features - done
[0.309s] -- Detecting CXX compiler ABI info
[0.372s] -- Detecting CXX compiler ABI info - done
[0.377s] -- Check for working CXX compiler: /usr/bin/c++ - skipped
[0.378s] -- Detecting CXX compile features
[0.378s] -- Detecting CXX compile features - done
[0.385s] -- Found ament_cmake: 1.3.10 (/opt/ros/humble/share/ament_cmake/cmake)
[0.670s] -- Found Python3: /usr/bin/python3 (found version "3.10.12") found components: Interpreter 
[0.766s] -- Found gazebo_ros: 3.7.0 (/opt/ros/humble/share/gazebo_ros/cmake)
[0.820s] -- Found rosidl_generator_c: 3.1.5 (/opt/ros/humble/share/rosidl_generator_c/cmake)
[0.825s] -- Found rosidl_adapter: 3.1.5 (/opt/ros/humble/share/rosidl_adapter/cmake)
[0.834s] -- Found rosidl_generator_cpp: 3.1.5 (/opt/ros/humble/share/rosidl_generator_cpp/cmake)
[0.846s] -- Using all available rosidl_typesupport_c: rosidl_typesupport_fastrtps_c;rosidl_typesupport_introspection_c
[0.860s] -- Using all available rosidl_typesupport_cpp: rosidl_typesupport_fastrtps_cpp;rosidl_typesupport_introspection_cpp
[0.918s] -- Found rmw_implementation_cmake: 6.1.2 (/opt/ros/humble/share/rmw_implementation_cmake/cmake)
[0.923s] -- Found rmw_cyclonedds_cpp: 1.3.4 (/opt/ros/humble/share/rmw_cyclonedds_cpp/cmake)
[0.958s] -- Using RMW implementation 'rmw_cyclonedds_cpp' as default
[0.973s] -- Looking for pthread.h
[1.042s] -- Looking for pthread.h - found
[1.042s] -- Performing Test CMAKE_HAVE_LIBC_PTHREAD
[1.103s] -- Performing Test CMAKE_HAVE_LIBC_PTHREAD - Success
[1.104s] -- Found Threads: TRUE  
[1.194s] -- Found PkgConfig: /usr/bin/pkg-config (found version "0.29.2") 
[1.195s] -- Checking for module 'bullet>=2.82'
[1.206s] --   Found bullet, version 3.05
[1.315s] -- Found fcl: /usr/include (found suitable version "0.7.0", minimum required is "0.5.0") 
[1.365s] -- Found assimp: /usr/include (found version "5.2.0") 
[1.395s] -- Found DART: /usr/include (Required is at least version "6.6") found components: dart 
[1.487s] -- Found Boost: /usr/lib/x86_64-linux-gnu/cmake/Boost-1.74.0/BoostConfig.cmake (found suitable version "1.74.0", minimum required is "1.40.0") found components: thread system filesystem program_options regex iostreams date_time 
[1.550s] -- Found Protobuf: /usr/lib/x86_64-linux-gnu/libprotobuf.so (found version "3.12.4") 
[1.556s] -- Looking for ignition-math6 -- found version 6.15.1
[1.563s] -- Searching for dependencies of ignition-math6
[1.565s] -- Looking for OGRE...
[1.565s] -- OGRE_PREFIX_WATCH changed.
[1.571s] -- Checking for module 'OGRE'
[1.583s] --   Found OGRE, version 1.9.0
[1.620s] -- Found Ogre Ghadamon (1.9.0)
[1.633s] -- Found OGRE: optimized;/usr/lib/x86_64-linux-gnu/libOgreMain.so;debug;/usr/lib/x86_64-linux-gnu/libOgreMain.so
[1.641s] -- Looking for OGRE_Paging...
[1.648s] -- Found OGRE_Paging: optimized;/usr/lib/x86_64-linux-gnu/libOgrePaging.so;debug;/usr/lib/x86_64-linux-gnu/libOgrePaging.so
[1.648s] -- Looking for OGRE_Terrain...
[1.658s] -- Found OGRE_Terrain: optimized;/usr/lib/x86_64-linux-gnu/libOgreTerrain.so;debug;/usr/lib/x86_64-linux-gnu/libOgreTerrain.so
[1.658s] -- Looking for OGRE_Property...
[1.663s] -- Found OGRE_Property: optimized;/usr/lib/x86_64-linux-gnu/libOgreProperty.so;debug;/usr/lib/x86_64-linux-gnu/libOgreProperty.so
[1.663s] -- Looking for OGRE_RTShaderSystem...
[1.669s] -- Found OGRE_RTShaderSystem: optimized;/usr/lib/x86_64-linux-gnu/libOgreRTShaderSystem.so;debug;/usr/lib/x86_64-linux-gnu/libOgreRTShaderSystem.so
[1.669s] -- Looking for OGRE_Volume...
[1.676s] -- Found OGRE_Volume: optimized;/usr/lib/x86_64-linux-gnu/libOgreVolume.so;debug;/usr/lib/x86_64-linux-gnu/libOgreVolume.so
[1.676s] -- Looking for OGRE_Overlay...
[1.684s] -- Found OGRE_Overlay: optimized;/usr/lib/x86_64-linux-gnu/libOgreOverlay.so;debug;/usr/lib/x86_64-linux-gnu/libOgreOverlay.so
[1.814s] -- Looking for ignition-math6 -- found version 6.15.1
[1.817s] -- Looking for ignition-transport8 -- found version 8.2.1
[1.818s] -- Searching for dependencies of ignition-transport8
[1.834s] -- Found Protobuf: /usr/lib/x86_64-linux-gnu/libprotobuf.so (found suitable version "3.12.4", minimum required is "3") 
[1.846s] -- Config-file not installed for ZeroMQ -- checking for pkg-config
[1.852s] -- Checking for module 'libzmq >= 4'
[1.868s] --   Found libzmq , version 4.3.4
[1.907s] -- Found ZeroMQ: TRUE (Required is at least version "4") 
[1.914s] -- Checking for module 'uuid'
[1.929s] --   Found uuid, version 2.37.2
[1.968s] -- Found UUID: TRUE  
[1.972s] -- Looking for ignition-msgs5 -- found version 5.8.1
[1.973s] -- Searching for dependencies of ignition-msgs5
[1.995s] -- Looking for ignition-math6 -- found version 6.15.1
[2.001s] -- Checking for module 'tinyxml2'
[2.073s] --   Found tinyxml2, version 9.0.0
[2.153s] -- Looking for ignition-msgs5 -- found version 5.8.1
[2.157s] -- Looking for ignition-common3 -- found version 3.14.0
[2.158s] -- Searching for dependencies of ignition-common3
[2.158s] -- Looking for dlfcn.h - found
[2.159s] -- Looking for libdl - found
[2.160s] -- Found DL: TRUE  
[2.171s] -- Found tinyobjloader: /usr/lib/x86_64-linux-gnu/cmake/tinyobjloader/tinyobjloader-config.cmake (found version "2.0.0") 
[2.172s] -- Searching for <ignition-common3> component [graphics]
[2.175s] -- Looking for ignition-common3-graphics -- found version 3.14.0
[2.176s] -- Searching for dependencies of ignition-common3-graphics
[2.176s] -- Looking for ignition-math6 -- found version 6.15.1
[2.180s] -- Looking for ignition-fuel_tools4 -- found version 4.4.0
[2.181s] -- Searching for dependencies of ignition-fuel_tools4
[2.405s] -- Found CURL: /usr/lib/x86_64-linux-gnu/libcurl.so (found version "7.81.0")  
[2.468s] -- Checking for module 'jsoncpp'
[2.485s] --   Found jsoncpp, version 1.9.5
[2.514s] -- Found JSONCPP: TRUE  
[2.521s] -- Checking for module 'libzip'
[2.614s] --   Found libzip, version 1.7.3
[2.666s] -- Found ZIP: TRUE  
[2.667s] -- Looking for ignition-common3 -- found version 3.14.0
[2.667s] -- Looking for ignition-math6 -- found version 6.15.1
[2.667s] -- Looking for ignition-msgs5 -- found version 5.8.1
[2.672s] -- Gazebo version: 11.10
[2.672s] -- Checking for module 'tbb'
[2.690s] --   Found tbb, version 2021.5.0
[3.007s] -- Configuring done
[3.011s] -- Generating done
[3.013s] -- Build files have been written to: /home/tamir/autonomous_robot/build/aws_robomaker_small_warehouse_world
[3.075s] Invoked command in '/home/tamir/autonomous_robot/build/aws_robomaker_small_warehouse_world' returned '0': CMAKE_PREFIX_PATH=${CMAKE_PREFIX_PATH}:/home/tamir/autonomous_robot/install/calc_odom:/home/tamir/autonomous_robot/install/control_hardware:/home/tamir/autonomous_robot/autonomous_robot_control/install/control_hardware:/home/tamir/autonomous_robot/autonomous_robot_control/install/calc_odom:/home/tamir/ros2_ws/install/turtle_spawner:/home/tamir/ros2_ws/install/turtle_controller:/home/tamir/ros2_ws/install/my_py_pkg:/opt/ros/humble /usr/bin/cmake /home/tamir/autonomous_robot/aws-robomaker-small-warehouse-world -DCMAKE_INSTALL_PREFIX=/home/tamir/autonomous_robot/install/aws_robomaker_small_warehouse_world
[3.092s] Invoking command in '/home/tamir/autonomous_robot/build/aws_robomaker_small_warehouse_world': CMAKE_PREFIX_PATH=${CMAKE_PREFIX_PATH}:/home/tamir/autonomous_robot/install/calc_odom:/home/tamir/autonomous_robot/install/control_hardware:/home/tamir/autonomous_robot/autonomous_robot_control/install/control_hardware:/home/tamir/autonomous_robot/autonomous_robot_control/install/calc_odom:/home/tamir/ros2_ws/install/turtle_spawner:/home/tamir/ros2_ws/install/turtle_controller:/home/tamir/ros2_ws/install/my_py_pkg:/opt/ros/humble /usr/bin/cmake --build /home/tamir/autonomous_robot/build/aws_robomaker_small_warehouse_world -- -j12 -l12
[3.173s] Invoked command in '/home/tamir/autonomous_robot/build/aws_robomaker_small_warehouse_world' returned '0': CMAKE_PREFIX_PATH=${CMAKE_PREFIX_PATH}:/home/tamir/autonomous_robot/install/calc_odom:/home/tamir/autonomous_robot/install/control_hardware:/home/tamir/autonomous_robot/autonomous_robot_control/install/control_hardware:/home/tamir/autonomous_robot/autonomous_robot_control/install/calc_odom:/home/tamir/ros2_ws/install/turtle_spawner:/home/tamir/ros2_ws/install/turtle_controller:/home/tamir/ros2_ws/install/my_py_pkg:/opt/ros/humble /usr/bin/cmake --build /home/tamir/autonomous_robot/build/aws_robomaker_small_warehouse_world -- -j12 -l12
[3.285s] Invoking command in '/home/tamir/autonomous_robot/build/aws_robomaker_small_warehouse_world': CMAKE_PREFIX_PATH=${CMAKE_PREFIX_PATH}:/home/tamir/autonomous_robot/install/calc_odom:/home/tamir/autonomous_robot/install/control_hardware:/home/tamir/autonomous_robot/autonomous_robot_control/install/control_hardware:/home/tamir/autonomous_robot/autonomous_robot_control/install/calc_odom:/home/tamir/ros2_ws/install/turtle_spawner:/home/tamir/ros2_ws/install/turtle_controller:/home/tamir/ros2_ws/install/my_py_pkg:/opt/ros/humble /usr/bin/cmake --install /home/tamir/autonomous_robot/build/aws_robomaker_small_warehouse_world
[3.293s] -- Install configuration: ""
[3.294s] -- Installing: /home/tamir/autonomous_robot/install/aws_robomaker_small_warehouse_world/share/aws_robomaker_small_warehouse_world/launch
[3.294s] -- Installing: /home/tamir/autonomous_robot/install/aws_robomaker_small_warehouse_world/share/aws_robomaker_small_warehouse_world/launch/small_warehouse.launch.py
[3.294s] -- Installing: /home/tamir/autonomous_robot/install/aws_robomaker_small_warehouse_world/share/aws_robomaker_small_warehouse_world/launch/no_roof_small_warehouse.launch.py
[3.294s] -- Installing: /home/tamir/autonomous_robot/install/aws_robomaker_small_warehouse_world/share/aws_robomaker_small_warehouse_world/models
[3.294s] -- Installing: /home/tamir/autonomous_robot/install/aws_robomaker_small_warehouse_world/share/aws_robomaker_small_warehouse_world/models/aws_robomaker_warehouse_Bucket_01
[3.294s] -- Installing: /home/tamir/autonomous_robot/install/aws_robomaker_small_warehouse_world/share/aws_robomaker_small_warehouse_world/models/aws_robomaker_warehouse_Bucket_01/model.sdf
[3.295s] -- Installing: /home/tamir/autonomous_robot/install/aws_robomaker_small_warehouse_world/share/aws_robomaker_small_warehouse_world/models/aws_robomaker_warehouse_Bucket_01/meshes
[3.295s] -- Installing: /home/tamir/autonomous_robot/install/aws_robomaker_small_warehouse_world/share/aws_robomaker_small_warehouse_world/models/aws_robomaker_warehouse_Bucket_01/meshes/aws_robomaker_warehouse_Bucket_01_visual.DAE
[3.295s] -- Installing: /home/tamir/autonomous_robot/install/aws_robomaker_small_warehouse_world/share/aws_robomaker_small_warehouse_world/models/aws_robomaker_warehouse_Bucket_01/meshes/aws_robomaker_warehouse_Bucket_01_collision.DAE
[3.295s] -- Installing: /home/tamir/autonomous_robot/install/aws_robomaker_small_warehouse_world/share/aws_robomaker_small_warehouse_world/models/aws_robomaker_warehouse_Bucket_01/model.config
[3.295s] -- Installing: /home/tamir/autonomous_robot/install/aws_robomaker_small_warehouse_world/share/aws_robomaker_small_warehouse_world/models/aws_robomaker_warehouse_Bucket_01/.DS_Store
[3.295s] -- Installing: /home/tamir/autonomous_robot/install/aws_robomaker_small_warehouse_world/share/aws_robomaker_small_warehouse_world/models/aws_robomaker_warehouse_Bucket_01/materials
[3.295s] -- Installing: /home/tamir/autonomous_robot/install/aws_robomaker_small_warehouse_world/share/aws_robomaker_small_warehouse_world/models/aws_robomaker_warehouse_Bucket_01/materials/.DS_Store
[3.295s] -- Installing: /home/tamir/autonomous_robot/install/aws_robomaker_small_warehouse_world/share/aws_robomaker_small_warehouse_world/models/aws_robomaker_warehouse_Bucket_01/materials/textures
[3.295s] -- Installing: /home/tamir/autonomous_robot/install/aws_robomaker_small_warehouse_world/share/aws_robomaker_small_warehouse_world/models/aws_robomaker_warehouse_Bucket_01/materials/textures/aws_robomaker_warehouse_Bucket_01.png
[3.296s] -- Installing: /home/tamir/autonomous_robot/install/aws_robomaker_small_warehouse_world/share/aws_robomaker_small_warehouse_world/models/aws_robomaker_warehouse_PalletJackB_01
[3.296s] -- Installing: /home/tamir/autonomous_robot/install/aws_robomaker_small_warehouse_world/share/aws_robomaker_small_warehouse_world/models/aws_robomaker_warehouse_PalletJackB_01/model.sdf
[3.296s] -- Installing: /home/tamir/autonomous_robot/install/aws_robomaker_small_warehouse_world/share/aws_robomaker_small_warehouse_world/models/aws_robomaker_warehouse_PalletJackB_01/meshes
[3.296s] -- Installing: /home/tamir/autonomous_robot/install/aws_robomaker_small_warehouse_world/share/aws_robomaker_small_warehouse_world/models/aws_robomaker_warehouse_PalletJackB_01/meshes/aws_robomaker_warehouse_PalletJackB_01_visual.DAE
[3.297s] -- Installing: /home/tamir/autonomous_robot/install/aws_robomaker_small_warehouse_world/share/aws_robomaker_small_warehouse_world/models/aws_robomaker_warehouse_PalletJackB_01/meshes/aws_robomaker_warehouse_PalletJackB_01_collision.DAE
[3.297s] -- Installing: /home/tamir/autonomous_robot/install/aws_robomaker_small_warehouse_world/share/aws_robomaker_small_warehouse_world/models/aws_robomaker_warehouse_PalletJackB_01/model.config
[3.298s] -- Installing: /home/tamir/autonomous_robot/install/aws_robomaker_small_warehouse_world/share/aws_robomaker_small_warehouse_world/models/aws_robomaker_warehouse_PalletJackB_01/.DS_Store
[3.298s] -- Installing: /home/tamir/autonomous_robot/install/aws_robomaker_small_warehouse_world/share/aws_robomaker_small_warehouse_world/models/aws_robomaker_warehouse_PalletJackB_01/materials
[3.298s] -- Installing: /home/tamir/autonomous_robot/install/aws_robomaker_small_warehouse_world/share/aws_robomaker_small_warehouse_world/models/aws_robomaker_warehouse_PalletJackB_01/materials/.DS_Store
[3.298s] -- Installing: /home/tamir/autonomous_robot/install/aws_robomaker_small_warehouse_world/share/aws_robomaker_small_warehouse_world/models/aws_robomaker_warehouse_PalletJackB_01/materials/textures
[3.298s] -- Installing: /home/tamir/autonomous_robot/install/aws_robomaker_small_warehouse_world/share/aws_robomaker_small_warehouse_world/models/aws_robomaker_warehouse_PalletJackB_01/materials/textures/aws_robomaker_warehouse_PalletJackB_02.png
[3.298s] -- Installing: /home/tamir/autonomous_robot/install/aws_robomaker_small_warehouse_world/share/aws_robomaker_small_warehouse_world/models/aws_robomaker_warehouse_PalletJackB_01/materials/textures/aws_robomaker_warehouse_PalletJackB_01.png
[3.300s] -- Installing: /home/tamir/autonomous_robot/install/aws_robomaker_small_warehouse_world/share/aws_robomaker_small_warehouse_world/models/aws_robomaker_warehouse_ClutteringC_01
[3.300s] -- Installing: /home/tamir/autonomous_robot/install/aws_robomaker_small_warehouse_world/share/aws_robomaker_small_warehouse_world/models/aws_robomaker_warehouse_ClutteringC_01/model.sdf
[3.301s] -- Installing: /home/tamir/autonomous_robot/install/aws_robomaker_small_warehouse_world/share/aws_robomaker_small_warehouse_world/models/aws_robomaker_warehouse_ClutteringC_01/meshes
[3.301s] -- Installing: /home/tamir/autonomous_robot/install/aws_robomaker_small_warehouse_world/share/aws_robomaker_small_warehouse_world/models/aws_robomaker_warehouse_ClutteringC_01/meshes/aws_robomaker_warehouse_ClutteringC_01_collision.DAE
[3.301s] -- Installing: /home/tamir/autonomous_robot/install/aws_robomaker_small_warehouse_world/share/aws_robomaker_small_warehouse_world/models/aws_robomaker_warehouse_ClutteringC_01/meshes/aws_robomaker_warehouse_ClutteringC_01_visual.DAE
[3.301s] -- Installing: /home/tamir/autonomous_robot/install/aws_robomaker_small_warehouse_world/share/aws_robomaker_small_warehouse_world/models/aws_robomaker_warehouse_ClutteringC_01/model.config
[3.301s] -- Installing: /home/tamir/autonomous_robot/install/aws_robomaker_small_warehouse_world/share/aws_robomaker_small_warehouse_world/models/aws_robomaker_warehouse_ClutteringC_01/materials
[3.301s] -- Installing: /home/tamir/autonomous_robot/install/aws_robomaker_small_warehouse_world/share/aws_robomaker_small_warehouse_world/models/aws_robomaker_warehouse_ClutteringC_01/materials/textures
[3.301s] -- Installing: /home/tamir/autonomous_robot/install/aws_robomaker_small_warehouse_world/share/aws_robomaker_small_warehouse_world/models/aws_robomaker_warehouse_ClutteringC_01/materials/textures/aws_robomaker_warehouse_ClutteringC_01.png
[3.302s] -- Installing: /home/tamir/autonomous_robot/install/aws_robomaker_small_warehouse_world/share/aws_robomaker_small_warehouse_world/models/aws_robomaker_warehouse_ClutteringC_01/materials/textures/aws_robomaker_warehouse_ClutteringC_02.png
[3.303s] -- Installing: /home/tamir/autonomous_robot/install/aws_robomaker_small_warehouse_world/share/aws_robomaker_small_warehouse_world/models/aws_robomaker_warehouse_Lamp_01
[3.303s] -- Installing: /home/tamir/autonomous_robot/install/aws_robomaker_small_warehouse_world/share/aws_robomaker_small_warehouse_world/models/aws_robomaker_warehouse_Lamp_01/model.sdf
[3.303s] -- Installing: /home/tamir/autonomous_robot/install/aws_robomaker_small_warehouse_world/share/aws_robomaker_small_warehouse_world/models/aws_robomaker_warehouse_Lamp_01/meshes
[3.304s] -- Installing: /home/tamir/autonomous_robot/install/aws_robomaker_small_warehouse_world/share/aws_robomaker_small_warehouse_world/models/aws_robomaker_warehouse_Lamp_01/meshes/aws_robomaker_warehouse_Lamp_01_collision.DAE
[3.304s] -- Installing: /home/tamir/autonomous_robot/install/aws_robomaker_small_warehouse_world/share/aws_robomaker_small_warehouse_world/models/aws_robomaker_warehouse_Lamp_01/meshes/aws_robomaker_warehouse_Lamp_01_visual.DAE
[3.304s] -- Installing: /home/tamir/autonomous_robot/install/aws_robomaker_small_warehouse_world/share/aws_robomaker_small_warehouse_world/models/aws_robomaker_warehouse_Lamp_01/model.config
[3.304s] -- Installing: /home/tamir/autonomous_robot/install/aws_robomaker_small_warehouse_world/share/aws_robomaker_small_warehouse_world/models/aws_robomaker_warehouse_Lamp_01/materials
[3.304s] -- Installing: /home/tamir/autonomous_robot/install/aws_robomaker_small_warehouse_world/share/aws_robomaker_small_warehouse_world/models/aws_robomaker_warehouse_Lamp_01/materials/textures
[3.304s] -- Installing: /home/tamir/autonomous_robot/install/aws_robomaker_small_warehouse_world/share/aws_robomaker_small_warehouse_world/models/aws_robomaker_warehouse_Lamp_01/materials/textures/aws_robomaker_warehouse_Lamp_01.png
[3.305s] -- Installing: /home/tamir/autonomous_robot/install/aws_robomaker_small_warehouse_world/share/aws_robomaker_small_warehouse_world/models/aws_robomaker_warehouse_ShelfD_01
[3.305s] -- Installing: /home/tamir/autonomous_robot/install/aws_robomaker_small_warehouse_world/share/aws_robomaker_small_warehouse_world/models/aws_robomaker_warehouse_ShelfD_01/model.sdf
[3.305s] -- Installing: /home/tamir/autonomous_robot/install/aws_robomaker_small_warehouse_world/share/aws_robomaker_small_warehouse_world/models/aws_robomaker_warehouse_ShelfD_01/meshes
[3.305s] -- Installing: /home/tamir/autonomous_robot/install/aws_robomaker_small_warehouse_world/share/aws_robomaker_small_warehouse_world/models/aws_robomaker_warehouse_ShelfD_01/meshes/aws_robomaker_warehouse_ShelfD_01_collision.DAE
[3.305s] -- Installing: /home/tamir/autonomous_robot/install/aws_robomaker_small_warehouse_world/share/aws_robomaker_small_warehouse_world/models/aws_robomaker_warehouse_ShelfD_01/meshes/aws_robomaker_warehouse_ShelfD_01_visual.DAE
[3.305s] -- Installing: /home/tamir/autonomous_robot/install/aws_robomaker_small_warehouse_world/share/aws_robomaker_small_warehouse_world/models/aws_robomaker_warehouse_ShelfD_01/model.config
[3.305s] -- Installing: /home/tamir/autonomous_robot/install/aws_robomaker_small_warehouse_world/share/aws_robomaker_small_warehouse_world/models/aws_robomaker_warehouse_ShelfD_01/materials
[3.306s] -- Installing: /home/tamir/autonomous_robot/install/aws_robomaker_small_warehouse_world/share/aws_robomaker_small_warehouse_world/models/aws_robomaker_warehouse_ShelfD_01/materials/textures
[3.306s] -- Installing: /home/tamir/autonomous_robot/install/aws_robomaker_small_warehouse_world/share/aws_robomaker_small_warehouse_world/models/aws_robomaker_warehouse_ShelfD_01/materials/textures/aws_robomaker_warehouse_ShelfD_03.png
[3.306s] -- Installing: /home/tamir/autonomous_robot/install/aws_robomaker_small_warehouse_world/share/aws_robomaker_small_warehouse_world/models/aws_robomaker_warehouse_ShelfD_01/materials/textures/aws_robomaker_warehouse_ShelfD_04.png
[3.307s] -- Installing: /home/tamir/autonomous_robot/install/aws_robomaker_small_warehouse_world/share/aws_robomaker_small_warehouse_world/models/aws_robomaker_warehouse_ShelfD_01/materials/textures/aws_robomaker_warehouse_ShelfD_01.png
[3.307s] -- Installing: /home/tamir/autonomous_robot/install/aws_robomaker_small_warehouse_world/share/aws_robomaker_small_warehouse_world/models/aws_robomaker_warehouse_ShelfD_01/materials/textures/aws_robomaker_warehouse_ShelfD_02.png
[3.308s] -- Installing: /home/tamir/autonomous_robot/install/aws_robomaker_small_warehouse_world/share/aws_robomaker_small_warehouse_world/models/aws_robomaker_warehouse_ClutteringD_01
[3.308s] -- Installing: /home/tamir/autonomous_robot/install/aws_robomaker_small_warehouse_world/share/aws_robomaker_small_warehouse_world/models/aws_robomaker_warehouse_ClutteringD_01/model.sdf
[3.308s] -- Installing: /home/tamir/autonomous_robot/install/aws_robomaker_small_warehouse_world/share/aws_robomaker_small_warehouse_world/models/aws_robomaker_warehouse_ClutteringD_01/meshes
[3.308s] -- Installing: /home/tamir/autonomous_robot/install/aws_robomaker_small_warehouse_world/share/aws_robomaker_small_warehouse_world/models/aws_robomaker_warehouse_ClutteringD_01/meshes/aws_robomaker_warehouse_ClutteringD_01_collision.DAE
[3.308s] -- Installing: /home/tamir/autonomous_robot/install/aws_robomaker_small_warehouse_world/share/aws_robomaker_small_warehouse_world/models/aws_robomaker_warehouse_ClutteringD_01/meshes/aws_robomaker_warehouse_ClutteringD_01_visual.DAE
[3.309s] -- Installing: /home/tamir/autonomous_robot/install/aws_robomaker_small_warehouse_world/share/aws_robomaker_small_warehouse_world/models/aws_robomaker_warehouse_ClutteringD_01/model.config
[3.309s] -- Installing: /home/tamir/autonomous_robot/install/aws_robomaker_small_warehouse_world/share/aws_robomaker_small_warehouse_world/models/aws_robomaker_warehouse_ClutteringD_01/materials
[3.309s] -- Installing: /home/tamir/autonomous_robot/install/aws_robomaker_small_warehouse_world/share/aws_robomaker_small_warehouse_world/models/aws_robomaker_warehouse_ClutteringD_01/materials/textures
[3.309s] -- Installing: /home/tamir/autonomous_robot/install/aws_robomaker_small_warehouse_world/share/aws_robomaker_small_warehouse_world/models/aws_robomaker_warehouse_ClutteringD_01/materials/textures/aws_robomaker_warehouse_ClutteringD_02.png
[3.316s] -- Installing: /home/tamir/autonomous_robot/install/aws_robomaker_small_warehouse_world/share/aws_robomaker_small_warehouse_world/models/aws_robomaker_warehouse_ClutteringD_01/materials/textures/aws_robomaker_warehouse_ClutteringD_01.png
[3.316s] -- Installing: /home/tamir/autonomous_robot/install/aws_robomaker_small_warehouse_world/share/aws_robomaker_small_warehouse_world/models/.DS_Store
[3.317s] -- Installing: /home/tamir/autonomous_robot/install/aws_robomaker_small_warehouse_world/share/aws_robomaker_small_warehouse_world/models/aws_robomaker_warehouse_ShelfE_01
[3.317s] -- Installing: /home/tamir/autonomous_robot/install/aws_robomaker_small_warehouse_world/share/aws_robomaker_small_warehouse_world/models/aws_robomaker_warehouse_ShelfE_01/model.sdf
[3.317s] -- Installing: /home/tamir/autonomous_robot/install/aws_robomaker_small_warehouse_world/share/aws_robomaker_small_warehouse_world/models/aws_robomaker_warehouse_ShelfE_01/meshes
[3.317s] -- Installing: /home/tamir/autonomous_robot/install/aws_robomaker_small_warehouse_world/share/aws_robomaker_small_warehouse_world/models/aws_robomaker_warehouse_ShelfE_01/meshes/aws_robomaker_warehouse_ShelfE_01_visual.DAE
[3.317s] -- Installing: /home/tamir/autonomous_robot/install/aws_robomaker_small_warehouse_world/share/aws_robomaker_small_warehouse_world/models/aws_robomaker_warehouse_ShelfE_01/meshes/aws_robomaker_warehouse_ShelfE_01_collision.DAE
[3.318s] -- Installing: /home/tamir/autonomous_robot/install/aws_robomaker_small_warehouse_world/share/aws_robomaker_small_warehouse_world/models/aws_robomaker_warehouse_ShelfE_01/model.config
[3.318s] -- Installing: /home/tamir/autonomous_robot/install/aws_robomaker_small_warehouse_world/share/aws_robomaker_small_warehouse_world/models/aws_robomaker_warehouse_ShelfE_01/.DS_Store
[3.318s] -- Installing: /home/tamir/autonomous_robot/install/aws_robomaker_small_warehouse_world/share/aws_robomaker_small_warehouse_world/models/aws_robomaker_warehouse_ShelfE_01/materials
[3.318s] -- Installing: /home/tamir/autonomous_robot/install/aws_robomaker_small_warehouse_world/share/aws_robomaker_small_warehouse_world/models/aws_robomaker_warehouse_ShelfE_01/materials/.DS_Store
[3.318s] -- Installing: /home/tamir/autonomous_robot/install/aws_robomaker_small_warehouse_world/share/aws_robomaker_small_warehouse_world/models/aws_robomaker_warehouse_ShelfE_01/materials/textures
[3.318s] -- Installing: /home/tamir/autonomous_robot/install/aws_robomaker_small_warehouse_world/share/aws_robomaker_small_warehouse_world/models/aws_robomaker_warehouse_ShelfE_01/materials/textures/aws_robomaker_warehouse_ShelfE_03.png
[3.319s] -- Installing: /home/tamir/autonomous_robot/install/aws_robomaker_small_warehouse_world/share/aws_robomaker_small_warehouse_world/models/aws_robomaker_warehouse_ShelfE_01/materials/textures/aws_robomaker_warehouse_ShelfE_04.png
[3.320s] -- Installing: /home/tamir/autonomous_robot/install/aws_robomaker_small_warehouse_world/share/aws_robomaker_small_warehouse_world/models/aws_robomaker_warehouse_ShelfE_01/materials/textures/aws_robomaker_warehouse_ShelfE_02.png
[3.321s] -- Installing: /home/tamir/autonomous_robot/install/aws_robomaker_small_warehouse_world/share/aws_robomaker_small_warehouse_world/models/aws_robomaker_warehouse_ShelfE_01/materials/textures/aws_robomaker_warehouse_ShelfE_01.png
[3.321s] -- Installing: /home/tamir/autonomous_robot/install/aws_robomaker_small_warehouse_world/share/aws_robomaker_small_warehouse_world/models/aws_robomaker_warehouse_GroundB_01
[3.322s] -- Installing: /home/tamir/autonomous_robot/install/aws_robomaker_small_warehouse_world/share/aws_robomaker_small_warehouse_world/models/aws_robomaker_warehouse_GroundB_01/model.sdf
[3.322s] -- Installing: /home/tamir/autonomous_robot/install/aws_robomaker_small_warehouse_world/share/aws_robomaker_small_warehouse_world/models/aws_robomaker_warehouse_GroundB_01/meshes
[3.322s] -- Installing: /home/tamir/autonomous_robot/install/aws_robomaker_small_warehouse_world/share/aws_robomaker_small_warehouse_world/models/aws_robomaker_warehouse_GroundB_01/meshes/aws_robomaker_warehouse_GroundB_01_visual.DAE
[3.322s] -- Installing: /home/tamir/autonomous_robot/install/aws_robomaker_small_warehouse_world/share/aws_robomaker_small_warehouse_world/models/aws_robomaker_warehouse_GroundB_01/meshes/aws_robomaker_warehouse_GroundB_01_collision.DAE
[3.322s] -- Installing: /home/tamir/autonomous_robot/install/aws_robomaker_small_warehouse_world/share/aws_robomaker_small_warehouse_world/models/aws_robomaker_warehouse_GroundB_01/model.config
[3.322s] -- Installing: /home/tamir/autonomous_robot/install/aws_robomaker_small_warehouse_world/share/aws_robomaker_small_warehouse_world/models/aws_robomaker_warehouse_GroundB_01/materials
[3.323s] -- Installing: /home/tamir/autonomous_robot/install/aws_robomaker_small_warehouse_world/share/aws_robomaker_small_warehouse_world/models/aws_robomaker_warehouse_GroundB_01/materials/textures
[3.323s] -- Installing: /home/tamir/autonomous_robot/install/aws_robomaker_small_warehouse_world/share/aws_robomaker_small_warehouse_world/models/aws_robomaker_warehouse_GroundB_01/materials/textures/aws_robomaker_warehouse_GroundB_01.png
[3.326s] -- Installing: /home/tamir/autonomous_robot/install/aws_robomaker_small_warehouse_world/share/aws_robomaker_small_warehouse_world/models/aws_robomaker_warehouse_GroundB_01/materials/textures/aws_robomaker_warehouse_GroundB_02.png
[3.326s] -- Installing: /home/tamir/autonomous_robot/install/aws_robomaker_small_warehouse_world/share/aws_robomaker_small_warehouse_world/models/aws_robomaker_warehouse_RoofB_01
[3.326s] -- Installing: /home/tamir/autonomous_robot/install/aws_robomaker_small_warehouse_world/share/aws_robomaker_small_warehouse_world/models/aws_robomaker_warehouse_RoofB_01/model.sdf
[3.326s] -- Installing: /home/tamir/autonomous_robot/install/aws_robomaker_small_warehouse_world/share/aws_robomaker_small_warehouse_world/models/aws_robomaker_warehouse_RoofB_01/meshes
[3.326s] -- Installing: /home/tamir/autonomous_robot/install/aws_robomaker_small_warehouse_world/share/aws_robomaker_small_warehouse_world/models/aws_robomaker_warehouse_RoofB_01/meshes/aws_robomaker_warehouse_RoofB_01_collision.DAE
[3.327s] -- Installing: /home/tamir/autonomous_robot/install/aws_robomaker_small_warehouse_world/share/aws_robomaker_small_warehouse_world/models/aws_robomaker_warehouse_RoofB_01/meshes/aws_robomaker_warehouse_RoofB_01_visual.DAE
[3.332s] -- Installing: /home/tamir/autonomous_robot/install/aws_robomaker_small_warehouse_world/share/aws_robomaker_small_warehouse_world/models/aws_robomaker_warehouse_RoofB_01/model.config
[3.333s] -- Installing: /home/tamir/autonomous_robot/install/aws_robomaker_small_warehouse_world/share/aws_robomaker_small_warehouse_world/models/aws_robomaker_warehouse_RoofB_01/materials
[3.334s] -- Installing: /home/tamir/autonomous_robot/install/aws_robomaker_small_warehouse_world/share/aws_robomaker_small_warehouse_world/models/aws_robomaker_warehouse_RoofB_01/materials/textures
[3.335s] -- Installing: /home/tamir/autonomous_robot/install/aws_robomaker_small_warehouse_world/share/aws_robomaker_small_warehouse_world/models/aws_robomaker_warehouse_RoofB_01/materials/textures/aws_robomaker_warehouse_RoofB_01.png
[3.339s] -- Installing: /home/tamir/autonomous_robot/install/aws_robomaker_small_warehouse_world/share/aws_robomaker_small_warehouse_world/models/aws_robomaker_warehouse_ClutteringA_01
[3.341s] -- Installing: /home/tamir/autonomous_robot/install/aws_robomaker_small_warehouse_world/share/aws_robomaker_small_warehouse_world/models/aws_robomaker_warehouse_ClutteringA_01/model.sdf
[3.341s] -- Installing: /home/tamir/autonomous_robot/install/aws_robomaker_small_warehouse_world/share/aws_robomaker_small_warehouse_world/models/aws_robomaker_warehouse_ClutteringA_01/meshes
[3.342s] -- Installing: /home/tamir/autonomous_robot/install/aws_robomaker_small_warehouse_world/share/aws_robomaker_small_warehouse_world/models/aws_robomaker_warehouse_ClutteringA_01/meshes/aws_robomaker_warehouse_ClutteringA_01_collision.DAE
[3.343s] -- Installing: /home/tamir/autonomous_robot/install/aws_robomaker_small_warehouse_world/share/aws_robomaker_small_warehouse_world/models/aws_robomaker_warehouse_ClutteringA_01/meshes/aws_robomaker_warehouse_ClutteringA_01_visual.DAE
[3.345s] -- Installing: /home/tamir/autonomous_robot/install/aws_robomaker_small_warehouse_world/share/aws_robomaker_small_warehouse_world/models/aws_robomaker_warehouse_ClutteringA_01/model.config
[3.346s] -- Installing: /home/tamir/autonomous_robot/install/aws_robomaker_small_warehouse_world/share/aws_robomaker_small_warehouse_world/models/aws_robomaker_warehouse_ClutteringA_01/.DS_Store
[3.347s] -- Installing: /home/tamir/autonomous_robot/install/aws_robomaker_small_warehouse_world/share/aws_robomaker_small_warehouse_world/models/aws_robomaker_warehouse_ClutteringA_01/materials
[3.348s] -- Installing: /home/tamir/autonomous_robot/install/aws_robomaker_small_warehouse_world/share/aws_robomaker_small_warehouse_world/models/aws_robomaker_warehouse_ClutteringA_01/materials/.DS_Store
[3.348s] -- Installing: /home/tamir/autonomous_robot/install/aws_robomaker_small_warehouse_world/share/aws_robomaker_small_warehouse_world/models/aws_robomaker_warehouse_ClutteringA_01/materials/textures
[3.349s] -- Installing: /home/tamir/autonomous_robot/install/aws_robomaker_small_warehouse_world/share/aws_robomaker_small_warehouse_world/models/aws_robomaker_warehouse_ClutteringA_01/materials/textures/aws_robomaker_warehouse_ClutteringA_02.png
[3.350s] -- Installing: /home/tamir/autonomous_robot/install/aws_robomaker_small_warehouse_world/share/aws_robomaker_small_warehouse_world/models/aws_robomaker_warehouse_ClutteringA_01/materials/textures/aws_robomaker_warehouse_ClutteringA_03.png
[3.356s] -- Installing: /home/tamir/autonomous_robot/install/aws_robomaker_small_warehouse_world/share/aws_robomaker_small_warehouse_world/models/aws_robomaker_warehouse_ClutteringA_01/materials/textures/.DS_Store
[3.357s] -- Installing: /home/tamir/autonomous_robot/install/aws_robomaker_small_warehouse_world/share/aws_robomaker_small_warehouse_world/models/aws_robomaker_warehouse_ClutteringA_01/materials/textures/aws_robomaker_warehouse_ClutteringA_01.png
[3.361s] -- Installing: /home/tamir/autonomous_robot/install/aws_robomaker_small_warehouse_world/share/aws_robomaker_small_warehouse_world/models/aws_robomaker_warehouse_ShelfF_01
[3.362s] -- Installing: /home/tamir/autonomous_robot/install/aws_robomaker_small_warehouse_world/share/aws_robomaker_small_warehouse_world/models/aws_robomaker_warehouse_ShelfF_01/model.sdf
[3.363s] -- Installing: /home/tamir/autonomous_robot/install/aws_robomaker_small_warehouse_world/share/aws_robomaker_small_warehouse_world/models/aws_robomaker_warehouse_ShelfF_01/meshes
[3.364s] -- Installing: /home/tamir/autonomous_robot/install/aws_robomaker_small_warehouse_world/share/aws_robomaker_small_warehouse_world/models/aws_robomaker_warehouse_ShelfF_01/meshes/aws_robomaker_warehouse_ShelfF_01_collision.DAE
[3.364s] -- Installing: /home/tamir/autonomous_robot/install/aws_robomaker_small_warehouse_world/share/aws_robomaker_small_warehouse_world/models/aws_robomaker_warehouse_ShelfF_01/meshes/aws_robomaker_warehouse_ShelfF_01_visual.DAE
[3.371s] -- Installing: /home/tamir/autonomous_robot/install/aws_robomaker_small_warehouse_world/share/aws_robomaker_small_warehouse_world/models/aws_robomaker_warehouse_ShelfF_01/model.config
[3.375s] -- Installing: /home/tamir/autonomous_robot/install/aws_robomaker_small_warehouse_world/share/aws_robomaker_small_warehouse_world/models/aws_robomaker_warehouse_ShelfF_01/materials
[3.376s] -- Installing: /home/tamir/autonomous_robot/install/aws_robomaker_small_warehouse_world/share/aws_robomaker_small_warehouse_world/models/aws_robomaker_warehouse_ShelfF_01/materials/textures
[3.378s] -- Installing: /home/tamir/autonomous_robot/install/aws_robomaker_small_warehouse_world/share/aws_robomaker_small_warehouse_world/models/aws_robomaker_warehouse_ShelfF_01/materials/textures/aws_robomaker_warehouse_ShelfF_01.png
[3.379s] -- Installing: /home/tamir/autonomous_robot/install/aws_robomaker_small_warehouse_world/share/aws_robomaker_small_warehouse_world/models/aws_robomaker_warehouse_ShelfF_01/materials/textures/aws_robomaker_warehouse_ShelfF_03.png
[3.382s] -- Installing: /home/tamir/autonomous_robot/install/aws_robomaker_small_warehouse_world/share/aws_robomaker_small_warehouse_world/models/aws_robomaker_warehouse_ShelfF_01/materials/textures/aws_robomaker_warehouse_ShelfF_02.png
[3.385s] -- Installing: /home/tamir/autonomous_robot/install/aws_robomaker_small_warehouse_world/share/aws_robomaker_small_warehouse_world/models/aws_robomaker_warehouse_TrashCanC_01
[3.386s] -- Installing: /home/tamir/autonomous_robot/install/aws_robomaker_small_warehouse_world/share/aws_robomaker_small_warehouse_world/models/aws_robomaker_warehouse_TrashCanC_01/model.sdf
[3.387s] -- Installing: /home/tamir/autonomous_robot/install/aws_robomaker_small_warehouse_world/share/aws_robomaker_small_warehouse_world/models/aws_robomaker_warehouse_TrashCanC_01/meshes
[3.388s] -- Installing: /home/tamir/autonomous_robot/install/aws_robomaker_small_warehouse_world/share/aws_robomaker_small_warehouse_world/models/aws_robomaker_warehouse_TrashCanC_01/meshes/aws_robomaker_warehouse_TrashCanC_01_visual.DAE
[3.391s] -- Installing: /home/tamir/autonomous_robot/install/aws_robomaker_small_warehouse_world/share/aws_robomaker_small_warehouse_world/models/aws_robomaker_warehouse_TrashCanC_01/meshes/aws_robomaker_warehouse_TrashCanC_01_collision.DAE
[3.395s] -- Installing: /home/tamir/autonomous_robot/install/aws_robomaker_small_warehouse_world/share/aws_robomaker_small_warehouse_world/models/aws_robomaker_warehouse_TrashCanC_01/model.config
[3.396s] -- Installing: /home/tamir/autonomous_robot/install/aws_robomaker_small_warehouse_world/share/aws_robomaker_small_warehouse_world/models/aws_robomaker_warehouse_TrashCanC_01/materials
[3.397s] -- Installing: /home/tamir/autonomous_robot/install/aws_robomaker_small_warehouse_world/share/aws_robomaker_small_warehouse_world/models/aws_robomaker_warehouse_TrashCanC_01/materials/textures
[3.398s] -- Installing: /home/tamir/autonomous_robot/install/aws_robomaker_small_warehouse_world/share/aws_robomaker_small_warehouse_world/models/aws_robomaker_warehouse_TrashCanC_01/materials/textures/aws_robomaker_warehouse_TrashCanC_01.png
[3.400s] -- Installing: /home/tamir/autonomous_robot/install/aws_robomaker_small_warehouse_world/share/aws_robomaker_small_warehouse_world/models/aws_robomaker_warehouse_WallB_01
[3.401s] -- Installing: /home/tamir/autonomous_robot/install/aws_robomaker_small_warehouse_world/share/aws_robomaker_small_warehouse_world/models/aws_robomaker_warehouse_WallB_01/model.sdf
[3.403s] -- Installing: /home/tamir/autonomous_robot/install/aws_robomaker_small_warehouse_world/share/aws_robomaker_small_warehouse_world/models/aws_robomaker_warehouse_WallB_01/meshes
[3.404s] -- Installing: /home/tamir/autonomous_robot/install/aws_robomaker_small_warehouse_world/share/aws_robomaker_small_warehouse_world/models/aws_robomaker_warehouse_WallB_01/meshes/aws_robomaker_warehouse_WallB_01_collision.DAE
[3.406s] -- Installing: /home/tamir/autonomous_robot/install/aws_robomaker_small_warehouse_world/share/aws_robomaker_small_warehouse_world/models/aws_robomaker_warehouse_WallB_01/meshes/aws_robomaker_warehouse_WallB_01_visual.DAE
[3.406s] -- Installing: /home/tamir/autonomous_robot/install/aws_robomaker_small_warehouse_world/share/aws_robomaker_small_warehouse_world/models/aws_robomaker_warehouse_WallB_01/model.config
[3.408s] -- Installing: /home/tamir/autonomous_robot/install/aws_robomaker_small_warehouse_world/share/aws_robomaker_small_warehouse_world/models/aws_robomaker_warehouse_WallB_01/materials
[3.409s] -- Installing: /home/tamir/autonomous_robot/install/aws_robomaker_small_warehouse_world/share/aws_robomaker_small_warehouse_world/models/aws_robomaker_warehouse_WallB_01/materials/textures
[3.409s] -- Installing: /home/tamir/autonomous_robot/install/aws_robomaker_small_warehouse_world/share/aws_robomaker_small_warehouse_world/models/aws_robomaker_warehouse_WallB_01/materials/textures/aws_robomaker_warehouse_WallB_01.png
[3.412s] -- Installing: /home/tamir/autonomous_robot/install/aws_robomaker_small_warehouse_world/share/aws_robomaker_small_warehouse_world/models/aws_robomaker_warehouse_DeskC_01
[3.413s] -- Installing: /home/tamir/autonomous_robot/install/aws_robomaker_small_warehouse_world/share/aws_robomaker_small_warehouse_world/models/aws_robomaker_warehouse_DeskC_01/model.sdf
[3.415s] -- Installing: /home/tamir/autonomous_robot/install/aws_robomaker_small_warehouse_world/share/aws_robomaker_small_warehouse_world/models/aws_robomaker_warehouse_DeskC_01/meshes
[3.416s] -- Installing: /home/tamir/autonomous_robot/install/aws_robomaker_small_warehouse_world/share/aws_robomaker_small_warehouse_world/models/aws_robomaker_warehouse_DeskC_01/meshes/aws_robomaker_warehouse_DeskC_01_visual.DAE
[3.422s] -- Installing: /home/tamir/autonomous_robot/install/aws_robomaker_small_warehouse_world/share/aws_robomaker_small_warehouse_world/models/aws_robomaker_warehouse_DeskC_01/meshes/aws_robomaker_warehouse_DeskC_01_collision.DAE
[3.422s] -- Installing: /home/tamir/autonomous_robot/install/aws_robomaker_small_warehouse_world/share/aws_robomaker_small_warehouse_world/models/aws_robomaker_warehouse_DeskC_01/model.config
[3.423s] -- Installing: /home/tamir/autonomous_robot/install/aws_robomaker_small_warehouse_world/share/aws_robomaker_small_warehouse_world/models/aws_robomaker_warehouse_DeskC_01/materials
[3.429s] -- Installing: /home/tamir/autonomous_robot/install/aws_robomaker_small_warehouse_world/share/aws_robomaker_small_warehouse_world/models/aws_robomaker_warehouse_DeskC_01/materials/.DS_Store
[3.429s] -- Installing: /home/tamir/autonomous_robot/install/aws_robomaker_small_warehouse_world/share/aws_robomaker_small_warehouse_world/models/aws_robomaker_warehouse_DeskC_01/materials/textures
[3.430s] -- Installing: /home/tamir/autonomous_robot/install/aws_robomaker_small_warehouse_world/share/aws_robomaker_small_warehouse_world/models/aws_robomaker_warehouse_DeskC_01/materials/textures/aws_robomaker_warehouse_DeskC_03.psd
[3.439s] -- Installing: /home/tamir/autonomous_robot/install/aws_robomaker_small_warehouse_world/share/aws_robomaker_small_warehouse_world/models/aws_robomaker_warehouse_DeskC_01/materials/textures/aws_robomaker_warehouse_DeskC_02.png
[3.440s] -- Installing: /home/tamir/autonomous_robot/install/aws_robomaker_small_warehouse_world/share/aws_robomaker_small_warehouse_world/models/aws_robomaker_warehouse_DeskC_01/materials/textures/aws_robomaker_warehouse_DeskC_03.png
[3.441s] -- Installing: /home/tamir/autonomous_robot/install/aws_robomaker_small_warehouse_world/share/aws_robomaker_small_warehouse_world/models/aws_robomaker_warehouse_DeskC_01/materials/textures/aws_robomaker_warehouse_DeskC_04.png
[3.441s] -- Installing: /home/tamir/autonomous_robot/install/aws_robomaker_small_warehouse_world/share/aws_robomaker_small_warehouse_world/models/aws_robomaker_warehouse_DeskC_01/materials/textures/aws_robomaker_warehouse_DeskC_01.png
[3.443s] -- Installing: /home/tamir/autonomous_robot/install/aws_robomaker_small_warehouse_world/share/aws_robomaker_small_warehouse_world/worlds
[3.443s] -- Installing: /home/tamir/autonomous_robot/install/aws_robomaker_small_warehouse_world/share/aws_robomaker_small_warehouse_world/worlds/no_roof_small_warehouse
[3.443s] -- Installing: /home/tamir/autonomous_robot/install/aws_robomaker_small_warehouse_world/share/aws_robomaker_small_warehouse_world/worlds/no_roof_small_warehouse/no_roof_small_warehouse.world
[3.444s] -- Installing: /home/tamir/autonomous_robot/install/aws_robomaker_small_warehouse_world/share/aws_robomaker_small_warehouse_world/worlds/small_warehouse
[3.444s] -- Installing: /home/tamir/autonomous_robot/install/aws_robomaker_small_warehouse_world/share/aws_robomaker_small_warehouse_world/worlds/small_warehouse/small_warehouse.world
[3.445s] -- Installing: /home/tamir/autonomous_robot/install/aws_robomaker_small_warehouse_world/share/aws_robomaker_small_warehouse_world/maps
[3.445s] -- Installing: /home/tamir/autonomous_robot/install/aws_robomaker_small_warehouse_world/share/aws_robomaker_small_warehouse_world/maps/005
[3.445s] -- Installing: /home/tamir/autonomous_robot/install/aws_robomaker_small_warehouse_world/share/aws_robomaker_small_warehouse_world/maps/005/map_rotated.png
[3.445s] -- Installing: /home/tamir/autonomous_robot/install/aws_robomaker_small_warehouse_world/share/aws_robomaker_small_warehouse_world/maps/005/map.pgm
[3.446s] -- Installing: /home/tamir/autonomous_robot/install/aws_robomaker_small_warehouse_world/share/aws_robomaker_small_warehouse_world/maps/005/map_rotated.pgm
[3.447s] -- Installing: /home/tamir/autonomous_robot/install/aws_robomaker_small_warehouse_world/share/aws_robomaker_small_warehouse_world/maps/005/map.yaml
[3.448s] -- Installing: /home/tamir/autonomous_robot/install/aws_robomaker_small_warehouse_world/share/aws_robomaker_small_warehouse_world/maps/.DS_Store
[3.448s] -- Installing: /home/tamir/autonomous_robot/install/aws_robomaker_small_warehouse_world/share/aws_robomaker_small_warehouse_world/maps/002
[3.448s] -- Installing: /home/tamir/autonomous_robot/install/aws_robomaker_small_warehouse_world/share/aws_robomaker_small_warehouse_world/maps/002/map.pgm
[3.450s] -- Installing: /home/tamir/autonomous_robot/install/aws_robomaker_small_warehouse_world/share/aws_robomaker_small_warehouse_world/maps/002/map.yaml
[3.450s] -- Installing: /home/tamir/autonomous_robot/install/aws_robomaker_small_warehouse_world/share/aws_robomaker_small_warehouse_world/rviz
[3.451s] -- Installing: /home/tamir/autonomous_robot/install/aws_robomaker_small_warehouse_world/share/aws_robomaker_small_warehouse_world/rviz/basic_data.rviz
[3.451s] -- Installing: /home/tamir/autonomous_robot/install/aws_robomaker_small_warehouse_world/share/aws_robomaker_small_warehouse_world/environment/aws_robomaker_small_warehouse_world.dsv
[3.451s] -- Installing: /home/tamir/autonomous_robot/install/aws_robomaker_small_warehouse_world/share/ament_index/resource_index/package_run_dependencies/aws_robomaker_small_warehouse_world
[3.451s] -- Installing: /home/tamir/autonomous_robot/install/aws_robomaker_small_warehouse_world/share/ament_index/resource_index/parent_prefix_path/aws_robomaker_small_warehouse_world
[3.451s] -- Installing: /home/tamir/autonomous_robot/install/aws_robomaker_small_warehouse_world/share/aws_robomaker_small_warehouse_world/environment/ament_prefix_path.sh
[3.451s] -- Installing: /home/tamir/autonomous_robot/install/aws_robomaker_small_warehouse_world/share/aws_robomaker_small_warehouse_world/environment/ament_prefix_path.dsv
[3.451s] -- Installing: /home/tamir/autonomous_robot/install/aws_robomaker_small_warehouse_world/share/aws_robomaker_small_warehouse_world/environment/path.sh
[3.452s] -- Installing: /home/tamir/autonomous_robot/install/aws_robomaker_small_warehouse_world/share/aws_robomaker_small_warehouse_world/environment/path.dsv
[3.452s] -- Installing: /home/tamir/autonomous_robot/install/aws_robomaker_small_warehouse_world/share/aws_robomaker_small_warehouse_world/local_setup.bash
[3.452s] -- Installing: /home/tamir/autonomous_robot/install/aws_robomaker_small_warehouse_world/share/aws_robomaker_small_warehouse_world/local_setup.sh
[3.452s] -- Installing: /home/tamir/autonomous_robot/install/aws_robomaker_small_warehouse_world/share/aws_robomaker_small_warehouse_world/local_setup.zsh
[3.452s] -- Installing: /home/tamir/autonomous_robot/install/aws_robomaker_small_warehouse_world/share/aws_robomaker_small_warehouse_world/local_setup.dsv
[3.452s] -- Installing: /home/tamir/autonomous_robot/install/aws_robomaker_small_warehouse_world/share/aws_robomaker_small_warehouse_world/package.dsv
[3.452s] -- Installing: /home/tamir/autonomous_robot/install/aws_robomaker_small_warehouse_world/share/ament_index/resource_index/packages/aws_robomaker_small_warehouse_world
[3.452s] -- Installing: /home/tamir/autonomous_robot/install/aws_robomaker_small_warehouse_world/share/aws_robomaker_small_warehouse_world/cmake/ament_cmake_export_dependencies-extras.cmake
[3.453s] -- Installing: /home/tamir/autonomous_robot/install/aws_robomaker_small_warehouse_world/share/aws_robomaker_small_warehouse_world/cmake/aws_robomaker_small_warehouse_worldConfig.cmake
[3.453s] -- Installing: /home/tamir/autonomous_robot/install/aws_robomaker_small_warehouse_world/share/aws_robomaker_small_warehouse_world/cmake/aws_robomaker_small_warehouse_worldConfig-version.cmake
[3.453s] -- Installing: /home/tamir/autonomous_robot/install/aws_robomaker_small_warehouse_world/share/aws_robomaker_small_warehouse_world/package.xml
[3.455s] Invoked command in '/home/tamir/autonomous_robot/build/aws_robomaker_small_warehouse_world' returned '0': CMAKE_PREFIX_PATH=${CMAKE_PREFIX_PATH}:/home/tamir/autonomous_robot/install/calc_odom:/home/tamir/autonomous_robot/install/control_hardware:/home/tamir/autonomous_robot/autonomous_robot_control/install/control_hardware:/home/tamir/autonomous_robot/autonomous_robot_control/install/calc_odom:/home/tamir/ros2_ws/install/turtle_spawner:/home/tamir/ros2_ws/install/turtle_controller:/home/tamir/ros2_ws/install/my_py_pkg:/opt/ros/humble /usr/bin/cmake --install /home/tamir/autonomous_robot/build/aws_robomaker_small_warehouse_world
