running egg_info
writing ../../../build/control_hardware/control_hardware.egg-info/PKG-INFO
writing dependency_links to ../../../build/control_hardware/control_hardware.egg-info/dependency_links.txt
writing entry points to ../../../build/control_hardware/control_hardware.egg-info/entry_points.txt
writing requirements to ../../../build/control_hardware/control_hardware.egg-info/requires.txt
writing top-level names to ../../../build/control_hardware/control_hardware.egg-info/top_level.txt
reading manifest file '../../../build/control_hardware/control_hardware.egg-info/SOURCES.txt'
writing manifest file '../../../build/control_hardware/control_hardware.egg-info/SOURCES.txt'
running build
running build_py
running install
running install_lib
running install_data
running install_egg_info
removing '/home/tamir/autonomous_robot/install/control_hardware/lib/python3.10/site-packages/control_hardware-0.0.0-py3.10.egg-info' (and everything under it)
Copying ../../../build/control_hardware/control_hardware.egg-info to /home/tamir/autonomous_robot/install/control_hardware/lib/python3.10/site-packages/control_hardware-0.0.0-py3.10.egg-info
running install_scripts
Installing cmd2pwm script to /home/tamir/autonomous_robot/install/control_hardware/lib/control_hardware
Installing mux script to /home/tamir/autonomous_robot/install/control_hardware/lib/control_hardware
Installing pwm2GPIO script to /home/tamir/autonomous_robot/install/control_hardware/lib/control_hardware
writing list of installed files to '/home/tamir/autonomous_robot/build/control_hardware/install.log'
