[0.011s] Invoking command in '/home/tamir/autonomous_robot/build/autonomous_robot_control': CMAKE_PREFIX_PATH=/home/tamir/autonomous_robot/install/robot_common_interfaces:/home/tamir/autonomous_robot/install/sensors_package:/home/tamir/autonomous_robot/install/autonomous_robot_control:/home/tamir/autonomous_robot/install/aws_robomaker_small_warehouse_world:/home/tamir/autonomous_robot/install/autonomous_robot_description:/home/tamir/ros2_ws/install/my_turtle_interfaces:/home/tamir/ros2_ws/install/my_robot_interfaces:/home/tamir/ros2_ws/install/my_robot_bringup:/home/tamir/ros2_ws/install/my_robot_description:/home/tamir/ros2_ws/install/my_cpp_pkg:/home/tamir/turtlebot3_ws/install/turtlebot3_simulations:/home/tamir/turtlebot3_ws/install/turtlebot3_gazebo:/home/tamir/turtlebot3_ws/install/turtlebot3_fake_node:/home/tamir/install/my_robot_description:/home/tamir/install/autonomous_robot_description:/home/tamir/ros2_ws/install/turtle_spawner:/home/tamir/ros2_ws/install/turtle_controller:/home/tamir/ros2_ws/install/my_py_pkg:/home/tamir/install/calc_odom:/opt/ros/humble LD_LIBRARY_PATH=/home/tamir/autonomous_robot/install/robot_common_interfaces/lib:/home/tamir/ros2_ws/install/my_turtle_interfaces/lib:/home/tamir/ros2_ws/install/my_robot_interfaces/lib:/opt/ros/humble/opt/rviz_ogre_vendor/lib:/opt/ros/humble/lib/x86_64-linux-gnu:/opt/ros/humble/lib:/usr/lib/x86_64-linux-gnu/gazebo-11/plugins /usr/bin/cmake /home/tamir/autonomous_robot/autonomous_robot_control -DCMAKE_INSTALL_PREFIX=/home/tamir/autonomous_robot/install/autonomous_robot_control
[0.076s] -- The C compiler identification is GNU 11.4.0
[0.136s] -- The CXX compiler identification is GNU 11.4.0
[0.141s] -- Detecting C compiler ABI info
[0.214s] -- Detecting C compiler ABI info - done
[0.220s] -- Check for working C compiler: /usr/bin/cc - skipped
[0.220s] -- Detecting C compile features
[0.221s] -- Detecting C compile features - done
[0.224s] -- Detecting CXX compiler ABI info
[0.312s] -- Detecting CXX compiler ABI info - done
[0.317s] -- Check for working CXX compiler: /usr/bin/c++ - skipped
[0.317s] -- Detecting CXX compile features
[0.317s] -- Detecting CXX compile features - done
[0.319s] -- Found ament_cmake: 1.3.10 (/opt/ros/humble/share/ament_cmake/cmake)
[0.463s] -- Found Python3: /usr/bin/python3 (found version "3.10.12") found components: Interpreter 
[0.542s] -- Found rclpy: 3.3.14 (/opt/ros/humble/share/rclpy/cmake)
[0.543s] -- Found rclcpp: 16.0.10 (/opt/ros/humble/share/rclcpp/cmake)
[0.577s] -- Found rosidl_generator_c: 3.1.5 (/opt/ros/humble/share/rosidl_generator_c/cmake)
[0.581s] -- Found rosidl_adapter: 3.1.5 (/opt/ros/humble/share/rosidl_adapter/cmake)
[0.587s] -- Found rosidl_generator_cpp: 3.1.5 (/opt/ros/humble/share/rosidl_generator_cpp/cmake)
[0.597s] -- Using all available rosidl_typesupport_c: rosidl_typesupport_fastrtps_c;rosidl_typesupport_introspection_c
[0.610s] -- Using all available rosidl_typesupport_cpp: rosidl_typesupport_fastrtps_cpp;rosidl_typesupport_introspection_cpp
[0.644s] -- Found rmw_implementation_cmake: 6.1.2 (/opt/ros/humble/share/rmw_implementation_cmake/cmake)
[0.647s] -- Found rmw_cyclonedds_cpp: 1.3.4 (/opt/ros/humble/share/rmw_cyclonedds_cpp/cmake)
[0.665s] -- Using RMW implementation 'rmw_cyclonedds_cpp' as default
[0.672s] -- Looking for pthread.h
[0.741s] -- Looking for pthread.h - found
[0.741s] -- Performing Test CMAKE_HAVE_LIBC_PTHREAD
[0.813s] -- Performing Test CMAKE_HAVE_LIBC_PTHREAD - Success
[0.814s] -- Found Threads: TRUE  
[0.857s] -- Found sensor_msgs: 4.2.4 (/opt/ros/humble/share/sensor_msgs/cmake)
[0.877s] -- Found robot_common_interfaces: 0.0.0 (/home/tamir/autonomous_robot/install/robot_common_interfaces/share/robot_common_interfaces/cmake)
[0.935s] -- Configuring done
[0.945s] -- Generating done
[0.946s] -- Build files have been written to: /home/tamir/autonomous_robot/build/autonomous_robot_control
[0.952s] Invoked command in '/home/tamir/autonomous_robot/build/autonomous_robot_control' returned '0': CMAKE_PREFIX_PATH=/home/tamir/autonomous_robot/install/robot_common_interfaces:/home/tamir/autonomous_robot/install/sensors_package:/home/tamir/autonomous_robot/install/autonomous_robot_control:/home/tamir/autonomous_robot/install/aws_robomaker_small_warehouse_world:/home/tamir/autonomous_robot/install/autonomous_robot_description:/home/tamir/ros2_ws/install/my_turtle_interfaces:/home/tamir/ros2_ws/install/my_robot_interfaces:/home/tamir/ros2_ws/install/my_robot_bringup:/home/tamir/ros2_ws/install/my_robot_description:/home/tamir/ros2_ws/install/my_cpp_pkg:/home/tamir/turtlebot3_ws/install/turtlebot3_simulations:/home/tamir/turtlebot3_ws/install/turtlebot3_gazebo:/home/tamir/turtlebot3_ws/install/turtlebot3_fake_node:/home/tamir/install/my_robot_description:/home/tamir/install/autonomous_robot_description:/home/tamir/ros2_ws/install/turtle_spawner:/home/tamir/ros2_ws/install/turtle_controller:/home/tamir/ros2_ws/install/my_py_pkg:/home/tamir/install/calc_odom:/opt/ros/humble LD_LIBRARY_PATH=/home/tamir/autonomous_robot/install/robot_common_interfaces/lib:/home/tamir/ros2_ws/install/my_turtle_interfaces/lib:/home/tamir/ros2_ws/install/my_robot_interfaces/lib:/opt/ros/humble/opt/rviz_ogre_vendor/lib:/opt/ros/humble/lib/x86_64-linux-gnu:/opt/ros/humble/lib:/usr/lib/x86_64-linux-gnu/gazebo-11/plugins /usr/bin/cmake /home/tamir/autonomous_robot/autonomous_robot_control -DCMAKE_INSTALL_PREFIX=/home/tamir/autonomous_robot/install/autonomous_robot_control
[0.953s] Invoking command in '/home/tamir/autonomous_robot/build/autonomous_robot_control': CMAKE_PREFIX_PATH=/home/tamir/autonomous_robot/install/robot_common_interfaces:/home/tamir/autonomous_robot/install/sensors_package:/home/tamir/autonomous_robot/install/autonomous_robot_control:/home/tamir/autonomous_robot/install/aws_robomaker_small_warehouse_world:/home/tamir/autonomous_robot/install/autonomous_robot_description:/home/tamir/ros2_ws/install/my_turtle_interfaces:/home/tamir/ros2_ws/install/my_robot_interfaces:/home/tamir/ros2_ws/install/my_robot_bringup:/home/tamir/ros2_ws/install/my_robot_description:/home/tamir/ros2_ws/install/my_cpp_pkg:/home/tamir/turtlebot3_ws/install/turtlebot3_simulations:/home/tamir/turtlebot3_ws/install/turtlebot3_gazebo:/home/tamir/turtlebot3_ws/install/turtlebot3_fake_node:/home/tamir/install/my_robot_description:/home/tamir/install/autonomous_robot_description:/home/tamir/ros2_ws/install/turtle_spawner:/home/tamir/ros2_ws/install/turtle_controller:/home/tamir/ros2_ws/install/my_py_pkg:/home/tamir/install/calc_odom:/opt/ros/humble LD_LIBRARY_PATH=/home/tamir/autonomous_robot/install/robot_common_interfaces/lib:/home/tamir/ros2_ws/install/my_turtle_interfaces/lib:/home/tamir/ros2_ws/install/my_robot_interfaces/lib:/opt/ros/humble/opt/rviz_ogre_vendor/lib:/opt/ros/humble/lib/x86_64-linux-gnu:/opt/ros/humble/lib:/usr/lib/x86_64-linux-gnu/gazebo-11/plugins /usr/bin/cmake --build /home/tamir/autonomous_robot/build/autonomous_robot_control -- -j12 -l12
[1.003s] [ 16%] [32mBuilding CXX object CMakeFiles/autonomous_robot_control.dir/src/joy_compute_control.cpp.o[0m
[1.006s] [ 33%] [32mBuilding CXX object CMakeFiles/teleop_joy_node.dir/src/teleop_joy_node.cpp.o[0m
[1.110s] [ 50%] [32m[1mLinking CXX static library libautonomous_robot_control.a[0m
[1.142s] [ 50%] Built target autonomous_robot_control
[1.162s] [ 66%] [32mBuilding CXX object CMakeFiles/prototype_joy_driver.dir/src/prototype_joy_driver.cpp.o[0m
[6.447s] [ 83%] [32m[1mLinking CXX executable teleop_joy_node[0m
[6.577s] [100%] [32m[1mLinking CXX executable prototype_joy_driver[0m
[6.749s] [100%] Built target teleop_joy_node
[6.867s] [100%] Built target prototype_joy_driver
[6.876s] Invoked command in '/home/tamir/autonomous_robot/build/autonomous_robot_control' returned '0': CMAKE_PREFIX_PATH=/home/tamir/autonomous_robot/install/robot_common_interfaces:/home/tamir/autonomous_robot/install/sensors_package:/home/tamir/autonomous_robot/install/autonomous_robot_control:/home/tamir/autonomous_robot/install/aws_robomaker_small_warehouse_world:/home/tamir/autonomous_robot/install/autonomous_robot_description:/home/tamir/ros2_ws/install/my_turtle_interfaces:/home/tamir/ros2_ws/install/my_robot_interfaces:/home/tamir/ros2_ws/install/my_robot_bringup:/home/tamir/ros2_ws/install/my_robot_description:/home/tamir/ros2_ws/install/my_cpp_pkg:/home/tamir/turtlebot3_ws/install/turtlebot3_simulations:/home/tamir/turtlebot3_ws/install/turtlebot3_gazebo:/home/tamir/turtlebot3_ws/install/turtlebot3_fake_node:/home/tamir/install/my_robot_description:/home/tamir/install/autonomous_robot_description:/home/tamir/ros2_ws/install/turtle_spawner:/home/tamir/ros2_ws/install/turtle_controller:/home/tamir/ros2_ws/install/my_py_pkg:/home/tamir/install/calc_odom:/opt/ros/humble LD_LIBRARY_PATH=/home/tamir/autonomous_robot/install/robot_common_interfaces/lib:/home/tamir/ros2_ws/install/my_turtle_interfaces/lib:/home/tamir/ros2_ws/install/my_robot_interfaces/lib:/opt/ros/humble/opt/rviz_ogre_vendor/lib:/opt/ros/humble/lib/x86_64-linux-gnu:/opt/ros/humble/lib:/usr/lib/x86_64-linux-gnu/gazebo-11/plugins /usr/bin/cmake --build /home/tamir/autonomous_robot/build/autonomous_robot_control -- -j12 -l12
[6.915s] Invoking command in '/home/tamir/autonomous_robot/build/autonomous_robot_control': CMAKE_PREFIX_PATH=/home/tamir/autonomous_robot/install/robot_common_interfaces:/home/tamir/autonomous_robot/install/sensors_package:/home/tamir/autonomous_robot/install/autonomous_robot_control:/home/tamir/autonomous_robot/install/aws_robomaker_small_warehouse_world:/home/tamir/autonomous_robot/install/autonomous_robot_description:/home/tamir/ros2_ws/install/my_turtle_interfaces:/home/tamir/ros2_ws/install/my_robot_interfaces:/home/tamir/ros2_ws/install/my_robot_bringup:/home/tamir/ros2_ws/install/my_robot_description:/home/tamir/ros2_ws/install/my_cpp_pkg:/home/tamir/turtlebot3_ws/install/turtlebot3_simulations:/home/tamir/turtlebot3_ws/install/turtlebot3_gazebo:/home/tamir/turtlebot3_ws/install/turtlebot3_fake_node:/home/tamir/install/my_robot_description:/home/tamir/install/autonomous_robot_description:/home/tamir/ros2_ws/install/turtle_spawner:/home/tamir/ros2_ws/install/turtle_controller:/home/tamir/ros2_ws/install/my_py_pkg:/home/tamir/install/calc_odom:/opt/ros/humble LD_LIBRARY_PATH=/home/tamir/autonomous_robot/install/robot_common_interfaces/lib:/home/tamir/ros2_ws/install/my_turtle_interfaces/lib:/home/tamir/ros2_ws/install/my_robot_interfaces/lib:/opt/ros/humble/opt/rviz_ogre_vendor/lib:/opt/ros/humble/lib/x86_64-linux-gnu:/opt/ros/humble/lib:/usr/lib/x86_64-linux-gnu/gazebo-11/plugins /usr/bin/cmake --install /home/tamir/autonomous_robot/build/autonomous_robot_control
[6.925s] -- Install configuration: ""
[6.925s] -- Installing: /home/tamir/autonomous_robot/install/autonomous_robot_control/lib/autonomous_robot_control/teleop_joy_node
[6.928s] -- Set runtime path of "/home/tamir/autonomous_robot/install/autonomous_robot_control/lib/autonomous_robot_control/teleop_joy_node" to ""
[6.928s] -- Installing: /home/tamir/autonomous_robot/install/autonomous_robot_control/lib/autonomous_robot_control/prototype_joy_driver
[6.931s] -- Set runtime path of "/home/tamir/autonomous_robot/install/autonomous_robot_control/lib/autonomous_robot_control/prototype_joy_driver" to ""
[6.931s] -- Installing: /home/tamir/autonomous_robot/install/autonomous_robot_control/lib/autonomous_robot_control/libautonomous_robot_control.a
[6.931s] -- Installing: /home/tamir/autonomous_robot/install/autonomous_robot_control/include/autonomous_robot_control
[6.931s] -- Installing: /home/tamir/autonomous_robot/install/autonomous_robot_control/include/autonomous_robot_control/autonomous_robot_control
[6.932s] -- Installing: /home/tamir/autonomous_robot/install/autonomous_robot_control/include/autonomous_robot_control/autonomous_robot_control/joy_compute_control.hpp
[6.932s] -- Installing: /home/tamir/autonomous_robot/install/autonomous_robot_control/share/autonomous_robot_control//launch
[6.932s] -- Installing: /home/tamir/autonomous_robot/install/autonomous_robot_control/share/autonomous_robot_control//launch/joystick.launch.py
[6.932s] -- Installing: /home/tamir/autonomous_robot/install/autonomous_robot_control/share/ament_index/resource_index/package_run_dependencies/autonomous_robot_control
[6.932s] -- Installing: /home/tamir/autonomous_robot/install/autonomous_robot_control/share/ament_index/resource_index/parent_prefix_path/autonomous_robot_control
[6.932s] -- Installing: /home/tamir/autonomous_robot/install/autonomous_robot_control/share/autonomous_robot_control/environment/ament_prefix_path.sh
[6.932s] -- Installing: /home/tamir/autonomous_robot/install/autonomous_robot_control/share/autonomous_robot_control/environment/ament_prefix_path.dsv
[6.932s] -- Installing: /home/tamir/autonomous_robot/install/autonomous_robot_control/share/autonomous_robot_control/environment/path.sh
[6.932s] -- Installing: /home/tamir/autonomous_robot/install/autonomous_robot_control/share/autonomous_robot_control/environment/path.dsv
[6.932s] -- Installing: /home/tamir/autonomous_robot/install/autonomous_robot_control/share/autonomous_robot_control/local_setup.bash
[6.932s] -- Installing: /home/tamir/autonomous_robot/install/autonomous_robot_control/share/autonomous_robot_control/local_setup.sh
[6.932s] -- Installing: /home/tamir/autonomous_robot/install/autonomous_robot_control/share/autonomous_robot_control/local_setup.zsh
[6.932s] -- Installing: /home/tamir/autonomous_robot/install/autonomous_robot_control/share/autonomous_robot_control/local_setup.dsv
[6.933s] -- Installing: /home/tamir/autonomous_robot/install/autonomous_robot_control/share/autonomous_robot_control/package.dsv
[6.933s] -- Installing: /home/tamir/autonomous_robot/install/autonomous_robot_control/share/ament_index/resource_index/packages/autonomous_robot_control
[6.933s] -- Installing: /home/tamir/autonomous_robot/install/autonomous_robot_control/share/autonomous_robot_control/cmake/autonomous_robot_controlConfig.cmake
[6.933s] -- Installing: /home/tamir/autonomous_robot/install/autonomous_robot_control/share/autonomous_robot_control/cmake/autonomous_robot_controlConfig-version.cmake
[6.933s] -- Installing: /home/tamir/autonomous_robot/install/autonomous_robot_control/share/autonomous_robot_control/package.xml
[6.935s] Invoked command in '/home/tamir/autonomous_robot/build/autonomous_robot_control' returned '0': CMAKE_PREFIX_PATH=/home/tamir/autonomous_robot/install/robot_common_interfaces:/home/tamir/autonomous_robot/install/sensors_package:/home/tamir/autonomous_robot/install/autonomous_robot_control:/home/tamir/autonomous_robot/install/aws_robomaker_small_warehouse_world:/home/tamir/autonomous_robot/install/autonomous_robot_description:/home/tamir/ros2_ws/install/my_turtle_interfaces:/home/tamir/ros2_ws/install/my_robot_interfaces:/home/tamir/ros2_ws/install/my_robot_bringup:/home/tamir/ros2_ws/install/my_robot_description:/home/tamir/ros2_ws/install/my_cpp_pkg:/home/tamir/turtlebot3_ws/install/turtlebot3_simulations:/home/tamir/turtlebot3_ws/install/turtlebot3_gazebo:/home/tamir/turtlebot3_ws/install/turtlebot3_fake_node:/home/tamir/install/my_robot_description:/home/tamir/install/autonomous_robot_description:/home/tamir/ros2_ws/install/turtle_spawner:/home/tamir/ros2_ws/install/turtle_controller:/home/tamir/ros2_ws/install/my_py_pkg:/home/tamir/install/calc_odom:/opt/ros/humble LD_LIBRARY_PATH=/home/tamir/autonomous_robot/install/robot_common_interfaces/lib:/home/tamir/ros2_ws/install/my_turtle_interfaces/lib:/home/tamir/ros2_ws/install/my_robot_interfaces/lib:/opt/ros/humble/opt/rviz_ogre_vendor/lib:/opt/ros/humble/lib/x86_64-linux-gnu:/opt/ros/humble/lib:/usr/lib/x86_64-linux-gnu/gazebo-11/plugins /usr/bin/cmake --install /home/tamir/autonomous_robot/build/autonomous_robot_control
