[0.046s] Invoking command in '/home/tamir/autonomous_robot/build/aws_robomaker_small_warehouse_world': CMAKE_PREFIX_PATH=${CMAKE_PREFIX_PATH}:/home/tamir/autonomous_robot/install/calc_odom:/home/tamir/autonomous_robot/install/control_hardware:/home/tamir/autonomous_robot/autonomous_robot_control/install/control_hardware:/home/tamir/autonomous_robot/autonomous_robot_control/install/calc_odom:/home/tamir/ros2_ws/install/turtle_spawner:/home/tamir/ros2_ws/install/turtle_controller:/home/tamir/ros2_ws/install/my_py_pkg:/opt/ros/humble /usr/bin/cmake --build /home/tamir/autonomous_robot/build/aws_robomaker_small_warehouse_world -- -j12 -l12
[0.478s] Invoked command in '/home/tamir/autonomous_robot/build/aws_robomaker_small_warehouse_world' returned '0': CMAKE_PREFIX_PATH=${CMAKE_PREFIX_PATH}:/home/tamir/autonomous_robot/install/calc_odom:/home/tamir/autonomous_robot/install/control_hardware:/home/tamir/autonomous_robot/autonomous_robot_control/install/control_hardware:/home/tamir/autonomous_robot/autonomous_robot_control/install/calc_odom:/home/tamir/ros2_ws/install/turtle_spawner:/home/tamir/ros2_ws/install/turtle_controller:/home/tamir/ros2_ws/install/my_py_pkg:/opt/ros/humble /usr/bin/cmake --build /home/tamir/autonomous_robot/build/aws_robomaker_small_warehouse_world -- -j12 -l12
[0.540s] Invoking command in '/home/tamir/autonomous_robot/build/aws_robomaker_small_warehouse_world': CMAKE_PREFIX_PATH=${CMAKE_PREFIX_PATH}:/home/tamir/autonomous_robot/install/calc_odom:/home/tamir/autonomous_robot/install/control_hardware:/home/tamir/autonomous_robot/autonomous_robot_control/install/control_hardware:/home/tamir/autonomous_robot/autonomous_robot_control/install/calc_odom:/home/tamir/ros2_ws/install/turtle_spawner:/home/tamir/ros2_ws/install/turtle_controller:/home/tamir/ros2_ws/install/my_py_pkg:/opt/ros/humble /usr/bin/cmake --install /home/tamir/autonomous_robot/build/aws_robomaker_small_warehouse_world
[0.552s] -- Install configuration: ""
[0.555s] -- Up-to-date: /home/tamir/autonomous_robot/install/aws_robomaker_small_warehouse_world/share/aws_robomaker_small_warehouse_world/launch
[0.556s] -- Up-to-date: /home/tamir/autonomous_robot/install/aws_robomaker_small_warehouse_world/share/aws_robomaker_small_warehouse_world/launch/small_warehouse.launch.py
[0.556s] -- Up-to-date: /home/tamir/autonomous_robot/install/aws_robomaker_small_warehouse_world/share/aws_robomaker_small_warehouse_world/launch/no_roof_small_warehouse.launch.py
[0.556s] -- Up-to-date: /home/tamir/autonomous_robot/install/aws_robomaker_small_warehouse_world/share/aws_robomaker_small_warehouse_world/models
[0.556s] -- Up-to-date: /home/tamir/autonomous_robot/install/aws_robomaker_small_warehouse_world/share/aws_robomaker_small_warehouse_world/models/aws_robomaker_warehouse_Bucket_01
[0.557s] -- Up-to-date: /home/tamir/autonomous_robot/install/aws_robomaker_small_warehouse_world/share/aws_robomaker_small_warehouse_world/models/aws_robomaker_warehouse_Bucket_01/model.sdf
[0.557s] -- Up-to-date: /home/tamir/autonomous_robot/install/aws_robomaker_small_warehouse_world/share/aws_robomaker_small_warehouse_world/models/aws_robomaker_warehouse_Bucket_01/meshes
[0.557s] -- Up-to-date: /home/tamir/autonomous_robot/install/aws_robomaker_small_warehouse_world/share/aws_robomaker_small_warehouse_world/models/aws_robomaker_warehouse_Bucket_01/meshes/aws_robomaker_warehouse_Bucket_01_visual.DAE
[0.557s] -- Up-to-date: /home/tamir/autonomous_robot/install/aws_robomaker_small_warehouse_world/share/aws_robomaker_small_warehouse_world/models/aws_robomaker_warehouse_Bucket_01/meshes/aws_robomaker_warehouse_Bucket_01_collision.DAE
[0.557s] -- Up-to-date: /home/tamir/autonomous_robot/install/aws_robomaker_small_warehouse_world/share/aws_robomaker_small_warehouse_world/models/aws_robomaker_warehouse_Bucket_01/model.config
[0.557s] -- Up-to-date: /home/tamir/autonomous_robot/install/aws_robomaker_small_warehouse_world/share/aws_robomaker_small_warehouse_world/models/aws_robomaker_warehouse_Bucket_01/.DS_Store
[0.557s] -- Up-to-date: /home/tamir/autonomous_robot/install/aws_robomaker_small_warehouse_world/share/aws_robomaker_small_warehouse_world/models/aws_robomaker_warehouse_Bucket_01/materials
[0.557s] -- Up-to-date: /home/tamir/autonomous_robot/install/aws_robomaker_small_warehouse_world/share/aws_robomaker_small_warehouse_world/models/aws_robomaker_warehouse_Bucket_01/materials/.DS_Store
[0.558s] -- Up-to-date: /home/tamir/autonomous_robot/install/aws_robomaker_small_warehouse_world/share/aws_robomaker_small_warehouse_world/models/aws_robomaker_warehouse_Bucket_01/materials/textures
[0.558s] -- Up-to-date: /home/tamir/autonomous_robot/install/aws_robomaker_small_warehouse_world/share/aws_robomaker_small_warehouse_world/models/aws_robomaker_warehouse_Bucket_01/materials/textures/aws_robomaker_warehouse_Bucket_01.png
[0.558s] -- Up-to-date: /home/tamir/autonomous_robot/install/aws_robomaker_small_warehouse_world/share/aws_robomaker_small_warehouse_world/models/aws_robomaker_warehouse_PalletJackB_01
[0.558s] -- Up-to-date: /home/tamir/autonomous_robot/install/aws_robomaker_small_warehouse_world/share/aws_robomaker_small_warehouse_world/models/aws_robomaker_warehouse_PalletJackB_01/model.sdf
[0.558s] -- Up-to-date: /home/tamir/autonomous_robot/install/aws_robomaker_small_warehouse_world/share/aws_robomaker_small_warehouse_world/models/aws_robomaker_warehouse_PalletJackB_01/meshes
[0.558s] -- Up-to-date: /home/tamir/autonomous_robot/install/aws_robomaker_small_warehouse_world/share/aws_robomaker_small_warehouse_world/models/aws_robomaker_warehouse_PalletJackB_01/meshes/aws_robomaker_warehouse_PalletJackB_01_visual.DAE
[0.558s] -- Up-to-date: /home/tamir/autonomous_robot/install/aws_robomaker_small_warehouse_world/share/aws_robomaker_small_warehouse_world/models/aws_robomaker_warehouse_PalletJackB_01/meshes/aws_robomaker_warehouse_PalletJackB_01_collision.DAE
[0.558s] -- Up-to-date: /home/tamir/autonomous_robot/install/aws_robomaker_small_warehouse_world/share/aws_robomaker_small_warehouse_world/models/aws_robomaker_warehouse_PalletJackB_01/model.config
[0.559s] -- Up-to-date: /home/tamir/autonomous_robot/install/aws_robomaker_small_warehouse_world/share/aws_robomaker_small_warehouse_world/models/aws_robomaker_warehouse_PalletJackB_01/.DS_Store
[0.559s] -- Up-to-date: /home/tamir/autonomous_robot/install/aws_robomaker_small_warehouse_world/share/aws_robomaker_small_warehouse_world/models/aws_robomaker_warehouse_PalletJackB_01/materials
[0.559s] -- Up-to-date: /home/tamir/autonomous_robot/install/aws_robomaker_small_warehouse_world/share/aws_robomaker_small_warehouse_world/models/aws_robomaker_warehouse_PalletJackB_01/materials/.DS_Store
[0.561s] -- Up-to-date: /home/tamir/autonomous_robot/install/aws_robomaker_small_warehouse_world/share/aws_robomaker_small_warehouse_world/models/aws_robomaker_warehouse_PalletJackB_01/materials/textures
[0.562s] -- Up-to-date: /home/tamir/autonomous_robot/install/aws_robomaker_small_warehouse_world/share/aws_robomaker_small_warehouse_world/models/aws_robomaker_warehouse_PalletJackB_01/materials/textures/aws_robomaker_warehouse_PalletJackB_02.png
[0.563s] -- Up-to-date: /home/tamir/autonomous_robot/install/aws_robomaker_small_warehouse_world/share/aws_robomaker_small_warehouse_world/models/aws_robomaker_warehouse_PalletJackB_01/materials/textures/aws_robomaker_warehouse_PalletJackB_01.png
[0.563s] -- Up-to-date: /home/tamir/autonomous_robot/install/aws_robomaker_small_warehouse_world/share/aws_robomaker_small_warehouse_world/models/aws_robomaker_warehouse_ClutteringC_01
[0.563s] -- Up-to-date: /home/tamir/autonomous_robot/install/aws_robomaker_small_warehouse_world/share/aws_robomaker_small_warehouse_world/models/aws_robomaker_warehouse_ClutteringC_01/model.sdf
[0.563s] -- Up-to-date: /home/tamir/autonomous_robot/install/aws_robomaker_small_warehouse_world/share/aws_robomaker_small_warehouse_world/models/aws_robomaker_warehouse_ClutteringC_01/meshes
[0.563s] -- Up-to-date: /home/tamir/autonomous_robot/install/aws_robomaker_small_warehouse_world/share/aws_robomaker_small_warehouse_world/models/aws_robomaker_warehouse_ClutteringC_01/meshes/aws_robomaker_warehouse_ClutteringC_01_collision.DAE
[0.563s] -- Up-to-date: /home/tamir/autonomous_robot/install/aws_robomaker_small_warehouse_world/share/aws_robomaker_small_warehouse_world/models/aws_robomaker_warehouse_ClutteringC_01/meshes/aws_robomaker_warehouse_ClutteringC_01_visual.DAE
[0.564s] -- Up-to-date: /home/tamir/autonomous_robot/install/aws_robomaker_small_warehouse_world/share/aws_robomaker_small_warehouse_world/models/aws_robomaker_warehouse_ClutteringC_01/model.config
[0.566s] -- Up-to-date: /home/tamir/autonomous_robot/install/aws_robomaker_small_warehouse_world/share/aws_robomaker_small_warehouse_world/models/aws_robomaker_warehouse_ClutteringC_01/materials
[0.566s] -- Up-to-date: /home/tamir/autonomous_robot/install/aws_robomaker_small_warehouse_world/share/aws_robomaker_small_warehouse_world/models/aws_robomaker_warehouse_ClutteringC_01/materials/textures
[0.568s] -- Up-to-date: /home/tamir/autonomous_robot/install/aws_robomaker_small_warehouse_world/share/aws_robomaker_small_warehouse_world/models/aws_robomaker_warehouse_ClutteringC_01/materials/textures/aws_robomaker_warehouse_ClutteringC_01.png
[0.569s] -- Up-to-date: /home/tamir/autonomous_robot/install/aws_robomaker_small_warehouse_world/share/aws_robomaker_small_warehouse_world/models/aws_robomaker_warehouse_ClutteringC_01/materials/textures/aws_robomaker_warehouse_ClutteringC_02.png
[0.569s] -- Up-to-date: /home/tamir/autonomous_robot/install/aws_robomaker_small_warehouse_world/share/aws_robomaker_small_warehouse_world/models/aws_robomaker_warehouse_Lamp_01
[0.570s] -- Up-to-date: /home/tamir/autonomous_robot/install/aws_robomaker_small_warehouse_world/share/aws_robomaker_small_warehouse_world/models/aws_robomaker_warehouse_Lamp_01/model.sdf
[0.570s] -- Up-to-date: /home/tamir/autonomous_robot/install/aws_robomaker_small_warehouse_world/share/aws_robomaker_small_warehouse_world/models/aws_robomaker_warehouse_Lamp_01/meshes
[0.571s] -- Up-to-date: /home/tamir/autonomous_robot/install/aws_robomaker_small_warehouse_world/share/aws_robomaker_small_warehouse_world/models/aws_robomaker_warehouse_Lamp_01/meshes/aws_robomaker_warehouse_Lamp_01_collision.DAE
[0.571s] -- Up-to-date: /home/tamir/autonomous_robot/install/aws_robomaker_small_warehouse_world/share/aws_robomaker_small_warehouse_world/models/aws_robomaker_warehouse_Lamp_01/meshes/aws_robomaker_warehouse_Lamp_01_visual.DAE
[0.572s] -- Up-to-date: /home/tamir/autonomous_robot/install/aws_robomaker_small_warehouse_world/share/aws_robomaker_small_warehouse_world/models/aws_robomaker_warehouse_Lamp_01/model.config
[0.572s] -- Up-to-date: /home/tamir/autonomous_robot/install/aws_robomaker_small_warehouse_world/share/aws_robomaker_small_warehouse_world/models/aws_robomaker_warehouse_Lamp_01/materials
[0.572s] -- Up-to-date: /home/tamir/autonomous_robot/install/aws_robomaker_small_warehouse_world/share/aws_robomaker_small_warehouse_world/models/aws_robomaker_warehouse_Lamp_01/materials/textures
[0.572s] -- Up-to-date: /home/tamir/autonomous_robot/install/aws_robomaker_small_warehouse_world/share/aws_robomaker_small_warehouse_world/models/aws_robomaker_warehouse_Lamp_01/materials/textures/aws_robomaker_warehouse_Lamp_01.png
[0.572s] -- Up-to-date: /home/tamir/autonomous_robot/install/aws_robomaker_small_warehouse_world/share/aws_robomaker_small_warehouse_world/models/aws_robomaker_warehouse_ShelfD_01
[0.572s] -- Up-to-date: /home/tamir/autonomous_robot/install/aws_robomaker_small_warehouse_world/share/aws_robomaker_small_warehouse_world/models/aws_robomaker_warehouse_ShelfD_01/model.sdf
[0.572s] -- Up-to-date: /home/tamir/autonomous_robot/install/aws_robomaker_small_warehouse_world/share/aws_robomaker_small_warehouse_world/models/aws_robomaker_warehouse_ShelfD_01/meshes
[0.572s] -- Up-to-date: /home/tamir/autonomous_robot/install/aws_robomaker_small_warehouse_world/share/aws_robomaker_small_warehouse_world/models/aws_robomaker_warehouse_ShelfD_01/meshes/aws_robomaker_warehouse_ShelfD_01_collision.DAE
[0.572s] -- Up-to-date: /home/tamir/autonomous_robot/install/aws_robomaker_small_warehouse_world/share/aws_robomaker_small_warehouse_world/models/aws_robomaker_warehouse_ShelfD_01/meshes/aws_robomaker_warehouse_ShelfD_01_visual.DAE
[0.573s] -- Up-to-date: /home/tamir/autonomous_robot/install/aws_robomaker_small_warehouse_world/share/aws_robomaker_small_warehouse_world/models/aws_robomaker_warehouse_ShelfD_01/model.config
[0.573s] -- Up-to-date: /home/tamir/autonomous_robot/install/aws_robomaker_small_warehouse_world/share/aws_robomaker_small_warehouse_world/models/aws_robomaker_warehouse_ShelfD_01/materials
[0.573s] -- Up-to-date: /home/tamir/autonomous_robot/install/aws_robomaker_small_warehouse_world/share/aws_robomaker_small_warehouse_world/models/aws_robomaker_warehouse_ShelfD_01/materials/textures
[0.574s] -- Up-to-date: /home/tamir/autonomous_robot/install/aws_robomaker_small_warehouse_world/share/aws_robomaker_small_warehouse_world/models/aws_robomaker_warehouse_ShelfD_01/materials/textures/aws_robomaker_warehouse_ShelfD_03.png
[0.574s] -- Up-to-date: /home/tamir/autonomous_robot/install/aws_robomaker_small_warehouse_world/share/aws_robomaker_small_warehouse_world/models/aws_robomaker_warehouse_ShelfD_01/materials/textures/aws_robomaker_warehouse_ShelfD_04.png
[0.574s] -- Up-to-date: /home/tamir/autonomous_robot/install/aws_robomaker_small_warehouse_world/share/aws_robomaker_small_warehouse_world/models/aws_robomaker_warehouse_ShelfD_01/materials/textures/aws_robomaker_warehouse_ShelfD_01.png
[0.574s] -- Up-to-date: /home/tamir/autonomous_robot/install/aws_robomaker_small_warehouse_world/share/aws_robomaker_small_warehouse_world/models/aws_robomaker_warehouse_ShelfD_01/materials/textures/aws_robomaker_warehouse_ShelfD_02.png
[0.575s] -- Up-to-date: /home/tamir/autonomous_robot/install/aws_robomaker_small_warehouse_world/share/aws_robomaker_small_warehouse_world/models/aws_robomaker_warehouse_ClutteringD_01
[0.575s] -- Up-to-date: /home/tamir/autonomous_robot/install/aws_robomaker_small_warehouse_world/share/aws_robomaker_small_warehouse_world/models/aws_robomaker_warehouse_ClutteringD_01/model.sdf
[0.575s] -- Up-to-date: /home/tamir/autonomous_robot/install/aws_robomaker_small_warehouse_world/share/aws_robomaker_small_warehouse_world/models/aws_robomaker_warehouse_ClutteringD_01/meshes
[0.575s] -- Up-to-date: /home/tamir/autonomous_robot/install/aws_robomaker_small_warehouse_world/share/aws_robomaker_small_warehouse_world/models/aws_robomaker_warehouse_ClutteringD_01/meshes/aws_robomaker_warehouse_ClutteringD_01_collision.DAE
[0.575s] -- Up-to-date: /home/tamir/autonomous_robot/install/aws_robomaker_small_warehouse_world/share/aws_robomaker_small_warehouse_world/models/aws_robomaker_warehouse_ClutteringD_01/meshes/aws_robomaker_warehouse_ClutteringD_01_visual.DAE
[0.575s] -- Up-to-date: /home/tamir/autonomous_robot/install/aws_robomaker_small_warehouse_world/share/aws_robomaker_small_warehouse_world/models/aws_robomaker_warehouse_ClutteringD_01/model.config
[0.576s] -- Up-to-date: /home/tamir/autonomous_robot/install/aws_robomaker_small_warehouse_world/share/aws_robomaker_small_warehouse_world/models/aws_robomaker_warehouse_ClutteringD_01/materials
[0.576s] -- Up-to-date: /home/tamir/autonomous_robot/install/aws_robomaker_small_warehouse_world/share/aws_robomaker_small_warehouse_world/models/aws_robomaker_warehouse_ClutteringD_01/materials/textures
[0.577s] -- Up-to-date: /home/tamir/autonomous_robot/install/aws_robomaker_small_warehouse_world/share/aws_robomaker_small_warehouse_world/models/aws_robomaker_warehouse_ClutteringD_01/materials/textures/aws_robomaker_warehouse_ClutteringD_02.png
[0.578s] -- Up-to-date: /home/tamir/autonomous_robot/install/aws_robomaker_small_warehouse_world/share/aws_robomaker_small_warehouse_world/models/aws_robomaker_warehouse_ClutteringD_01/materials/textures/aws_robomaker_warehouse_ClutteringD_01.png
[0.578s] -- Up-to-date: /home/tamir/autonomous_robot/install/aws_robomaker_small_warehouse_world/share/aws_robomaker_small_warehouse_world/models/.DS_Store
[0.578s] -- Up-to-date: /home/tamir/autonomous_robot/install/aws_robomaker_small_warehouse_world/share/aws_robomaker_small_warehouse_world/models/aws_robomaker_warehouse_ShelfE_01
[0.578s] -- Up-to-date: /home/tamir/autonomous_robot/install/aws_robomaker_small_warehouse_world/share/aws_robomaker_small_warehouse_world/models/aws_robomaker_warehouse_ShelfE_01/model.sdf
[0.578s] -- Up-to-date: /home/tamir/autonomous_robot/install/aws_robomaker_small_warehouse_world/share/aws_robomaker_small_warehouse_world/models/aws_robomaker_warehouse_ShelfE_01/meshes
[0.578s] -- Up-to-date: /home/tamir/autonomous_robot/install/aws_robomaker_small_warehouse_world/share/aws_robomaker_small_warehouse_world/models/aws_robomaker_warehouse_ShelfE_01/meshes/aws_robomaker_warehouse_ShelfE_01_visual.DAE
[0.578s] -- Up-to-date: /home/tamir/autonomous_robot/install/aws_robomaker_small_warehouse_world/share/aws_robomaker_small_warehouse_world/models/aws_robomaker_warehouse_ShelfE_01/meshes/aws_robomaker_warehouse_ShelfE_01_collision.DAE
[0.578s] -- Up-to-date: /home/tamir/autonomous_robot/install/aws_robomaker_small_warehouse_world/share/aws_robomaker_small_warehouse_world/models/aws_robomaker_warehouse_ShelfE_01/model.config
[0.578s] -- Up-to-date: /home/tamir/autonomous_robot/install/aws_robomaker_small_warehouse_world/share/aws_robomaker_small_warehouse_world/models/aws_robomaker_warehouse_ShelfE_01/.DS_Store
[0.579s] -- Up-to-date: /home/tamir/autonomous_robot/install/aws_robomaker_small_warehouse_world/share/aws_robomaker_small_warehouse_world/models/aws_robomaker_warehouse_ShelfE_01/materials
[0.579s] -- Up-to-date: /home/tamir/autonomous_robot/install/aws_robomaker_small_warehouse_world/share/aws_robomaker_small_warehouse_world/models/aws_robomaker_warehouse_ShelfE_01/materials/.DS_Store
[0.579s] -- Up-to-date: /home/tamir/autonomous_robot/install/aws_robomaker_small_warehouse_world/share/aws_robomaker_small_warehouse_world/models/aws_robomaker_warehouse_ShelfE_01/materials/textures
[0.579s] -- Up-to-date: /home/tamir/autonomous_robot/install/aws_robomaker_small_warehouse_world/share/aws_robomaker_small_warehouse_world/models/aws_robomaker_warehouse_ShelfE_01/materials/textures/aws_robomaker_warehouse_ShelfE_03.png
[0.579s] -- Up-to-date: /home/tamir/autonomous_robot/install/aws_robomaker_small_warehouse_world/share/aws_robomaker_small_warehouse_world/models/aws_robomaker_warehouse_ShelfE_01/materials/textures/aws_robomaker_warehouse_ShelfE_04.png
[0.579s] -- Up-to-date: /home/tamir/autonomous_robot/install/aws_robomaker_small_warehouse_world/share/aws_robomaker_small_warehouse_world/models/aws_robomaker_warehouse_ShelfE_01/materials/textures/aws_robomaker_warehouse_ShelfE_02.png
[0.580s] -- Up-to-date: /home/tamir/autonomous_robot/install/aws_robomaker_small_warehouse_world/share/aws_robomaker_small_warehouse_world/models/aws_robomaker_warehouse_ShelfE_01/materials/textures/aws_robomaker_warehouse_ShelfE_01.png
[0.581s] -- Up-to-date: /home/tamir/autonomous_robot/install/aws_robomaker_small_warehouse_world/share/aws_robomaker_small_warehouse_world/models/aws_robomaker_warehouse_GroundB_01
[0.581s] -- Up-to-date: /home/tamir/autonomous_robot/install/aws_robomaker_small_warehouse_world/share/aws_robomaker_small_warehouse_world/models/aws_robomaker_warehouse_GroundB_01/model.sdf
[0.581s] -- Up-to-date: /home/tamir/autonomous_robot/install/aws_robomaker_small_warehouse_world/share/aws_robomaker_small_warehouse_world/models/aws_robomaker_warehouse_GroundB_01/meshes
[0.581s] -- Up-to-date: /home/tamir/autonomous_robot/install/aws_robomaker_small_warehouse_world/share/aws_robomaker_small_warehouse_world/models/aws_robomaker_warehouse_GroundB_01/meshes/aws_robomaker_warehouse_GroundB_01_visual.DAE
[0.581s] -- Up-to-date: /home/tamir/autonomous_robot/install/aws_robomaker_small_warehouse_world/share/aws_robomaker_small_warehouse_world/models/aws_robomaker_warehouse_GroundB_01/meshes/aws_robomaker_warehouse_GroundB_01_collision.DAE
[0.581s] -- Up-to-date: /home/tamir/autonomous_robot/install/aws_robomaker_small_warehouse_world/share/aws_robomaker_small_warehouse_world/models/aws_robomaker_warehouse_GroundB_01/model.config
[0.581s] -- Up-to-date: /home/tamir/autonomous_robot/install/aws_robomaker_small_warehouse_world/share/aws_robomaker_small_warehouse_world/models/aws_robomaker_warehouse_GroundB_01/materials
[0.582s] -- Up-to-date: /home/tamir/autonomous_robot/install/aws_robomaker_small_warehouse_world/share/aws_robomaker_small_warehouse_world/models/aws_robomaker_warehouse_GroundB_01/materials/textures
[0.582s] -- Up-to-date: /home/tamir/autonomous_robot/install/aws_robomaker_small_warehouse_world/share/aws_robomaker_small_warehouse_world/models/aws_robomaker_warehouse_GroundB_01/materials/textures/aws_robomaker_warehouse_GroundB_01.png
[0.582s] -- Up-to-date: /home/tamir/autonomous_robot/install/aws_robomaker_small_warehouse_world/share/aws_robomaker_small_warehouse_world/models/aws_robomaker_warehouse_GroundB_01/materials/textures/aws_robomaker_warehouse_GroundB_02.png
[0.582s] -- Up-to-date: /home/tamir/autonomous_robot/install/aws_robomaker_small_warehouse_world/share/aws_robomaker_small_warehouse_world/models/aws_robomaker_warehouse_RoofB_01
[0.582s] -- Up-to-date: /home/tamir/autonomous_robot/install/aws_robomaker_small_warehouse_world/share/aws_robomaker_small_warehouse_world/models/aws_robomaker_warehouse_RoofB_01/model.sdf
[0.583s] -- Up-to-date: /home/tamir/autonomous_robot/install/aws_robomaker_small_warehouse_world/share/aws_robomaker_small_warehouse_world/models/aws_robomaker_warehouse_RoofB_01/meshes
[0.583s] -- Up-to-date: /home/tamir/autonomous_robot/install/aws_robomaker_small_warehouse_world/share/aws_robomaker_small_warehouse_world/models/aws_robomaker_warehouse_RoofB_01/meshes/aws_robomaker_warehouse_RoofB_01_collision.DAE
[0.583s] -- Up-to-date: /home/tamir/autonomous_robot/install/aws_robomaker_small_warehouse_world/share/aws_robomaker_small_warehouse_world/models/aws_robomaker_warehouse_RoofB_01/meshes/aws_robomaker_warehouse_RoofB_01_visual.DAE
[0.583s] -- Up-to-date: /home/tamir/autonomous_robot/install/aws_robomaker_small_warehouse_world/share/aws_robomaker_small_warehouse_world/models/aws_robomaker_warehouse_RoofB_01/model.config
[0.583s] -- Up-to-date: /home/tamir/autonomous_robot/install/aws_robomaker_small_warehouse_world/share/aws_robomaker_small_warehouse_world/models/aws_robomaker_warehouse_RoofB_01/materials
[0.584s] -- Up-to-date: /home/tamir/autonomous_robot/install/aws_robomaker_small_warehouse_world/share/aws_robomaker_small_warehouse_world/models/aws_robomaker_warehouse_RoofB_01/materials/textures
[0.584s] -- Up-to-date: /home/tamir/autonomous_robot/install/aws_robomaker_small_warehouse_world/share/aws_robomaker_small_warehouse_world/models/aws_robomaker_warehouse_RoofB_01/materials/textures/aws_robomaker_warehouse_RoofB_01.png
[0.584s] -- Up-to-date: /home/tamir/autonomous_robot/install/aws_robomaker_small_warehouse_world/share/aws_robomaker_small_warehouse_world/models/aws_robomaker_warehouse_ClutteringA_01
[0.584s] -- Up-to-date: /home/tamir/autonomous_robot/install/aws_robomaker_small_warehouse_world/share/aws_robomaker_small_warehouse_world/models/aws_robomaker_warehouse_ClutteringA_01/model.sdf
[0.586s] -- Up-to-date: /home/tamir/autonomous_robot/install/aws_robomaker_small_warehouse_world/share/aws_robomaker_small_warehouse_world/models/aws_robomaker_warehouse_ClutteringA_01/meshes
[0.586s] -- Up-to-date: /home/tamir/autonomous_robot/install/aws_robomaker_small_warehouse_world/share/aws_robomaker_small_warehouse_world/models/aws_robomaker_warehouse_ClutteringA_01/meshes/aws_robomaker_warehouse_ClutteringA_01_collision.DAE
[0.586s] -- Up-to-date: /home/tamir/autonomous_robot/install/aws_robomaker_small_warehouse_world/share/aws_robomaker_small_warehouse_world/models/aws_robomaker_warehouse_ClutteringA_01/meshes/aws_robomaker_warehouse_ClutteringA_01_visual.DAE
[0.587s] -- Up-to-date: /home/tamir/autonomous_robot/install/aws_robomaker_small_warehouse_world/share/aws_robomaker_small_warehouse_world/models/aws_robomaker_warehouse_ClutteringA_01/model.config
[0.587s] -- Up-to-date: /home/tamir/autonomous_robot/install/aws_robomaker_small_warehouse_world/share/aws_robomaker_small_warehouse_world/models/aws_robomaker_warehouse_ClutteringA_01/.DS_Store
[0.587s] -- Up-to-date: /home/tamir/autonomous_robot/install/aws_robomaker_small_warehouse_world/share/aws_robomaker_small_warehouse_world/models/aws_robomaker_warehouse_ClutteringA_01/materials
[0.588s] -- Up-to-date: /home/tamir/autonomous_robot/install/aws_robomaker_small_warehouse_world/share/aws_robomaker_small_warehouse_world/models/aws_robomaker_warehouse_ClutteringA_01/materials/.DS_Store
[0.588s] -- Up-to-date: /home/tamir/autonomous_robot/install/aws_robomaker_small_warehouse_world/share/aws_robomaker_small_warehouse_world/models/aws_robomaker_warehouse_ClutteringA_01/materials/textures
[0.588s] -- Up-to-date: /home/tamir/autonomous_robot/install/aws_robomaker_small_warehouse_world/share/aws_robomaker_small_warehouse_world/models/aws_robomaker_warehouse_ClutteringA_01/materials/textures/aws_robomaker_warehouse_ClutteringA_02.png
[0.589s] -- Up-to-date: /home/tamir/autonomous_robot/install/aws_robomaker_small_warehouse_world/share/aws_robomaker_small_warehouse_world/models/aws_robomaker_warehouse_ClutteringA_01/materials/textures/aws_robomaker_warehouse_ClutteringA_03.png
[0.589s] -- Up-to-date: /home/tamir/autonomous_robot/install/aws_robomaker_small_warehouse_world/share/aws_robomaker_small_warehouse_world/models/aws_robomaker_warehouse_ClutteringA_01/materials/textures/.DS_Store
[0.589s] -- Up-to-date: /home/tamir/autonomous_robot/install/aws_robomaker_small_warehouse_world/share/aws_robomaker_small_warehouse_world/models/aws_robomaker_warehouse_ClutteringA_01/materials/textures/aws_robomaker_warehouse_ClutteringA_01.png
[0.589s] -- Up-to-date: /home/tamir/autonomous_robot/install/aws_robomaker_small_warehouse_world/share/aws_robomaker_small_warehouse_world/models/aws_robomaker_warehouse_ShelfF_01
[0.589s] -- Up-to-date: /home/tamir/autonomous_robot/install/aws_robomaker_small_warehouse_world/share/aws_robomaker_small_warehouse_world/models/aws_robomaker_warehouse_ShelfF_01/model.sdf
[0.589s] -- Up-to-date: /home/tamir/autonomous_robot/install/aws_robomaker_small_warehouse_world/share/aws_robomaker_small_warehouse_world/models/aws_robomaker_warehouse_ShelfF_01/meshes
[0.589s] -- Up-to-date: /home/tamir/autonomous_robot/install/aws_robomaker_small_warehouse_world/share/aws_robomaker_small_warehouse_world/models/aws_robomaker_warehouse_ShelfF_01/meshes/aws_robomaker_warehouse_ShelfF_01_collision.DAE
[0.589s] -- Up-to-date: /home/tamir/autonomous_robot/install/aws_robomaker_small_warehouse_world/share/aws_robomaker_small_warehouse_world/models/aws_robomaker_warehouse_ShelfF_01/meshes/aws_robomaker_warehouse_ShelfF_01_visual.DAE
[0.589s] -- Up-to-date: /home/tamir/autonomous_robot/install/aws_robomaker_small_warehouse_world/share/aws_robomaker_small_warehouse_world/models/aws_robomaker_warehouse_ShelfF_01/model.config
[0.589s] -- Up-to-date: /home/tamir/autonomous_robot/install/aws_robomaker_small_warehouse_world/share/aws_robomaker_small_warehouse_world/models/aws_robomaker_warehouse_ShelfF_01/materials
[0.590s] -- Up-to-date: /home/tamir/autonomous_robot/install/aws_robomaker_small_warehouse_world/share/aws_robomaker_small_warehouse_world/models/aws_robomaker_warehouse_ShelfF_01/materials/textures
[0.590s] -- Up-to-date: /home/tamir/autonomous_robot/install/aws_robomaker_small_warehouse_world/share/aws_robomaker_small_warehouse_world/models/aws_robomaker_warehouse_ShelfF_01/materials/textures/aws_robomaker_warehouse_ShelfF_01.png
[0.590s] -- Up-to-date: /home/tamir/autonomous_robot/install/aws_robomaker_small_warehouse_world/share/aws_robomaker_small_warehouse_world/models/aws_robomaker_warehouse_ShelfF_01/materials/textures/aws_robomaker_warehouse_ShelfF_03.png
[0.590s] -- Up-to-date: /home/tamir/autonomous_robot/install/aws_robomaker_small_warehouse_world/share/aws_robomaker_small_warehouse_world/models/aws_robomaker_warehouse_ShelfF_01/materials/textures/aws_robomaker_warehouse_ShelfF_02.png
[0.590s] -- Up-to-date: /home/tamir/autonomous_robot/install/aws_robomaker_small_warehouse_world/share/aws_robomaker_small_warehouse_world/models/aws_robomaker_warehouse_TrashCanC_01
[0.590s] -- Up-to-date: /home/tamir/autonomous_robot/install/aws_robomaker_small_warehouse_world/share/aws_robomaker_small_warehouse_world/models/aws_robomaker_warehouse_TrashCanC_01/model.sdf
[0.590s] -- Up-to-date: /home/tamir/autonomous_robot/install/aws_robomaker_small_warehouse_world/share/aws_robomaker_small_warehouse_world/models/aws_robomaker_warehouse_TrashCanC_01/meshes
[0.590s] -- Up-to-date: /home/tamir/autonomous_robot/install/aws_robomaker_small_warehouse_world/share/aws_robomaker_small_warehouse_world/models/aws_robomaker_warehouse_TrashCanC_01/meshes/aws_robomaker_warehouse_TrashCanC_01_visual.DAE
[0.590s] -- Up-to-date: /home/tamir/autonomous_robot/install/aws_robomaker_small_warehouse_world/share/aws_robomaker_small_warehouse_world/models/aws_robomaker_warehouse_TrashCanC_01/meshes/aws_robomaker_warehouse_TrashCanC_01_collision.DAE
[0.590s] -- Up-to-date: /home/tamir/autonomous_robot/install/aws_robomaker_small_warehouse_world/share/aws_robomaker_small_warehouse_world/models/aws_robomaker_warehouse_TrashCanC_01/model.config
[0.590s] -- Up-to-date: /home/tamir/autonomous_robot/install/aws_robomaker_small_warehouse_world/share/aws_robomaker_small_warehouse_world/models/aws_robomaker_warehouse_TrashCanC_01/materials
[0.590s] -- Up-to-date: /home/tamir/autonomous_robot/install/aws_robomaker_small_warehouse_world/share/aws_robomaker_small_warehouse_world/models/aws_robomaker_warehouse_TrashCanC_01/materials/textures
[0.590s] -- Up-to-date: /home/tamir/autonomous_robot/install/aws_robomaker_small_warehouse_world/share/aws_robomaker_small_warehouse_world/models/aws_robomaker_warehouse_TrashCanC_01/materials/textures/aws_robomaker_warehouse_TrashCanC_01.png
[0.590s] -- Up-to-date: /home/tamir/autonomous_robot/install/aws_robomaker_small_warehouse_world/share/aws_robomaker_small_warehouse_world/models/aws_robomaker_warehouse_WallB_01
[0.590s] -- Up-to-date: /home/tamir/autonomous_robot/install/aws_robomaker_small_warehouse_world/share/aws_robomaker_small_warehouse_world/models/aws_robomaker_warehouse_WallB_01/model.sdf
[0.591s] -- Up-to-date: /home/tamir/autonomous_robot/install/aws_robomaker_small_warehouse_world/share/aws_robomaker_small_warehouse_world/models/aws_robomaker_warehouse_WallB_01/meshes
[0.591s] -- Up-to-date: /home/tamir/autonomous_robot/install/aws_robomaker_small_warehouse_world/share/aws_robomaker_small_warehouse_world/models/aws_robomaker_warehouse_WallB_01/meshes/aws_robomaker_warehouse_WallB_01_collision.DAE
[0.591s] -- Up-to-date: /home/tamir/autonomous_robot/install/aws_robomaker_small_warehouse_world/share/aws_robomaker_small_warehouse_world/models/aws_robomaker_warehouse_WallB_01/meshes/aws_robomaker_warehouse_WallB_01_visual.DAE
[0.591s] -- Up-to-date: /home/tamir/autonomous_robot/install/aws_robomaker_small_warehouse_world/share/aws_robomaker_small_warehouse_world/models/aws_robomaker_warehouse_WallB_01/model.config
[0.591s] -- Up-to-date: /home/tamir/autonomous_robot/install/aws_robomaker_small_warehouse_world/share/aws_robomaker_small_warehouse_world/models/aws_robomaker_warehouse_WallB_01/materials
[0.591s] -- Up-to-date: /home/tamir/autonomous_robot/install/aws_robomaker_small_warehouse_world/share/aws_robomaker_small_warehouse_world/models/aws_robomaker_warehouse_WallB_01/materials/textures
[0.591s] -- Up-to-date: /home/tamir/autonomous_robot/install/aws_robomaker_small_warehouse_world/share/aws_robomaker_small_warehouse_world/models/aws_robomaker_warehouse_WallB_01/materials/textures/aws_robomaker_warehouse_WallB_01.png
[0.591s] -- Up-to-date: /home/tamir/autonomous_robot/install/aws_robomaker_small_warehouse_world/share/aws_robomaker_small_warehouse_world/models/aws_robomaker_warehouse_DeskC_01
[0.591s] -- Up-to-date: /home/tamir/autonomous_robot/install/aws_robomaker_small_warehouse_world/share/aws_robomaker_small_warehouse_world/models/aws_robomaker_warehouse_DeskC_01/model.sdf
[0.591s] -- Up-to-date: /home/tamir/autonomous_robot/install/aws_robomaker_small_warehouse_world/share/aws_robomaker_small_warehouse_world/models/aws_robomaker_warehouse_DeskC_01/meshes
[0.603s] -- Up-to-date: /home/tamir/autonomous_robot/install/aws_robomaker_small_warehouse_world/share/aws_robomaker_small_warehouse_world/models/aws_robomaker_warehouse_DeskC_01/meshes/aws_robomaker_warehouse_DeskC_01_visual.DAE
[0.604s] -- Up-to-date: /home/tamir/autonomous_robot/install/aws_robomaker_small_warehouse_world/share/aws_robomaker_small_warehouse_world/models/aws_robomaker_warehouse_DeskC_01/meshes/aws_robomaker_warehouse_DeskC_01_collision.DAE
[0.604s] -- Up-to-date: /home/tamir/autonomous_robot/install/aws_robomaker_small_warehouse_world/share/aws_robomaker_small_warehouse_world/models/aws_robomaker_warehouse_DeskC_01/model.config
[0.604s] -- Up-to-date: /home/tamir/autonomous_robot/install/aws_robomaker_small_warehouse_world/share/aws_robomaker_small_warehouse_world/models/aws_robomaker_warehouse_DeskC_01/materials
[0.604s] -- Up-to-date: /home/tamir/autonomous_robot/install/aws_robomaker_small_warehouse_world/share/aws_robomaker_small_warehouse_world/models/aws_robomaker_warehouse_DeskC_01/materials/.DS_Store
[0.604s] -- Up-to-date: /home/tamir/autonomous_robot/install/aws_robomaker_small_warehouse_world/share/aws_robomaker_small_warehouse_world/models/aws_robomaker_warehouse_DeskC_01/materials/textures
[0.604s] -- Up-to-date: /home/tamir/autonomous_robot/install/aws_robomaker_small_warehouse_world/share/aws_robomaker_small_warehouse_world/models/aws_robomaker_warehouse_DeskC_01/materials/textures/aws_robomaker_warehouse_DeskC_03.psd
[0.604s] -- Up-to-date: /home/tamir/autonomous_robot/install/aws_robomaker_small_warehouse_world/share/aws_robomaker_small_warehouse_world/models/aws_robomaker_warehouse_DeskC_01/materials/textures/aws_robomaker_warehouse_DeskC_02.png
[0.604s] -- Up-to-date: /home/tamir/autonomous_robot/install/aws_robomaker_small_warehouse_world/share/aws_robomaker_small_warehouse_world/models/aws_robomaker_warehouse_DeskC_01/materials/textures/aws_robomaker_warehouse_DeskC_03.png
[0.604s] -- Up-to-date: /home/tamir/autonomous_robot/install/aws_robomaker_small_warehouse_world/share/aws_robomaker_small_warehouse_world/models/aws_robomaker_warehouse_DeskC_01/materials/textures/aws_robomaker_warehouse_DeskC_04.png
[0.605s] -- Up-to-date: /home/tamir/autonomous_robot/install/aws_robomaker_small_warehouse_world/share/aws_robomaker_small_warehouse_world/models/aws_robomaker_warehouse_DeskC_01/materials/textures/aws_robomaker_warehouse_DeskC_01.png
[0.605s] -- Up-to-date: /home/tamir/autonomous_robot/install/aws_robomaker_small_warehouse_world/share/aws_robomaker_small_warehouse_world/worlds
[0.605s] -- Up-to-date: /home/tamir/autonomous_robot/install/aws_robomaker_small_warehouse_world/share/aws_robomaker_small_warehouse_world/worlds/no_roof_small_warehouse
[0.605s] -- Up-to-date: /home/tamir/autonomous_robot/install/aws_robomaker_small_warehouse_world/share/aws_robomaker_small_warehouse_world/worlds/no_roof_small_warehouse/no_roof_small_warehouse.world
[0.605s] -- Up-to-date: /home/tamir/autonomous_robot/install/aws_robomaker_small_warehouse_world/share/aws_robomaker_small_warehouse_world/worlds/small_warehouse
[0.605s] -- Up-to-date: /home/tamir/autonomous_robot/install/aws_robomaker_small_warehouse_world/share/aws_robomaker_small_warehouse_world/worlds/small_warehouse/small_warehouse.world
[0.605s] -- Up-to-date: /home/tamir/autonomous_robot/install/aws_robomaker_small_warehouse_world/share/aws_robomaker_small_warehouse_world/maps
[0.606s] -- Up-to-date: /home/tamir/autonomous_robot/install/aws_robomaker_small_warehouse_world/share/aws_robomaker_small_warehouse_world/maps/005
[0.606s] -- Up-to-date: /home/tamir/autonomous_robot/install/aws_robomaker_small_warehouse_world/share/aws_robomaker_small_warehouse_world/maps/005/map_rotated.png
[0.606s] -- Up-to-date: /home/tamir/autonomous_robot/install/aws_robomaker_small_warehouse_world/share/aws_robomaker_small_warehouse_world/maps/005/map.pgm
[0.606s] -- Up-to-date: /home/tamir/autonomous_robot/install/aws_robomaker_small_warehouse_world/share/aws_robomaker_small_warehouse_world/maps/005/map_rotated.pgm
[0.606s] -- Up-to-date: /home/tamir/autonomous_robot/install/aws_robomaker_small_warehouse_world/share/aws_robomaker_small_warehouse_world/maps/005/map.yaml
[0.606s] -- Up-to-date: /home/tamir/autonomous_robot/install/aws_robomaker_small_warehouse_world/share/aws_robomaker_small_warehouse_world/maps/.DS_Store
[0.606s] -- Up-to-date: /home/tamir/autonomous_robot/install/aws_robomaker_small_warehouse_world/share/aws_robomaker_small_warehouse_world/maps/002
[0.607s] -- Up-to-date: /home/tamir/autonomous_robot/install/aws_robomaker_small_warehouse_world/share/aws_robomaker_small_warehouse_world/maps/002/map.pgm
[0.607s] -- Up-to-date: /home/tamir/autonomous_robot/install/aws_robomaker_small_warehouse_world/share/aws_robomaker_small_warehouse_world/maps/002/map.yaml
[0.607s] -- Up-to-date: /home/tamir/autonomous_robot/install/aws_robomaker_small_warehouse_world/share/aws_robomaker_small_warehouse_world/rviz
[0.607s] -- Up-to-date: /home/tamir/autonomous_robot/install/aws_robomaker_small_warehouse_world/share/aws_robomaker_small_warehouse_world/rviz/basic_data.rviz
[0.607s] -- Up-to-date: /home/tamir/autonomous_robot/install/aws_robomaker_small_warehouse_world/share/aws_robomaker_small_warehouse_world/environment/aws_robomaker_small_warehouse_world.dsv
[0.607s] -- Up-to-date: /home/tamir/autonomous_robot/install/aws_robomaker_small_warehouse_world/share/ament_index/resource_index/package_run_dependencies/aws_robomaker_small_warehouse_world
[0.607s] -- Up-to-date: /home/tamir/autonomous_robot/install/aws_robomaker_small_warehouse_world/share/ament_index/resource_index/parent_prefix_path/aws_robomaker_small_warehouse_world
[0.608s] -- Up-to-date: /home/tamir/autonomous_robot/install/aws_robomaker_small_warehouse_world/share/aws_robomaker_small_warehouse_world/environment/ament_prefix_path.sh
[0.608s] -- Up-to-date: /home/tamir/autonomous_robot/install/aws_robomaker_small_warehouse_world/share/aws_robomaker_small_warehouse_world/environment/ament_prefix_path.dsv
[0.608s] -- Up-to-date: /home/tamir/autonomous_robot/install/aws_robomaker_small_warehouse_world/share/aws_robomaker_small_warehouse_world/environment/path.sh
[0.608s] -- Up-to-date: /home/tamir/autonomous_robot/install/aws_robomaker_small_warehouse_world/share/aws_robomaker_small_warehouse_world/environment/path.dsv
[0.608s] -- Up-to-date: /home/tamir/autonomous_robot/install/aws_robomaker_small_warehouse_world/share/aws_robomaker_small_warehouse_world/local_setup.bash
[0.608s] -- Up-to-date: /home/tamir/autonomous_robot/install/aws_robomaker_small_warehouse_world/share/aws_robomaker_small_warehouse_world/local_setup.sh
[0.608s] -- Up-to-date: /home/tamir/autonomous_robot/install/aws_robomaker_small_warehouse_world/share/aws_robomaker_small_warehouse_world/local_setup.zsh
[0.608s] -- Up-to-date: /home/tamir/autonomous_robot/install/aws_robomaker_small_warehouse_world/share/aws_robomaker_small_warehouse_world/local_setup.dsv
[0.608s] -- Installing: /home/tamir/autonomous_robot/install/aws_robomaker_small_warehouse_world/share/aws_robomaker_small_warehouse_world/package.dsv
[0.609s] -- Up-to-date: /home/tamir/autonomous_robot/install/aws_robomaker_small_warehouse_world/share/ament_index/resource_index/packages/aws_robomaker_small_warehouse_world
[0.609s] -- Up-to-date: /home/tamir/autonomous_robot/install/aws_robomaker_small_warehouse_world/share/aws_robomaker_small_warehouse_world/cmake/ament_cmake_export_dependencies-extras.cmake
[0.609s] -- Up-to-date: /home/tamir/autonomous_robot/install/aws_robomaker_small_warehouse_world/share/aws_robomaker_small_warehouse_world/cmake/aws_robomaker_small_warehouse_worldConfig.cmake
[0.609s] -- Up-to-date: /home/tamir/autonomous_robot/install/aws_robomaker_small_warehouse_world/share/aws_robomaker_small_warehouse_world/cmake/aws_robomaker_small_warehouse_worldConfig-version.cmake
[0.609s] -- Up-to-date: /home/tamir/autonomous_robot/install/aws_robomaker_small_warehouse_world/share/aws_robomaker_small_warehouse_world/package.xml
[0.610s] Invoked command in '/home/tamir/autonomous_robot/build/aws_robomaker_small_warehouse_world' returned '0': CMAKE_PREFIX_PATH=${CMAKE_PREFIX_PATH}:/home/tamir/autonomous_robot/install/calc_odom:/home/tamir/autonomous_robot/install/control_hardware:/home/tamir/autonomous_robot/autonomous_robot_control/install/control_hardware:/home/tamir/autonomous_robot/autonomous_robot_control/install/calc_odom:/home/tamir/ros2_ws/install/turtle_spawner:/home/tamir/ros2_ws/install/turtle_controller:/home/tamir/ros2_ws/install/my_py_pkg:/opt/ros/humble /usr/bin/cmake --install /home/tamir/autonomous_robot/build/aws_robomaker_small_warehouse_world
