[0.070s] DEBUG:colcon:Command line arguments: ['/usr/bin/colcon', 'build', '--packages-select', 'sensors_package']
[0.070s] DEBUG:colcon:Parsed command line arguments: Namespace(log_base=None, log_level=None, verb_name='build', build_base='build', install_base='install', merge_install=False, symlink_install=False, test_result_base=None, continue_on_error=False, executor='parallel', parallel_workers=12, event_handlers=None, ignore_user_meta=False, metas=['./colcon.meta'], base_paths=['.'], packages_ignore=None, packages_ignore_regex=None, paths=None, packages_up_to=None, packages_up_to_regex=None, packages_above=None, packages_above_and_dependencies=None, packages_above_depth=None, packages_select_by_dep=None, packages_skip_by_dep=None, packages_skip_up_to=None, packages_select_build_failed=False, packages_skip_build_finished=False, packages_select_test_failures=False, packages_skip_test_passed=False, packages_select=['sensors_package'], packages_skip=None, packages_select_regex=None, packages_skip_regex=None, packages_start=None, packages_end=None, allow_overriding=[], cmake_args=None, cmake_target=None, cmake_target_skip_unavailable=False, cmake_clean_cache=False, cmake_clean_first=False, cmake_force_configure=False, ament_cmake_args=None, catkin_cmake_args=None, catkin_skip_building_tests=False, verb_parser=<colcon_defaults.argument_parser.defaults.DefaultArgumentsDecorator object at 0x7ced2cb425c0>, verb_extension=<colcon_core.verb.build.BuildVerb object at 0x7ced2cb415a0>, main=<bound method BuildVerb.main of <colcon_core.verb.build.BuildVerb object at 0x7ced2cb415a0>>)
[0.177s] Level 1:colcon.colcon_core.package_discovery:discover_packages(colcon_meta) check parameters
[0.177s] Level 1:colcon.colcon_core.package_discovery:discover_packages(recursive) check parameters
[0.177s] Level 1:colcon.colcon_core.package_discovery:discover_packages(ignore) check parameters
[0.177s] Level 1:colcon.colcon_core.package_discovery:discover_packages(path) check parameters
[0.177s] Level 1:colcon.colcon_core.package_discovery:discover_packages(colcon_meta) discover
[0.177s] Level 1:colcon.colcon_core.package_discovery:discover_packages(recursive) discover
[0.177s] INFO:colcon.colcon_core.package_discovery:Crawling recursively for packages in '/home/tamir/autonomous_robot'
[0.177s] Level 1:colcon.colcon_core.package_identification:_identify(.) by extensions ['ignore', 'ignore_ament_install']
[0.178s] Level 1:colcon.colcon_core.package_identification:_identify(.) by extension 'ignore'
[0.178s] Level 1:colcon.colcon_core.package_identification:_identify(.) by extension 'ignore_ament_install'
[0.178s] Level 1:colcon.colcon_core.package_identification:_identify(.) by extensions ['colcon_pkg']
[0.178s] Level 1:colcon.colcon_core.package_identification:_identify(.) by extension 'colcon_pkg'
[0.178s] Level 1:colcon.colcon_core.package_identification:_identify(.) by extensions ['colcon_meta']
[0.178s] Level 1:colcon.colcon_core.package_identification:_identify(.) by extension 'colcon_meta'
[0.178s] Level 1:colcon.colcon_core.package_identification:_identify(.) by extensions ['ros']
[0.178s] Level 1:colcon.colcon_core.package_identification:_identify(.) by extension 'ros'
[0.185s] Level 1:colcon.colcon_core.package_identification:_identify(.) by extensions ['cmake', 'python']
[0.185s] Level 1:colcon.colcon_core.package_identification:_identify(.) by extension 'cmake'
[0.185s] Level 1:colcon.colcon_core.package_identification:_identify(.) by extension 'python'
[0.185s] Level 1:colcon.colcon_core.package_identification:_identify(.) by extensions ['python_setup_py']
[0.185s] Level 1:colcon.colcon_core.package_identification:_identify(.) by extension 'python_setup_py'
[0.185s] Level 1:colcon.colcon_core.package_identification:_identify(autonomous_robot_control) by extensions ['ignore', 'ignore_ament_install']
[0.185s] Level 1:colcon.colcon_core.package_identification:_identify(autonomous_robot_control) by extension 'ignore'
[0.185s] Level 1:colcon.colcon_core.package_identification:_identify(autonomous_robot_control) by extension 'ignore_ament_install'
[0.185s] Level 1:colcon.colcon_core.package_identification:_identify(autonomous_robot_control) by extensions ['colcon_pkg']
[0.185s] Level 1:colcon.colcon_core.package_identification:_identify(autonomous_robot_control) by extension 'colcon_pkg'
[0.185s] Level 1:colcon.colcon_core.package_identification:_identify(autonomous_robot_control) by extensions ['colcon_meta']
[0.185s] Level 1:colcon.colcon_core.package_identification:_identify(autonomous_robot_control) by extension 'colcon_meta'
[0.185s] Level 1:colcon.colcon_core.package_identification:_identify(autonomous_robot_control) by extensions ['ros']
[0.185s] Level 1:colcon.colcon_core.package_identification:_identify(autonomous_robot_control) by extension 'ros'
[0.187s] DEBUG:colcon.colcon_core.package_identification:Package 'autonomous_robot_control' with type 'ros.ament_cmake' and name 'autonomous_robot_control'
[0.187s] Level 1:colcon.colcon_core.package_identification:_identify(autonomous_robot_description) by extensions ['ignore', 'ignore_ament_install']
[0.188s] Level 1:colcon.colcon_core.package_identification:_identify(autonomous_robot_description) by extension 'ignore'
[0.188s] Level 1:colcon.colcon_core.package_identification:_identify(autonomous_robot_description) by extension 'ignore_ament_install'
[0.188s] Level 1:colcon.colcon_core.package_identification:_identify(autonomous_robot_description) by extensions ['colcon_pkg']
[0.188s] Level 1:colcon.colcon_core.package_identification:_identify(autonomous_robot_description) by extension 'colcon_pkg'
[0.188s] Level 1:colcon.colcon_core.package_identification:_identify(autonomous_robot_description) by extensions ['colcon_meta']
[0.188s] Level 1:colcon.colcon_core.package_identification:_identify(autonomous_robot_description) by extension 'colcon_meta'
[0.188s] Level 1:colcon.colcon_core.package_identification:_identify(autonomous_robot_description) by extensions ['ros']
[0.188s] Level 1:colcon.colcon_core.package_identification:_identify(autonomous_robot_description) by extension 'ros'
[0.188s] DEBUG:colcon.colcon_core.package_identification:Package 'autonomous_robot_description' with type 'ros.ament_cmake' and name 'autonomous_robot_description'
[0.188s] Level 1:colcon.colcon_core.package_identification:_identify(aws-robomaker-small-warehouse-world) by extensions ['ignore', 'ignore_ament_install']
[0.188s] Level 1:colcon.colcon_core.package_identification:_identify(aws-robomaker-small-warehouse-world) by extension 'ignore'
[0.188s] Level 1:colcon.colcon_core.package_identification:_identify(aws-robomaker-small-warehouse-world) by extension 'ignore_ament_install'
[0.188s] Level 1:colcon.colcon_core.package_identification:_identify(aws-robomaker-small-warehouse-world) by extensions ['colcon_pkg']
[0.188s] Level 1:colcon.colcon_core.package_identification:_identify(aws-robomaker-small-warehouse-world) by extension 'colcon_pkg'
[0.188s] Level 1:colcon.colcon_core.package_identification:_identify(aws-robomaker-small-warehouse-world) by extensions ['colcon_meta']
[0.188s] Level 1:colcon.colcon_core.package_identification:_identify(aws-robomaker-small-warehouse-world) by extension 'colcon_meta'
[0.188s] Level 1:colcon.colcon_core.package_identification:_identify(aws-robomaker-small-warehouse-world) by extensions ['ros']
[0.188s] Level 1:colcon.colcon_core.package_identification:_identify(aws-robomaker-small-warehouse-world) by extension 'ros'
[0.189s] DEBUG:colcon.colcon_core.package_identification:Package 'aws-robomaker-small-warehouse-world' with type 'ros.ament_cmake' and name 'aws_robomaker_small_warehouse_world'
[0.189s] Level 1:colcon.colcon_core.package_identification:_identify(build) by extensions ['ignore', 'ignore_ament_install']
[0.189s] Level 1:colcon.colcon_core.package_identification:_identify(build) by extension 'ignore'
[0.189s] Level 1:colcon.colcon_core.package_identification:_identify(build) ignored
[0.189s] Level 1:colcon.colcon_core.package_identification:_identify(install) by extensions ['ignore', 'ignore_ament_install']
[0.189s] Level 1:colcon.colcon_core.package_identification:_identify(install) by extension 'ignore'
[0.189s] Level 1:colcon.colcon_core.package_identification:_identify(install) ignored
[0.189s] Level 1:colcon.colcon_core.package_identification:_identify(log) by extensions ['ignore', 'ignore_ament_install']
[0.189s] Level 1:colcon.colcon_core.package_identification:_identify(log) by extension 'ignore'
[0.189s] Level 1:colcon.colcon_core.package_identification:_identify(log) ignored
[0.189s] Level 1:colcon.colcon_core.package_identification:_identify(robot_common_interfaces) by extensions ['ignore', 'ignore_ament_install']
[0.189s] Level 1:colcon.colcon_core.package_identification:_identify(robot_common_interfaces) by extension 'ignore'
[0.189s] Level 1:colcon.colcon_core.package_identification:_identify(robot_common_interfaces) by extension 'ignore_ament_install'
[0.189s] Level 1:colcon.colcon_core.package_identification:_identify(robot_common_interfaces) by extensions ['colcon_pkg']
[0.189s] Level 1:colcon.colcon_core.package_identification:_identify(robot_common_interfaces) by extension 'colcon_pkg'
[0.189s] Level 1:colcon.colcon_core.package_identification:_identify(robot_common_interfaces) by extensions ['colcon_meta']
[0.189s] Level 1:colcon.colcon_core.package_identification:_identify(robot_common_interfaces) by extension 'colcon_meta'
[0.189s] Level 1:colcon.colcon_core.package_identification:_identify(robot_common_interfaces) by extensions ['ros']
[0.189s] Level 1:colcon.colcon_core.package_identification:_identify(robot_common_interfaces) by extension 'ros'
[0.190s] DEBUG:colcon.colcon_core.package_identification:Package 'robot_common_interfaces' with type 'ros.ament_cmake' and name 'robot_common_interfaces'
[0.190s] Level 1:colcon.colcon_core.package_identification:_identify(sensors_package) by extensions ['ignore', 'ignore_ament_install']
[0.190s] Level 1:colcon.colcon_core.package_identification:_identify(sensors_package) by extension 'ignore'
[0.190s] Level 1:colcon.colcon_core.package_identification:_identify(sensors_package) by extension 'ignore_ament_install'
[0.190s] Level 1:colcon.colcon_core.package_identification:_identify(sensors_package) by extensions ['colcon_pkg']
[0.190s] Level 1:colcon.colcon_core.package_identification:_identify(sensors_package) by extension 'colcon_pkg'
[0.190s] Level 1:colcon.colcon_core.package_identification:_identify(sensors_package) by extensions ['colcon_meta']
[0.190s] Level 1:colcon.colcon_core.package_identification:_identify(sensors_package) by extension 'colcon_meta'
[0.190s] Level 1:colcon.colcon_core.package_identification:_identify(sensors_package) by extensions ['ros']
[0.190s] Level 1:colcon.colcon_core.package_identification:_identify(sensors_package) by extension 'ros'
[0.191s] DEBUG:colcon.colcon_core.package_identification:Package 'sensors_package' with type 'ros.ament_cmake' and name 'sensors_package'
[0.191s] Level 1:colcon.colcon_core.package_discovery:discover_packages(recursive) using defaults
[0.191s] Level 1:colcon.colcon_core.package_discovery:discover_packages(ignore) discover
[0.191s] Level 1:colcon.colcon_core.package_discovery:discover_packages(ignore) using defaults
[0.191s] Level 1:colcon.colcon_core.package_discovery:discover_packages(path) discover
[0.191s] Level 1:colcon.colcon_core.package_discovery:discover_packages(path) using defaults
[0.212s] INFO:colcon.colcon_core.package_selection:Skipping not selected package 'autonomous_robot_description' in 'autonomous_robot_description'
[0.212s] INFO:colcon.colcon_core.package_selection:Skipping not selected package 'aws_robomaker_small_warehouse_world' in 'aws-robomaker-small-warehouse-world'
[0.212s] INFO:colcon.colcon_core.package_selection:Skipping not selected package 'robot_common_interfaces' in 'robot_common_interfaces'
[0.212s] INFO:colcon.colcon_core.package_selection:Skipping not selected package 'autonomous_robot_control' in 'autonomous_robot_control'
[0.213s] Level 1:colcon.colcon_core.package_discovery:discover_packages(prefix_path) check parameters
[0.213s] Level 1:colcon.colcon_core.package_discovery:discover_packages(prefix_path) discover
[0.214s] DEBUG:colcon.colcon_installed_package_information.package_discovery:Found 5 installed packages in /home/tamir/autonomous_robot/install
[0.214s] DEBUG:colcon.colcon_installed_package_information.package_discovery:Found 3 installed packages in /home/tamir/turtlebot3_ws/install
[0.214s] DEBUG:colcon.colcon_installed_package_information.package_discovery:Found 8 installed packages in /home/tamir/ros2_ws/install
[0.215s] DEBUG:colcon.colcon_installed_package_information.package_discovery:Found 4 installed packages in /home/tamir/install
[0.216s] DEBUG:colcon.colcon_installed_package_information.package_discovery:Found 392 installed packages in /opt/ros/humble
[0.217s] Level 1:colcon.colcon_core.package_discovery:discover_packages(prefix_path) using defaults
[0.245s] Level 5:colcon.colcon_core.verb:set package 'sensors_package' build argument 'cmake_args' from command line to 'None'
[0.245s] Level 5:colcon.colcon_core.verb:set package 'sensors_package' build argument 'cmake_target' from command line to 'None'
[0.245s] Level 5:colcon.colcon_core.verb:set package 'sensors_package' build argument 'cmake_target_skip_unavailable' from command line to 'False'
[0.245s] Level 5:colcon.colcon_core.verb:set package 'sensors_package' build argument 'cmake_clean_cache' from command line to 'False'
[0.245s] Level 5:colcon.colcon_core.verb:set package 'sensors_package' build argument 'cmake_clean_first' from command line to 'False'
[0.245s] Level 5:colcon.colcon_core.verb:set package 'sensors_package' build argument 'cmake_force_configure' from command line to 'False'
[0.245s] Level 5:colcon.colcon_core.verb:set package 'sensors_package' build argument 'ament_cmake_args' from command line to 'None'
[0.245s] Level 5:colcon.colcon_core.verb:set package 'sensors_package' build argument 'catkin_cmake_args' from command line to 'None'
[0.245s] Level 5:colcon.colcon_core.verb:set package 'sensors_package' build argument 'catkin_skip_building_tests' from command line to 'False'
[0.245s] DEBUG:colcon.colcon_core.verb:Building package 'sensors_package' with the following arguments: {'ament_cmake_args': None, 'build_base': '/home/tamir/autonomous_robot/build/sensors_package', 'catkin_cmake_args': None, 'catkin_skip_building_tests': False, 'cmake_args': None, 'cmake_clean_cache': False, 'cmake_clean_first': False, 'cmake_force_configure': False, 'cmake_target': None, 'cmake_target_skip_unavailable': False, 'install_base': '/home/tamir/autonomous_robot/install/sensors_package', 'merge_install': False, 'path': '/home/tamir/autonomous_robot/sensors_package', 'symlink_install': False, 'test_result_base': None}
[0.245s] INFO:colcon.colcon_core.executor:Executing jobs using 'parallel' executor
[0.246s] DEBUG:colcon.colcon_parallel_executor.executor.parallel:run_until_complete
[0.246s] INFO:colcon.colcon_ros.task.ament_cmake.build:Building ROS package in '/home/tamir/autonomous_robot/sensors_package' with build type 'ament_cmake'
[0.246s] INFO:colcon.colcon_cmake.task.cmake.build:Building CMake package in '/home/tamir/autonomous_robot/sensors_package'
[0.248s] INFO:colcon.colcon_core.plugin_system:Skipping extension 'colcon_core.shell.bat': Not used on non-Windows systems
[0.248s] INFO:colcon.colcon_core.shell:Skip shell extension 'powershell' for command environment: Not usable outside of PowerShell
[0.248s] DEBUG:colcon.colcon_core.shell:Skip shell extension 'dsv' for command environment
[0.256s] DEBUG:colcon.colcon_core.event_handler.log_command:Invoking command in '/home/tamir/autonomous_robot/build/sensors_package': CMAKE_PREFIX_PATH=${CMAKE_PREFIX_PATH}:/home/tamir/ros2_ws/install/turtle_spawner:/home/tamir/ros2_ws/install/turtle_controller:/home/tamir/ros2_ws/install/my_py_pkg:/home/tamir/install/calc_odom:/opt/ros/humble /usr/bin/cmake --build /home/tamir/autonomous_robot/build/sensors_package -- -j12 -l12
[0.304s] DEBUG:colcon.colcon_core.event_handler.log_command:Invoked command in '/home/tamir/autonomous_robot/build/sensors_package' returned '0': CMAKE_PREFIX_PATH=${CMAKE_PREFIX_PATH}:/home/tamir/ros2_ws/install/turtle_spawner:/home/tamir/ros2_ws/install/turtle_controller:/home/tamir/ros2_ws/install/my_py_pkg:/home/tamir/install/calc_odom:/opt/ros/humble /usr/bin/cmake --build /home/tamir/autonomous_robot/build/sensors_package -- -j12 -l12
[0.338s] DEBUG:colcon.colcon_core.event_handler.log_command:Invoking command in '/home/tamir/autonomous_robot/build/sensors_package': CMAKE_PREFIX_PATH=${CMAKE_PREFIX_PATH}:/home/tamir/ros2_ws/install/turtle_spawner:/home/tamir/ros2_ws/install/turtle_controller:/home/tamir/ros2_ws/install/my_py_pkg:/home/tamir/install/calc_odom:/opt/ros/humble /usr/bin/cmake --install /home/tamir/autonomous_robot/build/sensors_package
[0.347s] Level 1:colcon.colcon_core.environment:create_environment_scripts_only(sensors_package)
[0.350s] DEBUG:colcon.colcon_core.event_handler.log_command:Invoked command in '/home/tamir/autonomous_robot/build/sensors_package' returned '0': CMAKE_PREFIX_PATH=${CMAKE_PREFIX_PATH}:/home/tamir/ros2_ws/install/turtle_spawner:/home/tamir/ros2_ws/install/turtle_controller:/home/tamir/ros2_ws/install/my_py_pkg:/home/tamir/install/calc_odom:/opt/ros/humble /usr/bin/cmake --install /home/tamir/autonomous_robot/build/sensors_package
[0.352s] Level 1:colcon.colcon_core.environment:checking '/home/tamir/autonomous_robot/install/sensors_package' for CMake module files
[0.352s] Level 1:colcon.colcon_core.environment:checking '/home/tamir/autonomous_robot/install/sensors_package' for CMake config files
[0.352s] Level 1:colcon.colcon_core.shell:create_environment_hook('sensors_package', 'cmake_prefix_path')
[0.352s] INFO:colcon.colcon_core.shell:Creating environment hook '/home/tamir/autonomous_robot/install/sensors_package/share/sensors_package/hook/cmake_prefix_path.ps1'
[0.353s] INFO:colcon.colcon_core.shell:Creating environment descriptor '/home/tamir/autonomous_robot/install/sensors_package/share/sensors_package/hook/cmake_prefix_path.dsv'
[0.353s] INFO:colcon.colcon_core.shell:Creating environment hook '/home/tamir/autonomous_robot/install/sensors_package/share/sensors_package/hook/cmake_prefix_path.sh'
[0.354s] Level 1:colcon.colcon_core.environment:checking '/home/tamir/autonomous_robot/install/sensors_package/lib'
[0.354s] Level 1:colcon.colcon_core.environment:checking '/home/tamir/autonomous_robot/install/sensors_package/bin'
[0.354s] Level 1:colcon.colcon_core.environment:checking '/home/tamir/autonomous_robot/install/sensors_package/lib/pkgconfig/sensors_package.pc'
[0.354s] Level 1:colcon.colcon_core.environment:checking '/home/tamir/autonomous_robot/install/sensors_package/lib/python3.10/site-packages'
[0.354s] Level 1:colcon.colcon_core.environment:checking '/home/tamir/autonomous_robot/install/sensors_package/bin'
[0.354s] INFO:colcon.colcon_core.shell:Creating package script '/home/tamir/autonomous_robot/install/sensors_package/share/sensors_package/package.ps1'
[0.355s] INFO:colcon.colcon_core.shell:Creating package descriptor '/home/tamir/autonomous_robot/install/sensors_package/share/sensors_package/package.dsv'
[0.355s] INFO:colcon.colcon_core.shell:Creating package script '/home/tamir/autonomous_robot/install/sensors_package/share/sensors_package/package.sh'
[0.356s] INFO:colcon.colcon_core.shell:Creating package script '/home/tamir/autonomous_robot/install/sensors_package/share/sensors_package/package.bash'
[0.356s] INFO:colcon.colcon_core.shell:Creating package script '/home/tamir/autonomous_robot/install/sensors_package/share/sensors_package/package.zsh'
[0.356s] Level 1:colcon.colcon_core.environment:create_file_with_runtime_dependencies(/home/tamir/autonomous_robot/install/sensors_package/share/colcon-core/packages/sensors_package)
[0.380s] Level 1:colcon.colcon_core.environment:create_environment_scripts_only(sensors_package)
[0.381s] Level 1:colcon.colcon_core.environment:checking '/home/tamir/autonomous_robot/install/sensors_package' for CMake module files
[0.381s] Level 1:colcon.colcon_core.environment:checking '/home/tamir/autonomous_robot/install/sensors_package' for CMake config files
[0.382s] Level 1:colcon.colcon_core.shell:create_environment_hook('sensors_package', 'cmake_prefix_path')
[0.382s] INFO:colcon.colcon_core.shell:Creating environment hook '/home/tamir/autonomous_robot/install/sensors_package/share/sensors_package/hook/cmake_prefix_path.ps1'
[0.383s] INFO:colcon.colcon_core.shell:Creating environment descriptor '/home/tamir/autonomous_robot/install/sensors_package/share/sensors_package/hook/cmake_prefix_path.dsv'
[0.383s] INFO:colcon.colcon_core.shell:Creating environment hook '/home/tamir/autonomous_robot/install/sensors_package/share/sensors_package/hook/cmake_prefix_path.sh'
[0.384s] Level 1:colcon.colcon_core.environment:checking '/home/tamir/autonomous_robot/install/sensors_package/lib'
[0.384s] Level 1:colcon.colcon_core.environment:checking '/home/tamir/autonomous_robot/install/sensors_package/bin'
[0.384s] Level 1:colcon.colcon_core.environment:checking '/home/tamir/autonomous_robot/install/sensors_package/lib/pkgconfig/sensors_package.pc'
[0.384s] Level 1:colcon.colcon_core.environment:checking '/home/tamir/autonomous_robot/install/sensors_package/lib/python3.10/site-packages'
[0.384s] Level 1:colcon.colcon_core.environment:checking '/home/tamir/autonomous_robot/install/sensors_package/bin'
[0.385s] INFO:colcon.colcon_core.shell:Creating package script '/home/tamir/autonomous_robot/install/sensors_package/share/sensors_package/package.ps1'
[0.386s] INFO:colcon.colcon_core.shell:Creating package descriptor '/home/tamir/autonomous_robot/install/sensors_package/share/sensors_package/package.dsv'
[0.386s] INFO:colcon.colcon_core.shell:Creating package script '/home/tamir/autonomous_robot/install/sensors_package/share/sensors_package/package.sh'
[0.387s] INFO:colcon.colcon_core.shell:Creating package script '/home/tamir/autonomous_robot/install/sensors_package/share/sensors_package/package.bash'
[0.387s] INFO:colcon.colcon_core.shell:Creating package script '/home/tamir/autonomous_robot/install/sensors_package/share/sensors_package/package.zsh'
[0.388s] Level 1:colcon.colcon_core.environment:create_file_with_runtime_dependencies(/home/tamir/autonomous_robot/install/sensors_package/share/colcon-core/packages/sensors_package)
[0.388s] DEBUG:colcon.colcon_parallel_executor.executor.parallel:closing loop
[0.389s] DEBUG:colcon.colcon_parallel_executor.executor.parallel:loop closed
[0.389s] DEBUG:colcon.colcon_parallel_executor.executor.parallel:run_until_complete finished with '0'
[0.389s] DEBUG:colcon.colcon_core.event_reactor:joining thread
[0.399s] INFO:colcon.colcon_core.plugin_system:Skipping extension 'colcon_notification.desktop_notification.terminal_notifier': Not used on non-Darwin systems
[0.400s] INFO:colcon.colcon_core.plugin_system:Skipping extension 'colcon_notification.desktop_notification.win32': Not used on non-Windows systems
[0.400s] INFO:colcon.colcon_notification.desktop_notification:Sending desktop notification using 'notify2'
[0.411s] DEBUG:colcon.colcon_core.event_reactor:joined thread
[0.412s] INFO:colcon.colcon_core.shell:Creating prefix script '/home/tamir/autonomous_robot/install/local_setup.ps1'
[0.413s] INFO:colcon.colcon_core.shell:Creating prefix util module '/home/tamir/autonomous_robot/install/_local_setup_util_ps1.py'
[0.414s] INFO:colcon.colcon_core.shell:Creating prefix chain script '/home/tamir/autonomous_robot/install/setup.ps1'
[0.416s] INFO:colcon.colcon_core.shell:Creating prefix script '/home/tamir/autonomous_robot/install/local_setup.sh'
[0.417s] INFO:colcon.colcon_core.shell:Creating prefix util module '/home/tamir/autonomous_robot/install/_local_setup_util_sh.py'
[0.418s] INFO:colcon.colcon_core.shell:Creating prefix chain script '/home/tamir/autonomous_robot/install/setup.sh'
[0.420s] INFO:colcon.colcon_core.shell:Creating prefix script '/home/tamir/autonomous_robot/install/local_setup.bash'
[0.420s] INFO:colcon.colcon_core.shell:Creating prefix chain script '/home/tamir/autonomous_robot/install/setup.bash'
[0.422s] INFO:colcon.colcon_core.shell:Creating prefix script '/home/tamir/autonomous_robot/install/local_setup.zsh'
[0.423s] INFO:colcon.colcon_core.shell:Creating prefix chain script '/home/tamir/autonomous_robot/install/setup.zsh'
