-- The C compiler identification is GNU 11.4.0
-- The CXX compiler identification is GNU 11.4.0
-- Detecting C compiler ABI info
-- Detecting C compiler ABI info - done
-- Check for working C compiler: /usr/bin/cc - skipped
-- Detecting C compile features
-- Detecting C compile features - done
-- Detecting CXX compiler ABI info
-- Detecting CXX compiler ABI info - done
-- Check for working CXX compiler: /usr/bin/c++ - skipped
-- Detecting CXX compile features
-- Detecting CXX compile features - done
-- Found ament_cmake: 1.3.10 (/opt/ros/humble/share/ament_cmake/cmake)
-- Found Python3: /usr/bin/python3 (found version "3.10.12") found components: Interpreter 
-- Found rclpy: 3.3.14 (/opt/ros/humble/share/rclpy/cmake)
-- Found rclcpp: 16.0.10 (/opt/ros/humble/share/rclcpp/cmake)
-- Found rosidl_generator_c: 3.1.5 (/opt/ros/humble/share/rosidl_generator_c/cmake)
-- Found rosidl_adapter: 3.1.5 (/opt/ros/humble/share/rosidl_adapter/cmake)
-- Found rosidl_generator_cpp: 3.1.5 (/opt/ros/humble/share/rosidl_generator_cpp/cmake)
-- Using all available rosidl_typesupport_c: rosidl_typesupport_fastrtps_c;rosidl_typesupport_introspection_c
-- Using all available rosidl_typesupport_cpp: rosidl_typesupport_fastrtps_cpp;rosidl_typesupport_introspection_cpp
-- Found rmw_implementation_cmake: 6.1.2 (/opt/ros/humble/share/rmw_implementation_cmake/cmake)
-- Found rmw_cyclonedds_cpp: 1.3.4 (/opt/ros/humble/share/rmw_cyclonedds_cpp/cmake)
-- Using RMW implementation 'rmw_cyclonedds_cpp' as default
-- Looking for pthread.h
-- Looking for pthread.h - found
-- Performing Test CMAKE_HAVE_LIBC_PTHREAD
-- Performing Test CMAKE_HAVE_LIBC_PTHREAD - Success
-- Found Threads: TRUE  
-- Found sensor_msgs: 4.2.4 (/opt/ros/humble/share/sensor_msgs/cmake)
-- Found robot_common_interfaces: 0.0.0 (/home/tamir/autonomous_robot/install/robot_common_interfaces/share/robot_common_interfaces/cmake)
-- Configuring done
-- Generating done
-- Build files have been written to: /home/tamir/autonomous_robot/build/autonomous_robot_control
[ 33%] [32mBuilding CXX object CMakeFiles/autonomous_robot_control.dir/src/joy_compute_control.cpp.o[0m
[ 33%] [32mBuilding CXX object CMakeFiles/teleop_joy_node.dir/src/teleop_joy_node.cpp.o[0m
[ 50%] [32m[1mLinking CXX static library libautonomous_robot_control.a[0m
[ 50%] Built target autonomous_robot_control
[ 66%] [32mBuilding CXX object CMakeFiles/prototype_joy_driver.dir/src/prototype_joy_driver.cpp.o[0m
[ 83%] [32m[1mLinking CXX executable teleop_joy_node[0m
[100%] [32m[1mLinking CXX executable prototype_joy_driver[0m
[100%] Built target teleop_joy_node
[100%] Built target prototype_joy_driver
-- Install configuration: ""
-- Installing: /home/tamir/autonomous_robot/install/autonomous_robot_control/lib/autonomous_robot_control/teleop_joy_node
-- Set runtime path of "/home/tamir/autonomous_robot/install/autonomous_robot_control/lib/autonomous_robot_control/teleop_joy_node" to ""
-- Installing: /home/tamir/autonomous_robot/install/autonomous_robot_control/lib/autonomous_robot_control/prototype_joy_driver
-- Set runtime path of "/home/tamir/autonomous_robot/install/autonomous_robot_control/lib/autonomous_robot_control/prototype_joy_driver" to ""
-- Installing: /home/tamir/autonomous_robot/install/autonomous_robot_control/lib/autonomous_robot_control/libautonomous_robot_control.a
-- Installing: /home/tamir/autonomous_robot/install/autonomous_robot_control/include/autonomous_robot_control
-- Installing: /home/tamir/autonomous_robot/install/autonomous_robot_control/include/autonomous_robot_control/autonomous_robot_control
-- Installing: /home/tamir/autonomous_robot/install/autonomous_robot_control/include/autonomous_robot_control/autonomous_robot_control/joy_compute_control.hpp
-- Installing: /home/tamir/autonomous_robot/install/autonomous_robot_control/share/autonomous_robot_control//launch
-- Installing: /home/tamir/autonomous_robot/install/autonomous_robot_control/share/autonomous_robot_control//launch/joystick.launch.py
-- Installing: /home/tamir/autonomous_robot/install/autonomous_robot_control/share/ament_index/resource_index/package_run_dependencies/autonomous_robot_control
-- Installing: /home/tamir/autonomous_robot/install/autonomous_robot_control/share/ament_index/resource_index/parent_prefix_path/autonomous_robot_control
-- Installing: /home/tamir/autonomous_robot/install/autonomous_robot_control/share/autonomous_robot_control/environment/ament_prefix_path.sh
-- Installing: /home/tamir/autonomous_robot/install/autonomous_robot_control/share/autonomous_robot_control/environment/ament_prefix_path.dsv
-- Installing: /home/tamir/autonomous_robot/install/autonomous_robot_control/share/autonomous_robot_control/environment/path.sh
-- Installing: /home/tamir/autonomous_robot/install/autonomous_robot_control/share/autonomous_robot_control/environment/path.dsv
-- Installing: /home/tamir/autonomous_robot/install/autonomous_robot_control/share/autonomous_robot_control/local_setup.bash
-- Installing: /home/tamir/autonomous_robot/install/autonomous_robot_control/share/autonomous_robot_control/local_setup.sh
-- Installing: /home/tamir/autonomous_robot/install/autonomous_robot_control/share/autonomous_robot_control/local_setup.zsh
-- Installing: /home/tamir/autonomous_robot/install/autonomous_robot_control/share/autonomous_robot_control/local_setup.dsv
-- Installing: /home/tamir/autonomous_robot/install/autonomous_robot_control/share/autonomous_robot_control/package.dsv
-- Installing: /home/tamir/autonomous_robot/install/autonomous_robot_control/share/ament_index/resource_index/packages/autonomous_robot_control
-- Installing: /home/tamir/autonomous_robot/install/autonomous_robot_control/share/autonomous_robot_control/cmake/autonomous_robot_controlConfig.cmake
-- Installing: /home/tamir/autonomous_robot/install/autonomous_robot_control/share/autonomous_robot_control/cmake/autonomous_robot_controlConfig-version.cmake
-- Installing: /home/tamir/autonomous_robot/install/autonomous_robot_control/share/autonomous_robot_control/package.xml
