[0.013s] Invoking command in '/home/tamir/autonomous_robot/autonomous_robot_control/src/joystick/build/joystick': CMAKE_PREFIX_PATH=${CMAKE_PREFIX_PATH}:/home/tamir/ws_moveit2/install/moveit_configs_utils:/home/tamir/ws_moveit2/install/launch_param_builder:/home/tamir/autonomous_robot/install/calc_odom:/home/tamir/autonomous_robot/install/control_hardware:/home/tamir/autonomous_robot/autonomous_robot_control/src/control_hardware/install/control_hardware:/opt/ros/humble /usr/bin/cmake --build /home/tamir/autonomous_robot/autonomous_robot_control/src/joystick/build/joystick -- -j12 -l12
[0.082s] [35m[1mConsolidate compiler generated dependencies of target teleop_joy_node[0m
[0.093s] [ 33%] Built target joystick
[0.102s] [ 50%] [32mBuilding CXX object CMakeFiles/teleop_joy_node.dir/src/teleop_joy_node.cpp.o[0m
[0.128s] [ 83%] Built target prototype_joy_driver
[5.743s] [100%] [32m[1mLinking CXX executable teleop_joy_node[0m
[6.058s] [100%] Built target teleop_joy_node
[6.069s] Invoked command in '/home/tamir/autonomous_robot/autonomous_robot_control/src/joystick/build/joystick' returned '0': CMAKE_PREFIX_PATH=${CMAKE_PREFIX_PATH}:/home/tamir/ws_moveit2/install/moveit_configs_utils:/home/tamir/ws_moveit2/install/launch_param_builder:/home/tamir/autonomous_robot/install/calc_odom:/home/tamir/autonomous_robot/install/control_hardware:/home/tamir/autonomous_robot/autonomous_robot_control/src/control_hardware/install/control_hardware:/opt/ros/humble /usr/bin/cmake --build /home/tamir/autonomous_robot/autonomous_robot_control/src/joystick/build/joystick -- -j12 -l12
[6.082s] Invoking command in '/home/tamir/autonomous_robot/autonomous_robot_control/src/joystick/build/joystick': CMAKE_PREFIX_PATH=${CMAKE_PREFIX_PATH}:/home/tamir/ws_moveit2/install/moveit_configs_utils:/home/tamir/ws_moveit2/install/launch_param_builder:/home/tamir/autonomous_robot/install/calc_odom:/home/tamir/autonomous_robot/install/control_hardware:/home/tamir/autonomous_robot/autonomous_robot_control/src/control_hardware/install/control_hardware:/opt/ros/humble /usr/bin/cmake --install /home/tamir/autonomous_robot/autonomous_robot_control/src/joystick/build/joystick
[6.091s] -- Install configuration: ""
[6.092s] -- Installing: /home/tamir/autonomous_robot/autonomous_robot_control/src/joystick/install/joystick/lib/joystick/teleop_joy_node
[6.096s] -- Set runtime path of "/home/tamir/autonomous_robot/autonomous_robot_control/src/joystick/install/joystick/lib/joystick/teleop_joy_node" to ""
[6.097s] -- Up-to-date: /home/tamir/autonomous_robot/autonomous_robot_control/src/joystick/install/joystick/lib/joystick/prototype_joy_driver
[6.097s] -- Up-to-date: /home/tamir/autonomous_robot/autonomous_robot_control/src/joystick/install/joystick/include/joystick
[6.097s] -- Up-to-date: /home/tamir/autonomous_robot/autonomous_robot_control/src/joystick/install/joystick/include/joystick/joystick
[6.097s] -- Up-to-date: /home/tamir/autonomous_robot/autonomous_robot_control/src/joystick/install/joystick/include/joystick/joystick/joy_compute_control.hpp
[6.097s] -- Up-to-date: /home/tamir/autonomous_robot/autonomous_robot_control/src/joystick/install/joystick/share/joystick//launch
[6.097s] -- Up-to-date: /home/tamir/autonomous_robot/autonomous_robot_control/src/joystick/install/joystick/share/joystick//launch/joystick.launch.py
[6.097s] -- Up-to-date: /home/tamir/autonomous_robot/autonomous_robot_control/src/joystick/install/joystick/share/ament_index/resource_index/package_run_dependencies/joystick
[6.097s] -- Up-to-date: /home/tamir/autonomous_robot/autonomous_robot_control/src/joystick/install/joystick/share/ament_index/resource_index/parent_prefix_path/joystick
[6.097s] -- Up-to-date: /home/tamir/autonomous_robot/autonomous_robot_control/src/joystick/install/joystick/share/joystick/environment/ament_prefix_path.sh
[6.097s] -- Up-to-date: /home/tamir/autonomous_robot/autonomous_robot_control/src/joystick/install/joystick/share/joystick/environment/ament_prefix_path.dsv
[6.097s] -- Up-to-date: /home/tamir/autonomous_robot/autonomous_robot_control/src/joystick/install/joystick/share/joystick/environment/path.sh
[6.097s] -- Up-to-date: /home/tamir/autonomous_robot/autonomous_robot_control/src/joystick/install/joystick/share/joystick/environment/path.dsv
[6.097s] -- Up-to-date: /home/tamir/autonomous_robot/autonomous_robot_control/src/joystick/install/joystick/share/joystick/local_setup.bash
[6.097s] -- Up-to-date: /home/tamir/autonomous_robot/autonomous_robot_control/src/joystick/install/joystick/share/joystick/local_setup.sh
[6.097s] -- Up-to-date: /home/tamir/autonomous_robot/autonomous_robot_control/src/joystick/install/joystick/share/joystick/local_setup.zsh
[6.097s] -- Up-to-date: /home/tamir/autonomous_robot/autonomous_robot_control/src/joystick/install/joystick/share/joystick/local_setup.dsv
[6.098s] -- Installing: /home/tamir/autonomous_robot/autonomous_robot_control/src/joystick/install/joystick/share/joystick/package.dsv
[6.099s] -- Up-to-date: /home/tamir/autonomous_robot/autonomous_robot_control/src/joystick/install/joystick/share/ament_index/resource_index/packages/joystick
[6.099s] -- Up-to-date: /home/tamir/autonomous_robot/autonomous_robot_control/src/joystick/install/joystick/share/joystick/cmake/joystickConfig.cmake
[6.099s] -- Up-to-date: /home/tamir/autonomous_robot/autonomous_robot_control/src/joystick/install/joystick/share/joystick/cmake/joystickConfig-version.cmake
[6.099s] -- Up-to-date: /home/tamir/autonomous_robot/autonomous_robot_control/src/joystick/install/joystick/share/joystick/package.xml
[6.101s] Invoked command in '/home/tamir/autonomous_robot/autonomous_robot_control/src/joystick/build/joystick' returned '0': CMAKE_PREFIX_PATH=${CMAKE_PREFIX_PATH}:/home/tamir/ws_moveit2/install/moveit_configs_utils:/home/tamir/ws_moveit2/install/launch_param_builder:/home/tamir/autonomous_robot/install/calc_odom:/home/tamir/autonomous_robot/install/control_hardware:/home/tamir/autonomous_robot/autonomous_robot_control/src/control_hardware/install/control_hardware:/opt/ros/humble /usr/bin/cmake --install /home/tamir/autonomous_robot/autonomous_robot_control/src/joystick/build/joystick
