[0.011s] Invoking command in '/home/tamir/autonomous_robot/autonomous_robot_control/src/joystick/build/joystick': CMAKE_PREFIX_PATH=${CMAKE_PREFIX_PATH}:/home/tamir/ws_moveit2/install/moveit_configs_utils:/home/tamir/ws_moveit2/install/launch_param_builder:/home/tamir/autonomous_robot/install/calc_odom:/home/tamir/autonomous_robot/install/control_hardware:/home/tamir/autonomous_robot/autonomous_robot_control/src/control_hardware/install/control_hardware:/opt/ros/humble /usr/bin/cmake /home/tamir/autonomous_robot/autonomous_robot_control/src/joystick -DCMAKE_INSTALL_PREFIX=/home/tamir/autonomous_robot/autonomous_robot_control/src/joystick/install/joystick
[0.083s] -- The C compiler identification is GNU 11.4.0
[0.145s] -- The CXX compiler identification is GNU 11.4.0
[0.151s] -- Detecting C compiler ABI info
[0.237s] -- Detecting C compiler ABI info - done
[0.247s] -- Check for working C compiler: /usr/bin/cc - skipped
[0.247s] -- Detecting C compile features
[0.248s] -- Detecting C compile features - done
[0.251s] -- Detecting CXX compiler ABI info
[0.342s] -- Detecting CXX compiler ABI info - done
[0.347s] -- Check for working CXX compiler: /usr/bin/c++ - skipped
[0.348s] -- Detecting CXX compile features
[0.348s] -- Detecting CXX compile features - done
[0.352s] -- Found ament_cmake: 1.3.11 (/opt/ros/humble/share/ament_cmake/cmake)
[0.491s] -- Found Python3: /usr/bin/python3 (found version "3.10.12") found components: Interpreter 
[0.592s] -- Found rclcpp: 16.0.11 (/opt/ros/humble/share/rclcpp/cmake)
[0.644s] -- Found rosidl_generator_c: 3.1.6 (/opt/ros/humble/share/rosidl_generator_c/cmake)
[0.652s] -- Found rosidl_adapter: 3.1.6 (/opt/ros/humble/share/rosidl_adapter/cmake)
[0.662s] -- Found rosidl_generator_cpp: 3.1.6 (/opt/ros/humble/share/rosidl_generator_cpp/cmake)
[0.676s] -- Using all available rosidl_typesupport_c: rosidl_typesupport_fastrtps_c;rosidl_typesupport_introspection_c
[0.694s] -- Using all available rosidl_typesupport_cpp: rosidl_typesupport_fastrtps_cpp;rosidl_typesupport_introspection_cpp
[0.748s] -- Found rmw_implementation_cmake: 6.1.2 (/opt/ros/humble/share/rmw_implementation_cmake/cmake)
[0.753s] -- Found rmw_fastrtps_cpp: 6.2.7 (/opt/ros/humble/share/rmw_fastrtps_cpp/cmake)
[0.872s] -- Found OpenSSL: /usr/lib/x86_64-linux-gnu/libcrypto.so (found version "3.0.2")  
[0.901s] -- Found FastRTPS: /opt/ros/humble/include  
[0.942s] -- Using RMW implementation 'rmw_fastrtps_cpp' as default
[0.955s] -- Looking for pthread.h
[1.059s] -- Looking for pthread.h - found
[1.059s] -- Performing Test CMAKE_HAVE_LIBC_PTHREAD
[1.151s] -- Performing Test CMAKE_HAVE_LIBC_PTHREAD - Success
[1.151s] -- Found Threads: TRUE  
[1.197s] -- Found sensor_msgs: 4.2.4 (/opt/ros/humble/share/sensor_msgs/cmake)
[1.221s] -- Found robot_common_interfaces: 0.0.0 (/home/tamir/autonomous_robot/install/robot_common_interfaces/share/robot_common_interfaces/cmake)
[1.279s] -- Configuring done
[1.287s] -- Generating done
[1.291s] -- Build files have been written to: /home/tamir/autonomous_robot/autonomous_robot_control/src/joystick/build/joystick
[1.298s] Invoked command in '/home/tamir/autonomous_robot/autonomous_robot_control/src/joystick/build/joystick' returned '0': CMAKE_PREFIX_PATH=${CMAKE_PREFIX_PATH}:/home/tamir/ws_moveit2/install/moveit_configs_utils:/home/tamir/ws_moveit2/install/launch_param_builder:/home/tamir/autonomous_robot/install/calc_odom:/home/tamir/autonomous_robot/install/control_hardware:/home/tamir/autonomous_robot/autonomous_robot_control/src/control_hardware/install/control_hardware:/opt/ros/humble /usr/bin/cmake /home/tamir/autonomous_robot/autonomous_robot_control/src/joystick -DCMAKE_INSTALL_PREFIX=/home/tamir/autonomous_robot/autonomous_robot_control/src/joystick/install/joystick
[1.299s] Invoking command in '/home/tamir/autonomous_robot/autonomous_robot_control/src/joystick/build/joystick': CMAKE_PREFIX_PATH=${CMAKE_PREFIX_PATH}:/home/tamir/ws_moveit2/install/moveit_configs_utils:/home/tamir/ws_moveit2/install/launch_param_builder:/home/tamir/autonomous_robot/install/calc_odom:/home/tamir/autonomous_robot/install/control_hardware:/home/tamir/autonomous_robot/autonomous_robot_control/src/control_hardware/install/control_hardware:/opt/ros/humble /usr/bin/cmake --build /home/tamir/autonomous_robot/autonomous_robot_control/src/joystick/build/joystick -- -j12 -l12
[1.353s] [ 16%] [32mBuilding CXX object CMakeFiles/joystick.dir/src/joy_compute_control.cpp.o[0m
[1.356s] [ 33%] [32mBuilding CXX object CMakeFiles/teleop_joy_node.dir/src/teleop_joy_node.cpp.o[0m
[1.458s] [ 50%] [32m[1mLinking CXX static library libjoystick.a[0m
[1.492s] [ 50%] Built target joystick
[1.514s] [ 66%] [32mBuilding CXX object CMakeFiles/prototype_joy_driver.dir/src/prototype_joy_driver.cpp.o[0m
[6.971s] [ 83%] [32m[1mLinking CXX executable teleop_joy_node[0m
[7.136s] [100%] [32m[1mLinking CXX executable prototype_joy_driver[0m
[7.304s] [100%] Built target teleop_joy_node
[7.462s] [100%] Built target prototype_joy_driver
[7.476s] Invoked command in '/home/tamir/autonomous_robot/autonomous_robot_control/src/joystick/build/joystick' returned '0': CMAKE_PREFIX_PATH=${CMAKE_PREFIX_PATH}:/home/tamir/ws_moveit2/install/moveit_configs_utils:/home/tamir/ws_moveit2/install/launch_param_builder:/home/tamir/autonomous_robot/install/calc_odom:/home/tamir/autonomous_robot/install/control_hardware:/home/tamir/autonomous_robot/autonomous_robot_control/src/control_hardware/install/control_hardware:/opt/ros/humble /usr/bin/cmake --build /home/tamir/autonomous_robot/autonomous_robot_control/src/joystick/build/joystick -- -j12 -l12
[7.496s] Invoking command in '/home/tamir/autonomous_robot/autonomous_robot_control/src/joystick/build/joystick': CMAKE_PREFIX_PATH=${CMAKE_PREFIX_PATH}:/home/tamir/ws_moveit2/install/moveit_configs_utils:/home/tamir/ws_moveit2/install/launch_param_builder:/home/tamir/autonomous_robot/install/calc_odom:/home/tamir/autonomous_robot/install/control_hardware:/home/tamir/autonomous_robot/autonomous_robot_control/src/control_hardware/install/control_hardware:/opt/ros/humble /usr/bin/cmake --install /home/tamir/autonomous_robot/autonomous_robot_control/src/joystick/build/joystick
[7.510s] -- Install configuration: ""
[7.510s] -- Installing: /home/tamir/autonomous_robot/autonomous_robot_control/src/joystick/install/joystick/lib/joystick/teleop_joy_node
[7.513s] -- Set runtime path of "/home/tamir/autonomous_robot/autonomous_robot_control/src/joystick/install/joystick/lib/joystick/teleop_joy_node" to ""
[7.513s] -- Installing: /home/tamir/autonomous_robot/autonomous_robot_control/src/joystick/install/joystick/lib/joystick/prototype_joy_driver
[7.514s] -- Set runtime path of "/home/tamir/autonomous_robot/autonomous_robot_control/src/joystick/install/joystick/lib/joystick/prototype_joy_driver" to ""
[7.514s] -- Installing: /home/tamir/autonomous_robot/autonomous_robot_control/src/joystick/install/joystick/include/joystick
[7.514s] -- Installing: /home/tamir/autonomous_robot/autonomous_robot_control/src/joystick/install/joystick/include/joystick/joystick
[7.514s] -- Installing: /home/tamir/autonomous_robot/autonomous_robot_control/src/joystick/install/joystick/include/joystick/joystick/joy_compute_control.hpp
[7.514s] -- Installing: /home/tamir/autonomous_robot/autonomous_robot_control/src/joystick/install/joystick/share/joystick//launch
[7.514s] -- Installing: /home/tamir/autonomous_robot/autonomous_robot_control/src/joystick/install/joystick/share/joystick//launch/joystick.launch.py
[7.515s] -- Installing: /home/tamir/autonomous_robot/autonomous_robot_control/src/joystick/install/joystick/share/ament_index/resource_index/package_run_dependencies/joystick
[7.515s] -- Installing: /home/tamir/autonomous_robot/autonomous_robot_control/src/joystick/install/joystick/share/ament_index/resource_index/parent_prefix_path/joystick
[7.515s] -- Installing: /home/tamir/autonomous_robot/autonomous_robot_control/src/joystick/install/joystick/share/joystick/environment/ament_prefix_path.sh
[7.515s] -- Installing: /home/tamir/autonomous_robot/autonomous_robot_control/src/joystick/install/joystick/share/joystick/environment/ament_prefix_path.dsv
[7.515s] -- Installing: /home/tamir/autonomous_robot/autonomous_robot_control/src/joystick/install/joystick/share/joystick/environment/path.sh
[7.515s] -- Installing: /home/tamir/autonomous_robot/autonomous_robot_control/src/joystick/install/joystick/share/joystick/environment/path.dsv
[7.515s] -- Installing: /home/tamir/autonomous_robot/autonomous_robot_control/src/joystick/install/joystick/share/joystick/local_setup.bash
[7.515s] -- Installing: /home/tamir/autonomous_robot/autonomous_robot_control/src/joystick/install/joystick/share/joystick/local_setup.sh
[7.515s] -- Installing: /home/tamir/autonomous_robot/autonomous_robot_control/src/joystick/install/joystick/share/joystick/local_setup.zsh
[7.515s] -- Installing: /home/tamir/autonomous_robot/autonomous_robot_control/src/joystick/install/joystick/share/joystick/local_setup.dsv
[7.515s] -- Installing: /home/tamir/autonomous_robot/autonomous_robot_control/src/joystick/install/joystick/share/joystick/package.dsv
[7.515s] -- Installing: /home/tamir/autonomous_robot/autonomous_robot_control/src/joystick/install/joystick/share/ament_index/resource_index/packages/joystick
[7.515s] -- Installing: /home/tamir/autonomous_robot/autonomous_robot_control/src/joystick/install/joystick/share/joystick/cmake/joystickConfig.cmake
[7.515s] -- Installing: /home/tamir/autonomous_robot/autonomous_robot_control/src/joystick/install/joystick/share/joystick/cmake/joystickConfig-version.cmake
[7.515s] -- Installing: /home/tamir/autonomous_robot/autonomous_robot_control/src/joystick/install/joystick/share/joystick/package.xml
[7.517s] Invoked command in '/home/tamir/autonomous_robot/autonomous_robot_control/src/joystick/build/joystick' returned '0': CMAKE_PREFIX_PATH=${CMAKE_PREFIX_PATH}:/home/tamir/ws_moveit2/install/moveit_configs_utils:/home/tamir/ws_moveit2/install/launch_param_builder:/home/tamir/autonomous_robot/install/calc_odom:/home/tamir/autonomous_robot/install/control_hardware:/home/tamir/autonomous_robot/autonomous_robot_control/src/control_hardware/install/control_hardware:/opt/ros/humble /usr/bin/cmake --install /home/tamir/autonomous_robot/autonomous_robot_control/src/joystick/build/joystick
