/home/tamir/autonomous_robot/autonomous_robot_control/src/control_hardware/install/control_hardware/lib/python3.10/site-packages/control_hardware/mux.py
/home/tamir/autonomous_robot/autonomous_robot_control/src/control_hardware/install/control_hardware/lib/python3.10/site-packages/control_hardware/pwm2GPIO.py
/home/tamir/autonomous_robot/autonomous_robot_control/src/control_hardware/install/control_hardware/lib/python3.10/site-packages/control_hardware/__init__.py
/home/tamir/autonomous_robot/autonomous_robot_control/src/control_hardware/install/control_hardware/lib/python3.10/site-packages/control_hardware/cmd2pwm.py
/home/tamir/autonomous_robot/autonomous_robot_control/src/control_hardware/install/control_hardware/lib/python3.10/site-packages/control_hardware/__pycache__/mux.cpython-310.pyc
/home/tamir/autonomous_robot/autonomous_robot_control/src/control_hardware/install/control_hardware/lib/python3.10/site-packages/control_hardware/__pycache__/pwm2GPIO.cpython-310.pyc
/home/tamir/autonomous_robot/autonomous_robot_control/src/control_hardware/install/control_hardware/lib/python3.10/site-packages/control_hardware/__pycache__/__init__.cpython-310.pyc
/home/tamir/autonomous_robot/autonomous_robot_control/src/control_hardware/install/control_hardware/lib/python3.10/site-packages/control_hardware/__pycache__/cmd2pwm.cpython-310.pyc
/home/tamir/autonomous_robot/autonomous_robot_control/src/control_hardware/install/control_hardware/share/ament_index/resource_index/packages/control_hardware
/home/tamir/autonomous_robot/autonomous_robot_control/src/control_hardware/install/control_hardware/share/control_hardware/package.xml
/home/tamir/autonomous_robot/autonomous_robot_control/src/control_hardware/install/control_hardware/lib/python3.10/site-packages/control_hardware-0.0.0-py3.10.egg-info/zip-safe
/home/tamir/autonomous_robot/autonomous_robot_control/src/control_hardware/install/control_hardware/lib/python3.10/site-packages/control_hardware-0.0.0-py3.10.egg-info/requires.txt
/home/tamir/autonomous_robot/autonomous_robot_control/src/control_hardware/install/control_hardware/lib/python3.10/site-packages/control_hardware-0.0.0-py3.10.egg-info/PKG-INFO
/home/tamir/autonomous_robot/autonomous_robot_control/src/control_hardware/install/control_hardware/lib/python3.10/site-packages/control_hardware-0.0.0-py3.10.egg-info/dependency_links.txt
/home/tamir/autonomous_robot/autonomous_robot_control/src/control_hardware/install/control_hardware/lib/python3.10/site-packages/control_hardware-0.0.0-py3.10.egg-info/top_level.txt
/home/tamir/autonomous_robot/autonomous_robot_control/src/control_hardware/install/control_hardware/lib/python3.10/site-packages/control_hardware-0.0.0-py3.10.egg-info/entry_points.txt
/home/tamir/autonomous_robot/autonomous_robot_control/src/control_hardware/install/control_hardware/lib/python3.10/site-packages/control_hardware-0.0.0-py3.10.egg-info/SOURCES.txt
/home/tamir/autonomous_robot/autonomous_robot_control/src/control_hardware/install/control_hardware/lib/control_hardware/cmd2pwm
/home/tamir/autonomous_robot/autonomous_robot_control/src/control_hardware/install/control_hardware/lib/control_hardware/mux
/home/tamir/autonomous_robot/autonomous_robot_control/src/control_hardware/install/control_hardware/lib/control_hardware/pwm2GPIO
