[0.739s] Invoking command in '/home/tamir/autonomous_robot/build/sensors_package': CMAKE_PREFIX_PATH=${CMAKE_PREFIX_PATH}:/home/tamir/autonomous_robot/install/calc_odom:/home/tamir/autonomous_robot/install/control_hardware:/home/tamir/autonomous_robot/autonomous_robot_control/install/control_hardware:/home/tamir/autonomous_robot/autonomous_robot_control/install/calc_odom:/home/tamir/ros2_ws/install/turtle_spawner:/home/tamir/ros2_ws/install/turtle_controller:/home/tamir/ros2_ws/install/my_py_pkg:/opt/ros/humble /usr/bin/cmake --build /home/tamir/autonomous_robot/build/sensors_package -- -j12 -l12
[0.968s] Invoked command in '/home/tamir/autonomous_robot/build/sensors_package' returned '0': CMAKE_PREFIX_PATH=${CMAKE_PREFIX_PATH}:/home/tamir/autonomous_robot/install/calc_odom:/home/tamir/autonomous_robot/install/control_hardware:/home/tamir/autonomous_robot/autonomous_robot_control/install/control_hardware:/home/tamir/autonomous_robot/autonomous_robot_control/install/calc_odom:/home/tamir/ros2_ws/install/turtle_spawner:/home/tamir/ros2_ws/install/turtle_controller:/home/tamir/ros2_ws/install/my_py_pkg:/opt/ros/humble /usr/bin/cmake --build /home/tamir/autonomous_robot/build/sensors_package -- -j12 -l12
[1.085s] Invoking command in '/home/tamir/autonomous_robot/build/sensors_package': CMAKE_PREFIX_PATH=${CMAKE_PREFIX_PATH}:/home/tamir/autonomous_robot/install/calc_odom:/home/tamir/autonomous_robot/install/control_hardware:/home/tamir/autonomous_robot/autonomous_robot_control/install/control_hardware:/home/tamir/autonomous_robot/autonomous_robot_control/install/calc_odom:/home/tamir/ros2_ws/install/turtle_spawner:/home/tamir/ros2_ws/install/turtle_controller:/home/tamir/ros2_ws/install/my_py_pkg:/opt/ros/humble /usr/bin/cmake --install /home/tamir/autonomous_robot/build/sensors_package
[1.124s] -- Install configuration: ""
[1.124s] -- Up-to-date: /home/tamir/autonomous_robot/install/sensors_package/lib/sensors_package/camera_rgb_publisher.py
[1.124s] -- Up-to-date: /home/tamir/autonomous_robot/install/sensors_package/share/sensors_package/launch/launch
[1.124s] -- Up-to-date: /home/tamir/autonomous_robot/install/sensors_package/share/sensors_package/launch/launch/camera_launch.py
[1.124s] -- Up-to-date: /home/tamir/autonomous_robot/install/sensors_package/share/sensors_package/launch/config
[1.124s] -- Up-to-date: /home/tamir/autonomous_robot/install/sensors_package/share/ament_index/resource_index/package_run_dependencies/sensors_package
[1.124s] -- Up-to-date: /home/tamir/autonomous_robot/install/sensors_package/share/ament_index/resource_index/parent_prefix_path/sensors_package
[1.124s] -- Up-to-date: /home/tamir/autonomous_robot/install/sensors_package/share/sensors_package/environment/ament_prefix_path.sh
[1.124s] -- Up-to-date: /home/tamir/autonomous_robot/install/sensors_package/share/sensors_package/environment/ament_prefix_path.dsv
[1.125s] -- Up-to-date: /home/tamir/autonomous_robot/install/sensors_package/share/sensors_package/environment/path.sh
[1.125s] -- Up-to-date: /home/tamir/autonomous_robot/install/sensors_package/share/sensors_package/environment/path.dsv
[1.125s] -- Up-to-date: /home/tamir/autonomous_robot/install/sensors_package/share/sensors_package/local_setup.bash
[1.125s] -- Up-to-date: /home/tamir/autonomous_robot/install/sensors_package/share/sensors_package/local_setup.sh
[1.125s] -- Up-to-date: /home/tamir/autonomous_robot/install/sensors_package/share/sensors_package/local_setup.zsh
[1.125s] -- Up-to-date: /home/tamir/autonomous_robot/install/sensors_package/share/sensors_package/local_setup.dsv
[1.125s] -- Installing: /home/tamir/autonomous_robot/install/sensors_package/share/sensors_package/package.dsv
[1.125s] -- Up-to-date: /home/tamir/autonomous_robot/install/sensors_package/share/ament_index/resource_index/packages/sensors_package
[1.125s] -- Up-to-date: /home/tamir/autonomous_robot/install/sensors_package/share/sensors_package/cmake/sensors_packageConfig.cmake
[1.125s] -- Up-to-date: /home/tamir/autonomous_robot/install/sensors_package/share/sensors_package/cmake/sensors_packageConfig-version.cmake
[1.125s] -- Up-to-date: /home/tamir/autonomous_robot/install/sensors_package/share/sensors_package/package.xml
[1.139s] Invoked command in '/home/tamir/autonomous_robot/build/sensors_package' returned '0': CMAKE_PREFIX_PATH=${CMAKE_PREFIX_PATH}:/home/tamir/autonomous_robot/install/calc_odom:/home/tamir/autonomous_robot/install/control_hardware:/home/tamir/autonomous_robot/autonomous_robot_control/install/control_hardware:/home/tamir/autonomous_robot/autonomous_robot_control/install/calc_odom:/home/tamir/ros2_ws/install/turtle_spawner:/home/tamir/ros2_ws/install/turtle_controller:/home/tamir/ros2_ws/install/my_py_pkg:/opt/ros/humble /usr/bin/cmake --install /home/tamir/autonomous_robot/build/sensors_package
