running egg_info
creating ../../../build/calc_odom/calc_odom.egg-info
writing ../../../build/calc_odom/calc_odom.egg-info/PKG-INFO
writing dependency_links to ../../../build/calc_odom/calc_odom.egg-info/dependency_links.txt
writing entry points to ../../../build/calc_odom/calc_odom.egg-info/entry_points.txt
writing requirements to ../../../build/calc_odom/calc_odom.egg-info/requires.txt
writing top-level names to ../../../build/calc_odom/calc_odom.egg-info/top_level.txt
writing manifest file '../../../build/calc_odom/calc_odom.egg-info/SOURCES.txt'
reading manifest file '../../../build/calc_odom/calc_odom.egg-info/SOURCES.txt'
writing manifest file '../../../build/calc_odom/calc_odom.egg-info/SOURCES.txt'
running build
running build_py
creating /home/tamir/autonomous_robot/build/calc_odom/build
creating /home/tamir/autonomous_robot/build/calc_odom/build/lib
creating /home/tamir/autonomous_robot/build/calc_odom/build/lib/calc_odom
copying calc_odom/cartographer_odom.py -> /home/tamir/autonomous_robot/build/calc_odom/build/lib/calc_odom
copying calc_odom/__init__.py -> /home/tamir/autonomous_robot/build/calc_odom/build/lib/calc_odom
copying calc_odom/encoder_odom.py -> /home/tamir/autonomous_robot/build/calc_odom/build/lib/calc_odom
running install
running install_lib
creating /home/tamir/autonomous_robot/install/calc_odom/lib/python3.10/site-packages/calc_odom
copying /home/tamir/autonomous_robot/build/calc_odom/build/lib/calc_odom/cartographer_odom.py -> /home/tamir/autonomous_robot/install/calc_odom/lib/python3.10/site-packages/calc_odom
copying /home/tamir/autonomous_robot/build/calc_odom/build/lib/calc_odom/__init__.py -> /home/tamir/autonomous_robot/install/calc_odom/lib/python3.10/site-packages/calc_odom
copying /home/tamir/autonomous_robot/build/calc_odom/build/lib/calc_odom/encoder_odom.py -> /home/tamir/autonomous_robot/install/calc_odom/lib/python3.10/site-packages/calc_odom
byte-compiling /home/tamir/autonomous_robot/install/calc_odom/lib/python3.10/site-packages/calc_odom/cartographer_odom.py to cartographer_odom.cpython-310.pyc
byte-compiling /home/tamir/autonomous_robot/install/calc_odom/lib/python3.10/site-packages/calc_odom/__init__.py to __init__.cpython-310.pyc
byte-compiling /home/tamir/autonomous_robot/install/calc_odom/lib/python3.10/site-packages/calc_odom/encoder_odom.py to encoder_odom.cpython-310.pyc
running install_data
creating /home/tamir/autonomous_robot/install/calc_odom/share/ament_index
creating /home/tamir/autonomous_robot/install/calc_odom/share/ament_index/resource_index
creating /home/tamir/autonomous_robot/install/calc_odom/share/ament_index/resource_index/packages
copying resource/calc_odom -> /home/tamir/autonomous_robot/install/calc_odom/share/ament_index/resource_index/packages
copying package.xml -> /home/tamir/autonomous_robot/install/calc_odom/share/calc_odom
running install_egg_info
Copying ../../../build/calc_odom/calc_odom.egg-info to /home/tamir/autonomous_robot/install/calc_odom/lib/python3.10/site-packages/calc_odom-0.0.0-py3.10.egg-info
running install_scripts
Installing cartographer_odom script to /home/tamir/autonomous_robot/install/calc_odom/lib/calc_odom
Installing encoder_odom script to /home/tamir/autonomous_robot/install/calc_odom/lib/calc_odom
writing list of installed files to '/home/tamir/autonomous_robot/build/calc_odom/install.log'
