[0.011s] Invoking command in '/home/tamir/autonomous_robot/sensors_package/src/lidar_ws/build/lslidar_msgs': CMAKE_PREFIX_PATH=${CMAKE_PREFIX_PATH}:/home/tamir/autonomous_robot/install/calc_odom:/home/tamir/autonomous_robot/install/control_hardware:/home/tamir/ros2_ws/install/turtle_spawner:/home/tamir/ros2_ws/install/turtle_controller:/home/tamir/ros2_ws/install/my_py_pkg:/opt/ros/humble /usr/bin/cmake /home/tamir/autonomous_robot/sensors_package/src/lidar_ws/src/Lslidar_ROS2_driver/lslidar_msgs -DCMAKE_INSTALL_PREFIX=/home/tamir/autonomous_robot/sensors_package/src/lidar_ws/install/lslidar_msgs
[0.058s] -- The C compiler identification is GNU 11.4.0
[0.100s] -- The CXX compiler identification is GNU 11.4.0
[0.105s] -- Detecting C compiler ABI info
[0.161s] -- Detecting C compiler ABI info - done
[0.166s] -- Check for working C compiler: /usr/bin/cc - skipped
[0.166s] -- Detecting C compile features
[0.166s] -- Detecting C compile features - done
[0.169s] -- Detecting CXX compiler ABI info
[0.232s] -- Detecting CXX compiler ABI info - done
[0.237s] -- Check for working CXX compiler: /usr/bin/c++ - skipped
[0.237s] -- Detecting CXX compile features
[0.237s] -- Detecting CXX compile features - done
[0.240s] -- Found ament_cmake: 1.3.10 (/opt/ros/humble/share/ament_cmake/cmake)
[0.375s] -- Found Python3: /usr/bin/python3 (found version "3.10.12") found components: Interpreter 
[0.467s] -- Found std_msgs: 4.2.4 (/opt/ros/humble/share/std_msgs/cmake)
[0.499s] -- Found rosidl_generator_c: 3.1.5 (/opt/ros/humble/share/rosidl_generator_c/cmake)
[0.504s] -- Found rosidl_adapter: 3.1.5 (/opt/ros/humble/share/rosidl_adapter/cmake)
[0.511s] -- Found rosidl_generator_cpp: 3.1.5 (/opt/ros/humble/share/rosidl_generator_cpp/cmake)
[0.521s] -- Using all available rosidl_typesupport_c: rosidl_typesupport_fastrtps_c;rosidl_typesupport_introspection_c
[0.534s] -- Using all available rosidl_typesupport_cpp: rosidl_typesupport_fastrtps_cpp;rosidl_typesupport_introspection_cpp
[0.554s] -- Found sensor_msgs: 4.2.4 (/opt/ros/humble/share/sensor_msgs/cmake)
[0.576s] -- Found rosidl_default_generators: 1.2.0 (/opt/ros/humble/share/rosidl_default_generators/cmake)
[0.584s] -- Found ament_lint_auto: 0.12.11 (/opt/ros/humble/share/ament_lint_auto/cmake)
[0.876s] -- Found ament_cmake_ros: 0.10.0 (/opt/ros/humble/share/ament_cmake_ros/cmake)
[1.222s] -- Using all available rosidl_typesupport_c: rosidl_typesupport_fastrtps_c;rosidl_typesupport_introspection_c
[1.381s] -- Using all available rosidl_typesupport_cpp: rosidl_typesupport_fastrtps_cpp;rosidl_typesupport_introspection_cpp
[1.410s] -- Found PythonInterp: /usr/bin/python3 (found suitable version "3.10.12", minimum required is "3.6") 
[1.413s] -- Found python_cmake_module: 0.10.0 (/opt/ros/humble/share/python_cmake_module/cmake)
[1.439s] -- Found PythonLibs: /usr/lib/x86_64-linux-gnu/libpython3.10.so (found suitable version "3.10.12", minimum required is "3.5") 
[1.440s] -- Using PYTHON_EXECUTABLE: /usr/bin/python3
[1.440s] -- Using PYTHON_INCLUDE_DIRS: /usr/include/python3.10
[1.440s] -- Using PYTHON_LIBRARIES: /usr/lib/x86_64-linux-gnu/libpython3.10.so
[1.460s] -- Found PythonExtra: .so  
[1.523s] -- Added test 'copyright' to check source files copyright and LICENSE
[1.524s] -- Added test 'lint_cmake' to check CMake code style
[1.525s] -- Added test 'xmllint' to check XML markup files
[1.528s] -- Configuring done
[1.564s] -- Generating done
[1.566s] -- Build files have been written to: /home/tamir/autonomous_robot/sensors_package/src/lidar_ws/build/lslidar_msgs
[1.574s] Invoked command in '/home/tamir/autonomous_robot/sensors_package/src/lidar_ws/build/lslidar_msgs' returned '0': CMAKE_PREFIX_PATH=${CMAKE_PREFIX_PATH}:/home/tamir/autonomous_robot/install/calc_odom:/home/tamir/autonomous_robot/install/control_hardware:/home/tamir/ros2_ws/install/turtle_spawner:/home/tamir/ros2_ws/install/turtle_controller:/home/tamir/ros2_ws/install/my_py_pkg:/opt/ros/humble /usr/bin/cmake /home/tamir/autonomous_robot/sensors_package/src/lidar_ws/src/Lslidar_ROS2_driver/lslidar_msgs -DCMAKE_INSTALL_PREFIX=/home/tamir/autonomous_robot/sensors_package/src/lidar_ws/install/lslidar_msgs
[1.576s] Invoking command in '/home/tamir/autonomous_robot/sensors_package/src/lidar_ws/build/lslidar_msgs': CMAKE_PREFIX_PATH=${CMAKE_PREFIX_PATH}:/home/tamir/autonomous_robot/install/calc_odom:/home/tamir/autonomous_robot/install/control_hardware:/home/tamir/ros2_ws/install/turtle_spawner:/home/tamir/ros2_ws/install/turtle_controller:/home/tamir/ros2_ws/install/my_py_pkg:/opt/ros/humble /usr/bin/cmake --build /home/tamir/autonomous_robot/sensors_package/src/lidar_ws/build/lslidar_msgs -- -j12 -l12
[1.624s] [  1%] [34m[1mGenerating C code for ROS interfaces[0m
[1.634s] [  1%] [34m[1mGenerating C++ code for ROS interfaces[0m
[1.635s] [  1%] Built target ament_cmake_python_copy_lslidar_msgs
[1.927s] running egg_info
[1.927s] creating lslidar_msgs.egg-info
[1.927s] writing lslidar_msgs.egg-info/PKG-INFO
[1.927s] writing dependency_links to lslidar_msgs.egg-info/dependency_links.txt
[1.928s] writing top-level names to lslidar_msgs.egg-info/top_level.txt
[1.928s] writing manifest file 'lslidar_msgs.egg-info/SOURCES.txt'
[1.929s] reading manifest file 'lslidar_msgs.egg-info/SOURCES.txt'
[1.929s] writing manifest file 'lslidar_msgs.egg-info/SOURCES.txt'
[1.955s] [  1%] Built target ament_cmake_python_build_lslidar_msgs_egg
[2.370s] [  1%] Built target lslidar_msgs__cpp
[2.399s] [  2%] [34m[1mGenerating C++ type support dispatch for ROS interfaces[0m
[2.402s] [  3%] [34m[1mGenerating C++ introspection for ROS interfaces[0m
[2.402s] [  3%] [34m[1mGenerating C++ type support for eProsima Fast-RTPS[0m
[2.794s] [  6%] [32mBuilding CXX object CMakeFiles/lslidar_msgs__rosidl_typesupport_cpp.dir/rosidl_typesupport_cpp/lslidar_msgs/msg/lslidar_point__type_support.cpp.o[0m
[2.794s] [  6%] [32mBuilding CXX object CMakeFiles/lslidar_msgs__rosidl_typesupport_cpp.dir/rosidl_typesupport_cpp/lslidar_msgs/srv/data_ip__type_support.cpp.o[0m
[2.794s] [  7%] [32mBuilding CXX object CMakeFiles/lslidar_msgs__rosidl_typesupport_cpp.dir/rosidl_typesupport_cpp/lslidar_msgs/srv/destination_ip__type_support.cpp.o[0m
[2.794s] [  8%] [32mBuilding CXX object CMakeFiles/lslidar_msgs__rosidl_typesupport_cpp.dir/rosidl_typesupport_cpp/lslidar_msgs/msg/lslidar_scan__type_support.cpp.o[0m
[2.794s] [ 10%] [32mBuilding CXX object CMakeFiles/lslidar_msgs__rosidl_typesupport_cpp.dir/rosidl_typesupport_cpp/lslidar_msgs/srv/dev_port__type_support.cpp.o[0m
[2.795s] [ 10%] [32mBuilding CXX object CMakeFiles/lslidar_msgs__rosidl_typesupport_cpp.dir/rosidl_typesupport_cpp/lslidar_msgs/msg/lslidar_packet__type_support.cpp.o[0m
[2.796s] [ 10%] [32mBuilding CXX object CMakeFiles/lslidar_msgs__rosidl_typesupport_cpp.dir/rosidl_typesupport_cpp/lslidar_msgs/srv/data_port__type_support.cpp.o[0m
[2.803s] [ 11%] [32mBuilding CXX object CMakeFiles/lslidar_msgs__rosidl_typesupport_cpp.dir/rosidl_typesupport_cpp/lslidar_msgs/srv/motor_control__type_support.cpp.o[0m
[2.803s] [ 11%] [32mBuilding CXX object CMakeFiles/lslidar_msgs__rosidl_typesupport_cpp.dir/rosidl_typesupport_cpp/lslidar_msgs/srv/lslidar_control__type_support.cpp.o[0m
[3.561s] [ 12%] [32mBuilding CXX object CMakeFiles/lslidar_msgs__rosidl_typesupport_cpp.dir/rosidl_typesupport_cpp/lslidar_msgs/srv/motor_speed__type_support.cpp.o[0m
[3.578s] [ 13%] [32mBuilding CXX object CMakeFiles/lslidar_msgs__rosidl_typesupport_cpp.dir/rosidl_typesupport_cpp/lslidar_msgs/srv/time_service__type_support.cpp.o[0m
[3.886s] [ 14%] [32mBuilding CXX object CMakeFiles/lslidar_msgs__rosidl_typesupport_fastrtps_cpp.dir/rosidl_typesupport_fastrtps_cpp/lslidar_msgs/msg/detail/dds_fastrtps/lslidar_packet__type_support.cpp.o[0m
[3.888s] [ 15%] [32mBuilding CXX object CMakeFiles/lslidar_msgs__rosidl_typesupport_fastrtps_cpp.dir/rosidl_typesupport_fastrtps_cpp/lslidar_msgs/msg/detail/dds_fastrtps/lslidar_scan__type_support.cpp.o[0m
[3.889s] [ 16%] [32mBuilding CXX object CMakeFiles/lslidar_msgs__rosidl_typesupport_fastrtps_cpp.dir/rosidl_typesupport_fastrtps_cpp/lslidar_msgs/msg/detail/dds_fastrtps/lslidar_point__type_support.cpp.o[0m
[3.900s] [ 17%] [32mBuilding CXX object CMakeFiles/lslidar_msgs__rosidl_typesupport_fastrtps_cpp.dir/rosidl_typesupport_fastrtps_cpp/lslidar_msgs/srv/detail/dds_fastrtps/data_ip__type_support.cpp.o[0m
[3.908s] [ 18%] [32mBuilding CXX object CMakeFiles/lslidar_msgs__rosidl_typesupport_fastrtps_cpp.dir/rosidl_typesupport_fastrtps_cpp/lslidar_msgs/srv/detail/dds_fastrtps/data_port__type_support.cpp.o[0m
[3.909s] [ 19%] [32mBuilding CXX object CMakeFiles/lslidar_msgs__rosidl_typesupport_fastrtps_cpp.dir/rosidl_typesupport_fastrtps_cpp/lslidar_msgs/srv/detail/dds_fastrtps/dev_port__type_support.cpp.o[0m
[3.910s] [ 20%] [32mBuilding CXX object CMakeFiles/lslidar_msgs__rosidl_typesupport_fastrtps_cpp.dir/rosidl_typesupport_fastrtps_cpp/lslidar_msgs/srv/detail/dds_fastrtps/destination_ip__type_support.cpp.o[0m
[3.968s] [ 21%] [32mBuilding C object CMakeFiles/lslidar_msgs__rosidl_generator_c.dir/rosidl_generator_c/lslidar_msgs/msg/detail/lslidar_packet__functions.c.o[0m
[4.052s] [ 22%] [32mBuilding CXX object CMakeFiles/lslidar_msgs__rosidl_typesupport_fastrtps_cpp.dir/rosidl_typesupport_fastrtps_cpp/lslidar_msgs/srv/detail/dds_fastrtps/lslidar_control__type_support.cpp.o[0m
[4.214s] [ 23%] [32mBuilding C object CMakeFiles/lslidar_msgs__rosidl_generator_c.dir/rosidl_generator_c/lslidar_msgs/msg/detail/lslidar_point__functions.c.o[0m
[4.380s] [ 24%] [32mBuilding C object CMakeFiles/lslidar_msgs__rosidl_generator_c.dir/rosidl_generator_c/lslidar_msgs/msg/detail/lslidar_scan__functions.c.o[0m
[4.529s] [ 25%] [32mBuilding C object CMakeFiles/lslidar_msgs__rosidl_generator_c.dir/rosidl_generator_c/lslidar_msgs/srv/detail/data_ip__functions.c.o[0m
[4.534s] [ 26%] [32mBuilding CXX object CMakeFiles/lslidar_msgs__rosidl_typesupport_fastrtps_cpp.dir/rosidl_typesupport_fastrtps_cpp/lslidar_msgs/srv/detail/dds_fastrtps/motor_control__type_support.cpp.o[0m
[4.567s] [ 27%] [32m[1mLinking CXX shared library liblslidar_msgs__rosidl_typesupport_cpp.so[0m
[4.740s] [ 28%] [32mBuilding C object CMakeFiles/lslidar_msgs__rosidl_generator_c.dir/rosidl_generator_c/lslidar_msgs/srv/detail/data_port__functions.c.o[0m
[4.855s] [ 28%] Built target lslidar_msgs__rosidl_typesupport_cpp
[4.878s] [ 29%] [32mBuilding C object CMakeFiles/lslidar_msgs__rosidl_generator_c.dir/rosidl_generator_c/lslidar_msgs/srv/detail/destination_ip__functions.c.o[0m
[4.955s] [ 30%] [32mBuilding CXX object CMakeFiles/lslidar_msgs__rosidl_typesupport_introspection_cpp.dir/rosidl_typesupport_introspection_cpp/lslidar_msgs/msg/detail/lslidar_packet__type_support.cpp.o[0m
[5.015s] [ 30%] [32mBuilding CXX object CMakeFiles/lslidar_msgs__rosidl_typesupport_introspection_cpp.dir/rosidl_typesupport_introspection_cpp/lslidar_msgs/msg/detail/lslidar_point__type_support.cpp.o[0m
[5.033s] [ 31%] [32mBuilding CXX object CMakeFiles/lslidar_msgs__rosidl_typesupport_introspection_cpp.dir/rosidl_typesupport_introspection_cpp/lslidar_msgs/msg/detail/lslidar_scan__type_support.cpp.o[0m
[5.177s] [ 32%] [32mBuilding C object CMakeFiles/lslidar_msgs__rosidl_generator_c.dir/rosidl_generator_c/lslidar_msgs/srv/detail/dev_port__functions.c.o[0m
[5.186s] [ 32%] [32mBuilding CXX object CMakeFiles/lslidar_msgs__rosidl_typesupport_fastrtps_cpp.dir/rosidl_typesupport_fastrtps_cpp/lslidar_msgs/srv/detail/dds_fastrtps/motor_speed__type_support.cpp.o[0m
[5.336s] [ 32%] [32mBuilding C object CMakeFiles/lslidar_msgs__rosidl_generator_c.dir/rosidl_generator_c/lslidar_msgs/srv/detail/lslidar_control__functions.c.o[0m
[5.344s] [ 33%] [32mBuilding CXX object CMakeFiles/lslidar_msgs__rosidl_typesupport_introspection_cpp.dir/rosidl_typesupport_introspection_cpp/lslidar_msgs/srv/detail/data_ip__type_support.cpp.o[0m
[5.356s] [ 35%] [32mBuilding C object CMakeFiles/lslidar_msgs__rosidl_generator_c.dir/rosidl_generator_c/lslidar_msgs/srv/detail/motor_control__functions.c.o[0m
[5.362s] [ 35%] [32mBuilding CXX object CMakeFiles/lslidar_msgs__rosidl_typesupport_fastrtps_cpp.dir/rosidl_typesupport_fastrtps_cpp/lslidar_msgs/srv/detail/dds_fastrtps/time_service__type_support.cpp.o[0m
[5.447s] [ 36%] [32mBuilding CXX object CMakeFiles/lslidar_msgs__rosidl_typesupport_introspection_cpp.dir/rosidl_typesupport_introspection_cpp/lslidar_msgs/srv/detail/data_port__type_support.cpp.o[0m
[5.485s] [ 37%] [32mBuilding CXX object CMakeFiles/lslidar_msgs__rosidl_typesupport_introspection_cpp.dir/rosidl_typesupport_introspection_cpp/lslidar_msgs/srv/detail/destination_ip__type_support.cpp.o[0m
[5.506s] [ 38%] [32mBuilding CXX object CMakeFiles/lslidar_msgs__rosidl_typesupport_introspection_cpp.dir/rosidl_typesupport_introspection_cpp/lslidar_msgs/srv/detail/dev_port__type_support.cpp.o[0m
[5.524s] [ 39%] [32mBuilding C object CMakeFiles/lslidar_msgs__rosidl_generator_c.dir/rosidl_generator_c/lslidar_msgs/srv/detail/motor_speed__functions.c.o[0m
[5.645s] [ 40%] [32mBuilding CXX object CMakeFiles/lslidar_msgs__rosidl_typesupport_introspection_cpp.dir/rosidl_typesupport_introspection_cpp/lslidar_msgs/srv/detail/lslidar_control__type_support.cpp.o[0m
[5.725s] [ 41%] [32mBuilding C object CMakeFiles/lslidar_msgs__rosidl_generator_c.dir/rosidl_generator_c/lslidar_msgs/srv/detail/time_service__functions.c.o[0m
[5.950s] [ 42%] [32m[1mLinking C shared library liblslidar_msgs__rosidl_generator_c.so[0m
[5.988s] [ 43%] [32mBuilding CXX object CMakeFiles/lslidar_msgs__rosidl_typesupport_introspection_cpp.dir/rosidl_typesupport_introspection_cpp/lslidar_msgs/srv/detail/motor_control__type_support.cpp.o[0m
[6.147s] [ 43%] Built target lslidar_msgs__rosidl_generator_c
[6.237s] [ 44%] [34m[1mGenerating C type support for eProsima Fast-RTPS[0m
[6.316s] [ 45%] [32mBuilding CXX object CMakeFiles/lslidar_msgs__rosidl_typesupport_introspection_cpp.dir/rosidl_typesupport_introspection_cpp/lslidar_msgs/srv/detail/motor_speed__type_support.cpp.o[0m
[6.485s] [ 47%] [32mBuilding CXX object CMakeFiles/lslidar_msgs__rosidl_typesupport_introspection_cpp.dir/rosidl_typesupport_introspection_cpp/lslidar_msgs/srv/detail/time_service__type_support.cpp.o[0m
[6.485s] [ 47%] [34m[1mGenerating C introspection for ROS interfaces[0m
[6.605s] [ 48%] [34m[1mGenerating C type support dispatch for ROS interfaces[0m
[6.630s] [ 49%] [32m[1mLinking CXX shared library liblslidar_msgs__rosidl_typesupport_fastrtps_cpp.so[0m
[6.929s] [ 49%] Built target lslidar_msgs__rosidl_typesupport_fastrtps_cpp
[7.161s] [ 50%] [32m[1mLinking CXX shared library liblslidar_msgs__rosidl_typesupport_introspection_cpp.so[0m
[7.226s] [ 50%] Built target lslidar_msgs__rosidl_typesupport_introspection_cpp
[7.418s] [ 51%] [32mBuilding CXX object CMakeFiles/lslidar_msgs__rosidl_typesupport_c.dir/rosidl_typesupport_c/lslidar_msgs/msg/lslidar_point__type_support.cpp.o[0m
[7.419s] [ 52%] [32mBuilding CXX object CMakeFiles/lslidar_msgs__rosidl_typesupport_c.dir/rosidl_typesupport_c/lslidar_msgs/srv/data_ip__type_support.cpp.o[0m
[7.420s] [ 53%] [32mBuilding CXX object CMakeFiles/lslidar_msgs__rosidl_typesupport_c.dir/rosidl_typesupport_c/lslidar_msgs/msg/lslidar_packet__type_support.cpp.o[0m
[7.421s] [ 53%] [32mBuilding CXX object CMakeFiles/lslidar_msgs__rosidl_typesupport_c.dir/rosidl_typesupport_c/lslidar_msgs/msg/lslidar_scan__type_support.cpp.o[0m
[7.442s] [ 54%] [32mBuilding CXX object CMakeFiles/lslidar_msgs__rosidl_typesupport_c.dir/rosidl_typesupport_c/lslidar_msgs/srv/data_port__type_support.cpp.o[0m
[7.451s] [ 55%] [32mBuilding CXX object CMakeFiles/lslidar_msgs__rosidl_typesupport_c.dir/rosidl_typesupport_c/lslidar_msgs/srv/dev_port__type_support.cpp.o[0m
[7.452s] [ 56%] [32mBuilding CXX object CMakeFiles/lslidar_msgs__rosidl_typesupport_c.dir/rosidl_typesupport_c/lslidar_msgs/srv/motor_control__type_support.cpp.o[0m
[7.453s] [ 57%] [32mBuilding CXX object CMakeFiles/lslidar_msgs__rosidl_typesupport_c.dir/rosidl_typesupport_c/lslidar_msgs/srv/motor_speed__type_support.cpp.o[0m
[7.462s] [ 58%] [32mBuilding CXX object CMakeFiles/lslidar_msgs__rosidl_typesupport_c.dir/rosidl_typesupport_c/lslidar_msgs/srv/destination_ip__type_support.cpp.o[0m
[7.472s] [ 59%] [32mBuilding CXX object CMakeFiles/lslidar_msgs__rosidl_typesupport_c.dir/rosidl_typesupport_c/lslidar_msgs/srv/lslidar_control__type_support.cpp.o[0m
[7.522s] [ 60%] [32mBuilding C object CMakeFiles/lslidar_msgs__rosidl_typesupport_introspection_c.dir/rosidl_typesupport_introspection_c/lslidar_msgs/msg/detail/lslidar_packet__type_support.c.o[0m
[7.533s] [ 61%] [32mBuilding CXX object CMakeFiles/lslidar_msgs__rosidl_typesupport_c.dir/rosidl_typesupport_c/lslidar_msgs/srv/time_service__type_support.cpp.o[0m
[7.538s] [ 62%] [32mBuilding C object CMakeFiles/lslidar_msgs__rosidl_typesupport_introspection_c.dir/rosidl_typesupport_introspection_c/lslidar_msgs/msg/detail/lslidar_point__type_support.c.o[0m
[7.538s] [ 63%] [32mBuilding C object CMakeFiles/lslidar_msgs__rosidl_typesupport_introspection_c.dir/rosidl_typesupport_introspection_c/lslidar_msgs/msg/detail/lslidar_scan__type_support.c.o[0m
[7.544s] [ 65%] [32mBuilding C object CMakeFiles/lslidar_msgs__rosidl_typesupport_introspection_c.dir/rosidl_typesupport_introspection_c/lslidar_msgs/srv/detail/destination_ip__type_support.c.o[0m
[7.544s] [ 65%] [32mBuilding C object CMakeFiles/lslidar_msgs__rosidl_typesupport_introspection_c.dir/rosidl_typesupport_introspection_c/lslidar_msgs/srv/detail/data_ip__type_support.c.o[0m
[7.544s] [ 66%] [32mBuilding C object CMakeFiles/lslidar_msgs__rosidl_typesupport_introspection_c.dir/rosidl_typesupport_introspection_c/lslidar_msgs/srv/detail/data_port__type_support.c.o[0m
[7.549s] [ 67%] [32mBuilding C object CMakeFiles/lslidar_msgs__rosidl_typesupport_introspection_c.dir/rosidl_typesupport_introspection_c/lslidar_msgs/srv/detail/dev_port__type_support.c.o[0m
[7.549s] [ 67%] [32mBuilding C object CMakeFiles/lslidar_msgs__rosidl_typesupport_introspection_c.dir/rosidl_typesupport_introspection_c/lslidar_msgs/srv/detail/motor_control__type_support.c.o[0m
[7.549s] [ 68%] [32mBuilding C object CMakeFiles/lslidar_msgs__rosidl_typesupport_introspection_c.dir/rosidl_typesupport_introspection_c/lslidar_msgs/srv/detail/lslidar_control__type_support.c.o[0m
[7.561s] [ 69%] [32mBuilding C object CMakeFiles/lslidar_msgs__rosidl_typesupport_introspection_c.dir/rosidl_typesupport_introspection_c/lslidar_msgs/srv/detail/motor_speed__type_support.c.o[0m
[7.566s] [ 71%] [32mBuilding C object CMakeFiles/lslidar_msgs__rosidl_typesupport_introspection_c.dir/rosidl_typesupport_introspection_c/lslidar_msgs/srv/detail/time_service__type_support.c.o[0m
[7.570s] [ 71%] [32m[1mLinking CXX shared library liblslidar_msgs__rosidl_typesupport_c.so[0m
[7.693s] [ 72%] [32m[1mLinking C shared library liblslidar_msgs__rosidl_typesupport_introspection_c.so[0m
[7.699s] [ 72%] Built target lslidar_msgs__rosidl_typesupport_c
[7.723s] [ 72%] Built target lslidar_msgs__rosidl_typesupport_introspection_c
[7.753s] [ 74%] [32mBuilding CXX object CMakeFiles/lslidar_msgs__rosidl_typesupport_fastrtps_c.dir/rosidl_typesupport_fastrtps_c/lslidar_msgs/msg/detail/lslidar_point__type_support_c.cpp.o[0m
[7.753s] [ 74%] [32mBuilding CXX object CMakeFiles/lslidar_msgs__rosidl_typesupport_fastrtps_c.dir/rosidl_typesupport_fastrtps_c/lslidar_msgs/srv/detail/data_ip__type_support_c.cpp.o[0m
[7.754s] [ 74%] [32mBuilding CXX object CMakeFiles/lslidar_msgs__rosidl_typesupport_fastrtps_c.dir/rosidl_typesupport_fastrtps_c/lslidar_msgs/srv/detail/data_port__type_support_c.cpp.o[0m
[7.754s] [ 76%] [32mBuilding CXX object CMakeFiles/lslidar_msgs__rosidl_typesupport_fastrtps_c.dir/rosidl_typesupport_fastrtps_c/lslidar_msgs/srv/detail/dev_port__type_support_c.cpp.o[0m
[7.754s] [ 76%] [32mBuilding CXX object CMakeFiles/lslidar_msgs__rosidl_typesupport_fastrtps_c.dir/rosidl_typesupport_fastrtps_c/lslidar_msgs/srv/detail/lslidar_control__type_support_c.cpp.o[0m
[7.754s] [ 79%] [32mBuilding CXX object CMakeFiles/lslidar_msgs__rosidl_typesupport_fastrtps_c.dir/rosidl_typesupport_fastrtps_c/lslidar_msgs/msg/detail/lslidar_scan__type_support_c.cpp.o[0m
[7.754s] [ 80%] [32mBuilding CXX object CMakeFiles/lslidar_msgs__rosidl_typesupport_fastrtps_c.dir/rosidl_typesupport_fastrtps_c/lslidar_msgs/srv/detail/motor_control__type_support_c.cpp.o[0m
[7.754s] [ 80%] [32mBuilding CXX object CMakeFiles/lslidar_msgs__rosidl_typesupport_fastrtps_c.dir/rosidl_typesupport_fastrtps_c/lslidar_msgs/srv/detail/motor_speed__type_support_c.cpp.o[0m
[7.754s] [ 80%] [32mBuilding CXX object CMakeFiles/lslidar_msgs__rosidl_typesupport_fastrtps_c.dir/rosidl_typesupport_fastrtps_c/lslidar_msgs/msg/detail/lslidar_packet__type_support_c.cpp.o[0m
[7.754s] [ 81%] [32mBuilding CXX object CMakeFiles/lslidar_msgs__rosidl_typesupport_fastrtps_c.dir/rosidl_typesupport_fastrtps_c/lslidar_msgs/srv/detail/destination_ip__type_support_c.cpp.o[0m
[7.759s] [ 82%] [32mBuilding CXX object CMakeFiles/lslidar_msgs__rosidl_typesupport_fastrtps_c.dir/rosidl_typesupport_fastrtps_c/lslidar_msgs/srv/detail/time_service__type_support_c.cpp.o[0m
[8.650s] [ 83%] [32m[1mLinking CXX shared library liblslidar_msgs__rosidl_typesupport_fastrtps_c.so[0m
[8.715s] [ 83%] Built target lslidar_msgs__rosidl_typesupport_fastrtps_c
[8.738s] [ 83%] Built target lslidar_msgs
[8.763s] [ 84%] [34m[1mGenerating Python code for ROS interfaces[0m
[9.788s] [ 84%] Built target lslidar_msgs__py
[9.810s] [ 87%] [32mBuilding C object CMakeFiles/lslidar_msgs__rosidl_generator_py.dir/rosidl_generator_py/lslidar_msgs/srv/_data_ip_s.c.o[0m
[9.810s] [ 87%] [32mBuilding C object CMakeFiles/lslidar_msgs__rosidl_generator_py.dir/rosidl_generator_py/lslidar_msgs/msg/_lslidar_scan_s.c.o[0m
[9.810s] [ 87%] [32mBuilding C object CMakeFiles/lslidar_msgs__rosidl_generator_py.dir/rosidl_generator_py/lslidar_msgs/srv/_data_port_s.c.o[0m
[9.810s] [ 88%] [32mBuilding C object CMakeFiles/lslidar_msgs__rosidl_generator_py.dir/rosidl_generator_py/lslidar_msgs/srv/_dev_port_s.c.o[0m
[9.810s] [ 89%] [32mBuilding C object CMakeFiles/lslidar_msgs__rosidl_generator_py.dir/rosidl_generator_py/lslidar_msgs/msg/_lslidar_point_s.c.o[0m
[9.810s] [ 92%] [32mBuilding C object CMakeFiles/lslidar_msgs__rosidl_generator_py.dir/rosidl_generator_py/lslidar_msgs/srv/_motor_speed_s.c.o[0m
[9.810s] [ 92%] [32mBuilding C object CMakeFiles/lslidar_msgs__rosidl_generator_py.dir/rosidl_generator_py/lslidar_msgs/srv/_motor_control_s.c.o[0m
[9.810s] [ 92%] [32mBuilding C object CMakeFiles/lslidar_msgs__rosidl_generator_py.dir/rosidl_generator_py/lslidar_msgs/msg/_lslidar_packet_s.c.o[0m
[9.811s] [ 92%] [32mBuilding C object CMakeFiles/lslidar_msgs__rosidl_generator_py.dir/rosidl_generator_py/lslidar_msgs/srv/_destination_ip_s.c.o[0m
[9.813s] [ 94%] [32mBuilding C object CMakeFiles/lslidar_msgs__rosidl_generator_py.dir/rosidl_generator_py/lslidar_msgs/srv/_lslidar_control_s.c.o[0m
[9.813s] [ 94%] [32mBuilding C object CMakeFiles/lslidar_msgs__rosidl_generator_py.dir/rosidl_generator_py/lslidar_msgs/srv/_time_service_s.c.o[0m
[10.128s] [ 95%] [32m[1mLinking C shared library rosidl_generator_py/lslidar_msgs/liblslidar_msgs__rosidl_generator_py.so[0m
[10.166s] [ 95%] Built target lslidar_msgs__rosidl_generator_py
[10.183s] [ 95%] [32mBuilding C object CMakeFiles/lslidar_msgs__rosidl_typesupport_c__pyext.dir/rosidl_generator_py/lslidar_msgs/_lslidar_msgs_s.ep.rosidl_typesupport_c.c.o[0m
[10.187s] [ 96%] [32mBuilding C object CMakeFiles/lslidar_msgs__rosidl_typesupport_fastrtps_c__pyext.dir/rosidl_generator_py/lslidar_msgs/_lslidar_msgs_s.ep.rosidl_typesupport_fastrtps_c.c.o[0m
[10.188s] [ 97%] [32mBuilding C object CMakeFiles/lslidar_msgs__rosidl_typesupport_introspection_c__pyext.dir/rosidl_generator_py/lslidar_msgs/_lslidar_msgs_s.ep.rosidl_typesupport_introspection_c.c.o[0m
[10.282s] [ 98%] [32m[1mLinking C shared library rosidl_generator_py/lslidar_msgs/lslidar_msgs_s__rosidl_typesupport_c.cpython-310-x86_64-linux-gnu.so[0m
[10.293s] [100%] [32m[1mLinking C shared library rosidl_generator_py/lslidar_msgs/lslidar_msgs_s__rosidl_typesupport_fastrtps_c.cpython-310-x86_64-linux-gnu.so[0m
[10.293s] [100%] [32m[1mLinking C shared library rosidl_generator_py/lslidar_msgs/lslidar_msgs_s__rosidl_typesupport_introspection_c.cpython-310-x86_64-linux-gnu.so[0m
[10.322s] [100%] Built target lslidar_msgs__rosidl_typesupport_c__pyext
[10.329s] [100%] Built target lslidar_msgs__rosidl_typesupport_introspection_c__pyext
[10.334s] [100%] Built target lslidar_msgs__rosidl_typesupport_fastrtps_c__pyext
[10.343s] Invoked command in '/home/tamir/autonomous_robot/sensors_package/src/lidar_ws/build/lslidar_msgs' returned '0': CMAKE_PREFIX_PATH=${CMAKE_PREFIX_PATH}:/home/tamir/autonomous_robot/install/calc_odom:/home/tamir/autonomous_robot/install/control_hardware:/home/tamir/ros2_ws/install/turtle_spawner:/home/tamir/ros2_ws/install/turtle_controller:/home/tamir/ros2_ws/install/my_py_pkg:/opt/ros/humble /usr/bin/cmake --build /home/tamir/autonomous_robot/sensors_package/src/lidar_ws/build/lslidar_msgs -- -j12 -l12
[10.581s] Invoking command in '/home/tamir/autonomous_robot/sensors_package/src/lidar_ws/build/lslidar_msgs': CMAKE_PREFIX_PATH=${CMAKE_PREFIX_PATH}:/home/tamir/autonomous_robot/install/calc_odom:/home/tamir/autonomous_robot/install/control_hardware:/home/tamir/ros2_ws/install/turtle_spawner:/home/tamir/ros2_ws/install/turtle_controller:/home/tamir/ros2_ws/install/my_py_pkg:/opt/ros/humble /usr/bin/cmake --install /home/tamir/autonomous_robot/sensors_package/src/lidar_ws/build/lslidar_msgs
[10.587s] -- Install configuration: ""
[10.587s] -- Installing: /home/tamir/autonomous_robot/sensors_package/src/lidar_ws/install/lslidar_msgs/share/ament_index/resource_index/rosidl_interfaces/lslidar_msgs
[10.587s] -- Installing: /home/tamir/autonomous_robot/sensors_package/src/lidar_ws/install/lslidar_msgs/include/lslidar_msgs/lslidar_msgs
[10.588s] -- Installing: /home/tamir/autonomous_robot/sensors_package/src/lidar_ws/install/lslidar_msgs/include/lslidar_msgs/lslidar_msgs/msg
[10.588s] -- Installing: /home/tamir/autonomous_robot/sensors_package/src/lidar_ws/install/lslidar_msgs/include/lslidar_msgs/lslidar_msgs/msg/rosidl_generator_c__visibility_control.h
[10.588s] -- Installing: /home/tamir/autonomous_robot/sensors_package/src/lidar_ws/install/lslidar_msgs/include/lslidar_msgs/lslidar_msgs/msg/detail
[10.588s] -- Installing: /home/tamir/autonomous_robot/sensors_package/src/lidar_ws/install/lslidar_msgs/include/lslidar_msgs/lslidar_msgs/msg/detail/lslidar_point__type_support.h
[10.588s] -- Installing: /home/tamir/autonomous_robot/sensors_package/src/lidar_ws/install/lslidar_msgs/include/lslidar_msgs/lslidar_msgs/msg/detail/lslidar_scan__type_support.h
[10.588s] -- Installing: /home/tamir/autonomous_robot/sensors_package/src/lidar_ws/install/lslidar_msgs/include/lslidar_msgs/lslidar_msgs/msg/detail/lslidar_point__functions.h
[10.588s] -- Installing: /home/tamir/autonomous_robot/sensors_package/src/lidar_ws/install/lslidar_msgs/include/lslidar_msgs/lslidar_msgs/msg/detail/lslidar_scan__struct.h
[10.588s] -- Installing: /home/tamir/autonomous_robot/sensors_package/src/lidar_ws/install/lslidar_msgs/include/lslidar_msgs/lslidar_msgs/msg/detail/lslidar_point__struct.h
[10.588s] -- Installing: /home/tamir/autonomous_robot/sensors_package/src/lidar_ws/install/lslidar_msgs/include/lslidar_msgs/lslidar_msgs/msg/detail/lslidar_packet__functions.h
[10.588s] -- Installing: /home/tamir/autonomous_robot/sensors_package/src/lidar_ws/install/lslidar_msgs/include/lslidar_msgs/lslidar_msgs/msg/detail/lslidar_packet__type_support.h
[10.588s] -- Installing: /home/tamir/autonomous_robot/sensors_package/src/lidar_ws/install/lslidar_msgs/include/lslidar_msgs/lslidar_msgs/msg/detail/lslidar_packet__struct.h
[10.588s] -- Installing: /home/tamir/autonomous_robot/sensors_package/src/lidar_ws/install/lslidar_msgs/include/lslidar_msgs/lslidar_msgs/msg/detail/lslidar_packet__functions.c
[10.588s] -- Installing: /home/tamir/autonomous_robot/sensors_package/src/lidar_ws/install/lslidar_msgs/include/lslidar_msgs/lslidar_msgs/msg/detail/lslidar_scan__functions.c
[10.588s] -- Installing: /home/tamir/autonomous_robot/sensors_package/src/lidar_ws/install/lslidar_msgs/include/lslidar_msgs/lslidar_msgs/msg/detail/lslidar_scan__functions.h
[10.588s] -- Installing: /home/tamir/autonomous_robot/sensors_package/src/lidar_ws/install/lslidar_msgs/include/lslidar_msgs/lslidar_msgs/msg/detail/lslidar_point__functions.c
[10.588s] -- Installing: /home/tamir/autonomous_robot/sensors_package/src/lidar_ws/install/lslidar_msgs/include/lslidar_msgs/lslidar_msgs/msg/lslidar_scan.h
[10.588s] -- Installing: /home/tamir/autonomous_robot/sensors_package/src/lidar_ws/install/lslidar_msgs/include/lslidar_msgs/lslidar_msgs/msg/lslidar_packet.h
[10.588s] -- Installing: /home/tamir/autonomous_robot/sensors_package/src/lidar_ws/install/lslidar_msgs/include/lslidar_msgs/lslidar_msgs/msg/lslidar_point.h
[10.588s] -- Installing: /home/tamir/autonomous_robot/sensors_package/src/lidar_ws/install/lslidar_msgs/include/lslidar_msgs/lslidar_msgs/srv
[10.588s] -- Installing: /home/tamir/autonomous_robot/sensors_package/src/lidar_ws/install/lslidar_msgs/include/lslidar_msgs/lslidar_msgs/srv/motor_control.h
[10.588s] -- Installing: /home/tamir/autonomous_robot/sensors_package/src/lidar_ws/install/lslidar_msgs/include/lslidar_msgs/lslidar_msgs/srv/time_service.h
[10.589s] -- Installing: /home/tamir/autonomous_robot/sensors_package/src/lidar_ws/install/lslidar_msgs/include/lslidar_msgs/lslidar_msgs/srv/destination_ip.h
[10.589s] -- Installing: /home/tamir/autonomous_robot/sensors_package/src/lidar_ws/install/lslidar_msgs/include/lslidar_msgs/lslidar_msgs/srv/detail
[10.589s] -- Installing: /home/tamir/autonomous_robot/sensors_package/src/lidar_ws/install/lslidar_msgs/include/lslidar_msgs/lslidar_msgs/srv/detail/motor_speed__functions.h
[10.589s] -- Installing: /home/tamir/autonomous_robot/sensors_package/src/lidar_ws/install/lslidar_msgs/include/lslidar_msgs/lslidar_msgs/srv/detail/destination_ip__functions.c
[10.589s] -- Installing: /home/tamir/autonomous_robot/sensors_package/src/lidar_ws/install/lslidar_msgs/include/lslidar_msgs/lslidar_msgs/srv/detail/destination_ip__type_support.h
[10.589s] -- Installing: /home/tamir/autonomous_robot/sensors_package/src/lidar_ws/install/lslidar_msgs/include/lslidar_msgs/lslidar_msgs/srv/detail/dev_port__functions.c
[10.589s] -- Installing: /home/tamir/autonomous_robot/sensors_package/src/lidar_ws/install/lslidar_msgs/include/lslidar_msgs/lslidar_msgs/srv/detail/lslidar_control__functions.h
[10.589s] -- Installing: /home/tamir/autonomous_robot/sensors_package/src/lidar_ws/install/lslidar_msgs/include/lslidar_msgs/lslidar_msgs/srv/detail/motor_speed__functions.c
[10.589s] -- Installing: /home/tamir/autonomous_robot/sensors_package/src/lidar_ws/install/lslidar_msgs/include/lslidar_msgs/lslidar_msgs/srv/detail/destination_ip__struct.h
[10.589s] -- Installing: /home/tamir/autonomous_robot/sensors_package/src/lidar_ws/install/lslidar_msgs/include/lslidar_msgs/lslidar_msgs/srv/detail/data_port__type_support.h
[10.589s] -- Installing: /home/tamir/autonomous_robot/sensors_package/src/lidar_ws/install/lslidar_msgs/include/lslidar_msgs/lslidar_msgs/srv/detail/motor_control__functions.c
[10.589s] -- Installing: /home/tamir/autonomous_robot/sensors_package/src/lidar_ws/install/lslidar_msgs/include/lslidar_msgs/lslidar_msgs/srv/detail/time_service__struct.h
[10.589s] -- Installing: /home/tamir/autonomous_robot/sensors_package/src/lidar_ws/install/lslidar_msgs/include/lslidar_msgs/lslidar_msgs/srv/detail/lslidar_control__struct.h
[10.589s] -- Installing: /home/tamir/autonomous_robot/sensors_package/src/lidar_ws/install/lslidar_msgs/include/lslidar_msgs/lslidar_msgs/srv/detail/time_service__functions.c
[10.589s] -- Installing: /home/tamir/autonomous_robot/sensors_package/src/lidar_ws/install/lslidar_msgs/include/lslidar_msgs/lslidar_msgs/srv/detail/motor_speed__type_support.h
[10.589s] -- Installing: /home/tamir/autonomous_robot/sensors_package/src/lidar_ws/install/lslidar_msgs/include/lslidar_msgs/lslidar_msgs/srv/detail/motor_control__struct.h
[10.589s] -- Installing: /home/tamir/autonomous_robot/sensors_package/src/lidar_ws/install/lslidar_msgs/include/lslidar_msgs/lslidar_msgs/srv/detail/time_service__type_support.h
[10.589s] -- Installing: /home/tamir/autonomous_robot/sensors_package/src/lidar_ws/install/lslidar_msgs/include/lslidar_msgs/lslidar_msgs/srv/detail/data_port__struct.h
[10.589s] -- Installing: /home/tamir/autonomous_robot/sensors_package/src/lidar_ws/install/lslidar_msgs/include/lslidar_msgs/lslidar_msgs/srv/detail/data_ip__functions.h
[10.589s] -- Installing: /home/tamir/autonomous_robot/sensors_package/src/lidar_ws/install/lslidar_msgs/include/lslidar_msgs/lslidar_msgs/srv/detail/motor_speed__struct.h
[10.589s] -- Installing: /home/tamir/autonomous_robot/sensors_package/src/lidar_ws/install/lslidar_msgs/include/lslidar_msgs/lslidar_msgs/srv/detail/lslidar_control__functions.c
[10.589s] -- Installing: /home/tamir/autonomous_robot/sensors_package/src/lidar_ws/install/lslidar_msgs/include/lslidar_msgs/lslidar_msgs/srv/detail/data_ip__type_support.h
[10.589s] -- Installing: /home/tamir/autonomous_robot/sensors_package/src/lidar_ws/install/lslidar_msgs/include/lslidar_msgs/lslidar_msgs/srv/detail/data_ip__functions.c
[10.589s] -- Installing: /home/tamir/autonomous_robot/sensors_package/src/lidar_ws/install/lslidar_msgs/include/lslidar_msgs/lslidar_msgs/srv/detail/motor_control__functions.h
[10.589s] -- Installing: /home/tamir/autonomous_robot/sensors_package/src/lidar_ws/install/lslidar_msgs/include/lslidar_msgs/lslidar_msgs/srv/detail/dev_port__struct.h
[10.589s] -- Installing: /home/tamir/autonomous_robot/sensors_package/src/lidar_ws/install/lslidar_msgs/include/lslidar_msgs/lslidar_msgs/srv/detail/dev_port__type_support.h
[10.589s] -- Installing: /home/tamir/autonomous_robot/sensors_package/src/lidar_ws/install/lslidar_msgs/include/lslidar_msgs/lslidar_msgs/srv/detail/time_service__functions.h
[10.590s] -- Installing: /home/tamir/autonomous_robot/sensors_package/src/lidar_ws/install/lslidar_msgs/include/lslidar_msgs/lslidar_msgs/srv/detail/data_port__functions.h
[10.590s] -- Installing: /home/tamir/autonomous_robot/sensors_package/src/lidar_ws/install/lslidar_msgs/include/lslidar_msgs/lslidar_msgs/srv/detail/destination_ip__functions.h
[10.590s] -- Installing: /home/tamir/autonomous_robot/sensors_package/src/lidar_ws/install/lslidar_msgs/include/lslidar_msgs/lslidar_msgs/srv/detail/motor_control__type_support.h
[10.590s] -- Installing: /home/tamir/autonomous_robot/sensors_package/src/lidar_ws/install/lslidar_msgs/include/lslidar_msgs/lslidar_msgs/srv/detail/lslidar_control__type_support.h
[10.590s] -- Installing: /home/tamir/autonomous_robot/sensors_package/src/lidar_ws/install/lslidar_msgs/include/lslidar_msgs/lslidar_msgs/srv/detail/data_ip__struct.h
[10.590s] -- Installing: /home/tamir/autonomous_robot/sensors_package/src/lidar_ws/install/lslidar_msgs/include/lslidar_msgs/lslidar_msgs/srv/detail/data_port__functions.c
[10.590s] -- Installing: /home/tamir/autonomous_robot/sensors_package/src/lidar_ws/install/lslidar_msgs/include/lslidar_msgs/lslidar_msgs/srv/detail/dev_port__functions.h
[10.590s] -- Installing: /home/tamir/autonomous_robot/sensors_package/src/lidar_ws/install/lslidar_msgs/include/lslidar_msgs/lslidar_msgs/srv/motor_speed.h
[10.590s] -- Installing: /home/tamir/autonomous_robot/sensors_package/src/lidar_ws/install/lslidar_msgs/include/lslidar_msgs/lslidar_msgs/srv/data_port.h
[10.590s] -- Installing: /home/tamir/autonomous_robot/sensors_package/src/lidar_ws/install/lslidar_msgs/include/lslidar_msgs/lslidar_msgs/srv/dev_port.h
[10.590s] -- Installing: /home/tamir/autonomous_robot/sensors_package/src/lidar_ws/install/lslidar_msgs/include/lslidar_msgs/lslidar_msgs/srv/data_ip.h
[10.590s] -- Installing: /home/tamir/autonomous_robot/sensors_package/src/lidar_ws/install/lslidar_msgs/include/lslidar_msgs/lslidar_msgs/srv/lslidar_control.h
[10.590s] -- Installing: /home/tamir/autonomous_robot/sensors_package/src/lidar_ws/install/lslidar_msgs/share/lslidar_msgs/environment/library_path.sh
[10.590s] -- Installing: /home/tamir/autonomous_robot/sensors_package/src/lidar_ws/install/lslidar_msgs/share/lslidar_msgs/environment/library_path.dsv
[10.590s] -- Installing: /home/tamir/autonomous_robot/sensors_package/src/lidar_ws/install/lslidar_msgs/lib/liblslidar_msgs__rosidl_generator_c.so
[10.590s] -- Set runtime path of "/home/tamir/autonomous_robot/sensors_package/src/lidar_ws/install/lslidar_msgs/lib/liblslidar_msgs__rosidl_generator_c.so" to ""
[10.590s] -- Up-to-date: /home/tamir/autonomous_robot/sensors_package/src/lidar_ws/install/lslidar_msgs/include/lslidar_msgs/lslidar_msgs
[10.590s] -- Up-to-date: /home/tamir/autonomous_robot/sensors_package/src/lidar_ws/install/lslidar_msgs/include/lslidar_msgs/lslidar_msgs/msg
[10.590s] -- Up-to-date: /home/tamir/autonomous_robot/sensors_package/src/lidar_ws/install/lslidar_msgs/include/lslidar_msgs/lslidar_msgs/msg/detail
[10.591s] -- Installing: /home/tamir/autonomous_robot/sensors_package/src/lidar_ws/install/lslidar_msgs/include/lslidar_msgs/lslidar_msgs/msg/detail/lslidar_point__rosidl_typesupport_fastrtps_c.h
[10.591s] -- Installing: /home/tamir/autonomous_robot/sensors_package/src/lidar_ws/install/lslidar_msgs/include/lslidar_msgs/lslidar_msgs/msg/detail/lslidar_scan__rosidl_typesupport_fastrtps_c.h
[10.591s] -- Installing: /home/tamir/autonomous_robot/sensors_package/src/lidar_ws/install/lslidar_msgs/include/lslidar_msgs/lslidar_msgs/msg/detail/lslidar_packet__rosidl_typesupport_fastrtps_c.h
[10.591s] -- Installing: /home/tamir/autonomous_robot/sensors_package/src/lidar_ws/install/lslidar_msgs/include/lslidar_msgs/lslidar_msgs/msg/rosidl_typesupport_fastrtps_c__visibility_control.h
[10.591s] -- Up-to-date: /home/tamir/autonomous_robot/sensors_package/src/lidar_ws/install/lslidar_msgs/include/lslidar_msgs/lslidar_msgs/srv
[10.591s] -- Up-to-date: /home/tamir/autonomous_robot/sensors_package/src/lidar_ws/install/lslidar_msgs/include/lslidar_msgs/lslidar_msgs/srv/detail
[10.591s] -- Installing: /home/tamir/autonomous_robot/sensors_package/src/lidar_ws/install/lslidar_msgs/include/lslidar_msgs/lslidar_msgs/srv/detail/destination_ip__rosidl_typesupport_fastrtps_c.h
[10.591s] -- Installing: /home/tamir/autonomous_robot/sensors_package/src/lidar_ws/install/lslidar_msgs/include/lslidar_msgs/lslidar_msgs/srv/detail/lslidar_control__rosidl_typesupport_fastrtps_c.h
[10.591s] -- Installing: /home/tamir/autonomous_robot/sensors_package/src/lidar_ws/install/lslidar_msgs/include/lslidar_msgs/lslidar_msgs/srv/detail/motor_speed__rosidl_typesupport_fastrtps_c.h
[10.591s] -- Installing: /home/tamir/autonomous_robot/sensors_package/src/lidar_ws/install/lslidar_msgs/include/lslidar_msgs/lslidar_msgs/srv/detail/motor_control__rosidl_typesupport_fastrtps_c.h
[10.591s] -- Installing: /home/tamir/autonomous_robot/sensors_package/src/lidar_ws/install/lslidar_msgs/include/lslidar_msgs/lslidar_msgs/srv/detail/dev_port__rosidl_typesupport_fastrtps_c.h
[10.591s] -- Installing: /home/tamir/autonomous_robot/sensors_package/src/lidar_ws/install/lslidar_msgs/include/lslidar_msgs/lslidar_msgs/srv/detail/data_port__rosidl_typesupport_fastrtps_c.h
[10.591s] -- Installing: /home/tamir/autonomous_robot/sensors_package/src/lidar_ws/install/lslidar_msgs/include/lslidar_msgs/lslidar_msgs/srv/detail/data_ip__rosidl_typesupport_fastrtps_c.h
[10.591s] -- Installing: /home/tamir/autonomous_robot/sensors_package/src/lidar_ws/install/lslidar_msgs/include/lslidar_msgs/lslidar_msgs/srv/detail/time_service__rosidl_typesupport_fastrtps_c.h
[10.591s] -- Installing: /home/tamir/autonomous_robot/sensors_package/src/lidar_ws/install/lslidar_msgs/lib/liblslidar_msgs__rosidl_typesupport_fastrtps_c.so
[10.591s] -- Set runtime path of "/home/tamir/autonomous_robot/sensors_package/src/lidar_ws/install/lslidar_msgs/lib/liblslidar_msgs__rosidl_typesupport_fastrtps_c.so" to ""
[10.591s] -- Up-to-date: /home/tamir/autonomous_robot/sensors_package/src/lidar_ws/install/lslidar_msgs/include/lslidar_msgs/lslidar_msgs
[10.592s] -- Up-to-date: /home/tamir/autonomous_robot/sensors_package/src/lidar_ws/install/lslidar_msgs/include/lslidar_msgs/lslidar_msgs/msg
[10.592s] -- Up-to-date: /home/tamir/autonomous_robot/sensors_package/src/lidar_ws/install/lslidar_msgs/include/lslidar_msgs/lslidar_msgs/msg/detail
[10.592s] -- Installing: /home/tamir/autonomous_robot/sensors_package/src/lidar_ws/install/lslidar_msgs/include/lslidar_msgs/lslidar_msgs/msg/detail/lslidar_point__traits.hpp
[10.592s] -- Installing: /home/tamir/autonomous_robot/sensors_package/src/lidar_ws/install/lslidar_msgs/include/lslidar_msgs/lslidar_msgs/msg/detail/lslidar_packet__builder.hpp
[10.592s] -- Installing: /home/tamir/autonomous_robot/sensors_package/src/lidar_ws/install/lslidar_msgs/include/lslidar_msgs/lslidar_msgs/msg/detail/lslidar_packet__traits.hpp
[10.592s] -- Installing: /home/tamir/autonomous_robot/sensors_package/src/lidar_ws/install/lslidar_msgs/include/lslidar_msgs/lslidar_msgs/msg/detail/lslidar_point__builder.hpp
[10.592s] -- Installing: /home/tamir/autonomous_robot/sensors_package/src/lidar_ws/install/lslidar_msgs/include/lslidar_msgs/lslidar_msgs/msg/detail/lslidar_scan__struct.hpp
[10.592s] -- Installing: /home/tamir/autonomous_robot/sensors_package/src/lidar_ws/install/lslidar_msgs/include/lslidar_msgs/lslidar_msgs/msg/detail/lslidar_scan__builder.hpp
[10.592s] -- Installing: /home/tamir/autonomous_robot/sensors_package/src/lidar_ws/install/lslidar_msgs/include/lslidar_msgs/lslidar_msgs/msg/detail/lslidar_point__struct.hpp
[10.592s] -- Installing: /home/tamir/autonomous_robot/sensors_package/src/lidar_ws/install/lslidar_msgs/include/lslidar_msgs/lslidar_msgs/msg/detail/lslidar_scan__traits.hpp
[10.592s] -- Installing: /home/tamir/autonomous_robot/sensors_package/src/lidar_ws/install/lslidar_msgs/include/lslidar_msgs/lslidar_msgs/msg/detail/lslidar_packet__struct.hpp
[10.592s] -- Installing: /home/tamir/autonomous_robot/sensors_package/src/lidar_ws/install/lslidar_msgs/include/lslidar_msgs/lslidar_msgs/msg/lslidar_point.hpp
[10.592s] -- Installing: /home/tamir/autonomous_robot/sensors_package/src/lidar_ws/install/lslidar_msgs/include/lslidar_msgs/lslidar_msgs/msg/lslidar_packet.hpp
[10.592s] -- Installing: /home/tamir/autonomous_robot/sensors_package/src/lidar_ws/install/lslidar_msgs/include/lslidar_msgs/lslidar_msgs/msg/lslidar_scan.hpp
[10.592s] -- Up-to-date: /home/tamir/autonomous_robot/sensors_package/src/lidar_ws/install/lslidar_msgs/include/lslidar_msgs/lslidar_msgs/srv
[10.592s] -- Installing: /home/tamir/autonomous_robot/sensors_package/src/lidar_ws/install/lslidar_msgs/include/lslidar_msgs/lslidar_msgs/srv/destination_ip.hpp
[10.592s] -- Installing: /home/tamir/autonomous_robot/sensors_package/src/lidar_ws/install/lslidar_msgs/include/lslidar_msgs/lslidar_msgs/srv/motor_speed.hpp
[10.592s] -- Up-to-date: /home/tamir/autonomous_robot/sensors_package/src/lidar_ws/install/lslidar_msgs/include/lslidar_msgs/lslidar_msgs/srv/detail
[10.592s] -- Installing: /home/tamir/autonomous_robot/sensors_package/src/lidar_ws/install/lslidar_msgs/include/lslidar_msgs/lslidar_msgs/srv/detail/lslidar_control__struct.hpp
[10.592s] -- Installing: /home/tamir/autonomous_robot/sensors_package/src/lidar_ws/install/lslidar_msgs/include/lslidar_msgs/lslidar_msgs/srv/detail/motor_control__builder.hpp
[10.593s] -- Installing: /home/tamir/autonomous_robot/sensors_package/src/lidar_ws/install/lslidar_msgs/include/lslidar_msgs/lslidar_msgs/srv/detail/motor_speed__traits.hpp
[10.593s] -- Installing: /home/tamir/autonomous_robot/sensors_package/src/lidar_ws/install/lslidar_msgs/include/lslidar_msgs/lslidar_msgs/srv/detail/destination_ip__builder.hpp
[10.593s] -- Installing: /home/tamir/autonomous_robot/sensors_package/src/lidar_ws/install/lslidar_msgs/include/lslidar_msgs/lslidar_msgs/srv/detail/destination_ip__struct.hpp
[10.593s] -- Installing: /home/tamir/autonomous_robot/sensors_package/src/lidar_ws/install/lslidar_msgs/include/lslidar_msgs/lslidar_msgs/srv/detail/dev_port__builder.hpp
[10.593s] -- Installing: /home/tamir/autonomous_robot/sensors_package/src/lidar_ws/install/lslidar_msgs/include/lslidar_msgs/lslidar_msgs/srv/detail/motor_control__struct.hpp
[10.593s] -- Installing: /home/tamir/autonomous_robot/sensors_package/src/lidar_ws/install/lslidar_msgs/include/lslidar_msgs/lslidar_msgs/srv/detail/lslidar_control__builder.hpp
[10.593s] -- Installing: /home/tamir/autonomous_robot/sensors_package/src/lidar_ws/install/lslidar_msgs/include/lslidar_msgs/lslidar_msgs/srv/detail/data_ip__traits.hpp
[10.593s] -- Installing: /home/tamir/autonomous_robot/sensors_package/src/lidar_ws/install/lslidar_msgs/include/lslidar_msgs/lslidar_msgs/srv/detail/motor_speed__builder.hpp
[10.593s] -- Installing: /home/tamir/autonomous_robot/sensors_package/src/lidar_ws/install/lslidar_msgs/include/lslidar_msgs/lslidar_msgs/srv/detail/dev_port__traits.hpp
[10.593s] -- Installing: /home/tamir/autonomous_robot/sensors_package/src/lidar_ws/install/lslidar_msgs/include/lslidar_msgs/lslidar_msgs/srv/detail/data_port__traits.hpp
[10.593s] -- Installing: /home/tamir/autonomous_robot/sensors_package/src/lidar_ws/install/lslidar_msgs/include/lslidar_msgs/lslidar_msgs/srv/detail/lslidar_control__traits.hpp
[10.593s] -- Installing: /home/tamir/autonomous_robot/sensors_package/src/lidar_ws/install/lslidar_msgs/include/lslidar_msgs/lslidar_msgs/srv/detail/motor_control__traits.hpp
[10.593s] -- Installing: /home/tamir/autonomous_robot/sensors_package/src/lidar_ws/install/lslidar_msgs/include/lslidar_msgs/lslidar_msgs/srv/detail/data_port__builder.hpp
[10.593s] -- Installing: /home/tamir/autonomous_robot/sensors_package/src/lidar_ws/install/lslidar_msgs/include/lslidar_msgs/lslidar_msgs/srv/detail/dev_port__struct.hpp
[10.593s] -- Installing: /home/tamir/autonomous_robot/sensors_package/src/lidar_ws/install/lslidar_msgs/include/lslidar_msgs/lslidar_msgs/srv/detail/data_ip__builder.hpp
[10.593s] -- Installing: /home/tamir/autonomous_robot/sensors_package/src/lidar_ws/install/lslidar_msgs/include/lslidar_msgs/lslidar_msgs/srv/detail/time_service__traits.hpp
[10.593s] -- Installing: /home/tamir/autonomous_robot/sensors_package/src/lidar_ws/install/lslidar_msgs/include/lslidar_msgs/lslidar_msgs/srv/detail/data_port__struct.hpp
[10.593s] -- Installing: /home/tamir/autonomous_robot/sensors_package/src/lidar_ws/install/lslidar_msgs/include/lslidar_msgs/lslidar_msgs/srv/detail/destination_ip__traits.hpp
[10.593s] -- Installing: /home/tamir/autonomous_robot/sensors_package/src/lidar_ws/install/lslidar_msgs/include/lslidar_msgs/lslidar_msgs/srv/detail/motor_speed__struct.hpp
[10.593s] -- Installing: /home/tamir/autonomous_robot/sensors_package/src/lidar_ws/install/lslidar_msgs/include/lslidar_msgs/lslidar_msgs/srv/detail/time_service__builder.hpp
[10.593s] -- Installing: /home/tamir/autonomous_robot/sensors_package/src/lidar_ws/install/lslidar_msgs/include/lslidar_msgs/lslidar_msgs/srv/detail/data_ip__struct.hpp
[10.593s] -- Installing: /home/tamir/autonomous_robot/sensors_package/src/lidar_ws/install/lslidar_msgs/include/lslidar_msgs/lslidar_msgs/srv/detail/time_service__struct.hpp
[10.593s] -- Installing: /home/tamir/autonomous_robot/sensors_package/src/lidar_ws/install/lslidar_msgs/include/lslidar_msgs/lslidar_msgs/srv/motor_control.hpp
[10.594s] -- Installing: /home/tamir/autonomous_robot/sensors_package/src/lidar_ws/install/lslidar_msgs/include/lslidar_msgs/lslidar_msgs/srv/lslidar_control.hpp
[10.594s] -- Installing: /home/tamir/autonomous_robot/sensors_package/src/lidar_ws/install/lslidar_msgs/include/lslidar_msgs/lslidar_msgs/srv/time_service.hpp
[10.594s] -- Installing: /home/tamir/autonomous_robot/sensors_package/src/lidar_ws/install/lslidar_msgs/include/lslidar_msgs/lslidar_msgs/srv/dev_port.hpp
[10.594s] -- Installing: /home/tamir/autonomous_robot/sensors_package/src/lidar_ws/install/lslidar_msgs/include/lslidar_msgs/lslidar_msgs/srv/data_port.hpp
[10.594s] -- Installing: /home/tamir/autonomous_robot/sensors_package/src/lidar_ws/install/lslidar_msgs/include/lslidar_msgs/lslidar_msgs/srv/data_ip.hpp
[10.594s] -- Up-to-date: /home/tamir/autonomous_robot/sensors_package/src/lidar_ws/install/lslidar_msgs/include/lslidar_msgs/lslidar_msgs
[10.594s] -- Up-to-date: /home/tamir/autonomous_robot/sensors_package/src/lidar_ws/install/lslidar_msgs/include/lslidar_msgs/lslidar_msgs/msg
[10.594s] -- Installing: /home/tamir/autonomous_robot/sensors_package/src/lidar_ws/install/lslidar_msgs/include/lslidar_msgs/lslidar_msgs/msg/rosidl_typesupport_fastrtps_cpp__visibility_control.h
[10.594s] -- Up-to-date: /home/tamir/autonomous_robot/sensors_package/src/lidar_ws/install/lslidar_msgs/include/lslidar_msgs/lslidar_msgs/msg/detail
[10.594s] -- Installing: /home/tamir/autonomous_robot/sensors_package/src/lidar_ws/install/lslidar_msgs/include/lslidar_msgs/lslidar_msgs/msg/detail/lslidar_packet__rosidl_typesupport_fastrtps_cpp.hpp
[10.594s] -- Installing: /home/tamir/autonomous_robot/sensors_package/src/lidar_ws/install/lslidar_msgs/include/lslidar_msgs/lslidar_msgs/msg/detail/dds_fastrtps
[10.594s] -- Installing: /home/tamir/autonomous_robot/sensors_package/src/lidar_ws/install/lslidar_msgs/include/lslidar_msgs/lslidar_msgs/msg/detail/lslidar_point__rosidl_typesupport_fastrtps_cpp.hpp
[10.594s] -- Installing: /home/tamir/autonomous_robot/sensors_package/src/lidar_ws/install/lslidar_msgs/include/lslidar_msgs/lslidar_msgs/msg/detail/lslidar_scan__rosidl_typesupport_fastrtps_cpp.hpp
[10.594s] -- Up-to-date: /home/tamir/autonomous_robot/sensors_package/src/lidar_ws/install/lslidar_msgs/include/lslidar_msgs/lslidar_msgs/srv
[10.594s] -- Up-to-date: /home/tamir/autonomous_robot/sensors_package/src/lidar_ws/install/lslidar_msgs/include/lslidar_msgs/lslidar_msgs/srv/detail
[10.594s] -- Installing: /home/tamir/autonomous_robot/sensors_package/src/lidar_ws/install/lslidar_msgs/include/lslidar_msgs/lslidar_msgs/srv/detail/data_ip__rosidl_typesupport_fastrtps_cpp.hpp
[10.594s] -- Installing: /home/tamir/autonomous_robot/sensors_package/src/lidar_ws/install/lslidar_msgs/include/lslidar_msgs/lslidar_msgs/srv/detail/destination_ip__rosidl_typesupport_fastrtps_cpp.hpp
[10.594s] -- Installing: /home/tamir/autonomous_robot/sensors_package/src/lidar_ws/install/lslidar_msgs/include/lslidar_msgs/lslidar_msgs/srv/detail/time_service__rosidl_typesupport_fastrtps_cpp.hpp
[10.594s] -- Installing: /home/tamir/autonomous_robot/sensors_package/src/lidar_ws/install/lslidar_msgs/include/lslidar_msgs/lslidar_msgs/srv/detail/lslidar_control__rosidl_typesupport_fastrtps_cpp.hpp
[10.594s] -- Installing: /home/tamir/autonomous_robot/sensors_package/src/lidar_ws/install/lslidar_msgs/include/lslidar_msgs/lslidar_msgs/srv/detail/dds_fastrtps
[10.594s] -- Installing: /home/tamir/autonomous_robot/sensors_package/src/lidar_ws/install/lslidar_msgs/include/lslidar_msgs/lslidar_msgs/srv/detail/motor_control__rosidl_typesupport_fastrtps_cpp.hpp
[10.595s] -- Installing: /home/tamir/autonomous_robot/sensors_package/src/lidar_ws/install/lslidar_msgs/include/lslidar_msgs/lslidar_msgs/srv/detail/motor_speed__rosidl_typesupport_fastrtps_cpp.hpp
[10.595s] -- Installing: /home/tamir/autonomous_robot/sensors_package/src/lidar_ws/install/lslidar_msgs/include/lslidar_msgs/lslidar_msgs/srv/detail/data_port__rosidl_typesupport_fastrtps_cpp.hpp
[10.595s] -- Installing: /home/tamir/autonomous_robot/sensors_package/src/lidar_ws/install/lslidar_msgs/include/lslidar_msgs/lslidar_msgs/srv/detail/dev_port__rosidl_typesupport_fastrtps_cpp.hpp
[10.595s] -- Installing: /home/tamir/autonomous_robot/sensors_package/src/lidar_ws/install/lslidar_msgs/lib/liblslidar_msgs__rosidl_typesupport_fastrtps_cpp.so
[10.595s] -- Set runtime path of "/home/tamir/autonomous_robot/sensors_package/src/lidar_ws/install/lslidar_msgs/lib/liblslidar_msgs__rosidl_typesupport_fastrtps_cpp.so" to ""
[10.595s] -- Up-to-date: /home/tamir/autonomous_robot/sensors_package/src/lidar_ws/install/lslidar_msgs/include/lslidar_msgs/lslidar_msgs
[10.595s] -- Up-to-date: /home/tamir/autonomous_robot/sensors_package/src/lidar_ws/install/lslidar_msgs/include/lslidar_msgs/lslidar_msgs/msg
[10.595s] -- Up-to-date: /home/tamir/autonomous_robot/sensors_package/src/lidar_ws/install/lslidar_msgs/include/lslidar_msgs/lslidar_msgs/msg/detail
[10.595s] -- Installing: /home/tamir/autonomous_robot/sensors_package/src/lidar_ws/install/lslidar_msgs/include/lslidar_msgs/lslidar_msgs/msg/detail/lslidar_point__type_support.c
[10.595s] -- Installing: /home/tamir/autonomous_robot/sensors_package/src/lidar_ws/install/lslidar_msgs/include/lslidar_msgs/lslidar_msgs/msg/detail/lslidar_scan__rosidl_typesupport_introspection_c.h
[10.595s] -- Installing: /home/tamir/autonomous_robot/sensors_package/src/lidar_ws/install/lslidar_msgs/include/lslidar_msgs/lslidar_msgs/msg/detail/lslidar_packet__rosidl_typesupport_introspection_c.h
[10.595s] -- Installing: /home/tamir/autonomous_robot/sensors_package/src/lidar_ws/install/lslidar_msgs/include/lslidar_msgs/lslidar_msgs/msg/detail/lslidar_packet__type_support.c
[10.595s] -- Installing: /home/tamir/autonomous_robot/sensors_package/src/lidar_ws/install/lslidar_msgs/include/lslidar_msgs/lslidar_msgs/msg/detail/lslidar_point__rosidl_typesupport_introspection_c.h
[10.595s] -- Installing: /home/tamir/autonomous_robot/sensors_package/src/lidar_ws/install/lslidar_msgs/include/lslidar_msgs/lslidar_msgs/msg/detail/lslidar_scan__type_support.c
[10.595s] -- Installing: /home/tamir/autonomous_robot/sensors_package/src/lidar_ws/install/lslidar_msgs/include/lslidar_msgs/lslidar_msgs/msg/rosidl_typesupport_introspection_c__visibility_control.h
[10.595s] -- Up-to-date: /home/tamir/autonomous_robot/sensors_package/src/lidar_ws/install/lslidar_msgs/include/lslidar_msgs/lslidar_msgs/srv
[10.596s] -- Up-to-date: /home/tamir/autonomous_robot/sensors_package/src/lidar_ws/install/lslidar_msgs/include/lslidar_msgs/lslidar_msgs/srv/detail
[10.596s] -- Installing: /home/tamir/autonomous_robot/sensors_package/src/lidar_ws/install/lslidar_msgs/include/lslidar_msgs/lslidar_msgs/srv/detail/motor_control__type_support.c
[10.596s] -- Installing: /home/tamir/autonomous_robot/sensors_package/src/lidar_ws/install/lslidar_msgs/include/lslidar_msgs/lslidar_msgs/srv/detail/dev_port__type_support.c
[10.596s] -- Installing: /home/tamir/autonomous_robot/sensors_package/src/lidar_ws/install/lslidar_msgs/include/lslidar_msgs/lslidar_msgs/srv/detail/data_ip__rosidl_typesupport_introspection_c.h
[10.596s] -- Installing: /home/tamir/autonomous_robot/sensors_package/src/lidar_ws/install/lslidar_msgs/include/lslidar_msgs/lslidar_msgs/srv/detail/destination_ip__type_support.c
[10.596s] -- Installing: /home/tamir/autonomous_robot/sensors_package/src/lidar_ws/install/lslidar_msgs/include/lslidar_msgs/lslidar_msgs/srv/detail/lslidar_control__rosidl_typesupport_introspection_c.h
[10.596s] -- Installing: /home/tamir/autonomous_robot/sensors_package/src/lidar_ws/install/lslidar_msgs/include/lslidar_msgs/lslidar_msgs/srv/detail/time_service__rosidl_typesupport_introspection_c.h
[10.596s] -- Installing: /home/tamir/autonomous_robot/sensors_package/src/lidar_ws/install/lslidar_msgs/include/lslidar_msgs/lslidar_msgs/srv/detail/data_port__rosidl_typesupport_introspection_c.h
[10.596s] -- Installing: /home/tamir/autonomous_robot/sensors_package/src/lidar_ws/install/lslidar_msgs/include/lslidar_msgs/lslidar_msgs/srv/detail/motor_control__rosidl_typesupport_introspection_c.h
[10.596s] -- Installing: /home/tamir/autonomous_robot/sensors_package/src/lidar_ws/install/lslidar_msgs/include/lslidar_msgs/lslidar_msgs/srv/detail/motor_speed__rosidl_typesupport_introspection_c.h
[10.596s] -- Installing: /home/tamir/autonomous_robot/sensors_package/src/lidar_ws/install/lslidar_msgs/include/lslidar_msgs/lslidar_msgs/srv/detail/lslidar_control__type_support.c
[10.596s] -- Installing: /home/tamir/autonomous_robot/sensors_package/src/lidar_ws/install/lslidar_msgs/include/lslidar_msgs/lslidar_msgs/srv/detail/motor_speed__type_support.c
[10.596s] -- Installing: /home/tamir/autonomous_robot/sensors_package/src/lidar_ws/install/lslidar_msgs/include/lslidar_msgs/lslidar_msgs/srv/detail/data_port__type_support.c
[10.596s] -- Installing: /home/tamir/autonomous_robot/sensors_package/src/lidar_ws/install/lslidar_msgs/include/lslidar_msgs/lslidar_msgs/srv/detail/data_ip__type_support.c
[10.596s] -- Installing: /home/tamir/autonomous_robot/sensors_package/src/lidar_ws/install/lslidar_msgs/include/lslidar_msgs/lslidar_msgs/srv/detail/dev_port__rosidl_typesupport_introspection_c.h
[10.596s] -- Installing: /home/tamir/autonomous_robot/sensors_package/src/lidar_ws/install/lslidar_msgs/include/lslidar_msgs/lslidar_msgs/srv/detail/time_service__type_support.c
[10.596s] -- Installing: /home/tamir/autonomous_robot/sensors_package/src/lidar_ws/install/lslidar_msgs/include/lslidar_msgs/lslidar_msgs/srv/detail/destination_ip__rosidl_typesupport_introspection_c.h
[10.596s] -- Installing: /home/tamir/autonomous_robot/sensors_package/src/lidar_ws/install/lslidar_msgs/lib/liblslidar_msgs__rosidl_typesupport_introspection_c.so
[10.597s] -- Set runtime path of "/home/tamir/autonomous_robot/sensors_package/src/lidar_ws/install/lslidar_msgs/lib/liblslidar_msgs__rosidl_typesupport_introspection_c.so" to ""
[10.597s] -- Installing: /home/tamir/autonomous_robot/sensors_package/src/lidar_ws/install/lslidar_msgs/lib/liblslidar_msgs__rosidl_typesupport_c.so
[10.597s] -- Set runtime path of "/home/tamir/autonomous_robot/sensors_package/src/lidar_ws/install/lslidar_msgs/lib/liblslidar_msgs__rosidl_typesupport_c.so" to ""
[10.597s] -- Up-to-date: /home/tamir/autonomous_robot/sensors_package/src/lidar_ws/install/lslidar_msgs/include/lslidar_msgs/lslidar_msgs
[10.597s] -- Up-to-date: /home/tamir/autonomous_robot/sensors_package/src/lidar_ws/install/lslidar_msgs/include/lslidar_msgs/lslidar_msgs/msg
[10.597s] -- Up-to-date: /home/tamir/autonomous_robot/sensors_package/src/lidar_ws/install/lslidar_msgs/include/lslidar_msgs/lslidar_msgs/msg/detail
[10.597s] -- Installing: /home/tamir/autonomous_robot/sensors_package/src/lidar_ws/install/lslidar_msgs/include/lslidar_msgs/lslidar_msgs/msg/detail/lslidar_point__type_support.cpp
[10.597s] -- Installing: /home/tamir/autonomous_robot/sensors_package/src/lidar_ws/install/lslidar_msgs/include/lslidar_msgs/lslidar_msgs/msg/detail/lslidar_scan__rosidl_typesupport_introspection_cpp.hpp
[10.597s] -- Installing: /home/tamir/autonomous_robot/sensors_package/src/lidar_ws/install/lslidar_msgs/include/lslidar_msgs/lslidar_msgs/msg/detail/lslidar_point__rosidl_typesupport_introspection_cpp.hpp
[10.597s] -- Installing: /home/tamir/autonomous_robot/sensors_package/src/lidar_ws/install/lslidar_msgs/include/lslidar_msgs/lslidar_msgs/msg/detail/lslidar_packet__type_support.cpp
[10.597s] -- Installing: /home/tamir/autonomous_robot/sensors_package/src/lidar_ws/install/lslidar_msgs/include/lslidar_msgs/lslidar_msgs/msg/detail/lslidar_scan__type_support.cpp
[10.597s] -- Installing: /home/tamir/autonomous_robot/sensors_package/src/lidar_ws/install/lslidar_msgs/include/lslidar_msgs/lslidar_msgs/msg/detail/lslidar_packet__rosidl_typesupport_introspection_cpp.hpp
[10.597s] -- Up-to-date: /home/tamir/autonomous_robot/sensors_package/src/lidar_ws/install/lslidar_msgs/include/lslidar_msgs/lslidar_msgs/srv
[10.598s] -- Up-to-date: /home/tamir/autonomous_robot/sensors_package/src/lidar_ws/install/lslidar_msgs/include/lslidar_msgs/lslidar_msgs/srv/detail
[10.598s] -- Installing: /home/tamir/autonomous_robot/sensors_package/src/lidar_ws/install/lslidar_msgs/include/lslidar_msgs/lslidar_msgs/srv/detail/data_ip__rosidl_typesupport_introspection_cpp.hpp
[10.598s] -- Installing: /home/tamir/autonomous_robot/sensors_package/src/lidar_ws/install/lslidar_msgs/include/lslidar_msgs/lslidar_msgs/srv/detail/time_service__rosidl_typesupport_introspection_cpp.hpp
[10.598s] -- Installing: /home/tamir/autonomous_robot/sensors_package/src/lidar_ws/install/lslidar_msgs/include/lslidar_msgs/lslidar_msgs/srv/detail/destination_ip__rosidl_typesupport_introspection_cpp.hpp
[10.598s] -- Installing: /home/tamir/autonomous_robot/sensors_package/src/lidar_ws/install/lslidar_msgs/include/lslidar_msgs/lslidar_msgs/srv/detail/motor_speed__rosidl_typesupport_introspection_cpp.hpp
[10.598s] -- Installing: /home/tamir/autonomous_robot/sensors_package/src/lidar_ws/install/lslidar_msgs/include/lslidar_msgs/lslidar_msgs/srv/detail/lslidar_control__type_support.cpp
[10.598s] -- Installing: /home/tamir/autonomous_robot/sensors_package/src/lidar_ws/install/lslidar_msgs/include/lslidar_msgs/lslidar_msgs/srv/detail/data_port__type_support.cpp
[10.598s] -- Installing: /home/tamir/autonomous_robot/sensors_package/src/lidar_ws/install/lslidar_msgs/include/lslidar_msgs/lslidar_msgs/srv/detail/motor_speed__type_support.cpp
[10.598s] -- Installing: /home/tamir/autonomous_robot/sensors_package/src/lidar_ws/install/lslidar_msgs/include/lslidar_msgs/lslidar_msgs/srv/detail/dev_port__type_support.cpp
[10.598s] -- Installing: /home/tamir/autonomous_robot/sensors_package/src/lidar_ws/install/lslidar_msgs/include/lslidar_msgs/lslidar_msgs/srv/detail/motor_control__rosidl_typesupport_introspection_cpp.hpp
[10.598s] -- Installing: /home/tamir/autonomous_robot/sensors_package/src/lidar_ws/install/lslidar_msgs/include/lslidar_msgs/lslidar_msgs/srv/detail/time_service__type_support.cpp
[10.598s] -- Installing: /home/tamir/autonomous_robot/sensors_package/src/lidar_ws/install/lslidar_msgs/include/lslidar_msgs/lslidar_msgs/srv/detail/data_ip__type_support.cpp
[10.598s] -- Installing: /home/tamir/autonomous_robot/sensors_package/src/lidar_ws/install/lslidar_msgs/include/lslidar_msgs/lslidar_msgs/srv/detail/dev_port__rosidl_typesupport_introspection_cpp.hpp
[10.598s] -- Installing: /home/tamir/autonomous_robot/sensors_package/src/lidar_ws/install/lslidar_msgs/include/lslidar_msgs/lslidar_msgs/srv/detail/data_port__rosidl_typesupport_introspection_cpp.hpp
[10.598s] -- Installing: /home/tamir/autonomous_robot/sensors_package/src/lidar_ws/install/lslidar_msgs/include/lslidar_msgs/lslidar_msgs/srv/detail/destination_ip__type_support.cpp
[10.598s] -- Installing: /home/tamir/autonomous_robot/sensors_package/src/lidar_ws/install/lslidar_msgs/include/lslidar_msgs/lslidar_msgs/srv/detail/lslidar_control__rosidl_typesupport_introspection_cpp.hpp
[10.599s] -- Installing: /home/tamir/autonomous_robot/sensors_package/src/lidar_ws/install/lslidar_msgs/include/lslidar_msgs/lslidar_msgs/srv/detail/motor_control__type_support.cpp
[10.599s] -- Installing: /home/tamir/autonomous_robot/sensors_package/src/lidar_ws/install/lslidar_msgs/lib/liblslidar_msgs__rosidl_typesupport_introspection_cpp.so
[10.599s] -- Set runtime path of "/home/tamir/autonomous_robot/sensors_package/src/lidar_ws/install/lslidar_msgs/lib/liblslidar_msgs__rosidl_typesupport_introspection_cpp.so" to ""
[10.599s] -- Installing: /home/tamir/autonomous_robot/sensors_package/src/lidar_ws/install/lslidar_msgs/lib/liblslidar_msgs__rosidl_typesupport_cpp.so
[10.599s] -- Set runtime path of "/home/tamir/autonomous_robot/sensors_package/src/lidar_ws/install/lslidar_msgs/lib/liblslidar_msgs__rosidl_typesupport_cpp.so" to ""
[10.599s] -- Installing: /home/tamir/autonomous_robot/sensors_package/src/lidar_ws/install/lslidar_msgs/share/lslidar_msgs/environment/pythonpath.sh
[10.599s] -- Installing: /home/tamir/autonomous_robot/sensors_package/src/lidar_ws/install/lslidar_msgs/share/lslidar_msgs/environment/pythonpath.dsv
[10.600s] -- Installing: /home/tamir/autonomous_robot/sensors_package/src/lidar_ws/install/lslidar_msgs/local/lib/python3.10/dist-packages/lslidar_msgs-3.0.1-py3.10.egg-info
[10.600s] -- Installing: /home/tamir/autonomous_robot/sensors_package/src/lidar_ws/install/lslidar_msgs/local/lib/python3.10/dist-packages/lslidar_msgs-3.0.1-py3.10.egg-info/PKG-INFO
[10.600s] -- Installing: /home/tamir/autonomous_robot/sensors_package/src/lidar_ws/install/lslidar_msgs/local/lib/python3.10/dist-packages/lslidar_msgs-3.0.1-py3.10.egg-info/dependency_links.txt
[10.600s] -- Installing: /home/tamir/autonomous_robot/sensors_package/src/lidar_ws/install/lslidar_msgs/local/lib/python3.10/dist-packages/lslidar_msgs-3.0.1-py3.10.egg-info/top_level.txt
[10.600s] -- Installing: /home/tamir/autonomous_robot/sensors_package/src/lidar_ws/install/lslidar_msgs/local/lib/python3.10/dist-packages/lslidar_msgs-3.0.1-py3.10.egg-info/SOURCES.txt
[10.600s] -- Installing: /home/tamir/autonomous_robot/sensors_package/src/lidar_ws/install/lslidar_msgs/local/lib/python3.10/dist-packages/lslidar_msgs
[10.600s] -- Installing: /home/tamir/autonomous_robot/sensors_package/src/lidar_ws/install/lslidar_msgs/local/lib/python3.10/dist-packages/lslidar_msgs/_lslidar_msgs_s.ep.rosidl_typesupport_c.c
[10.601s] -- Installing: /home/tamir/autonomous_robot/sensors_package/src/lidar_ws/install/lslidar_msgs/local/lib/python3.10/dist-packages/lslidar_msgs/msg
[10.601s] -- Installing: /home/tamir/autonomous_robot/sensors_package/src/lidar_ws/install/lslidar_msgs/local/lib/python3.10/dist-packages/lslidar_msgs/msg/_lslidar_packet.py
[10.601s] -- Installing: /home/tamir/autonomous_robot/sensors_package/src/lidar_ws/install/lslidar_msgs/local/lib/python3.10/dist-packages/lslidar_msgs/msg/_lslidar_point_s.c
[10.601s] -- Installing: /home/tamir/autonomous_robot/sensors_package/src/lidar_ws/install/lslidar_msgs/local/lib/python3.10/dist-packages/lslidar_msgs/msg/_lslidar_scan.py
[10.601s] -- Installing: /home/tamir/autonomous_robot/sensors_package/src/lidar_ws/install/lslidar_msgs/local/lib/python3.10/dist-packages/lslidar_msgs/msg/_lslidar_scan_s.c
[10.601s] -- Installing: /home/tamir/autonomous_robot/sensors_package/src/lidar_ws/install/lslidar_msgs/local/lib/python3.10/dist-packages/lslidar_msgs/msg/__init__.py
[10.601s] -- Installing: /home/tamir/autonomous_robot/sensors_package/src/lidar_ws/install/lslidar_msgs/local/lib/python3.10/dist-packages/lslidar_msgs/msg/_lslidar_packet_s.c
[10.601s] -- Installing: /home/tamir/autonomous_robot/sensors_package/src/lidar_ws/install/lslidar_msgs/local/lib/python3.10/dist-packages/lslidar_msgs/msg/_lslidar_point.py
[10.601s] -- Installing: /home/tamir/autonomous_robot/sensors_package/src/lidar_ws/install/lslidar_msgs/local/lib/python3.10/dist-packages/lslidar_msgs/__init__.py
[10.601s] -- Installing: /home/tamir/autonomous_robot/sensors_package/src/lidar_ws/install/lslidar_msgs/local/lib/python3.10/dist-packages/lslidar_msgs/lslidar_msgs_s__rosidl_typesupport_introspection_c.cpython-310-x86_64-linux-gnu.so
[10.601s] -- Installing: /home/tamir/autonomous_robot/sensors_package/src/lidar_ws/install/lslidar_msgs/local/lib/python3.10/dist-packages/lslidar_msgs/lslidar_msgs_s__rosidl_typesupport_c.cpython-310-x86_64-linux-gnu.so
[10.601s] -- Installing: /home/tamir/autonomous_robot/sensors_package/src/lidar_ws/install/lslidar_msgs/local/lib/python3.10/dist-packages/lslidar_msgs/_lslidar_msgs_s.ep.rosidl_typesupport_introspection_c.c
[10.601s] -- Installing: /home/tamir/autonomous_robot/sensors_package/src/lidar_ws/install/lslidar_msgs/local/lib/python3.10/dist-packages/lslidar_msgs/srv
[10.601s] -- Installing: /home/tamir/autonomous_robot/sensors_package/src/lidar_ws/install/lslidar_msgs/local/lib/python3.10/dist-packages/lslidar_msgs/srv/_dev_port_s.c
[10.601s] -- Installing: /home/tamir/autonomous_robot/sensors_package/src/lidar_ws/install/lslidar_msgs/local/lib/python3.10/dist-packages/lslidar_msgs/srv/_data_ip.py
[10.601s] -- Installing: /home/tamir/autonomous_robot/sensors_package/src/lidar_ws/install/lslidar_msgs/local/lib/python3.10/dist-packages/lslidar_msgs/srv/_time_service.py
[10.601s] -- Installing: /home/tamir/autonomous_robot/sensors_package/src/lidar_ws/install/lslidar_msgs/local/lib/python3.10/dist-packages/lslidar_msgs/srv/_motor_speed.py
[10.601s] -- Installing: /home/tamir/autonomous_robot/sensors_package/src/lidar_ws/install/lslidar_msgs/local/lib/python3.10/dist-packages/lslidar_msgs/srv/_destination_ip_s.c
[10.601s] -- Installing: /home/tamir/autonomous_robot/sensors_package/src/lidar_ws/install/lslidar_msgs/local/lib/python3.10/dist-packages/lslidar_msgs/srv/__init__.py
[10.602s] -- Installing: /home/tamir/autonomous_robot/sensors_package/src/lidar_ws/install/lslidar_msgs/local/lib/python3.10/dist-packages/lslidar_msgs/srv/_motor_control_s.c
[10.602s] -- Installing: /home/tamir/autonomous_robot/sensors_package/src/lidar_ws/install/lslidar_msgs/local/lib/python3.10/dist-packages/lslidar_msgs/srv/_lslidar_control.py
[10.602s] -- Installing: /home/tamir/autonomous_robot/sensors_package/src/lidar_ws/install/lslidar_msgs/local/lib/python3.10/dist-packages/lslidar_msgs/srv/_data_port.py
[10.602s] -- Installing: /home/tamir/autonomous_robot/sensors_package/src/lidar_ws/install/lslidar_msgs/local/lib/python3.10/dist-packages/lslidar_msgs/srv/_dev_port.py
[10.602s] -- Installing: /home/tamir/autonomous_robot/sensors_package/src/lidar_ws/install/lslidar_msgs/local/lib/python3.10/dist-packages/lslidar_msgs/srv/_data_ip_s.c
[10.602s] -- Installing: /home/tamir/autonomous_robot/sensors_package/src/lidar_ws/install/lslidar_msgs/local/lib/python3.10/dist-packages/lslidar_msgs/srv/_lslidar_control_s.c
[10.602s] -- Installing: /home/tamir/autonomous_robot/sensors_package/src/lidar_ws/install/lslidar_msgs/local/lib/python3.10/dist-packages/lslidar_msgs/srv/_motor_speed_s.c
[10.602s] -- Installing: /home/tamir/autonomous_robot/sensors_package/src/lidar_ws/install/lslidar_msgs/local/lib/python3.10/dist-packages/lslidar_msgs/srv/_data_port_s.c
[10.602s] -- Installing: /home/tamir/autonomous_robot/sensors_package/src/lidar_ws/install/lslidar_msgs/local/lib/python3.10/dist-packages/lslidar_msgs/srv/_time_service_s.c
[10.602s] -- Installing: /home/tamir/autonomous_robot/sensors_package/src/lidar_ws/install/lslidar_msgs/local/lib/python3.10/dist-packages/lslidar_msgs/srv/_destination_ip.py
[10.602s] -- Installing: /home/tamir/autonomous_robot/sensors_package/src/lidar_ws/install/lslidar_msgs/local/lib/python3.10/dist-packages/lslidar_msgs/srv/_motor_control.py
[10.602s] -- Installing: /home/tamir/autonomous_robot/sensors_package/src/lidar_ws/install/lslidar_msgs/local/lib/python3.10/dist-packages/lslidar_msgs/liblslidar_msgs__rosidl_generator_py.so
[10.602s] -- Installing: /home/tamir/autonomous_robot/sensors_package/src/lidar_ws/install/lslidar_msgs/local/lib/python3.10/dist-packages/lslidar_msgs/lslidar_msgs_s__rosidl_typesupport_fastrtps_c.cpython-310-x86_64-linux-gnu.so
[10.602s] -- Installing: /home/tamir/autonomous_robot/sensors_package/src/lidar_ws/install/lslidar_msgs/local/lib/python3.10/dist-packages/lslidar_msgs/_lslidar_msgs_s.ep.rosidl_typesupport_fastrtps_c.c
[10.642s] Listing '/home/tamir/autonomous_robot/sensors_package/src/lidar_ws/install/lslidar_msgs/local/lib/python3.10/dist-packages/lslidar_msgs'...
[10.642s] Compiling '/home/tamir/autonomous_robot/sensors_package/src/lidar_ws/install/lslidar_msgs/local/lib/python3.10/dist-packages/lslidar_msgs/__init__.py'...
[10.642s] Listing '/home/tamir/autonomous_robot/sensors_package/src/lidar_ws/install/lslidar_msgs/local/lib/python3.10/dist-packages/lslidar_msgs/msg'...
[10.642s] Compiling '/home/tamir/autonomous_robot/sensors_package/src/lidar_ws/install/lslidar_msgs/local/lib/python3.10/dist-packages/lslidar_msgs/msg/__init__.py'...
[10.642s] Compiling '/home/tamir/autonomous_robot/sensors_package/src/lidar_ws/install/lslidar_msgs/local/lib/python3.10/dist-packages/lslidar_msgs/msg/_lslidar_packet.py'...
[10.642s] Compiling '/home/tamir/autonomous_robot/sensors_package/src/lidar_ws/install/lslidar_msgs/local/lib/python3.10/dist-packages/lslidar_msgs/msg/_lslidar_point.py'...
[10.642s] Compiling '/home/tamir/autonomous_robot/sensors_package/src/lidar_ws/install/lslidar_msgs/local/lib/python3.10/dist-packages/lslidar_msgs/msg/_lslidar_scan.py'...
[10.642s] Listing '/home/tamir/autonomous_robot/sensors_package/src/lidar_ws/install/lslidar_msgs/local/lib/python3.10/dist-packages/lslidar_msgs/srv'...
[10.642s] Compiling '/home/tamir/autonomous_robot/sensors_package/src/lidar_ws/install/lslidar_msgs/local/lib/python3.10/dist-packages/lslidar_msgs/srv/__init__.py'...
[10.642s] Compiling '/home/tamir/autonomous_robot/sensors_package/src/lidar_ws/install/lslidar_msgs/local/lib/python3.10/dist-packages/lslidar_msgs/srv/_data_ip.py'...
[10.642s] Compiling '/home/tamir/autonomous_robot/sensors_package/src/lidar_ws/install/lslidar_msgs/local/lib/python3.10/dist-packages/lslidar_msgs/srv/_data_port.py'...
[10.642s] Compiling '/home/tamir/autonomous_robot/sensors_package/src/lidar_ws/install/lslidar_msgs/local/lib/python3.10/dist-packages/lslidar_msgs/srv/_destination_ip.py'...
[10.642s] Compiling '/home/tamir/autonomous_robot/sensors_package/src/lidar_ws/install/lslidar_msgs/local/lib/python3.10/dist-packages/lslidar_msgs/srv/_dev_port.py'...
[10.642s] Compiling '/home/tamir/autonomous_robot/sensors_package/src/lidar_ws/install/lslidar_msgs/local/lib/python3.10/dist-packages/lslidar_msgs/srv/_lslidar_control.py'...
[10.642s] Compiling '/home/tamir/autonomous_robot/sensors_package/src/lidar_ws/install/lslidar_msgs/local/lib/python3.10/dist-packages/lslidar_msgs/srv/_motor_control.py'...
[10.642s] Compiling '/home/tamir/autonomous_robot/sensors_package/src/lidar_ws/install/lslidar_msgs/local/lib/python3.10/dist-packages/lslidar_msgs/srv/_motor_speed.py'...
[10.642s] Compiling '/home/tamir/autonomous_robot/sensors_package/src/lidar_ws/install/lslidar_msgs/local/lib/python3.10/dist-packages/lslidar_msgs/srv/_time_service.py'...
[10.645s] -- Installing: /home/tamir/autonomous_robot/sensors_package/src/lidar_ws/install/lslidar_msgs/local/lib/python3.10/dist-packages/lslidar_msgs/lslidar_msgs_s__rosidl_typesupport_fastrtps_c.cpython-310-x86_64-linux-gnu.so
[10.645s] -- Set runtime path of "/home/tamir/autonomous_robot/sensors_package/src/lidar_ws/install/lslidar_msgs/local/lib/python3.10/dist-packages/lslidar_msgs/lslidar_msgs_s__rosidl_typesupport_fastrtps_c.cpython-310-x86_64-linux-gnu.so" to ""
[10.645s] -- Installing: /home/tamir/autonomous_robot/sensors_package/src/lidar_ws/install/lslidar_msgs/local/lib/python3.10/dist-packages/lslidar_msgs/lslidar_msgs_s__rosidl_typesupport_introspection_c.cpython-310-x86_64-linux-gnu.so
[10.646s] -- Set runtime path of "/home/tamir/autonomous_robot/sensors_package/src/lidar_ws/install/lslidar_msgs/local/lib/python3.10/dist-packages/lslidar_msgs/lslidar_msgs_s__rosidl_typesupport_introspection_c.cpython-310-x86_64-linux-gnu.so" to ""
[10.646s] -- Installing: /home/tamir/autonomous_robot/sensors_package/src/lidar_ws/install/lslidar_msgs/local/lib/python3.10/dist-packages/lslidar_msgs/lslidar_msgs_s__rosidl_typesupport_c.cpython-310-x86_64-linux-gnu.so
[10.646s] -- Set runtime path of "/home/tamir/autonomous_robot/sensors_package/src/lidar_ws/install/lslidar_msgs/local/lib/python3.10/dist-packages/lslidar_msgs/lslidar_msgs_s__rosidl_typesupport_c.cpython-310-x86_64-linux-gnu.so" to ""
[10.646s] -- Installing: /home/tamir/autonomous_robot/sensors_package/src/lidar_ws/install/lslidar_msgs/lib/liblslidar_msgs__rosidl_generator_py.so
[10.646s] -- Set runtime path of "/home/tamir/autonomous_robot/sensors_package/src/lidar_ws/install/lslidar_msgs/lib/liblslidar_msgs__rosidl_generator_py.so" to ""
[10.646s] -- Installing: /home/tamir/autonomous_robot/sensors_package/src/lidar_ws/install/lslidar_msgs/share/lslidar_msgs/msg/LslidarPacket.idl
[10.647s] -- Installing: /home/tamir/autonomous_robot/sensors_package/src/lidar_ws/install/lslidar_msgs/share/lslidar_msgs/msg/LslidarPoint.idl
[10.647s] -- Installing: /home/tamir/autonomous_robot/sensors_package/src/lidar_ws/install/lslidar_msgs/share/lslidar_msgs/msg/LslidarScan.idl
[10.647s] -- Installing: /home/tamir/autonomous_robot/sensors_package/src/lidar_ws/install/lslidar_msgs/share/lslidar_msgs/srv/DataIp.idl
[10.647s] -- Installing: /home/tamir/autonomous_robot/sensors_package/src/lidar_ws/install/lslidar_msgs/share/lslidar_msgs/srv/DataPort.idl
[10.647s] -- Installing: /home/tamir/autonomous_robot/sensors_package/src/lidar_ws/install/lslidar_msgs/share/lslidar_msgs/srv/DestinationIp.idl
[10.647s] -- Installing: /home/tamir/autonomous_robot/sensors_package/src/lidar_ws/install/lslidar_msgs/share/lslidar_msgs/srv/DevPort.idl
[10.647s] -- Installing: /home/tamir/autonomous_robot/sensors_package/src/lidar_ws/install/lslidar_msgs/share/lslidar_msgs/srv/LslidarControl.idl
[10.647s] -- Installing: /home/tamir/autonomous_robot/sensors_package/src/lidar_ws/install/lslidar_msgs/share/lslidar_msgs/srv/MotorControl.idl
[10.647s] -- Installing: /home/tamir/autonomous_robot/sensors_package/src/lidar_ws/install/lslidar_msgs/share/lslidar_msgs/srv/MotorSpeed.idl
[10.647s] -- Installing: /home/tamir/autonomous_robot/sensors_package/src/lidar_ws/install/lslidar_msgs/share/lslidar_msgs/srv/TimeService.idl
[10.647s] -- Installing: /home/tamir/autonomous_robot/sensors_package/src/lidar_ws/install/lslidar_msgs/share/lslidar_msgs/msg/LslidarPacket.msg
[10.648s] -- Installing: /home/tamir/autonomous_robot/sensors_package/src/lidar_ws/install/lslidar_msgs/share/lslidar_msgs/msg/LslidarPoint.msg
[10.648s] -- Installing: /home/tamir/autonomous_robot/sensors_package/src/lidar_ws/install/lslidar_msgs/share/lslidar_msgs/msg/LslidarScan.msg
[10.648s] -- Installing: /home/tamir/autonomous_robot/sensors_package/src/lidar_ws/install/lslidar_msgs/share/lslidar_msgs/srv/DataIp.srv
[10.648s] -- Installing: /home/tamir/autonomous_robot/sensors_package/src/lidar_ws/install/lslidar_msgs/share/lslidar_msgs/srv/DataIp_Request.msg
[10.648s] -- Installing: /home/tamir/autonomous_robot/sensors_package/src/lidar_ws/install/lslidar_msgs/share/lslidar_msgs/srv/DataIp_Response.msg
[10.648s] -- Installing: /home/tamir/autonomous_robot/sensors_package/src/lidar_ws/install/lslidar_msgs/share/lslidar_msgs/srv/DataPort.srv
[10.648s] -- Installing: /home/tamir/autonomous_robot/sensors_package/src/lidar_ws/install/lslidar_msgs/share/lslidar_msgs/srv/DataPort_Request.msg
[10.648s] -- Installing: /home/tamir/autonomous_robot/sensors_package/src/lidar_ws/install/lslidar_msgs/share/lslidar_msgs/srv/DataPort_Response.msg
[10.648s] -- Installing: /home/tamir/autonomous_robot/sensors_package/src/lidar_ws/install/lslidar_msgs/share/lslidar_msgs/srv/DestinationIp.srv
[10.648s] -- Installing: /home/tamir/autonomous_robot/sensors_package/src/lidar_ws/install/lslidar_msgs/share/lslidar_msgs/srv/DestinationIp_Request.msg
[10.648s] -- Installing: /home/tamir/autonomous_robot/sensors_package/src/lidar_ws/install/lslidar_msgs/share/lslidar_msgs/srv/DestinationIp_Response.msg
[10.649s] -- Installing: /home/tamir/autonomous_robot/sensors_package/src/lidar_ws/install/lslidar_msgs/share/lslidar_msgs/srv/DevPort.srv
[10.649s] -- Installing: /home/tamir/autonomous_robot/sensors_package/src/lidar_ws/install/lslidar_msgs/share/lslidar_msgs/srv/DevPort_Request.msg
[10.649s] -- Installing: /home/tamir/autonomous_robot/sensors_package/src/lidar_ws/install/lslidar_msgs/share/lslidar_msgs/srv/DevPort_Response.msg
[10.649s] -- Installing: /home/tamir/autonomous_robot/sensors_package/src/lidar_ws/install/lslidar_msgs/share/lslidar_msgs/srv/LslidarControl.srv
[10.649s] -- Installing: /home/tamir/autonomous_robot/sensors_package/src/lidar_ws/install/lslidar_msgs/share/lslidar_msgs/srv/LslidarControl_Request.msg
[10.649s] -- Installing: /home/tamir/autonomous_robot/sensors_package/src/lidar_ws/install/lslidar_msgs/share/lslidar_msgs/srv/LslidarControl_Response.msg
[10.649s] -- Installing: /home/tamir/autonomous_robot/sensors_package/src/lidar_ws/install/lslidar_msgs/share/lslidar_msgs/srv/MotorControl.srv
[10.649s] -- Installing: /home/tamir/autonomous_robot/sensors_package/src/lidar_ws/install/lslidar_msgs/share/lslidar_msgs/srv/MotorControl_Request.msg
[10.649s] -- Installing: /home/tamir/autonomous_robot/sensors_package/src/lidar_ws/install/lslidar_msgs/share/lslidar_msgs/srv/MotorControl_Response.msg
[10.649s] -- Installing: /home/tamir/autonomous_robot/sensors_package/src/lidar_ws/install/lslidar_msgs/share/lslidar_msgs/srv/MotorSpeed.srv
[10.649s] -- Installing: /home/tamir/autonomous_robot/sensors_package/src/lidar_ws/install/lslidar_msgs/share/lslidar_msgs/srv/MotorSpeed_Request.msg
[10.650s] -- Installing: /home/tamir/autonomous_robot/sensors_package/src/lidar_ws/install/lslidar_msgs/share/lslidar_msgs/srv/MotorSpeed_Response.msg
[10.650s] -- Installing: /home/tamir/autonomous_robot/sensors_package/src/lidar_ws/install/lslidar_msgs/share/lslidar_msgs/srv/TimeService.srv
[10.650s] -- Installing: /home/tamir/autonomous_robot/sensors_package/src/lidar_ws/install/lslidar_msgs/share/lslidar_msgs/srv/TimeService_Request.msg
[10.650s] -- Installing: /home/tamir/autonomous_robot/sensors_package/src/lidar_ws/install/lslidar_msgs/share/lslidar_msgs/srv/TimeService_Response.msg
[10.650s] -- Installing: /home/tamir/autonomous_robot/sensors_package/src/lidar_ws/install/lslidar_msgs/share/ament_index/resource_index/package_run_dependencies/lslidar_msgs
[10.650s] -- Installing: /home/tamir/autonomous_robot/sensors_package/src/lidar_ws/install/lslidar_msgs/share/ament_index/resource_index/parent_prefix_path/lslidar_msgs
[10.650s] -- Installing: /home/tamir/autonomous_robot/sensors_package/src/lidar_ws/install/lslidar_msgs/share/lslidar_msgs/environment/ament_prefix_path.sh
[10.650s] -- Installing: /home/tamir/autonomous_robot/sensors_package/src/lidar_ws/install/lslidar_msgs/share/lslidar_msgs/environment/ament_prefix_path.dsv
[10.650s] -- Installing: /home/tamir/autonomous_robot/sensors_package/src/lidar_ws/install/lslidar_msgs/share/lslidar_msgs/environment/path.sh
[10.650s] -- Installing: /home/tamir/autonomous_robot/sensors_package/src/lidar_ws/install/lslidar_msgs/share/lslidar_msgs/environment/path.dsv
[10.651s] -- Installing: /home/tamir/autonomous_robot/sensors_package/src/lidar_ws/install/lslidar_msgs/share/lslidar_msgs/local_setup.bash
[10.651s] -- Installing: /home/tamir/autonomous_robot/sensors_package/src/lidar_ws/install/lslidar_msgs/share/lslidar_msgs/local_setup.sh
[10.651s] -- Installing: /home/tamir/autonomous_robot/sensors_package/src/lidar_ws/install/lslidar_msgs/share/lslidar_msgs/local_setup.zsh
[10.651s] -- Installing: /home/tamir/autonomous_robot/sensors_package/src/lidar_ws/install/lslidar_msgs/share/lslidar_msgs/local_setup.dsv
[10.651s] -- Installing: /home/tamir/autonomous_robot/sensors_package/src/lidar_ws/install/lslidar_msgs/share/lslidar_msgs/package.dsv
[10.651s] -- Installing: /home/tamir/autonomous_robot/sensors_package/src/lidar_ws/install/lslidar_msgs/share/ament_index/resource_index/packages/lslidar_msgs
[10.651s] -- Installing: /home/tamir/autonomous_robot/sensors_package/src/lidar_ws/install/lslidar_msgs/share/lslidar_msgs/cmake/export_lslidar_msgs__rosidl_generator_cExport.cmake
[10.651s] -- Installing: /home/tamir/autonomous_robot/sensors_package/src/lidar_ws/install/lslidar_msgs/share/lslidar_msgs/cmake/export_lslidar_msgs__rosidl_generator_cExport-noconfig.cmake
[10.651s] -- Installing: /home/tamir/autonomous_robot/sensors_package/src/lidar_ws/install/lslidar_msgs/share/lslidar_msgs/cmake/export_lslidar_msgs__rosidl_typesupport_fastrtps_cExport.cmake
[10.651s] -- Installing: /home/tamir/autonomous_robot/sensors_package/src/lidar_ws/install/lslidar_msgs/share/lslidar_msgs/cmake/export_lslidar_msgs__rosidl_typesupport_fastrtps_cExport-noconfig.cmake
[10.652s] -- Installing: /home/tamir/autonomous_robot/sensors_package/src/lidar_ws/install/lslidar_msgs/share/lslidar_msgs/cmake/export_lslidar_msgs__rosidl_generator_cppExport.cmake
[10.652s] -- Installing: /home/tamir/autonomous_robot/sensors_package/src/lidar_ws/install/lslidar_msgs/share/lslidar_msgs/cmake/export_lslidar_msgs__rosidl_typesupport_fastrtps_cppExport.cmake
[10.652s] -- Installing: /home/tamir/autonomous_robot/sensors_package/src/lidar_ws/install/lslidar_msgs/share/lslidar_msgs/cmake/export_lslidar_msgs__rosidl_typesupport_fastrtps_cppExport-noconfig.cmake
[10.652s] -- Installing: /home/tamir/autonomous_robot/sensors_package/src/lidar_ws/install/lslidar_msgs/share/lslidar_msgs/cmake/lslidar_msgs__rosidl_typesupport_introspection_cExport.cmake
[10.652s] -- Installing: /home/tamir/autonomous_robot/sensors_package/src/lidar_ws/install/lslidar_msgs/share/lslidar_msgs/cmake/lslidar_msgs__rosidl_typesupport_introspection_cExport-noconfig.cmake
[10.652s] -- Installing: /home/tamir/autonomous_robot/sensors_package/src/lidar_ws/install/lslidar_msgs/share/lslidar_msgs/cmake/lslidar_msgs__rosidl_typesupport_cExport.cmake
[10.652s] -- Installing: /home/tamir/autonomous_robot/sensors_package/src/lidar_ws/install/lslidar_msgs/share/lslidar_msgs/cmake/lslidar_msgs__rosidl_typesupport_cExport-noconfig.cmake
[10.652s] -- Installing: /home/tamir/autonomous_robot/sensors_package/src/lidar_ws/install/lslidar_msgs/share/lslidar_msgs/cmake/lslidar_msgs__rosidl_typesupport_introspection_cppExport.cmake
[10.652s] -- Installing: /home/tamir/autonomous_robot/sensors_package/src/lidar_ws/install/lslidar_msgs/share/lslidar_msgs/cmake/lslidar_msgs__rosidl_typesupport_introspection_cppExport-noconfig.cmake
[10.652s] -- Installing: /home/tamir/autonomous_robot/sensors_package/src/lidar_ws/install/lslidar_msgs/share/lslidar_msgs/cmake/lslidar_msgs__rosidl_typesupport_cppExport.cmake
[10.653s] -- Installing: /home/tamir/autonomous_robot/sensors_package/src/lidar_ws/install/lslidar_msgs/share/lslidar_msgs/cmake/lslidar_msgs__rosidl_typesupport_cppExport-noconfig.cmake
[10.653s] -- Installing: /home/tamir/autonomous_robot/sensors_package/src/lidar_ws/install/lslidar_msgs/share/lslidar_msgs/cmake/export_lslidar_msgs__rosidl_generator_pyExport.cmake
[10.653s] -- Installing: /home/tamir/autonomous_robot/sensors_package/src/lidar_ws/install/lslidar_msgs/share/lslidar_msgs/cmake/export_lslidar_msgs__rosidl_generator_pyExport-noconfig.cmake
[10.653s] -- Installing: /home/tamir/autonomous_robot/sensors_package/src/lidar_ws/install/lslidar_msgs/share/lslidar_msgs/cmake/rosidl_cmake-extras.cmake
[10.653s] -- Installing: /home/tamir/autonomous_robot/sensors_package/src/lidar_ws/install/lslidar_msgs/share/lslidar_msgs/cmake/ament_cmake_export_dependencies-extras.cmake
[10.653s] -- Installing: /home/tamir/autonomous_robot/sensors_package/src/lidar_ws/install/lslidar_msgs/share/lslidar_msgs/cmake/ament_cmake_export_include_directories-extras.cmake
[10.653s] -- Installing: /home/tamir/autonomous_robot/sensors_package/src/lidar_ws/install/lslidar_msgs/share/lslidar_msgs/cmake/ament_cmake_export_libraries-extras.cmake
[10.653s] -- Installing: /home/tamir/autonomous_robot/sensors_package/src/lidar_ws/install/lslidar_msgs/share/lslidar_msgs/cmake/ament_cmake_export_targets-extras.cmake
[10.653s] -- Installing: /home/tamir/autonomous_robot/sensors_package/src/lidar_ws/install/lslidar_msgs/share/lslidar_msgs/cmake/rosidl_cmake_export_typesupport_targets-extras.cmake
[10.653s] -- Installing: /home/tamir/autonomous_robot/sensors_package/src/lidar_ws/install/lslidar_msgs/share/lslidar_msgs/cmake/rosidl_cmake_export_typesupport_libraries-extras.cmake
[10.654s] -- Installing: /home/tamir/autonomous_robot/sensors_package/src/lidar_ws/install/lslidar_msgs/share/lslidar_msgs/cmake/lslidar_msgsConfig.cmake
[10.654s] -- Installing: /home/tamir/autonomous_robot/sensors_package/src/lidar_ws/install/lslidar_msgs/share/lslidar_msgs/cmake/lslidar_msgsConfig-version.cmake
[10.654s] -- Installing: /home/tamir/autonomous_robot/sensors_package/src/lidar_ws/install/lslidar_msgs/share/lslidar_msgs/package.xml
[10.656s] Invoked command in '/home/tamir/autonomous_robot/sensors_package/src/lidar_ws/build/lslidar_msgs' returned '0': CMAKE_PREFIX_PATH=${CMAKE_PREFIX_PATH}:/home/tamir/autonomous_robot/install/calc_odom:/home/tamir/autonomous_robot/install/control_hardware:/home/tamir/ros2_ws/install/turtle_spawner:/home/tamir/ros2_ws/install/turtle_controller:/home/tamir/ros2_ws/install/my_py_pkg:/opt/ros/humble /usr/bin/cmake --install /home/tamir/autonomous_robot/sensors_package/src/lidar_ws/build/lslidar_msgs
