[0.012s] Invoking command in '/home/tamir/autonomous_robot/build/aws_robomaker_small_warehouse_world': CMAKE_PREFIX_PATH=${CMAKE_PREFIX_PATH}:/home/tamir/ros2_ws/install/turtle_spawner:/home/tamir/ros2_ws/install/turtle_controller:/home/tamir/ros2_ws/install/my_py_pkg:/home/tamir/install/turtlebot3_gazebo:/home/tamir/install/turtle_spawner:/home/tamir/install/turtle_controller:/home/tamir/install/my_py_pkg:/opt/ros/humble /usr/bin/cmake /home/tamir/autonomous_robot/aws-robomaker-small-warehouse-world -DCMAKE_INSTALL_PREFIX=/home/tamir/autonomous_robot/install/aws_robomaker_small_warehouse_world
[0.054s] -- The C compiler identification is GNU 11.4.0
[0.092s] -- The CXX compiler identification is GNU 11.4.0
[0.098s] -- Detecting C compiler ABI info
[0.151s] -- Detecting C compiler ABI info - done
[0.157s] -- Check for working C compiler: /usr/bin/cc - skipped
[0.157s] -- Detecting C compile features
[0.157s] -- Detecting C compile features - done
[0.159s] -- Detecting CXX compiler ABI info
[0.221s] -- Detecting CXX compiler ABI info - done
[0.227s] -- Check for working CXX compiler: /usr/bin/c++ - skipped
[0.227s] -- Detecting CXX compile features
[0.227s] -- Detecting CXX compile features - done
[0.230s] -- Found ament_cmake: 1.3.10 (/opt/ros/humble/share/ament_cmake/cmake)
[0.354s] -- Found Python3: /usr/bin/python3 (found version "3.10.12") found components: Interpreter 
[0.433s] -- Found gazebo_ros: 3.7.0 (/opt/ros/humble/share/gazebo_ros/cmake)
[0.472s] -- Found rosidl_generator_c: 3.1.5 (/opt/ros/humble/share/rosidl_generator_c/cmake)
[0.477s] -- Found rosidl_adapter: 3.1.5 (/opt/ros/humble/share/rosidl_adapter/cmake)
[0.484s] -- Found rosidl_generator_cpp: 3.1.5 (/opt/ros/humble/share/rosidl_generator_cpp/cmake)
[0.494s] -- Using all available rosidl_typesupport_c: rosidl_typesupport_fastrtps_c;rosidl_typesupport_introspection_c
[0.508s] -- Using all available rosidl_typesupport_cpp: rosidl_typesupport_fastrtps_cpp;rosidl_typesupport_introspection_cpp
[0.546s] -- Found rmw_implementation_cmake: 6.1.2 (/opt/ros/humble/share/rmw_implementation_cmake/cmake)
[0.549s] -- Found rmw_cyclonedds_cpp: 1.3.4 (/opt/ros/humble/share/rmw_cyclonedds_cpp/cmake)
[0.569s] -- Using RMW implementation 'rmw_cyclonedds_cpp' as default
[0.577s] -- Looking for pthread.h
[0.643s] -- Looking for pthread.h - found
[0.644s] -- Performing Test CMAKE_HAVE_LIBC_PTHREAD
[0.710s] -- Performing Test CMAKE_HAVE_LIBC_PTHREAD - Success
[0.711s] -- Found Threads: TRUE  
[0.756s] -- Found PkgConfig: /usr/bin/pkg-config (found version "0.29.2") 
[0.756s] -- Checking for module 'bullet>=2.82'
[0.769s] --   Found bullet, version 3.05
[0.863s] -- Found fcl: /usr/include (found suitable version "0.7.0", minimum required is "0.5.0") 
[0.909s] -- Found assimp: /usr/include (found version "5.2.0") 
[0.927s] -- Found DART: /usr/include (Required is at least version "6.6") found components: dart 
[0.952s] -- Found Boost: /usr/lib/x86_64-linux-gnu/cmake/Boost-1.74.0/BoostConfig.cmake (found suitable version "1.74.0", minimum required is "1.40.0") found components: thread system filesystem program_options regex iostreams date_time 
[0.964s] -- Found Protobuf: /usr/lib/x86_64-linux-gnu/libprotobuf.so (found version "3.12.4") 
[0.969s] -- Looking for ignition-math6 -- found version 6.15.1
[0.973s] -- Searching for dependencies of ignition-math6
[0.974s] -- Looking for OGRE...
[0.975s] -- OGRE_PREFIX_WATCH changed.
[0.979s] -- Checking for module 'OGRE'
[0.992s] --   Found OGRE, version 1.9.0
[1.024s] -- Found Ogre Ghadamon (1.9.0)
[1.032s] -- Found OGRE: optimized;/usr/lib/x86_64-linux-gnu/libOgreMain.so;debug;/usr/lib/x86_64-linux-gnu/libOgreMain.so
[1.039s] -- Looking for OGRE_Paging...
[1.044s] -- Found OGRE_Paging: optimized;/usr/lib/x86_64-linux-gnu/libOgrePaging.so;debug;/usr/lib/x86_64-linux-gnu/libOgrePaging.so
[1.044s] -- Looking for OGRE_Terrain...
[1.048s] -- Found OGRE_Terrain: optimized;/usr/lib/x86_64-linux-gnu/libOgreTerrain.so;debug;/usr/lib/x86_64-linux-gnu/libOgreTerrain.so
[1.048s] -- Looking for OGRE_Property...
[1.052s] -- Found OGRE_Property: optimized;/usr/lib/x86_64-linux-gnu/libOgreProperty.so;debug;/usr/lib/x86_64-linux-gnu/libOgreProperty.so
[1.052s] -- Looking for OGRE_RTShaderSystem...
[1.056s] -- Found OGRE_RTShaderSystem: optimized;/usr/lib/x86_64-linux-gnu/libOgreRTShaderSystem.so;debug;/usr/lib/x86_64-linux-gnu/libOgreRTShaderSystem.so
[1.056s] -- Looking for OGRE_Volume...
[1.061s] -- Found OGRE_Volume: optimized;/usr/lib/x86_64-linux-gnu/libOgreVolume.so;debug;/usr/lib/x86_64-linux-gnu/libOgreVolume.so
[1.061s] -- Looking for OGRE_Overlay...
[1.065s] -- Found OGRE_Overlay: optimized;/usr/lib/x86_64-linux-gnu/libOgreOverlay.so;debug;/usr/lib/x86_64-linux-gnu/libOgreOverlay.so
[1.159s] -- Looking for ignition-math6 -- found version 6.15.1
[1.162s] -- Looking for ignition-transport8 -- found version 8.2.1
[1.163s] -- Searching for dependencies of ignition-transport8
[1.177s] -- Found Protobuf: /usr/lib/x86_64-linux-gnu/libprotobuf.so (found suitable version "3.12.4", minimum required is "3") 
[1.187s] -- Config-file not installed for ZeroMQ -- checking for pkg-config
[1.192s] -- Checking for module 'libzmq >= 4'
[1.206s] --   Found libzmq , version 4.3.4
[1.238s] -- Found ZeroMQ: TRUE (Required is at least version "4") 
[1.245s] -- Checking for module 'uuid'
[1.259s] --   Found uuid, version 2.37.2
[1.292s] -- Found UUID: TRUE  
[1.297s] -- Looking for ignition-msgs5 -- found version 5.8.1
[1.297s] -- Searching for dependencies of ignition-msgs5
[1.319s] -- Looking for ignition-math6 -- found version 6.15.1
[1.325s] -- Checking for module 'tinyxml2'
[1.339s] --   Found tinyxml2, version 9.0.0
[1.371s] -- Looking for ignition-msgs5 -- found version 5.8.1
[1.375s] -- Looking for ignition-common3 -- found version 3.14.0
[1.376s] -- Searching for dependencies of ignition-common3
[1.376s] -- Looking for dlfcn.h - found
[1.377s] -- Looking for libdl - found
[1.378s] -- Found DL: TRUE  
[1.389s] -- Found tinyobjloader: /usr/lib/x86_64-linux-gnu/cmake/tinyobjloader/tinyobjloader-config.cmake (found version "2.0.0") 
[1.389s] -- Searching for <ignition-common3> component [graphics]
[1.391s] -- Looking for ignition-common3-graphics -- found version 3.14.0
[1.392s] -- Searching for dependencies of ignition-common3-graphics
[1.392s] -- Looking for ignition-math6 -- found version 6.15.1
[1.395s] -- Looking for ignition-fuel_tools4 -- found version 4.4.0
[1.395s] -- Searching for dependencies of ignition-fuel_tools4
[1.475s] -- Found CURL: /usr/lib/x86_64-linux-gnu/libcurl.so (found version "7.81.0")  
[1.487s] -- Checking for module 'jsoncpp'
[1.503s] --   Found jsoncpp, version 1.9.5
[1.540s] -- Found JSONCPP: TRUE  
[1.546s] -- Checking for module 'libzip'
[1.564s] --   Found libzip, version 1.7.3
[1.600s] -- Found ZIP: TRUE  
[1.600s] -- Looking for ignition-common3 -- found version 3.14.0
[1.601s] -- Looking for ignition-math6 -- found version 6.15.1
[1.601s] -- Looking for ignition-msgs5 -- found version 5.8.1
[1.608s] -- Gazebo version: 11.10
[1.608s] -- Checking for module 'tbb'
[1.625s] --   Found tbb, version 2021.5.0
[1.706s] -- Configuring done
[1.709s] -- Generating done
[1.711s] -- Build files have been written to: /home/tamir/autonomous_robot/build/aws_robomaker_small_warehouse_world
[1.723s] Invoked command in '/home/tamir/autonomous_robot/build/aws_robomaker_small_warehouse_world' returned '0': CMAKE_PREFIX_PATH=${CMAKE_PREFIX_PATH}:/home/tamir/ros2_ws/install/turtle_spawner:/home/tamir/ros2_ws/install/turtle_controller:/home/tamir/ros2_ws/install/my_py_pkg:/home/tamir/install/turtlebot3_gazebo:/home/tamir/install/turtle_spawner:/home/tamir/install/turtle_controller:/home/tamir/install/my_py_pkg:/opt/ros/humble /usr/bin/cmake /home/tamir/autonomous_robot/aws-robomaker-small-warehouse-world -DCMAKE_INSTALL_PREFIX=/home/tamir/autonomous_robot/install/aws_robomaker_small_warehouse_world
[1.726s] Invoking command in '/home/tamir/autonomous_robot/build/aws_robomaker_small_warehouse_world': CMAKE_PREFIX_PATH=${CMAKE_PREFIX_PATH}:/home/tamir/ros2_ws/install/turtle_spawner:/home/tamir/ros2_ws/install/turtle_controller:/home/tamir/ros2_ws/install/my_py_pkg:/home/tamir/install/turtlebot3_gazebo:/home/tamir/install/turtle_spawner:/home/tamir/install/turtle_controller:/home/tamir/install/my_py_pkg:/opt/ros/humble /usr/bin/cmake --build /home/tamir/autonomous_robot/build/aws_robomaker_small_warehouse_world -- -j12 -l12
[1.762s] Invoked command in '/home/tamir/autonomous_robot/build/aws_robomaker_small_warehouse_world' returned '0': CMAKE_PREFIX_PATH=${CMAKE_PREFIX_PATH}:/home/tamir/ros2_ws/install/turtle_spawner:/home/tamir/ros2_ws/install/turtle_controller:/home/tamir/ros2_ws/install/my_py_pkg:/home/tamir/install/turtlebot3_gazebo:/home/tamir/install/turtle_spawner:/home/tamir/install/turtle_controller:/home/tamir/install/my_py_pkg:/opt/ros/humble /usr/bin/cmake --build /home/tamir/autonomous_robot/build/aws_robomaker_small_warehouse_world -- -j12 -l12
[1.782s] Invoking command in '/home/tamir/autonomous_robot/build/aws_robomaker_small_warehouse_world': CMAKE_PREFIX_PATH=${CMAKE_PREFIX_PATH}:/home/tamir/ros2_ws/install/turtle_spawner:/home/tamir/ros2_ws/install/turtle_controller:/home/tamir/ros2_ws/install/my_py_pkg:/home/tamir/install/turtlebot3_gazebo:/home/tamir/install/turtle_spawner:/home/tamir/install/turtle_controller:/home/tamir/install/my_py_pkg:/opt/ros/humble /usr/bin/cmake --install /home/tamir/autonomous_robot/build/aws_robomaker_small_warehouse_world
[1.788s] -- Install configuration: ""
[1.788s] -- Installing: /home/tamir/autonomous_robot/install/aws_robomaker_small_warehouse_world/share/aws_robomaker_small_warehouse_world/launch
[1.788s] -- Installing: /home/tamir/autonomous_robot/install/aws_robomaker_small_warehouse_world/share/aws_robomaker_small_warehouse_world/launch/small_warehouse.launch.py
[1.788s] -- Installing: /home/tamir/autonomous_robot/install/aws_robomaker_small_warehouse_world/share/aws_robomaker_small_warehouse_world/launch/no_roof_small_warehouse.launch.py
[1.788s] -- Installing: /home/tamir/autonomous_robot/install/aws_robomaker_small_warehouse_world/share/aws_robomaker_small_warehouse_world/models
[1.788s] -- Installing: /home/tamir/autonomous_robot/install/aws_robomaker_small_warehouse_world/share/aws_robomaker_small_warehouse_world/models/aws_robomaker_warehouse_Bucket_01
[1.788s] -- Installing: /home/tamir/autonomous_robot/install/aws_robomaker_small_warehouse_world/share/aws_robomaker_small_warehouse_world/models/aws_robomaker_warehouse_Bucket_01/model.sdf
[1.788s] -- Installing: /home/tamir/autonomous_robot/install/aws_robomaker_small_warehouse_world/share/aws_robomaker_small_warehouse_world/models/aws_robomaker_warehouse_Bucket_01/meshes
[1.789s] -- Installing: /home/tamir/autonomous_robot/install/aws_robomaker_small_warehouse_world/share/aws_robomaker_small_warehouse_world/models/aws_robomaker_warehouse_Bucket_01/meshes/aws_robomaker_warehouse_Bucket_01_visual.DAE
[1.789s] -- Installing: /home/tamir/autonomous_robot/install/aws_robomaker_small_warehouse_world/share/aws_robomaker_small_warehouse_world/models/aws_robomaker_warehouse_Bucket_01/meshes/aws_robomaker_warehouse_Bucket_01_collision.DAE
[1.789s] -- Installing: /home/tamir/autonomous_robot/install/aws_robomaker_small_warehouse_world/share/aws_robomaker_small_warehouse_world/models/aws_robomaker_warehouse_Bucket_01/model.config
[1.789s] -- Installing: /home/tamir/autonomous_robot/install/aws_robomaker_small_warehouse_world/share/aws_robomaker_small_warehouse_world/models/aws_robomaker_warehouse_Bucket_01/.DS_Store
[1.789s] -- Installing: /home/tamir/autonomous_robot/install/aws_robomaker_small_warehouse_world/share/aws_robomaker_small_warehouse_world/models/aws_robomaker_warehouse_Bucket_01/materials
[1.789s] -- Installing: /home/tamir/autonomous_robot/install/aws_robomaker_small_warehouse_world/share/aws_robomaker_small_warehouse_world/models/aws_robomaker_warehouse_Bucket_01/materials/.DS_Store
[1.789s] -- Installing: /home/tamir/autonomous_robot/install/aws_robomaker_small_warehouse_world/share/aws_robomaker_small_warehouse_world/models/aws_robomaker_warehouse_Bucket_01/materials/textures
[1.789s] -- Installing: /home/tamir/autonomous_robot/install/aws_robomaker_small_warehouse_world/share/aws_robomaker_small_warehouse_world/models/aws_robomaker_warehouse_Bucket_01/materials/textures/aws_robomaker_warehouse_Bucket_01.png
[1.789s] -- Installing: /home/tamir/autonomous_robot/install/aws_robomaker_small_warehouse_world/share/aws_robomaker_small_warehouse_world/models/aws_robomaker_warehouse_PalletJackB_01
[1.790s] -- Installing: /home/tamir/autonomous_robot/install/aws_robomaker_small_warehouse_world/share/aws_robomaker_small_warehouse_world/models/aws_robomaker_warehouse_PalletJackB_01/model.sdf
[1.790s] -- Installing: /home/tamir/autonomous_robot/install/aws_robomaker_small_warehouse_world/share/aws_robomaker_small_warehouse_world/models/aws_robomaker_warehouse_PalletJackB_01/meshes
[1.790s] -- Installing: /home/tamir/autonomous_robot/install/aws_robomaker_small_warehouse_world/share/aws_robomaker_small_warehouse_world/models/aws_robomaker_warehouse_PalletJackB_01/meshes/aws_robomaker_warehouse_PalletJackB_01_visual.DAE
[1.790s] -- Installing: /home/tamir/autonomous_robot/install/aws_robomaker_small_warehouse_world/share/aws_robomaker_small_warehouse_world/models/aws_robomaker_warehouse_PalletJackB_01/meshes/aws_robomaker_warehouse_PalletJackB_01_collision.DAE
[1.790s] -- Installing: /home/tamir/autonomous_robot/install/aws_robomaker_small_warehouse_world/share/aws_robomaker_small_warehouse_world/models/aws_robomaker_warehouse_PalletJackB_01/model.config
[1.790s] -- Installing: /home/tamir/autonomous_robot/install/aws_robomaker_small_warehouse_world/share/aws_robomaker_small_warehouse_world/models/aws_robomaker_warehouse_PalletJackB_01/.DS_Store
[1.790s] -- Installing: /home/tamir/autonomous_robot/install/aws_robomaker_small_warehouse_world/share/aws_robomaker_small_warehouse_world/models/aws_robomaker_warehouse_PalletJackB_01/materials
[1.790s] -- Installing: /home/tamir/autonomous_robot/install/aws_robomaker_small_warehouse_world/share/aws_robomaker_small_warehouse_world/models/aws_robomaker_warehouse_PalletJackB_01/materials/.DS_Store
[1.790s] -- Installing: /home/tamir/autonomous_robot/install/aws_robomaker_small_warehouse_world/share/aws_robomaker_small_warehouse_world/models/aws_robomaker_warehouse_PalletJackB_01/materials/textures
[1.790s] -- Installing: /home/tamir/autonomous_robot/install/aws_robomaker_small_warehouse_world/share/aws_robomaker_small_warehouse_world/models/aws_robomaker_warehouse_PalletJackB_01/materials/textures/aws_robomaker_warehouse_PalletJackB_02.png
[1.790s] -- Installing: /home/tamir/autonomous_robot/install/aws_robomaker_small_warehouse_world/share/aws_robomaker_small_warehouse_world/models/aws_robomaker_warehouse_PalletJackB_01/materials/textures/aws_robomaker_warehouse_PalletJackB_01.png
[1.791s] -- Installing: /home/tamir/autonomous_robot/install/aws_robomaker_small_warehouse_world/share/aws_robomaker_small_warehouse_world/models/aws_robomaker_warehouse_ClutteringC_01
[1.791s] -- Installing: /home/tamir/autonomous_robot/install/aws_robomaker_small_warehouse_world/share/aws_robomaker_small_warehouse_world/models/aws_robomaker_warehouse_ClutteringC_01/model.sdf
[1.791s] -- Installing: /home/tamir/autonomous_robot/install/aws_robomaker_small_warehouse_world/share/aws_robomaker_small_warehouse_world/models/aws_robomaker_warehouse_ClutteringC_01/meshes
[1.791s] -- Installing: /home/tamir/autonomous_robot/install/aws_robomaker_small_warehouse_world/share/aws_robomaker_small_warehouse_world/models/aws_robomaker_warehouse_ClutteringC_01/meshes/aws_robomaker_warehouse_ClutteringC_01_collision.DAE
[1.791s] -- Installing: /home/tamir/autonomous_robot/install/aws_robomaker_small_warehouse_world/share/aws_robomaker_small_warehouse_world/models/aws_robomaker_warehouse_ClutteringC_01/meshes/aws_robomaker_warehouse_ClutteringC_01_visual.DAE
[1.791s] -- Installing: /home/tamir/autonomous_robot/install/aws_robomaker_small_warehouse_world/share/aws_robomaker_small_warehouse_world/models/aws_robomaker_warehouse_ClutteringC_01/model.config
[1.791s] -- Installing: /home/tamir/autonomous_robot/install/aws_robomaker_small_warehouse_world/share/aws_robomaker_small_warehouse_world/models/aws_robomaker_warehouse_ClutteringC_01/materials
[1.791s] -- Installing: /home/tamir/autonomous_robot/install/aws_robomaker_small_warehouse_world/share/aws_robomaker_small_warehouse_world/models/aws_robomaker_warehouse_ClutteringC_01/materials/textures
[1.792s] -- Installing: /home/tamir/autonomous_robot/install/aws_robomaker_small_warehouse_world/share/aws_robomaker_small_warehouse_world/models/aws_robomaker_warehouse_ClutteringC_01/materials/textures/aws_robomaker_warehouse_ClutteringC_01.png
[1.792s] -- Installing: /home/tamir/autonomous_robot/install/aws_robomaker_small_warehouse_world/share/aws_robomaker_small_warehouse_world/models/aws_robomaker_warehouse_ClutteringC_01/materials/textures/aws_robomaker_warehouse_ClutteringC_02.png
[1.792s] -- Installing: /home/tamir/autonomous_robot/install/aws_robomaker_small_warehouse_world/share/aws_robomaker_small_warehouse_world/models/aws_robomaker_warehouse_Lamp_01
[1.792s] -- Installing: /home/tamir/autonomous_robot/install/aws_robomaker_small_warehouse_world/share/aws_robomaker_small_warehouse_world/models/aws_robomaker_warehouse_Lamp_01/model.sdf
[1.792s] -- Installing: /home/tamir/autonomous_robot/install/aws_robomaker_small_warehouse_world/share/aws_robomaker_small_warehouse_world/models/aws_robomaker_warehouse_Lamp_01/meshes
[1.792s] -- Installing: /home/tamir/autonomous_robot/install/aws_robomaker_small_warehouse_world/share/aws_robomaker_small_warehouse_world/models/aws_robomaker_warehouse_Lamp_01/meshes/aws_robomaker_warehouse_Lamp_01_collision.DAE
[1.792s] -- Installing: /home/tamir/autonomous_robot/install/aws_robomaker_small_warehouse_world/share/aws_robomaker_small_warehouse_world/models/aws_robomaker_warehouse_Lamp_01/meshes/aws_robomaker_warehouse_Lamp_01_visual.DAE
[1.792s] -- Installing: /home/tamir/autonomous_robot/install/aws_robomaker_small_warehouse_world/share/aws_robomaker_small_warehouse_world/models/aws_robomaker_warehouse_Lamp_01/model.config
[1.792s] -- Installing: /home/tamir/autonomous_robot/install/aws_robomaker_small_warehouse_world/share/aws_robomaker_small_warehouse_world/models/aws_robomaker_warehouse_Lamp_01/materials
[1.793s] -- Installing: /home/tamir/autonomous_robot/install/aws_robomaker_small_warehouse_world/share/aws_robomaker_small_warehouse_world/models/aws_robomaker_warehouse_Lamp_01/materials/textures
[1.793s] -- Installing: /home/tamir/autonomous_robot/install/aws_robomaker_small_warehouse_world/share/aws_robomaker_small_warehouse_world/models/aws_robomaker_warehouse_Lamp_01/materials/textures/aws_robomaker_warehouse_Lamp_01.png
[1.793s] -- Installing: /home/tamir/autonomous_robot/install/aws_robomaker_small_warehouse_world/share/aws_robomaker_small_warehouse_world/models/aws_robomaker_warehouse_ShelfD_01
[1.793s] -- Installing: /home/tamir/autonomous_robot/install/aws_robomaker_small_warehouse_world/share/aws_robomaker_small_warehouse_world/models/aws_robomaker_warehouse_ShelfD_01/model.sdf
[1.793s] -- Installing: /home/tamir/autonomous_robot/install/aws_robomaker_small_warehouse_world/share/aws_robomaker_small_warehouse_world/models/aws_robomaker_warehouse_ShelfD_01/meshes
[1.793s] -- Installing: /home/tamir/autonomous_robot/install/aws_robomaker_small_warehouse_world/share/aws_robomaker_small_warehouse_world/models/aws_robomaker_warehouse_ShelfD_01/meshes/aws_robomaker_warehouse_ShelfD_01_collision.DAE
[1.793s] -- Installing: /home/tamir/autonomous_robot/install/aws_robomaker_small_warehouse_world/share/aws_robomaker_small_warehouse_world/models/aws_robomaker_warehouse_ShelfD_01/meshes/aws_robomaker_warehouse_ShelfD_01_visual.DAE
[1.793s] -- Installing: /home/tamir/autonomous_robot/install/aws_robomaker_small_warehouse_world/share/aws_robomaker_small_warehouse_world/models/aws_robomaker_warehouse_ShelfD_01/model.config
[1.793s] -- Installing: /home/tamir/autonomous_robot/install/aws_robomaker_small_warehouse_world/share/aws_robomaker_small_warehouse_world/models/aws_robomaker_warehouse_ShelfD_01/materials
[1.793s] -- Installing: /home/tamir/autonomous_robot/install/aws_robomaker_small_warehouse_world/share/aws_robomaker_small_warehouse_world/models/aws_robomaker_warehouse_ShelfD_01/materials/textures
[1.793s] -- Installing: /home/tamir/autonomous_robot/install/aws_robomaker_small_warehouse_world/share/aws_robomaker_small_warehouse_world/models/aws_robomaker_warehouse_ShelfD_01/materials/textures/aws_robomaker_warehouse_ShelfD_03.png
[1.794s] -- Installing: /home/tamir/autonomous_robot/install/aws_robomaker_small_warehouse_world/share/aws_robomaker_small_warehouse_world/models/aws_robomaker_warehouse_ShelfD_01/materials/textures/aws_robomaker_warehouse_ShelfD_04.png
[1.794s] -- Installing: /home/tamir/autonomous_robot/install/aws_robomaker_small_warehouse_world/share/aws_robomaker_small_warehouse_world/models/aws_robomaker_warehouse_ShelfD_01/materials/textures/aws_robomaker_warehouse_ShelfD_01.png
[1.794s] -- Installing: /home/tamir/autonomous_robot/install/aws_robomaker_small_warehouse_world/share/aws_robomaker_small_warehouse_world/models/aws_robomaker_warehouse_ShelfD_01/materials/textures/aws_robomaker_warehouse_ShelfD_02.png
[1.794s] -- Installing: /home/tamir/autonomous_robot/install/aws_robomaker_small_warehouse_world/share/aws_robomaker_small_warehouse_world/models/aws_robomaker_warehouse_ClutteringD_01
[1.794s] -- Installing: /home/tamir/autonomous_robot/install/aws_robomaker_small_warehouse_world/share/aws_robomaker_small_warehouse_world/models/aws_robomaker_warehouse_ClutteringD_01/model.sdf
[1.794s] -- Installing: /home/tamir/autonomous_robot/install/aws_robomaker_small_warehouse_world/share/aws_robomaker_small_warehouse_world/models/aws_robomaker_warehouse_ClutteringD_01/meshes
[1.794s] -- Installing: /home/tamir/autonomous_robot/install/aws_robomaker_small_warehouse_world/share/aws_robomaker_small_warehouse_world/models/aws_robomaker_warehouse_ClutteringD_01/meshes/aws_robomaker_warehouse_ClutteringD_01_collision.DAE
[1.794s] -- Installing: /home/tamir/autonomous_robot/install/aws_robomaker_small_warehouse_world/share/aws_robomaker_small_warehouse_world/models/aws_robomaker_warehouse_ClutteringD_01/meshes/aws_robomaker_warehouse_ClutteringD_01_visual.DAE
[1.795s] -- Installing: /home/tamir/autonomous_robot/install/aws_robomaker_small_warehouse_world/share/aws_robomaker_small_warehouse_world/models/aws_robomaker_warehouse_ClutteringD_01/model.config
[1.795s] -- Installing: /home/tamir/autonomous_robot/install/aws_robomaker_small_warehouse_world/share/aws_robomaker_small_warehouse_world/models/aws_robomaker_warehouse_ClutteringD_01/materials
[1.795s] -- Installing: /home/tamir/autonomous_robot/install/aws_robomaker_small_warehouse_world/share/aws_robomaker_small_warehouse_world/models/aws_robomaker_warehouse_ClutteringD_01/materials/textures
[1.795s] -- Installing: /home/tamir/autonomous_robot/install/aws_robomaker_small_warehouse_world/share/aws_robomaker_small_warehouse_world/models/aws_robomaker_warehouse_ClutteringD_01/materials/textures/aws_robomaker_warehouse_ClutteringD_02.png
[1.795s] -- Installing: /home/tamir/autonomous_robot/install/aws_robomaker_small_warehouse_world/share/aws_robomaker_small_warehouse_world/models/aws_robomaker_warehouse_ClutteringD_01/materials/textures/aws_robomaker_warehouse_ClutteringD_01.png
[1.795s] -- Installing: /home/tamir/autonomous_robot/install/aws_robomaker_small_warehouse_world/share/aws_robomaker_small_warehouse_world/models/.DS_Store
[1.795s] -- Installing: /home/tamir/autonomous_robot/install/aws_robomaker_small_warehouse_world/share/aws_robomaker_small_warehouse_world/models/aws_robomaker_warehouse_ShelfE_01
[1.795s] -- Installing: /home/tamir/autonomous_robot/install/aws_robomaker_small_warehouse_world/share/aws_robomaker_small_warehouse_world/models/aws_robomaker_warehouse_ShelfE_01/model.sdf
[1.795s] -- Installing: /home/tamir/autonomous_robot/install/aws_robomaker_small_warehouse_world/share/aws_robomaker_small_warehouse_world/models/aws_robomaker_warehouse_ShelfE_01/meshes
[1.795s] -- Installing: /home/tamir/autonomous_robot/install/aws_robomaker_small_warehouse_world/share/aws_robomaker_small_warehouse_world/models/aws_robomaker_warehouse_ShelfE_01/meshes/aws_robomaker_warehouse_ShelfE_01_visual.DAE
[1.795s] -- Installing: /home/tamir/autonomous_robot/install/aws_robomaker_small_warehouse_world/share/aws_robomaker_small_warehouse_world/models/aws_robomaker_warehouse_ShelfE_01/meshes/aws_robomaker_warehouse_ShelfE_01_collision.DAE
[1.795s] -- Installing: /home/tamir/autonomous_robot/install/aws_robomaker_small_warehouse_world/share/aws_robomaker_small_warehouse_world/models/aws_robomaker_warehouse_ShelfE_01/model.config
[1.795s] -- Installing: /home/tamir/autonomous_robot/install/aws_robomaker_small_warehouse_world/share/aws_robomaker_small_warehouse_world/models/aws_robomaker_warehouse_ShelfE_01/.DS_Store
[1.795s] -- Installing: /home/tamir/autonomous_robot/install/aws_robomaker_small_warehouse_world/share/aws_robomaker_small_warehouse_world/models/aws_robomaker_warehouse_ShelfE_01/materials
[1.795s] -- Installing: /home/tamir/autonomous_robot/install/aws_robomaker_small_warehouse_world/share/aws_robomaker_small_warehouse_world/models/aws_robomaker_warehouse_ShelfE_01/materials/.DS_Store
[1.795s] -- Installing: /home/tamir/autonomous_robot/install/aws_robomaker_small_warehouse_world/share/aws_robomaker_small_warehouse_world/models/aws_robomaker_warehouse_ShelfE_01/materials/textures
[1.795s] -- Installing: /home/tamir/autonomous_robot/install/aws_robomaker_small_warehouse_world/share/aws_robomaker_small_warehouse_world/models/aws_robomaker_warehouse_ShelfE_01/materials/textures/aws_robomaker_warehouse_ShelfE_03.png
[1.795s] -- Installing: /home/tamir/autonomous_robot/install/aws_robomaker_small_warehouse_world/share/aws_robomaker_small_warehouse_world/models/aws_robomaker_warehouse_ShelfE_01/materials/textures/aws_robomaker_warehouse_ShelfE_04.png
[1.795s] -- Installing: /home/tamir/autonomous_robot/install/aws_robomaker_small_warehouse_world/share/aws_robomaker_small_warehouse_world/models/aws_robomaker_warehouse_ShelfE_01/materials/textures/aws_robomaker_warehouse_ShelfE_02.png
[1.796s] -- Installing: /home/tamir/autonomous_robot/install/aws_robomaker_small_warehouse_world/share/aws_robomaker_small_warehouse_world/models/aws_robomaker_warehouse_ShelfE_01/materials/textures/aws_robomaker_warehouse_ShelfE_01.png
[1.796s] -- Installing: /home/tamir/autonomous_robot/install/aws_robomaker_small_warehouse_world/share/aws_robomaker_small_warehouse_world/models/aws_robomaker_warehouse_GroundB_01
[1.796s] -- Installing: /home/tamir/autonomous_robot/install/aws_robomaker_small_warehouse_world/share/aws_robomaker_small_warehouse_world/models/aws_robomaker_warehouse_GroundB_01/model.sdf
[1.796s] -- Installing: /home/tamir/autonomous_robot/install/aws_robomaker_small_warehouse_world/share/aws_robomaker_small_warehouse_world/models/aws_robomaker_warehouse_GroundB_01/meshes
[1.796s] -- Installing: /home/tamir/autonomous_robot/install/aws_robomaker_small_warehouse_world/share/aws_robomaker_small_warehouse_world/models/aws_robomaker_warehouse_GroundB_01/meshes/aws_robomaker_warehouse_GroundB_01_visual.DAE
[1.796s] -- Installing: /home/tamir/autonomous_robot/install/aws_robomaker_small_warehouse_world/share/aws_robomaker_small_warehouse_world/models/aws_robomaker_warehouse_GroundB_01/meshes/aws_robomaker_warehouse_GroundB_01_collision.DAE
[1.796s] -- Installing: /home/tamir/autonomous_robot/install/aws_robomaker_small_warehouse_world/share/aws_robomaker_small_warehouse_world/models/aws_robomaker_warehouse_GroundB_01/model.config
[1.796s] -- Installing: /home/tamir/autonomous_robot/install/aws_robomaker_small_warehouse_world/share/aws_robomaker_small_warehouse_world/models/aws_robomaker_warehouse_GroundB_01/materials
[1.796s] -- Installing: /home/tamir/autonomous_robot/install/aws_robomaker_small_warehouse_world/share/aws_robomaker_small_warehouse_world/models/aws_robomaker_warehouse_GroundB_01/materials/textures
[1.796s] -- Installing: /home/tamir/autonomous_robot/install/aws_robomaker_small_warehouse_world/share/aws_robomaker_small_warehouse_world/models/aws_robomaker_warehouse_GroundB_01/materials/textures/aws_robomaker_warehouse_GroundB_01.png
[1.798s] -- Installing: /home/tamir/autonomous_robot/install/aws_robomaker_small_warehouse_world/share/aws_robomaker_small_warehouse_world/models/aws_robomaker_warehouse_GroundB_01/materials/textures/aws_robomaker_warehouse_GroundB_02.png
[1.798s] -- Installing: /home/tamir/autonomous_robot/install/aws_robomaker_small_warehouse_world/share/aws_robomaker_small_warehouse_world/models/aws_robomaker_warehouse_RoofB_01
[1.798s] -- Installing: /home/tamir/autonomous_robot/install/aws_robomaker_small_warehouse_world/share/aws_robomaker_small_warehouse_world/models/aws_robomaker_warehouse_RoofB_01/model.sdf
[1.798s] -- Installing: /home/tamir/autonomous_robot/install/aws_robomaker_small_warehouse_world/share/aws_robomaker_small_warehouse_world/models/aws_robomaker_warehouse_RoofB_01/meshes
[1.798s] -- Installing: /home/tamir/autonomous_robot/install/aws_robomaker_small_warehouse_world/share/aws_robomaker_small_warehouse_world/models/aws_robomaker_warehouse_RoofB_01/meshes/aws_robomaker_warehouse_RoofB_01_collision.DAE
[1.798s] -- Installing: /home/tamir/autonomous_robot/install/aws_robomaker_small_warehouse_world/share/aws_robomaker_small_warehouse_world/models/aws_robomaker_warehouse_RoofB_01/meshes/aws_robomaker_warehouse_RoofB_01_visual.DAE
[1.798s] -- Installing: /home/tamir/autonomous_robot/install/aws_robomaker_small_warehouse_world/share/aws_robomaker_small_warehouse_world/models/aws_robomaker_warehouse_RoofB_01/model.config
[1.798s] -- Installing: /home/tamir/autonomous_robot/install/aws_robomaker_small_warehouse_world/share/aws_robomaker_small_warehouse_world/models/aws_robomaker_warehouse_RoofB_01/materials
[1.798s] -- Installing: /home/tamir/autonomous_robot/install/aws_robomaker_small_warehouse_world/share/aws_robomaker_small_warehouse_world/models/aws_robomaker_warehouse_RoofB_01/materials/textures
[1.798s] -- Installing: /home/tamir/autonomous_robot/install/aws_robomaker_small_warehouse_world/share/aws_robomaker_small_warehouse_world/models/aws_robomaker_warehouse_RoofB_01/materials/textures/aws_robomaker_warehouse_RoofB_01.png
[1.798s] -- Installing: /home/tamir/autonomous_robot/install/aws_robomaker_small_warehouse_world/share/aws_robomaker_small_warehouse_world/models/aws_robomaker_warehouse_ClutteringA_01
[1.798s] -- Installing: /home/tamir/autonomous_robot/install/aws_robomaker_small_warehouse_world/share/aws_robomaker_small_warehouse_world/models/aws_robomaker_warehouse_ClutteringA_01/model.sdf
[1.798s] -- Installing: /home/tamir/autonomous_robot/install/aws_robomaker_small_warehouse_world/share/aws_robomaker_small_warehouse_world/models/aws_robomaker_warehouse_ClutteringA_01/meshes
[1.798s] -- Installing: /home/tamir/autonomous_robot/install/aws_robomaker_small_warehouse_world/share/aws_robomaker_small_warehouse_world/models/aws_robomaker_warehouse_ClutteringA_01/meshes/aws_robomaker_warehouse_ClutteringA_01_collision.DAE
[1.799s] -- Installing: /home/tamir/autonomous_robot/install/aws_robomaker_small_warehouse_world/share/aws_robomaker_small_warehouse_world/models/aws_robomaker_warehouse_ClutteringA_01/meshes/aws_robomaker_warehouse_ClutteringA_01_visual.DAE
[1.799s] -- Installing: /home/tamir/autonomous_robot/install/aws_robomaker_small_warehouse_world/share/aws_robomaker_small_warehouse_world/models/aws_robomaker_warehouse_ClutteringA_01/model.config
[1.799s] -- Installing: /home/tamir/autonomous_robot/install/aws_robomaker_small_warehouse_world/share/aws_robomaker_small_warehouse_world/models/aws_robomaker_warehouse_ClutteringA_01/.DS_Store
[1.799s] -- Installing: /home/tamir/autonomous_robot/install/aws_robomaker_small_warehouse_world/share/aws_robomaker_small_warehouse_world/models/aws_robomaker_warehouse_ClutteringA_01/materials
[1.799s] -- Installing: /home/tamir/autonomous_robot/install/aws_robomaker_small_warehouse_world/share/aws_robomaker_small_warehouse_world/models/aws_robomaker_warehouse_ClutteringA_01/materials/.DS_Store
[1.799s] -- Installing: /home/tamir/autonomous_robot/install/aws_robomaker_small_warehouse_world/share/aws_robomaker_small_warehouse_world/models/aws_robomaker_warehouse_ClutteringA_01/materials/textures
[1.799s] -- Installing: /home/tamir/autonomous_robot/install/aws_robomaker_small_warehouse_world/share/aws_robomaker_small_warehouse_world/models/aws_robomaker_warehouse_ClutteringA_01/materials/textures/aws_robomaker_warehouse_ClutteringA_02.png
[1.799s] -- Installing: /home/tamir/autonomous_robot/install/aws_robomaker_small_warehouse_world/share/aws_robomaker_small_warehouse_world/models/aws_robomaker_warehouse_ClutteringA_01/materials/textures/aws_robomaker_warehouse_ClutteringA_03.png
[1.799s] -- Installing: /home/tamir/autonomous_robot/install/aws_robomaker_small_warehouse_world/share/aws_robomaker_small_warehouse_world/models/aws_robomaker_warehouse_ClutteringA_01/materials/textures/.DS_Store
[1.799s] -- Installing: /home/tamir/autonomous_robot/install/aws_robomaker_small_warehouse_world/share/aws_robomaker_small_warehouse_world/models/aws_robomaker_warehouse_ClutteringA_01/materials/textures/aws_robomaker_warehouse_ClutteringA_01.png
[1.799s] -- Installing: /home/tamir/autonomous_robot/install/aws_robomaker_small_warehouse_world/share/aws_robomaker_small_warehouse_world/models/aws_robomaker_warehouse_ShelfF_01
[1.799s] -- Installing: /home/tamir/autonomous_robot/install/aws_robomaker_small_warehouse_world/share/aws_robomaker_small_warehouse_world/models/aws_robomaker_warehouse_ShelfF_01/model.sdf
[1.799s] -- Installing: /home/tamir/autonomous_robot/install/aws_robomaker_small_warehouse_world/share/aws_robomaker_small_warehouse_world/models/aws_robomaker_warehouse_ShelfF_01/meshes
[1.799s] -- Installing: /home/tamir/autonomous_robot/install/aws_robomaker_small_warehouse_world/share/aws_robomaker_small_warehouse_world/models/aws_robomaker_warehouse_ShelfF_01/meshes/aws_robomaker_warehouse_ShelfF_01_collision.DAE
[1.799s] -- Installing: /home/tamir/autonomous_robot/install/aws_robomaker_small_warehouse_world/share/aws_robomaker_small_warehouse_world/models/aws_robomaker_warehouse_ShelfF_01/meshes/aws_robomaker_warehouse_ShelfF_01_visual.DAE
[1.800s] -- Installing: /home/tamir/autonomous_robot/install/aws_robomaker_small_warehouse_world/share/aws_robomaker_small_warehouse_world/models/aws_robomaker_warehouse_ShelfF_01/model.config
[1.800s] -- Installing: /home/tamir/autonomous_robot/install/aws_robomaker_small_warehouse_world/share/aws_robomaker_small_warehouse_world/models/aws_robomaker_warehouse_ShelfF_01/materials
[1.800s] -- Installing: /home/tamir/autonomous_robot/install/aws_robomaker_small_warehouse_world/share/aws_robomaker_small_warehouse_world/models/aws_robomaker_warehouse_ShelfF_01/materials/textures
[1.800s] -- Installing: /home/tamir/autonomous_robot/install/aws_robomaker_small_warehouse_world/share/aws_robomaker_small_warehouse_world/models/aws_robomaker_warehouse_ShelfF_01/materials/textures/aws_robomaker_warehouse_ShelfF_01.png
[1.800s] -- Installing: /home/tamir/autonomous_robot/install/aws_robomaker_small_warehouse_world/share/aws_robomaker_small_warehouse_world/models/aws_robomaker_warehouse_ShelfF_01/materials/textures/aws_robomaker_warehouse_ShelfF_03.png
[1.800s] -- Installing: /home/tamir/autonomous_robot/install/aws_robomaker_small_warehouse_world/share/aws_robomaker_small_warehouse_world/models/aws_robomaker_warehouse_ShelfF_01/materials/textures/aws_robomaker_warehouse_ShelfF_02.png
[1.800s] -- Installing: /home/tamir/autonomous_robot/install/aws_robomaker_small_warehouse_world/share/aws_robomaker_small_warehouse_world/models/aws_robomaker_warehouse_TrashCanC_01
[1.800s] -- Installing: /home/tamir/autonomous_robot/install/aws_robomaker_small_warehouse_world/share/aws_robomaker_small_warehouse_world/models/aws_robomaker_warehouse_TrashCanC_01/model.sdf
[1.800s] -- Installing: /home/tamir/autonomous_robot/install/aws_robomaker_small_warehouse_world/share/aws_robomaker_small_warehouse_world/models/aws_robomaker_warehouse_TrashCanC_01/meshes
[1.800s] -- Installing: /home/tamir/autonomous_robot/install/aws_robomaker_small_warehouse_world/share/aws_robomaker_small_warehouse_world/models/aws_robomaker_warehouse_TrashCanC_01/meshes/aws_robomaker_warehouse_TrashCanC_01_visual.DAE
[1.800s] -- Installing: /home/tamir/autonomous_robot/install/aws_robomaker_small_warehouse_world/share/aws_robomaker_small_warehouse_world/models/aws_robomaker_warehouse_TrashCanC_01/meshes/aws_robomaker_warehouse_TrashCanC_01_collision.DAE
[1.800s] -- Installing: /home/tamir/autonomous_robot/install/aws_robomaker_small_warehouse_world/share/aws_robomaker_small_warehouse_world/models/aws_robomaker_warehouse_TrashCanC_01/model.config
[1.800s] -- Installing: /home/tamir/autonomous_robot/install/aws_robomaker_small_warehouse_world/share/aws_robomaker_small_warehouse_world/models/aws_robomaker_warehouse_TrashCanC_01/materials
[1.801s] -- Installing: /home/tamir/autonomous_robot/install/aws_robomaker_small_warehouse_world/share/aws_robomaker_small_warehouse_world/models/aws_robomaker_warehouse_TrashCanC_01/materials/textures
[1.801s] -- Installing: /home/tamir/autonomous_robot/install/aws_robomaker_small_warehouse_world/share/aws_robomaker_small_warehouse_world/models/aws_robomaker_warehouse_TrashCanC_01/materials/textures/aws_robomaker_warehouse_TrashCanC_01.png
[1.801s] -- Installing: /home/tamir/autonomous_robot/install/aws_robomaker_small_warehouse_world/share/aws_robomaker_small_warehouse_world/models/aws_robomaker_warehouse_WallB_01
[1.801s] -- Installing: /home/tamir/autonomous_robot/install/aws_robomaker_small_warehouse_world/share/aws_robomaker_small_warehouse_world/models/aws_robomaker_warehouse_WallB_01/model.sdf
[1.801s] -- Installing: /home/tamir/autonomous_robot/install/aws_robomaker_small_warehouse_world/share/aws_robomaker_small_warehouse_world/models/aws_robomaker_warehouse_WallB_01/meshes
[1.801s] -- Installing: /home/tamir/autonomous_robot/install/aws_robomaker_small_warehouse_world/share/aws_robomaker_small_warehouse_world/models/aws_robomaker_warehouse_WallB_01/meshes/aws_robomaker_warehouse_WallB_01_collision.DAE
[1.801s] -- Installing: /home/tamir/autonomous_robot/install/aws_robomaker_small_warehouse_world/share/aws_robomaker_small_warehouse_world/models/aws_robomaker_warehouse_WallB_01/meshes/aws_robomaker_warehouse_WallB_01_visual.DAE
[1.801s] -- Installing: /home/tamir/autonomous_robot/install/aws_robomaker_small_warehouse_world/share/aws_robomaker_small_warehouse_world/models/aws_robomaker_warehouse_WallB_01/model.config
[1.801s] -- Installing: /home/tamir/autonomous_robot/install/aws_robomaker_small_warehouse_world/share/aws_robomaker_small_warehouse_world/models/aws_robomaker_warehouse_WallB_01/materials
[1.801s] -- Installing: /home/tamir/autonomous_robot/install/aws_robomaker_small_warehouse_world/share/aws_robomaker_small_warehouse_world/models/aws_robomaker_warehouse_WallB_01/materials/textures
[1.801s] -- Installing: /home/tamir/autonomous_robot/install/aws_robomaker_small_warehouse_world/share/aws_robomaker_small_warehouse_world/models/aws_robomaker_warehouse_WallB_01/materials/textures/aws_robomaker_warehouse_WallB_01.png
[1.801s] -- Installing: /home/tamir/autonomous_robot/install/aws_robomaker_small_warehouse_world/share/aws_robomaker_small_warehouse_world/models/aws_robomaker_warehouse_DeskC_01
[1.801s] -- Installing: /home/tamir/autonomous_robot/install/aws_robomaker_small_warehouse_world/share/aws_robomaker_small_warehouse_world/models/aws_robomaker_warehouse_DeskC_01/model.sdf
[1.801s] -- Installing: /home/tamir/autonomous_robot/install/aws_robomaker_small_warehouse_world/share/aws_robomaker_small_warehouse_world/models/aws_robomaker_warehouse_DeskC_01/meshes
[1.801s] -- Installing: /home/tamir/autonomous_robot/install/aws_robomaker_small_warehouse_world/share/aws_robomaker_small_warehouse_world/models/aws_robomaker_warehouse_DeskC_01/meshes/aws_robomaker_warehouse_DeskC_01_visual.DAE
[1.801s] -- Installing: /home/tamir/autonomous_robot/install/aws_robomaker_small_warehouse_world/share/aws_robomaker_small_warehouse_world/models/aws_robomaker_warehouse_DeskC_01/meshes/aws_robomaker_warehouse_DeskC_01_collision.DAE
[1.801s] -- Installing: /home/tamir/autonomous_robot/install/aws_robomaker_small_warehouse_world/share/aws_robomaker_small_warehouse_world/models/aws_robomaker_warehouse_DeskC_01/model.config
[1.801s] -- Installing: /home/tamir/autonomous_robot/install/aws_robomaker_small_warehouse_world/share/aws_robomaker_small_warehouse_world/models/aws_robomaker_warehouse_DeskC_01/materials
[1.801s] -- Installing: /home/tamir/autonomous_robot/install/aws_robomaker_small_warehouse_world/share/aws_robomaker_small_warehouse_world/models/aws_robomaker_warehouse_DeskC_01/materials/.DS_Store
[1.802s] -- Installing: /home/tamir/autonomous_robot/install/aws_robomaker_small_warehouse_world/share/aws_robomaker_small_warehouse_world/models/aws_robomaker_warehouse_DeskC_01/materials/textures
[1.802s] -- Installing: /home/tamir/autonomous_robot/install/aws_robomaker_small_warehouse_world/share/aws_robomaker_small_warehouse_world/models/aws_robomaker_warehouse_DeskC_01/materials/textures/aws_robomaker_warehouse_DeskC_03.psd
[1.803s] -- Installing: /home/tamir/autonomous_robot/install/aws_robomaker_small_warehouse_world/share/aws_robomaker_small_warehouse_world/models/aws_robomaker_warehouse_DeskC_01/materials/textures/aws_robomaker_warehouse_DeskC_02.png
[1.803s] -- Installing: /home/tamir/autonomous_robot/install/aws_robomaker_small_warehouse_world/share/aws_robomaker_small_warehouse_world/models/aws_robomaker_warehouse_DeskC_01/materials/textures/aws_robomaker_warehouse_DeskC_03.png
[1.803s] -- Installing: /home/tamir/autonomous_robot/install/aws_robomaker_small_warehouse_world/share/aws_robomaker_small_warehouse_world/models/aws_robomaker_warehouse_DeskC_01/materials/textures/aws_robomaker_warehouse_DeskC_04.png
[1.803s] -- Installing: /home/tamir/autonomous_robot/install/aws_robomaker_small_warehouse_world/share/aws_robomaker_small_warehouse_world/models/aws_robomaker_warehouse_DeskC_01/materials/textures/aws_robomaker_warehouse_DeskC_01.png
[1.803s] -- Installing: /home/tamir/autonomous_robot/install/aws_robomaker_small_warehouse_world/share/aws_robomaker_small_warehouse_world/worlds
[1.803s] -- Installing: /home/tamir/autonomous_robot/install/aws_robomaker_small_warehouse_world/share/aws_robomaker_small_warehouse_world/worlds/no_roof_small_warehouse
[1.803s] -- Installing: /home/tamir/autonomous_robot/install/aws_robomaker_small_warehouse_world/share/aws_robomaker_small_warehouse_world/worlds/no_roof_small_warehouse/no_roof_small_warehouse.world
[1.803s] -- Installing: /home/tamir/autonomous_robot/install/aws_robomaker_small_warehouse_world/share/aws_robomaker_small_warehouse_world/worlds/small_warehouse
[1.803s] -- Installing: /home/tamir/autonomous_robot/install/aws_robomaker_small_warehouse_world/share/aws_robomaker_small_warehouse_world/worlds/small_warehouse/small_warehouse.world
[1.803s] -- Installing: /home/tamir/autonomous_robot/install/aws_robomaker_small_warehouse_world/share/aws_robomaker_small_warehouse_world/maps
[1.804s] -- Installing: /home/tamir/autonomous_robot/install/aws_robomaker_small_warehouse_world/share/aws_robomaker_small_warehouse_world/maps/005
[1.804s] -- Installing: /home/tamir/autonomous_robot/install/aws_robomaker_small_warehouse_world/share/aws_robomaker_small_warehouse_world/maps/005/map_rotated.png
[1.804s] -- Installing: /home/tamir/autonomous_robot/install/aws_robomaker_small_warehouse_world/share/aws_robomaker_small_warehouse_world/maps/005/map.pgm
[1.804s] -- Installing: /home/tamir/autonomous_robot/install/aws_robomaker_small_warehouse_world/share/aws_robomaker_small_warehouse_world/maps/005/map_rotated.pgm
[1.804s] -- Installing: /home/tamir/autonomous_robot/install/aws_robomaker_small_warehouse_world/share/aws_robomaker_small_warehouse_world/maps/005/map.yaml
[1.804s] -- Installing: /home/tamir/autonomous_robot/install/aws_robomaker_small_warehouse_world/share/aws_robomaker_small_warehouse_world/maps/.DS_Store
[1.804s] -- Installing: /home/tamir/autonomous_robot/install/aws_robomaker_small_warehouse_world/share/aws_robomaker_small_warehouse_world/maps/002
[1.804s] -- Installing: /home/tamir/autonomous_robot/install/aws_robomaker_small_warehouse_world/share/aws_robomaker_small_warehouse_world/maps/002/map.pgm
[1.805s] -- Installing: /home/tamir/autonomous_robot/install/aws_robomaker_small_warehouse_world/share/aws_robomaker_small_warehouse_world/maps/002/map.yaml
[1.805s] -- Installing: /home/tamir/autonomous_robot/install/aws_robomaker_small_warehouse_world/share/aws_robomaker_small_warehouse_world/rviz
[1.805s] -- Installing: /home/tamir/autonomous_robot/install/aws_robomaker_small_warehouse_world/share/aws_robomaker_small_warehouse_world/rviz/basic_data.rviz
[1.805s] -- Installing: /home/tamir/autonomous_robot/install/aws_robomaker_small_warehouse_world/share/aws_robomaker_small_warehouse_world/environment/aws_robomaker_small_warehouse_world.dsv
[1.805s] -- Installing: /home/tamir/autonomous_robot/install/aws_robomaker_small_warehouse_world/share/ament_index/resource_index/package_run_dependencies/aws_robomaker_small_warehouse_world
[1.806s] -- Installing: /home/tamir/autonomous_robot/install/aws_robomaker_small_warehouse_world/share/ament_index/resource_index/parent_prefix_path/aws_robomaker_small_warehouse_world
[1.806s] -- Installing: /home/tamir/autonomous_robot/install/aws_robomaker_small_warehouse_world/share/aws_robomaker_small_warehouse_world/environment/ament_prefix_path.sh
[1.806s] -- Installing: /home/tamir/autonomous_robot/install/aws_robomaker_small_warehouse_world/share/aws_robomaker_small_warehouse_world/environment/ament_prefix_path.dsv
[1.806s] -- Installing: /home/tamir/autonomous_robot/install/aws_robomaker_small_warehouse_world/share/aws_robomaker_small_warehouse_world/environment/path.sh
[1.806s] -- Installing: /home/tamir/autonomous_robot/install/aws_robomaker_small_warehouse_world/share/aws_robomaker_small_warehouse_world/environment/path.dsv
[1.806s] -- Installing: /home/tamir/autonomous_robot/install/aws_robomaker_small_warehouse_world/share/aws_robomaker_small_warehouse_world/local_setup.bash
[1.806s] -- Installing: /home/tamir/autonomous_robot/install/aws_robomaker_small_warehouse_world/share/aws_robomaker_small_warehouse_world/local_setup.sh
[1.806s] -- Installing: /home/tamir/autonomous_robot/install/aws_robomaker_small_warehouse_world/share/aws_robomaker_small_warehouse_world/local_setup.zsh
[1.806s] -- Installing: /home/tamir/autonomous_robot/install/aws_robomaker_small_warehouse_world/share/aws_robomaker_small_warehouse_world/local_setup.dsv
[1.806s] -- Installing: /home/tamir/autonomous_robot/install/aws_robomaker_small_warehouse_world/share/aws_robomaker_small_warehouse_world/package.dsv
[1.806s] -- Installing: /home/tamir/autonomous_robot/install/aws_robomaker_small_warehouse_world/share/ament_index/resource_index/packages/aws_robomaker_small_warehouse_world
[1.806s] -- Installing: /home/tamir/autonomous_robot/install/aws_robomaker_small_warehouse_world/share/aws_robomaker_small_warehouse_world/cmake/ament_cmake_export_dependencies-extras.cmake
[1.806s] -- Installing: /home/tamir/autonomous_robot/install/aws_robomaker_small_warehouse_world/share/aws_robomaker_small_warehouse_world/cmake/aws_robomaker_small_warehouse_worldConfig.cmake
[1.806s] -- Installing: /home/tamir/autonomous_robot/install/aws_robomaker_small_warehouse_world/share/aws_robomaker_small_warehouse_world/cmake/aws_robomaker_small_warehouse_worldConfig-version.cmake
[1.806s] -- Installing: /home/tamir/autonomous_robot/install/aws_robomaker_small_warehouse_world/share/aws_robomaker_small_warehouse_world/package.xml
[1.809s] Invoked command in '/home/tamir/autonomous_robot/build/aws_robomaker_small_warehouse_world' returned '0': CMAKE_PREFIX_PATH=${CMAKE_PREFIX_PATH}:/home/tamir/ros2_ws/install/turtle_spawner:/home/tamir/ros2_ws/install/turtle_controller:/home/tamir/ros2_ws/install/my_py_pkg:/home/tamir/install/turtlebot3_gazebo:/home/tamir/install/turtle_spawner:/home/tamir/install/turtle_controller:/home/tamir/install/my_py_pkg:/opt/ros/humble /usr/bin/cmake --install /home/tamir/autonomous_robot/build/aws_robomaker_small_warehouse_world
