[0.421s] Invoking command in '/home/tamir/autonomous_robot/autonomous_robot_control/src/calc_odom': CMAKE_PREFIX_PATH=/home/tamir/autonomous_robot/install/robot_common_interfaces:/home/tamir/autonomous_robot/install/sensors_package:/home/tamir/autonomous_robot/install/joystick:/home/tamir/autonomous_robot/install/autonomous_robot_control:/home/tamir/autonomous_robot/install/aws_robomaker_small_warehouse_world:/home/tamir/autonomous_robot/install/autonomous_robot_description:/home/tamir/ros2_ws/install/my_turtle_interfaces:/home/tamir/ros2_ws/install/my_robot_interfaces:/home/tamir/ros2_ws/install/my_robot_bringup:/home/tamir/ros2_ws/install/my_robot_description:/home/tamir/ros2_ws/install/my_cpp_pkg:/home/tamir/turtlebot3_ws/install/turtlebot3_simulations:/home/tamir/turtlebot3_ws/install/turtlebot3_gazebo:/home/tamir/turtlebot3_ws/install/turtlebot3_fake_node:/home/tamir/install/my_robot_description:/home/tamir/install/autonomous_robot_description LD_LIBRARY_PATH=/home/tamir/autonomous_robot/install/robot_common_interfaces/lib:/home/tamir/ros2_ws/install/my_turtle_interfaces/lib:/home/tamir/ros2_ws/install/my_robot_interfaces/lib:/opt/ros/humble/opt/rviz_ogre_vendor/lib:/opt/ros/humble/lib/x86_64-linux-gnu:/opt/ros/humble/lib:/usr/lib/x86_64-linux-gnu/gazebo-11/plugins PYTHONPATH=/home/tamir/autonomous_robot/build/calc_odom/prefix_override:/usr/lib/python3/dist-packages/colcon_core/task/python/colcon_distutils_commands:/home/tamir/autonomous_robot/install/calc_odom/lib/python3.10/site-packages:${PYTHONPATH} /usr/bin/python3 -W ignore:setup.py install is deprecated setup.py egg_info --egg-base ../../../build/calc_odom build --build-base /home/tamir/autonomous_robot/build/calc_odom/build install --record /home/tamir/autonomous_robot/build/calc_odom/install.log --single-version-externally-managed install_data
[0.576s] running egg_info
[0.577s] creating ../../../build/calc_odom/calc_odom.egg-info
[0.577s] writing ../../../build/calc_odom/calc_odom.egg-info/PKG-INFO
[0.577s] writing dependency_links to ../../../build/calc_odom/calc_odom.egg-info/dependency_links.txt
[0.577s] writing entry points to ../../../build/calc_odom/calc_odom.egg-info/entry_points.txt
[0.577s] writing requirements to ../../../build/calc_odom/calc_odom.egg-info/requires.txt
[0.577s] writing top-level names to ../../../build/calc_odom/calc_odom.egg-info/top_level.txt
[0.577s] writing manifest file '../../../build/calc_odom/calc_odom.egg-info/SOURCES.txt'
[0.579s] reading manifest file '../../../build/calc_odom/calc_odom.egg-info/SOURCES.txt'
[0.579s] writing manifest file '../../../build/calc_odom/calc_odom.egg-info/SOURCES.txt'
[0.579s] running build
[0.579s] running build_py
[0.579s] creating /home/tamir/autonomous_robot/build/calc_odom/build
[0.579s] creating /home/tamir/autonomous_robot/build/calc_odom/build/lib
[0.579s] creating /home/tamir/autonomous_robot/build/calc_odom/build/lib/calc_odom
[0.580s] copying calc_odom/__init__.py -> /home/tamir/autonomous_robot/build/calc_odom/build/lib/calc_odom
[0.580s] copying calc_odom/encoder_odom.py -> /home/tamir/autonomous_robot/build/calc_odom/build/lib/calc_odom
[0.580s] running install
[0.580s] running install_lib
[0.580s] creating /home/tamir/autonomous_robot/install/calc_odom/lib/python3.10/site-packages/calc_odom
[0.581s] copying /home/tamir/autonomous_robot/build/calc_odom/build/lib/calc_odom/__init__.py -> /home/tamir/autonomous_robot/install/calc_odom/lib/python3.10/site-packages/calc_odom
[0.581s] copying /home/tamir/autonomous_robot/build/calc_odom/build/lib/calc_odom/encoder_odom.py -> /home/tamir/autonomous_robot/install/calc_odom/lib/python3.10/site-packages/calc_odom
[0.581s] byte-compiling /home/tamir/autonomous_robot/install/calc_odom/lib/python3.10/site-packages/calc_odom/__init__.py to __init__.cpython-310.pyc
[0.581s] byte-compiling /home/tamir/autonomous_robot/install/calc_odom/lib/python3.10/site-packages/calc_odom/encoder_odom.py to encoder_odom.cpython-310.pyc
[0.582s] running install_data
[0.582s] creating /home/tamir/autonomous_robot/install/calc_odom/share/ament_index
[0.582s] creating /home/tamir/autonomous_robot/install/calc_odom/share/ament_index/resource_index
[0.582s] creating /home/tamir/autonomous_robot/install/calc_odom/share/ament_index/resource_index/packages
[0.582s] copying resource/calc_odom -> /home/tamir/autonomous_robot/install/calc_odom/share/ament_index/resource_index/packages
[0.582s] copying package.xml -> /home/tamir/autonomous_robot/install/calc_odom/share/calc_odom
[0.582s] running install_egg_info
[0.583s] Copying ../../../build/calc_odom/calc_odom.egg-info to /home/tamir/autonomous_robot/install/calc_odom/lib/python3.10/site-packages/calc_odom-0.0.0-py3.10.egg-info
[0.584s] running install_scripts
[0.598s] Installing encoder_odom script to /home/tamir/autonomous_robot/install/calc_odom/lib/calc_odom
[0.598s] writing list of installed files to '/home/tamir/autonomous_robot/build/calc_odom/install.log'
[0.615s] Invoked command in '/home/tamir/autonomous_robot/autonomous_robot_control/src/calc_odom' returned '0': CMAKE_PREFIX_PATH=/home/tamir/autonomous_robot/install/robot_common_interfaces:/home/tamir/autonomous_robot/install/sensors_package:/home/tamir/autonomous_robot/install/joystick:/home/tamir/autonomous_robot/install/autonomous_robot_control:/home/tamir/autonomous_robot/install/aws_robomaker_small_warehouse_world:/home/tamir/autonomous_robot/install/autonomous_robot_description:/home/tamir/ros2_ws/install/my_turtle_interfaces:/home/tamir/ros2_ws/install/my_robot_interfaces:/home/tamir/ros2_ws/install/my_robot_bringup:/home/tamir/ros2_ws/install/my_robot_description:/home/tamir/ros2_ws/install/my_cpp_pkg:/home/tamir/turtlebot3_ws/install/turtlebot3_simulations:/home/tamir/turtlebot3_ws/install/turtlebot3_gazebo:/home/tamir/turtlebot3_ws/install/turtlebot3_fake_node:/home/tamir/install/my_robot_description:/home/tamir/install/autonomous_robot_description LD_LIBRARY_PATH=/home/tamir/autonomous_robot/install/robot_common_interfaces/lib:/home/tamir/ros2_ws/install/my_turtle_interfaces/lib:/home/tamir/ros2_ws/install/my_robot_interfaces/lib:/opt/ros/humble/opt/rviz_ogre_vendor/lib:/opt/ros/humble/lib/x86_64-linux-gnu:/opt/ros/humble/lib:/usr/lib/x86_64-linux-gnu/gazebo-11/plugins PYTHONPATH=/home/tamir/autonomous_robot/build/calc_odom/prefix_override:/usr/lib/python3/dist-packages/colcon_core/task/python/colcon_distutils_commands:/home/tamir/autonomous_robot/install/calc_odom/lib/python3.10/site-packages:${PYTHONPATH} /usr/bin/python3 -W ignore:setup.py install is deprecated setup.py egg_info --egg-base ../../../build/calc_odom build --build-base /home/tamir/autonomous_robot/build/calc_odom/build install --record /home/tamir/autonomous_robot/build/calc_odom/install.log --single-version-externally-managed install_data
