[0.409s] Invoking command in '/home/tamir/autonomous_robot/autonomous_robot_control/src/control_hardware': PYTHONPATH=/home/tamir/autonomous_robot/autonomous_robot_control/src/control_hardware/build/control_hardware/prefix_override:/usr/lib/python3/dist-packages/colcon_core/task/python/colcon_distutils_commands:/home/tamir/autonomous_robot/autonomous_robot_control/src/control_hardware/install/control_hardware/lib/python3.10/site-packages:${PYTHONPATH} /usr/bin/python3 -W ignore:setup.py install is deprecated setup.py egg_info --egg-base build/control_hardware build --build-base /home/tamir/autonomous_robot/autonomous_robot_control/src/control_hardware/build/control_hardware/build install --record /home/tamir/autonomous_robot/autonomous_robot_control/src/control_hardware/build/control_hardware/install.log --single-version-externally-managed install_data
[0.571s] running egg_info
[0.571s] creating build/control_hardware/control_hardware.egg-info
[0.571s] writing build/control_hardware/control_hardware.egg-info/PKG-INFO
[0.572s] writing dependency_links to build/control_hardware/control_hardware.egg-info/dependency_links.txt
[0.572s] writing entry points to build/control_hardware/control_hardware.egg-info/entry_points.txt
[0.572s] writing requirements to build/control_hardware/control_hardware.egg-info/requires.txt
[0.572s] writing top-level names to build/control_hardware/control_hardware.egg-info/top_level.txt
[0.572s] writing manifest file 'build/control_hardware/control_hardware.egg-info/SOURCES.txt'
[0.573s] reading manifest file 'build/control_hardware/control_hardware.egg-info/SOURCES.txt'
[0.574s] writing manifest file 'build/control_hardware/control_hardware.egg-info/SOURCES.txt'
[0.574s] running build
[0.574s] running build_py
[0.574s] creating /home/tamir/autonomous_robot/autonomous_robot_control/src/control_hardware/build/control_hardware/build
[0.574s] creating /home/tamir/autonomous_robot/autonomous_robot_control/src/control_hardware/build/control_hardware/build/lib
[0.574s] creating /home/tamir/autonomous_robot/autonomous_robot_control/src/control_hardware/build/control_hardware/build/lib/control_hardware
[0.574s] copying control_hardware/mux.py -> /home/tamir/autonomous_robot/autonomous_robot_control/src/control_hardware/build/control_hardware/build/lib/control_hardware
[0.574s] copying control_hardware/pwm2GPIO.py -> /home/tamir/autonomous_robot/autonomous_robot_control/src/control_hardware/build/control_hardware/build/lib/control_hardware
[0.575s] copying control_hardware/__init__.py -> /home/tamir/autonomous_robot/autonomous_robot_control/src/control_hardware/build/control_hardware/build/lib/control_hardware
[0.575s] copying control_hardware/cmd2pwm.py -> /home/tamir/autonomous_robot/autonomous_robot_control/src/control_hardware/build/control_hardware/build/lib/control_hardware
[0.575s] running install
[0.575s] running install_lib
[0.575s] creating /home/tamir/autonomous_robot/autonomous_robot_control/src/control_hardware/install/control_hardware/lib/python3.10/site-packages/control_hardware
[0.575s] copying /home/tamir/autonomous_robot/autonomous_robot_control/src/control_hardware/build/control_hardware/build/lib/control_hardware/mux.py -> /home/tamir/autonomous_robot/autonomous_robot_control/src/control_hardware/install/control_hardware/lib/python3.10/site-packages/control_hardware
[0.575s] copying /home/tamir/autonomous_robot/autonomous_robot_control/src/control_hardware/build/control_hardware/build/lib/control_hardware/pwm2GPIO.py -> /home/tamir/autonomous_robot/autonomous_robot_control/src/control_hardware/install/control_hardware/lib/python3.10/site-packages/control_hardware
[0.575s] copying /home/tamir/autonomous_robot/autonomous_robot_control/src/control_hardware/build/control_hardware/build/lib/control_hardware/__init__.py -> /home/tamir/autonomous_robot/autonomous_robot_control/src/control_hardware/install/control_hardware/lib/python3.10/site-packages/control_hardware
[0.575s] copying /home/tamir/autonomous_robot/autonomous_robot_control/src/control_hardware/build/control_hardware/build/lib/control_hardware/cmd2pwm.py -> /home/tamir/autonomous_robot/autonomous_robot_control/src/control_hardware/install/control_hardware/lib/python3.10/site-packages/control_hardware
[0.575s] byte-compiling /home/tamir/autonomous_robot/autonomous_robot_control/src/control_hardware/install/control_hardware/lib/python3.10/site-packages/control_hardware/mux.py to mux.cpython-310.pyc
[0.576s] byte-compiling /home/tamir/autonomous_robot/autonomous_robot_control/src/control_hardware/install/control_hardware/lib/python3.10/site-packages/control_hardware/pwm2GPIO.py to pwm2GPIO.cpython-310.pyc
[0.576s] byte-compiling /home/tamir/autonomous_robot/autonomous_robot_control/src/control_hardware/install/control_hardware/lib/python3.10/site-packages/control_hardware/__init__.py to __init__.cpython-310.pyc
[0.576s] byte-compiling /home/tamir/autonomous_robot/autonomous_robot_control/src/control_hardware/install/control_hardware/lib/python3.10/site-packages/control_hardware/cmd2pwm.py to cmd2pwm.cpython-310.pyc
[0.577s] running install_data
[0.577s] creating /home/tamir/autonomous_robot/autonomous_robot_control/src/control_hardware/install/control_hardware/share/ament_index
[0.577s] creating /home/tamir/autonomous_robot/autonomous_robot_control/src/control_hardware/install/control_hardware/share/ament_index/resource_index
[0.577s] creating /home/tamir/autonomous_robot/autonomous_robot_control/src/control_hardware/install/control_hardware/share/ament_index/resource_index/packages
[0.577s] copying resource/control_hardware -> /home/tamir/autonomous_robot/autonomous_robot_control/src/control_hardware/install/control_hardware/share/ament_index/resource_index/packages
[0.577s] copying package.xml -> /home/tamir/autonomous_robot/autonomous_robot_control/src/control_hardware/install/control_hardware/share/control_hardware
[0.577s] running install_egg_info
[0.578s] Copying build/control_hardware/control_hardware.egg-info to /home/tamir/autonomous_robot/autonomous_robot_control/src/control_hardware/install/control_hardware/lib/python3.10/site-packages/control_hardware-0.0.0-py3.10.egg-info
[0.579s] running install_scripts
[0.594s] Installing cmd2pwm script to /home/tamir/autonomous_robot/autonomous_robot_control/src/control_hardware/install/control_hardware/lib/control_hardware
[0.594s] Installing mux script to /home/tamir/autonomous_robot/autonomous_robot_control/src/control_hardware/install/control_hardware/lib/control_hardware
[0.594s] Installing pwm2GPIO script to /home/tamir/autonomous_robot/autonomous_robot_control/src/control_hardware/install/control_hardware/lib/control_hardware
[0.594s] writing list of installed files to '/home/tamir/autonomous_robot/autonomous_robot_control/src/control_hardware/build/control_hardware/install.log'
[0.614s] Invoked command in '/home/tamir/autonomous_robot/autonomous_robot_control/src/control_hardware' returned '0': PYTHONPATH=/home/tamir/autonomous_robot/autonomous_robot_control/src/control_hardware/build/control_hardware/prefix_override:/usr/lib/python3/dist-packages/colcon_core/task/python/colcon_distutils_commands:/home/tamir/autonomous_robot/autonomous_robot_control/src/control_hardware/install/control_hardware/lib/python3.10/site-packages:${PYTHONPATH} /usr/bin/python3 -W ignore:setup.py install is deprecated setup.py egg_info --egg-base build/control_hardware build --build-base /home/tamir/autonomous_robot/autonomous_robot_control/src/control_hardware/build/control_hardware/build install --record /home/tamir/autonomous_robot/autonomous_robot_control/src/control_hardware/build/control_hardware/install.log --single-version-externally-managed install_data
