[0.012s] Invoking command in '/home/tamir/autonomous_robot/autonomous_robot_control/src/joystick/build/joystick': CMAKE_PREFIX_PATH=${CMAKE_PREFIX_PATH}:/home/tamir/ws_moveit2/install/moveit_configs_utils:/home/tamir/ws_moveit2/install/launch_param_builder:/home/tamir/autonomous_robot/install/calc_odom:/home/tamir/autonomous_robot/install/control_hardware:/home/tamir/autonomous_robot/autonomous_robot_control/src/control_hardware/install/control_hardware:/opt/ros/humble /usr/bin/cmake --build /home/tamir/autonomous_robot/autonomous_robot_control/src/joystick/build/joystick -- -j12 -l12
[0.064s] [35m[1mConsolidate compiler generated dependencies of target teleop_joy_node[0m
[0.072s] [ 33%] Built target joystick
[0.082s] [ 50%] [32mBuilding CXX object CMakeFiles/teleop_joy_node.dir/src/teleop_joy_node.cpp.o[0m
[0.105s] [ 83%] Built target prototype_joy_driver
[5.535s] [100%] [32m[1mLinking CXX executable teleop_joy_node[0m
[5.863s] [100%] Built target teleop_joy_node
[5.876s] Invoked command in '/home/tamir/autonomous_robot/autonomous_robot_control/src/joystick/build/joystick' returned '0': CMAKE_PREFIX_PATH=${CMAKE_PREFIX_PATH}:/home/tamir/ws_moveit2/install/moveit_configs_utils:/home/tamir/ws_moveit2/install/launch_param_builder:/home/tamir/autonomous_robot/install/calc_odom:/home/tamir/autonomous_robot/install/control_hardware:/home/tamir/autonomous_robot/autonomous_robot_control/src/control_hardware/install/control_hardware:/opt/ros/humble /usr/bin/cmake --build /home/tamir/autonomous_robot/autonomous_robot_control/src/joystick/build/joystick -- -j12 -l12
[5.887s] Invoking command in '/home/tamir/autonomous_robot/autonomous_robot_control/src/joystick/build/joystick': CMAKE_PREFIX_PATH=${CMAKE_PREFIX_PATH}:/home/tamir/ws_moveit2/install/moveit_configs_utils:/home/tamir/ws_moveit2/install/launch_param_builder:/home/tamir/autonomous_robot/install/calc_odom:/home/tamir/autonomous_robot/install/control_hardware:/home/tamir/autonomous_robot/autonomous_robot_control/src/control_hardware/install/control_hardware:/opt/ros/humble /usr/bin/cmake --install /home/tamir/autonomous_robot/autonomous_robot_control/src/joystick/build/joystick
[5.898s] -- Install configuration: ""
[5.898s] -- Installing: /home/tamir/autonomous_robot/autonomous_robot_control/src/joystick/install/joystick/lib/joystick/teleop_joy_node
[5.905s] -- Set runtime path of "/home/tamir/autonomous_robot/autonomous_robot_control/src/joystick/install/joystick/lib/joystick/teleop_joy_node" to ""
[5.906s] -- Up-to-date: /home/tamir/autonomous_robot/autonomous_robot_control/src/joystick/install/joystick/lib/joystick/prototype_joy_driver
[5.906s] -- Up-to-date: /home/tamir/autonomous_robot/autonomous_robot_control/src/joystick/install/joystick/include/joystick
[5.906s] -- Up-to-date: /home/tamir/autonomous_robot/autonomous_robot_control/src/joystick/install/joystick/include/joystick/joystick
[5.907s] -- Up-to-date: /home/tamir/autonomous_robot/autonomous_robot_control/src/joystick/install/joystick/include/joystick/joystick/joy_compute_control.hpp
[5.907s] -- Up-to-date: /home/tamir/autonomous_robot/autonomous_robot_control/src/joystick/install/joystick/share/joystick//launch
[5.907s] -- Up-to-date: /home/tamir/autonomous_robot/autonomous_robot_control/src/joystick/install/joystick/share/joystick//launch/joystick.launch.py
[5.907s] -- Up-to-date: /home/tamir/autonomous_robot/autonomous_robot_control/src/joystick/install/joystick/share/ament_index/resource_index/package_run_dependencies/joystick
[5.907s] -- Up-to-date: /home/tamir/autonomous_robot/autonomous_robot_control/src/joystick/install/joystick/share/ament_index/resource_index/parent_prefix_path/joystick
[5.907s] -- Up-to-date: /home/tamir/autonomous_robot/autonomous_robot_control/src/joystick/install/joystick/share/joystick/environment/ament_prefix_path.sh
[5.907s] -- Up-to-date: /home/tamir/autonomous_robot/autonomous_robot_control/src/joystick/install/joystick/share/joystick/environment/ament_prefix_path.dsv
[5.907s] -- Up-to-date: /home/tamir/autonomous_robot/autonomous_robot_control/src/joystick/install/joystick/share/joystick/environment/path.sh
[5.908s] -- Up-to-date: /home/tamir/autonomous_robot/autonomous_robot_control/src/joystick/install/joystick/share/joystick/environment/path.dsv
[5.908s] -- Up-to-date: /home/tamir/autonomous_robot/autonomous_robot_control/src/joystick/install/joystick/share/joystick/local_setup.bash
[5.908s] -- Up-to-date: /home/tamir/autonomous_robot/autonomous_robot_control/src/joystick/install/joystick/share/joystick/local_setup.sh
[5.908s] -- Up-to-date: /home/tamir/autonomous_robot/autonomous_robot_control/src/joystick/install/joystick/share/joystick/local_setup.zsh
[5.908s] -- Up-to-date: /home/tamir/autonomous_robot/autonomous_robot_control/src/joystick/install/joystick/share/joystick/local_setup.dsv
[5.908s] -- Installing: /home/tamir/autonomous_robot/autonomous_robot_control/src/joystick/install/joystick/share/joystick/package.dsv
[5.909s] -- Up-to-date: /home/tamir/autonomous_robot/autonomous_robot_control/src/joystick/install/joystick/share/ament_index/resource_index/packages/joystick
[5.909s] -- Up-to-date: /home/tamir/autonomous_robot/autonomous_robot_control/src/joystick/install/joystick/share/joystick/cmake/joystickConfig.cmake
[5.909s] -- Up-to-date: /home/tamir/autonomous_robot/autonomous_robot_control/src/joystick/install/joystick/share/joystick/cmake/joystickConfig-version.cmake
[5.909s] -- Up-to-date: /home/tamir/autonomous_robot/autonomous_robot_control/src/joystick/install/joystick/share/joystick/package.xml
[5.910s] Invoked command in '/home/tamir/autonomous_robot/autonomous_robot_control/src/joystick/build/joystick' returned '0': CMAKE_PREFIX_PATH=${CMAKE_PREFIX_PATH}:/home/tamir/ws_moveit2/install/moveit_configs_utils:/home/tamir/ws_moveit2/install/launch_param_builder:/home/tamir/autonomous_robot/install/calc_odom:/home/tamir/autonomous_robot/install/control_hardware:/home/tamir/autonomous_robot/autonomous_robot_control/src/control_hardware/install/control_hardware:/opt/ros/humble /usr/bin/cmake --install /home/tamir/autonomous_robot/autonomous_robot_control/src/joystick/build/joystick
