-- Found ament_cmake: 1.3.10 (/opt/ros/humble/share/ament_cmake/cmake)
-- Override CMake install command with custom implementation using symlinks instead of copying resources
-- Configuring done
-- Generating done
-- Build files have been written to: /home/tamir/autonomous_robot/build/autonomous_robot_description
-- Install configuration: ""
-- Execute custom install script
-- Symlinking: /home/tamir/autonomous_robot/install/autonomous_robot_description/share/autonomous_robot_description//config/joint_controller.yaml
-- Symlinking: /home/tamir/autonomous_robot/install/autonomous_robot_description/share/autonomous_robot_description//launch/display.launch.xml
-- Symlinking: /home/tamir/autonomous_robot/install/autonomous_robot_description/share/autonomous_robot_description//rviz/urdf_config.rviz
-- Symlinking: /home/tamir/autonomous_robot/install/autonomous_robot_description/share/autonomous_robot_description//urdf/autonomous_robot.urdf.xacro
-- Symlinking: /home/tamir/autonomous_robot/install/autonomous_robot_description/share/autonomous_robot_description//urdf/autonomous_robot_gazebo.xacro
-- Symlinking: /home/tamir/autonomous_robot/install/autonomous_robot_description/share/autonomous_robot_description//urdf/build/.built_by
-- Symlinking: /home/tamir/autonomous_robot/install/autonomous_robot_description/share/autonomous_robot_description//urdf/build/COLCON_IGNORE
-- Symlinking: /home/tamir/autonomous_robot/install/autonomous_robot_description/share/autonomous_robot_description//urdf/camera.xacro
-- Symlinking: /home/tamir/autonomous_robot/install/autonomous_robot_description/share/autonomous_robot_description//urdf/common_properties.xacro
-- Symlinking: /home/tamir/autonomous_robot/install/autonomous_robot_description/share/autonomous_robot_description//urdf/install/.colcon_install_layout
-- Symlinking: /home/tamir/autonomous_robot/install/autonomous_robot_description/share/autonomous_robot_description//urdf/install/COLCON_IGNORE
-- Symlinking: /home/tamir/autonomous_robot/install/autonomous_robot_description/share/autonomous_robot_description//urdf/install/_local_setup_util_ps1.py
-- Symlinking: /home/tamir/autonomous_robot/install/autonomous_robot_description/share/autonomous_robot_description//urdf/install/_local_setup_util_sh.py
-- Symlinking: /home/tamir/autonomous_robot/install/autonomous_robot_description/share/autonomous_robot_description//urdf/install/local_setup.bash
-- Symlinking: /home/tamir/autonomous_robot/install/autonomous_robot_description/share/autonomous_robot_description//urdf/install/local_setup.ps1
-- Symlinking: /home/tamir/autonomous_robot/install/autonomous_robot_description/share/autonomous_robot_description//urdf/install/local_setup.sh
-- Symlinking: /home/tamir/autonomous_robot/install/autonomous_robot_description/share/autonomous_robot_description//urdf/install/local_setup.zsh
-- Symlinking: /home/tamir/autonomous_robot/install/autonomous_robot_description/share/autonomous_robot_description//urdf/install/setup.bash
-- Symlinking: /home/tamir/autonomous_robot/install/autonomous_robot_description/share/autonomous_robot_description//urdf/install/setup.ps1
-- Symlinking: /home/tamir/autonomous_robot/install/autonomous_robot_description/share/autonomous_robot_description//urdf/install/setup.sh
-- Symlinking: /home/tamir/autonomous_robot/install/autonomous_robot_description/share/autonomous_robot_description//urdf/install/setup.zsh
-- Symlinking: /home/tamir/autonomous_robot/install/autonomous_robot_description/share/autonomous_robot_description//urdf/lidar.xacro
-- Symlinking: /home/tamir/autonomous_robot/install/autonomous_robot_description/share/autonomous_robot_description//urdf/log/COLCON_IGNORE
-- Symlinking: /home/tamir/autonomous_robot/install/autonomous_robot_description/share/autonomous_robot_description//urdf/log/build_2024-10-10_22-18-31/events.log
-- Symlinking: /home/tamir/autonomous_robot/install/autonomous_robot_description/share/autonomous_robot_description//urdf/log/build_2024-10-10_22-18-31/logger_all.log
-- Up-to-date symlink: /home/tamir/autonomous_robot/install/autonomous_robot_description/share/autonomous_robot_description//urdf/log/latest/events.log
-- Up-to-date symlink: /home/tamir/autonomous_robot/install/autonomous_robot_description/share/autonomous_robot_description//urdf/log/latest/logger_all.log
-- Up-to-date symlink: /home/tamir/autonomous_robot/install/autonomous_robot_description/share/autonomous_robot_description//urdf/log/latest_build/events.log
-- Up-to-date symlink: /home/tamir/autonomous_robot/install/autonomous_robot_description/share/autonomous_robot_description//urdf/log/latest_build/logger_all.log
-- Symlinking: /home/tamir/autonomous_robot/install/autonomous_robot_description/share/autonomous_robot_description//urdf/mobile_robot.xacro
-- Symlinking: /home/tamir/autonomous_robot/install/autonomous_robot_description/share/autonomous_robot_description//worlds/turtlebot3_house.world
-- Symlinking: /home/tamir/autonomous_robot/install/autonomous_robot_description/share/ament_index/resource_index/package_run_dependencies/autonomous_robot_description
-- Symlinking: /home/tamir/autonomous_robot/install/autonomous_robot_description/share/ament_index/resource_index/parent_prefix_path/autonomous_robot_description
-- Symlinking: /home/tamir/autonomous_robot/install/autonomous_robot_description/share/autonomous_robot_description/environment/ament_prefix_path.sh
-- Symlinking: /home/tamir/autonomous_robot/install/autonomous_robot_description/share/autonomous_robot_description/environment/ament_prefix_path.dsv
-- Symlinking: /home/tamir/autonomous_robot/install/autonomous_robot_description/share/autonomous_robot_description/environment/path.sh
-- Symlinking: /home/tamir/autonomous_robot/install/autonomous_robot_description/share/autonomous_robot_description/environment/path.dsv
-- Symlinking: /home/tamir/autonomous_robot/install/autonomous_robot_description/share/autonomous_robot_description/local_setup.bash
-- Symlinking: /home/tamir/autonomous_robot/install/autonomous_robot_description/share/autonomous_robot_description/local_setup.sh
-- Symlinking: /home/tamir/autonomous_robot/install/autonomous_robot_description/share/autonomous_robot_description/local_setup.zsh
-- Symlinking: /home/tamir/autonomous_robot/install/autonomous_robot_description/share/autonomous_robot_description/local_setup.dsv
-- Symlinking: /home/tamir/autonomous_robot/install/autonomous_robot_description/share/autonomous_robot_description/package.dsv
-- Symlinking: /home/tamir/autonomous_robot/install/autonomous_robot_description/share/ament_index/resource_index/packages/autonomous_robot_description
-- Symlinking: /home/tamir/autonomous_robot/install/autonomous_robot_description/share/autonomous_robot_description/cmake/autonomous_robot_descriptionConfig.cmake
-- Symlinking: /home/tamir/autonomous_robot/install/autonomous_robot_description/share/autonomous_robot_description/cmake/autonomous_robot_descriptionConfig-version.cmake
-- Symlinking: /home/tamir/autonomous_robot/install/autonomous_robot_description/share/autonomous_robot_description/package.xml
