[0.368s] Invoking command in '/home/tamir/autonomous_robot/autonomous_robot_control/build/joystick': CMAKE_PREFIX_PATH=${CMAKE_PREFIX_PATH}:/home/tamir/autonomous_robot/install/calc_odom:/home/tamir/autonomous_robot/install/control_hardware:/home/tamir/ros2_ws/install/turtle_spawner:/home/tamir/ros2_ws/install/turtle_controller:/home/tamir/ros2_ws/install/my_py_pkg:/opt/ros/humble /usr/bin/cmake --build /home/tamir/autonomous_robot/autonomous_robot_control/build/joystick -- -j12 -l12
[0.430s] -- Found ament_cmake: 1.3.10 (/opt/ros/humble/share/ament_cmake/cmake)
[0.556s] -- Found rclcpp: 16.0.10 (/opt/ros/humble/share/rclcpp/cmake)
[0.581s] -- Found rosidl_generator_c: 3.1.5 (/opt/ros/humble/share/rosidl_generator_c/cmake)
[0.583s] -- Found rosidl_adapter: 3.1.5 (/opt/ros/humble/share/rosidl_adapter/cmake)
[0.588s] -- Found rosidl_generator_cpp: 3.1.5 (/opt/ros/humble/share/rosidl_generator_cpp/cmake)
[0.596s] -- Using all available rosidl_typesupport_c: rosidl_typesupport_fastrtps_c;rosidl_typesupport_introspection_c
[0.606s] -- Using all available rosidl_typesupport_cpp: rosidl_typesupport_fastrtps_cpp;rosidl_typesupport_introspection_cpp
[0.640s] -- Found rmw_implementation_cmake: 6.1.2 (/opt/ros/humble/share/rmw_implementation_cmake/cmake)
[0.643s] -- Found rmw_cyclonedds_cpp: 1.3.4 (/opt/ros/humble/share/rmw_cyclonedds_cpp/cmake)
[0.663s] -- Using RMW implementation 'rmw_cyclonedds_cpp' as default
[0.702s] -- Found sensor_msgs: 4.2.4 (/opt/ros/humble/share/sensor_msgs/cmake)
[0.723s] -- Found robot_common_interfaces: 0.0.0 (/home/tamir/autonomous_robot/install/robot_common_interfaces/share/robot_common_interfaces/cmake)
[0.788s] -- Configuring done
[0.800s] -- Generating done
[0.801s] -- Build files have been written to: /home/tamir/autonomous_robot/autonomous_robot_control/build/joystick
[0.823s] [35m[1mConsolidate compiler generated dependencies of target joystick[0m
[0.827s] [35m[1mConsolidate compiler generated dependencies of target teleop_joy_node[0m
[0.833s] [ 33%] Built target joystick
[0.843s] [ 66%] Built target teleop_joy_node
[0.846s] [35m[1mConsolidate compiler generated dependencies of target prototype_joy_driver[0m
[0.864s] [ 83%] [32mBuilding CXX object CMakeFiles/prototype_joy_driver.dir/src/prototype_joy_driver.cpp.o[0m
[6.372s] [100%] [32m[1mLinking CXX executable prototype_joy_driver[0m
[6.678s] [100%] Built target prototype_joy_driver
[6.689s] Invoked command in '/home/tamir/autonomous_robot/autonomous_robot_control/build/joystick' returned '0': CMAKE_PREFIX_PATH=${CMAKE_PREFIX_PATH}:/home/tamir/autonomous_robot/install/calc_odom:/home/tamir/autonomous_robot/install/control_hardware:/home/tamir/ros2_ws/install/turtle_spawner:/home/tamir/ros2_ws/install/turtle_controller:/home/tamir/ros2_ws/install/my_py_pkg:/opt/ros/humble /usr/bin/cmake --build /home/tamir/autonomous_robot/autonomous_robot_control/build/joystick -- -j12 -l12
[6.733s] Invoking command in '/home/tamir/autonomous_robot/autonomous_robot_control/build/joystick': CMAKE_PREFIX_PATH=${CMAKE_PREFIX_PATH}:/home/tamir/autonomous_robot/install/calc_odom:/home/tamir/autonomous_robot/install/control_hardware:/home/tamir/ros2_ws/install/turtle_spawner:/home/tamir/ros2_ws/install/turtle_controller:/home/tamir/ros2_ws/install/my_py_pkg:/opt/ros/humble /usr/bin/cmake --install /home/tamir/autonomous_robot/autonomous_robot_control/build/joystick
[6.742s] -- Install configuration: ""
[6.743s] -- Up-to-date: /home/tamir/autonomous_robot/autonomous_robot_control/install/joystick/lib/joystick/teleop_joy_node
[6.743s] -- Installing: /home/tamir/autonomous_robot/autonomous_robot_control/install/joystick/lib/joystick/prototype_joy_driver
[6.748s] -- Set runtime path of "/home/tamir/autonomous_robot/autonomous_robot_control/install/joystick/lib/joystick/prototype_joy_driver" to ""
[6.748s] -- Up-to-date: /home/tamir/autonomous_robot/autonomous_robot_control/install/joystick/include/joystick
[6.748s] -- Up-to-date: /home/tamir/autonomous_robot/autonomous_robot_control/install/joystick/include/joystick/joystick
[6.748s] -- Up-to-date: /home/tamir/autonomous_robot/autonomous_robot_control/install/joystick/include/joystick/joystick/joy_compute_control.hpp
[6.749s] -- Up-to-date: /home/tamir/autonomous_robot/autonomous_robot_control/install/joystick/share/joystick//launch
[6.749s] -- Up-to-date: /home/tamir/autonomous_robot/autonomous_robot_control/install/joystick/share/joystick//launch/joystick.launch.py
[6.749s] -- Up-to-date: /home/tamir/autonomous_robot/autonomous_robot_control/install/joystick/share/ament_index/resource_index/package_run_dependencies/joystick
[6.749s] -- Installing: /home/tamir/autonomous_robot/autonomous_robot_control/install/joystick/share/ament_index/resource_index/parent_prefix_path/joystick
[6.749s] -- Up-to-date: /home/tamir/autonomous_robot/autonomous_robot_control/install/joystick/share/joystick/environment/ament_prefix_path.sh
[6.749s] -- Installing: /home/tamir/autonomous_robot/autonomous_robot_control/install/joystick/share/joystick/environment/ament_prefix_path.dsv
[6.749s] -- Up-to-date: /home/tamir/autonomous_robot/autonomous_robot_control/install/joystick/share/joystick/environment/path.sh
[6.749s] -- Installing: /home/tamir/autonomous_robot/autonomous_robot_control/install/joystick/share/joystick/environment/path.dsv
[6.749s] -- Up-to-date: /home/tamir/autonomous_robot/autonomous_robot_control/install/joystick/share/joystick/local_setup.bash
[6.750s] -- Up-to-date: /home/tamir/autonomous_robot/autonomous_robot_control/install/joystick/share/joystick/local_setup.sh
[6.750s] -- Up-to-date: /home/tamir/autonomous_robot/autonomous_robot_control/install/joystick/share/joystick/local_setup.zsh
[6.750s] -- Installing: /home/tamir/autonomous_robot/autonomous_robot_control/install/joystick/share/joystick/local_setup.dsv
[6.750s] -- Installing: /home/tamir/autonomous_robot/autonomous_robot_control/install/joystick/share/joystick/package.dsv
[6.750s] -- Up-to-date: /home/tamir/autonomous_robot/autonomous_robot_control/install/joystick/share/ament_index/resource_index/packages/joystick
[6.750s] -- Up-to-date: /home/tamir/autonomous_robot/autonomous_robot_control/install/joystick/share/joystick/cmake/joystickConfig.cmake
[6.750s] -- Up-to-date: /home/tamir/autonomous_robot/autonomous_robot_control/install/joystick/share/joystick/cmake/joystickConfig-version.cmake
[6.750s] -- Up-to-date: /home/tamir/autonomous_robot/autonomous_robot_control/install/joystick/share/joystick/package.xml
[6.751s] Invoked command in '/home/tamir/autonomous_robot/autonomous_robot_control/build/joystick' returned '0': CMAKE_PREFIX_PATH=${CMAKE_PREFIX_PATH}:/home/tamir/autonomous_robot/install/calc_odom:/home/tamir/autonomous_robot/install/control_hardware:/home/tamir/ros2_ws/install/turtle_spawner:/home/tamir/ros2_ws/install/turtle_controller:/home/tamir/ros2_ws/install/my_py_pkg:/opt/ros/humble /usr/bin/cmake --install /home/tamir/autonomous_robot/autonomous_robot_control/build/joystick
