[0.074s] DEBUG:colcon:Command line arguments: ['/usr/bin/colcon', 'build']
[0.074s] DEBUG:colcon:Parsed command line arguments: Namespace(log_base=None, log_level=None, verb_name='build', build_base='build', install_base='install', merge_install=False, symlink_install=False, test_result_base=None, continue_on_error=False, executor='parallel', parallel_workers=12, event_handlers=None, ignore_user_meta=False, metas=['./colcon.meta'], base_paths=['.'], packages_ignore=None, packages_ignore_regex=None, paths=None, packages_up_to=None, packages_up_to_regex=None, packages_above=None, packages_above_and_dependencies=None, packages_above_depth=None, packages_select_by_dep=None, packages_skip_by_dep=None, packages_skip_up_to=None, packages_select_build_failed=False, packages_skip_build_finished=False, packages_select_test_failures=False, packages_skip_test_passed=False, packages_select=None, packages_skip=None, packages_select_regex=None, packages_skip_regex=None, packages_start=None, packages_end=None, allow_overriding=[], cmake_args=None, cmake_target=None, cmake_target_skip_unavailable=False, cmake_clean_cache=False, cmake_clean_first=False, cmake_force_configure=False, ament_cmake_args=None, catkin_cmake_args=None, catkin_skip_building_tests=False, verb_parser=<colcon_defaults.argument_parser.defaults.DefaultArgumentsDecorator object at 0x7aba6ea3ab00>, verb_extension=<colcon_core.verb.build.BuildVerb object at 0x7aba6eb2b6d0>, main=<bound method BuildVerb.main of <colcon_core.verb.build.BuildVerb object at 0x7aba6eb2b6d0>>)
[0.181s] Level 1:colcon.colcon_core.package_discovery:discover_packages(colcon_meta) check parameters
[0.181s] Level 1:colcon.colcon_core.package_discovery:discover_packages(recursive) check parameters
[0.181s] Level 1:colcon.colcon_core.package_discovery:discover_packages(ignore) check parameters
[0.181s] Level 1:colcon.colcon_core.package_discovery:discover_packages(path) check parameters
[0.181s] Level 1:colcon.colcon_core.package_discovery:discover_packages(colcon_meta) discover
[0.181s] Level 1:colcon.colcon_core.package_discovery:discover_packages(recursive) discover
[0.182s] INFO:colcon.colcon_core.package_discovery:Crawling recursively for packages in '/home/tamir/autonomous_robot/sensors_package/src/lidar_ws'
[0.182s] Level 1:colcon.colcon_core.package_identification:_identify(.) by extensions ['ignore', 'ignore_ament_install']
[0.182s] Level 1:colcon.colcon_core.package_identification:_identify(.) by extension 'ignore'
[0.182s] Level 1:colcon.colcon_core.package_identification:_identify(.) by extension 'ignore_ament_install'
[0.182s] Level 1:colcon.colcon_core.package_identification:_identify(.) by extensions ['colcon_pkg']
[0.182s] Level 1:colcon.colcon_core.package_identification:_identify(.) by extension 'colcon_pkg'
[0.182s] Level 1:colcon.colcon_core.package_identification:_identify(.) by extensions ['colcon_meta']
[0.182s] Level 1:colcon.colcon_core.package_identification:_identify(.) by extension 'colcon_meta'
[0.182s] Level 1:colcon.colcon_core.package_identification:_identify(.) by extensions ['ros']
[0.182s] Level 1:colcon.colcon_core.package_identification:_identify(.) by extension 'ros'
[0.189s] Level 1:colcon.colcon_core.package_identification:_identify(.) by extensions ['cmake', 'python']
[0.189s] Level 1:colcon.colcon_core.package_identification:_identify(.) by extension 'cmake'
[0.189s] Level 1:colcon.colcon_core.package_identification:_identify(.) by extension 'python'
[0.189s] Level 1:colcon.colcon_core.package_identification:_identify(.) by extensions ['python_setup_py']
[0.189s] Level 1:colcon.colcon_core.package_identification:_identify(.) by extension 'python_setup_py'
[0.189s] Level 1:colcon.colcon_core.package_identification:_identify(build) by extensions ['ignore', 'ignore_ament_install']
[0.189s] Level 1:colcon.colcon_core.package_identification:_identify(build) by extension 'ignore'
[0.189s] Level 1:colcon.colcon_core.package_identification:_identify(build) ignored
[0.189s] Level 1:colcon.colcon_core.package_identification:_identify(install) by extensions ['ignore', 'ignore_ament_install']
[0.190s] Level 1:colcon.colcon_core.package_identification:_identify(install) by extension 'ignore'
[0.190s] Level 1:colcon.colcon_core.package_identification:_identify(install) ignored
[0.190s] Level 1:colcon.colcon_core.package_identification:_identify(log) by extensions ['ignore', 'ignore_ament_install']
[0.190s] Level 1:colcon.colcon_core.package_identification:_identify(log) by extension 'ignore'
[0.190s] Level 1:colcon.colcon_core.package_identification:_identify(log) ignored
[0.190s] Level 1:colcon.colcon_core.package_identification:_identify(pointcloud_to_laserscan) by extensions ['ignore', 'ignore_ament_install']
[0.190s] Level 1:colcon.colcon_core.package_identification:_identify(pointcloud_to_laserscan) by extension 'ignore'
[0.190s] Level 1:colcon.colcon_core.package_identification:_identify(pointcloud_to_laserscan) by extension 'ignore_ament_install'
[0.190s] Level 1:colcon.colcon_core.package_identification:_identify(pointcloud_to_laserscan) by extensions ['colcon_pkg']
[0.190s] Level 1:colcon.colcon_core.package_identification:_identify(pointcloud_to_laserscan) by extension 'colcon_pkg'
[0.190s] Level 1:colcon.colcon_core.package_identification:_identify(pointcloud_to_laserscan) by extensions ['colcon_meta']
[0.190s] Level 1:colcon.colcon_core.package_identification:_identify(pointcloud_to_laserscan) by extension 'colcon_meta'
[0.190s] Level 1:colcon.colcon_core.package_identification:_identify(pointcloud_to_laserscan) by extensions ['ros']
[0.190s] Level 1:colcon.colcon_core.package_identification:_identify(pointcloud_to_laserscan) by extension 'ros'
[0.192s] DEBUG:colcon.colcon_core.package_identification:Package 'pointcloud_to_laserscan' with type 'ros.ament_cmake' and name 'pointcloud_to_laserscan'
[0.192s] Level 1:colcon.colcon_core.package_identification:_identify(src) by extensions ['ignore', 'ignore_ament_install']
[0.192s] Level 1:colcon.colcon_core.package_identification:_identify(src) by extension 'ignore'
[0.192s] Level 1:colcon.colcon_core.package_identification:_identify(src) by extension 'ignore_ament_install'
[0.192s] Level 1:colcon.colcon_core.package_identification:_identify(src) by extensions ['colcon_pkg']
[0.192s] Level 1:colcon.colcon_core.package_identification:_identify(src) by extension 'colcon_pkg'
[0.192s] Level 1:colcon.colcon_core.package_identification:_identify(src) by extensions ['colcon_meta']
[0.192s] Level 1:colcon.colcon_core.package_identification:_identify(src) by extension 'colcon_meta'
[0.192s] Level 1:colcon.colcon_core.package_identification:_identify(src) by extensions ['ros']
[0.192s] Level 1:colcon.colcon_core.package_identification:_identify(src) by extension 'ros'
[0.192s] Level 1:colcon.colcon_core.package_identification:_identify(src) by extensions ['cmake', 'python']
[0.192s] Level 1:colcon.colcon_core.package_identification:_identify(src) by extension 'cmake'
[0.192s] Level 1:colcon.colcon_core.package_identification:_identify(src) by extension 'python'
[0.192s] Level 1:colcon.colcon_core.package_identification:_identify(src) by extensions ['python_setup_py']
[0.192s] Level 1:colcon.colcon_core.package_identification:_identify(src) by extension 'python_setup_py'
[0.192s] Level 1:colcon.colcon_core.package_identification:_identify(src/Lslidar_ROS2_driver) by extensions ['ignore', 'ignore_ament_install']
[0.193s] Level 1:colcon.colcon_core.package_identification:_identify(src/Lslidar_ROS2_driver) by extension 'ignore'
[0.193s] Level 1:colcon.colcon_core.package_identification:_identify(src/Lslidar_ROS2_driver) by extension 'ignore_ament_install'
[0.193s] Level 1:colcon.colcon_core.package_identification:_identify(src/Lslidar_ROS2_driver) by extensions ['colcon_pkg']
[0.193s] Level 1:colcon.colcon_core.package_identification:_identify(src/Lslidar_ROS2_driver) by extension 'colcon_pkg'
[0.193s] Level 1:colcon.colcon_core.package_identification:_identify(src/Lslidar_ROS2_driver) by extensions ['colcon_meta']
[0.193s] Level 1:colcon.colcon_core.package_identification:_identify(src/Lslidar_ROS2_driver) by extension 'colcon_meta'
[0.193s] Level 1:colcon.colcon_core.package_identification:_identify(src/Lslidar_ROS2_driver) by extensions ['ros']
[0.193s] Level 1:colcon.colcon_core.package_identification:_identify(src/Lslidar_ROS2_driver) by extension 'ros'
[0.193s] Level 1:colcon.colcon_core.package_identification:_identify(src/Lslidar_ROS2_driver) by extensions ['cmake', 'python']
[0.193s] Level 1:colcon.colcon_core.package_identification:_identify(src/Lslidar_ROS2_driver) by extension 'cmake'
[0.193s] Level 1:colcon.colcon_core.package_identification:_identify(src/Lslidar_ROS2_driver) by extension 'python'
[0.193s] Level 1:colcon.colcon_core.package_identification:_identify(src/Lslidar_ROS2_driver) by extensions ['python_setup_py']
[0.193s] Level 1:colcon.colcon_core.package_identification:_identify(src/Lslidar_ROS2_driver) by extension 'python_setup_py'
[0.193s] Level 1:colcon.colcon_core.package_identification:_identify(src/Lslidar_ROS2_driver/lslidar_driver) by extensions ['ignore', 'ignore_ament_install']
[0.193s] Level 1:colcon.colcon_core.package_identification:_identify(src/Lslidar_ROS2_driver/lslidar_driver) by extension 'ignore'
[0.193s] Level 1:colcon.colcon_core.package_identification:_identify(src/Lslidar_ROS2_driver/lslidar_driver) by extension 'ignore_ament_install'
[0.193s] Level 1:colcon.colcon_core.package_identification:_identify(src/Lslidar_ROS2_driver/lslidar_driver) by extensions ['colcon_pkg']
[0.193s] Level 1:colcon.colcon_core.package_identification:_identify(src/Lslidar_ROS2_driver/lslidar_driver) by extension 'colcon_pkg'
[0.193s] Level 1:colcon.colcon_core.package_identification:_identify(src/Lslidar_ROS2_driver/lslidar_driver) by extensions ['colcon_meta']
[0.193s] Level 1:colcon.colcon_core.package_identification:_identify(src/Lslidar_ROS2_driver/lslidar_driver) by extension 'colcon_meta'
[0.193s] Level 1:colcon.colcon_core.package_identification:_identify(src/Lslidar_ROS2_driver/lslidar_driver) by extensions ['ros']
[0.193s] Level 1:colcon.colcon_core.package_identification:_identify(src/Lslidar_ROS2_driver/lslidar_driver) by extension 'ros'
[0.194s] DEBUG:colcon.colcon_core.package_identification:Package 'src/Lslidar_ROS2_driver/lslidar_driver' with type 'ros.ament_cmake' and name 'lslidar_driver'
[0.194s] Level 1:colcon.colcon_core.package_identification:_identify(src/Lslidar_ROS2_driver/lslidar_msgs) by extensions ['ignore', 'ignore_ament_install']
[0.194s] Level 1:colcon.colcon_core.package_identification:_identify(src/Lslidar_ROS2_driver/lslidar_msgs) by extension 'ignore'
[0.194s] Level 1:colcon.colcon_core.package_identification:_identify(src/Lslidar_ROS2_driver/lslidar_msgs) by extension 'ignore_ament_install'
[0.194s] Level 1:colcon.colcon_core.package_identification:_identify(src/Lslidar_ROS2_driver/lslidar_msgs) by extensions ['colcon_pkg']
[0.194s] Level 1:colcon.colcon_core.package_identification:_identify(src/Lslidar_ROS2_driver/lslidar_msgs) by extension 'colcon_pkg'
[0.194s] Level 1:colcon.colcon_core.package_identification:_identify(src/Lslidar_ROS2_driver/lslidar_msgs) by extensions ['colcon_meta']
[0.194s] Level 1:colcon.colcon_core.package_identification:_identify(src/Lslidar_ROS2_driver/lslidar_msgs) by extension 'colcon_meta'
[0.194s] Level 1:colcon.colcon_core.package_identification:_identify(src/Lslidar_ROS2_driver/lslidar_msgs) by extensions ['ros']
[0.194s] Level 1:colcon.colcon_core.package_identification:_identify(src/Lslidar_ROS2_driver/lslidar_msgs) by extension 'ros'
[0.194s] DEBUG:colcon.colcon_core.package_identification:Package 'src/Lslidar_ROS2_driver/lslidar_msgs' with type 'ros.ament_cmake' and name 'lslidar_msgs'
[0.194s] Level 1:colcon.colcon_core.package_discovery:discover_packages(recursive) using defaults
[0.194s] Level 1:colcon.colcon_core.package_discovery:discover_packages(ignore) discover
[0.194s] Level 1:colcon.colcon_core.package_discovery:discover_packages(ignore) using defaults
[0.194s] Level 1:colcon.colcon_core.package_discovery:discover_packages(path) discover
[0.194s] Level 1:colcon.colcon_core.package_discovery:discover_packages(path) using defaults
[0.217s] Level 1:colcon.colcon_core.package_discovery:discover_packages(prefix_path) check parameters
[0.217s] Level 1:colcon.colcon_core.package_discovery:discover_packages(prefix_path) discover
[0.219s] DEBUG:colcon.colcon_installed_package_information.package_discovery:Found 3 installed packages in /home/tamir/autonomous_robot/sensors_package/src/lidar_ws/install
[0.219s] DEBUG:colcon.colcon_installed_package_information.package_discovery:Found 5 installed packages in /home/tamir/autonomous_robot/install
[0.219s] DEBUG:colcon.colcon_installed_package_information.package_discovery:Found 3 installed packages in /home/tamir/turtlebot3_ws/install
[0.219s] DEBUG:colcon.colcon_installed_package_information.package_discovery:Found 8 installed packages in /home/tamir/ros2_ws/install
[0.220s] DEBUG:colcon.colcon_installed_package_information.package_discovery:Found 4 installed packages in /home/tamir/install
[0.221s] DEBUG:colcon.colcon_installed_package_information.package_discovery:Found 392 installed packages in /opt/ros/humble
[0.222s] Level 1:colcon.colcon_core.package_discovery:discover_packages(prefix_path) using defaults
[0.250s] Level 5:colcon.colcon_core.verb:set package 'lslidar_msgs' build argument 'cmake_args' from command line to 'None'
[0.251s] Level 5:colcon.colcon_core.verb:set package 'lslidar_msgs' build argument 'cmake_target' from command line to 'None'
[0.251s] Level 5:colcon.colcon_core.verb:set package 'lslidar_msgs' build argument 'cmake_target_skip_unavailable' from command line to 'False'
[0.251s] Level 5:colcon.colcon_core.verb:set package 'lslidar_msgs' build argument 'cmake_clean_cache' from command line to 'False'
[0.251s] Level 5:colcon.colcon_core.verb:set package 'lslidar_msgs' build argument 'cmake_clean_first' from command line to 'False'
[0.251s] Level 5:colcon.colcon_core.verb:set package 'lslidar_msgs' build argument 'cmake_force_configure' from command line to 'False'
[0.251s] Level 5:colcon.colcon_core.verb:set package 'lslidar_msgs' build argument 'ament_cmake_args' from command line to 'None'
[0.251s] Level 5:colcon.colcon_core.verb:set package 'lslidar_msgs' build argument 'catkin_cmake_args' from command line to 'None'
[0.251s] Level 5:colcon.colcon_core.verb:set package 'lslidar_msgs' build argument 'catkin_skip_building_tests' from command line to 'False'
[0.251s] DEBUG:colcon.colcon_core.verb:Building package 'lslidar_msgs' with the following arguments: {'ament_cmake_args': None, 'build_base': '/home/tamir/autonomous_robot/sensors_package/src/lidar_ws/build/lslidar_msgs', 'catkin_cmake_args': None, 'catkin_skip_building_tests': False, 'cmake_args': None, 'cmake_clean_cache': False, 'cmake_clean_first': False, 'cmake_force_configure': False, 'cmake_target': None, 'cmake_target_skip_unavailable': False, 'install_base': '/home/tamir/autonomous_robot/sensors_package/src/lidar_ws/install/lslidar_msgs', 'merge_install': False, 'path': '/home/tamir/autonomous_robot/sensors_package/src/lidar_ws/src/Lslidar_ROS2_driver/lslidar_msgs', 'symlink_install': False, 'test_result_base': None}
[0.251s] Level 5:colcon.colcon_core.verb:set package 'pointcloud_to_laserscan' build argument 'cmake_args' from command line to 'None'
[0.251s] Level 5:colcon.colcon_core.verb:set package 'pointcloud_to_laserscan' build argument 'cmake_target' from command line to 'None'
[0.251s] Level 5:colcon.colcon_core.verb:set package 'pointcloud_to_laserscan' build argument 'cmake_target_skip_unavailable' from command line to 'False'
[0.251s] Level 5:colcon.colcon_core.verb:set package 'pointcloud_to_laserscan' build argument 'cmake_clean_cache' from command line to 'False'
[0.251s] Level 5:colcon.colcon_core.verb:set package 'pointcloud_to_laserscan' build argument 'cmake_clean_first' from command line to 'False'
[0.251s] Level 5:colcon.colcon_core.verb:set package 'pointcloud_to_laserscan' build argument 'cmake_force_configure' from command line to 'False'
[0.251s] Level 5:colcon.colcon_core.verb:set package 'pointcloud_to_laserscan' build argument 'ament_cmake_args' from command line to 'None'
[0.251s] Level 5:colcon.colcon_core.verb:set package 'pointcloud_to_laserscan' build argument 'catkin_cmake_args' from command line to 'None'
[0.251s] Level 5:colcon.colcon_core.verb:set package 'pointcloud_to_laserscan' build argument 'catkin_skip_building_tests' from command line to 'False'
[0.251s] DEBUG:colcon.colcon_core.verb:Building package 'pointcloud_to_laserscan' with the following arguments: {'ament_cmake_args': None, 'build_base': '/home/tamir/autonomous_robot/sensors_package/src/lidar_ws/build/pointcloud_to_laserscan', 'catkin_cmake_args': None, 'catkin_skip_building_tests': False, 'cmake_args': None, 'cmake_clean_cache': False, 'cmake_clean_first': False, 'cmake_force_configure': False, 'cmake_target': None, 'cmake_target_skip_unavailable': False, 'install_base': '/home/tamir/autonomous_robot/sensors_package/src/lidar_ws/install/pointcloud_to_laserscan', 'merge_install': False, 'path': '/home/tamir/autonomous_robot/sensors_package/src/lidar_ws/pointcloud_to_laserscan', 'symlink_install': False, 'test_result_base': None}
[0.251s] Level 5:colcon.colcon_core.verb:set package 'lslidar_driver' build argument 'cmake_args' from command line to 'None'
[0.251s] Level 5:colcon.colcon_core.verb:set package 'lslidar_driver' build argument 'cmake_target' from command line to 'None'
[0.251s] Level 5:colcon.colcon_core.verb:set package 'lslidar_driver' build argument 'cmake_target_skip_unavailable' from command line to 'False'
[0.251s] Level 5:colcon.colcon_core.verb:set package 'lslidar_driver' build argument 'cmake_clean_cache' from command line to 'False'
[0.251s] Level 5:colcon.colcon_core.verb:set package 'lslidar_driver' build argument 'cmake_clean_first' from command line to 'False'
[0.251s] Level 5:colcon.colcon_core.verb:set package 'lslidar_driver' build argument 'cmake_force_configure' from command line to 'False'
[0.251s] Level 5:colcon.colcon_core.verb:set package 'lslidar_driver' build argument 'ament_cmake_args' from command line to 'None'
[0.251s] Level 5:colcon.colcon_core.verb:set package 'lslidar_driver' build argument 'catkin_cmake_args' from command line to 'None'
[0.251s] Level 5:colcon.colcon_core.verb:set package 'lslidar_driver' build argument 'catkin_skip_building_tests' from command line to 'False'
[0.251s] DEBUG:colcon.colcon_core.verb:Building package 'lslidar_driver' with the following arguments: {'ament_cmake_args': None, 'build_base': '/home/tamir/autonomous_robot/sensors_package/src/lidar_ws/build/lslidar_driver', 'catkin_cmake_args': None, 'catkin_skip_building_tests': False, 'cmake_args': None, 'cmake_clean_cache': False, 'cmake_clean_first': False, 'cmake_force_configure': False, 'cmake_target': None, 'cmake_target_skip_unavailable': False, 'install_base': '/home/tamir/autonomous_robot/sensors_package/src/lidar_ws/install/lslidar_driver', 'merge_install': False, 'path': '/home/tamir/autonomous_robot/sensors_package/src/lidar_ws/src/Lslidar_ROS2_driver/lslidar_driver', 'symlink_install': False, 'test_result_base': None}
[0.251s] INFO:colcon.colcon_core.executor:Executing jobs using 'parallel' executor
[0.253s] DEBUG:colcon.colcon_parallel_executor.executor.parallel:run_until_complete
[0.253s] INFO:colcon.colcon_ros.task.ament_cmake.build:Building ROS package in '/home/tamir/autonomous_robot/sensors_package/src/lidar_ws/src/Lslidar_ROS2_driver/lslidar_msgs' with build type 'ament_cmake'
[0.253s] INFO:colcon.colcon_cmake.task.cmake.build:Building CMake package in '/home/tamir/autonomous_robot/sensors_package/src/lidar_ws/src/Lslidar_ROS2_driver/lslidar_msgs'
[0.254s] INFO:colcon.colcon_core.plugin_system:Skipping extension 'colcon_core.shell.bat': Not used on non-Windows systems
[0.254s] INFO:colcon.colcon_core.shell:Skip shell extension 'powershell' for command environment: Not usable outside of PowerShell
[0.254s] DEBUG:colcon.colcon_core.shell:Skip shell extension 'dsv' for command environment
[0.257s] INFO:colcon.colcon_ros.task.ament_cmake.build:Building ROS package in '/home/tamir/autonomous_robot/sensors_package/src/lidar_ws/pointcloud_to_laserscan' with build type 'ament_cmake'
[0.258s] INFO:colcon.colcon_cmake.task.cmake.build:Building CMake package in '/home/tamir/autonomous_robot/sensors_package/src/lidar_ws/pointcloud_to_laserscan'
[0.258s] INFO:colcon.colcon_core.shell:Skip shell extension 'powershell' for command environment: Not usable outside of PowerShell
[0.258s] DEBUG:colcon.colcon_core.shell:Skip shell extension 'dsv' for command environment
[0.264s] DEBUG:colcon.colcon_core.event_handler.log_command:Invoking command in '/home/tamir/autonomous_robot/sensors_package/src/lidar_ws/build/lslidar_msgs': CMAKE_PREFIX_PATH=${CMAKE_PREFIX_PATH}:/home/tamir/ros2_ws/install/turtle_spawner:/home/tamir/ros2_ws/install/turtle_controller:/home/tamir/ros2_ws/install/my_py_pkg:/home/tamir/install/calc_odom:/opt/ros/humble /usr/bin/cmake --build /home/tamir/autonomous_robot/sensors_package/src/lidar_ws/build/lslidar_msgs -- -j12 -l12
[0.268s] DEBUG:colcon.colcon_core.event_handler.log_command:Invoking command in '/home/tamir/autonomous_robot/sensors_package/src/lidar_ws/build/pointcloud_to_laserscan': CMAKE_PREFIX_PATH=${CMAKE_PREFIX_PATH}:/home/tamir/ros2_ws/install/turtle_spawner:/home/tamir/ros2_ws/install/turtle_controller:/home/tamir/ros2_ws/install/my_py_pkg:/home/tamir/install/calc_odom:/opt/ros/humble /usr/bin/cmake --build /home/tamir/autonomous_robot/sensors_package/src/lidar_ws/build/pointcloud_to_laserscan -- -j12 -l12
[0.357s] DEBUG:colcon.colcon_core.event_handler.log_command:Invoked command in '/home/tamir/autonomous_robot/sensors_package/src/lidar_ws/build/pointcloud_to_laserscan' returned '0': CMAKE_PREFIX_PATH=${CMAKE_PREFIX_PATH}:/home/tamir/ros2_ws/install/turtle_spawner:/home/tamir/ros2_ws/install/turtle_controller:/home/tamir/ros2_ws/install/my_py_pkg:/home/tamir/install/calc_odom:/opt/ros/humble /usr/bin/cmake --build /home/tamir/autonomous_robot/sensors_package/src/lidar_ws/build/pointcloud_to_laserscan -- -j12 -l12
[0.393s] DEBUG:colcon.colcon_core.event_handler.log_command:Invoking command in '/home/tamir/autonomous_robot/sensors_package/src/lidar_ws/build/pointcloud_to_laserscan': CMAKE_PREFIX_PATH=${CMAKE_PREFIX_PATH}:/home/tamir/ros2_ws/install/turtle_spawner:/home/tamir/ros2_ws/install/turtle_controller:/home/tamir/ros2_ws/install/my_py_pkg:/home/tamir/install/calc_odom:/opt/ros/humble /usr/bin/cmake --install /home/tamir/autonomous_robot/sensors_package/src/lidar_ws/build/pointcloud_to_laserscan
[0.403s] Level 1:colcon.colcon_core.environment:create_environment_scripts_only(pointcloud_to_laserscan)
[0.404s] DEBUG:colcon.colcon_core.event_handler.log_command:Invoked command in '/home/tamir/autonomous_robot/sensors_package/src/lidar_ws/build/pointcloud_to_laserscan' returned '0': CMAKE_PREFIX_PATH=${CMAKE_PREFIX_PATH}:/home/tamir/ros2_ws/install/turtle_spawner:/home/tamir/ros2_ws/install/turtle_controller:/home/tamir/ros2_ws/install/my_py_pkg:/home/tamir/install/calc_odom:/opt/ros/humble /usr/bin/cmake --install /home/tamir/autonomous_robot/sensors_package/src/lidar_ws/build/pointcloud_to_laserscan
[0.406s] Level 1:colcon.colcon_core.environment:checking '/home/tamir/autonomous_robot/sensors_package/src/lidar_ws/install/pointcloud_to_laserscan' for CMake module files
[0.406s] Level 1:colcon.colcon_core.environment:checking '/home/tamir/autonomous_robot/sensors_package/src/lidar_ws/install/pointcloud_to_laserscan' for CMake config files
[0.407s] Level 1:colcon.colcon_core.shell:create_environment_hook('pointcloud_to_laserscan', 'cmake_prefix_path')
[0.407s] INFO:colcon.colcon_core.shell:Creating environment hook '/home/tamir/autonomous_robot/sensors_package/src/lidar_ws/install/pointcloud_to_laserscan/share/pointcloud_to_laserscan/hook/cmake_prefix_path.ps1'
[0.407s] INFO:colcon.colcon_core.shell:Creating environment descriptor '/home/tamir/autonomous_robot/sensors_package/src/lidar_ws/install/pointcloud_to_laserscan/share/pointcloud_to_laserscan/hook/cmake_prefix_path.dsv'
[0.407s] INFO:colcon.colcon_core.shell:Creating environment hook '/home/tamir/autonomous_robot/sensors_package/src/lidar_ws/install/pointcloud_to_laserscan/share/pointcloud_to_laserscan/hook/cmake_prefix_path.sh'
[0.408s] Level 1:colcon.colcon_core.environment:checking '/home/tamir/autonomous_robot/sensors_package/src/lidar_ws/install/pointcloud_to_laserscan/lib'
[0.408s] Level 1:colcon.colcon_core.shell:create_environment_hook('pointcloud_to_laserscan', 'ld_library_path_lib')
[0.408s] INFO:colcon.colcon_core.shell:Creating environment hook '/home/tamir/autonomous_robot/sensors_package/src/lidar_ws/install/pointcloud_to_laserscan/share/pointcloud_to_laserscan/hook/ld_library_path_lib.ps1'
[0.409s] INFO:colcon.colcon_core.shell:Creating environment descriptor '/home/tamir/autonomous_robot/sensors_package/src/lidar_ws/install/pointcloud_to_laserscan/share/pointcloud_to_laserscan/hook/ld_library_path_lib.dsv'
[0.409s] INFO:colcon.colcon_core.shell:Creating environment hook '/home/tamir/autonomous_robot/sensors_package/src/lidar_ws/install/pointcloud_to_laserscan/share/pointcloud_to_laserscan/hook/ld_library_path_lib.sh'
[0.409s] Level 1:colcon.colcon_core.environment:checking '/home/tamir/autonomous_robot/sensors_package/src/lidar_ws/install/pointcloud_to_laserscan/bin'
[0.409s] Level 1:colcon.colcon_core.environment:checking '/home/tamir/autonomous_robot/sensors_package/src/lidar_ws/install/pointcloud_to_laserscan/lib/pkgconfig/pointcloud_to_laserscan.pc'
[0.409s] Level 1:colcon.colcon_core.environment:checking '/home/tamir/autonomous_robot/sensors_package/src/lidar_ws/install/pointcloud_to_laserscan/lib/python3.10/site-packages'
[0.409s] Level 1:colcon.colcon_core.environment:checking '/home/tamir/autonomous_robot/sensors_package/src/lidar_ws/install/pointcloud_to_laserscan/bin'
[0.410s] INFO:colcon.colcon_core.shell:Creating package script '/home/tamir/autonomous_robot/sensors_package/src/lidar_ws/install/pointcloud_to_laserscan/share/pointcloud_to_laserscan/package.ps1'
[0.411s] INFO:colcon.colcon_core.shell:Creating package descriptor '/home/tamir/autonomous_robot/sensors_package/src/lidar_ws/install/pointcloud_to_laserscan/share/pointcloud_to_laserscan/package.dsv'
[0.412s] INFO:colcon.colcon_core.shell:Creating package script '/home/tamir/autonomous_robot/sensors_package/src/lidar_ws/install/pointcloud_to_laserscan/share/pointcloud_to_laserscan/package.sh'
[0.412s] INFO:colcon.colcon_core.shell:Creating package script '/home/tamir/autonomous_robot/sensors_package/src/lidar_ws/install/pointcloud_to_laserscan/share/pointcloud_to_laserscan/package.bash'
[0.413s] INFO:colcon.colcon_core.shell:Creating package script '/home/tamir/autonomous_robot/sensors_package/src/lidar_ws/install/pointcloud_to_laserscan/share/pointcloud_to_laserscan/package.zsh'
[0.413s] Level 1:colcon.colcon_core.environment:create_file_with_runtime_dependencies(/home/tamir/autonomous_robot/sensors_package/src/lidar_ws/install/pointcloud_to_laserscan/share/colcon-core/packages/pointcloud_to_laserscan)
[0.438s] Level 1:colcon.colcon_core.environment:create_environment_scripts_only(pointcloud_to_laserscan)
[0.439s] Level 1:colcon.colcon_core.environment:checking '/home/tamir/autonomous_robot/sensors_package/src/lidar_ws/install/pointcloud_to_laserscan' for CMake module files
[0.439s] Level 1:colcon.colcon_core.environment:checking '/home/tamir/autonomous_robot/sensors_package/src/lidar_ws/install/pointcloud_to_laserscan' for CMake config files
[0.439s] Level 1:colcon.colcon_core.shell:create_environment_hook('pointcloud_to_laserscan', 'cmake_prefix_path')
[0.439s] INFO:colcon.colcon_core.shell:Creating environment hook '/home/tamir/autonomous_robot/sensors_package/src/lidar_ws/install/pointcloud_to_laserscan/share/pointcloud_to_laserscan/hook/cmake_prefix_path.ps1'
[0.440s] INFO:colcon.colcon_core.shell:Creating environment descriptor '/home/tamir/autonomous_robot/sensors_package/src/lidar_ws/install/pointcloud_to_laserscan/share/pointcloud_to_laserscan/hook/cmake_prefix_path.dsv'
[0.440s] INFO:colcon.colcon_core.shell:Creating environment hook '/home/tamir/autonomous_robot/sensors_package/src/lidar_ws/install/pointcloud_to_laserscan/share/pointcloud_to_laserscan/hook/cmake_prefix_path.sh'
[0.440s] Level 1:colcon.colcon_core.environment:checking '/home/tamir/autonomous_robot/sensors_package/src/lidar_ws/install/pointcloud_to_laserscan/lib'
[0.440s] Level 1:colcon.colcon_core.shell:create_environment_hook('pointcloud_to_laserscan', 'ld_library_path_lib')
[0.440s] INFO:colcon.colcon_core.shell:Creating environment hook '/home/tamir/autonomous_robot/sensors_package/src/lidar_ws/install/pointcloud_to_laserscan/share/pointcloud_to_laserscan/hook/ld_library_path_lib.ps1'
[0.441s] INFO:colcon.colcon_core.shell:Creating environment descriptor '/home/tamir/autonomous_robot/sensors_package/src/lidar_ws/install/pointcloud_to_laserscan/share/pointcloud_to_laserscan/hook/ld_library_path_lib.dsv'
[0.441s] INFO:colcon.colcon_core.shell:Creating environment hook '/home/tamir/autonomous_robot/sensors_package/src/lidar_ws/install/pointcloud_to_laserscan/share/pointcloud_to_laserscan/hook/ld_library_path_lib.sh'
[0.441s] Level 1:colcon.colcon_core.environment:checking '/home/tamir/autonomous_robot/sensors_package/src/lidar_ws/install/pointcloud_to_laserscan/bin'
[0.441s] Level 1:colcon.colcon_core.environment:checking '/home/tamir/autonomous_robot/sensors_package/src/lidar_ws/install/pointcloud_to_laserscan/lib/pkgconfig/pointcloud_to_laserscan.pc'
[0.441s] Level 1:colcon.colcon_core.environment:checking '/home/tamir/autonomous_robot/sensors_package/src/lidar_ws/install/pointcloud_to_laserscan/lib/python3.10/site-packages'
[0.441s] Level 1:colcon.colcon_core.environment:checking '/home/tamir/autonomous_robot/sensors_package/src/lidar_ws/install/pointcloud_to_laserscan/bin'
[0.442s] INFO:colcon.colcon_core.shell:Creating package script '/home/tamir/autonomous_robot/sensors_package/src/lidar_ws/install/pointcloud_to_laserscan/share/pointcloud_to_laserscan/package.ps1'
[0.442s] INFO:colcon.colcon_core.shell:Creating package descriptor '/home/tamir/autonomous_robot/sensors_package/src/lidar_ws/install/pointcloud_to_laserscan/share/pointcloud_to_laserscan/package.dsv'
[0.442s] INFO:colcon.colcon_core.shell:Creating package script '/home/tamir/autonomous_robot/sensors_package/src/lidar_ws/install/pointcloud_to_laserscan/share/pointcloud_to_laserscan/package.sh'
[0.443s] INFO:colcon.colcon_core.shell:Creating package script '/home/tamir/autonomous_robot/sensors_package/src/lidar_ws/install/pointcloud_to_laserscan/share/pointcloud_to_laserscan/package.bash'
[0.443s] INFO:colcon.colcon_core.shell:Creating package script '/home/tamir/autonomous_robot/sensors_package/src/lidar_ws/install/pointcloud_to_laserscan/share/pointcloud_to_laserscan/package.zsh'
[0.443s] Level 1:colcon.colcon_core.environment:create_file_with_runtime_dependencies(/home/tamir/autonomous_robot/sensors_package/src/lidar_ws/install/pointcloud_to_laserscan/share/colcon-core/packages/pointcloud_to_laserscan)
[0.562s] DEBUG:colcon.colcon_core.event_handler.log_command:Invoked command in '/home/tamir/autonomous_robot/sensors_package/src/lidar_ws/build/lslidar_msgs' returned '0': CMAKE_PREFIX_PATH=${CMAKE_PREFIX_PATH}:/home/tamir/ros2_ws/install/turtle_spawner:/home/tamir/ros2_ws/install/turtle_controller:/home/tamir/ros2_ws/install/my_py_pkg:/home/tamir/install/calc_odom:/opt/ros/humble /usr/bin/cmake --build /home/tamir/autonomous_robot/sensors_package/src/lidar_ws/build/lslidar_msgs -- -j12 -l12
[0.878s] DEBUG:colcon.colcon_core.event_handler.log_command:Invoking command in '/home/tamir/autonomous_robot/sensors_package/src/lidar_ws/build/lslidar_msgs': CMAKE_PREFIX_PATH=${CMAKE_PREFIX_PATH}:/home/tamir/ros2_ws/install/turtle_spawner:/home/tamir/ros2_ws/install/turtle_controller:/home/tamir/ros2_ws/install/my_py_pkg:/home/tamir/install/calc_odom:/opt/ros/humble /usr/bin/cmake --install /home/tamir/autonomous_robot/sensors_package/src/lidar_ws/build/lslidar_msgs
[0.925s] Level 1:colcon.colcon_core.environment:create_environment_scripts_only(lslidar_msgs)
[0.925s] DEBUG:colcon.colcon_core.event_handler.log_command:Invoked command in '/home/tamir/autonomous_robot/sensors_package/src/lidar_ws/build/lslidar_msgs' returned '0': CMAKE_PREFIX_PATH=${CMAKE_PREFIX_PATH}:/home/tamir/ros2_ws/install/turtle_spawner:/home/tamir/ros2_ws/install/turtle_controller:/home/tamir/ros2_ws/install/my_py_pkg:/home/tamir/install/calc_odom:/opt/ros/humble /usr/bin/cmake --install /home/tamir/autonomous_robot/sensors_package/src/lidar_ws/build/lslidar_msgs
[0.925s] Level 1:colcon.colcon_core.environment:checking '/home/tamir/autonomous_robot/sensors_package/src/lidar_ws/install/lslidar_msgs' for CMake module files
[0.926s] Level 1:colcon.colcon_core.environment:checking '/home/tamir/autonomous_robot/sensors_package/src/lidar_ws/install/lslidar_msgs' for CMake config files
[0.927s] Level 1:colcon.colcon_core.shell:create_environment_hook('lslidar_msgs', 'cmake_prefix_path')
[0.928s] INFO:colcon.colcon_core.shell:Creating environment hook '/home/tamir/autonomous_robot/sensors_package/src/lidar_ws/install/lslidar_msgs/share/lslidar_msgs/hook/cmake_prefix_path.ps1'
[0.928s] INFO:colcon.colcon_core.shell:Creating environment descriptor '/home/tamir/autonomous_robot/sensors_package/src/lidar_ws/install/lslidar_msgs/share/lslidar_msgs/hook/cmake_prefix_path.dsv'
[0.929s] INFO:colcon.colcon_core.shell:Creating environment hook '/home/tamir/autonomous_robot/sensors_package/src/lidar_ws/install/lslidar_msgs/share/lslidar_msgs/hook/cmake_prefix_path.sh'
[0.929s] Level 1:colcon.colcon_core.environment:checking '/home/tamir/autonomous_robot/sensors_package/src/lidar_ws/install/lslidar_msgs/lib'
[0.929s] Level 1:colcon.colcon_core.shell:create_environment_hook('lslidar_msgs', 'ld_library_path_lib')
[0.930s] INFO:colcon.colcon_core.shell:Creating environment hook '/home/tamir/autonomous_robot/sensors_package/src/lidar_ws/install/lslidar_msgs/share/lslidar_msgs/hook/ld_library_path_lib.ps1'
[0.930s] INFO:colcon.colcon_core.shell:Creating environment descriptor '/home/tamir/autonomous_robot/sensors_package/src/lidar_ws/install/lslidar_msgs/share/lslidar_msgs/hook/ld_library_path_lib.dsv'
[0.930s] INFO:colcon.colcon_core.shell:Creating environment hook '/home/tamir/autonomous_robot/sensors_package/src/lidar_ws/install/lslidar_msgs/share/lslidar_msgs/hook/ld_library_path_lib.sh'
[0.931s] Level 1:colcon.colcon_core.environment:checking '/home/tamir/autonomous_robot/sensors_package/src/lidar_ws/install/lslidar_msgs/bin'
[0.931s] Level 1:colcon.colcon_core.environment:checking '/home/tamir/autonomous_robot/sensors_package/src/lidar_ws/install/lslidar_msgs/lib/pkgconfig/lslidar_msgs.pc'
[0.931s] Level 1:colcon.colcon_core.environment:checking '/home/tamir/autonomous_robot/sensors_package/src/lidar_ws/install/lslidar_msgs/lib/python3.10/site-packages'
[0.931s] Level 1:colcon.colcon_core.environment:checking '/home/tamir/autonomous_robot/sensors_package/src/lidar_ws/install/lslidar_msgs/bin'
[0.932s] INFO:colcon.colcon_core.shell:Creating package script '/home/tamir/autonomous_robot/sensors_package/src/lidar_ws/install/lslidar_msgs/share/lslidar_msgs/package.ps1'
[0.932s] INFO:colcon.colcon_core.shell:Creating package descriptor '/home/tamir/autonomous_robot/sensors_package/src/lidar_ws/install/lslidar_msgs/share/lslidar_msgs/package.dsv'
[0.933s] INFO:colcon.colcon_core.shell:Creating package script '/home/tamir/autonomous_robot/sensors_package/src/lidar_ws/install/lslidar_msgs/share/lslidar_msgs/package.sh'
[0.933s] INFO:colcon.colcon_core.shell:Creating package script '/home/tamir/autonomous_robot/sensors_package/src/lidar_ws/install/lslidar_msgs/share/lslidar_msgs/package.bash'
[0.933s] INFO:colcon.colcon_core.shell:Creating package script '/home/tamir/autonomous_robot/sensors_package/src/lidar_ws/install/lslidar_msgs/share/lslidar_msgs/package.zsh'
[0.933s] Level 1:colcon.colcon_core.environment:create_file_with_runtime_dependencies(/home/tamir/autonomous_robot/sensors_package/src/lidar_ws/install/lslidar_msgs/share/colcon-core/packages/lslidar_msgs)
[1.240s] Level 1:colcon.colcon_core.environment:create_environment_scripts_only(lslidar_msgs)
[1.240s] Level 1:colcon.colcon_core.environment:checking '/home/tamir/autonomous_robot/sensors_package/src/lidar_ws/install/lslidar_msgs' for CMake module files
[1.241s] Level 1:colcon.colcon_core.environment:checking '/home/tamir/autonomous_robot/sensors_package/src/lidar_ws/install/lslidar_msgs' for CMake config files
[1.242s] Level 1:colcon.colcon_core.shell:create_environment_hook('lslidar_msgs', 'cmake_prefix_path')
[1.242s] INFO:colcon.colcon_core.shell:Creating environment hook '/home/tamir/autonomous_robot/sensors_package/src/lidar_ws/install/lslidar_msgs/share/lslidar_msgs/hook/cmake_prefix_path.ps1'
[1.243s] INFO:colcon.colcon_core.shell:Creating environment descriptor '/home/tamir/autonomous_robot/sensors_package/src/lidar_ws/install/lslidar_msgs/share/lslidar_msgs/hook/cmake_prefix_path.dsv'
[1.244s] INFO:colcon.colcon_core.shell:Creating environment hook '/home/tamir/autonomous_robot/sensors_package/src/lidar_ws/install/lslidar_msgs/share/lslidar_msgs/hook/cmake_prefix_path.sh'
[1.244s] Level 1:colcon.colcon_core.environment:checking '/home/tamir/autonomous_robot/sensors_package/src/lidar_ws/install/lslidar_msgs/lib'
[1.244s] Level 1:colcon.colcon_core.shell:create_environment_hook('lslidar_msgs', 'ld_library_path_lib')
[1.245s] INFO:colcon.colcon_core.shell:Creating environment hook '/home/tamir/autonomous_robot/sensors_package/src/lidar_ws/install/lslidar_msgs/share/lslidar_msgs/hook/ld_library_path_lib.ps1'
[1.245s] INFO:colcon.colcon_core.shell:Creating environment descriptor '/home/tamir/autonomous_robot/sensors_package/src/lidar_ws/install/lslidar_msgs/share/lslidar_msgs/hook/ld_library_path_lib.dsv'
[1.246s] INFO:colcon.colcon_core.shell:Creating environment hook '/home/tamir/autonomous_robot/sensors_package/src/lidar_ws/install/lslidar_msgs/share/lslidar_msgs/hook/ld_library_path_lib.sh'
[1.246s] Level 1:colcon.colcon_core.environment:checking '/home/tamir/autonomous_robot/sensors_package/src/lidar_ws/install/lslidar_msgs/bin'
[1.246s] Level 1:colcon.colcon_core.environment:checking '/home/tamir/autonomous_robot/sensors_package/src/lidar_ws/install/lslidar_msgs/lib/pkgconfig/lslidar_msgs.pc'
[1.246s] Level 1:colcon.colcon_core.environment:checking '/home/tamir/autonomous_robot/sensors_package/src/lidar_ws/install/lslidar_msgs/lib/python3.10/site-packages'
[1.247s] Level 1:colcon.colcon_core.environment:checking '/home/tamir/autonomous_robot/sensors_package/src/lidar_ws/install/lslidar_msgs/bin'
[1.247s] INFO:colcon.colcon_core.shell:Creating package script '/home/tamir/autonomous_robot/sensors_package/src/lidar_ws/install/lslidar_msgs/share/lslidar_msgs/package.ps1'
[1.248s] INFO:colcon.colcon_core.shell:Creating package descriptor '/home/tamir/autonomous_robot/sensors_package/src/lidar_ws/install/lslidar_msgs/share/lslidar_msgs/package.dsv'
[1.248s] INFO:colcon.colcon_core.shell:Creating package script '/home/tamir/autonomous_robot/sensors_package/src/lidar_ws/install/lslidar_msgs/share/lslidar_msgs/package.sh'
[1.249s] INFO:colcon.colcon_core.shell:Creating package script '/home/tamir/autonomous_robot/sensors_package/src/lidar_ws/install/lslidar_msgs/share/lslidar_msgs/package.bash'
[1.249s] INFO:colcon.colcon_core.shell:Creating package script '/home/tamir/autonomous_robot/sensors_package/src/lidar_ws/install/lslidar_msgs/share/lslidar_msgs/package.zsh'
[1.249s] Level 1:colcon.colcon_core.environment:create_file_with_runtime_dependencies(/home/tamir/autonomous_robot/sensors_package/src/lidar_ws/install/lslidar_msgs/share/colcon-core/packages/lslidar_msgs)
[1.250s] INFO:colcon.colcon_ros.task.ament_cmake.build:Building ROS package in '/home/tamir/autonomous_robot/sensors_package/src/lidar_ws/src/Lslidar_ROS2_driver/lslidar_driver' with build type 'ament_cmake'
[1.250s] INFO:colcon.colcon_cmake.task.cmake.build:Building CMake package in '/home/tamir/autonomous_robot/sensors_package/src/lidar_ws/src/Lslidar_ROS2_driver/lslidar_driver'
[1.250s] INFO:colcon.colcon_core.shell:Skip shell extension 'powershell' for command environment: Not usable outside of PowerShell
[1.250s] DEBUG:colcon.colcon_core.shell:Skip shell extension 'dsv' for command environment
[1.267s] DEBUG:colcon.colcon_core.event_handler.log_command:Invoking command in '/home/tamir/autonomous_robot/sensors_package/src/lidar_ws/build/lslidar_driver': CMAKE_PREFIX_PATH=/home/tamir/autonomous_robot/sensors_package/src/lidar_ws/install/lslidar_msgs:/home/tamir/autonomous_robot/sensors_package/src/lidar_ws/install/pointcloud_to_laserscan:/home/tamir/autonomous_robot/sensors_package/src/lidar_ws/install/lslidar_driver:/home/tamir/autonomous_robot/install/sensors_package:/home/tamir/autonomous_robot/install/autonomous_robot_control:/home/tamir/autonomous_robot/install/robot_common_interfaces:/home/tamir/autonomous_robot/install/aws_robomaker_small_warehouse_world:/home/tamir/autonomous_robot/install/autonomous_robot_description:/home/tamir/ros2_ws/install/my_turtle_interfaces:/home/tamir/ros2_ws/install/my_robot_interfaces:/home/tamir/ros2_ws/install/my_robot_bringup:/home/tamir/ros2_ws/install/my_robot_description:/home/tamir/ros2_ws/install/my_cpp_pkg:/home/tamir/turtlebot3_ws/install/turtlebot3_simulations:/home/tamir/turtlebot3_ws/install/turtlebot3_gazebo:/home/tamir/turtlebot3_ws/install/turtlebot3_fake_node:/home/tamir/install/my_robot_description:/home/tamir/install/autonomous_robot_description:/home/tamir/ros2_ws/install/turtle_spawner:/home/tamir/ros2_ws/install/turtle_controller:/home/tamir/ros2_ws/install/my_py_pkg:/home/tamir/install/calc_odom:/opt/ros/humble LD_LIBRARY_PATH=/home/tamir/autonomous_robot/sensors_package/src/lidar_ws/install/lslidar_msgs/lib:/home/tamir/autonomous_robot/sensors_package/src/lidar_ws/install/pointcloud_to_laserscan/lib:/home/tamir/autonomous_robot/install/robot_common_interfaces/lib:/home/tamir/ros2_ws/install/my_turtle_interfaces/lib:/home/tamir/ros2_ws/install/my_robot_interfaces/lib:/opt/ros/humble/opt/rviz_ogre_vendor/lib:/opt/ros/humble/lib/x86_64-linux-gnu:/opt/ros/humble/lib:/usr/lib/x86_64-linux-gnu/gazebo-11/plugins /usr/bin/cmake --build /home/tamir/autonomous_robot/sensors_package/src/lidar_ws/build/lslidar_driver -- -j12 -l12
[1.364s] DEBUG:colcon.colcon_core.event_handler.log_command:Invoked command in '/home/tamir/autonomous_robot/sensors_package/src/lidar_ws/build/lslidar_driver' returned '0': CMAKE_PREFIX_PATH=/home/tamir/autonomous_robot/sensors_package/src/lidar_ws/install/lslidar_msgs:/home/tamir/autonomous_robot/sensors_package/src/lidar_ws/install/pointcloud_to_laserscan:/home/tamir/autonomous_robot/sensors_package/src/lidar_ws/install/lslidar_driver:/home/tamir/autonomous_robot/install/sensors_package:/home/tamir/autonomous_robot/install/autonomous_robot_control:/home/tamir/autonomous_robot/install/robot_common_interfaces:/home/tamir/autonomous_robot/install/aws_robomaker_small_warehouse_world:/home/tamir/autonomous_robot/install/autonomous_robot_description:/home/tamir/ros2_ws/install/my_turtle_interfaces:/home/tamir/ros2_ws/install/my_robot_interfaces:/home/tamir/ros2_ws/install/my_robot_bringup:/home/tamir/ros2_ws/install/my_robot_description:/home/tamir/ros2_ws/install/my_cpp_pkg:/home/tamir/turtlebot3_ws/install/turtlebot3_simulations:/home/tamir/turtlebot3_ws/install/turtlebot3_gazebo:/home/tamir/turtlebot3_ws/install/turtlebot3_fake_node:/home/tamir/install/my_robot_description:/home/tamir/install/autonomous_robot_description:/home/tamir/ros2_ws/install/turtle_spawner:/home/tamir/ros2_ws/install/turtle_controller:/home/tamir/ros2_ws/install/my_py_pkg:/home/tamir/install/calc_odom:/opt/ros/humble LD_LIBRARY_PATH=/home/tamir/autonomous_robot/sensors_package/src/lidar_ws/install/lslidar_msgs/lib:/home/tamir/autonomous_robot/sensors_package/src/lidar_ws/install/pointcloud_to_laserscan/lib:/home/tamir/autonomous_robot/install/robot_common_interfaces/lib:/home/tamir/ros2_ws/install/my_turtle_interfaces/lib:/home/tamir/ros2_ws/install/my_robot_interfaces/lib:/opt/ros/humble/opt/rviz_ogre_vendor/lib:/opt/ros/humble/lib/x86_64-linux-gnu:/opt/ros/humble/lib:/usr/lib/x86_64-linux-gnu/gazebo-11/plugins /usr/bin/cmake --build /home/tamir/autonomous_robot/sensors_package/src/lidar_ws/build/lslidar_driver -- -j12 -l12
[1.406s] DEBUG:colcon.colcon_core.event_handler.log_command:Invoking command in '/home/tamir/autonomous_robot/sensors_package/src/lidar_ws/build/lslidar_driver': CMAKE_PREFIX_PATH=/home/tamir/autonomous_robot/sensors_package/src/lidar_ws/install/lslidar_msgs:/home/tamir/autonomous_robot/sensors_package/src/lidar_ws/install/pointcloud_to_laserscan:/home/tamir/autonomous_robot/sensors_package/src/lidar_ws/install/lslidar_driver:/home/tamir/autonomous_robot/install/sensors_package:/home/tamir/autonomous_robot/install/autonomous_robot_control:/home/tamir/autonomous_robot/install/robot_common_interfaces:/home/tamir/autonomous_robot/install/aws_robomaker_small_warehouse_world:/home/tamir/autonomous_robot/install/autonomous_robot_description:/home/tamir/ros2_ws/install/my_turtle_interfaces:/home/tamir/ros2_ws/install/my_robot_interfaces:/home/tamir/ros2_ws/install/my_robot_bringup:/home/tamir/ros2_ws/install/my_robot_description:/home/tamir/ros2_ws/install/my_cpp_pkg:/home/tamir/turtlebot3_ws/install/turtlebot3_simulations:/home/tamir/turtlebot3_ws/install/turtlebot3_gazebo:/home/tamir/turtlebot3_ws/install/turtlebot3_fake_node:/home/tamir/install/my_robot_description:/home/tamir/install/autonomous_robot_description:/home/tamir/ros2_ws/install/turtle_spawner:/home/tamir/ros2_ws/install/turtle_controller:/home/tamir/ros2_ws/install/my_py_pkg:/home/tamir/install/calc_odom:/opt/ros/humble LD_LIBRARY_PATH=/home/tamir/autonomous_robot/sensors_package/src/lidar_ws/install/lslidar_msgs/lib:/home/tamir/autonomous_robot/sensors_package/src/lidar_ws/install/pointcloud_to_laserscan/lib:/home/tamir/autonomous_robot/install/robot_common_interfaces/lib:/home/tamir/ros2_ws/install/my_turtle_interfaces/lib:/home/tamir/ros2_ws/install/my_robot_interfaces/lib:/opt/ros/humble/opt/rviz_ogre_vendor/lib:/opt/ros/humble/lib/x86_64-linux-gnu:/opt/ros/humble/lib:/usr/lib/x86_64-linux-gnu/gazebo-11/plugins /usr/bin/cmake --install /home/tamir/autonomous_robot/sensors_package/src/lidar_ws/build/lslidar_driver
[1.419s] Level 1:colcon.colcon_core.environment:create_environment_scripts_only(lslidar_driver)
[1.419s] Level 1:colcon.colcon_core.environment:checking '/home/tamir/autonomous_robot/sensors_package/src/lidar_ws/install/lslidar_driver' for CMake module files
[1.420s] DEBUG:colcon.colcon_core.event_handler.log_command:Invoked command in '/home/tamir/autonomous_robot/sensors_package/src/lidar_ws/build/lslidar_driver' returned '0': CMAKE_PREFIX_PATH=/home/tamir/autonomous_robot/sensors_package/src/lidar_ws/install/lslidar_msgs:/home/tamir/autonomous_robot/sensors_package/src/lidar_ws/install/pointcloud_to_laserscan:/home/tamir/autonomous_robot/sensors_package/src/lidar_ws/install/lslidar_driver:/home/tamir/autonomous_robot/install/sensors_package:/home/tamir/autonomous_robot/install/autonomous_robot_control:/home/tamir/autonomous_robot/install/robot_common_interfaces:/home/tamir/autonomous_robot/install/aws_robomaker_small_warehouse_world:/home/tamir/autonomous_robot/install/autonomous_robot_description:/home/tamir/ros2_ws/install/my_turtle_interfaces:/home/tamir/ros2_ws/install/my_robot_interfaces:/home/tamir/ros2_ws/install/my_robot_bringup:/home/tamir/ros2_ws/install/my_robot_description:/home/tamir/ros2_ws/install/my_cpp_pkg:/home/tamir/turtlebot3_ws/install/turtlebot3_simulations:/home/tamir/turtlebot3_ws/install/turtlebot3_gazebo:/home/tamir/turtlebot3_ws/install/turtlebot3_fake_node:/home/tamir/install/my_robot_description:/home/tamir/install/autonomous_robot_description:/home/tamir/ros2_ws/install/turtle_spawner:/home/tamir/ros2_ws/install/turtle_controller:/home/tamir/ros2_ws/install/my_py_pkg:/home/tamir/install/calc_odom:/opt/ros/humble LD_LIBRARY_PATH=/home/tamir/autonomous_robot/sensors_package/src/lidar_ws/install/lslidar_msgs/lib:/home/tamir/autonomous_robot/sensors_package/src/lidar_ws/install/pointcloud_to_laserscan/lib:/home/tamir/autonomous_robot/install/robot_common_interfaces/lib:/home/tamir/ros2_ws/install/my_turtle_interfaces/lib:/home/tamir/ros2_ws/install/my_robot_interfaces/lib:/opt/ros/humble/opt/rviz_ogre_vendor/lib:/opt/ros/humble/lib/x86_64-linux-gnu:/opt/ros/humble/lib:/usr/lib/x86_64-linux-gnu/gazebo-11/plugins /usr/bin/cmake --install /home/tamir/autonomous_robot/sensors_package/src/lidar_ws/build/lslidar_driver
[1.420s] Level 1:colcon.colcon_core.environment:checking '/home/tamir/autonomous_robot/sensors_package/src/lidar_ws/install/lslidar_driver' for CMake config files
[1.420s] Level 1:colcon.colcon_core.shell:create_environment_hook('lslidar_driver', 'cmake_prefix_path')
[1.421s] INFO:colcon.colcon_core.shell:Creating environment hook '/home/tamir/autonomous_robot/sensors_package/src/lidar_ws/install/lslidar_driver/share/lslidar_driver/hook/cmake_prefix_path.ps1'
[1.421s] INFO:colcon.colcon_core.shell:Creating environment descriptor '/home/tamir/autonomous_robot/sensors_package/src/lidar_ws/install/lslidar_driver/share/lslidar_driver/hook/cmake_prefix_path.dsv'
[1.422s] INFO:colcon.colcon_core.shell:Creating environment hook '/home/tamir/autonomous_robot/sensors_package/src/lidar_ws/install/lslidar_driver/share/lslidar_driver/hook/cmake_prefix_path.sh'
[1.422s] Level 1:colcon.colcon_core.environment:checking '/home/tamir/autonomous_robot/sensors_package/src/lidar_ws/install/lslidar_driver/lib'
[1.422s] Level 1:colcon.colcon_core.environment:checking '/home/tamir/autonomous_robot/sensors_package/src/lidar_ws/install/lslidar_driver/bin'
[1.422s] Level 1:colcon.colcon_core.environment:checking '/home/tamir/autonomous_robot/sensors_package/src/lidar_ws/install/lslidar_driver/lib/pkgconfig/lslidar_driver.pc'
[1.423s] Level 1:colcon.colcon_core.environment:checking '/home/tamir/autonomous_robot/sensors_package/src/lidar_ws/install/lslidar_driver/lib/python3.10/site-packages'
[1.423s] Level 1:colcon.colcon_core.environment:checking '/home/tamir/autonomous_robot/sensors_package/src/lidar_ws/install/lslidar_driver/bin'
[1.423s] INFO:colcon.colcon_core.shell:Creating package script '/home/tamir/autonomous_robot/sensors_package/src/lidar_ws/install/lslidar_driver/share/lslidar_driver/package.ps1'
[1.424s] INFO:colcon.colcon_core.shell:Creating package descriptor '/home/tamir/autonomous_robot/sensors_package/src/lidar_ws/install/lslidar_driver/share/lslidar_driver/package.dsv'
[1.424s] INFO:colcon.colcon_core.shell:Creating package script '/home/tamir/autonomous_robot/sensors_package/src/lidar_ws/install/lslidar_driver/share/lslidar_driver/package.sh'
[1.424s] INFO:colcon.colcon_core.shell:Creating package script '/home/tamir/autonomous_robot/sensors_package/src/lidar_ws/install/lslidar_driver/share/lslidar_driver/package.bash'
[1.425s] INFO:colcon.colcon_core.shell:Creating package script '/home/tamir/autonomous_robot/sensors_package/src/lidar_ws/install/lslidar_driver/share/lslidar_driver/package.zsh'
[1.425s] Level 1:colcon.colcon_core.environment:create_file_with_runtime_dependencies(/home/tamir/autonomous_robot/sensors_package/src/lidar_ws/install/lslidar_driver/share/colcon-core/packages/lslidar_driver)
[1.462s] Level 1:colcon.colcon_core.environment:create_environment_scripts_only(lslidar_driver)
[1.462s] Level 1:colcon.colcon_core.environment:checking '/home/tamir/autonomous_robot/sensors_package/src/lidar_ws/install/lslidar_driver' for CMake module files
[1.462s] Level 1:colcon.colcon_core.environment:checking '/home/tamir/autonomous_robot/sensors_package/src/lidar_ws/install/lslidar_driver' for CMake config files
[1.462s] Level 1:colcon.colcon_core.shell:create_environment_hook('lslidar_driver', 'cmake_prefix_path')
[1.462s] INFO:colcon.colcon_core.shell:Creating environment hook '/home/tamir/autonomous_robot/sensors_package/src/lidar_ws/install/lslidar_driver/share/lslidar_driver/hook/cmake_prefix_path.ps1'
[1.463s] INFO:colcon.colcon_core.shell:Creating environment descriptor '/home/tamir/autonomous_robot/sensors_package/src/lidar_ws/install/lslidar_driver/share/lslidar_driver/hook/cmake_prefix_path.dsv'
[1.463s] INFO:colcon.colcon_core.shell:Creating environment hook '/home/tamir/autonomous_robot/sensors_package/src/lidar_ws/install/lslidar_driver/share/lslidar_driver/hook/cmake_prefix_path.sh'
[1.463s] Level 1:colcon.colcon_core.environment:checking '/home/tamir/autonomous_robot/sensors_package/src/lidar_ws/install/lslidar_driver/lib'
[1.463s] Level 1:colcon.colcon_core.environment:checking '/home/tamir/autonomous_robot/sensors_package/src/lidar_ws/install/lslidar_driver/bin'
[1.463s] Level 1:colcon.colcon_core.environment:checking '/home/tamir/autonomous_robot/sensors_package/src/lidar_ws/install/lslidar_driver/lib/pkgconfig/lslidar_driver.pc'
[1.464s] Level 1:colcon.colcon_core.environment:checking '/home/tamir/autonomous_robot/sensors_package/src/lidar_ws/install/lslidar_driver/lib/python3.10/site-packages'
[1.464s] Level 1:colcon.colcon_core.environment:checking '/home/tamir/autonomous_robot/sensors_package/src/lidar_ws/install/lslidar_driver/bin'
[1.464s] INFO:colcon.colcon_core.shell:Creating package script '/home/tamir/autonomous_robot/sensors_package/src/lidar_ws/install/lslidar_driver/share/lslidar_driver/package.ps1'
[1.464s] INFO:colcon.colcon_core.shell:Creating package descriptor '/home/tamir/autonomous_robot/sensors_package/src/lidar_ws/install/lslidar_driver/share/lslidar_driver/package.dsv'
[1.464s] INFO:colcon.colcon_core.shell:Creating package script '/home/tamir/autonomous_robot/sensors_package/src/lidar_ws/install/lslidar_driver/share/lslidar_driver/package.sh'
[1.465s] INFO:colcon.colcon_core.shell:Creating package script '/home/tamir/autonomous_robot/sensors_package/src/lidar_ws/install/lslidar_driver/share/lslidar_driver/package.bash'
[1.465s] INFO:colcon.colcon_core.shell:Creating package script '/home/tamir/autonomous_robot/sensors_package/src/lidar_ws/install/lslidar_driver/share/lslidar_driver/package.zsh'
[1.465s] Level 1:colcon.colcon_core.environment:create_file_with_runtime_dependencies(/home/tamir/autonomous_robot/sensors_package/src/lidar_ws/install/lslidar_driver/share/colcon-core/packages/lslidar_driver)
[1.465s] DEBUG:colcon.colcon_parallel_executor.executor.parallel:closing loop
[1.466s] DEBUG:colcon.colcon_parallel_executor.executor.parallel:loop closed
[1.466s] DEBUG:colcon.colcon_parallel_executor.executor.parallel:run_until_complete finished with '0'
[1.466s] DEBUG:colcon.colcon_core.event_reactor:joining thread
[1.469s] INFO:colcon.colcon_core.plugin_system:Skipping extension 'colcon_notification.desktop_notification.terminal_notifier': Not used on non-Darwin systems
[1.469s] INFO:colcon.colcon_core.plugin_system:Skipping extension 'colcon_notification.desktop_notification.win32': Not used on non-Windows systems
[1.469s] INFO:colcon.colcon_notification.desktop_notification:Sending desktop notification using 'notify2'
[1.480s] DEBUG:colcon.colcon_core.event_reactor:joined thread
[1.480s] INFO:colcon.colcon_core.shell:Creating prefix script '/home/tamir/autonomous_robot/sensors_package/src/lidar_ws/install/local_setup.ps1'
[1.482s] INFO:colcon.colcon_core.shell:Creating prefix util module '/home/tamir/autonomous_robot/sensors_package/src/lidar_ws/install/_local_setup_util_ps1.py'
[1.484s] INFO:colcon.colcon_core.shell:Creating prefix chain script '/home/tamir/autonomous_robot/sensors_package/src/lidar_ws/install/setup.ps1'
[1.487s] INFO:colcon.colcon_core.shell:Creating prefix script '/home/tamir/autonomous_robot/sensors_package/src/lidar_ws/install/local_setup.sh'
[1.488s] INFO:colcon.colcon_core.shell:Creating prefix util module '/home/tamir/autonomous_robot/sensors_package/src/lidar_ws/install/_local_setup_util_sh.py'
[1.488s] INFO:colcon.colcon_core.shell:Creating prefix chain script '/home/tamir/autonomous_robot/sensors_package/src/lidar_ws/install/setup.sh'
[1.490s] INFO:colcon.colcon_core.shell:Creating prefix script '/home/tamir/autonomous_robot/sensors_package/src/lidar_ws/install/local_setup.bash'
[1.490s] INFO:colcon.colcon_core.shell:Creating prefix chain script '/home/tamir/autonomous_robot/sensors_package/src/lidar_ws/install/setup.bash'
[1.492s] INFO:colcon.colcon_core.shell:Creating prefix script '/home/tamir/autonomous_robot/sensors_package/src/lidar_ws/install/local_setup.zsh'
[1.493s] INFO:colcon.colcon_core.shell:Creating prefix chain script '/home/tamir/autonomous_robot/sensors_package/src/lidar_ws/install/setup.zsh'
