[0.230s] Invoking command in '/home/tamir/autonomous_robot/build/sensors_package': CMAKE_PREFIX_PATH=${CMAKE_PREFIX_PATH}:/home/tamir/ws_moveit2/install/moveit_configs_utils:/home/tamir/ws_moveit2/install/launch_param_builder:/home/tamir/autonomous_robot/install/calc_odom:/home/tamir/autonomous_robot/install/control_hardware:/home/tamir/ros2_ws/install/turtle_spawner:/home/tamir/ros2_ws/install/turtle_controller:/home/tamir/ros2_ws/install/my_py_pkg:/home/tamir/autonomous_robot/autonomous_robot_control/install/control_hardware:/home/tamir/autonomous_robot/autonomous_robot_control/install/calc_odom:/home/tamir/autonomous_robot/autonomous_robot_control/src/control_hardware/install/control_hardware:/opt/ros/humble /usr/bin/cmake /home/tamir/autonomous_robot/sensors_package -DCMAKE_INSTALL_PREFIX=/home/tamir/autonomous_robot/install/sensors_package
[0.292s] -- The C compiler identification is GNU 11.4.0
[0.335s] -- The CXX compiler identification is GNU 11.4.0
[0.341s] -- Detecting C compiler ABI info
[0.422s] -- Detecting C compiler ABI info - done
[0.428s] -- Check for working C compiler: /usr/bin/cc - skipped
[0.428s] -- Detecting C compile features
[0.428s] -- Detecting C compile features - done
[0.430s] -- Detecting CXX compiler ABI info
[0.516s] -- Detecting CXX compiler ABI info - done
[0.525s] -- Check for working CXX compiler: /usr/bin/c++ - skipped
[0.525s] -- Detecting CXX compile features
[0.525s] -- Detecting CXX compile features - done
[0.534s] -- Found ament_cmake: 1.3.11 (/opt/ros/humble/share/ament_cmake/cmake)
[0.675s] -- Found Python3: /usr/bin/python3 (found version "3.10.12") found components: Interpreter 
[0.802s] -- Found rclcpp: 16.0.11 (/opt/ros/humble/share/rclcpp/cmake)
[0.866s] -- Found rosidl_generator_c: 3.1.6 (/opt/ros/humble/share/rosidl_generator_c/cmake)
[0.876s] -- Found rosidl_adapter: 3.1.6 (/opt/ros/humble/share/rosidl_adapter/cmake)
[0.887s] -- Found rosidl_generator_cpp: 3.1.6 (/opt/ros/humble/share/rosidl_generator_cpp/cmake)
[0.904s] -- Using all available rosidl_typesupport_c: rosidl_typesupport_fastrtps_c;rosidl_typesupport_introspection_c
[0.927s] -- Using all available rosidl_typesupport_cpp: rosidl_typesupport_fastrtps_cpp;rosidl_typesupport_introspection_cpp
[0.990s] -- Found rmw_implementation_cmake: 6.1.2 (/opt/ros/humble/share/rmw_implementation_cmake/cmake)
[0.998s] -- Found rmw_fastrtps_cpp: 6.2.7 (/opt/ros/humble/share/rmw_fastrtps_cpp/cmake)
[1.112s] -- Found OpenSSL: /usr/lib/x86_64-linux-gnu/libcrypto.so (found version "3.0.2")  
[1.138s] -- Found FastRTPS: /opt/ros/humble/include  
[1.179s] -- Using RMW implementation 'rmw_fastrtps_cpp' as default
[1.195s] -- Looking for pthread.h
[1.269s] -- Looking for pthread.h - found
[1.269s] -- Performing Test CMAKE_HAVE_LIBC_PTHREAD
[1.350s] -- Performing Test CMAKE_HAVE_LIBC_PTHREAD - Success
[1.351s] -- Found Threads: TRUE  
[1.403s] -- Found sensor_msgs: 4.2.4 (/opt/ros/humble/share/sensor_msgs/cmake)
[1.487s] -- Configuring done
[1.489s] -- Generating done
[1.490s] -- Build files have been written to: /home/tamir/autonomous_robot/build/sensors_package
[1.497s] Invoked command in '/home/tamir/autonomous_robot/build/sensors_package' returned '0': CMAKE_PREFIX_PATH=${CMAKE_PREFIX_PATH}:/home/tamir/ws_moveit2/install/moveit_configs_utils:/home/tamir/ws_moveit2/install/launch_param_builder:/home/tamir/autonomous_robot/install/calc_odom:/home/tamir/autonomous_robot/install/control_hardware:/home/tamir/ros2_ws/install/turtle_spawner:/home/tamir/ros2_ws/install/turtle_controller:/home/tamir/ros2_ws/install/my_py_pkg:/home/tamir/autonomous_robot/autonomous_robot_control/install/control_hardware:/home/tamir/autonomous_robot/autonomous_robot_control/install/calc_odom:/home/tamir/autonomous_robot/autonomous_robot_control/src/control_hardware/install/control_hardware:/opt/ros/humble /usr/bin/cmake /home/tamir/autonomous_robot/sensors_package -DCMAKE_INSTALL_PREFIX=/home/tamir/autonomous_robot/install/sensors_package
[1.499s] Invoking command in '/home/tamir/autonomous_robot/build/sensors_package': CMAKE_PREFIX_PATH=${CMAKE_PREFIX_PATH}:/home/tamir/ws_moveit2/install/moveit_configs_utils:/home/tamir/ws_moveit2/install/launch_param_builder:/home/tamir/autonomous_robot/install/calc_odom:/home/tamir/autonomous_robot/install/control_hardware:/home/tamir/ros2_ws/install/turtle_spawner:/home/tamir/ros2_ws/install/turtle_controller:/home/tamir/ros2_ws/install/my_py_pkg:/home/tamir/autonomous_robot/autonomous_robot_control/install/control_hardware:/home/tamir/autonomous_robot/autonomous_robot_control/install/calc_odom:/home/tamir/autonomous_robot/autonomous_robot_control/src/control_hardware/install/control_hardware:/opt/ros/humble /usr/bin/cmake --build /home/tamir/autonomous_robot/build/sensors_package -- -j12 -l12
[1.552s] Invoked command in '/home/tamir/autonomous_robot/build/sensors_package' returned '0': CMAKE_PREFIX_PATH=${CMAKE_PREFIX_PATH}:/home/tamir/ws_moveit2/install/moveit_configs_utils:/home/tamir/ws_moveit2/install/launch_param_builder:/home/tamir/autonomous_robot/install/calc_odom:/home/tamir/autonomous_robot/install/control_hardware:/home/tamir/ros2_ws/install/turtle_spawner:/home/tamir/ros2_ws/install/turtle_controller:/home/tamir/ros2_ws/install/my_py_pkg:/home/tamir/autonomous_robot/autonomous_robot_control/install/control_hardware:/home/tamir/autonomous_robot/autonomous_robot_control/install/calc_odom:/home/tamir/autonomous_robot/autonomous_robot_control/src/control_hardware/install/control_hardware:/opt/ros/humble /usr/bin/cmake --build /home/tamir/autonomous_robot/build/sensors_package -- -j12 -l12
[1.553s] Invoking command in '/home/tamir/autonomous_robot/build/sensors_package': CMAKE_PREFIX_PATH=${CMAKE_PREFIX_PATH}:/home/tamir/ws_moveit2/install/moveit_configs_utils:/home/tamir/ws_moveit2/install/launch_param_builder:/home/tamir/autonomous_robot/install/calc_odom:/home/tamir/autonomous_robot/install/control_hardware:/home/tamir/ros2_ws/install/turtle_spawner:/home/tamir/ros2_ws/install/turtle_controller:/home/tamir/ros2_ws/install/my_py_pkg:/home/tamir/autonomous_robot/autonomous_robot_control/install/control_hardware:/home/tamir/autonomous_robot/autonomous_robot_control/install/calc_odom:/home/tamir/autonomous_robot/autonomous_robot_control/src/control_hardware/install/control_hardware:/opt/ros/humble /usr/bin/cmake --install /home/tamir/autonomous_robot/build/sensors_package
[1.561s] -- Install configuration: ""
[1.561s] -- Installing: /home/tamir/autonomous_robot/install/sensors_package/lib/sensors_package/camera_rgb_publisher.py
[1.561s] -- Installing: /home/tamir/autonomous_robot/install/sensors_package/share/sensors_package/launch/launch
[1.561s] -- Installing: /home/tamir/autonomous_robot/install/sensors_package/share/sensors_package/launch/launch/camera_launch.py
[1.561s] -- Installing: /home/tamir/autonomous_robot/install/sensors_package/share/sensors_package/launch/launch/all_sensors.launch.py
[1.561s] -- Installing: /home/tamir/autonomous_robot/install/sensors_package/share/sensors_package/launch/config
[1.562s] -- Installing: /home/tamir/autonomous_robot/install/sensors_package/share/ament_index/resource_index/package_run_dependencies/sensors_package
[1.562s] -- Installing: /home/tamir/autonomous_robot/install/sensors_package/share/ament_index/resource_index/parent_prefix_path/sensors_package
[1.562s] -- Installing: /home/tamir/autonomous_robot/install/sensors_package/share/sensors_package/environment/ament_prefix_path.sh
[1.562s] -- Installing: /home/tamir/autonomous_robot/install/sensors_package/share/sensors_package/environment/ament_prefix_path.dsv
[1.562s] -- Installing: /home/tamir/autonomous_robot/install/sensors_package/share/sensors_package/environment/path.sh
[1.562s] -- Installing: /home/tamir/autonomous_robot/install/sensors_package/share/sensors_package/environment/path.dsv
[1.562s] -- Installing: /home/tamir/autonomous_robot/install/sensors_package/share/sensors_package/local_setup.bash
[1.562s] -- Installing: /home/tamir/autonomous_robot/install/sensors_package/share/sensors_package/local_setup.sh
[1.562s] -- Installing: /home/tamir/autonomous_robot/install/sensors_package/share/sensors_package/local_setup.zsh
[1.563s] -- Installing: /home/tamir/autonomous_robot/install/sensors_package/share/sensors_package/local_setup.dsv
[1.563s] -- Installing: /home/tamir/autonomous_robot/install/sensors_package/share/sensors_package/package.dsv
[1.563s] -- Installing: /home/tamir/autonomous_robot/install/sensors_package/share/ament_index/resource_index/packages/sensors_package
[1.563s] -- Installing: /home/tamir/autonomous_robot/install/sensors_package/share/sensors_package/cmake/sensors_packageConfig.cmake
[1.563s] -- Installing: /home/tamir/autonomous_robot/install/sensors_package/share/sensors_package/cmake/sensors_packageConfig-version.cmake
[1.563s] -- Installing: /home/tamir/autonomous_robot/install/sensors_package/share/sensors_package/package.xml
[1.564s] Invoked command in '/home/tamir/autonomous_robot/build/sensors_package' returned '0': CMAKE_PREFIX_PATH=${CMAKE_PREFIX_PATH}:/home/tamir/ws_moveit2/install/moveit_configs_utils:/home/tamir/ws_moveit2/install/launch_param_builder:/home/tamir/autonomous_robot/install/calc_odom:/home/tamir/autonomous_robot/install/control_hardware:/home/tamir/ros2_ws/install/turtle_spawner:/home/tamir/ros2_ws/install/turtle_controller:/home/tamir/ros2_ws/install/my_py_pkg:/home/tamir/autonomous_robot/autonomous_robot_control/install/control_hardware:/home/tamir/autonomous_robot/autonomous_robot_control/install/calc_odom:/home/tamir/autonomous_robot/autonomous_robot_control/src/control_hardware/install/control_hardware:/opt/ros/humble /usr/bin/cmake --install /home/tamir/autonomous_robot/build/sensors_package
