[0.081s] DEBUG:colcon:Command line arguments: ['/usr/bin/colcon', 'list', '-p', '--base-paths', '/home/tamir/lidar_ws']
[0.082s] DEBUG:colcon:Parsed command line arguments: Namespace(log_base=None, log_level=None, verb_name='list', build_base='build', ignore_user_meta=False, metas=['./colcon.meta'], base_paths=['/home/tamir/lidar_ws'], packages_ignore=None, packages_ignore_regex=None, paths=None, packages_up_to=None, packages_up_to_regex=None, packages_above=None, packages_above_and_dependencies=None, packages_above_depth=None, packages_select_by_dep=None, packages_skip_by_dep=None, packages_skip_up_to=None, packages_select_build_failed=False, packages_skip_build_finished=False, packages_select_test_failures=False, packages_skip_test_passed=False, packages_select=None, packages_skip=None, packages_select_regex=None, packages_skip_regex=None, packages_start=None, packages_end=None, allow_overriding=[], topological_order=False, names_only=False, paths_only=True, topological_graph=False, topological_graph_dot=False, topological_graph_density=False, topological_graph_legend=False, topological_graph_dot_cluster=False, topological_graph_dot_include_skipped=False, verb_parser=<colcon_defaults.argument_parser.defaults.DefaultArgumentsDecorator object at 0x70e396d74250>, verb_extension=<colcon_package_information.verb.list.ListVerb object at 0x70e396e78670>, main=<bound method ListVerb.main of <colcon_package_information.verb.list.ListVerb object at 0x70e396e78670>>)
[0.204s] Level 1:colcon.colcon_core.package_discovery:discover_packages(colcon_meta) check parameters
[0.204s] Level 1:colcon.colcon_core.package_discovery:discover_packages(recursive) check parameters
[0.204s] Level 1:colcon.colcon_core.package_discovery:discover_packages(ignore) check parameters
[0.204s] Level 1:colcon.colcon_core.package_discovery:discover_packages(path) check parameters
[0.204s] Level 1:colcon.colcon_core.package_discovery:discover_packages(recursive) discover
[0.204s] INFO:colcon.colcon_core.package_discovery:Crawling recursively for packages in '/home/tamir/lidar_ws'
[0.205s] Level 1:colcon.colcon_core.package_identification:_identify(/home/tamir/lidar_ws) by extensions ['ignore', 'ignore_ament_install']
[0.205s] Level 1:colcon.colcon_core.package_identification:_identify(/home/tamir/lidar_ws) by extension 'ignore'
[0.205s] Level 1:colcon.colcon_core.package_identification:_identify(/home/tamir/lidar_ws) by extension 'ignore_ament_install'
[0.205s] Level 1:colcon.colcon_core.package_identification:_identify(/home/tamir/lidar_ws) by extensions ['colcon_pkg']
[0.205s] Level 1:colcon.colcon_core.package_identification:_identify(/home/tamir/lidar_ws) by extension 'colcon_pkg'
[0.205s] Level 1:colcon.colcon_core.package_identification:_identify(/home/tamir/lidar_ws) by extensions ['colcon_meta']
[0.205s] Level 1:colcon.colcon_core.package_identification:_identify(/home/tamir/lidar_ws) by extension 'colcon_meta'
[0.205s] Level 1:colcon.colcon_core.package_identification:_identify(/home/tamir/lidar_ws) by extensions ['ros']
[0.205s] Level 1:colcon.colcon_core.package_identification:_identify(/home/tamir/lidar_ws) by extension 'ros'
[0.213s] Level 1:colcon.colcon_core.package_identification:_identify(/home/tamir/lidar_ws) by extensions ['cmake', 'python']
[0.213s] Level 1:colcon.colcon_core.package_identification:_identify(/home/tamir/lidar_ws) by extension 'cmake'
[0.213s] Level 1:colcon.colcon_core.package_identification:_identify(/home/tamir/lidar_ws) by extension 'python'
[0.213s] Level 1:colcon.colcon_core.package_identification:_identify(/home/tamir/lidar_ws) by extensions ['python_setup_py']
[0.213s] Level 1:colcon.colcon_core.package_identification:_identify(/home/tamir/lidar_ws) by extension 'python_setup_py'
[0.213s] Level 1:colcon.colcon_core.package_identification:_identify(/home/tamir/lidar_ws/log) by extensions ['ignore', 'ignore_ament_install']
[0.213s] Level 1:colcon.colcon_core.package_identification:_identify(/home/tamir/lidar_ws/log) by extension 'ignore'
[0.213s] Level 1:colcon.colcon_core.package_identification:_identify(/home/tamir/lidar_ws/log) ignored
[0.214s] Level 1:colcon.colcon_core.package_identification:_identify(/home/tamir/lidar_ws/src) by extensions ['ignore', 'ignore_ament_install']
[0.214s] Level 1:colcon.colcon_core.package_identification:_identify(/home/tamir/lidar_ws/src) by extension 'ignore'
[0.214s] Level 1:colcon.colcon_core.package_identification:_identify(/home/tamir/lidar_ws/src) by extension 'ignore_ament_install'
[0.214s] Level 1:colcon.colcon_core.package_identification:_identify(/home/tamir/lidar_ws/src) by extensions ['colcon_pkg']
[0.214s] Level 1:colcon.colcon_core.package_identification:_identify(/home/tamir/lidar_ws/src) by extension 'colcon_pkg'
[0.214s] Level 1:colcon.colcon_core.package_identification:_identify(/home/tamir/lidar_ws/src) by extensions ['colcon_meta']
[0.214s] Level 1:colcon.colcon_core.package_identification:_identify(/home/tamir/lidar_ws/src) by extension 'colcon_meta'
[0.214s] Level 1:colcon.colcon_core.package_identification:_identify(/home/tamir/lidar_ws/src) by extensions ['ros']
[0.214s] Level 1:colcon.colcon_core.package_identification:_identify(/home/tamir/lidar_ws/src) by extension 'ros'
[0.214s] Level 1:colcon.colcon_core.package_identification:_identify(/home/tamir/lidar_ws/src) by extensions ['cmake', 'python']
[0.214s] Level 1:colcon.colcon_core.package_identification:_identify(/home/tamir/lidar_ws/src) by extension 'cmake'
[0.214s] Level 1:colcon.colcon_core.package_identification:_identify(/home/tamir/lidar_ws/src) by extension 'python'
[0.214s] Level 1:colcon.colcon_core.package_identification:_identify(/home/tamir/lidar_ws/src) by extensions ['python_setup_py']
[0.214s] Level 1:colcon.colcon_core.package_identification:_identify(/home/tamir/lidar_ws/src) by extension 'python_setup_py'
[0.214s] Level 1:colcon.colcon_core.package_identification:_identify(/home/tamir/lidar_ws/src/Lslidar_ROS2_driver) by extensions ['ignore', 'ignore_ament_install']
[0.214s] Level 1:colcon.colcon_core.package_identification:_identify(/home/tamir/lidar_ws/src/Lslidar_ROS2_driver) by extension 'ignore'
[0.214s] Level 1:colcon.colcon_core.package_identification:_identify(/home/tamir/lidar_ws/src/Lslidar_ROS2_driver) by extension 'ignore_ament_install'
[0.214s] Level 1:colcon.colcon_core.package_identification:_identify(/home/tamir/lidar_ws/src/Lslidar_ROS2_driver) by extensions ['colcon_pkg']
[0.214s] Level 1:colcon.colcon_core.package_identification:_identify(/home/tamir/lidar_ws/src/Lslidar_ROS2_driver) by extension 'colcon_pkg'
[0.214s] Level 1:colcon.colcon_core.package_identification:_identify(/home/tamir/lidar_ws/src/Lslidar_ROS2_driver) by extensions ['colcon_meta']
[0.214s] Level 1:colcon.colcon_core.package_identification:_identify(/home/tamir/lidar_ws/src/Lslidar_ROS2_driver) by extension 'colcon_meta'
[0.214s] Level 1:colcon.colcon_core.package_identification:_identify(/home/tamir/lidar_ws/src/Lslidar_ROS2_driver) by extensions ['ros']
[0.214s] Level 1:colcon.colcon_core.package_identification:_identify(/home/tamir/lidar_ws/src/Lslidar_ROS2_driver) by extension 'ros'
[0.214s] Level 1:colcon.colcon_core.package_identification:_identify(/home/tamir/lidar_ws/src/Lslidar_ROS2_driver) by extensions ['cmake', 'python']
[0.214s] Level 1:colcon.colcon_core.package_identification:_identify(/home/tamir/lidar_ws/src/Lslidar_ROS2_driver) by extension 'cmake'
[0.214s] Level 1:colcon.colcon_core.package_identification:_identify(/home/tamir/lidar_ws/src/Lslidar_ROS2_driver) by extension 'python'
[0.214s] Level 1:colcon.colcon_core.package_identification:_identify(/home/tamir/lidar_ws/src/Lslidar_ROS2_driver) by extensions ['python_setup_py']
[0.214s] Level 1:colcon.colcon_core.package_identification:_identify(/home/tamir/lidar_ws/src/Lslidar_ROS2_driver) by extension 'python_setup_py'
[0.214s] Level 1:colcon.colcon_core.package_identification:_identify(/home/tamir/lidar_ws/src/Lslidar_ROS2_driver/lslidar_driver) by extensions ['ignore', 'ignore_ament_install']
[0.214s] Level 1:colcon.colcon_core.package_identification:_identify(/home/tamir/lidar_ws/src/Lslidar_ROS2_driver/lslidar_driver) by extension 'ignore'
[0.214s] Level 1:colcon.colcon_core.package_identification:_identify(/home/tamir/lidar_ws/src/Lslidar_ROS2_driver/lslidar_driver) by extension 'ignore_ament_install'
[0.215s] Level 1:colcon.colcon_core.package_identification:_identify(/home/tamir/lidar_ws/src/Lslidar_ROS2_driver/lslidar_driver) by extensions ['colcon_pkg']
[0.215s] Level 1:colcon.colcon_core.package_identification:_identify(/home/tamir/lidar_ws/src/Lslidar_ROS2_driver/lslidar_driver) by extension 'colcon_pkg'
[0.215s] Level 1:colcon.colcon_core.package_identification:_identify(/home/tamir/lidar_ws/src/Lslidar_ROS2_driver/lslidar_driver) by extensions ['colcon_meta']
[0.215s] Level 1:colcon.colcon_core.package_identification:_identify(/home/tamir/lidar_ws/src/Lslidar_ROS2_driver/lslidar_driver) by extension 'colcon_meta'
[0.215s] Level 1:colcon.colcon_core.package_identification:_identify(/home/tamir/lidar_ws/src/Lslidar_ROS2_driver/lslidar_driver) by extensions ['ros']
[0.215s] Level 1:colcon.colcon_core.package_identification:_identify(/home/tamir/lidar_ws/src/Lslidar_ROS2_driver/lslidar_driver) by extension 'ros'
[0.217s] DEBUG:colcon.colcon_core.package_identification:Package '/home/tamir/lidar_ws/src/Lslidar_ROS2_driver/lslidar_driver' with type 'ros.ament_cmake' and name 'lslidar_driver'
[0.217s] Level 1:colcon.colcon_core.package_identification:_identify(/home/tamir/lidar_ws/src/Lslidar_ROS2_driver/lslidar_msgs) by extensions ['ignore', 'ignore_ament_install']
[0.217s] Level 1:colcon.colcon_core.package_identification:_identify(/home/tamir/lidar_ws/src/Lslidar_ROS2_driver/lslidar_msgs) by extension 'ignore'
[0.217s] Level 1:colcon.colcon_core.package_identification:_identify(/home/tamir/lidar_ws/src/Lslidar_ROS2_driver/lslidar_msgs) by extension 'ignore_ament_install'
[0.217s] Level 1:colcon.colcon_core.package_identification:_identify(/home/tamir/lidar_ws/src/Lslidar_ROS2_driver/lslidar_msgs) by extensions ['colcon_pkg']
[0.217s] Level 1:colcon.colcon_core.package_identification:_identify(/home/tamir/lidar_ws/src/Lslidar_ROS2_driver/lslidar_msgs) by extension 'colcon_pkg'
[0.217s] Level 1:colcon.colcon_core.package_identification:_identify(/home/tamir/lidar_ws/src/Lslidar_ROS2_driver/lslidar_msgs) by extensions ['colcon_meta']
[0.217s] Level 1:colcon.colcon_core.package_identification:_identify(/home/tamir/lidar_ws/src/Lslidar_ROS2_driver/lslidar_msgs) by extension 'colcon_meta'
[0.217s] Level 1:colcon.colcon_core.package_identification:_identify(/home/tamir/lidar_ws/src/Lslidar_ROS2_driver/lslidar_msgs) by extensions ['ros']
[0.217s] Level 1:colcon.colcon_core.package_identification:_identify(/home/tamir/lidar_ws/src/Lslidar_ROS2_driver/lslidar_msgs) by extension 'ros'
[0.218s] DEBUG:colcon.colcon_core.package_identification:Package '/home/tamir/lidar_ws/src/Lslidar_ROS2_driver/lslidar_msgs' with type 'ros.ament_cmake' and name 'lslidar_msgs'
[0.218s] Level 1:colcon.colcon_core.package_identification:_identify(/home/tamir/lidar_ws/src/build) by extensions ['ignore', 'ignore_ament_install']
[0.218s] Level 1:colcon.colcon_core.package_identification:_identify(/home/tamir/lidar_ws/src/build) by extension 'ignore'
[0.218s] Level 1:colcon.colcon_core.package_identification:_identify(/home/tamir/lidar_ws/src/build) ignored
[0.218s] Level 1:colcon.colcon_core.package_identification:_identify(/home/tamir/lidar_ws/src/install) by extensions ['ignore', 'ignore_ament_install']
[0.218s] Level 1:colcon.colcon_core.package_identification:_identify(/home/tamir/lidar_ws/src/install) by extension 'ignore'
[0.218s] Level 1:colcon.colcon_core.package_identification:_identify(/home/tamir/lidar_ws/src/install) ignored
[0.218s] Level 1:colcon.colcon_core.package_identification:_identify(/home/tamir/lidar_ws/src/log) by extensions ['ignore', 'ignore_ament_install']
[0.218s] Level 1:colcon.colcon_core.package_identification:_identify(/home/tamir/lidar_ws/src/log) by extension 'ignore'
[0.218s] Level 1:colcon.colcon_core.package_identification:_identify(/home/tamir/lidar_ws/src/log) ignored
[0.218s] Level 1:colcon.colcon_core.package_discovery:discover_packages(recursive) using defaults
