[0.659s] Invoking command in '/home/tamir/autonomous_robot/autonomous_robot_control/src/calc_odom': PYTHONPATH=/home/tamir/autonomous_robot/autonomous_robot_control/build/calc_odom/prefix_override:/usr/lib/python3/dist-packages/colcon_core/task/python/colcon_distutils_commands:/home/tamir/autonomous_robot/autonomous_robot_control/install/calc_odom/lib/python3.10/site-packages:${PYTHONPATH} /usr/bin/python3 -W ignore:setup.py install is deprecated setup.py egg_info --egg-base ../../build/calc_odom build --build-base /home/tamir/autonomous_robot/autonomous_robot_control/build/calc_odom/build install --record /home/tamir/autonomous_robot/autonomous_robot_control/build/calc_odom/install.log --single-version-externally-managed install_data
[0.828s] running egg_info
[0.829s] writing ../../build/calc_odom/calc_odom.egg-info/PKG-INFO
[0.829s] writing dependency_links to ../../build/calc_odom/calc_odom.egg-info/dependency_links.txt
[0.830s] writing entry points to ../../build/calc_odom/calc_odom.egg-info/entry_points.txt
[0.830s] writing requirements to ../../build/calc_odom/calc_odom.egg-info/requires.txt
[0.830s] writing top-level names to ../../build/calc_odom/calc_odom.egg-info/top_level.txt
[0.831s] reading manifest file '../../build/calc_odom/calc_odom.egg-info/SOURCES.txt'
[0.831s] writing manifest file '../../build/calc_odom/calc_odom.egg-info/SOURCES.txt'
[0.832s] running build
[0.832s] running build_py
[0.832s] copying calc_odom/cartographer_odom.py -> /home/tamir/autonomous_robot/autonomous_robot_control/build/calc_odom/build/lib/calc_odom
[0.832s] running install
[0.832s] running install_lib
[0.833s] copying /home/tamir/autonomous_robot/autonomous_robot_control/build/calc_odom/build/lib/calc_odom/cartographer_odom.py -> /home/tamir/autonomous_robot/autonomous_robot_control/install/calc_odom/lib/python3.10/site-packages/calc_odom
[0.834s] byte-compiling /home/tamir/autonomous_robot/autonomous_robot_control/install/calc_odom/lib/python3.10/site-packages/calc_odom/cartographer_odom.py to cartographer_odom.cpython-310.pyc
[0.835s] running install_data
[0.835s] copying package.xml -> /home/tamir/autonomous_robot/autonomous_robot_control/install/calc_odom/share/calc_odom
[0.835s] running install_egg_info
[0.837s] removing '/home/tamir/autonomous_robot/autonomous_robot_control/install/calc_odom/lib/python3.10/site-packages/calc_odom-0.0.0-py3.10.egg-info' (and everything under it)
[0.838s] Copying ../../build/calc_odom/calc_odom.egg-info to /home/tamir/autonomous_robot/autonomous_robot_control/install/calc_odom/lib/python3.10/site-packages/calc_odom-0.0.0-py3.10.egg-info
[0.839s] running install_scripts
[0.856s] Installing cartographer_odom script to /home/tamir/autonomous_robot/autonomous_robot_control/install/calc_odom/lib/calc_odom
[0.856s] Installing encoder_odom script to /home/tamir/autonomous_robot/autonomous_robot_control/install/calc_odom/lib/calc_odom
[0.857s] writing list of installed files to '/home/tamir/autonomous_robot/autonomous_robot_control/build/calc_odom/install.log'
[0.879s] Invoked command in '/home/tamir/autonomous_robot/autonomous_robot_control/src/calc_odom' returned '0': PYTHONPATH=/home/tamir/autonomous_robot/autonomous_robot_control/build/calc_odom/prefix_override:/usr/lib/python3/dist-packages/colcon_core/task/python/colcon_distutils_commands:/home/tamir/autonomous_robot/autonomous_robot_control/install/calc_odom/lib/python3.10/site-packages:${PYTHONPATH} /usr/bin/python3 -W ignore:setup.py install is deprecated setup.py egg_info --egg-base ../../build/calc_odom build --build-base /home/tamir/autonomous_robot/autonomous_robot_control/build/calc_odom/build install --record /home/tamir/autonomous_robot/autonomous_robot_control/build/calc_odom/install.log --single-version-externally-managed install_data
