[0.989s] Invoking command in '/home/tamir/autonomous_robot/autonomous_robot_control/src/calc_odom': PYTHONPATH=/home/tamir/autonomous_robot/autonomous_robot_control/build/calc_odom/prefix_override:/usr/lib/python3/dist-packages/colcon_core/task/python/colcon_distutils_commands:/home/tamir/autonomous_robot/autonomous_robot_control/install/calc_odom/lib/python3.10/site-packages:${PYTHONPATH} /usr/bin/python3 -W ignore:setup.py install is deprecated setup.py egg_info --egg-base ../../build/calc_odom build --build-base /home/tamir/autonomous_robot/autonomous_robot_control/build/calc_odom/build install --record /home/tamir/autonomous_robot/autonomous_robot_control/build/calc_odom/install.log --single-version-externally-managed install_data
[1.262s] running egg_info
[1.263s] writing ../../build/calc_odom/calc_odom.egg-info/PKG-INFO
[1.263s] writing dependency_links to ../../build/calc_odom/calc_odom.egg-info/dependency_links.txt
[1.263s] writing entry points to ../../build/calc_odom/calc_odom.egg-info/entry_points.txt
[1.263s] writing requirements to ../../build/calc_odom/calc_odom.egg-info/requires.txt
[1.263s] writing top-level names to ../../build/calc_odom/calc_odom.egg-info/top_level.txt
[1.265s] reading manifest file '../../build/calc_odom/calc_odom.egg-info/SOURCES.txt'
[1.266s] writing manifest file '../../build/calc_odom/calc_odom.egg-info/SOURCES.txt'
[1.266s] running build
[1.266s] running build_py
[1.266s] copying calc_odom/encoder_odom.py -> /home/tamir/autonomous_robot/autonomous_robot_control/build/calc_odom/build/lib/calc_odom
[1.267s] running install
[1.268s] running install_lib
[1.270s] copying /home/tamir/autonomous_robot/autonomous_robot_control/build/calc_odom/build/lib/calc_odom/encoder_odom.py -> /home/tamir/autonomous_robot/autonomous_robot_control/install/calc_odom/lib/python3.10/site-packages/calc_odom
[1.272s] byte-compiling /home/tamir/autonomous_robot/autonomous_robot_control/install/calc_odom/lib/python3.10/site-packages/calc_odom/encoder_odom.py to encoder_odom.cpython-310.pyc
[1.273s] running install_data
[1.273s] running install_egg_info
[1.277s] removing '/home/tamir/autonomous_robot/autonomous_robot_control/install/calc_odom/lib/python3.10/site-packages/calc_odom-0.0.0-py3.10.egg-info' (and everything under it)
[1.277s] Copying ../../build/calc_odom/calc_odom.egg-info to /home/tamir/autonomous_robot/autonomous_robot_control/install/calc_odom/lib/python3.10/site-packages/calc_odom-0.0.0-py3.10.egg-info
[1.278s] running install_scripts
[1.302s] Installing encoder_odom script to /home/tamir/autonomous_robot/autonomous_robot_control/install/calc_odom/lib/calc_odom
[1.303s] writing list of installed files to '/home/tamir/autonomous_robot/autonomous_robot_control/build/calc_odom/install.log'
[1.332s] Invoked command in '/home/tamir/autonomous_robot/autonomous_robot_control/src/calc_odom' returned '0': PYTHONPATH=/home/tamir/autonomous_robot/autonomous_robot_control/build/calc_odom/prefix_override:/usr/lib/python3/dist-packages/colcon_core/task/python/colcon_distutils_commands:/home/tamir/autonomous_robot/autonomous_robot_control/install/calc_odom/lib/python3.10/site-packages:${PYTHONPATH} /usr/bin/python3 -W ignore:setup.py install is deprecated setup.py egg_info --egg-base ../../build/calc_odom build --build-base /home/tamir/autonomous_robot/autonomous_robot_control/build/calc_odom/build install --record /home/tamir/autonomous_robot/autonomous_robot_control/build/calc_odom/install.log --single-version-externally-managed install_data
