[0.038s] Invoking command in '/home/tamir/autonomous_robot/build/autonomous_robot_description': CMAKE_PREFIX_PATH=${CMAKE_PREFIX_PATH}:/home/tamir/autonomous_robot/install/calc_odom:/home/tamir/autonomous_robot/install/control_hardware:/home/tamir/autonomous_robot/autonomous_robot_control/install/control_hardware:/home/tamir/autonomous_robot/autonomous_robot_control/install/calc_odom:/home/tamir/ros2_ws/install/turtle_spawner:/home/tamir/ros2_ws/install/turtle_controller:/home/tamir/ros2_ws/install/my_py_pkg:/opt/ros/humble /usr/bin/cmake --build /home/tamir/autonomous_robot/build/autonomous_robot_description -- -j12 -l12
[0.416s] Invoked command in '/home/tamir/autonomous_robot/build/autonomous_robot_description' returned '0': CMAKE_PREFIX_PATH=${CMAKE_PREFIX_PATH}:/home/tamir/autonomous_robot/install/calc_odom:/home/tamir/autonomous_robot/install/control_hardware:/home/tamir/autonomous_robot/autonomous_robot_control/install/control_hardware:/home/tamir/autonomous_robot/autonomous_robot_control/install/calc_odom:/home/tamir/ros2_ws/install/turtle_spawner:/home/tamir/ros2_ws/install/turtle_controller:/home/tamir/ros2_ws/install/my_py_pkg:/opt/ros/humble /usr/bin/cmake --build /home/tamir/autonomous_robot/build/autonomous_robot_description -- -j12 -l12
[0.453s] Invoking command in '/home/tamir/autonomous_robot/build/autonomous_robot_description': CMAKE_PREFIX_PATH=${CMAKE_PREFIX_PATH}:/home/tamir/autonomous_robot/install/calc_odom:/home/tamir/autonomous_robot/install/control_hardware:/home/tamir/autonomous_robot/autonomous_robot_control/install/control_hardware:/home/tamir/autonomous_robot/autonomous_robot_control/install/calc_odom:/home/tamir/ros2_ws/install/turtle_spawner:/home/tamir/ros2_ws/install/turtle_controller:/home/tamir/ros2_ws/install/my_py_pkg:/opt/ros/humble /usr/bin/cmake --install /home/tamir/autonomous_robot/build/autonomous_robot_description
[0.491s] -- Install configuration: ""
[0.492s] -- Up-to-date: /home/tamir/autonomous_robot/install/autonomous_robot_description/share/autonomous_robot_description//config
[0.492s] -- Up-to-date: /home/tamir/autonomous_robot/install/autonomous_robot_description/share/autonomous_robot_description//config/joint_controller.yaml
[0.492s] -- Up-to-date: /home/tamir/autonomous_robot/install/autonomous_robot_description/share/autonomous_robot_description//config/mapper_params_online_async.yaml
[0.492s] -- Up-to-date: /home/tamir/autonomous_robot/install/autonomous_robot_description/share/autonomous_robot_description//config/nav2_params.yaml
[0.492s] -- Up-to-date: /home/tamir/autonomous_robot/install/autonomous_robot_description/share/autonomous_robot_description//config/joystick.yaml
[0.492s] -- Installing: /home/tamir/autonomous_robot/install/autonomous_robot_description/share/autonomous_robot_description//config/my_robot.lua
[0.492s] -- Up-to-date: /home/tamir/autonomous_robot/install/autonomous_robot_description/share/autonomous_robot_description//config/nav2_cart_params.yaml
[0.492s] -- Up-to-date: /home/tamir/autonomous_robot/install/autonomous_robot_description/share/autonomous_robot_description//config/twist_mux.yaml
[0.493s] -- Up-to-date: /home/tamir/autonomous_robot/install/autonomous_robot_description/share/autonomous_robot_description//config/ekf.yaml
[0.493s] -- Up-to-date: /home/tamir/autonomous_robot/install/autonomous_robot_description/share/autonomous_robot_description//launch
[0.493s] -- Up-to-date: /home/tamir/autonomous_robot/install/autonomous_robot_description/share/autonomous_robot_description//launch/__pycache__
[0.493s] -- Up-to-date: /home/tamir/autonomous_robot/install/autonomous_robot_description/share/autonomous_robot_description//launch/__pycache__/navigation_cartographer.cpython-310.pyc
[0.493s] -- Up-to-date: /home/tamir/autonomous_robot/install/autonomous_robot_description/share/autonomous_robot_description//launch/sim_gazebo.launch.py
[0.493s] -- Up-to-date: /home/tamir/autonomous_robot/install/autonomous_robot_description/share/autonomous_robot_description//launch/navigation_launch.py
[0.493s] -- Up-to-date: /home/tamir/autonomous_robot/install/autonomous_robot_description/share/autonomous_robot_description//launch/build
[0.493s] -- Up-to-date: /home/tamir/autonomous_robot/install/autonomous_robot_description/share/autonomous_robot_description//launch/build/COLCON_IGNORE
[0.493s] -- Up-to-date: /home/tamir/autonomous_robot/install/autonomous_robot_description/share/autonomous_robot_description//launch/build/.built_by
[0.493s] -- Up-to-date: /home/tamir/autonomous_robot/install/autonomous_robot_description/share/autonomous_robot_description//launch/online_async_launch.py
[0.494s] -- Up-to-date: /home/tamir/autonomous_robot/install/autonomous_robot_description/share/autonomous_robot_description//launch/occupancy_grid.launch.py
[0.494s] -- Up-to-date: /home/tamir/autonomous_robot/install/autonomous_robot_description/share/autonomous_robot_description//launch/localization_AMCL_launch.py
[0.494s] -- Up-to-date: /home/tamir/autonomous_robot/install/autonomous_robot_description/share/autonomous_robot_description//launch/log
[0.494s] -- Up-to-date: /home/tamir/autonomous_robot/install/autonomous_robot_description/share/autonomous_robot_description//launch/log/build_2024-12-11_18-41-05
[0.494s] -- Up-to-date: /home/tamir/autonomous_robot/install/autonomous_robot_description/share/autonomous_robot_description//launch/log/build_2024-12-11_18-41-05/events.log
[0.494s] -- Up-to-date: /home/tamir/autonomous_robot/install/autonomous_robot_description/share/autonomous_robot_description//launch/log/build_2024-12-11_18-41-05/logger_all.log
[0.494s] -- Up-to-date: /home/tamir/autonomous_robot/install/autonomous_robot_description/share/autonomous_robot_description//launch/log/COLCON_IGNORE
[0.494s] -- Up-to-date: /home/tamir/autonomous_robot/install/autonomous_robot_description/share/autonomous_robot_description//launch/log/latest
[0.494s] -- Up-to-date: /home/tamir/autonomous_robot/install/autonomous_robot_description/share/autonomous_robot_description//launch/log/latest_build
[0.494s] -- Up-to-date: /home/tamir/autonomous_robot/install/autonomous_robot_description/share/autonomous_robot_description//launch/localization_cartographer.launch.py
[0.494s] -- Up-to-date: /home/tamir/autonomous_robot/install/autonomous_robot_description/share/autonomous_robot_description//launch/real_robot.launch.py
[0.494s] -- Up-to-date: /home/tamir/autonomous_robot/install/autonomous_robot_description/share/autonomous_robot_description//launch/cartographer.launch.py
[0.494s] -- Up-to-date: /home/tamir/autonomous_robot/install/autonomous_robot_description/share/autonomous_robot_description//launch/cartographer_navigation.launch.py
[0.494s] -- Up-to-date: /home/tamir/autonomous_robot/install/autonomous_robot_description/share/autonomous_robot_description//launch/install
[0.495s] -- Up-to-date: /home/tamir/autonomous_robot/install/autonomous_robot_description/share/autonomous_robot_description//launch/install/setup.ps1
[0.495s] -- Up-to-date: /home/tamir/autonomous_robot/install/autonomous_robot_description/share/autonomous_robot_description//launch/install/setup.zsh
[0.495s] -- Up-to-date: /home/tamir/autonomous_robot/install/autonomous_robot_description/share/autonomous_robot_description//launch/install/local_setup.sh
[0.495s] -- Up-to-date: /home/tamir/autonomous_robot/install/autonomous_robot_description/share/autonomous_robot_description//launch/install/_local_setup_util_ps1.py
[0.495s] -- Up-to-date: /home/tamir/autonomous_robot/install/autonomous_robot_description/share/autonomous_robot_description//launch/install/COLCON_IGNORE
[0.495s] -- Up-to-date: /home/tamir/autonomous_robot/install/autonomous_robot_description/share/autonomous_robot_description//launch/install/.colcon_install_layout
[0.495s] -- Up-to-date: /home/tamir/autonomous_robot/install/autonomous_robot_description/share/autonomous_robot_description//launch/install/setup.sh
[0.495s] -- Up-to-date: /home/tamir/autonomous_robot/install/autonomous_robot_description/share/autonomous_robot_description//launch/install/setup.bash
[0.495s] -- Up-to-date: /home/tamir/autonomous_robot/install/autonomous_robot_description/share/autonomous_robot_description//launch/install/local_setup.zsh
[0.495s] -- Up-to-date: /home/tamir/autonomous_robot/install/autonomous_robot_description/share/autonomous_robot_description//launch/install/local_setup.ps1
[0.495s] -- Up-to-date: /home/tamir/autonomous_robot/install/autonomous_robot_description/share/autonomous_robot_description//launch/install/local_setup.bash
[0.495s] -- Up-to-date: /home/tamir/autonomous_robot/install/autonomous_robot_description/share/autonomous_robot_description//launch/install/_local_setup_util_sh.py
[0.495s] -- Up-to-date: /home/tamir/autonomous_robot/install/autonomous_robot_description/share/autonomous_robot_description//launch/ekf.launch.py
[0.495s] -- Up-to-date: /home/tamir/autonomous_robot/install/autonomous_robot_description/share/autonomous_robot_description//rviz
[0.495s] -- Up-to-date: /home/tamir/autonomous_robot/install/autonomous_robot_description/share/autonomous_robot_description//rviz/urdf_config.rviz
[0.495s] -- Up-to-date: /home/tamir/autonomous_robot/install/autonomous_robot_description/share/autonomous_robot_description//urdf
[0.495s] -- Up-to-date: /home/tamir/autonomous_robot/install/autonomous_robot_description/share/autonomous_robot_description//urdf/autonomous_robot_gazebo.xacro
[0.495s] -- Up-to-date: /home/tamir/autonomous_robot/install/autonomous_robot_description/share/autonomous_robot_description//urdf/ros2_control.xacro
[0.495s] -- Up-to-date: /home/tamir/autonomous_robot/install/autonomous_robot_description/share/autonomous_robot_description//urdf/lidar.xacro
[0.495s] -- Up-to-date: /home/tamir/autonomous_robot/install/autonomous_robot_description/share/autonomous_robot_description//urdf/autonomous_robot.urdf.xacro
[0.495s] -- Up-to-date: /home/tamir/autonomous_robot/install/autonomous_robot_description/share/autonomous_robot_description//urdf/imu.xacro
[0.495s] -- Up-to-date: /home/tamir/autonomous_robot/install/autonomous_robot_description/share/autonomous_robot_description//urdf/build
[0.495s] -- Up-to-date: /home/tamir/autonomous_robot/install/autonomous_robot_description/share/autonomous_robot_description//urdf/build/COLCON_IGNORE
[0.495s] -- Up-to-date: /home/tamir/autonomous_robot/install/autonomous_robot_description/share/autonomous_robot_description//urdf/build/.built_by
[0.496s] -- Up-to-date: /home/tamir/autonomous_robot/install/autonomous_robot_description/share/autonomous_robot_description//urdf/log
[0.496s] -- Up-to-date: /home/tamir/autonomous_robot/install/autonomous_robot_description/share/autonomous_robot_description//urdf/log/build_2024-10-10_22-18-31
[0.496s] -- Up-to-date: /home/tamir/autonomous_robot/install/autonomous_robot_description/share/autonomous_robot_description//urdf/log/build_2024-10-10_22-18-31/events.log
[0.496s] -- Up-to-date: /home/tamir/autonomous_robot/install/autonomous_robot_description/share/autonomous_robot_description//urdf/log/build_2024-10-10_22-18-31/logger_all.log
[0.496s] -- Up-to-date: /home/tamir/autonomous_robot/install/autonomous_robot_description/share/autonomous_robot_description//urdf/log/COLCON_IGNORE
[0.496s] -- Up-to-date: /home/tamir/autonomous_robot/install/autonomous_robot_description/share/autonomous_robot_description//urdf/log/latest
[0.496s] -- Up-to-date: /home/tamir/autonomous_robot/install/autonomous_robot_description/share/autonomous_robot_description//urdf/log/latest_build
[0.496s] -- Up-to-date: /home/tamir/autonomous_robot/install/autonomous_robot_description/share/autonomous_robot_description//urdf/gazebo_color.xacro
[0.496s] -- Up-to-date: /home/tamir/autonomous_robot/install/autonomous_robot_description/share/autonomous_robot_description//urdf/mobile_robot.xacro
[0.496s] -- Up-to-date: /home/tamir/autonomous_robot/install/autonomous_robot_description/share/autonomous_robot_description//urdf/common_properties.xacro
[0.496s] -- Up-to-date: /home/tamir/autonomous_robot/install/autonomous_robot_description/share/autonomous_robot_description//urdf/install
[0.496s] -- Up-to-date: /home/tamir/autonomous_robot/install/autonomous_robot_description/share/autonomous_robot_description//urdf/install/setup.ps1
[0.496s] -- Up-to-date: /home/tamir/autonomous_robot/install/autonomous_robot_description/share/autonomous_robot_description//urdf/install/setup.zsh
[0.496s] -- Up-to-date: /home/tamir/autonomous_robot/install/autonomous_robot_description/share/autonomous_robot_description//urdf/install/local_setup.sh
[0.496s] -- Up-to-date: /home/tamir/autonomous_robot/install/autonomous_robot_description/share/autonomous_robot_description//urdf/install/_local_setup_util_ps1.py
[0.496s] -- Up-to-date: /home/tamir/autonomous_robot/install/autonomous_robot_description/share/autonomous_robot_description//urdf/install/COLCON_IGNORE
[0.496s] -- Up-to-date: /home/tamir/autonomous_robot/install/autonomous_robot_description/share/autonomous_robot_description//urdf/install/.colcon_install_layout
[0.496s] -- Up-to-date: /home/tamir/autonomous_robot/install/autonomous_robot_description/share/autonomous_robot_description//urdf/install/setup.sh
[0.497s] -- Up-to-date: /home/tamir/autonomous_robot/install/autonomous_robot_description/share/autonomous_robot_description//urdf/install/setup.bash
[0.497s] -- Up-to-date: /home/tamir/autonomous_robot/install/autonomous_robot_description/share/autonomous_robot_description//urdf/install/local_setup.zsh
[0.497s] -- Up-to-date: /home/tamir/autonomous_robot/install/autonomous_robot_description/share/autonomous_robot_description//urdf/install/local_setup.ps1
[0.497s] -- Up-to-date: /home/tamir/autonomous_robot/install/autonomous_robot_description/share/autonomous_robot_description//urdf/install/local_setup.bash
[0.497s] -- Up-to-date: /home/tamir/autonomous_robot/install/autonomous_robot_description/share/autonomous_robot_description//urdf/install/_local_setup_util_sh.py
[0.497s] -- Up-to-date: /home/tamir/autonomous_robot/install/autonomous_robot_description/share/autonomous_robot_description//urdf/camera.xacro
[0.497s] -- Up-to-date: /home/tamir/autonomous_robot/install/autonomous_robot_description/share/ament_index/resource_index/package_run_dependencies/autonomous_robot_description
[0.497s] -- Up-to-date: /home/tamir/autonomous_robot/install/autonomous_robot_description/share/ament_index/resource_index/parent_prefix_path/autonomous_robot_description
[0.497s] -- Up-to-date: /home/tamir/autonomous_robot/install/autonomous_robot_description/share/autonomous_robot_description/environment/ament_prefix_path.sh
[0.497s] -- Up-to-date: /home/tamir/autonomous_robot/install/autonomous_robot_description/share/autonomous_robot_description/environment/ament_prefix_path.dsv
[0.497s] -- Up-to-date: /home/tamir/autonomous_robot/install/autonomous_robot_description/share/autonomous_robot_description/environment/path.sh
[0.497s] -- Up-to-date: /home/tamir/autonomous_robot/install/autonomous_robot_description/share/autonomous_robot_description/environment/path.dsv
[0.497s] -- Up-to-date: /home/tamir/autonomous_robot/install/autonomous_robot_description/share/autonomous_robot_description/local_setup.bash
[0.497s] -- Up-to-date: /home/tamir/autonomous_robot/install/autonomous_robot_description/share/autonomous_robot_description/local_setup.sh
[0.497s] -- Up-to-date: /home/tamir/autonomous_robot/install/autonomous_robot_description/share/autonomous_robot_description/local_setup.zsh
[0.497s] -- Up-to-date: /home/tamir/autonomous_robot/install/autonomous_robot_description/share/autonomous_robot_description/local_setup.dsv
[0.497s] -- Installing: /home/tamir/autonomous_robot/install/autonomous_robot_description/share/autonomous_robot_description/package.dsv
[0.497s] -- Up-to-date: /home/tamir/autonomous_robot/install/autonomous_robot_description/share/ament_index/resource_index/packages/autonomous_robot_description
[0.497s] -- Up-to-date: /home/tamir/autonomous_robot/install/autonomous_robot_description/share/autonomous_robot_description/cmake/autonomous_robot_descriptionConfig.cmake
[0.497s] -- Up-to-date: /home/tamir/autonomous_robot/install/autonomous_robot_description/share/autonomous_robot_description/cmake/autonomous_robot_descriptionConfig-version.cmake
[0.498s] -- Up-to-date: /home/tamir/autonomous_robot/install/autonomous_robot_description/share/autonomous_robot_description/package.xml
[0.510s] Invoked command in '/home/tamir/autonomous_robot/build/autonomous_robot_description' returned '0': CMAKE_PREFIX_PATH=${CMAKE_PREFIX_PATH}:/home/tamir/autonomous_robot/install/calc_odom:/home/tamir/autonomous_robot/install/control_hardware:/home/tamir/autonomous_robot/autonomous_robot_control/install/control_hardware:/home/tamir/autonomous_robot/autonomous_robot_control/install/calc_odom:/home/tamir/ros2_ws/install/turtle_spawner:/home/tamir/ros2_ws/install/turtle_controller:/home/tamir/ros2_ws/install/my_py_pkg:/opt/ros/humble /usr/bin/cmake --install /home/tamir/autonomous_robot/build/autonomous_robot_description
