-- The C compiler identification is GNU 11.4.0
-- The CXX compiler identification is GNU 11.4.0
-- Detecting C compiler ABI info
-- Detecting C compiler ABI info - done
-- Check for working C compiler: /usr/bin/cc - skipped
-- Detecting C compile features
-- Detecting C compile features - done
-- Detecting CXX compiler ABI info
-- Detecting CXX compiler ABI info - done
-- Check for working CXX compiler: /usr/bin/c++ - skipped
-- Detecting CXX compile features
-- Detecting CXX compile features - done
-- Found ament_cmake: 1.3.11 (/opt/ros/humble/share/ament_cmake/cmake)
-- Found Python3: /usr/bin/python3 (found version "3.10.12") found components: Interpreter 
-- Found rclcpp: 16.0.11 (/opt/ros/humble/share/rclcpp/cmake)
-- Found rosidl_generator_c: 3.1.6 (/opt/ros/humble/share/rosidl_generator_c/cmake)
-- Found rosidl_adapter: 3.1.6 (/opt/ros/humble/share/rosidl_adapter/cmake)
-- Found rosidl_generator_cpp: 3.1.6 (/opt/ros/humble/share/rosidl_generator_cpp/cmake)
-- Using all available rosidl_typesupport_c: rosidl_typesupport_fastrtps_c;rosidl_typesupport_introspection_c
-- Using all available rosidl_typesupport_cpp: rosidl_typesupport_fastrtps_cpp;rosidl_typesupport_introspection_cpp
-- Found rmw_implementation_cmake: 6.1.2 (/opt/ros/humble/share/rmw_implementation_cmake/cmake)
-- Found rmw_fastrtps_cpp: 6.2.7 (/opt/ros/humble/share/rmw_fastrtps_cpp/cmake)
-- Found OpenSSL: /usr/lib/x86_64-linux-gnu/libcrypto.so (found version "3.0.2")  
-- Found FastRTPS: /opt/ros/humble/include  
-- Using RMW implementation 'rmw_fastrtps_cpp' as default
-- Looking for pthread.h
-- Looking for pthread.h - found
-- Performing Test CMAKE_HAVE_LIBC_PTHREAD
-- Performing Test CMAKE_HAVE_LIBC_PTHREAD - Success
-- Found Threads: TRUE  
-- Found sensor_msgs: 4.2.4 (/opt/ros/humble/share/sensor_msgs/cmake)
-- Found robot_common_interfaces: 0.0.0 (/home/tamir/autonomous_robot/install/robot_common_interfaces/share/robot_common_interfaces/cmake)
-- Configuring done
-- Generating done
-- Build files have been written to: /home/tamir/autonomous_robot/build/joystick
[ 16%] [32mBuilding CXX object CMakeFiles/joystick.dir/src/joy_compute_control.cpp.o[0m
[ 33%] [32mBuilding CXX object CMakeFiles/teleop_joy_node.dir/src/teleop_joy_node.cpp.o[0m
[ 50%] [32m[1mLinking CXX static library libjoystick.a[0m
[ 50%] Built target joystick
[ 66%] [32mBuilding CXX object CMakeFiles/prototype_joy_driver.dir/src/prototype_joy_driver.cpp.o[0m
[ 83%] [32m[1mLinking CXX executable teleop_joy_node[0m
[100%] [32m[1mLinking CXX executable prototype_joy_driver[0m
[100%] Built target teleop_joy_node
[100%] Built target prototype_joy_driver
-- Install configuration: ""
-- Installing: /home/tamir/autonomous_robot/install/joystick/lib/joystick/teleop_joy_node
-- Set runtime path of "/home/tamir/autonomous_robot/install/joystick/lib/joystick/teleop_joy_node" to ""
-- Installing: /home/tamir/autonomous_robot/install/joystick/lib/joystick/prototype_joy_driver
-- Set runtime path of "/home/tamir/autonomous_robot/install/joystick/lib/joystick/prototype_joy_driver" to ""
-- Installing: /home/tamir/autonomous_robot/install/joystick/include/joystick
-- Installing: /home/tamir/autonomous_robot/install/joystick/include/joystick/joystick
-- Installing: /home/tamir/autonomous_robot/install/joystick/include/joystick/joystick/joy_compute_control.hpp
-- Installing: /home/tamir/autonomous_robot/install/joystick/share/joystick//launch
-- Installing: /home/tamir/autonomous_robot/install/joystick/share/joystick//launch/joystick.launch.py
-- Installing: /home/tamir/autonomous_robot/install/joystick/share/ament_index/resource_index/package_run_dependencies/joystick
-- Installing: /home/tamir/autonomous_robot/install/joystick/share/ament_index/resource_index/parent_prefix_path/joystick
-- Installing: /home/tamir/autonomous_robot/install/joystick/share/joystick/environment/ament_prefix_path.sh
-- Installing: /home/tamir/autonomous_robot/install/joystick/share/joystick/environment/ament_prefix_path.dsv
-- Installing: /home/tamir/autonomous_robot/install/joystick/share/joystick/environment/path.sh
-- Installing: /home/tamir/autonomous_robot/install/joystick/share/joystick/environment/path.dsv
-- Installing: /home/tamir/autonomous_robot/install/joystick/share/joystick/local_setup.bash
-- Installing: /home/tamir/autonomous_robot/install/joystick/share/joystick/local_setup.sh
-- Installing: /home/tamir/autonomous_robot/install/joystick/share/joystick/local_setup.zsh
-- Installing: /home/tamir/autonomous_robot/install/joystick/share/joystick/local_setup.dsv
-- Installing: /home/tamir/autonomous_robot/install/joystick/share/joystick/package.dsv
-- Installing: /home/tamir/autonomous_robot/install/joystick/share/ament_index/resource_index/packages/joystick
-- Installing: /home/tamir/autonomous_robot/install/joystick/share/joystick/cmake/joystickConfig.cmake
-- Installing: /home/tamir/autonomous_robot/install/joystick/share/joystick/cmake/joystickConfig-version.cmake
-- Installing: /home/tamir/autonomous_robot/install/joystick/share/joystick/package.xml
