[0.009s] Invoking command in '/home/tamir/autonomous_robot/sensors_package/src/lidar_ws/build/lslidar_driver': CMAKE_PREFIX_PATH=/home/tamir/autonomous_robot/sensors_package/src/lidar_ws/install/lslidar_msgs:/home/tamir/autonomous_robot/sensors_package/src/lidar_ws/install/pointcloud_to_laserscan:/home/tamir/autonomous_robot/sensors_package/src/lidar_ws/install/lslidar_driver:/home/tamir/autonomous_robot/install/sensors_package:/home/tamir/autonomous_robot/install/autonomous_robot_control:/home/tamir/autonomous_robot/install/robot_common_interfaces:/home/tamir/autonomous_robot/install/aws_robomaker_small_warehouse_world:/home/tamir/autonomous_robot/install/autonomous_robot_description:/home/tamir/ros2_ws/install/my_turtle_interfaces:/home/tamir/ros2_ws/install/my_robot_interfaces:/home/tamir/ros2_ws/install/my_robot_bringup:/home/tamir/ros2_ws/install/my_robot_description:/home/tamir/ros2_ws/install/my_cpp_pkg:/home/tamir/turtlebot3_ws/install/turtlebot3_simulations:/home/tamir/turtlebot3_ws/install/turtlebot3_gazebo:/home/tamir/turtlebot3_ws/install/turtlebot3_fake_node:/home/tamir/install/my_robot_description:/home/tamir/install/autonomous_robot_description:/home/tamir/ros2_ws/install/turtle_spawner:/home/tamir/ros2_ws/install/turtle_controller:/home/tamir/ros2_ws/install/my_py_pkg:/home/tamir/install/calc_odom:/opt/ros/humble LD_LIBRARY_PATH=/home/tamir/autonomous_robot/sensors_package/src/lidar_ws/install/lslidar_msgs/lib:/home/tamir/autonomous_robot/sensors_package/src/lidar_ws/install/pointcloud_to_laserscan/lib:/home/tamir/autonomous_robot/install/robot_common_interfaces/lib:/home/tamir/ros2_ws/install/my_turtle_interfaces/lib:/home/tamir/ros2_ws/install/my_robot_interfaces/lib:/opt/ros/humble/opt/rviz_ogre_vendor/lib:/opt/ros/humble/lib/x86_64-linux-gnu:/opt/ros/humble/lib:/usr/lib/x86_64-linux-gnu/gazebo-11/plugins /usr/bin/cmake /home/tamir/autonomous_robot/sensors_package/src/lidar_ws/src/Lslidar_ROS2_driver/lslidar_driver -DCMAKE_INSTALL_PREFIX=/home/tamir/autonomous_robot/sensors_package/src/lidar_ws/install/lslidar_driver
[0.059s] -- The C compiler identification is GNU 11.4.0
[0.112s] -- The CXX compiler identification is GNU 11.4.0
[0.118s] -- Detecting C compiler ABI info
[0.181s] -- Detecting C compiler ABI info - done
[0.186s] -- Check for working C compiler: /usr/bin/cc - skipped
[0.186s] -- Detecting C compile features
[0.186s] -- Detecting C compile features - done
[0.188s] -- Detecting CXX compiler ABI info
[0.257s] -- Detecting CXX compiler ABI info - done
[0.267s] -- Check for working CXX compiler: /usr/bin/c++ - skipped
[0.267s] -- Detecting CXX compile features
[0.268s] -- Detecting CXX compile features - done
[0.282s] -- Found Boost: /usr/lib/x86_64-linux-gnu/cmake/Boost-1.74.0/BoostConfig.cmake (found version "1.74.0")  
[0.285s] -- Found angles: 1.15.0 (/opt/ros/humble/share/angles/cmake)
[0.420s] -- Found Python3: /usr/bin/python3 (found version "3.10.12") found components: Interpreter 
[0.500s] -- Checking for module 'eigen3'
[0.513s] --   Found eigen3, version 3.4.0
[0.542s] -- Found Eigen: /usr/include/eigen3 (Required is at least version "3.1") 
[0.542s] -- Eigen found (include: /usr/include/eigen3, version: 3.4.0)
[0.560s] -- Found Boost: /usr/lib/x86_64-linux-gnu/cmake/Boost-1.74.0/BoostConfig.cmake (found suitable version "1.74.0", minimum required is "1.65.0") found components: system filesystem date_time iostreams serialization 
[0.573s] -- Checking for module 'flann'
[0.589s] --   Found flann, version 1.9.1
[0.634s] -- Found FLANN: /usr/lib/x86_64-linux-gnu/libflann_cpp.so  
[0.634s] -- FLANN found (include: /usr/include, lib: /usr/lib/x86_64-linux-gnu/libflann_cpp.so)
[0.660s] -- Looking for pthread.h
[0.725s] -- Looking for pthread.h - found
[0.725s] -- Performing Test CMAKE_HAVE_LIBC_PTHREAD
[0.798s] -- Performing Test CMAKE_HAVE_LIBC_PTHREAD - Success
[0.799s] -- Found Threads: TRUE  
[0.802s] -- Found GLEW: /usr/lib/x86_64-linux-gnu/libGLEW.so  
[0.809s] -- Found OpenGL: /usr/lib/x86_64-linux-gnu/libOpenGL.so  found components: OpenGL GLX 
[0.950s] -- Found MPI_C: /usr/lib/x86_64-linux-gnu/libmpi.so (found version "3.1") 
[0.950s] -- Found MPI: TRUE (found version "3.1") found components: C 
[0.952s] -- Found JsonCpp: /usr/lib/x86_64-linux-gnu/libjsoncpp.so (found suitable version "1.9.5", minimum required is "0.7.0") 
[0.959s] -- Found ZLIB: /usr/lib/x86_64-linux-gnu/libz.so (found version "1.2.11") 
[0.972s] -- Found PNG: /usr/lib/x86_64-linux-gnu/libpng.so (found version "1.6.37") 
[0.985s] -- Found Eigen3: /usr/include/eigen3 (found version "3.4.0") 
[1.069s] -- Found X11: /usr/include   
[1.070s] -- Looking for XOpenDisplay in /usr/lib/x86_64-linux-gnu/libX11.so;/usr/lib/x86_64-linux-gnu/libXext.so
[1.139s] -- Looking for XOpenDisplay in /usr/lib/x86_64-linux-gnu/libX11.so;/usr/lib/x86_64-linux-gnu/libXext.so - found
[1.139s] -- Looking for gethostbyname
[1.206s] -- Looking for gethostbyname - found
[1.207s] -- Looking for connect
[1.264s] -- Looking for connect - found
[1.264s] -- Looking for remove
[1.323s] -- Looking for remove - found
[1.323s] -- Looking for shmat
[1.378s] -- Looking for shmat - found
[1.378s] -- Looking for IceConnectionNumber in ICE
[1.438s] -- Looking for IceConnectionNumber in ICE - found
[1.514s] -- Found EXPAT: /usr/lib/x86_64-linux-gnu/libexpat.so (found version "2.4.7") 
[1.516s] -- Found double-conversion: /usr/lib/x86_64-linux-gnu/libdouble-conversion.so  
[1.518s] -- Found LZ4: /usr/lib/x86_64-linux-gnu/liblz4.so (found version "1.9.3") 
[1.519s] -- Found LZMA: /usr/lib/x86_64-linux-gnu/liblzma.so (found version "5.2.5") 
[1.528s] -- Found JPEG: /usr/lib/x86_64-linux-gnu/libjpeg.so (found version "80") 
[1.533s] -- Found TIFF: /usr/lib/x86_64-linux-gnu/libtiff.so (found version "4.3.0")  
[1.536s] -- Found Freetype: /usr/lib/x86_64-linux-gnu/libfreetype.so (found version "2.11.1") 
[1.541s] -- Found utf8cpp: /usr/include/utf8cpp  
[1.614s] -- Checking for module 'libusb-1.0'
[1.628s] --   Found libusb-1.0, version 1.0.25
[1.662s] -- Found libusb: /usr/lib/x86_64-linux-gnu/libusb-1.0.so  
[1.663s] -- Found OpenNI: /usr/lib/libOpenNI.so;libusb::libusb (found version "1.5.4.0") 
[1.663s] -- OpenNI found (version: 1.5.4.0, include: /usr/include/ni, lib: /usr/lib/libOpenNI.so;libusb::libusb)
[1.715s] -- Found OpenNI2: /usr/lib/x86_64-linux-gnu/libOpenNI2.so;libusb::libusb (found version "2.2.0.33") 
[1.716s] -- OpenNI2 found (version: 2.2.0.33, include: /usr/include/openni2, lib: /usr/lib/x86_64-linux-gnu/libOpenNI2.so;libusb::libusb)
[1.716s] [0m** WARNING ** io features related to pcap will be disabled[0m
[1.841s] -- Eigen found (include: /usr/include/eigen3, version: 3.4.0)
[1.848s] -- OpenNI found (version: 1.5.4.0, include: /usr/include/ni, lib: /usr/lib/libOpenNI.so;libusb::libusb)
[1.854s] -- OpenNI2 found (version: 2.2.0.33, include: /usr/include/openni2, lib: /usr/lib/x86_64-linux-gnu/libOpenNI2.so;libusb::libusb)
[1.976s] -- Found Qhull version 8.0.2
[2.093s] -- OpenNI found (version: 1.5.4.0, include: /usr/include/ni, lib: /usr/lib/libOpenNI.so;libusb::libusb)
[2.207s] -- looking for PCL_COMMON
[2.208s] -- Found PCL_COMMON: /usr/lib/x86_64-linux-gnu/libpcl_common.so  
[2.208s] -- looking for PCL_KDTREE
[2.210s] -- Found PCL_KDTREE: /usr/lib/x86_64-linux-gnu/libpcl_kdtree.so  
[2.210s] -- looking for PCL_OCTREE
[2.211s] -- Found PCL_OCTREE: /usr/lib/x86_64-linux-gnu/libpcl_octree.so  
[2.211s] -- looking for PCL_SEARCH
[2.212s] -- Found PCL_SEARCH: /usr/lib/x86_64-linux-gnu/libpcl_search.so  
[2.212s] -- looking for PCL_SAMPLE_CONSENSUS
[2.214s] -- Found PCL_SAMPLE_CONSENSUS: /usr/lib/x86_64-linux-gnu/libpcl_sample_consensus.so  
[2.214s] -- looking for PCL_FILTERS
[2.215s] -- Found PCL_FILTERS: /usr/lib/x86_64-linux-gnu/libpcl_filters.so  
[2.215s] -- looking for PCL_2D
[2.216s] -- Found PCL_2D: /usr/include/pcl-1.12  
[2.216s] -- looking for PCL_GEOMETRY
[2.216s] -- Found PCL_GEOMETRY: /usr/include/pcl-1.12  
[2.216s] -- looking for PCL_IO
[2.217s] -- Found PCL_IO: /usr/lib/x86_64-linux-gnu/libpcl_io.so  
[2.218s] -- looking for PCL_FEATURES
[2.219s] -- Found PCL_FEATURES: /usr/lib/x86_64-linux-gnu/libpcl_features.so  
[2.219s] -- looking for PCL_ML
[2.220s] -- Found PCL_ML: /usr/lib/x86_64-linux-gnu/libpcl_ml.so  
[2.221s] -- looking for PCL_SEGMENTATION
[2.222s] -- Found PCL_SEGMENTATION: /usr/lib/x86_64-linux-gnu/libpcl_segmentation.so  
[2.222s] -- looking for PCL_VISUALIZATION
[2.223s] -- Found PCL_VISUALIZATION: /usr/lib/x86_64-linux-gnu/libpcl_visualization.so  
[2.224s] -- looking for PCL_SURFACE
[2.226s] -- Found PCL_SURFACE: /usr/lib/x86_64-linux-gnu/libpcl_surface.so  
[2.226s] -- looking for PCL_REGISTRATION
[2.227s] -- Found PCL_REGISTRATION: /usr/lib/x86_64-linux-gnu/libpcl_registration.so  
[2.227s] -- looking for PCL_KEYPOINTS
[2.229s] -- Found PCL_KEYPOINTS: /usr/lib/x86_64-linux-gnu/libpcl_keypoints.so  
[2.229s] -- looking for PCL_TRACKING
[2.230s] -- Found PCL_TRACKING: /usr/lib/x86_64-linux-gnu/libpcl_tracking.so  
[2.230s] -- looking for PCL_RECOGNITION
[2.231s] -- Found PCL_RECOGNITION: /usr/lib/x86_64-linux-gnu/libpcl_recognition.so  
[2.231s] -- looking for PCL_STEREO
[2.232s] -- Found PCL_STEREO: /usr/lib/x86_64-linux-gnu/libpcl_stereo.so  
[2.233s] -- looking for PCL_APPS
[2.233s] -- Found PCL_APPS: /usr/lib/x86_64-linux-gnu/libpcl_apps.so  
[2.234s] -- looking for PCL_IN_HAND_SCANNER
[2.234s] -- Found PCL_IN_HAND_SCANNER: /usr/include/pcl-1.12  
[2.234s] -- looking for PCL_MODELER
[2.235s] -- Found PCL_MODELER: /usr/include/pcl-1.12  
[2.235s] -- looking for PCL_POINT_CLOUD_EDITOR
[2.235s] -- Found PCL_POINT_CLOUD_EDITOR: /usr/include/pcl-1.12  
[2.235s] -- looking for PCL_OUTOFCORE
[2.236s] -- Found PCL_OUTOFCORE: /usr/lib/x86_64-linux-gnu/libpcl_outofcore.so  
[2.236s] -- looking for PCL_PEOPLE
[2.237s] -- Found PCL_PEOPLE: /usr/lib/x86_64-linux-gnu/libpcl_people.so  
[2.238s] -- Found PCL: pcl_common;pcl_kdtree;pcl_octree;pcl_search;pcl_sample_consensus;pcl_filters;pcl_io;pcl_features;pcl_ml;pcl_segmentation;pcl_visualization;pcl_surface;pcl_registration;pcl_keypoints;pcl_tracking;pcl_recognition;pcl_stereo;pcl_apps;pcl_outofcore;pcl_people;Boost::system;Boost::filesystem;Boost::date_time;Boost::iostreams;Boost::serialization;/usr/lib/libOpenNI.so;libusb::libusb;/usr/lib/x86_64-linux-gnu/libOpenNI2.so;libusb::libusb;VTK::ChartsCore;VTK::CommonColor;VTK::CommonComputationalGeometry;VTK::CommonCore;VTK::CommonDataModel;VTK::CommonExecutionModel;VTK::CommonMath;VTK::CommonMisc;VTK::CommonTransforms;VTK::FiltersCore;VTK::FiltersExtraction;VTK::FiltersGeneral;VTK::FiltersGeometry;VTK::FiltersModeling;VTK::FiltersSources;VTK::ImagingCore;VTK::ImagingSources;VTK::InteractionImage;VTK::InteractionStyle;VTK::InteractionWidgets;VTK::IOCore;VTK::IOGeometry;VTK::IOImage;VTK::IOLegacy;VTK::IOPLY;VTK::RenderingAnnotation;VTK::RenderingCore;VTK::RenderingContext2D;VTK::RenderingLOD;VTK::RenderingFreeType;VTK::ViewsCore;VTK::ViewsContext2D;VTK::RenderingOpenGL2;VTK::GUISupportQt;FLANN::FLANN;QHULL::QHULL  
[2.239s] -- Found lslidar_msgs: 3.0.1 (/home/tamir/autonomous_robot/sensors_package/src/lidar_ws/install/lslidar_msgs/share/lslidar_msgs/cmake)
[2.301s] -- Found rosidl_generator_c: 3.1.5 (/opt/ros/humble/share/rosidl_generator_c/cmake)
[2.306s] -- Found rosidl_adapter: 3.1.5 (/opt/ros/humble/share/rosidl_adapter/cmake)
[2.313s] -- Found rosidl_generator_cpp: 3.1.5 (/opt/ros/humble/share/rosidl_generator_cpp/cmake)
[2.323s] -- Using all available rosidl_typesupport_c: rosidl_typesupport_fastrtps_c;rosidl_typesupport_introspection_c
[2.337s] -- Using all available rosidl_typesupport_cpp: rosidl_typesupport_fastrtps_cpp;rosidl_typesupport_introspection_cpp
[2.391s] -- Found rclcpp: 16.0.10 (/opt/ros/humble/share/rclcpp/cmake)
[2.424s] -- Found rmw_implementation_cmake: 6.1.2 (/opt/ros/humble/share/rmw_implementation_cmake/cmake)
[2.427s] -- Found rmw_cyclonedds_cpp: 1.3.4 (/opt/ros/humble/share/rmw_cyclonedds_cpp/cmake)
[2.446s] -- Using RMW implementation 'rmw_cyclonedds_cpp' as default
[2.492s] -- Found rclpy: 3.3.14 (/opt/ros/humble/share/rclpy/cmake)
[2.496s] -- Found pcl_conversions: 2.4.5 (/opt/ros/humble/share/pcl_conversions/cmake)
[2.522s] -- Found PkgConfig: /usr/bin/pkg-config (found version "0.29.2") 
[2.588s] -- Configuring done
[2.639s] -- Generating done
[2.641s] -- Build files have been written to: /home/tamir/autonomous_robot/sensors_package/src/lidar_ws/build/lslidar_driver
[2.653s] Invoked command in '/home/tamir/autonomous_robot/sensors_package/src/lidar_ws/build/lslidar_driver' returned '0': CMAKE_PREFIX_PATH=/home/tamir/autonomous_robot/sensors_package/src/lidar_ws/install/lslidar_msgs:/home/tamir/autonomous_robot/sensors_package/src/lidar_ws/install/pointcloud_to_laserscan:/home/tamir/autonomous_robot/sensors_package/src/lidar_ws/install/lslidar_driver:/home/tamir/autonomous_robot/install/sensors_package:/home/tamir/autonomous_robot/install/autonomous_robot_control:/home/tamir/autonomous_robot/install/robot_common_interfaces:/home/tamir/autonomous_robot/install/aws_robomaker_small_warehouse_world:/home/tamir/autonomous_robot/install/autonomous_robot_description:/home/tamir/ros2_ws/install/my_turtle_interfaces:/home/tamir/ros2_ws/install/my_robot_interfaces:/home/tamir/ros2_ws/install/my_robot_bringup:/home/tamir/ros2_ws/install/my_robot_description:/home/tamir/ros2_ws/install/my_cpp_pkg:/home/tamir/turtlebot3_ws/install/turtlebot3_simulations:/home/tamir/turtlebot3_ws/install/turtlebot3_gazebo:/home/tamir/turtlebot3_ws/install/turtlebot3_fake_node:/home/tamir/install/my_robot_description:/home/tamir/install/autonomous_robot_description:/home/tamir/ros2_ws/install/turtle_spawner:/home/tamir/ros2_ws/install/turtle_controller:/home/tamir/ros2_ws/install/my_py_pkg:/home/tamir/install/calc_odom:/opt/ros/humble LD_LIBRARY_PATH=/home/tamir/autonomous_robot/sensors_package/src/lidar_ws/install/lslidar_msgs/lib:/home/tamir/autonomous_robot/sensors_package/src/lidar_ws/install/pointcloud_to_laserscan/lib:/home/tamir/autonomous_robot/install/robot_common_interfaces/lib:/home/tamir/ros2_ws/install/my_turtle_interfaces/lib:/home/tamir/ros2_ws/install/my_robot_interfaces/lib:/opt/ros/humble/opt/rviz_ogre_vendor/lib:/opt/ros/humble/lib/x86_64-linux-gnu:/opt/ros/humble/lib:/usr/lib/x86_64-linux-gnu/gazebo-11/plugins /usr/bin/cmake /home/tamir/autonomous_robot/sensors_package/src/lidar_ws/src/Lslidar_ROS2_driver/lslidar_driver -DCMAKE_INSTALL_PREFIX=/home/tamir/autonomous_robot/sensors_package/src/lidar_ws/install/lslidar_driver
[2.655s] Invoking command in '/home/tamir/autonomous_robot/sensors_package/src/lidar_ws/build/lslidar_driver': CMAKE_PREFIX_PATH=/home/tamir/autonomous_robot/sensors_package/src/lidar_ws/install/lslidar_msgs:/home/tamir/autonomous_robot/sensors_package/src/lidar_ws/install/pointcloud_to_laserscan:/home/tamir/autonomous_robot/sensors_package/src/lidar_ws/install/lslidar_driver:/home/tamir/autonomous_robot/install/sensors_package:/home/tamir/autonomous_robot/install/autonomous_robot_control:/home/tamir/autonomous_robot/install/robot_common_interfaces:/home/tamir/autonomous_robot/install/aws_robomaker_small_warehouse_world:/home/tamir/autonomous_robot/install/autonomous_robot_description:/home/tamir/ros2_ws/install/my_turtle_interfaces:/home/tamir/ros2_ws/install/my_robot_interfaces:/home/tamir/ros2_ws/install/my_robot_bringup:/home/tamir/ros2_ws/install/my_robot_description:/home/tamir/ros2_ws/install/my_cpp_pkg:/home/tamir/turtlebot3_ws/install/turtlebot3_simulations:/home/tamir/turtlebot3_ws/install/turtlebot3_gazebo:/home/tamir/turtlebot3_ws/install/turtlebot3_fake_node:/home/tamir/install/my_robot_description:/home/tamir/install/autonomous_robot_description:/home/tamir/ros2_ws/install/turtle_spawner:/home/tamir/ros2_ws/install/turtle_controller:/home/tamir/ros2_ws/install/my_py_pkg:/home/tamir/install/calc_odom:/opt/ros/humble LD_LIBRARY_PATH=/home/tamir/autonomous_robot/sensors_package/src/lidar_ws/install/lslidar_msgs/lib:/home/tamir/autonomous_robot/sensors_package/src/lidar_ws/install/pointcloud_to_laserscan/lib:/home/tamir/autonomous_robot/install/robot_common_interfaces/lib:/home/tamir/ros2_ws/install/my_turtle_interfaces/lib:/home/tamir/ros2_ws/install/my_robot_interfaces/lib:/opt/ros/humble/opt/rviz_ogre_vendor/lib:/opt/ros/humble/lib/x86_64-linux-gnu:/opt/ros/humble/lib:/usr/lib/x86_64-linux-gnu/gazebo-11/plugins /usr/bin/cmake --build /home/tamir/autonomous_robot/sensors_package/src/lidar_ws/build/lslidar_driver -- -j12 -l12
[2.700s] [ 25%] [32mBuilding CXX object CMakeFiles/lslidar_driver_node.dir/src/input.cpp.o[0m
[2.702s] [ 75%] [32mBuilding CXX object CMakeFiles/lslidar_driver_node.dir/src/lslidar_driver.cpp.o[0m
[2.702s] [ 75%] [32mBuilding CXX object CMakeFiles/lslidar_driver_node.dir/src/lslidar_driver_node.cpp.o[0m
[6.801s] In file included from [01m[K/home/tamir/autonomous_robot/sensors_package/src/lidar_ws/src/Lslidar_ROS2_driver/lslidar_driver/src/lslidar_driver_node.cpp:1[m[K:
[6.801s] [01m[K/home/tamir/autonomous_robot/sensors_package/src/lidar_ws/src/Lslidar_ROS2_driver/lslidar_driver/include/lslidar_driver/lslidar_driver.h:128:18:[m[K [01;35m[Kwarning: [m[K‘[01m[Klslidar_driver::c16_vertical_angle[m[K’ defined but not used [[01;35m[K]8;;https://gcc.gnu.org/onlinedocs/gcc/Warning-Options.html#index-Wunused-variable-Wunused-variable]8;;[m[K]
[6.801s]   128 |     static float [01;35m[Kc16_vertical_angle[m[K[16] = {-16.0f, 0.0f, -14.0f, 2.0f, -12.0f, 4.0f, -10.0f, 6.0f,
[6.801s]       |                  [01;35m[K^~~~~~~~~~~~~~~~~~[m[K
[16.048s] [100%] [32m[1mLinking CXX executable lslidar_driver_node[0m
[16.555s] [100%] Built target lslidar_driver_node
[16.566s] Invoked command in '/home/tamir/autonomous_robot/sensors_package/src/lidar_ws/build/lslidar_driver' returned '0': CMAKE_PREFIX_PATH=/home/tamir/autonomous_robot/sensors_package/src/lidar_ws/install/lslidar_msgs:/home/tamir/autonomous_robot/sensors_package/src/lidar_ws/install/pointcloud_to_laserscan:/home/tamir/autonomous_robot/sensors_package/src/lidar_ws/install/lslidar_driver:/home/tamir/autonomous_robot/install/sensors_package:/home/tamir/autonomous_robot/install/autonomous_robot_control:/home/tamir/autonomous_robot/install/robot_common_interfaces:/home/tamir/autonomous_robot/install/aws_robomaker_small_warehouse_world:/home/tamir/autonomous_robot/install/autonomous_robot_description:/home/tamir/ros2_ws/install/my_turtle_interfaces:/home/tamir/ros2_ws/install/my_robot_interfaces:/home/tamir/ros2_ws/install/my_robot_bringup:/home/tamir/ros2_ws/install/my_robot_description:/home/tamir/ros2_ws/install/my_cpp_pkg:/home/tamir/turtlebot3_ws/install/turtlebot3_simulations:/home/tamir/turtlebot3_ws/install/turtlebot3_gazebo:/home/tamir/turtlebot3_ws/install/turtlebot3_fake_node:/home/tamir/install/my_robot_description:/home/tamir/install/autonomous_robot_description:/home/tamir/ros2_ws/install/turtle_spawner:/home/tamir/ros2_ws/install/turtle_controller:/home/tamir/ros2_ws/install/my_py_pkg:/home/tamir/install/calc_odom:/opt/ros/humble LD_LIBRARY_PATH=/home/tamir/autonomous_robot/sensors_package/src/lidar_ws/install/lslidar_msgs/lib:/home/tamir/autonomous_robot/sensors_package/src/lidar_ws/install/pointcloud_to_laserscan/lib:/home/tamir/autonomous_robot/install/robot_common_interfaces/lib:/home/tamir/ros2_ws/install/my_turtle_interfaces/lib:/home/tamir/ros2_ws/install/my_robot_interfaces/lib:/opt/ros/humble/opt/rviz_ogre_vendor/lib:/opt/ros/humble/lib/x86_64-linux-gnu:/opt/ros/humble/lib:/usr/lib/x86_64-linux-gnu/gazebo-11/plugins /usr/bin/cmake --build /home/tamir/autonomous_robot/sensors_package/src/lidar_ws/build/lslidar_driver -- -j12 -l12
[16.608s] Invoking command in '/home/tamir/autonomous_robot/sensors_package/src/lidar_ws/build/lslidar_driver': CMAKE_PREFIX_PATH=/home/tamir/autonomous_robot/sensors_package/src/lidar_ws/install/lslidar_msgs:/home/tamir/autonomous_robot/sensors_package/src/lidar_ws/install/pointcloud_to_laserscan:/home/tamir/autonomous_robot/sensors_package/src/lidar_ws/install/lslidar_driver:/home/tamir/autonomous_robot/install/sensors_package:/home/tamir/autonomous_robot/install/autonomous_robot_control:/home/tamir/autonomous_robot/install/robot_common_interfaces:/home/tamir/autonomous_robot/install/aws_robomaker_small_warehouse_world:/home/tamir/autonomous_robot/install/autonomous_robot_description:/home/tamir/ros2_ws/install/my_turtle_interfaces:/home/tamir/ros2_ws/install/my_robot_interfaces:/home/tamir/ros2_ws/install/my_robot_bringup:/home/tamir/ros2_ws/install/my_robot_description:/home/tamir/ros2_ws/install/my_cpp_pkg:/home/tamir/turtlebot3_ws/install/turtlebot3_simulations:/home/tamir/turtlebot3_ws/install/turtlebot3_gazebo:/home/tamir/turtlebot3_ws/install/turtlebot3_fake_node:/home/tamir/install/my_robot_description:/home/tamir/install/autonomous_robot_description:/home/tamir/ros2_ws/install/turtle_spawner:/home/tamir/ros2_ws/install/turtle_controller:/home/tamir/ros2_ws/install/my_py_pkg:/home/tamir/install/calc_odom:/opt/ros/humble LD_LIBRARY_PATH=/home/tamir/autonomous_robot/sensors_package/src/lidar_ws/install/lslidar_msgs/lib:/home/tamir/autonomous_robot/sensors_package/src/lidar_ws/install/pointcloud_to_laserscan/lib:/home/tamir/autonomous_robot/install/robot_common_interfaces/lib:/home/tamir/ros2_ws/install/my_turtle_interfaces/lib:/home/tamir/ros2_ws/install/my_robot_interfaces/lib:/opt/ros/humble/opt/rviz_ogre_vendor/lib:/opt/ros/humble/lib/x86_64-linux-gnu:/opt/ros/humble/lib:/usr/lib/x86_64-linux-gnu/gazebo-11/plugins /usr/bin/cmake --install /home/tamir/autonomous_robot/sensors_package/src/lidar_ws/build/lslidar_driver
[16.615s] -- Install configuration: "Release"
[16.615s] -- Installing: /home/tamir/autonomous_robot/sensors_package/src/lidar_ws/install/lslidar_driver/share/lslidar_driver/launch
[16.615s] -- Installing: /home/tamir/autonomous_robot/sensors_package/src/lidar_ws/install/lslidar_driver/share/lslidar_driver/launch/lslidar_cx_rviz_launch.py
[16.615s] -- Installing: /home/tamir/autonomous_robot/sensors_package/src/lidar_ws/install/lslidar_driver/share/lslidar_driver/launch/lslidar_cx_launch.py
[16.615s] -- Installing: /home/tamir/autonomous_robot/sensors_package/src/lidar_ws/install/lslidar_driver/share/lslidar_driver/params
[16.616s] -- Installing: /home/tamir/autonomous_robot/sensors_package/src/lidar_ws/install/lslidar_driver/share/lslidar_driver/params/lslidar_cx.yaml
[16.616s] -- Installing: /home/tamir/autonomous_robot/sensors_package/src/lidar_ws/install/lslidar_driver/share/lslidar_driver/rviz_cfg
[16.616s] -- Installing: /home/tamir/autonomous_robot/sensors_package/src/lidar_ws/install/lslidar_driver/share/lslidar_driver/rviz_cfg/lslidar_cx.rviz
[16.616s] -- Installing: /home/tamir/autonomous_robot/sensors_package/src/lidar_ws/install/lslidar_driver/lib/lslidar_driver/lslidar_driver_node
[16.617s] -- Set runtime path of "/home/tamir/autonomous_robot/sensors_package/src/lidar_ws/install/lslidar_driver/lib/lslidar_driver/lslidar_driver_node" to ""
[16.617s] -- Installing: /home/tamir/autonomous_robot/sensors_package/src/lidar_ws/install/lslidar_driver/share/ament_index/resource_index/package_run_dependencies/lslidar_driver
[16.617s] -- Installing: /home/tamir/autonomous_robot/sensors_package/src/lidar_ws/install/lslidar_driver/share/ament_index/resource_index/parent_prefix_path/lslidar_driver
[16.617s] -- Installing: /home/tamir/autonomous_robot/sensors_package/src/lidar_ws/install/lslidar_driver/share/lslidar_driver/environment/ament_prefix_path.sh
[16.618s] -- Installing: /home/tamir/autonomous_robot/sensors_package/src/lidar_ws/install/lslidar_driver/share/lslidar_driver/environment/ament_prefix_path.dsv
[16.618s] -- Installing: /home/tamir/autonomous_robot/sensors_package/src/lidar_ws/install/lslidar_driver/share/lslidar_driver/environment/path.sh
[16.618s] -- Installing: /home/tamir/autonomous_robot/sensors_package/src/lidar_ws/install/lslidar_driver/share/lslidar_driver/environment/path.dsv
[16.618s] -- Installing: /home/tamir/autonomous_robot/sensors_package/src/lidar_ws/install/lslidar_driver/share/lslidar_driver/local_setup.bash
[16.618s] -- Installing: /home/tamir/autonomous_robot/sensors_package/src/lidar_ws/install/lslidar_driver/share/lslidar_driver/local_setup.sh
[16.618s] -- Installing: /home/tamir/autonomous_robot/sensors_package/src/lidar_ws/install/lslidar_driver/share/lslidar_driver/local_setup.zsh
[16.618s] -- Installing: /home/tamir/autonomous_robot/sensors_package/src/lidar_ws/install/lslidar_driver/share/lslidar_driver/local_setup.dsv
[16.619s] -- Installing: /home/tamir/autonomous_robot/sensors_package/src/lidar_ws/install/lslidar_driver/share/lslidar_driver/package.dsv
[16.619s] -- Installing: /home/tamir/autonomous_robot/sensors_package/src/lidar_ws/install/lslidar_driver/share/ament_index/resource_index/packages/lslidar_driver
[16.619s] -- Installing: /home/tamir/autonomous_robot/sensors_package/src/lidar_ws/install/lslidar_driver/share/lslidar_driver/cmake/ament_cmake_export_dependencies-extras.cmake
[16.619s] -- Installing: /home/tamir/autonomous_robot/sensors_package/src/lidar_ws/install/lslidar_driver/share/lslidar_driver/cmake/ament_cmake_export_include_directories-extras.cmake
[16.619s] -- Installing: /home/tamir/autonomous_robot/sensors_package/src/lidar_ws/install/lslidar_driver/share/lslidar_driver/cmake/lslidar_driverConfig.cmake
[16.619s] -- Installing: /home/tamir/autonomous_robot/sensors_package/src/lidar_ws/install/lslidar_driver/share/lslidar_driver/cmake/lslidar_driverConfig-version.cmake
[16.619s] -- Installing: /home/tamir/autonomous_robot/sensors_package/src/lidar_ws/install/lslidar_driver/share/lslidar_driver/package.xml
[16.621s] Invoked command in '/home/tamir/autonomous_robot/sensors_package/src/lidar_ws/build/lslidar_driver' returned '0': CMAKE_PREFIX_PATH=/home/tamir/autonomous_robot/sensors_package/src/lidar_ws/install/lslidar_msgs:/home/tamir/autonomous_robot/sensors_package/src/lidar_ws/install/pointcloud_to_laserscan:/home/tamir/autonomous_robot/sensors_package/src/lidar_ws/install/lslidar_driver:/home/tamir/autonomous_robot/install/sensors_package:/home/tamir/autonomous_robot/install/autonomous_robot_control:/home/tamir/autonomous_robot/install/robot_common_interfaces:/home/tamir/autonomous_robot/install/aws_robomaker_small_warehouse_world:/home/tamir/autonomous_robot/install/autonomous_robot_description:/home/tamir/ros2_ws/install/my_turtle_interfaces:/home/tamir/ros2_ws/install/my_robot_interfaces:/home/tamir/ros2_ws/install/my_robot_bringup:/home/tamir/ros2_ws/install/my_robot_description:/home/tamir/ros2_ws/install/my_cpp_pkg:/home/tamir/turtlebot3_ws/install/turtlebot3_simulations:/home/tamir/turtlebot3_ws/install/turtlebot3_gazebo:/home/tamir/turtlebot3_ws/install/turtlebot3_fake_node:/home/tamir/install/my_robot_description:/home/tamir/install/autonomous_robot_description:/home/tamir/ros2_ws/install/turtle_spawner:/home/tamir/ros2_ws/install/turtle_controller:/home/tamir/ros2_ws/install/my_py_pkg:/home/tamir/install/calc_odom:/opt/ros/humble LD_LIBRARY_PATH=/home/tamir/autonomous_robot/sensors_package/src/lidar_ws/install/lslidar_msgs/lib:/home/tamir/autonomous_robot/sensors_package/src/lidar_ws/install/pointcloud_to_laserscan/lib:/home/tamir/autonomous_robot/install/robot_common_interfaces/lib:/home/tamir/ros2_ws/install/my_turtle_interfaces/lib:/home/tamir/ros2_ws/install/my_robot_interfaces/lib:/opt/ros/humble/opt/rviz_ogre_vendor/lib:/opt/ros/humble/lib/x86_64-linux-gnu:/opt/ros/humble/lib:/usr/lib/x86_64-linux-gnu/gazebo-11/plugins /usr/bin/cmake --install /home/tamir/autonomous_robot/sensors_package/src/lidar_ws/build/lslidar_driver
