[0.015s] Invoking command in '/home/tamir/autonomous_robot/build/sensors_package': CMAKE_PREFIX_PATH=${CMAKE_PREFIX_PATH}:/home/tamir/ros2_ws/install/turtle_spawner:/home/tamir/ros2_ws/install/turtle_controller:/home/tamir/ros2_ws/install/my_py_pkg:/home/tamir/install/calc_odom:/opt/ros/humble /usr/bin/cmake /home/tamir/autonomous_robot/sensors_package -DCMAKE_INSTALL_PREFIX=/home/tamir/autonomous_robot/install/sensors_package
[0.073s] -- The C compiler identification is GNU 11.4.0
[0.119s] -- The CXX compiler identification is GNU 11.4.0
[0.124s] -- Detecting C compiler ABI info
[0.176s] -- Detecting C compiler ABI info - done
[0.182s] -- Check for working C compiler: /usr/bin/cc - skipped
[0.182s] -- Detecting C compile features
[0.183s] -- Detecting C compile features - done
[0.185s] -- Detecting CXX compiler ABI info
[0.253s] -- Detecting CXX compiler ABI info - done
[0.262s] -- Check for working CXX compiler: /usr/bin/c++ - skipped
[0.262s] -- Detecting CXX compile features
[0.263s] -- Detecting CXX compile features - done
[0.266s] -- Found ament_cmake: 1.3.10 (/opt/ros/humble/share/ament_cmake/cmake)
[0.404s] -- Found Python3: /usr/bin/python3 (found version "3.10.12") found components: Interpreter 
[0.476s] -- Found rclcpp: 16.0.10 (/opt/ros/humble/share/rclcpp/cmake)
[0.512s] -- Found rosidl_generator_c: 3.1.5 (/opt/ros/humble/share/rosidl_generator_c/cmake)
[0.516s] -- Found rosidl_adapter: 3.1.5 (/opt/ros/humble/share/rosidl_adapter/cmake)
[0.523s] -- Found rosidl_generator_cpp: 3.1.5 (/opt/ros/humble/share/rosidl_generator_cpp/cmake)
[0.533s] -- Using all available rosidl_typesupport_c: rosidl_typesupport_fastrtps_c;rosidl_typesupport_introspection_c
[0.546s] -- Using all available rosidl_typesupport_cpp: rosidl_typesupport_fastrtps_cpp;rosidl_typesupport_introspection_cpp
[0.581s] -- Found rmw_implementation_cmake: 6.1.2 (/opt/ros/humble/share/rmw_implementation_cmake/cmake)
[0.584s] -- Found rmw_cyclonedds_cpp: 1.3.4 (/opt/ros/humble/share/rmw_cyclonedds_cpp/cmake)
[0.604s] -- Using RMW implementation 'rmw_cyclonedds_cpp' as default
[0.611s] -- Looking for pthread.h
[0.686s] -- Looking for pthread.h - found
[0.686s] -- Performing Test CMAKE_HAVE_LIBC_PTHREAD
[0.774s] -- Performing Test CMAKE_HAVE_LIBC_PTHREAD - Success
[0.775s] -- Found Threads: TRUE  
[0.816s] -- Found sensor_msgs: 4.2.4 (/opt/ros/humble/share/sensor_msgs/cmake)
[0.880s] -- Configuring done
[0.882s] -- Generating done
[0.883s] -- Build files have been written to: /home/tamir/autonomous_robot/build/sensors_package
[0.889s] Invoked command in '/home/tamir/autonomous_robot/build/sensors_package' returned '0': CMAKE_PREFIX_PATH=${CMAKE_PREFIX_PATH}:/home/tamir/ros2_ws/install/turtle_spawner:/home/tamir/ros2_ws/install/turtle_controller:/home/tamir/ros2_ws/install/my_py_pkg:/home/tamir/install/calc_odom:/opt/ros/humble /usr/bin/cmake /home/tamir/autonomous_robot/sensors_package -DCMAKE_INSTALL_PREFIX=/home/tamir/autonomous_robot/install/sensors_package
[0.890s] Invoking command in '/home/tamir/autonomous_robot/build/sensors_package': CMAKE_PREFIX_PATH=${CMAKE_PREFIX_PATH}:/home/tamir/ros2_ws/install/turtle_spawner:/home/tamir/ros2_ws/install/turtle_controller:/home/tamir/ros2_ws/install/my_py_pkg:/home/tamir/install/calc_odom:/opt/ros/humble /usr/bin/cmake --build /home/tamir/autonomous_robot/build/sensors_package -- -j12 -l12
[0.933s] Invoked command in '/home/tamir/autonomous_robot/build/sensors_package' returned '0': CMAKE_PREFIX_PATH=${CMAKE_PREFIX_PATH}:/home/tamir/ros2_ws/install/turtle_spawner:/home/tamir/ros2_ws/install/turtle_controller:/home/tamir/ros2_ws/install/my_py_pkg:/home/tamir/install/calc_odom:/opt/ros/humble /usr/bin/cmake --build /home/tamir/autonomous_robot/build/sensors_package -- -j12 -l12
[0.966s] Invoking command in '/home/tamir/autonomous_robot/build/sensors_package': CMAKE_PREFIX_PATH=${CMAKE_PREFIX_PATH}:/home/tamir/ros2_ws/install/turtle_spawner:/home/tamir/ros2_ws/install/turtle_controller:/home/tamir/ros2_ws/install/my_py_pkg:/home/tamir/install/calc_odom:/opt/ros/humble /usr/bin/cmake --install /home/tamir/autonomous_robot/build/sensors_package
[0.977s] -- Install configuration: ""
[0.977s] -- Installing: /home/tamir/autonomous_robot/install/sensors_package/lib/sensors_package/camera_rgb_publisher.py
[0.977s] -- Installing: /home/tamir/autonomous_robot/install/sensors_package/share/sensors_package/launch/launch
[0.977s] -- Installing: /home/tamir/autonomous_robot/install/sensors_package/share/sensors_package/launch/launch/camera_launch.py
[0.977s] -- Installing: /home/tamir/autonomous_robot/install/sensors_package/share/sensors_package/launch/launch/build
[0.977s] -- Installing: /home/tamir/autonomous_robot/install/sensors_package/share/sensors_package/launch/launch/build/COLCON_IGNORE
[0.977s] -- Installing: /home/tamir/autonomous_robot/install/sensors_package/share/sensors_package/launch/launch/build/.built_by
[0.978s] -- Installing: /home/tamir/autonomous_robot/install/sensors_package/share/sensors_package/launch/launch/log
[0.978s] -- Installing: /home/tamir/autonomous_robot/install/sensors_package/share/sensors_package/launch/launch/log/COLCON_IGNORE
[0.978s] -- Installing: /home/tamir/autonomous_robot/install/sensors_package/share/sensors_package/launch/launch/log/build_2024-11-05_18-07-32
[0.978s] -- Installing: /home/tamir/autonomous_robot/install/sensors_package/share/sensors_package/launch/launch/log/build_2024-11-05_18-07-32/events.log
[0.978s] -- Installing: /home/tamir/autonomous_robot/install/sensors_package/share/sensors_package/launch/launch/log/build_2024-11-05_18-07-32/logger_all.log
[0.978s] -- Installing: /home/tamir/autonomous_robot/install/sensors_package/share/sensors_package/launch/launch/log/build_2024-11-05_18-05-54
[0.978s] -- Installing: /home/tamir/autonomous_robot/install/sensors_package/share/sensors_package/launch/launch/log/build_2024-11-05_18-05-54/events.log
[0.978s] -- Installing: /home/tamir/autonomous_robot/install/sensors_package/share/sensors_package/launch/launch/log/build_2024-11-05_18-05-54/logger_all.log
[0.978s] -- Installing: /home/tamir/autonomous_robot/install/sensors_package/share/sensors_package/launch/launch/log/latest
[0.978s] -- Installing: /home/tamir/autonomous_robot/install/sensors_package/share/sensors_package/launch/launch/log/latest_build
[0.978s] -- Installing: /home/tamir/autonomous_robot/install/sensors_package/share/sensors_package/launch/launch/install
[0.978s] -- Installing: /home/tamir/autonomous_robot/install/sensors_package/share/sensors_package/launch/launch/install/setup.ps1
[0.978s] -- Installing: /home/tamir/autonomous_robot/install/sensors_package/share/sensors_package/launch/launch/install/setup.zsh
[0.978s] -- Installing: /home/tamir/autonomous_robot/install/sensors_package/share/sensors_package/launch/launch/install/local_setup.sh
[0.979s] -- Installing: /home/tamir/autonomous_robot/install/sensors_package/share/sensors_package/launch/launch/install/_local_setup_util_ps1.py
[0.979s] -- Installing: /home/tamir/autonomous_robot/install/sensors_package/share/sensors_package/launch/launch/install/COLCON_IGNORE
[0.979s] -- Installing: /home/tamir/autonomous_robot/install/sensors_package/share/sensors_package/launch/launch/install/.colcon_install_layout
[0.979s] -- Installing: /home/tamir/autonomous_robot/install/sensors_package/share/sensors_package/launch/launch/install/setup.sh
[0.979s] -- Installing: /home/tamir/autonomous_robot/install/sensors_package/share/sensors_package/launch/launch/install/setup.bash
[0.979s] -- Installing: /home/tamir/autonomous_robot/install/sensors_package/share/sensors_package/launch/launch/install/local_setup.zsh
[0.979s] -- Installing: /home/tamir/autonomous_robot/install/sensors_package/share/sensors_package/launch/launch/install/local_setup.ps1
[0.979s] -- Installing: /home/tamir/autonomous_robot/install/sensors_package/share/sensors_package/launch/launch/install/local_setup.bash
[0.979s] -- Installing: /home/tamir/autonomous_robot/install/sensors_package/share/sensors_package/launch/launch/install/_local_setup_util_sh.py
[0.979s] -- Installing: /home/tamir/autonomous_robot/install/sensors_package/share/sensors_package/launch/config
[0.979s] -- Installing: /home/tamir/autonomous_robot/install/sensors_package/share/ament_index/resource_index/package_run_dependencies/sensors_package
[0.979s] -- Installing: /home/tamir/autonomous_robot/install/sensors_package/share/ament_index/resource_index/parent_prefix_path/sensors_package
[0.979s] -- Installing: /home/tamir/autonomous_robot/install/sensors_package/share/sensors_package/environment/ament_prefix_path.sh
[0.979s] -- Installing: /home/tamir/autonomous_robot/install/sensors_package/share/sensors_package/environment/ament_prefix_path.dsv
[0.979s] -- Installing: /home/tamir/autonomous_robot/install/sensors_package/share/sensors_package/environment/path.sh
[0.979s] -- Installing: /home/tamir/autonomous_robot/install/sensors_package/share/sensors_package/environment/path.dsv
[0.980s] -- Installing: /home/tamir/autonomous_robot/install/sensors_package/share/sensors_package/local_setup.bash
[0.980s] -- Installing: /home/tamir/autonomous_robot/install/sensors_package/share/sensors_package/local_setup.sh
[0.980s] -- Installing: /home/tamir/autonomous_robot/install/sensors_package/share/sensors_package/local_setup.zsh
[0.980s] -- Installing: /home/tamir/autonomous_robot/install/sensors_package/share/sensors_package/local_setup.dsv
[0.980s] -- Installing: /home/tamir/autonomous_robot/install/sensors_package/share/sensors_package/package.dsv
[0.980s] -- Installing: /home/tamir/autonomous_robot/install/sensors_package/share/ament_index/resource_index/packages/sensors_package
[0.980s] -- Installing: /home/tamir/autonomous_robot/install/sensors_package/share/sensors_package/cmake/sensors_packageConfig.cmake
[0.980s] -- Installing: /home/tamir/autonomous_robot/install/sensors_package/share/sensors_package/cmake/sensors_packageConfig-version.cmake
[0.980s] -- Installing: /home/tamir/autonomous_robot/install/sensors_package/share/sensors_package/package.xml
[0.982s] Invoked command in '/home/tamir/autonomous_robot/build/sensors_package' returned '0': CMAKE_PREFIX_PATH=${CMAKE_PREFIX_PATH}:/home/tamir/ros2_ws/install/turtle_spawner:/home/tamir/ros2_ws/install/turtle_controller:/home/tamir/ros2_ws/install/my_py_pkg:/home/tamir/install/calc_odom:/opt/ros/humble /usr/bin/cmake --install /home/tamir/autonomous_robot/build/sensors_package
