-- Install configuration: ""
-- Up-to-date: /home/tamir/autonomous_robot/install/sensors_package/lib/sensors_package/camera_rgb_publisher.py
-- Up-to-date: /home/tamir/autonomous_robot/install/sensors_package/share/sensors_package/launch/launch
-- Up-to-date: /home/tamir/autonomous_robot/install/sensors_package/share/sensors_package/launch/launch/camera_launch.py
-- Up-to-date: /home/tamir/autonomous_robot/install/sensors_package/share/sensors_package/launch/launch/build
-- Up-to-date: /home/tamir/autonomous_robot/install/sensors_package/share/sensors_package/launch/launch/build/COLCON_IGNORE
-- Up-to-date: /home/tamir/autonomous_robot/install/sensors_package/share/sensors_package/launch/launch/build/.built_by
-- Up-to-date: /home/tamir/autonomous_robot/install/sensors_package/share/sensors_package/launch/launch/log
-- Up-to-date: /home/tamir/autonomous_robot/install/sensors_package/share/sensors_package/launch/launch/log/COLCON_IGNORE
-- Up-to-date: /home/tamir/autonomous_robot/install/sensors_package/share/sensors_package/launch/launch/log/build_2024-11-05_18-07-32
-- Up-to-date: /home/tamir/autonomous_robot/install/sensors_package/share/sensors_package/launch/launch/log/build_2024-11-05_18-07-32/events.log
-- Up-to-date: /home/tamir/autonomous_robot/install/sensors_package/share/sensors_package/launch/launch/log/build_2024-11-05_18-07-32/logger_all.log
-- Up-to-date: /home/tamir/autonomous_robot/install/sensors_package/share/sensors_package/launch/launch/log/build_2024-11-05_18-05-54
-- Up-to-date: /home/tamir/autonomous_robot/install/sensors_package/share/sensors_package/launch/launch/log/build_2024-11-05_18-05-54/events.log
-- Up-to-date: /home/tamir/autonomous_robot/install/sensors_package/share/sensors_package/launch/launch/log/build_2024-11-05_18-05-54/logger_all.log
-- Up-to-date: /home/tamir/autonomous_robot/install/sensors_package/share/sensors_package/launch/launch/log/latest
-- Up-to-date: /home/tamir/autonomous_robot/install/sensors_package/share/sensors_package/launch/launch/log/latest_build
-- Up-to-date: /home/tamir/autonomous_robot/install/sensors_package/share/sensors_package/launch/launch/install
-- Up-to-date: /home/tamir/autonomous_robot/install/sensors_package/share/sensors_package/launch/launch/install/setup.ps1
-- Up-to-date: /home/tamir/autonomous_robot/install/sensors_package/share/sensors_package/launch/launch/install/setup.zsh
-- Up-to-date: /home/tamir/autonomous_robot/install/sensors_package/share/sensors_package/launch/launch/install/local_setup.sh
-- Up-to-date: /home/tamir/autonomous_robot/install/sensors_package/share/sensors_package/launch/launch/install/_local_setup_util_ps1.py
-- Up-to-date: /home/tamir/autonomous_robot/install/sensors_package/share/sensors_package/launch/launch/install/COLCON_IGNORE
-- Up-to-date: /home/tamir/autonomous_robot/install/sensors_package/share/sensors_package/launch/launch/install/.colcon_install_layout
-- Up-to-date: /home/tamir/autonomous_robot/install/sensors_package/share/sensors_package/launch/launch/install/setup.sh
-- Up-to-date: /home/tamir/autonomous_robot/install/sensors_package/share/sensors_package/launch/launch/install/setup.bash
-- Up-to-date: /home/tamir/autonomous_robot/install/sensors_package/share/sensors_package/launch/launch/install/local_setup.zsh
-- Up-to-date: /home/tamir/autonomous_robot/install/sensors_package/share/sensors_package/launch/launch/install/local_setup.ps1
-- Up-to-date: /home/tamir/autonomous_robot/install/sensors_package/share/sensors_package/launch/launch/install/local_setup.bash
-- Up-to-date: /home/tamir/autonomous_robot/install/sensors_package/share/sensors_package/launch/launch/install/_local_setup_util_sh.py
-- Up-to-date: /home/tamir/autonomous_robot/install/sensors_package/share/sensors_package/launch/config
-- Up-to-date: /home/tamir/autonomous_robot/install/sensors_package/share/ament_index/resource_index/package_run_dependencies/sensors_package
-- Up-to-date: /home/tamir/autonomous_robot/install/sensors_package/share/ament_index/resource_index/parent_prefix_path/sensors_package
-- Up-to-date: /home/tamir/autonomous_robot/install/sensors_package/share/sensors_package/environment/ament_prefix_path.sh
-- Up-to-date: /home/tamir/autonomous_robot/install/sensors_package/share/sensors_package/environment/ament_prefix_path.dsv
-- Up-to-date: /home/tamir/autonomous_robot/install/sensors_package/share/sensors_package/environment/path.sh
-- Up-to-date: /home/tamir/autonomous_robot/install/sensors_package/share/sensors_package/environment/path.dsv
-- Up-to-date: /home/tamir/autonomous_robot/install/sensors_package/share/sensors_package/local_setup.bash
-- Up-to-date: /home/tamir/autonomous_robot/install/sensors_package/share/sensors_package/local_setup.sh
-- Up-to-date: /home/tamir/autonomous_robot/install/sensors_package/share/sensors_package/local_setup.zsh
-- Up-to-date: /home/tamir/autonomous_robot/install/sensors_package/share/sensors_package/local_setup.dsv
-- Up-to-date: /home/tamir/autonomous_robot/install/sensors_package/share/sensors_package/package.dsv
-- Up-to-date: /home/tamir/autonomous_robot/install/sensors_package/share/ament_index/resource_index/packages/sensors_package
-- Up-to-date: /home/tamir/autonomous_robot/install/sensors_package/share/sensors_package/cmake/sensors_packageConfig.cmake
-- Up-to-date: /home/tamir/autonomous_robot/install/sensors_package/share/sensors_package/cmake/sensors_packageConfig-version.cmake
-- Up-to-date: /home/tamir/autonomous_robot/install/sensors_package/share/sensors_package/package.xml
