[0.061s] Invoking command in '/home/tamir/autonomous_robot/build/robot_common_interfaces': CMAKE_PREFIX_PATH=${CMAKE_PREFIX_PATH}:/home/tamir/autonomous_robot/install/calc_odom:/home/tamir/autonomous_robot/install/control_hardware:/home/tamir/autonomous_robot/autonomous_robot_control/install/control_hardware:/home/tamir/autonomous_robot/autonomous_robot_control/install/calc_odom:/home/tamir/ros2_ws/install/turtle_spawner:/home/tamir/ros2_ws/install/turtle_controller:/home/tamir/ros2_ws/install/my_py_pkg:/opt/ros/humble /usr/bin/cmake --build /home/tamir/autonomous_robot/build/robot_common_interfaces -- -j12 -l12
[1.027s] [  3%] Built target robot_common_interfaces__cpp
[1.028s] [ 12%] Built target robot_common_interfaces__rosidl_generator_c
[1.028s] [ 12%] Built target ament_cmake_python_copy_robot_common_interfaces
[1.028s] [ 22%] Built target robot_common_interfaces__rosidl_typesupport_cpp
[1.028s] [ 32%] Built target robot_common_interfaces__rosidl_typesupport_fastrtps_cpp
[1.028s] [ 41%] Built target robot_common_interfaces__rosidl_typesupport_fastrtps_c
[1.028s] [ 61%] Built target robot_common_interfaces__rosidl_typesupport_introspection_cpp
[1.028s] [ 61%] Built target robot_common_interfaces__rosidl_typesupport_introspection_c
[1.028s] [ 70%] Built target robot_common_interfaces__rosidl_typesupport_c
[1.028s] [ 70%] Built target robot_common_interfaces
[1.028s] [ 74%] Built target robot_common_interfaces__py
[1.029s] [ 80%] Built target robot_common_interfaces__rosidl_generator_py
[1.029s] [ 90%] Built target robot_common_interfaces__rosidl_typesupport_c__pyext
[1.029s] [ 93%] Built target robot_common_interfaces__rosidl_typesupport_fastrtps_c__pyext
[1.029s] [100%] Built target robot_common_interfaces__rosidl_typesupport_introspection_c__pyext
[1.357s] running egg_info
[1.359s] writing robot_common_interfaces.egg-info/PKG-INFO
[1.360s] writing dependency_links to robot_common_interfaces.egg-info/dependency_links.txt
[1.360s] writing top-level names to robot_common_interfaces.egg-info/top_level.txt
[1.362s] reading manifest file 'robot_common_interfaces.egg-info/SOURCES.txt'
[1.362s] writing manifest file 'robot_common_interfaces.egg-info/SOURCES.txt'
[1.391s] [100%] Built target ament_cmake_python_build_robot_common_interfaces_egg
[1.505s] Invoked command in '/home/tamir/autonomous_robot/build/robot_common_interfaces' returned '0': CMAKE_PREFIX_PATH=${CMAKE_PREFIX_PATH}:/home/tamir/autonomous_robot/install/calc_odom:/home/tamir/autonomous_robot/install/control_hardware:/home/tamir/autonomous_robot/autonomous_robot_control/install/control_hardware:/home/tamir/autonomous_robot/autonomous_robot_control/install/calc_odom:/home/tamir/ros2_ws/install/turtle_spawner:/home/tamir/ros2_ws/install/turtle_controller:/home/tamir/ros2_ws/install/my_py_pkg:/opt/ros/humble /usr/bin/cmake --build /home/tamir/autonomous_robot/build/robot_common_interfaces -- -j12 -l12
[1.664s] Invoking command in '/home/tamir/autonomous_robot/build/robot_common_interfaces': CMAKE_PREFIX_PATH=${CMAKE_PREFIX_PATH}:/home/tamir/autonomous_robot/install/calc_odom:/home/tamir/autonomous_robot/install/control_hardware:/home/tamir/autonomous_robot/autonomous_robot_control/install/control_hardware:/home/tamir/autonomous_robot/autonomous_robot_control/install/calc_odom:/home/tamir/ros2_ws/install/turtle_spawner:/home/tamir/ros2_ws/install/turtle_controller:/home/tamir/ros2_ws/install/my_py_pkg:/opt/ros/humble /usr/bin/cmake --install /home/tamir/autonomous_robot/build/robot_common_interfaces
[1.672s] -- Install configuration: ""
[1.672s] -- Up-to-date: /home/tamir/autonomous_robot/install/robot_common_interfaces/share/ament_index/resource_index/rosidl_interfaces/robot_common_interfaces
[1.672s] -- Up-to-date: /home/tamir/autonomous_robot/install/robot_common_interfaces/include/robot_common_interfaces/robot_common_interfaces
[1.672s] -- Up-to-date: /home/tamir/autonomous_robot/install/robot_common_interfaces/include/robot_common_interfaces/robot_common_interfaces/msg
[1.672s] -- Up-to-date: /home/tamir/autonomous_robot/install/robot_common_interfaces/include/robot_common_interfaces/robot_common_interfaces/msg/rosidl_generator_c__visibility_control.h
[1.672s] -- Up-to-date: /home/tamir/autonomous_robot/install/robot_common_interfaces/include/robot_common_interfaces/robot_common_interfaces/msg/detail
[1.672s] -- Up-to-date: /home/tamir/autonomous_robot/install/robot_common_interfaces/include/robot_common_interfaces/robot_common_interfaces/msg/detail/ser_com_struct__type_support.h
[1.672s] -- Up-to-date: /home/tamir/autonomous_robot/install/robot_common_interfaces/include/robot_common_interfaces/robot_common_interfaces/msg/detail/ser_com_struct__struct.h
[1.672s] -- Up-to-date: /home/tamir/autonomous_robot/install/robot_common_interfaces/include/robot_common_interfaces/robot_common_interfaces/msg/detail/ser_com_struct__functions.c
[1.673s] -- Up-to-date: /home/tamir/autonomous_robot/install/robot_common_interfaces/include/robot_common_interfaces/robot_common_interfaces/msg/detail/ser_com_struct__functions.h
[1.673s] -- Up-to-date: /home/tamir/autonomous_robot/install/robot_common_interfaces/include/robot_common_interfaces/robot_common_interfaces/msg/ser_com_struct.h
[1.673s] -- Up-to-date: /home/tamir/autonomous_robot/install/robot_common_interfaces/share/robot_common_interfaces/environment/library_path.sh
[1.673s] -- Up-to-date: /home/tamir/autonomous_robot/install/robot_common_interfaces/share/robot_common_interfaces/environment/library_path.dsv
[1.673s] -- Up-to-date: /home/tamir/autonomous_robot/install/robot_common_interfaces/lib/librobot_common_interfaces__rosidl_generator_c.so
[1.673s] -- Up-to-date: /home/tamir/autonomous_robot/install/robot_common_interfaces/include/robot_common_interfaces/robot_common_interfaces
[1.673s] -- Up-to-date: /home/tamir/autonomous_robot/install/robot_common_interfaces/include/robot_common_interfaces/robot_common_interfaces/msg
[1.674s] -- Up-to-date: /home/tamir/autonomous_robot/install/robot_common_interfaces/include/robot_common_interfaces/robot_common_interfaces/msg/detail
[1.674s] -- Up-to-date: /home/tamir/autonomous_robot/install/robot_common_interfaces/include/robot_common_interfaces/robot_common_interfaces/msg/detail/ser_com_struct__rosidl_typesupport_fastrtps_c.h
[1.674s] -- Up-to-date: /home/tamir/autonomous_robot/install/robot_common_interfaces/include/robot_common_interfaces/robot_common_interfaces/msg/rosidl_typesupport_fastrtps_c__visibility_control.h
[1.674s] -- Up-to-date: /home/tamir/autonomous_robot/install/robot_common_interfaces/lib/librobot_common_interfaces__rosidl_typesupport_fastrtps_c.so
[1.674s] -- Up-to-date: /home/tamir/autonomous_robot/install/robot_common_interfaces/include/robot_common_interfaces/robot_common_interfaces
[1.674s] -- Up-to-date: /home/tamir/autonomous_robot/install/robot_common_interfaces/include/robot_common_interfaces/robot_common_interfaces/msg
[1.674s] -- Up-to-date: /home/tamir/autonomous_robot/install/robot_common_interfaces/include/robot_common_interfaces/robot_common_interfaces/msg/detail
[1.674s] -- Up-to-date: /home/tamir/autonomous_robot/install/robot_common_interfaces/include/robot_common_interfaces/robot_common_interfaces/msg/detail/ser_com_struct__type_support.c
[1.674s] -- Up-to-date: /home/tamir/autonomous_robot/install/robot_common_interfaces/include/robot_common_interfaces/robot_common_interfaces/msg/detail/ser_com_struct__rosidl_typesupport_introspection_c.h
[1.675s] -- Up-to-date: /home/tamir/autonomous_robot/install/robot_common_interfaces/include/robot_common_interfaces/robot_common_interfaces/msg/rosidl_typesupport_introspection_c__visibility_control.h
[1.675s] -- Up-to-date: /home/tamir/autonomous_robot/install/robot_common_interfaces/lib/librobot_common_interfaces__rosidl_typesupport_introspection_c.so
[1.675s] -- Up-to-date: /home/tamir/autonomous_robot/install/robot_common_interfaces/lib/librobot_common_interfaces__rosidl_typesupport_c.so
[1.675s] -- Up-to-date: /home/tamir/autonomous_robot/install/robot_common_interfaces/include/robot_common_interfaces/robot_common_interfaces
[1.675s] -- Up-to-date: /home/tamir/autonomous_robot/install/robot_common_interfaces/include/robot_common_interfaces/robot_common_interfaces/msg
[1.675s] -- Up-to-date: /home/tamir/autonomous_robot/install/robot_common_interfaces/include/robot_common_interfaces/robot_common_interfaces/msg/ser_com_struct.hpp
[1.675s] -- Up-to-date: /home/tamir/autonomous_robot/install/robot_common_interfaces/include/robot_common_interfaces/robot_common_interfaces/msg/detail
[1.675s] -- Up-to-date: /home/tamir/autonomous_robot/install/robot_common_interfaces/include/robot_common_interfaces/robot_common_interfaces/msg/detail/ser_com_struct__struct.hpp
[1.675s] -- Up-to-date: /home/tamir/autonomous_robot/install/robot_common_interfaces/include/robot_common_interfaces/robot_common_interfaces/msg/detail/ser_com_struct__builder.hpp
[1.675s] -- Up-to-date: /home/tamir/autonomous_robot/install/robot_common_interfaces/include/robot_common_interfaces/robot_common_interfaces/msg/detail/ser_com_struct__traits.hpp
[1.675s] -- Up-to-date: /home/tamir/autonomous_robot/install/robot_common_interfaces/include/robot_common_interfaces/robot_common_interfaces
[1.675s] -- Up-to-date: /home/tamir/autonomous_robot/install/robot_common_interfaces/include/robot_common_interfaces/robot_common_interfaces/msg
[1.675s] -- Up-to-date: /home/tamir/autonomous_robot/install/robot_common_interfaces/include/robot_common_interfaces/robot_common_interfaces/msg/rosidl_typesupport_fastrtps_cpp__visibility_control.h
[1.675s] -- Up-to-date: /home/tamir/autonomous_robot/install/robot_common_interfaces/include/robot_common_interfaces/robot_common_interfaces/msg/detail
[1.675s] -- Up-to-date: /home/tamir/autonomous_robot/install/robot_common_interfaces/include/robot_common_interfaces/robot_common_interfaces/msg/detail/dds_fastrtps
[1.675s] -- Up-to-date: /home/tamir/autonomous_robot/install/robot_common_interfaces/include/robot_common_interfaces/robot_common_interfaces/msg/detail/ser_com_struct__rosidl_typesupport_fastrtps_cpp.hpp
[1.676s] -- Up-to-date: /home/tamir/autonomous_robot/install/robot_common_interfaces/lib/librobot_common_interfaces__rosidl_typesupport_fastrtps_cpp.so
[1.676s] -- Up-to-date: /home/tamir/autonomous_robot/install/robot_common_interfaces/include/robot_common_interfaces/robot_common_interfaces
[1.676s] -- Up-to-date: /home/tamir/autonomous_robot/install/robot_common_interfaces/include/robot_common_interfaces/robot_common_interfaces/msg
[1.676s] -- Up-to-date: /home/tamir/autonomous_robot/install/robot_common_interfaces/include/robot_common_interfaces/robot_common_interfaces/msg/detail
[1.676s] -- Up-to-date: /home/tamir/autonomous_robot/install/robot_common_interfaces/include/robot_common_interfaces/robot_common_interfaces/msg/detail/ser_com_struct__type_support.cpp
[1.676s] -- Up-to-date: /home/tamir/autonomous_robot/install/robot_common_interfaces/include/robot_common_interfaces/robot_common_interfaces/msg/detail/ser_com_struct__rosidl_typesupport_introspection_cpp.hpp
[1.676s] -- Up-to-date: /home/tamir/autonomous_robot/install/robot_common_interfaces/lib/librobot_common_interfaces__rosidl_typesupport_introspection_cpp.so
[1.676s] -- Up-to-date: /home/tamir/autonomous_robot/install/robot_common_interfaces/lib/librobot_common_interfaces__rosidl_typesupport_cpp.so
[1.676s] -- Up-to-date: /home/tamir/autonomous_robot/install/robot_common_interfaces/share/robot_common_interfaces/environment/pythonpath.sh
[1.676s] -- Up-to-date: /home/tamir/autonomous_robot/install/robot_common_interfaces/share/robot_common_interfaces/environment/pythonpath.dsv
[1.676s] -- Up-to-date: /home/tamir/autonomous_robot/install/robot_common_interfaces/local/lib/python3.10/dist-packages/robot_common_interfaces-0.0.0-py3.10.egg-info
[1.676s] -- Installing: /home/tamir/autonomous_robot/install/robot_common_interfaces/local/lib/python3.10/dist-packages/robot_common_interfaces-0.0.0-py3.10.egg-info/PKG-INFO
[1.676s] -- Installing: /home/tamir/autonomous_robot/install/robot_common_interfaces/local/lib/python3.10/dist-packages/robot_common_interfaces-0.0.0-py3.10.egg-info/dependency_links.txt
[1.676s] -- Installing: /home/tamir/autonomous_robot/install/robot_common_interfaces/local/lib/python3.10/dist-packages/robot_common_interfaces-0.0.0-py3.10.egg-info/top_level.txt
[1.676s] -- Installing: /home/tamir/autonomous_robot/install/robot_common_interfaces/local/lib/python3.10/dist-packages/robot_common_interfaces-0.0.0-py3.10.egg-info/SOURCES.txt
[1.676s] -- Up-to-date: /home/tamir/autonomous_robot/install/robot_common_interfaces/local/lib/python3.10/dist-packages/robot_common_interfaces
[1.676s] -- Up-to-date: /home/tamir/autonomous_robot/install/robot_common_interfaces/local/lib/python3.10/dist-packages/robot_common_interfaces/librobot_common_interfaces__rosidl_generator_py.so
[1.676s] -- Up-to-date: /home/tamir/autonomous_robot/install/robot_common_interfaces/local/lib/python3.10/dist-packages/robot_common_interfaces/msg
[1.676s] -- Up-to-date: /home/tamir/autonomous_robot/install/robot_common_interfaces/local/lib/python3.10/dist-packages/robot_common_interfaces/msg/_ser_com_struct.py
[1.676s] -- Up-to-date: /home/tamir/autonomous_robot/install/robot_common_interfaces/local/lib/python3.10/dist-packages/robot_common_interfaces/msg/_ser_com_struct_s.c
[1.676s] -- Up-to-date: /home/tamir/autonomous_robot/install/robot_common_interfaces/local/lib/python3.10/dist-packages/robot_common_interfaces/msg/__init__.py
[1.676s] -- Up-to-date: /home/tamir/autonomous_robot/install/robot_common_interfaces/local/lib/python3.10/dist-packages/robot_common_interfaces/robot_common_interfaces_s__rosidl_typesupport_introspection_c.cpython-310-x86_64-linux-gnu.so
[1.676s] -- Up-to-date: /home/tamir/autonomous_robot/install/robot_common_interfaces/local/lib/python3.10/dist-packages/robot_common_interfaces/__init__.py
[1.676s] -- Up-to-date: /home/tamir/autonomous_robot/install/robot_common_interfaces/local/lib/python3.10/dist-packages/robot_common_interfaces/_robot_common_interfaces_s.ep.rosidl_typesupport_introspection_c.c
[1.676s] -- Up-to-date: /home/tamir/autonomous_robot/install/robot_common_interfaces/local/lib/python3.10/dist-packages/robot_common_interfaces/_robot_common_interfaces_s.ep.rosidl_typesupport_fastrtps_c.c
[1.676s] -- Up-to-date: /home/tamir/autonomous_robot/install/robot_common_interfaces/local/lib/python3.10/dist-packages/robot_common_interfaces/robot_common_interfaces_s__rosidl_typesupport_c.cpython-310-x86_64-linux-gnu.so
[1.676s] -- Up-to-date: /home/tamir/autonomous_robot/install/robot_common_interfaces/local/lib/python3.10/dist-packages/robot_common_interfaces/robot_common_interfaces_s__rosidl_typesupport_fastrtps_c.cpython-310-x86_64-linux-gnu.so
[1.676s] -- Up-to-date: /home/tamir/autonomous_robot/install/robot_common_interfaces/local/lib/python3.10/dist-packages/robot_common_interfaces/_robot_common_interfaces_s.ep.rosidl_typesupport_c.c
[1.816s] Listing '/home/tamir/autonomous_robot/install/robot_common_interfaces/local/lib/python3.10/dist-packages/robot_common_interfaces'...
[1.816s] Listing '/home/tamir/autonomous_robot/install/robot_common_interfaces/local/lib/python3.10/dist-packages/robot_common_interfaces/msg'...
[1.826s] -- Up-to-date: /home/tamir/autonomous_robot/install/robot_common_interfaces/local/lib/python3.10/dist-packages/robot_common_interfaces/robot_common_interfaces_s__rosidl_typesupport_fastrtps_c.cpython-310-x86_64-linux-gnu.so
[1.827s] -- Up-to-date: /home/tamir/autonomous_robot/install/robot_common_interfaces/local/lib/python3.10/dist-packages/robot_common_interfaces/robot_common_interfaces_s__rosidl_typesupport_introspection_c.cpython-310-x86_64-linux-gnu.so
[1.827s] -- Up-to-date: /home/tamir/autonomous_robot/install/robot_common_interfaces/local/lib/python3.10/dist-packages/robot_common_interfaces/robot_common_interfaces_s__rosidl_typesupport_c.cpython-310-x86_64-linux-gnu.so
[1.827s] -- Up-to-date: /home/tamir/autonomous_robot/install/robot_common_interfaces/lib/librobot_common_interfaces__rosidl_generator_py.so
[1.828s] -- Up-to-date: /home/tamir/autonomous_robot/install/robot_common_interfaces/share/robot_common_interfaces/msg/SerComStruct.idl
[1.828s] -- Up-to-date: /home/tamir/autonomous_robot/install/robot_common_interfaces/share/robot_common_interfaces/msg/SerComStruct.msg
[1.828s] -- Up-to-date: /home/tamir/autonomous_robot/install/robot_common_interfaces/share/robot_common_interfaces/package.xml
[1.828s] -- Up-to-date: /home/tamir/autonomous_robot/install/robot_common_interfaces/share/ament_index/resource_index/package_run_dependencies/robot_common_interfaces
[1.828s] -- Up-to-date: /home/tamir/autonomous_robot/install/robot_common_interfaces/share/ament_index/resource_index/parent_prefix_path/robot_common_interfaces
[1.828s] -- Up-to-date: /home/tamir/autonomous_robot/install/robot_common_interfaces/share/robot_common_interfaces/environment/ament_prefix_path.sh
[1.828s] -- Up-to-date: /home/tamir/autonomous_robot/install/robot_common_interfaces/share/robot_common_interfaces/environment/ament_prefix_path.dsv
[1.828s] -- Up-to-date: /home/tamir/autonomous_robot/install/robot_common_interfaces/share/robot_common_interfaces/environment/path.sh
[1.828s] -- Up-to-date: /home/tamir/autonomous_robot/install/robot_common_interfaces/share/robot_common_interfaces/environment/path.dsv
[1.828s] -- Up-to-date: /home/tamir/autonomous_robot/install/robot_common_interfaces/share/robot_common_interfaces/local_setup.bash
[1.828s] -- Up-to-date: /home/tamir/autonomous_robot/install/robot_common_interfaces/share/robot_common_interfaces/local_setup.sh
[1.828s] -- Up-to-date: /home/tamir/autonomous_robot/install/robot_common_interfaces/share/robot_common_interfaces/local_setup.zsh
[1.828s] -- Up-to-date: /home/tamir/autonomous_robot/install/robot_common_interfaces/share/robot_common_interfaces/local_setup.dsv
[1.828s] -- Installing: /home/tamir/autonomous_robot/install/robot_common_interfaces/share/robot_common_interfaces/package.dsv
[1.828s] -- Up-to-date: /home/tamir/autonomous_robot/install/robot_common_interfaces/share/ament_index/resource_index/packages/robot_common_interfaces
[1.828s] -- Up-to-date: /home/tamir/autonomous_robot/install/robot_common_interfaces/share/robot_common_interfaces/cmake/export_robot_common_interfaces__rosidl_generator_cExport.cmake
[1.828s] -- Up-to-date: /home/tamir/autonomous_robot/install/robot_common_interfaces/share/robot_common_interfaces/cmake/export_robot_common_interfaces__rosidl_generator_cExport-noconfig.cmake
[1.829s] -- Up-to-date: /home/tamir/autonomous_robot/install/robot_common_interfaces/share/robot_common_interfaces/cmake/export_robot_common_interfaces__rosidl_typesupport_fastrtps_cExport.cmake
[1.829s] -- Up-to-date: /home/tamir/autonomous_robot/install/robot_common_interfaces/share/robot_common_interfaces/cmake/export_robot_common_interfaces__rosidl_typesupport_fastrtps_cExport-noconfig.cmake
[1.829s] -- Up-to-date: /home/tamir/autonomous_robot/install/robot_common_interfaces/share/robot_common_interfaces/cmake/robot_common_interfaces__rosidl_typesupport_introspection_cExport.cmake
[1.829s] -- Up-to-date: /home/tamir/autonomous_robot/install/robot_common_interfaces/share/robot_common_interfaces/cmake/robot_common_interfaces__rosidl_typesupport_introspection_cExport-noconfig.cmake
[1.830s] -- Up-to-date: /home/tamir/autonomous_robot/install/robot_common_interfaces/share/robot_common_interfaces/cmake/robot_common_interfaces__rosidl_typesupport_cExport.cmake
[1.830s] -- Up-to-date: /home/tamir/autonomous_robot/install/robot_common_interfaces/share/robot_common_interfaces/cmake/robot_common_interfaces__rosidl_typesupport_cExport-noconfig.cmake
[1.830s] -- Up-to-date: /home/tamir/autonomous_robot/install/robot_common_interfaces/share/robot_common_interfaces/cmake/export_robot_common_interfaces__rosidl_generator_cppExport.cmake
[1.830s] -- Up-to-date: /home/tamir/autonomous_robot/install/robot_common_interfaces/share/robot_common_interfaces/cmake/export_robot_common_interfaces__rosidl_typesupport_fastrtps_cppExport.cmake
[1.830s] -- Up-to-date: /home/tamir/autonomous_robot/install/robot_common_interfaces/share/robot_common_interfaces/cmake/export_robot_common_interfaces__rosidl_typesupport_fastrtps_cppExport-noconfig.cmake
[1.830s] -- Up-to-date: /home/tamir/autonomous_robot/install/robot_common_interfaces/share/robot_common_interfaces/cmake/robot_common_interfaces__rosidl_typesupport_introspection_cppExport.cmake
[1.830s] -- Up-to-date: /home/tamir/autonomous_robot/install/robot_common_interfaces/share/robot_common_interfaces/cmake/robot_common_interfaces__rosidl_typesupport_introspection_cppExport-noconfig.cmake
[1.831s] -- Up-to-date: /home/tamir/autonomous_robot/install/robot_common_interfaces/share/robot_common_interfaces/cmake/robot_common_interfaces__rosidl_typesupport_cppExport.cmake
[1.831s] -- Up-to-date: /home/tamir/autonomous_robot/install/robot_common_interfaces/share/robot_common_interfaces/cmake/robot_common_interfaces__rosidl_typesupport_cppExport-noconfig.cmake
[1.831s] -- Up-to-date: /home/tamir/autonomous_robot/install/robot_common_interfaces/share/robot_common_interfaces/cmake/export_robot_common_interfaces__rosidl_generator_pyExport.cmake
[1.831s] -- Up-to-date: /home/tamir/autonomous_robot/install/robot_common_interfaces/share/robot_common_interfaces/cmake/export_robot_common_interfaces__rosidl_generator_pyExport-noconfig.cmake
[1.831s] -- Up-to-date: /home/tamir/autonomous_robot/install/robot_common_interfaces/share/robot_common_interfaces/cmake/rosidl_cmake-extras.cmake
[1.831s] -- Up-to-date: /home/tamir/autonomous_robot/install/robot_common_interfaces/share/robot_common_interfaces/cmake/ament_cmake_export_include_directories-extras.cmake
[1.831s] -- Up-to-date: /home/tamir/autonomous_robot/install/robot_common_interfaces/share/robot_common_interfaces/cmake/ament_cmake_export_libraries-extras.cmake
[1.831s] -- Up-to-date: /home/tamir/autonomous_robot/install/robot_common_interfaces/share/robot_common_interfaces/cmake/ament_cmake_export_targets-extras.cmake
[1.831s] -- Up-to-date: /home/tamir/autonomous_robot/install/robot_common_interfaces/share/robot_common_interfaces/cmake/rosidl_cmake_export_typesupport_targets-extras.cmake
[1.832s] -- Up-to-date: /home/tamir/autonomous_robot/install/robot_common_interfaces/share/robot_common_interfaces/cmake/ament_cmake_export_dependencies-extras.cmake
[1.832s] -- Up-to-date: /home/tamir/autonomous_robot/install/robot_common_interfaces/share/robot_common_interfaces/cmake/rosidl_cmake_export_typesupport_libraries-extras.cmake
[1.832s] -- Up-to-date: /home/tamir/autonomous_robot/install/robot_common_interfaces/share/robot_common_interfaces/cmake/robot_common_interfacesConfig.cmake
[1.832s] -- Up-to-date: /home/tamir/autonomous_robot/install/robot_common_interfaces/share/robot_common_interfaces/cmake/robot_common_interfacesConfig-version.cmake
[1.832s] -- Up-to-date: /home/tamir/autonomous_robot/install/robot_common_interfaces/share/robot_common_interfaces/package.xml
[1.833s] Invoked command in '/home/tamir/autonomous_robot/build/robot_common_interfaces' returned '0': CMAKE_PREFIX_PATH=${CMAKE_PREFIX_PATH}:/home/tamir/autonomous_robot/install/calc_odom:/home/tamir/autonomous_robot/install/control_hardware:/home/tamir/autonomous_robot/autonomous_robot_control/install/control_hardware:/home/tamir/autonomous_robot/autonomous_robot_control/install/calc_odom:/home/tamir/ros2_ws/install/turtle_spawner:/home/tamir/ros2_ws/install/turtle_controller:/home/tamir/ros2_ws/install/my_py_pkg:/opt/ros/humble /usr/bin/cmake --install /home/tamir/autonomous_robot/build/robot_common_interfaces
