[0.012s] Invoking command in '/home/tamir/autonomous_robot/sensors_package/src/lidar_ws/build/lslidar_msgs': CMAKE_PREFIX_PATH=${CMAKE_PREFIX_PATH}:/home/tamir/ros2_ws/install/turtle_spawner:/home/tamir/ros2_ws/install/turtle_controller:/home/tamir/ros2_ws/install/my_py_pkg:/home/tamir/install/calc_odom:/opt/ros/humble /usr/bin/cmake --build /home/tamir/autonomous_robot/sensors_package/src/lidar_ws/build/lslidar_msgs -- -j12 -l12
[0.075s] [ 12%] Built target lslidar_msgs__rosidl_generator_c
[0.075s] [ 12%] Built target lslidar_msgs__cpp
[0.085s] [ 12%] Built target ament_cmake_python_copy_lslidar_msgs
[0.112s] [ 24%] Built target lslidar_msgs__rosidl_typesupport_introspection_c
[0.117s] [ 36%] Built target lslidar_msgs__rosidl_typesupport_c
[0.117s] [ 48%] Built target lslidar_msgs__rosidl_typesupport_fastrtps_c
[0.119s] [ 60%] Built target lslidar_msgs__rosidl_typesupport_introspection_cpp
[0.126s] [ 72%] Built target lslidar_msgs__rosidl_typesupport_cpp
[0.130s] [ 83%] Built target lslidar_msgs__rosidl_typesupport_fastrtps_cpp
[0.146s] [ 83%] Built target lslidar_msgs
[0.165s] [ 84%] Built target lslidar_msgs__py
[0.190s] [ 95%] Built target lslidar_msgs__rosidl_generator_py
[0.208s] [ 97%] Built target lslidar_msgs__rosidl_typesupport_introspection_c__pyext
[0.211s] [ 98%] Built target lslidar_msgs__rosidl_typesupport_c__pyext
[0.211s] [100%] Built target lslidar_msgs__rosidl_typesupport_fastrtps_c__pyext
[0.277s] running egg_info
[0.277s] writing lslidar_msgs.egg-info/PKG-INFO
[0.277s] writing dependency_links to lslidar_msgs.egg-info/dependency_links.txt
[0.277s] writing top-level names to lslidar_msgs.egg-info/top_level.txt
[0.279s] reading manifest file 'lslidar_msgs.egg-info/SOURCES.txt'
[0.279s] writing manifest file 'lslidar_msgs.egg-info/SOURCES.txt'
[0.300s] [100%] Built target ament_cmake_python_build_lslidar_msgs_egg
[0.311s] Invoked command in '/home/tamir/autonomous_robot/sensors_package/src/lidar_ws/build/lslidar_msgs' returned '0': CMAKE_PREFIX_PATH=${CMAKE_PREFIX_PATH}:/home/tamir/ros2_ws/install/turtle_spawner:/home/tamir/ros2_ws/install/turtle_controller:/home/tamir/ros2_ws/install/my_py_pkg:/home/tamir/install/calc_odom:/opt/ros/humble /usr/bin/cmake --build /home/tamir/autonomous_robot/sensors_package/src/lidar_ws/build/lslidar_msgs -- -j12 -l12
[0.635s] Invoking command in '/home/tamir/autonomous_robot/sensors_package/src/lidar_ws/build/lslidar_msgs': CMAKE_PREFIX_PATH=${CMAKE_PREFIX_PATH}:/home/tamir/ros2_ws/install/turtle_spawner:/home/tamir/ros2_ws/install/turtle_controller:/home/tamir/ros2_ws/install/my_py_pkg:/home/tamir/install/calc_odom:/opt/ros/humble /usr/bin/cmake --install /home/tamir/autonomous_robot/sensors_package/src/lidar_ws/build/lslidar_msgs
[0.642s] -- Install configuration: ""
[0.642s] -- Up-to-date: /home/tamir/autonomous_robot/sensors_package/src/lidar_ws/install/lslidar_msgs/share/ament_index/resource_index/rosidl_interfaces/lslidar_msgs
[0.642s] -- Up-to-date: /home/tamir/autonomous_robot/sensors_package/src/lidar_ws/install/lslidar_msgs/include/lslidar_msgs/lslidar_msgs
[0.642s] -- Up-to-date: /home/tamir/autonomous_robot/sensors_package/src/lidar_ws/install/lslidar_msgs/include/lslidar_msgs/lslidar_msgs/msg
[0.642s] -- Up-to-date: /home/tamir/autonomous_robot/sensors_package/src/lidar_ws/install/lslidar_msgs/include/lslidar_msgs/lslidar_msgs/msg/rosidl_generator_c__visibility_control.h
[0.642s] -- Up-to-date: /home/tamir/autonomous_robot/sensors_package/src/lidar_ws/install/lslidar_msgs/include/lslidar_msgs/lslidar_msgs/msg/detail
[0.642s] -- Up-to-date: /home/tamir/autonomous_robot/sensors_package/src/lidar_ws/install/lslidar_msgs/include/lslidar_msgs/lslidar_msgs/msg/detail/lslidar_point__type_support.h
[0.642s] -- Up-to-date: /home/tamir/autonomous_robot/sensors_package/src/lidar_ws/install/lslidar_msgs/include/lslidar_msgs/lslidar_msgs/msg/detail/lslidar_scan__type_support.h
[0.642s] -- Up-to-date: /home/tamir/autonomous_robot/sensors_package/src/lidar_ws/install/lslidar_msgs/include/lslidar_msgs/lslidar_msgs/msg/detail/lslidar_point__functions.h
[0.642s] -- Up-to-date: /home/tamir/autonomous_robot/sensors_package/src/lidar_ws/install/lslidar_msgs/include/lslidar_msgs/lslidar_msgs/msg/detail/lslidar_scan__struct.h
[0.642s] -- Up-to-date: /home/tamir/autonomous_robot/sensors_package/src/lidar_ws/install/lslidar_msgs/include/lslidar_msgs/lslidar_msgs/msg/detail/lslidar_point__struct.h
[0.642s] -- Up-to-date: /home/tamir/autonomous_robot/sensors_package/src/lidar_ws/install/lslidar_msgs/include/lslidar_msgs/lslidar_msgs/msg/detail/lslidar_packet__functions.h
[0.642s] -- Up-to-date: /home/tamir/autonomous_robot/sensors_package/src/lidar_ws/install/lslidar_msgs/include/lslidar_msgs/lslidar_msgs/msg/detail/lslidar_packet__type_support.h
[0.642s] -- Up-to-date: /home/tamir/autonomous_robot/sensors_package/src/lidar_ws/install/lslidar_msgs/include/lslidar_msgs/lslidar_msgs/msg/detail/lslidar_packet__struct.h
[0.643s] -- Up-to-date: /home/tamir/autonomous_robot/sensors_package/src/lidar_ws/install/lslidar_msgs/include/lslidar_msgs/lslidar_msgs/msg/detail/lslidar_packet__functions.c
[0.643s] -- Up-to-date: /home/tamir/autonomous_robot/sensors_package/src/lidar_ws/install/lslidar_msgs/include/lslidar_msgs/lslidar_msgs/msg/detail/lslidar_scan__functions.c
[0.643s] -- Up-to-date: /home/tamir/autonomous_robot/sensors_package/src/lidar_ws/install/lslidar_msgs/include/lslidar_msgs/lslidar_msgs/msg/detail/lslidar_scan__functions.h
[0.643s] -- Up-to-date: /home/tamir/autonomous_robot/sensors_package/src/lidar_ws/install/lslidar_msgs/include/lslidar_msgs/lslidar_msgs/msg/detail/lslidar_point__functions.c
[0.643s] -- Up-to-date: /home/tamir/autonomous_robot/sensors_package/src/lidar_ws/install/lslidar_msgs/include/lslidar_msgs/lslidar_msgs/msg/lslidar_scan.h
[0.643s] -- Up-to-date: /home/tamir/autonomous_robot/sensors_package/src/lidar_ws/install/lslidar_msgs/include/lslidar_msgs/lslidar_msgs/msg/lslidar_packet.h
[0.643s] -- Up-to-date: /home/tamir/autonomous_robot/sensors_package/src/lidar_ws/install/lslidar_msgs/include/lslidar_msgs/lslidar_msgs/msg/lslidar_point.h
[0.643s] -- Up-to-date: /home/tamir/autonomous_robot/sensors_package/src/lidar_ws/install/lslidar_msgs/include/lslidar_msgs/lslidar_msgs/srv
[0.643s] -- Up-to-date: /home/tamir/autonomous_robot/sensors_package/src/lidar_ws/install/lslidar_msgs/include/lslidar_msgs/lslidar_msgs/srv/motor_control.h
[0.643s] -- Up-to-date: /home/tamir/autonomous_robot/sensors_package/src/lidar_ws/install/lslidar_msgs/include/lslidar_msgs/lslidar_msgs/srv/time_service.h
[0.643s] -- Up-to-date: /home/tamir/autonomous_robot/sensors_package/src/lidar_ws/install/lslidar_msgs/include/lslidar_msgs/lslidar_msgs/srv/destination_ip.h
[0.643s] -- Up-to-date: /home/tamir/autonomous_robot/sensors_package/src/lidar_ws/install/lslidar_msgs/include/lslidar_msgs/lslidar_msgs/srv/detail
[0.643s] -- Up-to-date: /home/tamir/autonomous_robot/sensors_package/src/lidar_ws/install/lslidar_msgs/include/lslidar_msgs/lslidar_msgs/srv/detail/motor_speed__functions.h
[0.643s] -- Up-to-date: /home/tamir/autonomous_robot/sensors_package/src/lidar_ws/install/lslidar_msgs/include/lslidar_msgs/lslidar_msgs/srv/detail/destination_ip__functions.c
[0.643s] -- Up-to-date: /home/tamir/autonomous_robot/sensors_package/src/lidar_ws/install/lslidar_msgs/include/lslidar_msgs/lslidar_msgs/srv/detail/destination_ip__type_support.h
[0.643s] -- Up-to-date: /home/tamir/autonomous_robot/sensors_package/src/lidar_ws/install/lslidar_msgs/include/lslidar_msgs/lslidar_msgs/srv/detail/dev_port__functions.c
[0.643s] -- Up-to-date: /home/tamir/autonomous_robot/sensors_package/src/lidar_ws/install/lslidar_msgs/include/lslidar_msgs/lslidar_msgs/srv/detail/lslidar_control__functions.h
[0.643s] -- Up-to-date: /home/tamir/autonomous_robot/sensors_package/src/lidar_ws/install/lslidar_msgs/include/lslidar_msgs/lslidar_msgs/srv/detail/motor_speed__functions.c
[0.643s] -- Up-to-date: /home/tamir/autonomous_robot/sensors_package/src/lidar_ws/install/lslidar_msgs/include/lslidar_msgs/lslidar_msgs/srv/detail/destination_ip__struct.h
[0.645s] -- Up-to-date: /home/tamir/autonomous_robot/sensors_package/src/lidar_ws/install/lslidar_msgs/include/lslidar_msgs/lslidar_msgs/srv/detail/data_port__type_support.h
[0.645s] -- Up-to-date: /home/tamir/autonomous_robot/sensors_package/src/lidar_ws/install/lslidar_msgs/include/lslidar_msgs/lslidar_msgs/srv/detail/motor_control__functions.c
[0.645s] -- Up-to-date: /home/tamir/autonomous_robot/sensors_package/src/lidar_ws/install/lslidar_msgs/include/lslidar_msgs/lslidar_msgs/srv/detail/time_service__struct.h
[0.645s] -- Up-to-date: /home/tamir/autonomous_robot/sensors_package/src/lidar_ws/install/lslidar_msgs/include/lslidar_msgs/lslidar_msgs/srv/detail/lslidar_control__struct.h
[0.645s] -- Up-to-date: /home/tamir/autonomous_robot/sensors_package/src/lidar_ws/install/lslidar_msgs/include/lslidar_msgs/lslidar_msgs/srv/detail/time_service__functions.c
[0.645s] -- Up-to-date: /home/tamir/autonomous_robot/sensors_package/src/lidar_ws/install/lslidar_msgs/include/lslidar_msgs/lslidar_msgs/srv/detail/motor_speed__type_support.h
[0.645s] -- Up-to-date: /home/tamir/autonomous_robot/sensors_package/src/lidar_ws/install/lslidar_msgs/include/lslidar_msgs/lslidar_msgs/srv/detail/motor_control__struct.h
[0.645s] -- Up-to-date: /home/tamir/autonomous_robot/sensors_package/src/lidar_ws/install/lslidar_msgs/include/lslidar_msgs/lslidar_msgs/srv/detail/time_service__type_support.h
[0.645s] -- Up-to-date: /home/tamir/autonomous_robot/sensors_package/src/lidar_ws/install/lslidar_msgs/include/lslidar_msgs/lslidar_msgs/srv/detail/data_port__struct.h
[0.645s] -- Up-to-date: /home/tamir/autonomous_robot/sensors_package/src/lidar_ws/install/lslidar_msgs/include/lslidar_msgs/lslidar_msgs/srv/detail/data_ip__functions.h
[0.645s] -- Up-to-date: /home/tamir/autonomous_robot/sensors_package/src/lidar_ws/install/lslidar_msgs/include/lslidar_msgs/lslidar_msgs/srv/detail/motor_speed__struct.h
[0.645s] -- Up-to-date: /home/tamir/autonomous_robot/sensors_package/src/lidar_ws/install/lslidar_msgs/include/lslidar_msgs/lslidar_msgs/srv/detail/lslidar_control__functions.c
[0.646s] -- Up-to-date: /home/tamir/autonomous_robot/sensors_package/src/lidar_ws/install/lslidar_msgs/include/lslidar_msgs/lslidar_msgs/srv/detail/data_ip__type_support.h
[0.646s] -- Up-to-date: /home/tamir/autonomous_robot/sensors_package/src/lidar_ws/install/lslidar_msgs/include/lslidar_msgs/lslidar_msgs/srv/detail/data_ip__functions.c
[0.646s] -- Up-to-date: /home/tamir/autonomous_robot/sensors_package/src/lidar_ws/install/lslidar_msgs/include/lslidar_msgs/lslidar_msgs/srv/detail/motor_control__functions.h
[0.646s] -- Up-to-date: /home/tamir/autonomous_robot/sensors_package/src/lidar_ws/install/lslidar_msgs/include/lslidar_msgs/lslidar_msgs/srv/detail/dev_port__struct.h
[0.646s] -- Up-to-date: /home/tamir/autonomous_robot/sensors_package/src/lidar_ws/install/lslidar_msgs/include/lslidar_msgs/lslidar_msgs/srv/detail/dev_port__type_support.h
[0.646s] -- Up-to-date: /home/tamir/autonomous_robot/sensors_package/src/lidar_ws/install/lslidar_msgs/include/lslidar_msgs/lslidar_msgs/srv/detail/time_service__functions.h
[0.646s] -- Up-to-date: /home/tamir/autonomous_robot/sensors_package/src/lidar_ws/install/lslidar_msgs/include/lslidar_msgs/lslidar_msgs/srv/detail/data_port__functions.h
[0.646s] -- Up-to-date: /home/tamir/autonomous_robot/sensors_package/src/lidar_ws/install/lslidar_msgs/include/lslidar_msgs/lslidar_msgs/srv/detail/destination_ip__functions.h
[0.646s] -- Up-to-date: /home/tamir/autonomous_robot/sensors_package/src/lidar_ws/install/lslidar_msgs/include/lslidar_msgs/lslidar_msgs/srv/detail/motor_control__type_support.h
[0.646s] -- Up-to-date: /home/tamir/autonomous_robot/sensors_package/src/lidar_ws/install/lslidar_msgs/include/lslidar_msgs/lslidar_msgs/srv/detail/lslidar_control__type_support.h
[0.646s] -- Up-to-date: /home/tamir/autonomous_robot/sensors_package/src/lidar_ws/install/lslidar_msgs/include/lslidar_msgs/lslidar_msgs/srv/detail/data_ip__struct.h
[0.646s] -- Up-to-date: /home/tamir/autonomous_robot/sensors_package/src/lidar_ws/install/lslidar_msgs/include/lslidar_msgs/lslidar_msgs/srv/detail/data_port__functions.c
[0.646s] -- Up-to-date: /home/tamir/autonomous_robot/sensors_package/src/lidar_ws/install/lslidar_msgs/include/lslidar_msgs/lslidar_msgs/srv/detail/dev_port__functions.h
[0.647s] -- Up-to-date: /home/tamir/autonomous_robot/sensors_package/src/lidar_ws/install/lslidar_msgs/include/lslidar_msgs/lslidar_msgs/srv/motor_speed.h
[0.647s] -- Up-to-date: /home/tamir/autonomous_robot/sensors_package/src/lidar_ws/install/lslidar_msgs/include/lslidar_msgs/lslidar_msgs/srv/data_port.h
[0.647s] -- Up-to-date: /home/tamir/autonomous_robot/sensors_package/src/lidar_ws/install/lslidar_msgs/include/lslidar_msgs/lslidar_msgs/srv/dev_port.h
[0.647s] -- Up-to-date: /home/tamir/autonomous_robot/sensors_package/src/lidar_ws/install/lslidar_msgs/include/lslidar_msgs/lslidar_msgs/srv/data_ip.h
[0.647s] -- Up-to-date: /home/tamir/autonomous_robot/sensors_package/src/lidar_ws/install/lslidar_msgs/include/lslidar_msgs/lslidar_msgs/srv/lslidar_control.h
[0.647s] -- Up-to-date: /home/tamir/autonomous_robot/sensors_package/src/lidar_ws/install/lslidar_msgs/share/lslidar_msgs/environment/library_path.sh
[0.647s] -- Up-to-date: /home/tamir/autonomous_robot/sensors_package/src/lidar_ws/install/lslidar_msgs/share/lslidar_msgs/environment/library_path.dsv
[0.647s] -- Up-to-date: /home/tamir/autonomous_robot/sensors_package/src/lidar_ws/install/lslidar_msgs/lib/liblslidar_msgs__rosidl_generator_c.so
[0.647s] -- Up-to-date: /home/tamir/autonomous_robot/sensors_package/src/lidar_ws/install/lslidar_msgs/include/lslidar_msgs/lslidar_msgs
[0.647s] -- Up-to-date: /home/tamir/autonomous_robot/sensors_package/src/lidar_ws/install/lslidar_msgs/include/lslidar_msgs/lslidar_msgs/msg
[0.648s] -- Up-to-date: /home/tamir/autonomous_robot/sensors_package/src/lidar_ws/install/lslidar_msgs/include/lslidar_msgs/lslidar_msgs/msg/detail
[0.648s] -- Up-to-date: /home/tamir/autonomous_robot/sensors_package/src/lidar_ws/install/lslidar_msgs/include/lslidar_msgs/lslidar_msgs/msg/detail/lslidar_point__rosidl_typesupport_fastrtps_c.h
[0.648s] -- Up-to-date: /home/tamir/autonomous_robot/sensors_package/src/lidar_ws/install/lslidar_msgs/include/lslidar_msgs/lslidar_msgs/msg/detail/lslidar_scan__rosidl_typesupport_fastrtps_c.h
[0.648s] -- Up-to-date: /home/tamir/autonomous_robot/sensors_package/src/lidar_ws/install/lslidar_msgs/include/lslidar_msgs/lslidar_msgs/msg/detail/lslidar_packet__rosidl_typesupport_fastrtps_c.h
[0.648s] -- Up-to-date: /home/tamir/autonomous_robot/sensors_package/src/lidar_ws/install/lslidar_msgs/include/lslidar_msgs/lslidar_msgs/msg/rosidl_typesupport_fastrtps_c__visibility_control.h
[0.648s] -- Up-to-date: /home/tamir/autonomous_robot/sensors_package/src/lidar_ws/install/lslidar_msgs/include/lslidar_msgs/lslidar_msgs/srv
[0.648s] -- Up-to-date: /home/tamir/autonomous_robot/sensors_package/src/lidar_ws/install/lslidar_msgs/include/lslidar_msgs/lslidar_msgs/srv/detail
[0.648s] -- Up-to-date: /home/tamir/autonomous_robot/sensors_package/src/lidar_ws/install/lslidar_msgs/include/lslidar_msgs/lslidar_msgs/srv/detail/destination_ip__rosidl_typesupport_fastrtps_c.h
[0.648s] -- Up-to-date: /home/tamir/autonomous_robot/sensors_package/src/lidar_ws/install/lslidar_msgs/include/lslidar_msgs/lslidar_msgs/srv/detail/lslidar_control__rosidl_typesupport_fastrtps_c.h
[0.648s] -- Up-to-date: /home/tamir/autonomous_robot/sensors_package/src/lidar_ws/install/lslidar_msgs/include/lslidar_msgs/lslidar_msgs/srv/detail/motor_speed__rosidl_typesupport_fastrtps_c.h
[0.648s] -- Up-to-date: /home/tamir/autonomous_robot/sensors_package/src/lidar_ws/install/lslidar_msgs/include/lslidar_msgs/lslidar_msgs/srv/detail/motor_control__rosidl_typesupport_fastrtps_c.h
[0.648s] -- Up-to-date: /home/tamir/autonomous_robot/sensors_package/src/lidar_ws/install/lslidar_msgs/include/lslidar_msgs/lslidar_msgs/srv/detail/dev_port__rosidl_typesupport_fastrtps_c.h
[0.648s] -- Up-to-date: /home/tamir/autonomous_robot/sensors_package/src/lidar_ws/install/lslidar_msgs/include/lslidar_msgs/lslidar_msgs/srv/detail/data_port__rosidl_typesupport_fastrtps_c.h
[0.648s] -- Up-to-date: /home/tamir/autonomous_robot/sensors_package/src/lidar_ws/install/lslidar_msgs/include/lslidar_msgs/lslidar_msgs/srv/detail/data_ip__rosidl_typesupport_fastrtps_c.h
[0.648s] -- Up-to-date: /home/tamir/autonomous_robot/sensors_package/src/lidar_ws/install/lslidar_msgs/include/lslidar_msgs/lslidar_msgs/srv/detail/time_service__rosidl_typesupport_fastrtps_c.h
[0.648s] -- Up-to-date: /home/tamir/autonomous_robot/sensors_package/src/lidar_ws/install/lslidar_msgs/lib/liblslidar_msgs__rosidl_typesupport_fastrtps_c.so
[0.648s] -- Up-to-date: /home/tamir/autonomous_robot/sensors_package/src/lidar_ws/install/lslidar_msgs/include/lslidar_msgs/lslidar_msgs
[0.648s] -- Up-to-date: /home/tamir/autonomous_robot/sensors_package/src/lidar_ws/install/lslidar_msgs/include/lslidar_msgs/lslidar_msgs/msg
[0.648s] -- Up-to-date: /home/tamir/autonomous_robot/sensors_package/src/lidar_ws/install/lslidar_msgs/include/lslidar_msgs/lslidar_msgs/msg/detail
[0.649s] -- Up-to-date: /home/tamir/autonomous_robot/sensors_package/src/lidar_ws/install/lslidar_msgs/include/lslidar_msgs/lslidar_msgs/msg/detail/lslidar_point__traits.hpp
[0.649s] -- Up-to-date: /home/tamir/autonomous_robot/sensors_package/src/lidar_ws/install/lslidar_msgs/include/lslidar_msgs/lslidar_msgs/msg/detail/lslidar_packet__builder.hpp
[0.649s] -- Up-to-date: /home/tamir/autonomous_robot/sensors_package/src/lidar_ws/install/lslidar_msgs/include/lslidar_msgs/lslidar_msgs/msg/detail/lslidar_packet__traits.hpp
[0.649s] -- Up-to-date: /home/tamir/autonomous_robot/sensors_package/src/lidar_ws/install/lslidar_msgs/include/lslidar_msgs/lslidar_msgs/msg/detail/lslidar_point__builder.hpp
[0.649s] -- Up-to-date: /home/tamir/autonomous_robot/sensors_package/src/lidar_ws/install/lslidar_msgs/include/lslidar_msgs/lslidar_msgs/msg/detail/lslidar_scan__struct.hpp
[0.649s] -- Up-to-date: /home/tamir/autonomous_robot/sensors_package/src/lidar_ws/install/lslidar_msgs/include/lslidar_msgs/lslidar_msgs/msg/detail/lslidar_scan__builder.hpp
[0.649s] -- Up-to-date: /home/tamir/autonomous_robot/sensors_package/src/lidar_ws/install/lslidar_msgs/include/lslidar_msgs/lslidar_msgs/msg/detail/lslidar_point__struct.hpp
[0.649s] -- Up-to-date: /home/tamir/autonomous_robot/sensors_package/src/lidar_ws/install/lslidar_msgs/include/lslidar_msgs/lslidar_msgs/msg/detail/lslidar_scan__traits.hpp
[0.649s] -- Up-to-date: /home/tamir/autonomous_robot/sensors_package/src/lidar_ws/install/lslidar_msgs/include/lslidar_msgs/lslidar_msgs/msg/detail/lslidar_packet__struct.hpp
[0.649s] -- Up-to-date: /home/tamir/autonomous_robot/sensors_package/src/lidar_ws/install/lslidar_msgs/include/lslidar_msgs/lslidar_msgs/msg/lslidar_point.hpp
[0.649s] -- Up-to-date: /home/tamir/autonomous_robot/sensors_package/src/lidar_ws/install/lslidar_msgs/include/lslidar_msgs/lslidar_msgs/msg/lslidar_packet.hpp
[0.649s] -- Up-to-date: /home/tamir/autonomous_robot/sensors_package/src/lidar_ws/install/lslidar_msgs/include/lslidar_msgs/lslidar_msgs/msg/lslidar_scan.hpp
[0.649s] -- Up-to-date: /home/tamir/autonomous_robot/sensors_package/src/lidar_ws/install/lslidar_msgs/include/lslidar_msgs/lslidar_msgs/srv
[0.649s] -- Up-to-date: /home/tamir/autonomous_robot/sensors_package/src/lidar_ws/install/lslidar_msgs/include/lslidar_msgs/lslidar_msgs/srv/destination_ip.hpp
[0.649s] -- Up-to-date: /home/tamir/autonomous_robot/sensors_package/src/lidar_ws/install/lslidar_msgs/include/lslidar_msgs/lslidar_msgs/srv/motor_speed.hpp
[0.649s] -- Up-to-date: /home/tamir/autonomous_robot/sensors_package/src/lidar_ws/install/lslidar_msgs/include/lslidar_msgs/lslidar_msgs/srv/detail
[0.649s] -- Up-to-date: /home/tamir/autonomous_robot/sensors_package/src/lidar_ws/install/lslidar_msgs/include/lslidar_msgs/lslidar_msgs/srv/detail/lslidar_control__struct.hpp
[0.649s] -- Up-to-date: /home/tamir/autonomous_robot/sensors_package/src/lidar_ws/install/lslidar_msgs/include/lslidar_msgs/lslidar_msgs/srv/detail/motor_control__builder.hpp
[0.649s] -- Up-to-date: /home/tamir/autonomous_robot/sensors_package/src/lidar_ws/install/lslidar_msgs/include/lslidar_msgs/lslidar_msgs/srv/detail/motor_speed__traits.hpp
[0.649s] -- Up-to-date: /home/tamir/autonomous_robot/sensors_package/src/lidar_ws/install/lslidar_msgs/include/lslidar_msgs/lslidar_msgs/srv/detail/destination_ip__builder.hpp
[0.649s] -- Up-to-date: /home/tamir/autonomous_robot/sensors_package/src/lidar_ws/install/lslidar_msgs/include/lslidar_msgs/lslidar_msgs/srv/detail/destination_ip__struct.hpp
[0.649s] -- Up-to-date: /home/tamir/autonomous_robot/sensors_package/src/lidar_ws/install/lslidar_msgs/include/lslidar_msgs/lslidar_msgs/srv/detail/dev_port__builder.hpp
[0.649s] -- Up-to-date: /home/tamir/autonomous_robot/sensors_package/src/lidar_ws/install/lslidar_msgs/include/lslidar_msgs/lslidar_msgs/srv/detail/motor_control__struct.hpp
[0.649s] -- Up-to-date: /home/tamir/autonomous_robot/sensors_package/src/lidar_ws/install/lslidar_msgs/include/lslidar_msgs/lslidar_msgs/srv/detail/lslidar_control__builder.hpp
[0.649s] -- Up-to-date: /home/tamir/autonomous_robot/sensors_package/src/lidar_ws/install/lslidar_msgs/include/lslidar_msgs/lslidar_msgs/srv/detail/data_ip__traits.hpp
[0.649s] -- Up-to-date: /home/tamir/autonomous_robot/sensors_package/src/lidar_ws/install/lslidar_msgs/include/lslidar_msgs/lslidar_msgs/srv/detail/motor_speed__builder.hpp
[0.650s] -- Up-to-date: /home/tamir/autonomous_robot/sensors_package/src/lidar_ws/install/lslidar_msgs/include/lslidar_msgs/lslidar_msgs/srv/detail/dev_port__traits.hpp
[0.650s] -- Up-to-date: /home/tamir/autonomous_robot/sensors_package/src/lidar_ws/install/lslidar_msgs/include/lslidar_msgs/lslidar_msgs/srv/detail/data_port__traits.hpp
[0.650s] -- Up-to-date: /home/tamir/autonomous_robot/sensors_package/src/lidar_ws/install/lslidar_msgs/include/lslidar_msgs/lslidar_msgs/srv/detail/lslidar_control__traits.hpp
[0.650s] -- Up-to-date: /home/tamir/autonomous_robot/sensors_package/src/lidar_ws/install/lslidar_msgs/include/lslidar_msgs/lslidar_msgs/srv/detail/motor_control__traits.hpp
[0.650s] -- Up-to-date: /home/tamir/autonomous_robot/sensors_package/src/lidar_ws/install/lslidar_msgs/include/lslidar_msgs/lslidar_msgs/srv/detail/data_port__builder.hpp
[0.650s] -- Up-to-date: /home/tamir/autonomous_robot/sensors_package/src/lidar_ws/install/lslidar_msgs/include/lslidar_msgs/lslidar_msgs/srv/detail/dev_port__struct.hpp
[0.650s] -- Up-to-date: /home/tamir/autonomous_robot/sensors_package/src/lidar_ws/install/lslidar_msgs/include/lslidar_msgs/lslidar_msgs/srv/detail/data_ip__builder.hpp
[0.650s] -- Up-to-date: /home/tamir/autonomous_robot/sensors_package/src/lidar_ws/install/lslidar_msgs/include/lslidar_msgs/lslidar_msgs/srv/detail/time_service__traits.hpp
[0.650s] -- Up-to-date: /home/tamir/autonomous_robot/sensors_package/src/lidar_ws/install/lslidar_msgs/include/lslidar_msgs/lslidar_msgs/srv/detail/data_port__struct.hpp
[0.650s] -- Up-to-date: /home/tamir/autonomous_robot/sensors_package/src/lidar_ws/install/lslidar_msgs/include/lslidar_msgs/lslidar_msgs/srv/detail/destination_ip__traits.hpp
[0.650s] -- Up-to-date: /home/tamir/autonomous_robot/sensors_package/src/lidar_ws/install/lslidar_msgs/include/lslidar_msgs/lslidar_msgs/srv/detail/motor_speed__struct.hpp
[0.650s] -- Up-to-date: /home/tamir/autonomous_robot/sensors_package/src/lidar_ws/install/lslidar_msgs/include/lslidar_msgs/lslidar_msgs/srv/detail/time_service__builder.hpp
[0.650s] -- Up-to-date: /home/tamir/autonomous_robot/sensors_package/src/lidar_ws/install/lslidar_msgs/include/lslidar_msgs/lslidar_msgs/srv/detail/data_ip__struct.hpp
[0.650s] -- Up-to-date: /home/tamir/autonomous_robot/sensors_package/src/lidar_ws/install/lslidar_msgs/include/lslidar_msgs/lslidar_msgs/srv/detail/time_service__struct.hpp
[0.650s] -- Up-to-date: /home/tamir/autonomous_robot/sensors_package/src/lidar_ws/install/lslidar_msgs/include/lslidar_msgs/lslidar_msgs/srv/motor_control.hpp
[0.650s] -- Up-to-date: /home/tamir/autonomous_robot/sensors_package/src/lidar_ws/install/lslidar_msgs/include/lslidar_msgs/lslidar_msgs/srv/lslidar_control.hpp
[0.650s] -- Up-to-date: /home/tamir/autonomous_robot/sensors_package/src/lidar_ws/install/lslidar_msgs/include/lslidar_msgs/lslidar_msgs/srv/time_service.hpp
[0.650s] -- Up-to-date: /home/tamir/autonomous_robot/sensors_package/src/lidar_ws/install/lslidar_msgs/include/lslidar_msgs/lslidar_msgs/srv/dev_port.hpp
[0.650s] -- Up-to-date: /home/tamir/autonomous_robot/sensors_package/src/lidar_ws/install/lslidar_msgs/include/lslidar_msgs/lslidar_msgs/srv/data_port.hpp
[0.650s] -- Up-to-date: /home/tamir/autonomous_robot/sensors_package/src/lidar_ws/install/lslidar_msgs/include/lslidar_msgs/lslidar_msgs/srv/data_ip.hpp
[0.650s] -- Up-to-date: /home/tamir/autonomous_robot/sensors_package/src/lidar_ws/install/lslidar_msgs/include/lslidar_msgs/lslidar_msgs
[0.650s] -- Up-to-date: /home/tamir/autonomous_robot/sensors_package/src/lidar_ws/install/lslidar_msgs/include/lslidar_msgs/lslidar_msgs/msg
[0.650s] -- Up-to-date: /home/tamir/autonomous_robot/sensors_package/src/lidar_ws/install/lslidar_msgs/include/lslidar_msgs/lslidar_msgs/msg/rosidl_typesupport_fastrtps_cpp__visibility_control.h
[0.651s] -- Up-to-date: /home/tamir/autonomous_robot/sensors_package/src/lidar_ws/install/lslidar_msgs/include/lslidar_msgs/lslidar_msgs/msg/detail
[0.651s] -- Up-to-date: /home/tamir/autonomous_robot/sensors_package/src/lidar_ws/install/lslidar_msgs/include/lslidar_msgs/lslidar_msgs/msg/detail/lslidar_packet__rosidl_typesupport_fastrtps_cpp.hpp
[0.651s] -- Up-to-date: /home/tamir/autonomous_robot/sensors_package/src/lidar_ws/install/lslidar_msgs/include/lslidar_msgs/lslidar_msgs/msg/detail/dds_fastrtps
[0.651s] -- Up-to-date: /home/tamir/autonomous_robot/sensors_package/src/lidar_ws/install/lslidar_msgs/include/lslidar_msgs/lslidar_msgs/msg/detail/lslidar_point__rosidl_typesupport_fastrtps_cpp.hpp
[0.651s] -- Up-to-date: /home/tamir/autonomous_robot/sensors_package/src/lidar_ws/install/lslidar_msgs/include/lslidar_msgs/lslidar_msgs/msg/detail/lslidar_scan__rosidl_typesupport_fastrtps_cpp.hpp
[0.651s] -- Up-to-date: /home/tamir/autonomous_robot/sensors_package/src/lidar_ws/install/lslidar_msgs/include/lslidar_msgs/lslidar_msgs/srv
[0.651s] -- Up-to-date: /home/tamir/autonomous_robot/sensors_package/src/lidar_ws/install/lslidar_msgs/include/lslidar_msgs/lslidar_msgs/srv/detail
[0.651s] -- Up-to-date: /home/tamir/autonomous_robot/sensors_package/src/lidar_ws/install/lslidar_msgs/include/lslidar_msgs/lslidar_msgs/srv/detail/data_ip__rosidl_typesupport_fastrtps_cpp.hpp
[0.651s] -- Up-to-date: /home/tamir/autonomous_robot/sensors_package/src/lidar_ws/install/lslidar_msgs/include/lslidar_msgs/lslidar_msgs/srv/detail/destination_ip__rosidl_typesupport_fastrtps_cpp.hpp
[0.651s] -- Up-to-date: /home/tamir/autonomous_robot/sensors_package/src/lidar_ws/install/lslidar_msgs/include/lslidar_msgs/lslidar_msgs/srv/detail/time_service__rosidl_typesupport_fastrtps_cpp.hpp
[0.651s] -- Up-to-date: /home/tamir/autonomous_robot/sensors_package/src/lidar_ws/install/lslidar_msgs/include/lslidar_msgs/lslidar_msgs/srv/detail/lslidar_control__rosidl_typesupport_fastrtps_cpp.hpp
[0.651s] -- Up-to-date: /home/tamir/autonomous_robot/sensors_package/src/lidar_ws/install/lslidar_msgs/include/lslidar_msgs/lslidar_msgs/srv/detail/dds_fastrtps
[0.651s] -- Up-to-date: /home/tamir/autonomous_robot/sensors_package/src/lidar_ws/install/lslidar_msgs/include/lslidar_msgs/lslidar_msgs/srv/detail/motor_control__rosidl_typesupport_fastrtps_cpp.hpp
[0.651s] -- Up-to-date: /home/tamir/autonomous_robot/sensors_package/src/lidar_ws/install/lslidar_msgs/include/lslidar_msgs/lslidar_msgs/srv/detail/motor_speed__rosidl_typesupport_fastrtps_cpp.hpp
[0.651s] -- Up-to-date: /home/tamir/autonomous_robot/sensors_package/src/lidar_ws/install/lslidar_msgs/include/lslidar_msgs/lslidar_msgs/srv/detail/data_port__rosidl_typesupport_fastrtps_cpp.hpp
[0.651s] -- Up-to-date: /home/tamir/autonomous_robot/sensors_package/src/lidar_ws/install/lslidar_msgs/include/lslidar_msgs/lslidar_msgs/srv/detail/dev_port__rosidl_typesupport_fastrtps_cpp.hpp
[0.651s] -- Up-to-date: /home/tamir/autonomous_robot/sensors_package/src/lidar_ws/install/lslidar_msgs/lib/liblslidar_msgs__rosidl_typesupport_fastrtps_cpp.so
[0.651s] -- Up-to-date: /home/tamir/autonomous_robot/sensors_package/src/lidar_ws/install/lslidar_msgs/include/lslidar_msgs/lslidar_msgs
[0.651s] -- Up-to-date: /home/tamir/autonomous_robot/sensors_package/src/lidar_ws/install/lslidar_msgs/include/lslidar_msgs/lslidar_msgs/msg
[0.651s] -- Up-to-date: /home/tamir/autonomous_robot/sensors_package/src/lidar_ws/install/lslidar_msgs/include/lslidar_msgs/lslidar_msgs/msg/detail
[0.651s] -- Up-to-date: /home/tamir/autonomous_robot/sensors_package/src/lidar_ws/install/lslidar_msgs/include/lslidar_msgs/lslidar_msgs/msg/detail/lslidar_point__type_support.c
[0.651s] -- Up-to-date: /home/tamir/autonomous_robot/sensors_package/src/lidar_ws/install/lslidar_msgs/include/lslidar_msgs/lslidar_msgs/msg/detail/lslidar_scan__rosidl_typesupport_introspection_c.h
[0.651s] -- Up-to-date: /home/tamir/autonomous_robot/sensors_package/src/lidar_ws/install/lslidar_msgs/include/lslidar_msgs/lslidar_msgs/msg/detail/lslidar_packet__rosidl_typesupport_introspection_c.h
[0.652s] -- Up-to-date: /home/tamir/autonomous_robot/sensors_package/src/lidar_ws/install/lslidar_msgs/include/lslidar_msgs/lslidar_msgs/msg/detail/lslidar_packet__type_support.c
[0.652s] -- Up-to-date: /home/tamir/autonomous_robot/sensors_package/src/lidar_ws/install/lslidar_msgs/include/lslidar_msgs/lslidar_msgs/msg/detail/lslidar_point__rosidl_typesupport_introspection_c.h
[0.652s] -- Up-to-date: /home/tamir/autonomous_robot/sensors_package/src/lidar_ws/install/lslidar_msgs/include/lslidar_msgs/lslidar_msgs/msg/detail/lslidar_scan__type_support.c
[0.652s] -- Up-to-date: /home/tamir/autonomous_robot/sensors_package/src/lidar_ws/install/lslidar_msgs/include/lslidar_msgs/lslidar_msgs/msg/rosidl_typesupport_introspection_c__visibility_control.h
[0.652s] -- Up-to-date: /home/tamir/autonomous_robot/sensors_package/src/lidar_ws/install/lslidar_msgs/include/lslidar_msgs/lslidar_msgs/srv
[0.652s] -- Up-to-date: /home/tamir/autonomous_robot/sensors_package/src/lidar_ws/install/lslidar_msgs/include/lslidar_msgs/lslidar_msgs/srv/detail
[0.652s] -- Up-to-date: /home/tamir/autonomous_robot/sensors_package/src/lidar_ws/install/lslidar_msgs/include/lslidar_msgs/lslidar_msgs/srv/detail/motor_control__type_support.c
[0.652s] -- Up-to-date: /home/tamir/autonomous_robot/sensors_package/src/lidar_ws/install/lslidar_msgs/include/lslidar_msgs/lslidar_msgs/srv/detail/dev_port__type_support.c
[0.652s] -- Up-to-date: /home/tamir/autonomous_robot/sensors_package/src/lidar_ws/install/lslidar_msgs/include/lslidar_msgs/lslidar_msgs/srv/detail/data_ip__rosidl_typesupport_introspection_c.h
[0.652s] -- Up-to-date: /home/tamir/autonomous_robot/sensors_package/src/lidar_ws/install/lslidar_msgs/include/lslidar_msgs/lslidar_msgs/srv/detail/destination_ip__type_support.c
[0.652s] -- Up-to-date: /home/tamir/autonomous_robot/sensors_package/src/lidar_ws/install/lslidar_msgs/include/lslidar_msgs/lslidar_msgs/srv/detail/lslidar_control__rosidl_typesupport_introspection_c.h
[0.652s] -- Up-to-date: /home/tamir/autonomous_robot/sensors_package/src/lidar_ws/install/lslidar_msgs/include/lslidar_msgs/lslidar_msgs/srv/detail/time_service__rosidl_typesupport_introspection_c.h
[0.652s] -- Up-to-date: /home/tamir/autonomous_robot/sensors_package/src/lidar_ws/install/lslidar_msgs/include/lslidar_msgs/lslidar_msgs/srv/detail/data_port__rosidl_typesupport_introspection_c.h
[0.652s] -- Up-to-date: /home/tamir/autonomous_robot/sensors_package/src/lidar_ws/install/lslidar_msgs/include/lslidar_msgs/lslidar_msgs/srv/detail/motor_control__rosidl_typesupport_introspection_c.h
[0.652s] -- Up-to-date: /home/tamir/autonomous_robot/sensors_package/src/lidar_ws/install/lslidar_msgs/include/lslidar_msgs/lslidar_msgs/srv/detail/motor_speed__rosidl_typesupport_introspection_c.h
[0.652s] -- Up-to-date: /home/tamir/autonomous_robot/sensors_package/src/lidar_ws/install/lslidar_msgs/include/lslidar_msgs/lslidar_msgs/srv/detail/lslidar_control__type_support.c
[0.652s] -- Up-to-date: /home/tamir/autonomous_robot/sensors_package/src/lidar_ws/install/lslidar_msgs/include/lslidar_msgs/lslidar_msgs/srv/detail/motor_speed__type_support.c
[0.652s] -- Up-to-date: /home/tamir/autonomous_robot/sensors_package/src/lidar_ws/install/lslidar_msgs/include/lslidar_msgs/lslidar_msgs/srv/detail/data_port__type_support.c
[0.652s] -- Up-to-date: /home/tamir/autonomous_robot/sensors_package/src/lidar_ws/install/lslidar_msgs/include/lslidar_msgs/lslidar_msgs/srv/detail/data_ip__type_support.c
[0.652s] -- Up-to-date: /home/tamir/autonomous_robot/sensors_package/src/lidar_ws/install/lslidar_msgs/include/lslidar_msgs/lslidar_msgs/srv/detail/dev_port__rosidl_typesupport_introspection_c.h
[0.653s] -- Up-to-date: /home/tamir/autonomous_robot/sensors_package/src/lidar_ws/install/lslidar_msgs/include/lslidar_msgs/lslidar_msgs/srv/detail/time_service__type_support.c
[0.653s] -- Up-to-date: /home/tamir/autonomous_robot/sensors_package/src/lidar_ws/install/lslidar_msgs/include/lslidar_msgs/lslidar_msgs/srv/detail/destination_ip__rosidl_typesupport_introspection_c.h
[0.653s] -- Up-to-date: /home/tamir/autonomous_robot/sensors_package/src/lidar_ws/install/lslidar_msgs/lib/liblslidar_msgs__rosidl_typesupport_introspection_c.so
[0.653s] -- Up-to-date: /home/tamir/autonomous_robot/sensors_package/src/lidar_ws/install/lslidar_msgs/lib/liblslidar_msgs__rosidl_typesupport_c.so
[0.653s] -- Up-to-date: /home/tamir/autonomous_robot/sensors_package/src/lidar_ws/install/lslidar_msgs/include/lslidar_msgs/lslidar_msgs
[0.653s] -- Up-to-date: /home/tamir/autonomous_robot/sensors_package/src/lidar_ws/install/lslidar_msgs/include/lslidar_msgs/lslidar_msgs/msg
[0.653s] -- Up-to-date: /home/tamir/autonomous_robot/sensors_package/src/lidar_ws/install/lslidar_msgs/include/lslidar_msgs/lslidar_msgs/msg/detail
[0.653s] -- Up-to-date: /home/tamir/autonomous_robot/sensors_package/src/lidar_ws/install/lslidar_msgs/include/lslidar_msgs/lslidar_msgs/msg/detail/lslidar_point__type_support.cpp
[0.653s] -- Up-to-date: /home/tamir/autonomous_robot/sensors_package/src/lidar_ws/install/lslidar_msgs/include/lslidar_msgs/lslidar_msgs/msg/detail/lslidar_scan__rosidl_typesupport_introspection_cpp.hpp
[0.653s] -- Up-to-date: /home/tamir/autonomous_robot/sensors_package/src/lidar_ws/install/lslidar_msgs/include/lslidar_msgs/lslidar_msgs/msg/detail/lslidar_point__rosidl_typesupport_introspection_cpp.hpp
[0.653s] -- Up-to-date: /home/tamir/autonomous_robot/sensors_package/src/lidar_ws/install/lslidar_msgs/include/lslidar_msgs/lslidar_msgs/msg/detail/lslidar_packet__type_support.cpp
[0.653s] -- Up-to-date: /home/tamir/autonomous_robot/sensors_package/src/lidar_ws/install/lslidar_msgs/include/lslidar_msgs/lslidar_msgs/msg/detail/lslidar_scan__type_support.cpp
[0.653s] -- Up-to-date: /home/tamir/autonomous_robot/sensors_package/src/lidar_ws/install/lslidar_msgs/include/lslidar_msgs/lslidar_msgs/msg/detail/lslidar_packet__rosidl_typesupport_introspection_cpp.hpp
[0.653s] -- Up-to-date: /home/tamir/autonomous_robot/sensors_package/src/lidar_ws/install/lslidar_msgs/include/lslidar_msgs/lslidar_msgs/srv
[0.653s] -- Up-to-date: /home/tamir/autonomous_robot/sensors_package/src/lidar_ws/install/lslidar_msgs/include/lslidar_msgs/lslidar_msgs/srv/detail
[0.653s] -- Up-to-date: /home/tamir/autonomous_robot/sensors_package/src/lidar_ws/install/lslidar_msgs/include/lslidar_msgs/lslidar_msgs/srv/detail/data_ip__rosidl_typesupport_introspection_cpp.hpp
[0.653s] -- Up-to-date: /home/tamir/autonomous_robot/sensors_package/src/lidar_ws/install/lslidar_msgs/include/lslidar_msgs/lslidar_msgs/srv/detail/time_service__rosidl_typesupport_introspection_cpp.hpp
[0.653s] -- Up-to-date: /home/tamir/autonomous_robot/sensors_package/src/lidar_ws/install/lslidar_msgs/include/lslidar_msgs/lslidar_msgs/srv/detail/destination_ip__rosidl_typesupport_introspection_cpp.hpp
[0.653s] -- Up-to-date: /home/tamir/autonomous_robot/sensors_package/src/lidar_ws/install/lslidar_msgs/include/lslidar_msgs/lslidar_msgs/srv/detail/motor_speed__rosidl_typesupport_introspection_cpp.hpp
[0.653s] -- Up-to-date: /home/tamir/autonomous_robot/sensors_package/src/lidar_ws/install/lslidar_msgs/include/lslidar_msgs/lslidar_msgs/srv/detail/lslidar_control__type_support.cpp
[0.654s] -- Up-to-date: /home/tamir/autonomous_robot/sensors_package/src/lidar_ws/install/lslidar_msgs/include/lslidar_msgs/lslidar_msgs/srv/detail/data_port__type_support.cpp
[0.654s] -- Up-to-date: /home/tamir/autonomous_robot/sensors_package/src/lidar_ws/install/lslidar_msgs/include/lslidar_msgs/lslidar_msgs/srv/detail/motor_speed__type_support.cpp
[0.654s] -- Up-to-date: /home/tamir/autonomous_robot/sensors_package/src/lidar_ws/install/lslidar_msgs/include/lslidar_msgs/lslidar_msgs/srv/detail/dev_port__type_support.cpp
[0.654s] -- Up-to-date: /home/tamir/autonomous_robot/sensors_package/src/lidar_ws/install/lslidar_msgs/include/lslidar_msgs/lslidar_msgs/srv/detail/motor_control__rosidl_typesupport_introspection_cpp.hpp
[0.654s] -- Up-to-date: /home/tamir/autonomous_robot/sensors_package/src/lidar_ws/install/lslidar_msgs/include/lslidar_msgs/lslidar_msgs/srv/detail/time_service__type_support.cpp
[0.654s] -- Up-to-date: /home/tamir/autonomous_robot/sensors_package/src/lidar_ws/install/lslidar_msgs/include/lslidar_msgs/lslidar_msgs/srv/detail/data_ip__type_support.cpp
[0.654s] -- Up-to-date: /home/tamir/autonomous_robot/sensors_package/src/lidar_ws/install/lslidar_msgs/include/lslidar_msgs/lslidar_msgs/srv/detail/dev_port__rosidl_typesupport_introspection_cpp.hpp
[0.654s] -- Up-to-date: /home/tamir/autonomous_robot/sensors_package/src/lidar_ws/install/lslidar_msgs/include/lslidar_msgs/lslidar_msgs/srv/detail/data_port__rosidl_typesupport_introspection_cpp.hpp
[0.654s] -- Up-to-date: /home/tamir/autonomous_robot/sensors_package/src/lidar_ws/install/lslidar_msgs/include/lslidar_msgs/lslidar_msgs/srv/detail/destination_ip__type_support.cpp
[0.654s] -- Up-to-date: /home/tamir/autonomous_robot/sensors_package/src/lidar_ws/install/lslidar_msgs/include/lslidar_msgs/lslidar_msgs/srv/detail/lslidar_control__rosidl_typesupport_introspection_cpp.hpp
[0.654s] -- Up-to-date: /home/tamir/autonomous_robot/sensors_package/src/lidar_ws/install/lslidar_msgs/include/lslidar_msgs/lslidar_msgs/srv/detail/motor_control__type_support.cpp
[0.654s] -- Up-to-date: /home/tamir/autonomous_robot/sensors_package/src/lidar_ws/install/lslidar_msgs/lib/liblslidar_msgs__rosidl_typesupport_introspection_cpp.so
[0.654s] -- Up-to-date: /home/tamir/autonomous_robot/sensors_package/src/lidar_ws/install/lslidar_msgs/lib/liblslidar_msgs__rosidl_typesupport_cpp.so
[0.654s] -- Up-to-date: /home/tamir/autonomous_robot/sensors_package/src/lidar_ws/install/lslidar_msgs/share/lslidar_msgs/environment/pythonpath.sh
[0.654s] -- Up-to-date: /home/tamir/autonomous_robot/sensors_package/src/lidar_ws/install/lslidar_msgs/share/lslidar_msgs/environment/pythonpath.dsv
[0.654s] -- Up-to-date: /home/tamir/autonomous_robot/sensors_package/src/lidar_ws/install/lslidar_msgs/local/lib/python3.10/dist-packages/lslidar_msgs-3.0.1-py3.10.egg-info
[0.654s] -- Installing: /home/tamir/autonomous_robot/sensors_package/src/lidar_ws/install/lslidar_msgs/local/lib/python3.10/dist-packages/lslidar_msgs-3.0.1-py3.10.egg-info/PKG-INFO
[0.654s] -- Installing: /home/tamir/autonomous_robot/sensors_package/src/lidar_ws/install/lslidar_msgs/local/lib/python3.10/dist-packages/lslidar_msgs-3.0.1-py3.10.egg-info/dependency_links.txt
[0.654s] -- Installing: /home/tamir/autonomous_robot/sensors_package/src/lidar_ws/install/lslidar_msgs/local/lib/python3.10/dist-packages/lslidar_msgs-3.0.1-py3.10.egg-info/top_level.txt
[0.654s] -- Installing: /home/tamir/autonomous_robot/sensors_package/src/lidar_ws/install/lslidar_msgs/local/lib/python3.10/dist-packages/lslidar_msgs-3.0.1-py3.10.egg-info/SOURCES.txt
[0.654s] -- Up-to-date: /home/tamir/autonomous_robot/sensors_package/src/lidar_ws/install/lslidar_msgs/local/lib/python3.10/dist-packages/lslidar_msgs
[0.654s] -- Up-to-date: /home/tamir/autonomous_robot/sensors_package/src/lidar_ws/install/lslidar_msgs/local/lib/python3.10/dist-packages/lslidar_msgs/_lslidar_msgs_s.ep.rosidl_typesupport_c.c
[0.654s] -- Up-to-date: /home/tamir/autonomous_robot/sensors_package/src/lidar_ws/install/lslidar_msgs/local/lib/python3.10/dist-packages/lslidar_msgs/msg
[0.654s] -- Up-to-date: /home/tamir/autonomous_robot/sensors_package/src/lidar_ws/install/lslidar_msgs/local/lib/python3.10/dist-packages/lslidar_msgs/msg/_lslidar_packet.py
[0.654s] -- Up-to-date: /home/tamir/autonomous_robot/sensors_package/src/lidar_ws/install/lslidar_msgs/local/lib/python3.10/dist-packages/lslidar_msgs/msg/_lslidar_point_s.c
[0.654s] -- Up-to-date: /home/tamir/autonomous_robot/sensors_package/src/lidar_ws/install/lslidar_msgs/local/lib/python3.10/dist-packages/lslidar_msgs/msg/_lslidar_scan.py
[0.654s] -- Up-to-date: /home/tamir/autonomous_robot/sensors_package/src/lidar_ws/install/lslidar_msgs/local/lib/python3.10/dist-packages/lslidar_msgs/msg/_lslidar_scan_s.c
[0.654s] -- Up-to-date: /home/tamir/autonomous_robot/sensors_package/src/lidar_ws/install/lslidar_msgs/local/lib/python3.10/dist-packages/lslidar_msgs/msg/__init__.py
[0.654s] -- Up-to-date: /home/tamir/autonomous_robot/sensors_package/src/lidar_ws/install/lslidar_msgs/local/lib/python3.10/dist-packages/lslidar_msgs/msg/_lslidar_packet_s.c
[0.654s] -- Up-to-date: /home/tamir/autonomous_robot/sensors_package/src/lidar_ws/install/lslidar_msgs/local/lib/python3.10/dist-packages/lslidar_msgs/msg/_lslidar_point.py
[0.655s] -- Up-to-date: /home/tamir/autonomous_robot/sensors_package/src/lidar_ws/install/lslidar_msgs/local/lib/python3.10/dist-packages/lslidar_msgs/__init__.py
[0.655s] -- Up-to-date: /home/tamir/autonomous_robot/sensors_package/src/lidar_ws/install/lslidar_msgs/local/lib/python3.10/dist-packages/lslidar_msgs/lslidar_msgs_s__rosidl_typesupport_introspection_c.cpython-310-x86_64-linux-gnu.so
[0.655s] -- Up-to-date: /home/tamir/autonomous_robot/sensors_package/src/lidar_ws/install/lslidar_msgs/local/lib/python3.10/dist-packages/lslidar_msgs/lslidar_msgs_s__rosidl_typesupport_c.cpython-310-x86_64-linux-gnu.so
[0.655s] -- Up-to-date: /home/tamir/autonomous_robot/sensors_package/src/lidar_ws/install/lslidar_msgs/local/lib/python3.10/dist-packages/lslidar_msgs/_lslidar_msgs_s.ep.rosidl_typesupport_introspection_c.c
[0.655s] -- Up-to-date: /home/tamir/autonomous_robot/sensors_package/src/lidar_ws/install/lslidar_msgs/local/lib/python3.10/dist-packages/lslidar_msgs/srv
[0.655s] -- Up-to-date: /home/tamir/autonomous_robot/sensors_package/src/lidar_ws/install/lslidar_msgs/local/lib/python3.10/dist-packages/lslidar_msgs/srv/_dev_port_s.c
[0.655s] -- Up-to-date: /home/tamir/autonomous_robot/sensors_package/src/lidar_ws/install/lslidar_msgs/local/lib/python3.10/dist-packages/lslidar_msgs/srv/_data_ip.py
[0.655s] -- Up-to-date: /home/tamir/autonomous_robot/sensors_package/src/lidar_ws/install/lslidar_msgs/local/lib/python3.10/dist-packages/lslidar_msgs/srv/_time_service.py
[0.655s] -- Up-to-date: /home/tamir/autonomous_robot/sensors_package/src/lidar_ws/install/lslidar_msgs/local/lib/python3.10/dist-packages/lslidar_msgs/srv/_motor_speed.py
[0.655s] -- Up-to-date: /home/tamir/autonomous_robot/sensors_package/src/lidar_ws/install/lslidar_msgs/local/lib/python3.10/dist-packages/lslidar_msgs/srv/_destination_ip_s.c
[0.655s] -- Up-to-date: /home/tamir/autonomous_robot/sensors_package/src/lidar_ws/install/lslidar_msgs/local/lib/python3.10/dist-packages/lslidar_msgs/srv/__init__.py
[0.655s] -- Up-to-date: /home/tamir/autonomous_robot/sensors_package/src/lidar_ws/install/lslidar_msgs/local/lib/python3.10/dist-packages/lslidar_msgs/srv/_motor_control_s.c
[0.655s] -- Up-to-date: /home/tamir/autonomous_robot/sensors_package/src/lidar_ws/install/lslidar_msgs/local/lib/python3.10/dist-packages/lslidar_msgs/srv/_lslidar_control.py
[0.655s] -- Up-to-date: /home/tamir/autonomous_robot/sensors_package/src/lidar_ws/install/lslidar_msgs/local/lib/python3.10/dist-packages/lslidar_msgs/srv/_data_port.py
[0.655s] -- Up-to-date: /home/tamir/autonomous_robot/sensors_package/src/lidar_ws/install/lslidar_msgs/local/lib/python3.10/dist-packages/lslidar_msgs/srv/_dev_port.py
[0.655s] -- Up-to-date: /home/tamir/autonomous_robot/sensors_package/src/lidar_ws/install/lslidar_msgs/local/lib/python3.10/dist-packages/lslidar_msgs/srv/_data_ip_s.c
[0.655s] -- Up-to-date: /home/tamir/autonomous_robot/sensors_package/src/lidar_ws/install/lslidar_msgs/local/lib/python3.10/dist-packages/lslidar_msgs/srv/_lslidar_control_s.c
[0.655s] -- Up-to-date: /home/tamir/autonomous_robot/sensors_package/src/lidar_ws/install/lslidar_msgs/local/lib/python3.10/dist-packages/lslidar_msgs/srv/_motor_speed_s.c
[0.655s] -- Up-to-date: /home/tamir/autonomous_robot/sensors_package/src/lidar_ws/install/lslidar_msgs/local/lib/python3.10/dist-packages/lslidar_msgs/srv/_data_port_s.c
[0.655s] -- Up-to-date: /home/tamir/autonomous_robot/sensors_package/src/lidar_ws/install/lslidar_msgs/local/lib/python3.10/dist-packages/lslidar_msgs/srv/_time_service_s.c
[0.655s] -- Up-to-date: /home/tamir/autonomous_robot/sensors_package/src/lidar_ws/install/lslidar_msgs/local/lib/python3.10/dist-packages/lslidar_msgs/srv/_destination_ip.py
[0.655s] -- Up-to-date: /home/tamir/autonomous_robot/sensors_package/src/lidar_ws/install/lslidar_msgs/local/lib/python3.10/dist-packages/lslidar_msgs/srv/_motor_control.py
[0.655s] -- Up-to-date: /home/tamir/autonomous_robot/sensors_package/src/lidar_ws/install/lslidar_msgs/local/lib/python3.10/dist-packages/lslidar_msgs/liblslidar_msgs__rosidl_generator_py.so
[0.655s] -- Up-to-date: /home/tamir/autonomous_robot/sensors_package/src/lidar_ws/install/lslidar_msgs/local/lib/python3.10/dist-packages/lslidar_msgs/lslidar_msgs_s__rosidl_typesupport_fastrtps_c.cpython-310-x86_64-linux-gnu.so
[0.655s] -- Up-to-date: /home/tamir/autonomous_robot/sensors_package/src/lidar_ws/install/lslidar_msgs/local/lib/python3.10/dist-packages/lslidar_msgs/_lslidar_msgs_s.ep.rosidl_typesupport_fastrtps_c.c
[0.678s] Listing '/home/tamir/autonomous_robot/sensors_package/src/lidar_ws/install/lslidar_msgs/local/lib/python3.10/dist-packages/lslidar_msgs'...
[0.678s] Listing '/home/tamir/autonomous_robot/sensors_package/src/lidar_ws/install/lslidar_msgs/local/lib/python3.10/dist-packages/lslidar_msgs/msg'...
[0.678s] Listing '/home/tamir/autonomous_robot/sensors_package/src/lidar_ws/install/lslidar_msgs/local/lib/python3.10/dist-packages/lslidar_msgs/srv'...
[0.681s] -- Up-to-date: /home/tamir/autonomous_robot/sensors_package/src/lidar_ws/install/lslidar_msgs/local/lib/python3.10/dist-packages/lslidar_msgs/lslidar_msgs_s__rosidl_typesupport_fastrtps_c.cpython-310-x86_64-linux-gnu.so
[0.681s] -- Up-to-date: /home/tamir/autonomous_robot/sensors_package/src/lidar_ws/install/lslidar_msgs/local/lib/python3.10/dist-packages/lslidar_msgs/lslidar_msgs_s__rosidl_typesupport_introspection_c.cpython-310-x86_64-linux-gnu.so
[0.682s] -- Up-to-date: /home/tamir/autonomous_robot/sensors_package/src/lidar_ws/install/lslidar_msgs/local/lib/python3.10/dist-packages/lslidar_msgs/lslidar_msgs_s__rosidl_typesupport_c.cpython-310-x86_64-linux-gnu.so
[0.682s] -- Up-to-date: /home/tamir/autonomous_robot/sensors_package/src/lidar_ws/install/lslidar_msgs/lib/liblslidar_msgs__rosidl_generator_py.so
[0.682s] -- Up-to-date: /home/tamir/autonomous_robot/sensors_package/src/lidar_ws/install/lslidar_msgs/share/lslidar_msgs/msg/LslidarPacket.idl
[0.682s] -- Up-to-date: /home/tamir/autonomous_robot/sensors_package/src/lidar_ws/install/lslidar_msgs/share/lslidar_msgs/msg/LslidarPoint.idl
[0.682s] -- Up-to-date: /home/tamir/autonomous_robot/sensors_package/src/lidar_ws/install/lslidar_msgs/share/lslidar_msgs/msg/LslidarScan.idl
[0.682s] -- Up-to-date: /home/tamir/autonomous_robot/sensors_package/src/lidar_ws/install/lslidar_msgs/share/lslidar_msgs/srv/DataIp.idl
[0.682s] -- Up-to-date: /home/tamir/autonomous_robot/sensors_package/src/lidar_ws/install/lslidar_msgs/share/lslidar_msgs/srv/DataPort.idl
[0.682s] -- Up-to-date: /home/tamir/autonomous_robot/sensors_package/src/lidar_ws/install/lslidar_msgs/share/lslidar_msgs/srv/DestinationIp.idl
[0.682s] -- Up-to-date: /home/tamir/autonomous_robot/sensors_package/src/lidar_ws/install/lslidar_msgs/share/lslidar_msgs/srv/DevPort.idl
[0.682s] -- Up-to-date: /home/tamir/autonomous_robot/sensors_package/src/lidar_ws/install/lslidar_msgs/share/lslidar_msgs/srv/LslidarControl.idl
[0.682s] -- Up-to-date: /home/tamir/autonomous_robot/sensors_package/src/lidar_ws/install/lslidar_msgs/share/lslidar_msgs/srv/MotorControl.idl
[0.682s] -- Up-to-date: /home/tamir/autonomous_robot/sensors_package/src/lidar_ws/install/lslidar_msgs/share/lslidar_msgs/srv/MotorSpeed.idl
[0.683s] -- Up-to-date: /home/tamir/autonomous_robot/sensors_package/src/lidar_ws/install/lslidar_msgs/share/lslidar_msgs/srv/TimeService.idl
[0.683s] -- Up-to-date: /home/tamir/autonomous_robot/sensors_package/src/lidar_ws/install/lslidar_msgs/share/lslidar_msgs/msg/LslidarPacket.msg
[0.683s] -- Up-to-date: /home/tamir/autonomous_robot/sensors_package/src/lidar_ws/install/lslidar_msgs/share/lslidar_msgs/msg/LslidarPoint.msg
[0.683s] -- Up-to-date: /home/tamir/autonomous_robot/sensors_package/src/lidar_ws/install/lslidar_msgs/share/lslidar_msgs/msg/LslidarScan.msg
[0.683s] -- Up-to-date: /home/tamir/autonomous_robot/sensors_package/src/lidar_ws/install/lslidar_msgs/share/lslidar_msgs/srv/DataIp.srv
[0.683s] -- Up-to-date: /home/tamir/autonomous_robot/sensors_package/src/lidar_ws/install/lslidar_msgs/share/lslidar_msgs/srv/DataIp_Request.msg
[0.683s] -- Up-to-date: /home/tamir/autonomous_robot/sensors_package/src/lidar_ws/install/lslidar_msgs/share/lslidar_msgs/srv/DataIp_Response.msg
[0.683s] -- Up-to-date: /home/tamir/autonomous_robot/sensors_package/src/lidar_ws/install/lslidar_msgs/share/lslidar_msgs/srv/DataPort.srv
[0.683s] -- Up-to-date: /home/tamir/autonomous_robot/sensors_package/src/lidar_ws/install/lslidar_msgs/share/lslidar_msgs/srv/DataPort_Request.msg
[0.683s] -- Up-to-date: /home/tamir/autonomous_robot/sensors_package/src/lidar_ws/install/lslidar_msgs/share/lslidar_msgs/srv/DataPort_Response.msg
[0.683s] -- Up-to-date: /home/tamir/autonomous_robot/sensors_package/src/lidar_ws/install/lslidar_msgs/share/lslidar_msgs/srv/DestinationIp.srv
[0.683s] -- Up-to-date: /home/tamir/autonomous_robot/sensors_package/src/lidar_ws/install/lslidar_msgs/share/lslidar_msgs/srv/DestinationIp_Request.msg
[0.683s] -- Up-to-date: /home/tamir/autonomous_robot/sensors_package/src/lidar_ws/install/lslidar_msgs/share/lslidar_msgs/srv/DestinationIp_Response.msg
[0.683s] -- Up-to-date: /home/tamir/autonomous_robot/sensors_package/src/lidar_ws/install/lslidar_msgs/share/lslidar_msgs/srv/DevPort.srv
[0.683s] -- Up-to-date: /home/tamir/autonomous_robot/sensors_package/src/lidar_ws/install/lslidar_msgs/share/lslidar_msgs/srv/DevPort_Request.msg
[0.684s] -- Up-to-date: /home/tamir/autonomous_robot/sensors_package/src/lidar_ws/install/lslidar_msgs/share/lslidar_msgs/srv/DevPort_Response.msg
[0.684s] -- Up-to-date: /home/tamir/autonomous_robot/sensors_package/src/lidar_ws/install/lslidar_msgs/share/lslidar_msgs/srv/LslidarControl.srv
[0.684s] -- Up-to-date: /home/tamir/autonomous_robot/sensors_package/src/lidar_ws/install/lslidar_msgs/share/lslidar_msgs/srv/LslidarControl_Request.msg
[0.684s] -- Up-to-date: /home/tamir/autonomous_robot/sensors_package/src/lidar_ws/install/lslidar_msgs/share/lslidar_msgs/srv/LslidarControl_Response.msg
[0.684s] -- Up-to-date: /home/tamir/autonomous_robot/sensors_package/src/lidar_ws/install/lslidar_msgs/share/lslidar_msgs/srv/MotorControl.srv
[0.684s] -- Up-to-date: /home/tamir/autonomous_robot/sensors_package/src/lidar_ws/install/lslidar_msgs/share/lslidar_msgs/srv/MotorControl_Request.msg
[0.684s] -- Up-to-date: /home/tamir/autonomous_robot/sensors_package/src/lidar_ws/install/lslidar_msgs/share/lslidar_msgs/srv/MotorControl_Response.msg
[0.684s] -- Up-to-date: /home/tamir/autonomous_robot/sensors_package/src/lidar_ws/install/lslidar_msgs/share/lslidar_msgs/srv/MotorSpeed.srv
[0.684s] -- Up-to-date: /home/tamir/autonomous_robot/sensors_package/src/lidar_ws/install/lslidar_msgs/share/lslidar_msgs/srv/MotorSpeed_Request.msg
[0.684s] -- Up-to-date: /home/tamir/autonomous_robot/sensors_package/src/lidar_ws/install/lslidar_msgs/share/lslidar_msgs/srv/MotorSpeed_Response.msg
[0.684s] -- Up-to-date: /home/tamir/autonomous_robot/sensors_package/src/lidar_ws/install/lslidar_msgs/share/lslidar_msgs/srv/TimeService.srv
[0.684s] -- Up-to-date: /home/tamir/autonomous_robot/sensors_package/src/lidar_ws/install/lslidar_msgs/share/lslidar_msgs/srv/TimeService_Request.msg
[0.684s] -- Up-to-date: /home/tamir/autonomous_robot/sensors_package/src/lidar_ws/install/lslidar_msgs/share/lslidar_msgs/srv/TimeService_Response.msg
[0.684s] -- Up-to-date: /home/tamir/autonomous_robot/sensors_package/src/lidar_ws/install/lslidar_msgs/share/ament_index/resource_index/package_run_dependencies/lslidar_msgs
[0.684s] -- Up-to-date: /home/tamir/autonomous_robot/sensors_package/src/lidar_ws/install/lslidar_msgs/share/ament_index/resource_index/parent_prefix_path/lslidar_msgs
[0.684s] -- Up-to-date: /home/tamir/autonomous_robot/sensors_package/src/lidar_ws/install/lslidar_msgs/share/lslidar_msgs/environment/ament_prefix_path.sh
[0.684s] -- Up-to-date: /home/tamir/autonomous_robot/sensors_package/src/lidar_ws/install/lslidar_msgs/share/lslidar_msgs/environment/ament_prefix_path.dsv
[0.685s] -- Up-to-date: /home/tamir/autonomous_robot/sensors_package/src/lidar_ws/install/lslidar_msgs/share/lslidar_msgs/environment/path.sh
[0.685s] -- Up-to-date: /home/tamir/autonomous_robot/sensors_package/src/lidar_ws/install/lslidar_msgs/share/lslidar_msgs/environment/path.dsv
[0.685s] -- Up-to-date: /home/tamir/autonomous_robot/sensors_package/src/lidar_ws/install/lslidar_msgs/share/lslidar_msgs/local_setup.bash
[0.685s] -- Up-to-date: /home/tamir/autonomous_robot/sensors_package/src/lidar_ws/install/lslidar_msgs/share/lslidar_msgs/local_setup.sh
[0.685s] -- Up-to-date: /home/tamir/autonomous_robot/sensors_package/src/lidar_ws/install/lslidar_msgs/share/lslidar_msgs/local_setup.zsh
[0.685s] -- Up-to-date: /home/tamir/autonomous_robot/sensors_package/src/lidar_ws/install/lslidar_msgs/share/lslidar_msgs/local_setup.dsv
[0.685s] -- Installing: /home/tamir/autonomous_robot/sensors_package/src/lidar_ws/install/lslidar_msgs/share/lslidar_msgs/package.dsv
[0.685s] -- Up-to-date: /home/tamir/autonomous_robot/sensors_package/src/lidar_ws/install/lslidar_msgs/share/ament_index/resource_index/packages/lslidar_msgs
[0.685s] -- Up-to-date: /home/tamir/autonomous_robot/sensors_package/src/lidar_ws/install/lslidar_msgs/share/lslidar_msgs/cmake/export_lslidar_msgs__rosidl_generator_cExport.cmake
[0.685s] -- Up-to-date: /home/tamir/autonomous_robot/sensors_package/src/lidar_ws/install/lslidar_msgs/share/lslidar_msgs/cmake/export_lslidar_msgs__rosidl_generator_cExport-noconfig.cmake
[0.685s] -- Up-to-date: /home/tamir/autonomous_robot/sensors_package/src/lidar_ws/install/lslidar_msgs/share/lslidar_msgs/cmake/export_lslidar_msgs__rosidl_typesupport_fastrtps_cExport.cmake
[0.685s] -- Up-to-date: /home/tamir/autonomous_robot/sensors_package/src/lidar_ws/install/lslidar_msgs/share/lslidar_msgs/cmake/export_lslidar_msgs__rosidl_typesupport_fastrtps_cExport-noconfig.cmake
[0.685s] -- Up-to-date: /home/tamir/autonomous_robot/sensors_package/src/lidar_ws/install/lslidar_msgs/share/lslidar_msgs/cmake/export_lslidar_msgs__rosidl_generator_cppExport.cmake
[0.685s] -- Up-to-date: /home/tamir/autonomous_robot/sensors_package/src/lidar_ws/install/lslidar_msgs/share/lslidar_msgs/cmake/export_lslidar_msgs__rosidl_typesupport_fastrtps_cppExport.cmake
[0.685s] -- Up-to-date: /home/tamir/autonomous_robot/sensors_package/src/lidar_ws/install/lslidar_msgs/share/lslidar_msgs/cmake/export_lslidar_msgs__rosidl_typesupport_fastrtps_cppExport-noconfig.cmake
[0.685s] -- Up-to-date: /home/tamir/autonomous_robot/sensors_package/src/lidar_ws/install/lslidar_msgs/share/lslidar_msgs/cmake/lslidar_msgs__rosidl_typesupport_introspection_cExport.cmake
[0.685s] -- Up-to-date: /home/tamir/autonomous_robot/sensors_package/src/lidar_ws/install/lslidar_msgs/share/lslidar_msgs/cmake/lslidar_msgs__rosidl_typesupport_introspection_cExport-noconfig.cmake
[0.686s] -- Up-to-date: /home/tamir/autonomous_robot/sensors_package/src/lidar_ws/install/lslidar_msgs/share/lslidar_msgs/cmake/lslidar_msgs__rosidl_typesupport_cExport.cmake
[0.686s] -- Up-to-date: /home/tamir/autonomous_robot/sensors_package/src/lidar_ws/install/lslidar_msgs/share/lslidar_msgs/cmake/lslidar_msgs__rosidl_typesupport_cExport-noconfig.cmake
[0.686s] -- Up-to-date: /home/tamir/autonomous_robot/sensors_package/src/lidar_ws/install/lslidar_msgs/share/lslidar_msgs/cmake/lslidar_msgs__rosidl_typesupport_introspection_cppExport.cmake
[0.686s] -- Up-to-date: /home/tamir/autonomous_robot/sensors_package/src/lidar_ws/install/lslidar_msgs/share/lslidar_msgs/cmake/lslidar_msgs__rosidl_typesupport_introspection_cppExport-noconfig.cmake
[0.686s] -- Up-to-date: /home/tamir/autonomous_robot/sensors_package/src/lidar_ws/install/lslidar_msgs/share/lslidar_msgs/cmake/lslidar_msgs__rosidl_typesupport_cppExport.cmake
[0.686s] -- Up-to-date: /home/tamir/autonomous_robot/sensors_package/src/lidar_ws/install/lslidar_msgs/share/lslidar_msgs/cmake/lslidar_msgs__rosidl_typesupport_cppExport-noconfig.cmake
[0.686s] -- Up-to-date: /home/tamir/autonomous_robot/sensors_package/src/lidar_ws/install/lslidar_msgs/share/lslidar_msgs/cmake/export_lslidar_msgs__rosidl_generator_pyExport.cmake
[0.686s] -- Up-to-date: /home/tamir/autonomous_robot/sensors_package/src/lidar_ws/install/lslidar_msgs/share/lslidar_msgs/cmake/export_lslidar_msgs__rosidl_generator_pyExport-noconfig.cmake
[0.686s] -- Up-to-date: /home/tamir/autonomous_robot/sensors_package/src/lidar_ws/install/lslidar_msgs/share/lslidar_msgs/cmake/rosidl_cmake-extras.cmake
[0.686s] -- Up-to-date: /home/tamir/autonomous_robot/sensors_package/src/lidar_ws/install/lslidar_msgs/share/lslidar_msgs/cmake/ament_cmake_export_dependencies-extras.cmake
[0.686s] -- Up-to-date: /home/tamir/autonomous_robot/sensors_package/src/lidar_ws/install/lslidar_msgs/share/lslidar_msgs/cmake/ament_cmake_export_include_directories-extras.cmake
[0.686s] -- Up-to-date: /home/tamir/autonomous_robot/sensors_package/src/lidar_ws/install/lslidar_msgs/share/lslidar_msgs/cmake/ament_cmake_export_libraries-extras.cmake
[0.686s] -- Up-to-date: /home/tamir/autonomous_robot/sensors_package/src/lidar_ws/install/lslidar_msgs/share/lslidar_msgs/cmake/ament_cmake_export_targets-extras.cmake
[0.686s] -- Up-to-date: /home/tamir/autonomous_robot/sensors_package/src/lidar_ws/install/lslidar_msgs/share/lslidar_msgs/cmake/rosidl_cmake_export_typesupport_targets-extras.cmake
[0.686s] -- Up-to-date: /home/tamir/autonomous_robot/sensors_package/src/lidar_ws/install/lslidar_msgs/share/lslidar_msgs/cmake/rosidl_cmake_export_typesupport_libraries-extras.cmake
[0.686s] -- Up-to-date: /home/tamir/autonomous_robot/sensors_package/src/lidar_ws/install/lslidar_msgs/share/lslidar_msgs/cmake/lslidar_msgsConfig.cmake
[0.686s] -- Up-to-date: /home/tamir/autonomous_robot/sensors_package/src/lidar_ws/install/lslidar_msgs/share/lslidar_msgs/cmake/lslidar_msgsConfig-version.cmake
[0.687s] -- Up-to-date: /home/tamir/autonomous_robot/sensors_package/src/lidar_ws/install/lslidar_msgs/share/lslidar_msgs/package.xml
[0.689s] Invoked command in '/home/tamir/autonomous_robot/sensors_package/src/lidar_ws/build/lslidar_msgs' returned '0': CMAKE_PREFIX_PATH=${CMAKE_PREFIX_PATH}:/home/tamir/ros2_ws/install/turtle_spawner:/home/tamir/ros2_ws/install/turtle_controller:/home/tamir/ros2_ws/install/my_py_pkg:/home/tamir/install/calc_odom:/opt/ros/humble /usr/bin/cmake --install /home/tamir/autonomous_robot/sensors_package/src/lidar_ws/build/lslidar_msgs
