[0.009s] Invoking command in '/home/tamir/autonomous_robot/sensors_package/src/lidar_ws/build/lslidar_msgs': CMAKE_PREFIX_PATH=${CMAKE_PREFIX_PATH}:/home/tamir/ros2_ws/install/turtle_spawner:/home/tamir/ros2_ws/install/turtle_controller:/home/tamir/ros2_ws/install/my_py_pkg:/home/tamir/install/calc_odom:/opt/ros/humble /usr/bin/cmake /home/tamir/autonomous_robot/sensors_package/src/lidar_ws/src/Lslidar_ROS2_driver/lslidar_msgs -DCMAKE_INSTALL_PREFIX=/home/tamir/autonomous_robot/sensors_package/src/lidar_ws/install/lslidar_msgs
[0.066s] -- The C compiler identification is GNU 11.4.0
[0.106s] -- The CXX compiler identification is GNU 11.4.0
[0.111s] -- Detecting C compiler ABI info
[0.186s] -- Detecting C compiler ABI info - done
[0.193s] -- Check for working C compiler: /usr/bin/cc - skipped
[0.193s] -- Detecting C compile features
[0.193s] -- Detecting C compile features - done
[0.195s] -- Detecting CXX compiler ABI info
[0.284s] -- Detecting CXX compiler ABI info - done
[0.293s] -- Check for working CXX compiler: /usr/bin/c++ - skipped
[0.293s] -- Detecting CXX compile features
[0.294s] -- Detecting CXX compile features - done
[0.297s] -- Found ament_cmake: 1.3.10 (/opt/ros/humble/share/ament_cmake/cmake)
[0.435s] -- Found Python3: /usr/bin/python3 (found version "3.10.12") found components: Interpreter 
[0.508s] -- Found std_msgs: 4.2.4 (/opt/ros/humble/share/std_msgs/cmake)
[0.537s] -- Found rosidl_generator_c: 3.1.5 (/opt/ros/humble/share/rosidl_generator_c/cmake)
[0.542s] -- Found rosidl_adapter: 3.1.5 (/opt/ros/humble/share/rosidl_adapter/cmake)
[0.549s] -- Found rosidl_generator_cpp: 3.1.5 (/opt/ros/humble/share/rosidl_generator_cpp/cmake)
[0.559s] -- Using all available rosidl_typesupport_c: rosidl_typesupport_fastrtps_c;rosidl_typesupport_introspection_c
[0.572s] -- Using all available rosidl_typesupport_cpp: rosidl_typesupport_fastrtps_cpp;rosidl_typesupport_introspection_cpp
[0.591s] -- Found sensor_msgs: 4.2.4 (/opt/ros/humble/share/sensor_msgs/cmake)
[0.621s] -- Found rosidl_default_generators: 1.2.0 (/opt/ros/humble/share/rosidl_default_generators/cmake)
[0.631s] -- Found ament_lint_auto: 0.12.11 (/opt/ros/humble/share/ament_lint_auto/cmake)
[0.935s] -- Found ament_cmake_ros: 0.10.0 (/opt/ros/humble/share/ament_cmake_ros/cmake)
[1.291s] -- Using all available rosidl_typesupport_c: rosidl_typesupport_fastrtps_c;rosidl_typesupport_introspection_c
[1.420s] -- Using all available rosidl_typesupport_cpp: rosidl_typesupport_fastrtps_cpp;rosidl_typesupport_introspection_cpp
[1.441s] -- Found PythonInterp: /usr/bin/python3 (found suitable version "3.10.12", minimum required is "3.6") 
[1.443s] -- Found python_cmake_module: 0.10.0 (/opt/ros/humble/share/python_cmake_module/cmake)
[1.467s] -- Found PythonLibs: /usr/lib/x86_64-linux-gnu/libpython3.10.so (found suitable version "3.10.12", minimum required is "3.5") 
[1.467s] -- Using PYTHON_EXECUTABLE: /usr/bin/python3
[1.468s] -- Using PYTHON_INCLUDE_DIRS: /usr/include/python3.10
[1.468s] -- Using PYTHON_LIBRARIES: /usr/lib/x86_64-linux-gnu/libpython3.10.so
[1.491s] -- Found PythonExtra: .so  
[1.550s] -- Added test 'copyright' to check source files copyright and LICENSE
[1.551s] -- Added test 'lint_cmake' to check CMake code style
[1.552s] -- Added test 'xmllint' to check XML markup files
[1.556s] -- Configuring done
[1.588s] -- Generating done
[1.590s] -- Build files have been written to: /home/tamir/autonomous_robot/sensors_package/src/lidar_ws/build/lslidar_msgs
[1.597s] Invoked command in '/home/tamir/autonomous_robot/sensors_package/src/lidar_ws/build/lslidar_msgs' returned '0': CMAKE_PREFIX_PATH=${CMAKE_PREFIX_PATH}:/home/tamir/ros2_ws/install/turtle_spawner:/home/tamir/ros2_ws/install/turtle_controller:/home/tamir/ros2_ws/install/my_py_pkg:/home/tamir/install/calc_odom:/opt/ros/humble /usr/bin/cmake /home/tamir/autonomous_robot/sensors_package/src/lidar_ws/src/Lslidar_ROS2_driver/lslidar_msgs -DCMAKE_INSTALL_PREFIX=/home/tamir/autonomous_robot/sensors_package/src/lidar_ws/install/lslidar_msgs
[1.598s] Invoking command in '/home/tamir/autonomous_robot/sensors_package/src/lidar_ws/build/lslidar_msgs': CMAKE_PREFIX_PATH=${CMAKE_PREFIX_PATH}:/home/tamir/ros2_ws/install/turtle_spawner:/home/tamir/ros2_ws/install/turtle_controller:/home/tamir/ros2_ws/install/my_py_pkg:/home/tamir/install/calc_odom:/opt/ros/humble /usr/bin/cmake --build /home/tamir/autonomous_robot/sensors_package/src/lidar_ws/build/lslidar_msgs -- -j12 -l12
[1.647s] [  1%] [34m[1mGenerating C code for ROS interfaces[0m
[1.657s] [  1%] [34m[1mGenerating C++ code for ROS interfaces[0m
[1.664s] [  1%] Built target ament_cmake_python_copy_lslidar_msgs
[1.829s] running egg_info
[1.829s] creating lslidar_msgs.egg-info
[1.829s] writing lslidar_msgs.egg-info/PKG-INFO
[1.830s] writing dependency_links to lslidar_msgs.egg-info/dependency_links.txt
[1.830s] writing top-level names to lslidar_msgs.egg-info/top_level.txt
[1.830s] writing manifest file 'lslidar_msgs.egg-info/SOURCES.txt'
[1.831s] reading manifest file 'lslidar_msgs.egg-info/SOURCES.txt'
[1.831s] writing manifest file 'lslidar_msgs.egg-info/SOURCES.txt'
[1.853s] [  1%] Built target ament_cmake_python_build_lslidar_msgs_egg
[2.258s] [  1%] Built target lslidar_msgs__cpp
[2.270s] [  2%] [34m[1mGenerating C++ type support dispatch for ROS interfaces[0m
[2.271s] [  2%] [34m[1mGenerating C++ type support for eProsima Fast-RTPS[0m
[2.272s] [  3%] [34m[1mGenerating C++ introspection for ROS interfaces[0m
[2.307s] [  6%] [32mBuilding C object CMakeFiles/lslidar_msgs__rosidl_generator_c.dir/rosidl_generator_c/lslidar_msgs/srv/detail/destination_ip__functions.c.o[0m
[2.307s] [  6%] [32mBuilding C object CMakeFiles/lslidar_msgs__rosidl_generator_c.dir/rosidl_generator_c/lslidar_msgs/srv/detail/dev_port__functions.c.o[0m
[2.308s] [  6%] [32mBuilding C object CMakeFiles/lslidar_msgs__rosidl_generator_c.dir/rosidl_generator_c/lslidar_msgs/msg/detail/lslidar_scan__functions.c.o[0m
[2.308s] [  9%] [32mBuilding C object CMakeFiles/lslidar_msgs__rosidl_generator_c.dir/rosidl_generator_c/lslidar_msgs/srv/detail/data_port__functions.c.o[0m
[2.308s] [  9%] [32mBuilding C object CMakeFiles/lslidar_msgs__rosidl_generator_c.dir/rosidl_generator_c/lslidar_msgs/msg/detail/lslidar_point__functions.c.o[0m
[2.308s] [  9%] [32mBuilding C object CMakeFiles/lslidar_msgs__rosidl_generator_c.dir/rosidl_generator_c/lslidar_msgs/msg/detail/lslidar_packet__functions.c.o[0m
[2.309s] [ 10%] [32mBuilding C object CMakeFiles/lslidar_msgs__rosidl_generator_c.dir/rosidl_generator_c/lslidar_msgs/srv/detail/data_ip__functions.c.o[0m
[2.310s] [ 10%] [32mBuilding C object CMakeFiles/lslidar_msgs__rosidl_generator_c.dir/rosidl_generator_c/lslidar_msgs/srv/detail/lslidar_control__functions.c.o[0m
[2.312s] [ 11%] [32mBuilding C object CMakeFiles/lslidar_msgs__rosidl_generator_c.dir/rosidl_generator_c/lslidar_msgs/srv/detail/motor_control__functions.c.o[0m
[2.359s] [ 13%] [32mBuilding C object CMakeFiles/lslidar_msgs__rosidl_generator_c.dir/rosidl_generator_c/lslidar_msgs/srv/detail/motor_speed__functions.c.o[0m
[2.360s] [ 13%] [32mBuilding C object CMakeFiles/lslidar_msgs__rosidl_generator_c.dir/rosidl_generator_c/lslidar_msgs/srv/detail/time_service__functions.c.o[0m
[2.402s] [ 14%] [32m[1mLinking C shared library liblslidar_msgs__rosidl_generator_c.so[0m
[2.437s] [ 14%] Built target lslidar_msgs__rosidl_generator_c
[2.446s] [ 16%] [34m[1mGenerating C type support for eProsima Fast-RTPS[0m
[2.446s] [ 16%] [34m[1mGenerating C introspection for ROS interfaces[0m
[2.449s] [ 17%] [34m[1mGenerating C type support dispatch for ROS interfaces[0m
[2.760s] [ 18%] [32mBuilding CXX object CMakeFiles/lslidar_msgs__rosidl_typesupport_cpp.dir/rosidl_typesupport_cpp/lslidar_msgs/msg/lslidar_packet__type_support.cpp.o[0m
[2.760s] [ 21%] [32mBuilding CXX object CMakeFiles/lslidar_msgs__rosidl_typesupport_cpp.dir/rosidl_typesupport_cpp/lslidar_msgs/msg/lslidar_scan__type_support.cpp.o[0m
[2.760s] [ 21%] [32mBuilding CXX object CMakeFiles/lslidar_msgs__rosidl_typesupport_cpp.dir/rosidl_typesupport_cpp/lslidar_msgs/srv/destination_ip__type_support.cpp.o[0m
[2.760s] [ 21%] [32mBuilding CXX object CMakeFiles/lslidar_msgs__rosidl_typesupport_cpp.dir/rosidl_typesupport_cpp/lslidar_msgs/srv/data_port__type_support.cpp.o[0m
[2.760s] [ 22%] [32mBuilding CXX object CMakeFiles/lslidar_msgs__rosidl_typesupport_cpp.dir/rosidl_typesupport_cpp/lslidar_msgs/msg/lslidar_point__type_support.cpp.o[0m
[2.760s] [ 24%] [32mBuilding CXX object CMakeFiles/lslidar_msgs__rosidl_typesupport_cpp.dir/rosidl_typesupport_cpp/lslidar_msgs/srv/data_ip__type_support.cpp.o[0m
[2.761s] [ 24%] [32mBuilding CXX object CMakeFiles/lslidar_msgs__rosidl_typesupport_cpp.dir/rosidl_typesupport_cpp/lslidar_msgs/srv/dev_port__type_support.cpp.o[0m
[2.953s] [ 25%] [32mBuilding CXX object CMakeFiles/lslidar_msgs__rosidl_typesupport_c.dir/rosidl_typesupport_c/lslidar_msgs/msg/lslidar_packet__type_support.cpp.o[0m
[2.988s] [ 26%] [32mBuilding CXX object CMakeFiles/lslidar_msgs__rosidl_typesupport_introspection_cpp.dir/rosidl_typesupport_introspection_cpp/lslidar_msgs/msg/detail/lslidar_packet__type_support.cpp.o[0m
[2.990s] [ 27%] [32mBuilding CXX object CMakeFiles/lslidar_msgs__rosidl_typesupport_c.dir/rosidl_typesupport_c/lslidar_msgs/msg/lslidar_point__type_support.cpp.o[0m
[3.026s] [ 27%] [32mBuilding CXX object CMakeFiles/lslidar_msgs__rosidl_typesupport_c.dir/rosidl_typesupport_c/lslidar_msgs/msg/lslidar_scan__type_support.cpp.o[0m
[3.037s] [ 28%] [32mBuilding CXX object CMakeFiles/lslidar_msgs__rosidl_typesupport_c.dir/rosidl_typesupport_c/lslidar_msgs/srv/data_ip__type_support.cpp.o[0m
[3.042s] [ 29%] [32mBuilding CXX object CMakeFiles/lslidar_msgs__rosidl_typesupport_c.dir/rosidl_typesupport_c/lslidar_msgs/srv/data_port__type_support.cpp.o[0m
[3.051s] [ 29%] [32mBuilding CXX object CMakeFiles/lslidar_msgs__rosidl_typesupport_introspection_cpp.dir/rosidl_typesupport_introspection_cpp/lslidar_msgs/msg/detail/lslidar_point__type_support.cpp.o[0m
[3.056s] [ 30%] [32mBuilding CXX object CMakeFiles/lslidar_msgs__rosidl_typesupport_c.dir/rosidl_typesupport_c/lslidar_msgs/srv/destination_ip__type_support.cpp.o[0m
[3.063s] [ 30%] [32mBuilding CXX object CMakeFiles/lslidar_msgs__rosidl_typesupport_cpp.dir/rosidl_typesupport_cpp/lslidar_msgs/srv/lslidar_control__type_support.cpp.o[0m
[3.064s] [ 31%] [32mBuilding CXX object CMakeFiles/lslidar_msgs__rosidl_typesupport_introspection_cpp.dir/rosidl_typesupport_introspection_cpp/lslidar_msgs/msg/detail/lslidar_scan__type_support.cpp.o[0m
[3.076s] [ 32%] [32mBuilding CXX object CMakeFiles/lslidar_msgs__rosidl_typesupport_cpp.dir/rosidl_typesupport_cpp/lslidar_msgs/srv/motor_control__type_support.cpp.o[0m
[3.081s] [ 33%] [32mBuilding CXX object CMakeFiles/lslidar_msgs__rosidl_typesupport_cpp.dir/rosidl_typesupport_cpp/lslidar_msgs/srv/motor_speed__type_support.cpp.o[0m
[3.093s] [ 34%] [32mBuilding CXX object CMakeFiles/lslidar_msgs__rosidl_typesupport_c.dir/rosidl_typesupport_c/lslidar_msgs/srv/dev_port__type_support.cpp.o[0m
[3.099s] [ 35%] [32mBuilding CXX object CMakeFiles/lslidar_msgs__rosidl_typesupport_cpp.dir/rosidl_typesupport_cpp/lslidar_msgs/srv/time_service__type_support.cpp.o[0m
[3.100s] [ 36%] [32mBuilding CXX object CMakeFiles/lslidar_msgs__rosidl_typesupport_c.dir/rosidl_typesupport_c/lslidar_msgs/srv/lslidar_control__type_support.cpp.o[0m
[3.132s] [ 37%] [32mBuilding CXX object CMakeFiles/lslidar_msgs__rosidl_typesupport_c.dir/rosidl_typesupport_c/lslidar_msgs/srv/motor_control__type_support.cpp.o[0m
[3.150s] [ 38%] [32mBuilding CXX object CMakeFiles/lslidar_msgs__rosidl_typesupport_introspection_cpp.dir/rosidl_typesupport_introspection_cpp/lslidar_msgs/srv/detail/data_ip__type_support.cpp.o[0m
[3.165s] [ 39%] [32mBuilding CXX object CMakeFiles/lslidar_msgs__rosidl_typesupport_c.dir/rosidl_typesupport_c/lslidar_msgs/srv/motor_speed__type_support.cpp.o[0m
[3.199s] [ 40%] [32mBuilding CXX object CMakeFiles/lslidar_msgs__rosidl_typesupport_c.dir/rosidl_typesupport_c/lslidar_msgs/srv/time_service__type_support.cpp.o[0m
[3.234s] [ 41%] [32m[1mLinking CXX shared library liblslidar_msgs__rosidl_typesupport_c.so[0m
[3.278s] [ 42%] [32mBuilding CXX object CMakeFiles/lslidar_msgs__rosidl_typesupport_fastrtps_cpp.dir/rosidl_typesupport_fastrtps_cpp/lslidar_msgs/msg/detail/dds_fastrtps/lslidar_packet__type_support.cpp.o[0m
[3.295s] [ 42%] Built target lslidar_msgs__rosidl_typesupport_c
[3.308s] [ 43%] [32mBuilding CXX object CMakeFiles/lslidar_msgs__rosidl_typesupport_fastrtps_cpp.dir/rosidl_typesupport_fastrtps_cpp/lslidar_msgs/msg/detail/dds_fastrtps/lslidar_point__type_support.cpp.o[0m
[3.326s] [ 44%] [32mBuilding CXX object CMakeFiles/lslidar_msgs__rosidl_typesupport_fastrtps_c.dir/rosidl_typesupport_fastrtps_c/lslidar_msgs/msg/detail/lslidar_packet__type_support_c.cpp.o[0m
[3.366s] [ 46%] [32mBuilding CXX object CMakeFiles/lslidar_msgs__rosidl_typesupport_introspection_cpp.dir/rosidl_typesupport_introspection_cpp/lslidar_msgs/srv/detail/data_port__type_support.cpp.o[0m
[3.366s] [ 46%] [32mBuilding CXX object CMakeFiles/lslidar_msgs__rosidl_typesupport_fastrtps_cpp.dir/rosidl_typesupport_fastrtps_cpp/lslidar_msgs/msg/detail/dds_fastrtps/lslidar_scan__type_support.cpp.o[0m
[3.416s] [ 47%] [32mBuilding CXX object CMakeFiles/lslidar_msgs__rosidl_typesupport_fastrtps_cpp.dir/rosidl_typesupport_fastrtps_cpp/lslidar_msgs/srv/detail/dds_fastrtps/data_ip__type_support.cpp.o[0m
[3.432s] [ 48%] [32m[1mLinking CXX shared library liblslidar_msgs__rosidl_typesupport_cpp.so[0m
[3.479s] [ 49%] [32mBuilding CXX object CMakeFiles/lslidar_msgs__rosidl_typesupport_fastrtps_cpp.dir/rosidl_typesupport_fastrtps_cpp/lslidar_msgs/srv/detail/dds_fastrtps/data_port__type_support.cpp.o[0m
[3.514s] [ 50%] [32mBuilding CXX object CMakeFiles/lslidar_msgs__rosidl_typesupport_fastrtps_c.dir/rosidl_typesupport_fastrtps_c/lslidar_msgs/msg/detail/lslidar_point__type_support_c.cpp.o[0m
[3.514s] [ 50%] Built target lslidar_msgs__rosidl_typesupport_cpp
[3.528s] [ 51%] [32mBuilding CXX object CMakeFiles/lslidar_msgs__rosidl_typesupport_fastrtps_cpp.dir/rosidl_typesupport_fastrtps_cpp/lslidar_msgs/srv/detail/dds_fastrtps/destination_ip__type_support.cpp.o[0m
[3.610s] [ 52%] [32mBuilding C object CMakeFiles/lslidar_msgs__rosidl_typesupport_introspection_c.dir/rosidl_typesupport_introspection_c/lslidar_msgs/msg/detail/lslidar_packet__type_support.c.o[0m
[3.642s] [ 53%] [32mBuilding CXX object CMakeFiles/lslidar_msgs__rosidl_typesupport_fastrtps_cpp.dir/rosidl_typesupport_fastrtps_cpp/lslidar_msgs/srv/detail/dds_fastrtps/dev_port__type_support.cpp.o[0m
[3.662s] [ 54%] [32mBuilding C object CMakeFiles/lslidar_msgs__rosidl_typesupport_introspection_c.dir/rosidl_typesupport_introspection_c/lslidar_msgs/msg/detail/lslidar_point__type_support.c.o[0m
[3.674s] [ 55%] [32mBuilding CXX object CMakeFiles/lslidar_msgs__rosidl_typesupport_introspection_cpp.dir/rosidl_typesupport_introspection_cpp/lslidar_msgs/srv/detail/destination_ip__type_support.cpp.o[0m
[3.695s] [ 56%] [32mBuilding C object CMakeFiles/lslidar_msgs__rosidl_typesupport_introspection_c.dir/rosidl_typesupport_introspection_c/lslidar_msgs/msg/detail/lslidar_scan__type_support.c.o[0m
[3.706s] [ 57%] [32mBuilding CXX object CMakeFiles/lslidar_msgs__rosidl_typesupport_fastrtps_c.dir/rosidl_typesupport_fastrtps_c/lslidar_msgs/msg/detail/lslidar_scan__type_support_c.cpp.o[0m
[3.736s] [ 58%] [32mBuilding C object CMakeFiles/lslidar_msgs__rosidl_typesupport_introspection_c.dir/rosidl_typesupport_introspection_c/lslidar_msgs/srv/detail/data_ip__type_support.c.o[0m
[3.767s] [ 59%] [32mBuilding CXX object CMakeFiles/lslidar_msgs__rosidl_typesupport_introspection_cpp.dir/rosidl_typesupport_introspection_cpp/lslidar_msgs/srv/detail/dev_port__type_support.cpp.o[0m
[3.779s] [ 60%] [32mBuilding C object CMakeFiles/lslidar_msgs__rosidl_typesupport_introspection_c.dir/rosidl_typesupport_introspection_c/lslidar_msgs/srv/detail/data_port__type_support.c.o[0m
[3.783s] [ 61%] [32mBuilding CXX object CMakeFiles/lslidar_msgs__rosidl_typesupport_fastrtps_c.dir/rosidl_typesupport_fastrtps_c/lslidar_msgs/srv/detail/data_ip__type_support_c.cpp.o[0m
[3.805s] [ 62%] [32mBuilding CXX object CMakeFiles/lslidar_msgs__rosidl_typesupport_fastrtps_cpp.dir/rosidl_typesupport_fastrtps_cpp/lslidar_msgs/srv/detail/dds_fastrtps/lslidar_control__type_support.cpp.o[0m
[3.815s] [ 63%] [32mBuilding CXX object CMakeFiles/lslidar_msgs__rosidl_typesupport_introspection_cpp.dir/rosidl_typesupport_introspection_cpp/lslidar_msgs/srv/detail/lslidar_control__type_support.cpp.o[0m
[3.824s] [ 64%] [32mBuilding C object CMakeFiles/lslidar_msgs__rosidl_typesupport_introspection_c.dir/rosidl_typesupport_introspection_c/lslidar_msgs/srv/detail/destination_ip__type_support.c.o[0m
[3.851s] [ 64%] [32mBuilding CXX object CMakeFiles/lslidar_msgs__rosidl_typesupport_fastrtps_c.dir/rosidl_typesupport_fastrtps_c/lslidar_msgs/srv/detail/data_port__type_support_c.cpp.o[0m
[3.867s] [ 64%] [32mBuilding C object CMakeFiles/lslidar_msgs__rosidl_typesupport_introspection_c.dir/rosidl_typesupport_introspection_c/lslidar_msgs/srv/detail/dev_port__type_support.c.o[0m
[3.911s] [ 65%] [32mBuilding C object CMakeFiles/lslidar_msgs__rosidl_typesupport_introspection_c.dir/rosidl_typesupport_introspection_c/lslidar_msgs/srv/detail/lslidar_control__type_support.c.o[0m
[3.945s] [ 66%] [32mBuilding C object CMakeFiles/lslidar_msgs__rosidl_typesupport_introspection_c.dir/rosidl_typesupport_introspection_c/lslidar_msgs/srv/detail/motor_control__type_support.c.o[0m
[3.963s] [ 67%] [32mBuilding C object CMakeFiles/lslidar_msgs__rosidl_typesupport_introspection_c.dir/rosidl_typesupport_introspection_c/lslidar_msgs/srv/detail/motor_speed__type_support.c.o[0m
[3.968s] [ 68%] [32mBuilding CXX object CMakeFiles/lslidar_msgs__rosidl_typesupport_introspection_cpp.dir/rosidl_typesupport_introspection_cpp/lslidar_msgs/srv/detail/motor_control__type_support.cpp.o[0m
[3.991s] [ 69%] [32mBuilding C object CMakeFiles/lslidar_msgs__rosidl_typesupport_introspection_c.dir/rosidl_typesupport_introspection_c/lslidar_msgs/srv/detail/time_service__type_support.c.o[0m
[4.006s] [ 70%] [32mBuilding CXX object CMakeFiles/lslidar_msgs__rosidl_typesupport_fastrtps_c.dir/rosidl_typesupport_fastrtps_c/lslidar_msgs/srv/detail/destination_ip__type_support_c.cpp.o[0m
[4.035s] [ 71%] [32m[1mLinking C shared library liblslidar_msgs__rosidl_typesupport_introspection_c.so[0m
[4.086s] [ 71%] Built target lslidar_msgs__rosidl_typesupport_introspection_c
[4.099s] [ 72%] [32mBuilding CXX object CMakeFiles/lslidar_msgs__rosidl_typesupport_introspection_cpp.dir/rosidl_typesupport_introspection_cpp/lslidar_msgs/srv/detail/motor_speed__type_support.cpp.o[0m
[4.100s] [ 73%] [32mBuilding CXX object CMakeFiles/lslidar_msgs__rosidl_typesupport_fastrtps_c.dir/rosidl_typesupport_fastrtps_c/lslidar_msgs/srv/detail/dev_port__type_support_c.cpp.o[0m
[4.110s] [ 74%] [32mBuilding CXX object CMakeFiles/lslidar_msgs__rosidl_typesupport_fastrtps_cpp.dir/rosidl_typesupport_fastrtps_cpp/lslidar_msgs/srv/detail/dds_fastrtps/motor_control__type_support.cpp.o[0m
[4.171s] [ 74%] [32mBuilding CXX object CMakeFiles/lslidar_msgs__rosidl_typesupport_fastrtps_cpp.dir/rosidl_typesupport_fastrtps_cpp/lslidar_msgs/srv/detail/dds_fastrtps/motor_speed__type_support.cpp.o[0m
[4.203s] [ 75%] [32mBuilding CXX object CMakeFiles/lslidar_msgs__rosidl_typesupport_introspection_cpp.dir/rosidl_typesupport_introspection_cpp/lslidar_msgs/srv/detail/time_service__type_support.cpp.o[0m
[4.216s] [ 76%] [32mBuilding CXX object CMakeFiles/lslidar_msgs__rosidl_typesupport_fastrtps_c.dir/rosidl_typesupport_fastrtps_c/lslidar_msgs/srv/detail/lslidar_control__type_support_c.cpp.o[0m
[4.221s] [ 77%] [32mBuilding CXX object CMakeFiles/lslidar_msgs__rosidl_typesupport_fastrtps_cpp.dir/rosidl_typesupport_fastrtps_cpp/lslidar_msgs/srv/detail/dds_fastrtps/time_service__type_support.cpp.o[0m
[4.232s] [ 78%] [32mBuilding CXX object CMakeFiles/lslidar_msgs__rosidl_typesupport_fastrtps_c.dir/rosidl_typesupport_fastrtps_c/lslidar_msgs/srv/detail/motor_control__type_support_c.cpp.o[0m
[4.244s] [ 79%] [32mBuilding CXX object CMakeFiles/lslidar_msgs__rosidl_typesupport_fastrtps_c.dir/rosidl_typesupport_fastrtps_c/lslidar_msgs/srv/detail/motor_speed__type_support_c.cpp.o[0m
[4.249s] [ 80%] [32mBuilding CXX object CMakeFiles/lslidar_msgs__rosidl_typesupport_fastrtps_c.dir/rosidl_typesupport_fastrtps_c/lslidar_msgs/srv/detail/time_service__type_support_c.cpp.o[0m
[4.620s] [ 81%] [32m[1mLinking CXX shared library liblslidar_msgs__rosidl_typesupport_fastrtps_c.so[0m
[4.632s] [ 82%] [32m[1mLinking CXX shared library liblslidar_msgs__rosidl_typesupport_fastrtps_cpp.so[0m
[4.633s] [ 83%] [32m[1mLinking CXX shared library liblslidar_msgs__rosidl_typesupport_introspection_cpp.so[0m
[4.692s] [ 83%] Built target lslidar_msgs__rosidl_typesupport_fastrtps_c
[4.702s] [ 83%] Built target lslidar_msgs__rosidl_typesupport_fastrtps_cpp
[4.705s] [ 83%] Built target lslidar_msgs__rosidl_typesupport_introspection_cpp
[4.725s] [ 83%] Built target lslidar_msgs
[4.754s] [ 84%] [34m[1mGenerating Python code for ROS interfaces[0m
[5.793s] [ 84%] Built target lslidar_msgs__py
[5.823s] [ 85%] [32mBuilding C object CMakeFiles/lslidar_msgs__rosidl_generator_py.dir/rosidl_generator_py/lslidar_msgs/srv/_dev_port_s.c.o[0m
[5.824s] [ 87%] [32mBuilding C object CMakeFiles/lslidar_msgs__rosidl_generator_py.dir/rosidl_generator_py/lslidar_msgs/msg/_lslidar_point_s.c.o[0m
[5.825s] [ 89%] [32mBuilding C object CMakeFiles/lslidar_msgs__rosidl_generator_py.dir/rosidl_generator_py/lslidar_msgs/srv/_data_ip_s.c.o[0m
[5.825s] [ 89%] [32mBuilding C object CMakeFiles/lslidar_msgs__rosidl_generator_py.dir/rosidl_generator_py/lslidar_msgs/msg/_lslidar_scan_s.c.o[0m
[5.825s] [ 87%] [32mBuilding C object CMakeFiles/lslidar_msgs__rosidl_generator_py.dir/rosidl_generator_py/lslidar_msgs/msg/_lslidar_packet_s.c.o[0m
[5.826s] [ 90%] [32mBuilding C object CMakeFiles/lslidar_msgs__rosidl_generator_py.dir/rosidl_generator_py/lslidar_msgs/srv/_data_port_s.c.o[0m
[5.826s] [ 90%] [32mBuilding C object CMakeFiles/lslidar_msgs__rosidl_generator_py.dir/rosidl_generator_py/lslidar_msgs/srv/_destination_ip_s.c.o[0m
[5.826s] [ 91%] [32mBuilding C object CMakeFiles/lslidar_msgs__rosidl_generator_py.dir/rosidl_generator_py/lslidar_msgs/srv/_lslidar_control_s.c.o[0m
[5.827s] [ 92%] [32mBuilding C object CMakeFiles/lslidar_msgs__rosidl_generator_py.dir/rosidl_generator_py/lslidar_msgs/srv/_motor_control_s.c.o[0m
[5.827s] [ 93%] [32mBuilding C object CMakeFiles/lslidar_msgs__rosidl_generator_py.dir/rosidl_generator_py/lslidar_msgs/srv/_motor_speed_s.c.o[0m
[5.828s] [ 94%] [32mBuilding C object CMakeFiles/lslidar_msgs__rosidl_generator_py.dir/rosidl_generator_py/lslidar_msgs/srv/_time_service_s.c.o[0m
[5.966s] [ 95%] [32m[1mLinking C shared library rosidl_generator_py/lslidar_msgs/liblslidar_msgs__rosidl_generator_py.so[0m
[6.010s] [ 95%] Built target lslidar_msgs__rosidl_generator_py
[6.027s] [ 96%] [32mBuilding C object CMakeFiles/lslidar_msgs__rosidl_typesupport_introspection_c__pyext.dir/rosidl_generator_py/lslidar_msgs/_lslidar_msgs_s.ep.rosidl_typesupport_introspection_c.c.o[0m
[6.028s] [ 96%] [32mBuilding C object CMakeFiles/lslidar_msgs__rosidl_typesupport_c__pyext.dir/rosidl_generator_py/lslidar_msgs/_lslidar_msgs_s.ep.rosidl_typesupport_c.c.o[0m
[6.034s] [ 97%] [32mBuilding C object CMakeFiles/lslidar_msgs__rosidl_typesupport_fastrtps_c__pyext.dir/rosidl_generator_py/lslidar_msgs/_lslidar_msgs_s.ep.rosidl_typesupport_fastrtps_c.c.o[0m
[6.125s] [ 98%] [32m[1mLinking C shared library rosidl_generator_py/lslidar_msgs/lslidar_msgs_s__rosidl_typesupport_introspection_c.cpython-310-x86_64-linux-gnu.so[0m
[6.132s] [ 99%] [32m[1mLinking C shared library rosidl_generator_py/lslidar_msgs/lslidar_msgs_s__rosidl_typesupport_c.cpython-310-x86_64-linux-gnu.so[0m
[6.133s] [100%] [32m[1mLinking C shared library rosidl_generator_py/lslidar_msgs/lslidar_msgs_s__rosidl_typesupport_fastrtps_c.cpython-310-x86_64-linux-gnu.so[0m
[6.160s] [100%] Built target lslidar_msgs__rosidl_typesupport_introspection_c__pyext
[6.166s] [100%] Built target lslidar_msgs__rosidl_typesupport_fastrtps_c__pyext
[6.168s] [100%] Built target lslidar_msgs__rosidl_typesupport_c__pyext
[6.178s] Invoked command in '/home/tamir/autonomous_robot/sensors_package/src/lidar_ws/build/lslidar_msgs' returned '0': CMAKE_PREFIX_PATH=${CMAKE_PREFIX_PATH}:/home/tamir/ros2_ws/install/turtle_spawner:/home/tamir/ros2_ws/install/turtle_controller:/home/tamir/ros2_ws/install/my_py_pkg:/home/tamir/install/calc_odom:/opt/ros/humble /usr/bin/cmake --build /home/tamir/autonomous_robot/sensors_package/src/lidar_ws/build/lslidar_msgs -- -j12 -l12
[6.428s] Invoking command in '/home/tamir/autonomous_robot/sensors_package/src/lidar_ws/build/lslidar_msgs': CMAKE_PREFIX_PATH=${CMAKE_PREFIX_PATH}:/home/tamir/ros2_ws/install/turtle_spawner:/home/tamir/ros2_ws/install/turtle_controller:/home/tamir/ros2_ws/install/my_py_pkg:/home/tamir/install/calc_odom:/opt/ros/humble /usr/bin/cmake --install /home/tamir/autonomous_robot/sensors_package/src/lidar_ws/build/lslidar_msgs
[6.435s] -- Install configuration: ""
[6.435s] -- Installing: /home/tamir/autonomous_robot/sensors_package/src/lidar_ws/install/lslidar_msgs/share/ament_index/resource_index/rosidl_interfaces/lslidar_msgs
[6.435s] -- Installing: /home/tamir/autonomous_robot/sensors_package/src/lidar_ws/install/lslidar_msgs/include/lslidar_msgs/lslidar_msgs
[6.435s] -- Installing: /home/tamir/autonomous_robot/sensors_package/src/lidar_ws/install/lslidar_msgs/include/lslidar_msgs/lslidar_msgs/msg
[6.435s] -- Installing: /home/tamir/autonomous_robot/sensors_package/src/lidar_ws/install/lslidar_msgs/include/lslidar_msgs/lslidar_msgs/msg/rosidl_generator_c__visibility_control.h
[6.435s] -- Installing: /home/tamir/autonomous_robot/sensors_package/src/lidar_ws/install/lslidar_msgs/include/lslidar_msgs/lslidar_msgs/msg/detail
[6.435s] -- Installing: /home/tamir/autonomous_robot/sensors_package/src/lidar_ws/install/lslidar_msgs/include/lslidar_msgs/lslidar_msgs/msg/detail/lslidar_point__type_support.h
[6.435s] -- Installing: /home/tamir/autonomous_robot/sensors_package/src/lidar_ws/install/lslidar_msgs/include/lslidar_msgs/lslidar_msgs/msg/detail/lslidar_scan__type_support.h
[6.435s] -- Installing: /home/tamir/autonomous_robot/sensors_package/src/lidar_ws/install/lslidar_msgs/include/lslidar_msgs/lslidar_msgs/msg/detail/lslidar_point__functions.h
[6.435s] -- Installing: /home/tamir/autonomous_robot/sensors_package/src/lidar_ws/install/lslidar_msgs/include/lslidar_msgs/lslidar_msgs/msg/detail/lslidar_scan__struct.h
[6.435s] -- Installing: /home/tamir/autonomous_robot/sensors_package/src/lidar_ws/install/lslidar_msgs/include/lslidar_msgs/lslidar_msgs/msg/detail/lslidar_point__struct.h
[6.435s] -- Installing: /home/tamir/autonomous_robot/sensors_package/src/lidar_ws/install/lslidar_msgs/include/lslidar_msgs/lslidar_msgs/msg/detail/lslidar_packet__functions.h
[6.435s] -- Installing: /home/tamir/autonomous_robot/sensors_package/src/lidar_ws/install/lslidar_msgs/include/lslidar_msgs/lslidar_msgs/msg/detail/lslidar_packet__type_support.h
[6.435s] -- Installing: /home/tamir/autonomous_robot/sensors_package/src/lidar_ws/install/lslidar_msgs/include/lslidar_msgs/lslidar_msgs/msg/detail/lslidar_packet__struct.h
[6.436s] -- Installing: /home/tamir/autonomous_robot/sensors_package/src/lidar_ws/install/lslidar_msgs/include/lslidar_msgs/lslidar_msgs/msg/detail/lslidar_packet__functions.c
[6.436s] -- Installing: /home/tamir/autonomous_robot/sensors_package/src/lidar_ws/install/lslidar_msgs/include/lslidar_msgs/lslidar_msgs/msg/detail/lslidar_scan__functions.c
[6.436s] -- Installing: /home/tamir/autonomous_robot/sensors_package/src/lidar_ws/install/lslidar_msgs/include/lslidar_msgs/lslidar_msgs/msg/detail/lslidar_scan__functions.h
[6.436s] -- Installing: /home/tamir/autonomous_robot/sensors_package/src/lidar_ws/install/lslidar_msgs/include/lslidar_msgs/lslidar_msgs/msg/detail/lslidar_point__functions.c
[6.436s] -- Installing: /home/tamir/autonomous_robot/sensors_package/src/lidar_ws/install/lslidar_msgs/include/lslidar_msgs/lslidar_msgs/msg/lslidar_scan.h
[6.436s] -- Installing: /home/tamir/autonomous_robot/sensors_package/src/lidar_ws/install/lslidar_msgs/include/lslidar_msgs/lslidar_msgs/msg/lslidar_packet.h
[6.436s] -- Installing: /home/tamir/autonomous_robot/sensors_package/src/lidar_ws/install/lslidar_msgs/include/lslidar_msgs/lslidar_msgs/msg/lslidar_point.h
[6.436s] -- Installing: /home/tamir/autonomous_robot/sensors_package/src/lidar_ws/install/lslidar_msgs/include/lslidar_msgs/lslidar_msgs/srv
[6.436s] -- Installing: /home/tamir/autonomous_robot/sensors_package/src/lidar_ws/install/lslidar_msgs/include/lslidar_msgs/lslidar_msgs/srv/motor_control.h
[6.436s] -- Installing: /home/tamir/autonomous_robot/sensors_package/src/lidar_ws/install/lslidar_msgs/include/lslidar_msgs/lslidar_msgs/srv/time_service.h
[6.436s] -- Installing: /home/tamir/autonomous_robot/sensors_package/src/lidar_ws/install/lslidar_msgs/include/lslidar_msgs/lslidar_msgs/srv/destination_ip.h
[6.436s] -- Installing: /home/tamir/autonomous_robot/sensors_package/src/lidar_ws/install/lslidar_msgs/include/lslidar_msgs/lslidar_msgs/srv/detail
[6.436s] -- Installing: /home/tamir/autonomous_robot/sensors_package/src/lidar_ws/install/lslidar_msgs/include/lslidar_msgs/lslidar_msgs/srv/detail/motor_speed__functions.h
[6.436s] -- Installing: /home/tamir/autonomous_robot/sensors_package/src/lidar_ws/install/lslidar_msgs/include/lslidar_msgs/lslidar_msgs/srv/detail/destination_ip__functions.c
[6.436s] -- Installing: /home/tamir/autonomous_robot/sensors_package/src/lidar_ws/install/lslidar_msgs/include/lslidar_msgs/lslidar_msgs/srv/detail/destination_ip__type_support.h
[6.436s] -- Installing: /home/tamir/autonomous_robot/sensors_package/src/lidar_ws/install/lslidar_msgs/include/lslidar_msgs/lslidar_msgs/srv/detail/dev_port__functions.c
[6.436s] -- Installing: /home/tamir/autonomous_robot/sensors_package/src/lidar_ws/install/lslidar_msgs/include/lslidar_msgs/lslidar_msgs/srv/detail/lslidar_control__functions.h
[6.436s] -- Installing: /home/tamir/autonomous_robot/sensors_package/src/lidar_ws/install/lslidar_msgs/include/lslidar_msgs/lslidar_msgs/srv/detail/motor_speed__functions.c
[6.436s] -- Installing: /home/tamir/autonomous_robot/sensors_package/src/lidar_ws/install/lslidar_msgs/include/lslidar_msgs/lslidar_msgs/srv/detail/destination_ip__struct.h
[6.436s] -- Installing: /home/tamir/autonomous_robot/sensors_package/src/lidar_ws/install/lslidar_msgs/include/lslidar_msgs/lslidar_msgs/srv/detail/data_port__type_support.h
[6.437s] -- Installing: /home/tamir/autonomous_robot/sensors_package/src/lidar_ws/install/lslidar_msgs/include/lslidar_msgs/lslidar_msgs/srv/detail/motor_control__functions.c
[6.437s] -- Installing: /home/tamir/autonomous_robot/sensors_package/src/lidar_ws/install/lslidar_msgs/include/lslidar_msgs/lslidar_msgs/srv/detail/time_service__struct.h
[6.437s] -- Installing: /home/tamir/autonomous_robot/sensors_package/src/lidar_ws/install/lslidar_msgs/include/lslidar_msgs/lslidar_msgs/srv/detail/lslidar_control__struct.h
[6.437s] -- Installing: /home/tamir/autonomous_robot/sensors_package/src/lidar_ws/install/lslidar_msgs/include/lslidar_msgs/lslidar_msgs/srv/detail/time_service__functions.c
[6.437s] -- Installing: /home/tamir/autonomous_robot/sensors_package/src/lidar_ws/install/lslidar_msgs/include/lslidar_msgs/lslidar_msgs/srv/detail/motor_speed__type_support.h
[6.437s] -- Installing: /home/tamir/autonomous_robot/sensors_package/src/lidar_ws/install/lslidar_msgs/include/lslidar_msgs/lslidar_msgs/srv/detail/motor_control__struct.h
[6.437s] -- Installing: /home/tamir/autonomous_robot/sensors_package/src/lidar_ws/install/lslidar_msgs/include/lslidar_msgs/lslidar_msgs/srv/detail/time_service__type_support.h
[6.437s] -- Installing: /home/tamir/autonomous_robot/sensors_package/src/lidar_ws/install/lslidar_msgs/include/lslidar_msgs/lslidar_msgs/srv/detail/data_port__struct.h
[6.437s] -- Installing: /home/tamir/autonomous_robot/sensors_package/src/lidar_ws/install/lslidar_msgs/include/lslidar_msgs/lslidar_msgs/srv/detail/data_ip__functions.h
[6.437s] -- Installing: /home/tamir/autonomous_robot/sensors_package/src/lidar_ws/install/lslidar_msgs/include/lslidar_msgs/lslidar_msgs/srv/detail/motor_speed__struct.h
[6.437s] -- Installing: /home/tamir/autonomous_robot/sensors_package/src/lidar_ws/install/lslidar_msgs/include/lslidar_msgs/lslidar_msgs/srv/detail/lslidar_control__functions.c
[6.437s] -- Installing: /home/tamir/autonomous_robot/sensors_package/src/lidar_ws/install/lslidar_msgs/include/lslidar_msgs/lslidar_msgs/srv/detail/data_ip__type_support.h
[6.437s] -- Installing: /home/tamir/autonomous_robot/sensors_package/src/lidar_ws/install/lslidar_msgs/include/lslidar_msgs/lslidar_msgs/srv/detail/data_ip__functions.c
[6.437s] -- Installing: /home/tamir/autonomous_robot/sensors_package/src/lidar_ws/install/lslidar_msgs/include/lslidar_msgs/lslidar_msgs/srv/detail/motor_control__functions.h
[6.437s] -- Installing: /home/tamir/autonomous_robot/sensors_package/src/lidar_ws/install/lslidar_msgs/include/lslidar_msgs/lslidar_msgs/srv/detail/dev_port__struct.h
[6.437s] -- Installing: /home/tamir/autonomous_robot/sensors_package/src/lidar_ws/install/lslidar_msgs/include/lslidar_msgs/lslidar_msgs/srv/detail/dev_port__type_support.h
[6.438s] -- Installing: /home/tamir/autonomous_robot/sensors_package/src/lidar_ws/install/lslidar_msgs/include/lslidar_msgs/lslidar_msgs/srv/detail/time_service__functions.h
[6.438s] -- Installing: /home/tamir/autonomous_robot/sensors_package/src/lidar_ws/install/lslidar_msgs/include/lslidar_msgs/lslidar_msgs/srv/detail/data_port__functions.h
[6.438s] -- Installing: /home/tamir/autonomous_robot/sensors_package/src/lidar_ws/install/lslidar_msgs/include/lslidar_msgs/lslidar_msgs/srv/detail/destination_ip__functions.h
[6.438s] -- Installing: /home/tamir/autonomous_robot/sensors_package/src/lidar_ws/install/lslidar_msgs/include/lslidar_msgs/lslidar_msgs/srv/detail/motor_control__type_support.h
[6.438s] -- Installing: /home/tamir/autonomous_robot/sensors_package/src/lidar_ws/install/lslidar_msgs/include/lslidar_msgs/lslidar_msgs/srv/detail/lslidar_control__type_support.h
[6.438s] -- Installing: /home/tamir/autonomous_robot/sensors_package/src/lidar_ws/install/lslidar_msgs/include/lslidar_msgs/lslidar_msgs/srv/detail/data_ip__struct.h
[6.438s] -- Installing: /home/tamir/autonomous_robot/sensors_package/src/lidar_ws/install/lslidar_msgs/include/lslidar_msgs/lslidar_msgs/srv/detail/data_port__functions.c
[6.438s] -- Installing: /home/tamir/autonomous_robot/sensors_package/src/lidar_ws/install/lslidar_msgs/include/lslidar_msgs/lslidar_msgs/srv/detail/dev_port__functions.h
[6.438s] -- Installing: /home/tamir/autonomous_robot/sensors_package/src/lidar_ws/install/lslidar_msgs/include/lslidar_msgs/lslidar_msgs/srv/motor_speed.h
[6.438s] -- Installing: /home/tamir/autonomous_robot/sensors_package/src/lidar_ws/install/lslidar_msgs/include/lslidar_msgs/lslidar_msgs/srv/data_port.h
[6.438s] -- Installing: /home/tamir/autonomous_robot/sensors_package/src/lidar_ws/install/lslidar_msgs/include/lslidar_msgs/lslidar_msgs/srv/dev_port.h
[6.438s] -- Installing: /home/tamir/autonomous_robot/sensors_package/src/lidar_ws/install/lslidar_msgs/include/lslidar_msgs/lslidar_msgs/srv/data_ip.h
[6.438s] -- Installing: /home/tamir/autonomous_robot/sensors_package/src/lidar_ws/install/lslidar_msgs/include/lslidar_msgs/lslidar_msgs/srv/lslidar_control.h
[6.439s] -- Installing: /home/tamir/autonomous_robot/sensors_package/src/lidar_ws/install/lslidar_msgs/share/lslidar_msgs/environment/library_path.sh
[6.439s] -- Installing: /home/tamir/autonomous_robot/sensors_package/src/lidar_ws/install/lslidar_msgs/share/lslidar_msgs/environment/library_path.dsv
[6.439s] -- Installing: /home/tamir/autonomous_robot/sensors_package/src/lidar_ws/install/lslidar_msgs/lib/liblslidar_msgs__rosidl_generator_c.so
[6.439s] -- Set runtime path of "/home/tamir/autonomous_robot/sensors_package/src/lidar_ws/install/lslidar_msgs/lib/liblslidar_msgs__rosidl_generator_c.so" to ""
[6.439s] -- Up-to-date: /home/tamir/autonomous_robot/sensors_package/src/lidar_ws/install/lslidar_msgs/include/lslidar_msgs/lslidar_msgs
[6.439s] -- Up-to-date: /home/tamir/autonomous_robot/sensors_package/src/lidar_ws/install/lslidar_msgs/include/lslidar_msgs/lslidar_msgs/msg
[6.439s] -- Up-to-date: /home/tamir/autonomous_robot/sensors_package/src/lidar_ws/install/lslidar_msgs/include/lslidar_msgs/lslidar_msgs/msg/detail
[6.439s] -- Installing: /home/tamir/autonomous_robot/sensors_package/src/lidar_ws/install/lslidar_msgs/include/lslidar_msgs/lslidar_msgs/msg/detail/lslidar_point__rosidl_typesupport_fastrtps_c.h
[6.439s] -- Installing: /home/tamir/autonomous_robot/sensors_package/src/lidar_ws/install/lslidar_msgs/include/lslidar_msgs/lslidar_msgs/msg/detail/lslidar_scan__rosidl_typesupport_fastrtps_c.h
[6.439s] -- Installing: /home/tamir/autonomous_robot/sensors_package/src/lidar_ws/install/lslidar_msgs/include/lslidar_msgs/lslidar_msgs/msg/detail/lslidar_packet__rosidl_typesupport_fastrtps_c.h
[6.440s] -- Installing: /home/tamir/autonomous_robot/sensors_package/src/lidar_ws/install/lslidar_msgs/include/lslidar_msgs/lslidar_msgs/msg/rosidl_typesupport_fastrtps_c__visibility_control.h
[6.440s] -- Up-to-date: /home/tamir/autonomous_robot/sensors_package/src/lidar_ws/install/lslidar_msgs/include/lslidar_msgs/lslidar_msgs/srv
[6.440s] -- Up-to-date: /home/tamir/autonomous_robot/sensors_package/src/lidar_ws/install/lslidar_msgs/include/lslidar_msgs/lslidar_msgs/srv/detail
[6.440s] -- Installing: /home/tamir/autonomous_robot/sensors_package/src/lidar_ws/install/lslidar_msgs/include/lslidar_msgs/lslidar_msgs/srv/detail/destination_ip__rosidl_typesupport_fastrtps_c.h
[6.440s] -- Installing: /home/tamir/autonomous_robot/sensors_package/src/lidar_ws/install/lslidar_msgs/include/lslidar_msgs/lslidar_msgs/srv/detail/lslidar_control__rosidl_typesupport_fastrtps_c.h
[6.440s] -- Installing: /home/tamir/autonomous_robot/sensors_package/src/lidar_ws/install/lslidar_msgs/include/lslidar_msgs/lslidar_msgs/srv/detail/motor_speed__rosidl_typesupport_fastrtps_c.h
[6.440s] -- Installing: /home/tamir/autonomous_robot/sensors_package/src/lidar_ws/install/lslidar_msgs/include/lslidar_msgs/lslidar_msgs/srv/detail/motor_control__rosidl_typesupport_fastrtps_c.h
[6.440s] -- Installing: /home/tamir/autonomous_robot/sensors_package/src/lidar_ws/install/lslidar_msgs/include/lslidar_msgs/lslidar_msgs/srv/detail/dev_port__rosidl_typesupport_fastrtps_c.h
[6.440s] -- Installing: /home/tamir/autonomous_robot/sensors_package/src/lidar_ws/install/lslidar_msgs/include/lslidar_msgs/lslidar_msgs/srv/detail/data_port__rosidl_typesupport_fastrtps_c.h
[6.440s] -- Installing: /home/tamir/autonomous_robot/sensors_package/src/lidar_ws/install/lslidar_msgs/include/lslidar_msgs/lslidar_msgs/srv/detail/data_ip__rosidl_typesupport_fastrtps_c.h
[6.440s] -- Installing: /home/tamir/autonomous_robot/sensors_package/src/lidar_ws/install/lslidar_msgs/include/lslidar_msgs/lslidar_msgs/srv/detail/time_service__rosidl_typesupport_fastrtps_c.h
[6.440s] -- Installing: /home/tamir/autonomous_robot/sensors_package/src/lidar_ws/install/lslidar_msgs/lib/liblslidar_msgs__rosidl_typesupport_fastrtps_c.so
[6.440s] -- Set runtime path of "/home/tamir/autonomous_robot/sensors_package/src/lidar_ws/install/lslidar_msgs/lib/liblslidar_msgs__rosidl_typesupport_fastrtps_c.so" to ""
[6.440s] -- Up-to-date: /home/tamir/autonomous_robot/sensors_package/src/lidar_ws/install/lslidar_msgs/include/lslidar_msgs/lslidar_msgs
[6.440s] -- Up-to-date: /home/tamir/autonomous_robot/sensors_package/src/lidar_ws/install/lslidar_msgs/include/lslidar_msgs/lslidar_msgs/msg
[6.441s] -- Up-to-date: /home/tamir/autonomous_robot/sensors_package/src/lidar_ws/install/lslidar_msgs/include/lslidar_msgs/lslidar_msgs/msg/detail
[6.441s] -- Installing: /home/tamir/autonomous_robot/sensors_package/src/lidar_ws/install/lslidar_msgs/include/lslidar_msgs/lslidar_msgs/msg/detail/lslidar_point__traits.hpp
[6.441s] -- Installing: /home/tamir/autonomous_robot/sensors_package/src/lidar_ws/install/lslidar_msgs/include/lslidar_msgs/lslidar_msgs/msg/detail/lslidar_packet__builder.hpp
[6.441s] -- Installing: /home/tamir/autonomous_robot/sensors_package/src/lidar_ws/install/lslidar_msgs/include/lslidar_msgs/lslidar_msgs/msg/detail/lslidar_packet__traits.hpp
[6.441s] -- Installing: /home/tamir/autonomous_robot/sensors_package/src/lidar_ws/install/lslidar_msgs/include/lslidar_msgs/lslidar_msgs/msg/detail/lslidar_point__builder.hpp
[6.441s] -- Installing: /home/tamir/autonomous_robot/sensors_package/src/lidar_ws/install/lslidar_msgs/include/lslidar_msgs/lslidar_msgs/msg/detail/lslidar_scan__struct.hpp
[6.441s] -- Installing: /home/tamir/autonomous_robot/sensors_package/src/lidar_ws/install/lslidar_msgs/include/lslidar_msgs/lslidar_msgs/msg/detail/lslidar_scan__builder.hpp
[6.441s] -- Installing: /home/tamir/autonomous_robot/sensors_package/src/lidar_ws/install/lslidar_msgs/include/lslidar_msgs/lslidar_msgs/msg/detail/lslidar_point__struct.hpp
[6.441s] -- Installing: /home/tamir/autonomous_robot/sensors_package/src/lidar_ws/install/lslidar_msgs/include/lslidar_msgs/lslidar_msgs/msg/detail/lslidar_scan__traits.hpp
[6.441s] -- Installing: /home/tamir/autonomous_robot/sensors_package/src/lidar_ws/install/lslidar_msgs/include/lslidar_msgs/lslidar_msgs/msg/detail/lslidar_packet__struct.hpp
[6.441s] -- Installing: /home/tamir/autonomous_robot/sensors_package/src/lidar_ws/install/lslidar_msgs/include/lslidar_msgs/lslidar_msgs/msg/lslidar_point.hpp
[6.441s] -- Installing: /home/tamir/autonomous_robot/sensors_package/src/lidar_ws/install/lslidar_msgs/include/lslidar_msgs/lslidar_msgs/msg/lslidar_packet.hpp
[6.441s] -- Installing: /home/tamir/autonomous_robot/sensors_package/src/lidar_ws/install/lslidar_msgs/include/lslidar_msgs/lslidar_msgs/msg/lslidar_scan.hpp
[6.441s] -- Up-to-date: /home/tamir/autonomous_robot/sensors_package/src/lidar_ws/install/lslidar_msgs/include/lslidar_msgs/lslidar_msgs/srv
[6.441s] -- Installing: /home/tamir/autonomous_robot/sensors_package/src/lidar_ws/install/lslidar_msgs/include/lslidar_msgs/lslidar_msgs/srv/destination_ip.hpp
[6.441s] -- Installing: /home/tamir/autonomous_robot/sensors_package/src/lidar_ws/install/lslidar_msgs/include/lslidar_msgs/lslidar_msgs/srv/motor_speed.hpp
[6.441s] -- Up-to-date: /home/tamir/autonomous_robot/sensors_package/src/lidar_ws/install/lslidar_msgs/include/lslidar_msgs/lslidar_msgs/srv/detail
[6.441s] -- Installing: /home/tamir/autonomous_robot/sensors_package/src/lidar_ws/install/lslidar_msgs/include/lslidar_msgs/lslidar_msgs/srv/detail/lslidar_control__struct.hpp
[6.441s] -- Installing: /home/tamir/autonomous_robot/sensors_package/src/lidar_ws/install/lslidar_msgs/include/lslidar_msgs/lslidar_msgs/srv/detail/motor_control__builder.hpp
[6.442s] -- Installing: /home/tamir/autonomous_robot/sensors_package/src/lidar_ws/install/lslidar_msgs/include/lslidar_msgs/lslidar_msgs/srv/detail/motor_speed__traits.hpp
[6.442s] -- Installing: /home/tamir/autonomous_robot/sensors_package/src/lidar_ws/install/lslidar_msgs/include/lslidar_msgs/lslidar_msgs/srv/detail/destination_ip__builder.hpp
[6.442s] -- Installing: /home/tamir/autonomous_robot/sensors_package/src/lidar_ws/install/lslidar_msgs/include/lslidar_msgs/lslidar_msgs/srv/detail/destination_ip__struct.hpp
[6.442s] -- Installing: /home/tamir/autonomous_robot/sensors_package/src/lidar_ws/install/lslidar_msgs/include/lslidar_msgs/lslidar_msgs/srv/detail/dev_port__builder.hpp
[6.442s] -- Installing: /home/tamir/autonomous_robot/sensors_package/src/lidar_ws/install/lslidar_msgs/include/lslidar_msgs/lslidar_msgs/srv/detail/motor_control__struct.hpp
[6.442s] -- Installing: /home/tamir/autonomous_robot/sensors_package/src/lidar_ws/install/lslidar_msgs/include/lslidar_msgs/lslidar_msgs/srv/detail/lslidar_control__builder.hpp
[6.442s] -- Installing: /home/tamir/autonomous_robot/sensors_package/src/lidar_ws/install/lslidar_msgs/include/lslidar_msgs/lslidar_msgs/srv/detail/data_ip__traits.hpp
[6.442s] -- Installing: /home/tamir/autonomous_robot/sensors_package/src/lidar_ws/install/lslidar_msgs/include/lslidar_msgs/lslidar_msgs/srv/detail/motor_speed__builder.hpp
[6.442s] -- Installing: /home/tamir/autonomous_robot/sensors_package/src/lidar_ws/install/lslidar_msgs/include/lslidar_msgs/lslidar_msgs/srv/detail/dev_port__traits.hpp
[6.442s] -- Installing: /home/tamir/autonomous_robot/sensors_package/src/lidar_ws/install/lslidar_msgs/include/lslidar_msgs/lslidar_msgs/srv/detail/data_port__traits.hpp
[6.442s] -- Installing: /home/tamir/autonomous_robot/sensors_package/src/lidar_ws/install/lslidar_msgs/include/lslidar_msgs/lslidar_msgs/srv/detail/lslidar_control__traits.hpp
[6.442s] -- Installing: /home/tamir/autonomous_robot/sensors_package/src/lidar_ws/install/lslidar_msgs/include/lslidar_msgs/lslidar_msgs/srv/detail/motor_control__traits.hpp
[6.442s] -- Installing: /home/tamir/autonomous_robot/sensors_package/src/lidar_ws/install/lslidar_msgs/include/lslidar_msgs/lslidar_msgs/srv/detail/data_port__builder.hpp
[6.442s] -- Installing: /home/tamir/autonomous_robot/sensors_package/src/lidar_ws/install/lslidar_msgs/include/lslidar_msgs/lslidar_msgs/srv/detail/dev_port__struct.hpp
[6.442s] -- Installing: /home/tamir/autonomous_robot/sensors_package/src/lidar_ws/install/lslidar_msgs/include/lslidar_msgs/lslidar_msgs/srv/detail/data_ip__builder.hpp
[6.442s] -- Installing: /home/tamir/autonomous_robot/sensors_package/src/lidar_ws/install/lslidar_msgs/include/lslidar_msgs/lslidar_msgs/srv/detail/time_service__traits.hpp
[6.442s] -- Installing: /home/tamir/autonomous_robot/sensors_package/src/lidar_ws/install/lslidar_msgs/include/lslidar_msgs/lslidar_msgs/srv/detail/data_port__struct.hpp
[6.442s] -- Installing: /home/tamir/autonomous_robot/sensors_package/src/lidar_ws/install/lslidar_msgs/include/lslidar_msgs/lslidar_msgs/srv/detail/destination_ip__traits.hpp
[6.442s] -- Installing: /home/tamir/autonomous_robot/sensors_package/src/lidar_ws/install/lslidar_msgs/include/lslidar_msgs/lslidar_msgs/srv/detail/motor_speed__struct.hpp
[6.443s] -- Installing: /home/tamir/autonomous_robot/sensors_package/src/lidar_ws/install/lslidar_msgs/include/lslidar_msgs/lslidar_msgs/srv/detail/time_service__builder.hpp
[6.443s] -- Installing: /home/tamir/autonomous_robot/sensors_package/src/lidar_ws/install/lslidar_msgs/include/lslidar_msgs/lslidar_msgs/srv/detail/data_ip__struct.hpp
[6.443s] -- Installing: /home/tamir/autonomous_robot/sensors_package/src/lidar_ws/install/lslidar_msgs/include/lslidar_msgs/lslidar_msgs/srv/detail/time_service__struct.hpp
[6.443s] -- Installing: /home/tamir/autonomous_robot/sensors_package/src/lidar_ws/install/lslidar_msgs/include/lslidar_msgs/lslidar_msgs/srv/motor_control.hpp
[6.443s] -- Installing: /home/tamir/autonomous_robot/sensors_package/src/lidar_ws/install/lslidar_msgs/include/lslidar_msgs/lslidar_msgs/srv/lslidar_control.hpp
[6.443s] -- Installing: /home/tamir/autonomous_robot/sensors_package/src/lidar_ws/install/lslidar_msgs/include/lslidar_msgs/lslidar_msgs/srv/time_service.hpp
[6.443s] -- Installing: /home/tamir/autonomous_robot/sensors_package/src/lidar_ws/install/lslidar_msgs/include/lslidar_msgs/lslidar_msgs/srv/dev_port.hpp
[6.443s] -- Installing: /home/tamir/autonomous_robot/sensors_package/src/lidar_ws/install/lslidar_msgs/include/lslidar_msgs/lslidar_msgs/srv/data_port.hpp
[6.443s] -- Installing: /home/tamir/autonomous_robot/sensors_package/src/lidar_ws/install/lslidar_msgs/include/lslidar_msgs/lslidar_msgs/srv/data_ip.hpp
[6.443s] -- Up-to-date: /home/tamir/autonomous_robot/sensors_package/src/lidar_ws/install/lslidar_msgs/include/lslidar_msgs/lslidar_msgs
[6.443s] -- Up-to-date: /home/tamir/autonomous_robot/sensors_package/src/lidar_ws/install/lslidar_msgs/include/lslidar_msgs/lslidar_msgs/msg
[6.443s] -- Installing: /home/tamir/autonomous_robot/sensors_package/src/lidar_ws/install/lslidar_msgs/include/lslidar_msgs/lslidar_msgs/msg/rosidl_typesupport_fastrtps_cpp__visibility_control.h
[6.443s] -- Up-to-date: /home/tamir/autonomous_robot/sensors_package/src/lidar_ws/install/lslidar_msgs/include/lslidar_msgs/lslidar_msgs/msg/detail
[6.443s] -- Installing: /home/tamir/autonomous_robot/sensors_package/src/lidar_ws/install/lslidar_msgs/include/lslidar_msgs/lslidar_msgs/msg/detail/lslidar_packet__rosidl_typesupport_fastrtps_cpp.hpp
[6.443s] -- Installing: /home/tamir/autonomous_robot/sensors_package/src/lidar_ws/install/lslidar_msgs/include/lslidar_msgs/lslidar_msgs/msg/detail/dds_fastrtps
[6.443s] -- Installing: /home/tamir/autonomous_robot/sensors_package/src/lidar_ws/install/lslidar_msgs/include/lslidar_msgs/lslidar_msgs/msg/detail/lslidar_point__rosidl_typesupport_fastrtps_cpp.hpp
[6.443s] -- Installing: /home/tamir/autonomous_robot/sensors_package/src/lidar_ws/install/lslidar_msgs/include/lslidar_msgs/lslidar_msgs/msg/detail/lslidar_scan__rosidl_typesupport_fastrtps_cpp.hpp
[6.443s] -- Up-to-date: /home/tamir/autonomous_robot/sensors_package/src/lidar_ws/install/lslidar_msgs/include/lslidar_msgs/lslidar_msgs/srv
[6.443s] -- Up-to-date: /home/tamir/autonomous_robot/sensors_package/src/lidar_ws/install/lslidar_msgs/include/lslidar_msgs/lslidar_msgs/srv/detail
[6.443s] -- Installing: /home/tamir/autonomous_robot/sensors_package/src/lidar_ws/install/lslidar_msgs/include/lslidar_msgs/lslidar_msgs/srv/detail/data_ip__rosidl_typesupport_fastrtps_cpp.hpp
[6.443s] -- Installing: /home/tamir/autonomous_robot/sensors_package/src/lidar_ws/install/lslidar_msgs/include/lslidar_msgs/lslidar_msgs/srv/detail/destination_ip__rosidl_typesupport_fastrtps_cpp.hpp
[6.443s] -- Installing: /home/tamir/autonomous_robot/sensors_package/src/lidar_ws/install/lslidar_msgs/include/lslidar_msgs/lslidar_msgs/srv/detail/time_service__rosidl_typesupport_fastrtps_cpp.hpp
[6.444s] -- Installing: /home/tamir/autonomous_robot/sensors_package/src/lidar_ws/install/lslidar_msgs/include/lslidar_msgs/lslidar_msgs/srv/detail/lslidar_control__rosidl_typesupport_fastrtps_cpp.hpp
[6.444s] -- Installing: /home/tamir/autonomous_robot/sensors_package/src/lidar_ws/install/lslidar_msgs/include/lslidar_msgs/lslidar_msgs/srv/detail/dds_fastrtps
[6.444s] -- Installing: /home/tamir/autonomous_robot/sensors_package/src/lidar_ws/install/lslidar_msgs/include/lslidar_msgs/lslidar_msgs/srv/detail/motor_control__rosidl_typesupport_fastrtps_cpp.hpp
[6.444s] -- Installing: /home/tamir/autonomous_robot/sensors_package/src/lidar_ws/install/lslidar_msgs/include/lslidar_msgs/lslidar_msgs/srv/detail/motor_speed__rosidl_typesupport_fastrtps_cpp.hpp
[6.444s] -- Installing: /home/tamir/autonomous_robot/sensors_package/src/lidar_ws/install/lslidar_msgs/include/lslidar_msgs/lslidar_msgs/srv/detail/data_port__rosidl_typesupport_fastrtps_cpp.hpp
[6.444s] -- Installing: /home/tamir/autonomous_robot/sensors_package/src/lidar_ws/install/lslidar_msgs/include/lslidar_msgs/lslidar_msgs/srv/detail/dev_port__rosidl_typesupport_fastrtps_cpp.hpp
[6.444s] -- Installing: /home/tamir/autonomous_robot/sensors_package/src/lidar_ws/install/lslidar_msgs/lib/liblslidar_msgs__rosidl_typesupport_fastrtps_cpp.so
[6.444s] -- Set runtime path of "/home/tamir/autonomous_robot/sensors_package/src/lidar_ws/install/lslidar_msgs/lib/liblslidar_msgs__rosidl_typesupport_fastrtps_cpp.so" to ""
[6.444s] -- Up-to-date: /home/tamir/autonomous_robot/sensors_package/src/lidar_ws/install/lslidar_msgs/include/lslidar_msgs/lslidar_msgs
[6.444s] -- Up-to-date: /home/tamir/autonomous_robot/sensors_package/src/lidar_ws/install/lslidar_msgs/include/lslidar_msgs/lslidar_msgs/msg
[6.444s] -- Up-to-date: /home/tamir/autonomous_robot/sensors_package/src/lidar_ws/install/lslidar_msgs/include/lslidar_msgs/lslidar_msgs/msg/detail
[6.444s] -- Installing: /home/tamir/autonomous_robot/sensors_package/src/lidar_ws/install/lslidar_msgs/include/lslidar_msgs/lslidar_msgs/msg/detail/lslidar_point__type_support.c
[6.444s] -- Installing: /home/tamir/autonomous_robot/sensors_package/src/lidar_ws/install/lslidar_msgs/include/lslidar_msgs/lslidar_msgs/msg/detail/lslidar_scan__rosidl_typesupport_introspection_c.h
[6.444s] -- Installing: /home/tamir/autonomous_robot/sensors_package/src/lidar_ws/install/lslidar_msgs/include/lslidar_msgs/lslidar_msgs/msg/detail/lslidar_packet__rosidl_typesupport_introspection_c.h
[6.444s] -- Installing: /home/tamir/autonomous_robot/sensors_package/src/lidar_ws/install/lslidar_msgs/include/lslidar_msgs/lslidar_msgs/msg/detail/lslidar_packet__type_support.c
[6.444s] -- Installing: /home/tamir/autonomous_robot/sensors_package/src/lidar_ws/install/lslidar_msgs/include/lslidar_msgs/lslidar_msgs/msg/detail/lslidar_point__rosidl_typesupport_introspection_c.h
[6.444s] -- Installing: /home/tamir/autonomous_robot/sensors_package/src/lidar_ws/install/lslidar_msgs/include/lslidar_msgs/lslidar_msgs/msg/detail/lslidar_scan__type_support.c
[6.444s] -- Installing: /home/tamir/autonomous_robot/sensors_package/src/lidar_ws/install/lslidar_msgs/include/lslidar_msgs/lslidar_msgs/msg/rosidl_typesupport_introspection_c__visibility_control.h
[6.445s] -- Up-to-date: /home/tamir/autonomous_robot/sensors_package/src/lidar_ws/install/lslidar_msgs/include/lslidar_msgs/lslidar_msgs/srv
[6.445s] -- Up-to-date: /home/tamir/autonomous_robot/sensors_package/src/lidar_ws/install/lslidar_msgs/include/lslidar_msgs/lslidar_msgs/srv/detail
[6.445s] -- Installing: /home/tamir/autonomous_robot/sensors_package/src/lidar_ws/install/lslidar_msgs/include/lslidar_msgs/lslidar_msgs/srv/detail/motor_control__type_support.c
[6.445s] -- Installing: /home/tamir/autonomous_robot/sensors_package/src/lidar_ws/install/lslidar_msgs/include/lslidar_msgs/lslidar_msgs/srv/detail/dev_port__type_support.c
[6.445s] -- Installing: /home/tamir/autonomous_robot/sensors_package/src/lidar_ws/install/lslidar_msgs/include/lslidar_msgs/lslidar_msgs/srv/detail/data_ip__rosidl_typesupport_introspection_c.h
[6.445s] -- Installing: /home/tamir/autonomous_robot/sensors_package/src/lidar_ws/install/lslidar_msgs/include/lslidar_msgs/lslidar_msgs/srv/detail/destination_ip__type_support.c
[6.445s] -- Installing: /home/tamir/autonomous_robot/sensors_package/src/lidar_ws/install/lslidar_msgs/include/lslidar_msgs/lslidar_msgs/srv/detail/lslidar_control__rosidl_typesupport_introspection_c.h
[6.445s] -- Installing: /home/tamir/autonomous_robot/sensors_package/src/lidar_ws/install/lslidar_msgs/include/lslidar_msgs/lslidar_msgs/srv/detail/time_service__rosidl_typesupport_introspection_c.h
[6.445s] -- Installing: /home/tamir/autonomous_robot/sensors_package/src/lidar_ws/install/lslidar_msgs/include/lslidar_msgs/lslidar_msgs/srv/detail/data_port__rosidl_typesupport_introspection_c.h
[6.445s] -- Installing: /home/tamir/autonomous_robot/sensors_package/src/lidar_ws/install/lslidar_msgs/include/lslidar_msgs/lslidar_msgs/srv/detail/motor_control__rosidl_typesupport_introspection_c.h
[6.445s] -- Installing: /home/tamir/autonomous_robot/sensors_package/src/lidar_ws/install/lslidar_msgs/include/lslidar_msgs/lslidar_msgs/srv/detail/motor_speed__rosidl_typesupport_introspection_c.h
[6.445s] -- Installing: /home/tamir/autonomous_robot/sensors_package/src/lidar_ws/install/lslidar_msgs/include/lslidar_msgs/lslidar_msgs/srv/detail/lslidar_control__type_support.c
[6.445s] -- Installing: /home/tamir/autonomous_robot/sensors_package/src/lidar_ws/install/lslidar_msgs/include/lslidar_msgs/lslidar_msgs/srv/detail/motor_speed__type_support.c
[6.445s] -- Installing: /home/tamir/autonomous_robot/sensors_package/src/lidar_ws/install/lslidar_msgs/include/lslidar_msgs/lslidar_msgs/srv/detail/data_port__type_support.c
[6.445s] -- Installing: /home/tamir/autonomous_robot/sensors_package/src/lidar_ws/install/lslidar_msgs/include/lslidar_msgs/lslidar_msgs/srv/detail/data_ip__type_support.c
[6.445s] -- Installing: /home/tamir/autonomous_robot/sensors_package/src/lidar_ws/install/lslidar_msgs/include/lslidar_msgs/lslidar_msgs/srv/detail/dev_port__rosidl_typesupport_introspection_c.h
[6.445s] -- Installing: /home/tamir/autonomous_robot/sensors_package/src/lidar_ws/install/lslidar_msgs/include/lslidar_msgs/lslidar_msgs/srv/detail/time_service__type_support.c
[6.445s] -- Installing: /home/tamir/autonomous_robot/sensors_package/src/lidar_ws/install/lslidar_msgs/include/lslidar_msgs/lslidar_msgs/srv/detail/destination_ip__rosidl_typesupport_introspection_c.h
[6.445s] -- Installing: /home/tamir/autonomous_robot/sensors_package/src/lidar_ws/install/lslidar_msgs/lib/liblslidar_msgs__rosidl_typesupport_introspection_c.so
[6.446s] -- Set runtime path of "/home/tamir/autonomous_robot/sensors_package/src/lidar_ws/install/lslidar_msgs/lib/liblslidar_msgs__rosidl_typesupport_introspection_c.so" to ""
[6.446s] -- Installing: /home/tamir/autonomous_robot/sensors_package/src/lidar_ws/install/lslidar_msgs/lib/liblslidar_msgs__rosidl_typesupport_c.so
[6.446s] -- Set runtime path of "/home/tamir/autonomous_robot/sensors_package/src/lidar_ws/install/lslidar_msgs/lib/liblslidar_msgs__rosidl_typesupport_c.so" to ""
[6.446s] -- Up-to-date: /home/tamir/autonomous_robot/sensors_package/src/lidar_ws/install/lslidar_msgs/include/lslidar_msgs/lslidar_msgs
[6.446s] -- Up-to-date: /home/tamir/autonomous_robot/sensors_package/src/lidar_ws/install/lslidar_msgs/include/lslidar_msgs/lslidar_msgs/msg
[6.446s] -- Up-to-date: /home/tamir/autonomous_robot/sensors_package/src/lidar_ws/install/lslidar_msgs/include/lslidar_msgs/lslidar_msgs/msg/detail
[6.446s] -- Installing: /home/tamir/autonomous_robot/sensors_package/src/lidar_ws/install/lslidar_msgs/include/lslidar_msgs/lslidar_msgs/msg/detail/lslidar_point__type_support.cpp
[6.446s] -- Installing: /home/tamir/autonomous_robot/sensors_package/src/lidar_ws/install/lslidar_msgs/include/lslidar_msgs/lslidar_msgs/msg/detail/lslidar_scan__rosidl_typesupport_introspection_cpp.hpp
[6.446s] -- Installing: /home/tamir/autonomous_robot/sensors_package/src/lidar_ws/install/lslidar_msgs/include/lslidar_msgs/lslidar_msgs/msg/detail/lslidar_point__rosidl_typesupport_introspection_cpp.hpp
[6.446s] -- Installing: /home/tamir/autonomous_robot/sensors_package/src/lidar_ws/install/lslidar_msgs/include/lslidar_msgs/lslidar_msgs/msg/detail/lslidar_packet__type_support.cpp
[6.446s] -- Installing: /home/tamir/autonomous_robot/sensors_package/src/lidar_ws/install/lslidar_msgs/include/lslidar_msgs/lslidar_msgs/msg/detail/lslidar_scan__type_support.cpp
[6.446s] -- Installing: /home/tamir/autonomous_robot/sensors_package/src/lidar_ws/install/lslidar_msgs/include/lslidar_msgs/lslidar_msgs/msg/detail/lslidar_packet__rosidl_typesupport_introspection_cpp.hpp
[6.446s] -- Up-to-date: /home/tamir/autonomous_robot/sensors_package/src/lidar_ws/install/lslidar_msgs/include/lslidar_msgs/lslidar_msgs/srv
[6.446s] -- Up-to-date: /home/tamir/autonomous_robot/sensors_package/src/lidar_ws/install/lslidar_msgs/include/lslidar_msgs/lslidar_msgs/srv/detail
[6.446s] -- Installing: /home/tamir/autonomous_robot/sensors_package/src/lidar_ws/install/lslidar_msgs/include/lslidar_msgs/lslidar_msgs/srv/detail/data_ip__rosidl_typesupport_introspection_cpp.hpp
[6.446s] -- Installing: /home/tamir/autonomous_robot/sensors_package/src/lidar_ws/install/lslidar_msgs/include/lslidar_msgs/lslidar_msgs/srv/detail/time_service__rosidl_typesupport_introspection_cpp.hpp
[6.446s] -- Installing: /home/tamir/autonomous_robot/sensors_package/src/lidar_ws/install/lslidar_msgs/include/lslidar_msgs/lslidar_msgs/srv/detail/destination_ip__rosidl_typesupport_introspection_cpp.hpp
[6.446s] -- Installing: /home/tamir/autonomous_robot/sensors_package/src/lidar_ws/install/lslidar_msgs/include/lslidar_msgs/lslidar_msgs/srv/detail/motor_speed__rosidl_typesupport_introspection_cpp.hpp
[6.446s] -- Installing: /home/tamir/autonomous_robot/sensors_package/src/lidar_ws/install/lslidar_msgs/include/lslidar_msgs/lslidar_msgs/srv/detail/lslidar_control__type_support.cpp
[6.446s] -- Installing: /home/tamir/autonomous_robot/sensors_package/src/lidar_ws/install/lslidar_msgs/include/lslidar_msgs/lslidar_msgs/srv/detail/data_port__type_support.cpp
[6.446s] -- Installing: /home/tamir/autonomous_robot/sensors_package/src/lidar_ws/install/lslidar_msgs/include/lslidar_msgs/lslidar_msgs/srv/detail/motor_speed__type_support.cpp
[6.446s] -- Installing: /home/tamir/autonomous_robot/sensors_package/src/lidar_ws/install/lslidar_msgs/include/lslidar_msgs/lslidar_msgs/srv/detail/dev_port__type_support.cpp
[6.446s] -- Installing: /home/tamir/autonomous_robot/sensors_package/src/lidar_ws/install/lslidar_msgs/include/lslidar_msgs/lslidar_msgs/srv/detail/motor_control__rosidl_typesupport_introspection_cpp.hpp
[6.447s] -- Installing: /home/tamir/autonomous_robot/sensors_package/src/lidar_ws/install/lslidar_msgs/include/lslidar_msgs/lslidar_msgs/srv/detail/time_service__type_support.cpp
[6.447s] -- Installing: /home/tamir/autonomous_robot/sensors_package/src/lidar_ws/install/lslidar_msgs/include/lslidar_msgs/lslidar_msgs/srv/detail/data_ip__type_support.cpp
[6.447s] -- Installing: /home/tamir/autonomous_robot/sensors_package/src/lidar_ws/install/lslidar_msgs/include/lslidar_msgs/lslidar_msgs/srv/detail/dev_port__rosidl_typesupport_introspection_cpp.hpp
[6.447s] -- Installing: /home/tamir/autonomous_robot/sensors_package/src/lidar_ws/install/lslidar_msgs/include/lslidar_msgs/lslidar_msgs/srv/detail/data_port__rosidl_typesupport_introspection_cpp.hpp
[6.447s] -- Installing: /home/tamir/autonomous_robot/sensors_package/src/lidar_ws/install/lslidar_msgs/include/lslidar_msgs/lslidar_msgs/srv/detail/destination_ip__type_support.cpp
[6.447s] -- Installing: /home/tamir/autonomous_robot/sensors_package/src/lidar_ws/install/lslidar_msgs/include/lslidar_msgs/lslidar_msgs/srv/detail/lslidar_control__rosidl_typesupport_introspection_cpp.hpp
[6.447s] -- Installing: /home/tamir/autonomous_robot/sensors_package/src/lidar_ws/install/lslidar_msgs/include/lslidar_msgs/lslidar_msgs/srv/detail/motor_control__type_support.cpp
[6.447s] -- Installing: /home/tamir/autonomous_robot/sensors_package/src/lidar_ws/install/lslidar_msgs/lib/liblslidar_msgs__rosidl_typesupport_introspection_cpp.so
[6.447s] -- Set runtime path of "/home/tamir/autonomous_robot/sensors_package/src/lidar_ws/install/lslidar_msgs/lib/liblslidar_msgs__rosidl_typesupport_introspection_cpp.so" to ""
[6.447s] -- Installing: /home/tamir/autonomous_robot/sensors_package/src/lidar_ws/install/lslidar_msgs/lib/liblslidar_msgs__rosidl_typesupport_cpp.so
[6.447s] -- Set runtime path of "/home/tamir/autonomous_robot/sensors_package/src/lidar_ws/install/lslidar_msgs/lib/liblslidar_msgs__rosidl_typesupport_cpp.so" to ""
[6.447s] -- Installing: /home/tamir/autonomous_robot/sensors_package/src/lidar_ws/install/lslidar_msgs/share/lslidar_msgs/environment/pythonpath.sh
[6.447s] -- Installing: /home/tamir/autonomous_robot/sensors_package/src/lidar_ws/install/lslidar_msgs/share/lslidar_msgs/environment/pythonpath.dsv
[6.447s] -- Installing: /home/tamir/autonomous_robot/sensors_package/src/lidar_ws/install/lslidar_msgs/local/lib/python3.10/dist-packages/lslidar_msgs-3.0.1-py3.10.egg-info
[6.448s] -- Installing: /home/tamir/autonomous_robot/sensors_package/src/lidar_ws/install/lslidar_msgs/local/lib/python3.10/dist-packages/lslidar_msgs-3.0.1-py3.10.egg-info/PKG-INFO
[6.448s] -- Installing: /home/tamir/autonomous_robot/sensors_package/src/lidar_ws/install/lslidar_msgs/local/lib/python3.10/dist-packages/lslidar_msgs-3.0.1-py3.10.egg-info/dependency_links.txt
[6.448s] -- Installing: /home/tamir/autonomous_robot/sensors_package/src/lidar_ws/install/lslidar_msgs/local/lib/python3.10/dist-packages/lslidar_msgs-3.0.1-py3.10.egg-info/top_level.txt
[6.448s] -- Installing: /home/tamir/autonomous_robot/sensors_package/src/lidar_ws/install/lslidar_msgs/local/lib/python3.10/dist-packages/lslidar_msgs-3.0.1-py3.10.egg-info/SOURCES.txt
[6.448s] -- Installing: /home/tamir/autonomous_robot/sensors_package/src/lidar_ws/install/lslidar_msgs/local/lib/python3.10/dist-packages/lslidar_msgs
[6.448s] -- Installing: /home/tamir/autonomous_robot/sensors_package/src/lidar_ws/install/lslidar_msgs/local/lib/python3.10/dist-packages/lslidar_msgs/_lslidar_msgs_s.ep.rosidl_typesupport_c.c
[6.448s] -- Installing: /home/tamir/autonomous_robot/sensors_package/src/lidar_ws/install/lslidar_msgs/local/lib/python3.10/dist-packages/lslidar_msgs/msg
[6.448s] -- Installing: /home/tamir/autonomous_robot/sensors_package/src/lidar_ws/install/lslidar_msgs/local/lib/python3.10/dist-packages/lslidar_msgs/msg/_lslidar_packet.py
[6.448s] -- Installing: /home/tamir/autonomous_robot/sensors_package/src/lidar_ws/install/lslidar_msgs/local/lib/python3.10/dist-packages/lslidar_msgs/msg/_lslidar_point_s.c
[6.448s] -- Installing: /home/tamir/autonomous_robot/sensors_package/src/lidar_ws/install/lslidar_msgs/local/lib/python3.10/dist-packages/lslidar_msgs/msg/_lslidar_scan.py
[6.448s] -- Installing: /home/tamir/autonomous_robot/sensors_package/src/lidar_ws/install/lslidar_msgs/local/lib/python3.10/dist-packages/lslidar_msgs/msg/_lslidar_scan_s.c
[6.448s] -- Installing: /home/tamir/autonomous_robot/sensors_package/src/lidar_ws/install/lslidar_msgs/local/lib/python3.10/dist-packages/lslidar_msgs/msg/__init__.py
[6.448s] -- Installing: /home/tamir/autonomous_robot/sensors_package/src/lidar_ws/install/lslidar_msgs/local/lib/python3.10/dist-packages/lslidar_msgs/msg/_lslidar_packet_s.c
[6.448s] -- Installing: /home/tamir/autonomous_robot/sensors_package/src/lidar_ws/install/lslidar_msgs/local/lib/python3.10/dist-packages/lslidar_msgs/msg/_lslidar_point.py
[6.448s] -- Installing: /home/tamir/autonomous_robot/sensors_package/src/lidar_ws/install/lslidar_msgs/local/lib/python3.10/dist-packages/lslidar_msgs/__init__.py
[6.448s] -- Installing: /home/tamir/autonomous_robot/sensors_package/src/lidar_ws/install/lslidar_msgs/local/lib/python3.10/dist-packages/lslidar_msgs/lslidar_msgs_s__rosidl_typesupport_introspection_c.cpython-310-x86_64-linux-gnu.so
[6.448s] -- Installing: /home/tamir/autonomous_robot/sensors_package/src/lidar_ws/install/lslidar_msgs/local/lib/python3.10/dist-packages/lslidar_msgs/lslidar_msgs_s__rosidl_typesupport_c.cpython-310-x86_64-linux-gnu.so
[6.448s] -- Installing: /home/tamir/autonomous_robot/sensors_package/src/lidar_ws/install/lslidar_msgs/local/lib/python3.10/dist-packages/lslidar_msgs/_lslidar_msgs_s.ep.rosidl_typesupport_introspection_c.c
[6.448s] -- Installing: /home/tamir/autonomous_robot/sensors_package/src/lidar_ws/install/lslidar_msgs/local/lib/python3.10/dist-packages/lslidar_msgs/srv
[6.449s] -- Installing: /home/tamir/autonomous_robot/sensors_package/src/lidar_ws/install/lslidar_msgs/local/lib/python3.10/dist-packages/lslidar_msgs/srv/_dev_port_s.c
[6.449s] -- Installing: /home/tamir/autonomous_robot/sensors_package/src/lidar_ws/install/lslidar_msgs/local/lib/python3.10/dist-packages/lslidar_msgs/srv/_data_ip.py
[6.449s] -- Installing: /home/tamir/autonomous_robot/sensors_package/src/lidar_ws/install/lslidar_msgs/local/lib/python3.10/dist-packages/lslidar_msgs/srv/_time_service.py
[6.449s] -- Installing: /home/tamir/autonomous_robot/sensors_package/src/lidar_ws/install/lslidar_msgs/local/lib/python3.10/dist-packages/lslidar_msgs/srv/_motor_speed.py
[6.449s] -- Installing: /home/tamir/autonomous_robot/sensors_package/src/lidar_ws/install/lslidar_msgs/local/lib/python3.10/dist-packages/lslidar_msgs/srv/_destination_ip_s.c
[6.449s] -- Installing: /home/tamir/autonomous_robot/sensors_package/src/lidar_ws/install/lslidar_msgs/local/lib/python3.10/dist-packages/lslidar_msgs/srv/__init__.py
[6.449s] -- Installing: /home/tamir/autonomous_robot/sensors_package/src/lidar_ws/install/lslidar_msgs/local/lib/python3.10/dist-packages/lslidar_msgs/srv/_motor_control_s.c
[6.449s] -- Installing: /home/tamir/autonomous_robot/sensors_package/src/lidar_ws/install/lslidar_msgs/local/lib/python3.10/dist-packages/lslidar_msgs/srv/_lslidar_control.py
[6.449s] -- Installing: /home/tamir/autonomous_robot/sensors_package/src/lidar_ws/install/lslidar_msgs/local/lib/python3.10/dist-packages/lslidar_msgs/srv/_data_port.py
[6.449s] -- Installing: /home/tamir/autonomous_robot/sensors_package/src/lidar_ws/install/lslidar_msgs/local/lib/python3.10/dist-packages/lslidar_msgs/srv/_dev_port.py
[6.449s] -- Installing: /home/tamir/autonomous_robot/sensors_package/src/lidar_ws/install/lslidar_msgs/local/lib/python3.10/dist-packages/lslidar_msgs/srv/_data_ip_s.c
[6.449s] -- Installing: /home/tamir/autonomous_robot/sensors_package/src/lidar_ws/install/lslidar_msgs/local/lib/python3.10/dist-packages/lslidar_msgs/srv/_lslidar_control_s.c
[6.449s] -- Installing: /home/tamir/autonomous_robot/sensors_package/src/lidar_ws/install/lslidar_msgs/local/lib/python3.10/dist-packages/lslidar_msgs/srv/_motor_speed_s.c
[6.449s] -- Installing: /home/tamir/autonomous_robot/sensors_package/src/lidar_ws/install/lslidar_msgs/local/lib/python3.10/dist-packages/lslidar_msgs/srv/_data_port_s.c
[6.449s] -- Installing: /home/tamir/autonomous_robot/sensors_package/src/lidar_ws/install/lslidar_msgs/local/lib/python3.10/dist-packages/lslidar_msgs/srv/_time_service_s.c
[6.449s] -- Installing: /home/tamir/autonomous_robot/sensors_package/src/lidar_ws/install/lslidar_msgs/local/lib/python3.10/dist-packages/lslidar_msgs/srv/_destination_ip.py
[6.449s] -- Installing: /home/tamir/autonomous_robot/sensors_package/src/lidar_ws/install/lslidar_msgs/local/lib/python3.10/dist-packages/lslidar_msgs/srv/_motor_control.py
[6.449s] -- Installing: /home/tamir/autonomous_robot/sensors_package/src/lidar_ws/install/lslidar_msgs/local/lib/python3.10/dist-packages/lslidar_msgs/liblslidar_msgs__rosidl_generator_py.so
[6.449s] -- Installing: /home/tamir/autonomous_robot/sensors_package/src/lidar_ws/install/lslidar_msgs/local/lib/python3.10/dist-packages/lslidar_msgs/lslidar_msgs_s__rosidl_typesupport_fastrtps_c.cpython-310-x86_64-linux-gnu.so
[6.449s] -- Installing: /home/tamir/autonomous_robot/sensors_package/src/lidar_ws/install/lslidar_msgs/local/lib/python3.10/dist-packages/lslidar_msgs/_lslidar_msgs_s.ep.rosidl_typesupport_fastrtps_c.c
[6.494s] Listing '/home/tamir/autonomous_robot/sensors_package/src/lidar_ws/install/lslidar_msgs/local/lib/python3.10/dist-packages/lslidar_msgs'...
[6.495s] Compiling '/home/tamir/autonomous_robot/sensors_package/src/lidar_ws/install/lslidar_msgs/local/lib/python3.10/dist-packages/lslidar_msgs/__init__.py'...
[6.495s] Listing '/home/tamir/autonomous_robot/sensors_package/src/lidar_ws/install/lslidar_msgs/local/lib/python3.10/dist-packages/lslidar_msgs/msg'...
[6.495s] Compiling '/home/tamir/autonomous_robot/sensors_package/src/lidar_ws/install/lslidar_msgs/local/lib/python3.10/dist-packages/lslidar_msgs/msg/__init__.py'...
[6.495s] Compiling '/home/tamir/autonomous_robot/sensors_package/src/lidar_ws/install/lslidar_msgs/local/lib/python3.10/dist-packages/lslidar_msgs/msg/_lslidar_packet.py'...
[6.495s] Compiling '/home/tamir/autonomous_robot/sensors_package/src/lidar_ws/install/lslidar_msgs/local/lib/python3.10/dist-packages/lslidar_msgs/msg/_lslidar_point.py'...
[6.495s] Compiling '/home/tamir/autonomous_robot/sensors_package/src/lidar_ws/install/lslidar_msgs/local/lib/python3.10/dist-packages/lslidar_msgs/msg/_lslidar_scan.py'...
[6.495s] Listing '/home/tamir/autonomous_robot/sensors_package/src/lidar_ws/install/lslidar_msgs/local/lib/python3.10/dist-packages/lslidar_msgs/srv'...
[6.495s] Compiling '/home/tamir/autonomous_robot/sensors_package/src/lidar_ws/install/lslidar_msgs/local/lib/python3.10/dist-packages/lslidar_msgs/srv/__init__.py'...
[6.495s] Compiling '/home/tamir/autonomous_robot/sensors_package/src/lidar_ws/install/lslidar_msgs/local/lib/python3.10/dist-packages/lslidar_msgs/srv/_data_ip.py'...
[6.495s] Compiling '/home/tamir/autonomous_robot/sensors_package/src/lidar_ws/install/lslidar_msgs/local/lib/python3.10/dist-packages/lslidar_msgs/srv/_data_port.py'...
[6.495s] Compiling '/home/tamir/autonomous_robot/sensors_package/src/lidar_ws/install/lslidar_msgs/local/lib/python3.10/dist-packages/lslidar_msgs/srv/_destination_ip.py'...
[6.495s] Compiling '/home/tamir/autonomous_robot/sensors_package/src/lidar_ws/install/lslidar_msgs/local/lib/python3.10/dist-packages/lslidar_msgs/srv/_dev_port.py'...
[6.495s] Compiling '/home/tamir/autonomous_robot/sensors_package/src/lidar_ws/install/lslidar_msgs/local/lib/python3.10/dist-packages/lslidar_msgs/srv/_lslidar_control.py'...
[6.495s] Compiling '/home/tamir/autonomous_robot/sensors_package/src/lidar_ws/install/lslidar_msgs/local/lib/python3.10/dist-packages/lslidar_msgs/srv/_motor_control.py'...
[6.495s] Compiling '/home/tamir/autonomous_robot/sensors_package/src/lidar_ws/install/lslidar_msgs/local/lib/python3.10/dist-packages/lslidar_msgs/srv/_motor_speed.py'...
[6.495s] Compiling '/home/tamir/autonomous_robot/sensors_package/src/lidar_ws/install/lslidar_msgs/local/lib/python3.10/dist-packages/lslidar_msgs/srv/_time_service.py'...
[6.498s] -- Installing: /home/tamir/autonomous_robot/sensors_package/src/lidar_ws/install/lslidar_msgs/local/lib/python3.10/dist-packages/lslidar_msgs/lslidar_msgs_s__rosidl_typesupport_fastrtps_c.cpython-310-x86_64-linux-gnu.so
[6.498s] -- Set runtime path of "/home/tamir/autonomous_robot/sensors_package/src/lidar_ws/install/lslidar_msgs/local/lib/python3.10/dist-packages/lslidar_msgs/lslidar_msgs_s__rosidl_typesupport_fastrtps_c.cpython-310-x86_64-linux-gnu.so" to ""
[6.498s] -- Installing: /home/tamir/autonomous_robot/sensors_package/src/lidar_ws/install/lslidar_msgs/local/lib/python3.10/dist-packages/lslidar_msgs/lslidar_msgs_s__rosidl_typesupport_introspection_c.cpython-310-x86_64-linux-gnu.so
[6.498s] -- Set runtime path of "/home/tamir/autonomous_robot/sensors_package/src/lidar_ws/install/lslidar_msgs/local/lib/python3.10/dist-packages/lslidar_msgs/lslidar_msgs_s__rosidl_typesupport_introspection_c.cpython-310-x86_64-linux-gnu.so" to ""
[6.498s] -- Installing: /home/tamir/autonomous_robot/sensors_package/src/lidar_ws/install/lslidar_msgs/local/lib/python3.10/dist-packages/lslidar_msgs/lslidar_msgs_s__rosidl_typesupport_c.cpython-310-x86_64-linux-gnu.so
[6.498s] -- Set runtime path of "/home/tamir/autonomous_robot/sensors_package/src/lidar_ws/install/lslidar_msgs/local/lib/python3.10/dist-packages/lslidar_msgs/lslidar_msgs_s__rosidl_typesupport_c.cpython-310-x86_64-linux-gnu.so" to ""
[6.498s] -- Installing: /home/tamir/autonomous_robot/sensors_package/src/lidar_ws/install/lslidar_msgs/lib/liblslidar_msgs__rosidl_generator_py.so
[6.498s] -- Set runtime path of "/home/tamir/autonomous_robot/sensors_package/src/lidar_ws/install/lslidar_msgs/lib/liblslidar_msgs__rosidl_generator_py.so" to ""
[6.499s] -- Installing: /home/tamir/autonomous_robot/sensors_package/src/lidar_ws/install/lslidar_msgs/share/lslidar_msgs/msg/LslidarPacket.idl
[6.499s] -- Installing: /home/tamir/autonomous_robot/sensors_package/src/lidar_ws/install/lslidar_msgs/share/lslidar_msgs/msg/LslidarPoint.idl
[6.499s] -- Installing: /home/tamir/autonomous_robot/sensors_package/src/lidar_ws/install/lslidar_msgs/share/lslidar_msgs/msg/LslidarScan.idl
[6.499s] -- Installing: /home/tamir/autonomous_robot/sensors_package/src/lidar_ws/install/lslidar_msgs/share/lslidar_msgs/srv/DataIp.idl
[6.499s] -- Installing: /home/tamir/autonomous_robot/sensors_package/src/lidar_ws/install/lslidar_msgs/share/lslidar_msgs/srv/DataPort.idl
[6.499s] -- Installing: /home/tamir/autonomous_robot/sensors_package/src/lidar_ws/install/lslidar_msgs/share/lslidar_msgs/srv/DestinationIp.idl
[6.499s] -- Installing: /home/tamir/autonomous_robot/sensors_package/src/lidar_ws/install/lslidar_msgs/share/lslidar_msgs/srv/DevPort.idl
[6.499s] -- Installing: /home/tamir/autonomous_robot/sensors_package/src/lidar_ws/install/lslidar_msgs/share/lslidar_msgs/srv/LslidarControl.idl
[6.499s] -- Installing: /home/tamir/autonomous_robot/sensors_package/src/lidar_ws/install/lslidar_msgs/share/lslidar_msgs/srv/MotorControl.idl
[6.500s] -- Installing: /home/tamir/autonomous_robot/sensors_package/src/lidar_ws/install/lslidar_msgs/share/lslidar_msgs/srv/MotorSpeed.idl
[6.500s] -- Installing: /home/tamir/autonomous_robot/sensors_package/src/lidar_ws/install/lslidar_msgs/share/lslidar_msgs/srv/TimeService.idl
[6.500s] -- Installing: /home/tamir/autonomous_robot/sensors_package/src/lidar_ws/install/lslidar_msgs/share/lslidar_msgs/msg/LslidarPacket.msg
[6.500s] -- Installing: /home/tamir/autonomous_robot/sensors_package/src/lidar_ws/install/lslidar_msgs/share/lslidar_msgs/msg/LslidarPoint.msg
[6.500s] -- Installing: /home/tamir/autonomous_robot/sensors_package/src/lidar_ws/install/lslidar_msgs/share/lslidar_msgs/msg/LslidarScan.msg
[6.500s] -- Installing: /home/tamir/autonomous_robot/sensors_package/src/lidar_ws/install/lslidar_msgs/share/lslidar_msgs/srv/DataIp.srv
[6.500s] -- Installing: /home/tamir/autonomous_robot/sensors_package/src/lidar_ws/install/lslidar_msgs/share/lslidar_msgs/srv/DataIp_Request.msg
[6.500s] -- Installing: /home/tamir/autonomous_robot/sensors_package/src/lidar_ws/install/lslidar_msgs/share/lslidar_msgs/srv/DataIp_Response.msg
[6.500s] -- Installing: /home/tamir/autonomous_robot/sensors_package/src/lidar_ws/install/lslidar_msgs/share/lslidar_msgs/srv/DataPort.srv
[6.500s] -- Installing: /home/tamir/autonomous_robot/sensors_package/src/lidar_ws/install/lslidar_msgs/share/lslidar_msgs/srv/DataPort_Request.msg
[6.500s] -- Installing: /home/tamir/autonomous_robot/sensors_package/src/lidar_ws/install/lslidar_msgs/share/lslidar_msgs/srv/DataPort_Response.msg
[6.500s] -- Installing: /home/tamir/autonomous_robot/sensors_package/src/lidar_ws/install/lslidar_msgs/share/lslidar_msgs/srv/DestinationIp.srv
[6.500s] -- Installing: /home/tamir/autonomous_robot/sensors_package/src/lidar_ws/install/lslidar_msgs/share/lslidar_msgs/srv/DestinationIp_Request.msg
[6.500s] -- Installing: /home/tamir/autonomous_robot/sensors_package/src/lidar_ws/install/lslidar_msgs/share/lslidar_msgs/srv/DestinationIp_Response.msg
[6.500s] -- Installing: /home/tamir/autonomous_robot/sensors_package/src/lidar_ws/install/lslidar_msgs/share/lslidar_msgs/srv/DevPort.srv
[6.500s] -- Installing: /home/tamir/autonomous_robot/sensors_package/src/lidar_ws/install/lslidar_msgs/share/lslidar_msgs/srv/DevPort_Request.msg
[6.500s] -- Installing: /home/tamir/autonomous_robot/sensors_package/src/lidar_ws/install/lslidar_msgs/share/lslidar_msgs/srv/DevPort_Response.msg
[6.500s] -- Installing: /home/tamir/autonomous_robot/sensors_package/src/lidar_ws/install/lslidar_msgs/share/lslidar_msgs/srv/LslidarControl.srv
[6.500s] -- Installing: /home/tamir/autonomous_robot/sensors_package/src/lidar_ws/install/lslidar_msgs/share/lslidar_msgs/srv/LslidarControl_Request.msg
[6.500s] -- Installing: /home/tamir/autonomous_robot/sensors_package/src/lidar_ws/install/lslidar_msgs/share/lslidar_msgs/srv/LslidarControl_Response.msg
[6.500s] -- Installing: /home/tamir/autonomous_robot/sensors_package/src/lidar_ws/install/lslidar_msgs/share/lslidar_msgs/srv/MotorControl.srv
[6.500s] -- Installing: /home/tamir/autonomous_robot/sensors_package/src/lidar_ws/install/lslidar_msgs/share/lslidar_msgs/srv/MotorControl_Request.msg
[6.500s] -- Installing: /home/tamir/autonomous_robot/sensors_package/src/lidar_ws/install/lslidar_msgs/share/lslidar_msgs/srv/MotorControl_Response.msg
[6.501s] -- Installing: /home/tamir/autonomous_robot/sensors_package/src/lidar_ws/install/lslidar_msgs/share/lslidar_msgs/srv/MotorSpeed.srv
[6.501s] -- Installing: /home/tamir/autonomous_robot/sensors_package/src/lidar_ws/install/lslidar_msgs/share/lslidar_msgs/srv/MotorSpeed_Request.msg
[6.501s] -- Installing: /home/tamir/autonomous_robot/sensors_package/src/lidar_ws/install/lslidar_msgs/share/lslidar_msgs/srv/MotorSpeed_Response.msg
[6.501s] -- Installing: /home/tamir/autonomous_robot/sensors_package/src/lidar_ws/install/lslidar_msgs/share/lslidar_msgs/srv/TimeService.srv
[6.501s] -- Installing: /home/tamir/autonomous_robot/sensors_package/src/lidar_ws/install/lslidar_msgs/share/lslidar_msgs/srv/TimeService_Request.msg
[6.501s] -- Installing: /home/tamir/autonomous_robot/sensors_package/src/lidar_ws/install/lslidar_msgs/share/lslidar_msgs/srv/TimeService_Response.msg
[6.501s] -- Installing: /home/tamir/autonomous_robot/sensors_package/src/lidar_ws/install/lslidar_msgs/share/ament_index/resource_index/package_run_dependencies/lslidar_msgs
[6.501s] -- Installing: /home/tamir/autonomous_robot/sensors_package/src/lidar_ws/install/lslidar_msgs/share/ament_index/resource_index/parent_prefix_path/lslidar_msgs
[6.501s] -- Installing: /home/tamir/autonomous_robot/sensors_package/src/lidar_ws/install/lslidar_msgs/share/lslidar_msgs/environment/ament_prefix_path.sh
[6.501s] -- Installing: /home/tamir/autonomous_robot/sensors_package/src/lidar_ws/install/lslidar_msgs/share/lslidar_msgs/environment/ament_prefix_path.dsv
[6.501s] -- Installing: /home/tamir/autonomous_robot/sensors_package/src/lidar_ws/install/lslidar_msgs/share/lslidar_msgs/environment/path.sh
[6.501s] -- Installing: /home/tamir/autonomous_robot/sensors_package/src/lidar_ws/install/lslidar_msgs/share/lslidar_msgs/environment/path.dsv
[6.501s] -- Installing: /home/tamir/autonomous_robot/sensors_package/src/lidar_ws/install/lslidar_msgs/share/lslidar_msgs/local_setup.bash
[6.501s] -- Installing: /home/tamir/autonomous_robot/sensors_package/src/lidar_ws/install/lslidar_msgs/share/lslidar_msgs/local_setup.sh
[6.501s] -- Installing: /home/tamir/autonomous_robot/sensors_package/src/lidar_ws/install/lslidar_msgs/share/lslidar_msgs/local_setup.zsh
[6.501s] -- Installing: /home/tamir/autonomous_robot/sensors_package/src/lidar_ws/install/lslidar_msgs/share/lslidar_msgs/local_setup.dsv
[6.502s] -- Installing: /home/tamir/autonomous_robot/sensors_package/src/lidar_ws/install/lslidar_msgs/share/lslidar_msgs/package.dsv
[6.502s] -- Installing: /home/tamir/autonomous_robot/sensors_package/src/lidar_ws/install/lslidar_msgs/share/ament_index/resource_index/packages/lslidar_msgs
[6.502s] -- Installing: /home/tamir/autonomous_robot/sensors_package/src/lidar_ws/install/lslidar_msgs/share/lslidar_msgs/cmake/export_lslidar_msgs__rosidl_generator_cExport.cmake
[6.502s] -- Installing: /home/tamir/autonomous_robot/sensors_package/src/lidar_ws/install/lslidar_msgs/share/lslidar_msgs/cmake/export_lslidar_msgs__rosidl_generator_cExport-noconfig.cmake
[6.502s] -- Installing: /home/tamir/autonomous_robot/sensors_package/src/lidar_ws/install/lslidar_msgs/share/lslidar_msgs/cmake/export_lslidar_msgs__rosidl_typesupport_fastrtps_cExport.cmake
[6.502s] -- Installing: /home/tamir/autonomous_robot/sensors_package/src/lidar_ws/install/lslidar_msgs/share/lslidar_msgs/cmake/export_lslidar_msgs__rosidl_typesupport_fastrtps_cExport-noconfig.cmake
[6.502s] -- Installing: /home/tamir/autonomous_robot/sensors_package/src/lidar_ws/install/lslidar_msgs/share/lslidar_msgs/cmake/export_lslidar_msgs__rosidl_generator_cppExport.cmake
[6.502s] -- Installing: /home/tamir/autonomous_robot/sensors_package/src/lidar_ws/install/lslidar_msgs/share/lslidar_msgs/cmake/export_lslidar_msgs__rosidl_typesupport_fastrtps_cppExport.cmake
[6.502s] -- Installing: /home/tamir/autonomous_robot/sensors_package/src/lidar_ws/install/lslidar_msgs/share/lslidar_msgs/cmake/export_lslidar_msgs__rosidl_typesupport_fastrtps_cppExport-noconfig.cmake
[6.502s] -- Installing: /home/tamir/autonomous_robot/sensors_package/src/lidar_ws/install/lslidar_msgs/share/lslidar_msgs/cmake/lslidar_msgs__rosidl_typesupport_introspection_cExport.cmake
[6.502s] -- Installing: /home/tamir/autonomous_robot/sensors_package/src/lidar_ws/install/lslidar_msgs/share/lslidar_msgs/cmake/lslidar_msgs__rosidl_typesupport_introspection_cExport-noconfig.cmake
[6.502s] -- Installing: /home/tamir/autonomous_robot/sensors_package/src/lidar_ws/install/lslidar_msgs/share/lslidar_msgs/cmake/lslidar_msgs__rosidl_typesupport_cExport.cmake
[6.502s] -- Installing: /home/tamir/autonomous_robot/sensors_package/src/lidar_ws/install/lslidar_msgs/share/lslidar_msgs/cmake/lslidar_msgs__rosidl_typesupport_cExport-noconfig.cmake
[6.502s] -- Installing: /home/tamir/autonomous_robot/sensors_package/src/lidar_ws/install/lslidar_msgs/share/lslidar_msgs/cmake/lslidar_msgs__rosidl_typesupport_introspection_cppExport.cmake
[6.502s] -- Installing: /home/tamir/autonomous_robot/sensors_package/src/lidar_ws/install/lslidar_msgs/share/lslidar_msgs/cmake/lslidar_msgs__rosidl_typesupport_introspection_cppExport-noconfig.cmake
[6.503s] -- Installing: /home/tamir/autonomous_robot/sensors_package/src/lidar_ws/install/lslidar_msgs/share/lslidar_msgs/cmake/lslidar_msgs__rosidl_typesupport_cppExport.cmake
[6.503s] -- Installing: /home/tamir/autonomous_robot/sensors_package/src/lidar_ws/install/lslidar_msgs/share/lslidar_msgs/cmake/lslidar_msgs__rosidl_typesupport_cppExport-noconfig.cmake
[6.503s] -- Installing: /home/tamir/autonomous_robot/sensors_package/src/lidar_ws/install/lslidar_msgs/share/lslidar_msgs/cmake/export_lslidar_msgs__rosidl_generator_pyExport.cmake
[6.503s] -- Installing: /home/tamir/autonomous_robot/sensors_package/src/lidar_ws/install/lslidar_msgs/share/lslidar_msgs/cmake/export_lslidar_msgs__rosidl_generator_pyExport-noconfig.cmake
[6.503s] -- Installing: /home/tamir/autonomous_robot/sensors_package/src/lidar_ws/install/lslidar_msgs/share/lslidar_msgs/cmake/rosidl_cmake-extras.cmake
[6.503s] -- Installing: /home/tamir/autonomous_robot/sensors_package/src/lidar_ws/install/lslidar_msgs/share/lslidar_msgs/cmake/ament_cmake_export_dependencies-extras.cmake
[6.503s] -- Installing: /home/tamir/autonomous_robot/sensors_package/src/lidar_ws/install/lslidar_msgs/share/lslidar_msgs/cmake/ament_cmake_export_include_directories-extras.cmake
[6.503s] -- Installing: /home/tamir/autonomous_robot/sensors_package/src/lidar_ws/install/lslidar_msgs/share/lslidar_msgs/cmake/ament_cmake_export_libraries-extras.cmake
[6.503s] -- Installing: /home/tamir/autonomous_robot/sensors_package/src/lidar_ws/install/lslidar_msgs/share/lslidar_msgs/cmake/ament_cmake_export_targets-extras.cmake
[6.503s] -- Installing: /home/tamir/autonomous_robot/sensors_package/src/lidar_ws/install/lslidar_msgs/share/lslidar_msgs/cmake/rosidl_cmake_export_typesupport_targets-extras.cmake
[6.503s] -- Installing: /home/tamir/autonomous_robot/sensors_package/src/lidar_ws/install/lslidar_msgs/share/lslidar_msgs/cmake/rosidl_cmake_export_typesupport_libraries-extras.cmake
[6.503s] -- Installing: /home/tamir/autonomous_robot/sensors_package/src/lidar_ws/install/lslidar_msgs/share/lslidar_msgs/cmake/lslidar_msgsConfig.cmake
[6.503s] -- Installing: /home/tamir/autonomous_robot/sensors_package/src/lidar_ws/install/lslidar_msgs/share/lslidar_msgs/cmake/lslidar_msgsConfig-version.cmake
[6.503s] -- Installing: /home/tamir/autonomous_robot/sensors_package/src/lidar_ws/install/lslidar_msgs/share/lslidar_msgs/package.xml
[6.505s] Invoked command in '/home/tamir/autonomous_robot/sensors_package/src/lidar_ws/build/lslidar_msgs' returned '0': CMAKE_PREFIX_PATH=${CMAKE_PREFIX_PATH}:/home/tamir/ros2_ws/install/turtle_spawner:/home/tamir/ros2_ws/install/turtle_controller:/home/tamir/ros2_ws/install/my_py_pkg:/home/tamir/install/calc_odom:/opt/ros/humble /usr/bin/cmake --install /home/tamir/autonomous_robot/sensors_package/src/lidar_ws/build/lslidar_msgs
