[0.438s] Invoking command in '/home/tamir/autonomous_robot/autonomous_robot_control/build/joystick': CMAKE_PREFIX_PATH=${CMAKE_PREFIX_PATH}:/home/tamir/ws_moveit2/install/moveit_configs_utils:/home/tamir/ws_moveit2/install/launch_param_builder:/home/tamir/autonomous_robot/install/calc_odom:/home/tamir/autonomous_robot/install/control_hardware:/home/tamir/ros2_ws/install/turtle_spawner:/home/tamir/ros2_ws/install/turtle_controller:/home/tamir/ros2_ws/install/my_py_pkg:/home/tamir/autonomous_robot/autonomous_robot_control/install/control_hardware:/home/tamir/autonomous_robot/autonomous_robot_control/install/calc_odom:/home/tamir/autonomous_robot/autonomous_robot_control/src/control_hardware/install/control_hardware:/opt/ros/humble /usr/bin/cmake --build /home/tamir/autonomous_robot/autonomous_robot_control/build/joystick -- -j12 -l12
[0.503s] -- Found ament_cmake: 1.3.11 (/opt/ros/humble/share/ament_cmake/cmake)
[0.623s] -- Found rclcpp: 16.0.11 (/opt/ros/humble/share/rclcpp/cmake)
[0.650s] -- Found rosidl_generator_c: 3.1.6 (/opt/ros/humble/share/rosidl_generator_c/cmake)
[0.652s] -- Found rosidl_adapter: 3.1.6 (/opt/ros/humble/share/rosidl_adapter/cmake)
[0.660s] -- Found rosidl_generator_cpp: 3.1.6 (/opt/ros/humble/share/rosidl_generator_cpp/cmake)
[0.673s] -- Using all available rosidl_typesupport_c: rosidl_typesupport_fastrtps_c;rosidl_typesupport_introspection_c
[0.685s] -- Using all available rosidl_typesupport_cpp: rosidl_typesupport_fastrtps_cpp;rosidl_typesupport_introspection_cpp
[0.727s] -- Found rmw_implementation_cmake: 6.1.2 (/opt/ros/humble/share/rmw_implementation_cmake/cmake)
[0.731s] -- Found rmw_cyclonedds_cpp: 1.3.4 (/opt/ros/humble/share/rmw_cyclonedds_cpp/cmake)
[0.750s] -- Using RMW implementation 'rmw_cyclonedds_cpp' as default
[0.798s] -- Found sensor_msgs: 4.2.4 (/opt/ros/humble/share/sensor_msgs/cmake)
[0.822s] -- Found robot_common_interfaces: 0.0.0 (/home/tamir/autonomous_robot/install/robot_common_interfaces/share/robot_common_interfaces/cmake)
[0.896s] -- Configuring done
[0.909s] -- Generating done
[0.910s] -- Build files have been written to: /home/tamir/autonomous_robot/autonomous_robot_control/build/joystick
[0.938s] [35m[1mConsolidate compiler generated dependencies of target joystick[0m
[0.943s] [35m[1mConsolidate compiler generated dependencies of target teleop_joy_node[0m
[0.958s] [ 16%] [32mBuilding CXX object CMakeFiles/joystick.dir/src/joy_compute_control.cpp.o[0m
[0.970s] [ 33%] [32mBuilding CXX object CMakeFiles/teleop_joy_node.dir/src/teleop_joy_node.cpp.o[0m
[1.121s] [ 50%] [32m[1mLinking CXX static library libjoystick.a[0m
[1.165s] [ 50%] Built target joystick
[1.180s] [35m[1mConsolidate compiler generated dependencies of target prototype_joy_driver[0m
[1.198s] [ 66%] [32mBuilding CXX object CMakeFiles/prototype_joy_driver.dir/src/prototype_joy_driver.cpp.o[0m
[6.712s] [ 83%] [32m[1mLinking CXX executable teleop_joy_node[0m
[6.824s] [100%] [32m[1mLinking CXX executable prototype_joy_driver[0m
[7.044s] [100%] Built target teleop_joy_node
[7.130s] [100%] Built target prototype_joy_driver
[7.148s] Invoked command in '/home/tamir/autonomous_robot/autonomous_robot_control/build/joystick' returned '0': CMAKE_PREFIX_PATH=${CMAKE_PREFIX_PATH}:/home/tamir/ws_moveit2/install/moveit_configs_utils:/home/tamir/ws_moveit2/install/launch_param_builder:/home/tamir/autonomous_robot/install/calc_odom:/home/tamir/autonomous_robot/install/control_hardware:/home/tamir/ros2_ws/install/turtle_spawner:/home/tamir/ros2_ws/install/turtle_controller:/home/tamir/ros2_ws/install/my_py_pkg:/home/tamir/autonomous_robot/autonomous_robot_control/install/control_hardware:/home/tamir/autonomous_robot/autonomous_robot_control/install/calc_odom:/home/tamir/autonomous_robot/autonomous_robot_control/src/control_hardware/install/control_hardware:/opt/ros/humble /usr/bin/cmake --build /home/tamir/autonomous_robot/autonomous_robot_control/build/joystick -- -j12 -l12
[7.249s] Invoking command in '/home/tamir/autonomous_robot/autonomous_robot_control/build/joystick': CMAKE_PREFIX_PATH=${CMAKE_PREFIX_PATH}:/home/tamir/ws_moveit2/install/moveit_configs_utils:/home/tamir/ws_moveit2/install/launch_param_builder:/home/tamir/autonomous_robot/install/calc_odom:/home/tamir/autonomous_robot/install/control_hardware:/home/tamir/ros2_ws/install/turtle_spawner:/home/tamir/ros2_ws/install/turtle_controller:/home/tamir/ros2_ws/install/my_py_pkg:/home/tamir/autonomous_robot/autonomous_robot_control/install/control_hardware:/home/tamir/autonomous_robot/autonomous_robot_control/install/calc_odom:/home/tamir/autonomous_robot/autonomous_robot_control/src/control_hardware/install/control_hardware:/opt/ros/humble /usr/bin/cmake --install /home/tamir/autonomous_robot/autonomous_robot_control/build/joystick
[7.263s] -- Install configuration: ""
[7.273s] -- Installing: /home/tamir/autonomous_robot/autonomous_robot_control/install/joystick/lib/joystick/teleop_joy_node
[7.277s] -- Set runtime path of "/home/tamir/autonomous_robot/autonomous_robot_control/install/joystick/lib/joystick/teleop_joy_node" to ""
[7.278s] -- Installing: /home/tamir/autonomous_robot/autonomous_robot_control/install/joystick/lib/joystick/prototype_joy_driver
[7.281s] -- Set runtime path of "/home/tamir/autonomous_robot/autonomous_robot_control/install/joystick/lib/joystick/prototype_joy_driver" to ""
[7.281s] -- Up-to-date: /home/tamir/autonomous_robot/autonomous_robot_control/install/joystick/include/joystick
[7.281s] -- Up-to-date: /home/tamir/autonomous_robot/autonomous_robot_control/install/joystick/include/joystick/joystick
[7.281s] -- Installing: /home/tamir/autonomous_robot/autonomous_robot_control/install/joystick/include/joystick/joystick/joy_compute_control.hpp
[7.281s] -- Up-to-date: /home/tamir/autonomous_robot/autonomous_robot_control/install/joystick/share/joystick//launch
[7.282s] -- Up-to-date: /home/tamir/autonomous_robot/autonomous_robot_control/install/joystick/share/joystick//launch/joystick.launch.py
[7.282s] -- Up-to-date: /home/tamir/autonomous_robot/autonomous_robot_control/install/joystick/share/ament_index/resource_index/package_run_dependencies/joystick
[7.282s] -- Installing: /home/tamir/autonomous_robot/autonomous_robot_control/install/joystick/share/ament_index/resource_index/parent_prefix_path/joystick
[7.282s] -- Installing: /home/tamir/autonomous_robot/autonomous_robot_control/install/joystick/share/joystick/environment/ament_prefix_path.sh
[7.282s] -- Installing: /home/tamir/autonomous_robot/autonomous_robot_control/install/joystick/share/joystick/environment/ament_prefix_path.dsv
[7.282s] -- Installing: /home/tamir/autonomous_robot/autonomous_robot_control/install/joystick/share/joystick/environment/path.sh
[7.282s] -- Installing: /home/tamir/autonomous_robot/autonomous_robot_control/install/joystick/share/joystick/environment/path.dsv
[7.282s] -- Up-to-date: /home/tamir/autonomous_robot/autonomous_robot_control/install/joystick/share/joystick/local_setup.bash
[7.283s] -- Up-to-date: /home/tamir/autonomous_robot/autonomous_robot_control/install/joystick/share/joystick/local_setup.sh
[7.283s] -- Up-to-date: /home/tamir/autonomous_robot/autonomous_robot_control/install/joystick/share/joystick/local_setup.zsh
[7.283s] -- Installing: /home/tamir/autonomous_robot/autonomous_robot_control/install/joystick/share/joystick/local_setup.dsv
[7.283s] -- Installing: /home/tamir/autonomous_robot/autonomous_robot_control/install/joystick/share/joystick/package.dsv
[7.283s] -- Up-to-date: /home/tamir/autonomous_robot/autonomous_robot_control/install/joystick/share/ament_index/resource_index/packages/joystick
[7.283s] -- Up-to-date: /home/tamir/autonomous_robot/autonomous_robot_control/install/joystick/share/joystick/cmake/joystickConfig.cmake
[7.283s] -- Up-to-date: /home/tamir/autonomous_robot/autonomous_robot_control/install/joystick/share/joystick/cmake/joystickConfig-version.cmake
[7.283s] -- Up-to-date: /home/tamir/autonomous_robot/autonomous_robot_control/install/joystick/share/joystick/package.xml
[7.286s] Invoked command in '/home/tamir/autonomous_robot/autonomous_robot_control/build/joystick' returned '0': CMAKE_PREFIX_PATH=${CMAKE_PREFIX_PATH}:/home/tamir/ws_moveit2/install/moveit_configs_utils:/home/tamir/ws_moveit2/install/launch_param_builder:/home/tamir/autonomous_robot/install/calc_odom:/home/tamir/autonomous_robot/install/control_hardware:/home/tamir/ros2_ws/install/turtle_spawner:/home/tamir/ros2_ws/install/turtle_controller:/home/tamir/ros2_ws/install/my_py_pkg:/home/tamir/autonomous_robot/autonomous_robot_control/install/control_hardware:/home/tamir/autonomous_robot/autonomous_robot_control/install/calc_odom:/home/tamir/autonomous_robot/autonomous_robot_control/src/control_hardware/install/control_hardware:/opt/ros/humble /usr/bin/cmake --install /home/tamir/autonomous_robot/autonomous_robot_control/build/joystick
