[0.066s] DEBUG:colcon:Command line arguments: ['/usr/bin/colcon', 'build']
[0.066s] DEBUG:colcon:Parsed command line arguments: Namespace(log_base=None, log_level=None, verb_name='build', build_base='build', install_base='install', merge_install=False, symlink_install=False, test_result_base=None, continue_on_error=False, executor='parallel', parallel_workers=12, event_handlers=None, ignore_user_meta=False, metas=['./colcon.meta'], base_paths=['.'], packages_ignore=None, packages_ignore_regex=None, paths=None, packages_up_to=None, packages_up_to_regex=None, packages_above=None, packages_above_and_dependencies=None, packages_above_depth=None, packages_select_by_dep=None, packages_skip_by_dep=None, packages_skip_up_to=None, packages_select_build_failed=False, packages_skip_build_finished=False, packages_select_test_failures=False, packages_skip_test_passed=False, packages_select=None, packages_skip=None, packages_select_regex=None, packages_skip_regex=None, packages_start=None, packages_end=None, allow_overriding=[], cmake_args=None, cmake_target=None, cmake_target_skip_unavailable=False, cmake_clean_cache=False, cmake_clean_first=False, cmake_force_configure=False, ament_cmake_args=None, catkin_cmake_args=None, catkin_skip_building_tests=False, verb_parser=<colcon_defaults.argument_parser.defaults.DefaultArgumentsDecorator object at 0x761ad3b46590>, verb_extension=<colcon_core.verb.build.BuildVerb object at 0x761ad3c3f160>, main=<bound method BuildVerb.main of <colcon_core.verb.build.BuildVerb object at 0x761ad3c3f160>>)
[0.170s] Level 1:colcon.colcon_core.package_discovery:discover_packages(colcon_meta) check parameters
[0.171s] Level 1:colcon.colcon_core.package_discovery:discover_packages(recursive) check parameters
[0.171s] Level 1:colcon.colcon_core.package_discovery:discover_packages(ignore) check parameters
[0.171s] Level 1:colcon.colcon_core.package_discovery:discover_packages(path) check parameters
[0.171s] Level 1:colcon.colcon_core.package_discovery:discover_packages(colcon_meta) discover
[0.171s] Level 1:colcon.colcon_core.package_discovery:discover_packages(recursive) discover
[0.171s] INFO:colcon.colcon_core.package_discovery:Crawling recursively for packages in '/home/tamir/autonomous_robot/autonomous_robot_control'
[0.171s] Level 1:colcon.colcon_core.package_identification:_identify(.) by extensions ['ignore', 'ignore_ament_install']
[0.171s] Level 1:colcon.colcon_core.package_identification:_identify(.) by extension 'ignore'
[0.171s] Level 1:colcon.colcon_core.package_identification:_identify(.) by extension 'ignore_ament_install'
[0.171s] Level 1:colcon.colcon_core.package_identification:_identify(.) by extensions ['colcon_pkg']
[0.171s] Level 1:colcon.colcon_core.package_identification:_identify(.) by extension 'colcon_pkg'
[0.171s] Level 1:colcon.colcon_core.package_identification:_identify(.) by extensions ['colcon_meta']
[0.171s] Level 1:colcon.colcon_core.package_identification:_identify(.) by extension 'colcon_meta'
[0.171s] Level 1:colcon.colcon_core.package_identification:_identify(.) by extensions ['ros']
[0.171s] Level 1:colcon.colcon_core.package_identification:_identify(.) by extension 'ros'
[0.178s] Level 1:colcon.colcon_core.package_identification:_identify(.) by extensions ['cmake', 'python']
[0.178s] Level 1:colcon.colcon_core.package_identification:_identify(.) by extension 'cmake'
[0.178s] Level 1:colcon.colcon_core.package_identification:_identify(.) by extension 'python'
[0.178s] Level 1:colcon.colcon_core.package_identification:_identify(.) by extensions ['python_setup_py']
[0.178s] Level 1:colcon.colcon_core.package_identification:_identify(.) by extension 'python_setup_py'
[0.178s] Level 1:colcon.colcon_core.package_identification:_identify(build) by extensions ['ignore', 'ignore_ament_install']
[0.178s] Level 1:colcon.colcon_core.package_identification:_identify(build) by extension 'ignore'
[0.178s] Level 1:colcon.colcon_core.package_identification:_identify(build) ignored
[0.178s] Level 1:colcon.colcon_core.package_identification:_identify(install) by extensions ['ignore', 'ignore_ament_install']
[0.178s] Level 1:colcon.colcon_core.package_identification:_identify(install) by extension 'ignore'
[0.178s] Level 1:colcon.colcon_core.package_identification:_identify(install) ignored
[0.179s] Level 1:colcon.colcon_core.package_identification:_identify(log) by extensions ['ignore', 'ignore_ament_install']
[0.179s] Level 1:colcon.colcon_core.package_identification:_identify(log) by extension 'ignore'
[0.179s] Level 1:colcon.colcon_core.package_identification:_identify(log) ignored
[0.179s] Level 1:colcon.colcon_core.package_identification:_identify(src) by extensions ['ignore', 'ignore_ament_install']
[0.179s] Level 1:colcon.colcon_core.package_identification:_identify(src) by extension 'ignore'
[0.179s] Level 1:colcon.colcon_core.package_identification:_identify(src) by extension 'ignore_ament_install'
[0.179s] Level 1:colcon.colcon_core.package_identification:_identify(src) by extensions ['colcon_pkg']
[0.179s] Level 1:colcon.colcon_core.package_identification:_identify(src) by extension 'colcon_pkg'
[0.179s] Level 1:colcon.colcon_core.package_identification:_identify(src) by extensions ['colcon_meta']
[0.179s] Level 1:colcon.colcon_core.package_identification:_identify(src) by extension 'colcon_meta'
[0.179s] Level 1:colcon.colcon_core.package_identification:_identify(src) by extensions ['ros']
[0.179s] Level 1:colcon.colcon_core.package_identification:_identify(src) by extension 'ros'
[0.179s] Level 1:colcon.colcon_core.package_identification:_identify(src) by extensions ['cmake', 'python']
[0.179s] Level 1:colcon.colcon_core.package_identification:_identify(src) by extension 'cmake'
[0.179s] Level 1:colcon.colcon_core.package_identification:_identify(src) by extension 'python'
[0.179s] Level 1:colcon.colcon_core.package_identification:_identify(src) by extensions ['python_setup_py']
[0.179s] Level 1:colcon.colcon_core.package_identification:_identify(src) by extension 'python_setup_py'
[0.179s] Level 1:colcon.colcon_core.package_identification:_identify(src/calc_odom) by extensions ['ignore', 'ignore_ament_install']
[0.179s] Level 1:colcon.colcon_core.package_identification:_identify(src/calc_odom) by extension 'ignore'
[0.179s] Level 1:colcon.colcon_core.package_identification:_identify(src/calc_odom) by extension 'ignore_ament_install'
[0.179s] Level 1:colcon.colcon_core.package_identification:_identify(src/calc_odom) by extensions ['colcon_pkg']
[0.179s] Level 1:colcon.colcon_core.package_identification:_identify(src/calc_odom) by extension 'colcon_pkg'
[0.179s] Level 1:colcon.colcon_core.package_identification:_identify(src/calc_odom) by extensions ['colcon_meta']
[0.179s] Level 1:colcon.colcon_core.package_identification:_identify(src/calc_odom) by extension 'colcon_meta'
[0.179s] Level 1:colcon.colcon_core.package_identification:_identify(src/calc_odom) by extensions ['ros']
[0.179s] Level 1:colcon.colcon_core.package_identification:_identify(src/calc_odom) by extension 'ros'
[0.181s] DEBUG:colcon.colcon_core.package_identification:Package 'src/calc_odom' with type 'ros.ament_python' and name 'calc_odom'
[0.181s] Level 1:colcon.colcon_core.package_identification:_identify(src/control_hardware) by extensions ['ignore', 'ignore_ament_install']
[0.181s] Level 1:colcon.colcon_core.package_identification:_identify(src/control_hardware) by extension 'ignore'
[0.181s] Level 1:colcon.colcon_core.package_identification:_identify(src/control_hardware) by extension 'ignore_ament_install'
[0.181s] Level 1:colcon.colcon_core.package_identification:_identify(src/control_hardware) by extensions ['colcon_pkg']
[0.181s] Level 1:colcon.colcon_core.package_identification:_identify(src/control_hardware) by extension 'colcon_pkg'
[0.181s] Level 1:colcon.colcon_core.package_identification:_identify(src/control_hardware) by extensions ['colcon_meta']
[0.181s] Level 1:colcon.colcon_core.package_identification:_identify(src/control_hardware) by extension 'colcon_meta'
[0.181s] Level 1:colcon.colcon_core.package_identification:_identify(src/control_hardware) by extensions ['ros']
[0.181s] Level 1:colcon.colcon_core.package_identification:_identify(src/control_hardware) by extension 'ros'
[0.182s] DEBUG:colcon.colcon_core.package_identification:Package 'src/control_hardware' with type 'ros.ament_python' and name 'control_hardware'
[0.182s] Level 1:colcon.colcon_core.package_identification:_identify(src/joystick) by extensions ['ignore', 'ignore_ament_install']
[0.182s] Level 1:colcon.colcon_core.package_identification:_identify(src/joystick) by extension 'ignore'
[0.182s] Level 1:colcon.colcon_core.package_identification:_identify(src/joystick) by extension 'ignore_ament_install'
[0.182s] Level 1:colcon.colcon_core.package_identification:_identify(src/joystick) by extensions ['colcon_pkg']
[0.182s] Level 1:colcon.colcon_core.package_identification:_identify(src/joystick) by extension 'colcon_pkg'
[0.182s] Level 1:colcon.colcon_core.package_identification:_identify(src/joystick) by extensions ['colcon_meta']
[0.182s] Level 1:colcon.colcon_core.package_identification:_identify(src/joystick) by extension 'colcon_meta'
[0.182s] Level 1:colcon.colcon_core.package_identification:_identify(src/joystick) by extensions ['ros']
[0.182s] Level 1:colcon.colcon_core.package_identification:_identify(src/joystick) by extension 'ros'
[0.183s] DEBUG:colcon.colcon_core.package_identification:Package 'src/joystick' with type 'ros.ament_cmake' and name 'joystick'
[0.183s] Level 1:colcon.colcon_core.package_discovery:discover_packages(recursive) using defaults
[0.183s] Level 1:colcon.colcon_core.package_discovery:discover_packages(ignore) discover
[0.183s] Level 1:colcon.colcon_core.package_discovery:discover_packages(ignore) using defaults
[0.183s] Level 1:colcon.colcon_core.package_discovery:discover_packages(path) discover
[0.183s] Level 1:colcon.colcon_core.package_discovery:discover_packages(path) using defaults
[0.204s] Level 1:colcon.colcon_core.package_discovery:discover_packages(prefix_path) check parameters
[0.205s] Level 1:colcon.colcon_core.package_discovery:discover_packages(prefix_path) discover
[0.206s] DEBUG:colcon.colcon_installed_package_information.package_discovery:Found 5 installed packages in /home/tamir/autonomous_robot/install
[0.206s] DEBUG:colcon.colcon_installed_package_information.package_discovery:Found 3 installed packages in /home/tamir/turtlebot3_ws/install
[0.206s] DEBUG:colcon.colcon_installed_package_information.package_discovery:Found 8 installed packages in /home/tamir/ros2_ws/install
[0.207s] DEBUG:colcon.colcon_installed_package_information.package_discovery:Found 3 installed packages in /home/tamir/install
[0.208s] DEBUG:colcon.colcon_installed_package_information.package_discovery:Found 392 installed packages in /opt/ros/humble
[0.209s] Level 1:colcon.colcon_core.package_discovery:discover_packages(prefix_path) using defaults
[0.236s] Level 5:colcon.colcon_core.verb:set package 'calc_odom' build argument 'cmake_args' from command line to 'None'
[0.237s] Level 5:colcon.colcon_core.verb:set package 'calc_odom' build argument 'cmake_target' from command line to 'None'
[0.237s] Level 5:colcon.colcon_core.verb:set package 'calc_odom' build argument 'cmake_target_skip_unavailable' from command line to 'False'
[0.237s] Level 5:colcon.colcon_core.verb:set package 'calc_odom' build argument 'cmake_clean_cache' from command line to 'False'
[0.237s] Level 5:colcon.colcon_core.verb:set package 'calc_odom' build argument 'cmake_clean_first' from command line to 'False'
[0.237s] Level 5:colcon.colcon_core.verb:set package 'calc_odom' build argument 'cmake_force_configure' from command line to 'False'
[0.237s] Level 5:colcon.colcon_core.verb:set package 'calc_odom' build argument 'ament_cmake_args' from command line to 'None'
[0.237s] Level 5:colcon.colcon_core.verb:set package 'calc_odom' build argument 'catkin_cmake_args' from command line to 'None'
[0.237s] Level 5:colcon.colcon_core.verb:set package 'calc_odom' build argument 'catkin_skip_building_tests' from command line to 'False'
[0.237s] DEBUG:colcon.colcon_core.verb:Building package 'calc_odom' with the following arguments: {'ament_cmake_args': None, 'build_base': '/home/tamir/autonomous_robot/autonomous_robot_control/build/calc_odom', 'catkin_cmake_args': None, 'catkin_skip_building_tests': False, 'cmake_args': None, 'cmake_clean_cache': False, 'cmake_clean_first': False, 'cmake_force_configure': False, 'cmake_target': None, 'cmake_target_skip_unavailable': False, 'install_base': '/home/tamir/autonomous_robot/autonomous_robot_control/install/calc_odom', 'merge_install': False, 'path': '/home/tamir/autonomous_robot/autonomous_robot_control/src/calc_odom', 'symlink_install': False, 'test_result_base': None}
[0.237s] Level 5:colcon.colcon_core.verb:set package 'control_hardware' build argument 'cmake_args' from command line to 'None'
[0.237s] Level 5:colcon.colcon_core.verb:set package 'control_hardware' build argument 'cmake_target' from command line to 'None'
[0.237s] Level 5:colcon.colcon_core.verb:set package 'control_hardware' build argument 'cmake_target_skip_unavailable' from command line to 'False'
[0.237s] Level 5:colcon.colcon_core.verb:set package 'control_hardware' build argument 'cmake_clean_cache' from command line to 'False'
[0.237s] Level 5:colcon.colcon_core.verb:set package 'control_hardware' build argument 'cmake_clean_first' from command line to 'False'
[0.237s] Level 5:colcon.colcon_core.verb:set package 'control_hardware' build argument 'cmake_force_configure' from command line to 'False'
[0.237s] Level 5:colcon.colcon_core.verb:set package 'control_hardware' build argument 'ament_cmake_args' from command line to 'None'
[0.237s] Level 5:colcon.colcon_core.verb:set package 'control_hardware' build argument 'catkin_cmake_args' from command line to 'None'
[0.237s] Level 5:colcon.colcon_core.verb:set package 'control_hardware' build argument 'catkin_skip_building_tests' from command line to 'False'
[0.237s] DEBUG:colcon.colcon_core.verb:Building package 'control_hardware' with the following arguments: {'ament_cmake_args': None, 'build_base': '/home/tamir/autonomous_robot/autonomous_robot_control/build/control_hardware', 'catkin_cmake_args': None, 'catkin_skip_building_tests': False, 'cmake_args': None, 'cmake_clean_cache': False, 'cmake_clean_first': False, 'cmake_force_configure': False, 'cmake_target': None, 'cmake_target_skip_unavailable': False, 'install_base': '/home/tamir/autonomous_robot/autonomous_robot_control/install/control_hardware', 'merge_install': False, 'path': '/home/tamir/autonomous_robot/autonomous_robot_control/src/control_hardware', 'symlink_install': False, 'test_result_base': None}
[0.237s] Level 5:colcon.colcon_core.verb:set package 'joystick' build argument 'cmake_args' from command line to 'None'
[0.237s] Level 5:colcon.colcon_core.verb:set package 'joystick' build argument 'cmake_target' from command line to 'None'
[0.237s] Level 5:colcon.colcon_core.verb:set package 'joystick' build argument 'cmake_target_skip_unavailable' from command line to 'False'
[0.237s] Level 5:colcon.colcon_core.verb:set package 'joystick' build argument 'cmake_clean_cache' from command line to 'False'
[0.237s] Level 5:colcon.colcon_core.verb:set package 'joystick' build argument 'cmake_clean_first' from command line to 'False'
[0.237s] Level 5:colcon.colcon_core.verb:set package 'joystick' build argument 'cmake_force_configure' from command line to 'False'
[0.237s] Level 5:colcon.colcon_core.verb:set package 'joystick' build argument 'ament_cmake_args' from command line to 'None'
[0.237s] Level 5:colcon.colcon_core.verb:set package 'joystick' build argument 'catkin_cmake_args' from command line to 'None'
[0.237s] Level 5:colcon.colcon_core.verb:set package 'joystick' build argument 'catkin_skip_building_tests' from command line to 'False'
[0.237s] DEBUG:colcon.colcon_core.verb:Building package 'joystick' with the following arguments: {'ament_cmake_args': None, 'build_base': '/home/tamir/autonomous_robot/autonomous_robot_control/build/joystick', 'catkin_cmake_args': None, 'catkin_skip_building_tests': False, 'cmake_args': None, 'cmake_clean_cache': False, 'cmake_clean_first': False, 'cmake_force_configure': False, 'cmake_target': None, 'cmake_target_skip_unavailable': False, 'install_base': '/home/tamir/autonomous_robot/autonomous_robot_control/install/joystick', 'merge_install': False, 'path': '/home/tamir/autonomous_robot/autonomous_robot_control/src/joystick', 'symlink_install': False, 'test_result_base': None}
[0.237s] INFO:colcon.colcon_core.executor:Executing jobs using 'parallel' executor
[0.238s] DEBUG:colcon.colcon_parallel_executor.executor.parallel:run_until_complete
[0.238s] INFO:colcon.colcon_ros.task.ament_python.build:Building ROS package in '/home/tamir/autonomous_robot/autonomous_robot_control/src/calc_odom' with build type 'ament_python'
[0.239s] Level 1:colcon.colcon_core.shell:create_environment_hook('calc_odom', 'ament_prefix_path')
[0.240s] INFO:colcon.colcon_core.plugin_system:Skipping extension 'colcon_core.shell.bat': Not used on non-Windows systems
[0.240s] INFO:colcon.colcon_core.shell:Creating environment hook '/home/tamir/autonomous_robot/autonomous_robot_control/install/calc_odom/share/calc_odom/hook/ament_prefix_path.ps1'
[0.240s] INFO:colcon.colcon_core.shell:Creating environment descriptor '/home/tamir/autonomous_robot/autonomous_robot_control/install/calc_odom/share/calc_odom/hook/ament_prefix_path.dsv'
[0.241s] INFO:colcon.colcon_core.shell:Creating environment hook '/home/tamir/autonomous_robot/autonomous_robot_control/install/calc_odom/share/calc_odom/hook/ament_prefix_path.sh'
[0.241s] INFO:colcon.colcon_core.shell:Skip shell extension 'powershell' for command environment: Not usable outside of PowerShell
[0.241s] DEBUG:colcon.colcon_core.shell:Skip shell extension 'dsv' for command environment
[0.244s] INFO:colcon.colcon_ros.task.ament_python.build:Building ROS package in '/home/tamir/autonomous_robot/autonomous_robot_control/src/control_hardware' with build type 'ament_python'
[0.244s] Level 1:colcon.colcon_core.shell:create_environment_hook('control_hardware', 'ament_prefix_path')
[0.244s] INFO:colcon.colcon_core.shell:Creating environment hook '/home/tamir/autonomous_robot/autonomous_robot_control/install/control_hardware/share/control_hardware/hook/ament_prefix_path.ps1'
[0.245s] INFO:colcon.colcon_core.shell:Creating environment descriptor '/home/tamir/autonomous_robot/autonomous_robot_control/install/control_hardware/share/control_hardware/hook/ament_prefix_path.dsv'
[0.245s] INFO:colcon.colcon_core.shell:Creating environment hook '/home/tamir/autonomous_robot/autonomous_robot_control/install/control_hardware/share/control_hardware/hook/ament_prefix_path.sh'
[0.245s] INFO:colcon.colcon_core.shell:Skip shell extension 'powershell' for command environment: Not usable outside of PowerShell
[0.245s] DEBUG:colcon.colcon_core.shell:Skip shell extension 'dsv' for command environment
[0.248s] INFO:colcon.colcon_ros.task.ament_cmake.build:Building ROS package in '/home/tamir/autonomous_robot/autonomous_robot_control/src/joystick' with build type 'ament_cmake'
[0.248s] INFO:colcon.colcon_cmake.task.cmake.build:Building CMake package in '/home/tamir/autonomous_robot/autonomous_robot_control/src/joystick'
[0.248s] INFO:colcon.colcon_core.shell:Skip shell extension 'powershell' for command environment: Not usable outside of PowerShell
[0.248s] DEBUG:colcon.colcon_core.shell:Skip shell extension 'dsv' for command environment
[0.419s] INFO:colcon.colcon_core.task.python.build:Building Python package in '/home/tamir/autonomous_robot/autonomous_robot_control/src/calc_odom'
[0.420s] INFO:colcon.colcon_core.shell:Skip shell extension 'powershell' for command environment: Not usable outside of PowerShell
[0.420s] DEBUG:colcon.colcon_core.shell:Skip shell extension 'dsv' for command environment
[0.591s] INFO:colcon.colcon_core.task.python.build:Building Python package in '/home/tamir/autonomous_robot/autonomous_robot_control/src/control_hardware'
[0.591s] INFO:colcon.colcon_core.shell:Skip shell extension 'powershell' for command environment: Not usable outside of PowerShell
[0.591s] DEBUG:colcon.colcon_core.shell:Skip shell extension 'dsv' for command environment
[0.598s] DEBUG:colcon.colcon_core.event_handler.log_command:Invoking command in '/home/tamir/autonomous_robot/autonomous_robot_control/build/joystick': CMAKE_PREFIX_PATH=${CMAKE_PREFIX_PATH}:/home/tamir/ros2_ws/install/turtle_spawner:/home/tamir/ros2_ws/install/turtle_controller:/home/tamir/ros2_ws/install/my_py_pkg:/opt/ros/humble /usr/bin/cmake --build /home/tamir/autonomous_robot/autonomous_robot_control/build/joystick -- -j12 -l12
[0.856s] DEBUG:colcon.colcon_core.event_handler.log_command:Invoking command in '/home/tamir/autonomous_robot/autonomous_robot_control/src/calc_odom': PYTHONPATH=/home/tamir/autonomous_robot/autonomous_robot_control/build/calc_odom/prefix_override:/usr/lib/python3/dist-packages/colcon_core/task/python/colcon_distutils_commands:/home/tamir/autonomous_robot/autonomous_robot_control/install/calc_odom/lib/python3.10/site-packages:${PYTHONPATH} /usr/bin/python3 -W ignore:setup.py install is deprecated setup.py egg_info --egg-base ../../build/calc_odom build --build-base /home/tamir/autonomous_robot/autonomous_robot_control/build/calc_odom/build install --record /home/tamir/autonomous_robot/autonomous_robot_control/build/calc_odom/install.log --single-version-externally-managed install_data
[0.857s] DEBUG:colcon.colcon_core.event_handler.log_command:Invoking command in '/home/tamir/autonomous_robot/autonomous_robot_control/src/control_hardware': PYTHONPATH=/home/tamir/autonomous_robot/autonomous_robot_control/build/control_hardware/prefix_override:/usr/lib/python3/dist-packages/colcon_core/task/python/colcon_distutils_commands:/home/tamir/autonomous_robot/autonomous_robot_control/install/control_hardware/lib/python3.10/site-packages:${PYTHONPATH} /usr/bin/python3 -W ignore:setup.py install is deprecated setup.py egg_info --egg-base ../../build/control_hardware build --build-base /home/tamir/autonomous_robot/autonomous_robot_control/build/control_hardware/build install --record /home/tamir/autonomous_robot/autonomous_robot_control/build/control_hardware/install.log --single-version-externally-managed install_data
[1.053s] DEBUG:colcon.colcon_core.event_handler.log_command:Invoked command in '/home/tamir/autonomous_robot/autonomous_robot_control/src/calc_odom' returned '0': PYTHONPATH=/home/tamir/autonomous_robot/autonomous_robot_control/build/calc_odom/prefix_override:/usr/lib/python3/dist-packages/colcon_core/task/python/colcon_distutils_commands:/home/tamir/autonomous_robot/autonomous_robot_control/install/calc_odom/lib/python3.10/site-packages:${PYTHONPATH} /usr/bin/python3 -W ignore:setup.py install is deprecated setup.py egg_info --egg-base ../../build/calc_odom build --build-base /home/tamir/autonomous_robot/autonomous_robot_control/build/calc_odom/build install --record /home/tamir/autonomous_robot/autonomous_robot_control/build/calc_odom/install.log --single-version-externally-managed install_data
[1.055s] Level 1:colcon.colcon_core.environment:checking '/home/tamir/autonomous_robot/autonomous_robot_control/install/calc_odom' for CMake module files
[1.055s] Level 1:colcon.colcon_core.environment:checking '/home/tamir/autonomous_robot/autonomous_robot_control/install/calc_odom' for CMake config files
[1.056s] Level 1:colcon.colcon_core.environment:checking '/home/tamir/autonomous_robot/autonomous_robot_control/install/calc_odom/lib'
[1.056s] Level 1:colcon.colcon_core.environment:checking '/home/tamir/autonomous_robot/autonomous_robot_control/install/calc_odom/bin'
[1.056s] Level 1:colcon.colcon_core.environment:checking '/home/tamir/autonomous_robot/autonomous_robot_control/install/calc_odom/lib/pkgconfig/calc_odom.pc'
[1.056s] Level 1:colcon.colcon_core.environment:checking '/home/tamir/autonomous_robot/autonomous_robot_control/install/calc_odom/lib/python3.10/site-packages'
[1.056s] Level 1:colcon.colcon_core.shell:create_environment_hook('calc_odom', 'pythonpath')
[1.056s] INFO:colcon.colcon_core.shell:Creating environment hook '/home/tamir/autonomous_robot/autonomous_robot_control/install/calc_odom/share/calc_odom/hook/pythonpath.ps1'
[1.057s] INFO:colcon.colcon_core.shell:Creating environment descriptor '/home/tamir/autonomous_robot/autonomous_robot_control/install/calc_odom/share/calc_odom/hook/pythonpath.dsv'
[1.057s] INFO:colcon.colcon_core.shell:Creating environment hook '/home/tamir/autonomous_robot/autonomous_robot_control/install/calc_odom/share/calc_odom/hook/pythonpath.sh'
[1.058s] Level 1:colcon.colcon_core.environment:checking '/home/tamir/autonomous_robot/autonomous_robot_control/install/calc_odom/bin'
[1.058s] Level 1:colcon.colcon_core.environment:create_environment_scripts_only(calc_odom)
[1.059s] INFO:colcon.colcon_core.shell:Creating package script '/home/tamir/autonomous_robot/autonomous_robot_control/install/calc_odom/share/calc_odom/package.ps1'
[1.060s] INFO:colcon.colcon_core.shell:Creating package descriptor '/home/tamir/autonomous_robot/autonomous_robot_control/install/calc_odom/share/calc_odom/package.dsv'
[1.060s] INFO:colcon.colcon_core.shell:Creating package script '/home/tamir/autonomous_robot/autonomous_robot_control/install/calc_odom/share/calc_odom/package.sh'
[1.061s] INFO:colcon.colcon_core.shell:Creating package script '/home/tamir/autonomous_robot/autonomous_robot_control/install/calc_odom/share/calc_odom/package.bash'
[1.061s] INFO:colcon.colcon_core.shell:Creating package script '/home/tamir/autonomous_robot/autonomous_robot_control/install/calc_odom/share/calc_odom/package.zsh'
[1.062s] Level 1:colcon.colcon_core.environment:create_file_with_runtime_dependencies(/home/tamir/autonomous_robot/autonomous_robot_control/install/calc_odom/share/colcon-core/packages/calc_odom)
[1.087s] Level 1:colcon.colcon_core.environment:checking '/home/tamir/autonomous_robot/autonomous_robot_control/install/control_hardware' for CMake module files
[1.087s] DEBUG:colcon.colcon_core.event_handler.log_command:Invoked command in '/home/tamir/autonomous_robot/autonomous_robot_control/src/control_hardware' returned '0': PYTHONPATH=/home/tamir/autonomous_robot/autonomous_robot_control/build/control_hardware/prefix_override:/usr/lib/python3/dist-packages/colcon_core/task/python/colcon_distutils_commands:/home/tamir/autonomous_robot/autonomous_robot_control/install/control_hardware/lib/python3.10/site-packages:${PYTHONPATH} /usr/bin/python3 -W ignore:setup.py install is deprecated setup.py egg_info --egg-base ../../build/control_hardware build --build-base /home/tamir/autonomous_robot/autonomous_robot_control/build/control_hardware/build install --record /home/tamir/autonomous_robot/autonomous_robot_control/build/control_hardware/install.log --single-version-externally-managed install_data
[1.088s] Level 1:colcon.colcon_core.environment:checking '/home/tamir/autonomous_robot/autonomous_robot_control/install/control_hardware' for CMake config files
[1.088s] Level 1:colcon.colcon_core.environment:checking '/home/tamir/autonomous_robot/autonomous_robot_control/install/control_hardware/lib'
[1.088s] Level 1:colcon.colcon_core.environment:checking '/home/tamir/autonomous_robot/autonomous_robot_control/install/control_hardware/bin'
[1.088s] Level 1:colcon.colcon_core.environment:checking '/home/tamir/autonomous_robot/autonomous_robot_control/install/control_hardware/lib/pkgconfig/control_hardware.pc'
[1.088s] Level 1:colcon.colcon_core.environment:checking '/home/tamir/autonomous_robot/autonomous_robot_control/install/control_hardware/lib/python3.10/site-packages'
[1.088s] Level 1:colcon.colcon_core.shell:create_environment_hook('control_hardware', 'pythonpath')
[1.088s] INFO:colcon.colcon_core.shell:Creating environment hook '/home/tamir/autonomous_robot/autonomous_robot_control/install/control_hardware/share/control_hardware/hook/pythonpath.ps1'
[1.089s] INFO:colcon.colcon_core.shell:Creating environment descriptor '/home/tamir/autonomous_robot/autonomous_robot_control/install/control_hardware/share/control_hardware/hook/pythonpath.dsv'
[1.089s] INFO:colcon.colcon_core.shell:Creating environment hook '/home/tamir/autonomous_robot/autonomous_robot_control/install/control_hardware/share/control_hardware/hook/pythonpath.sh'
[1.089s] Level 1:colcon.colcon_core.environment:checking '/home/tamir/autonomous_robot/autonomous_robot_control/install/control_hardware/bin'
[1.089s] Level 1:colcon.colcon_core.environment:create_environment_scripts_only(control_hardware)
[1.090s] INFO:colcon.colcon_core.shell:Creating package script '/home/tamir/autonomous_robot/autonomous_robot_control/install/control_hardware/share/control_hardware/package.ps1'
[1.090s] INFO:colcon.colcon_core.shell:Creating package descriptor '/home/tamir/autonomous_robot/autonomous_robot_control/install/control_hardware/share/control_hardware/package.dsv'
[1.090s] INFO:colcon.colcon_core.shell:Creating package script '/home/tamir/autonomous_robot/autonomous_robot_control/install/control_hardware/share/control_hardware/package.sh'
[1.090s] INFO:colcon.colcon_core.shell:Creating package script '/home/tamir/autonomous_robot/autonomous_robot_control/install/control_hardware/share/control_hardware/package.bash'
[1.091s] INFO:colcon.colcon_core.shell:Creating package script '/home/tamir/autonomous_robot/autonomous_robot_control/install/control_hardware/share/control_hardware/package.zsh'
[1.091s] Level 1:colcon.colcon_core.environment:create_file_with_runtime_dependencies(/home/tamir/autonomous_robot/autonomous_robot_control/install/control_hardware/share/colcon-core/packages/control_hardware)
[6.561s] DEBUG:colcon.colcon_core.event_handler.log_command:Invoked command in '/home/tamir/autonomous_robot/autonomous_robot_control/build/joystick' returned '0': CMAKE_PREFIX_PATH=${CMAKE_PREFIX_PATH}:/home/tamir/ros2_ws/install/turtle_spawner:/home/tamir/ros2_ws/install/turtle_controller:/home/tamir/ros2_ws/install/my_py_pkg:/opt/ros/humble /usr/bin/cmake --build /home/tamir/autonomous_robot/autonomous_robot_control/build/joystick -- -j12 -l12
[6.625s] DEBUG:colcon.colcon_core.event_handler.log_command:Invoking command in '/home/tamir/autonomous_robot/autonomous_robot_control/build/joystick': CMAKE_PREFIX_PATH=${CMAKE_PREFIX_PATH}:/home/tamir/ros2_ws/install/turtle_spawner:/home/tamir/ros2_ws/install/turtle_controller:/home/tamir/ros2_ws/install/my_py_pkg:/opt/ros/humble /usr/bin/cmake --install /home/tamir/autonomous_robot/autonomous_robot_control/build/joystick
[6.644s] Level 1:colcon.colcon_core.environment:create_environment_scripts_only(joystick)
[6.645s] Level 1:colcon.colcon_core.environment:checking '/home/tamir/autonomous_robot/autonomous_robot_control/install/joystick' for CMake module files
[6.645s] DEBUG:colcon.colcon_core.event_handler.log_command:Invoked command in '/home/tamir/autonomous_robot/autonomous_robot_control/build/joystick' returned '0': CMAKE_PREFIX_PATH=${CMAKE_PREFIX_PATH}:/home/tamir/ros2_ws/install/turtle_spawner:/home/tamir/ros2_ws/install/turtle_controller:/home/tamir/ros2_ws/install/my_py_pkg:/opt/ros/humble /usr/bin/cmake --install /home/tamir/autonomous_robot/autonomous_robot_control/build/joystick
[6.645s] Level 1:colcon.colcon_core.environment:checking '/home/tamir/autonomous_robot/autonomous_robot_control/install/joystick' for CMake config files
[6.645s] Level 1:colcon.colcon_core.shell:create_environment_hook('joystick', 'cmake_prefix_path')
[6.645s] INFO:colcon.colcon_core.shell:Creating environment hook '/home/tamir/autonomous_robot/autonomous_robot_control/install/joystick/share/joystick/hook/cmake_prefix_path.ps1'
[6.646s] INFO:colcon.colcon_core.shell:Creating environment descriptor '/home/tamir/autonomous_robot/autonomous_robot_control/install/joystick/share/joystick/hook/cmake_prefix_path.dsv'
[6.646s] INFO:colcon.colcon_core.shell:Creating environment hook '/home/tamir/autonomous_robot/autonomous_robot_control/install/joystick/share/joystick/hook/cmake_prefix_path.sh'
[6.646s] Level 1:colcon.colcon_core.environment:checking '/home/tamir/autonomous_robot/autonomous_robot_control/install/joystick/lib'
[6.646s] Level 1:colcon.colcon_core.environment:checking '/home/tamir/autonomous_robot/autonomous_robot_control/install/joystick/bin'
[6.646s] Level 1:colcon.colcon_core.environment:checking '/home/tamir/autonomous_robot/autonomous_robot_control/install/joystick/lib/pkgconfig/joystick.pc'
[6.647s] Level 1:colcon.colcon_core.environment:checking '/home/tamir/autonomous_robot/autonomous_robot_control/install/joystick/lib/python3.10/site-packages'
[6.647s] Level 1:colcon.colcon_core.environment:checking '/home/tamir/autonomous_robot/autonomous_robot_control/install/joystick/bin'
[6.647s] INFO:colcon.colcon_core.shell:Creating package script '/home/tamir/autonomous_robot/autonomous_robot_control/install/joystick/share/joystick/package.ps1'
[6.647s] INFO:colcon.colcon_core.shell:Creating package descriptor '/home/tamir/autonomous_robot/autonomous_robot_control/install/joystick/share/joystick/package.dsv'
[6.647s] INFO:colcon.colcon_core.shell:Creating package script '/home/tamir/autonomous_robot/autonomous_robot_control/install/joystick/share/joystick/package.sh'
[6.648s] INFO:colcon.colcon_core.shell:Creating package script '/home/tamir/autonomous_robot/autonomous_robot_control/install/joystick/share/joystick/package.bash'
[6.648s] INFO:colcon.colcon_core.shell:Creating package script '/home/tamir/autonomous_robot/autonomous_robot_control/install/joystick/share/joystick/package.zsh'
[6.648s] Level 1:colcon.colcon_core.environment:create_file_with_runtime_dependencies(/home/tamir/autonomous_robot/autonomous_robot_control/install/joystick/share/colcon-core/packages/joystick)
[6.688s] Level 1:colcon.colcon_core.environment:create_environment_scripts_only(joystick)
[6.689s] Level 1:colcon.colcon_core.environment:checking '/home/tamir/autonomous_robot/autonomous_robot_control/install/joystick' for CMake module files
[6.689s] Level 1:colcon.colcon_core.environment:checking '/home/tamir/autonomous_robot/autonomous_robot_control/install/joystick' for CMake config files
[6.690s] Level 1:colcon.colcon_core.shell:create_environment_hook('joystick', 'cmake_prefix_path')
[6.690s] INFO:colcon.colcon_core.shell:Creating environment hook '/home/tamir/autonomous_robot/autonomous_robot_control/install/joystick/share/joystick/hook/cmake_prefix_path.ps1'
[6.691s] INFO:colcon.colcon_core.shell:Creating environment descriptor '/home/tamir/autonomous_robot/autonomous_robot_control/install/joystick/share/joystick/hook/cmake_prefix_path.dsv'
[6.691s] INFO:colcon.colcon_core.shell:Creating environment hook '/home/tamir/autonomous_robot/autonomous_robot_control/install/joystick/share/joystick/hook/cmake_prefix_path.sh'
[6.692s] Level 1:colcon.colcon_core.environment:checking '/home/tamir/autonomous_robot/autonomous_robot_control/install/joystick/lib'
[6.692s] Level 1:colcon.colcon_core.environment:checking '/home/tamir/autonomous_robot/autonomous_robot_control/install/joystick/bin'
[6.692s] Level 1:colcon.colcon_core.environment:checking '/home/tamir/autonomous_robot/autonomous_robot_control/install/joystick/lib/pkgconfig/joystick.pc'
[6.692s] Level 1:colcon.colcon_core.environment:checking '/home/tamir/autonomous_robot/autonomous_robot_control/install/joystick/lib/python3.10/site-packages'
[6.692s] Level 1:colcon.colcon_core.environment:checking '/home/tamir/autonomous_robot/autonomous_robot_control/install/joystick/bin'
[6.693s] INFO:colcon.colcon_core.shell:Creating package script '/home/tamir/autonomous_robot/autonomous_robot_control/install/joystick/share/joystick/package.ps1'
[6.693s] INFO:colcon.colcon_core.shell:Creating package descriptor '/home/tamir/autonomous_robot/autonomous_robot_control/install/joystick/share/joystick/package.dsv'
[6.694s] INFO:colcon.colcon_core.shell:Creating package script '/home/tamir/autonomous_robot/autonomous_robot_control/install/joystick/share/joystick/package.sh'
[6.694s] INFO:colcon.colcon_core.shell:Creating package script '/home/tamir/autonomous_robot/autonomous_robot_control/install/joystick/share/joystick/package.bash'
[6.695s] INFO:colcon.colcon_core.shell:Creating package script '/home/tamir/autonomous_robot/autonomous_robot_control/install/joystick/share/joystick/package.zsh'
[6.695s] Level 1:colcon.colcon_core.environment:create_file_with_runtime_dependencies(/home/tamir/autonomous_robot/autonomous_robot_control/install/joystick/share/colcon-core/packages/joystick)
[6.695s] DEBUG:colcon.colcon_parallel_executor.executor.parallel:closing loop
[6.696s] DEBUG:colcon.colcon_parallel_executor.executor.parallel:loop closed
[6.696s] DEBUG:colcon.colcon_parallel_executor.executor.parallel:run_until_complete finished with '0'
[6.696s] DEBUG:colcon.colcon_core.event_reactor:joining thread
[6.701s] INFO:colcon.colcon_core.plugin_system:Skipping extension 'colcon_notification.desktop_notification.terminal_notifier': Not used on non-Darwin systems
[6.701s] INFO:colcon.colcon_core.plugin_system:Skipping extension 'colcon_notification.desktop_notification.win32': Not used on non-Windows systems
[6.701s] INFO:colcon.colcon_notification.desktop_notification:Sending desktop notification using 'notify2'
[6.711s] DEBUG:colcon.colcon_core.event_reactor:joined thread
[6.712s] INFO:colcon.colcon_core.shell:Creating prefix script '/home/tamir/autonomous_robot/autonomous_robot_control/install/local_setup.ps1'
[6.713s] INFO:colcon.colcon_core.shell:Creating prefix util module '/home/tamir/autonomous_robot/autonomous_robot_control/install/_local_setup_util_ps1.py'
[6.715s] INFO:colcon.colcon_core.shell:Creating prefix chain script '/home/tamir/autonomous_robot/autonomous_robot_control/install/setup.ps1'
[6.716s] INFO:colcon.colcon_core.shell:Creating prefix script '/home/tamir/autonomous_robot/autonomous_robot_control/install/local_setup.sh'
[6.717s] INFO:colcon.colcon_core.shell:Creating prefix util module '/home/tamir/autonomous_robot/autonomous_robot_control/install/_local_setup_util_sh.py'
[6.717s] INFO:colcon.colcon_core.shell:Creating prefix chain script '/home/tamir/autonomous_robot/autonomous_robot_control/install/setup.sh'
[6.719s] INFO:colcon.colcon_core.shell:Creating prefix script '/home/tamir/autonomous_robot/autonomous_robot_control/install/local_setup.bash'
[6.719s] INFO:colcon.colcon_core.shell:Creating prefix chain script '/home/tamir/autonomous_robot/autonomous_robot_control/install/setup.bash'
[6.720s] INFO:colcon.colcon_core.shell:Creating prefix script '/home/tamir/autonomous_robot/autonomous_robot_control/install/local_setup.zsh'
[6.721s] INFO:colcon.colcon_core.shell:Creating prefix chain script '/home/tamir/autonomous_robot/autonomous_robot_control/install/setup.zsh'
