[0.091s] DEBUG:colcon:Command line arguments: ['/usr/bin/colcon', 'build']
[0.091s] DEBUG:colcon:Parsed command line arguments: Namespace(log_base=None, log_level=None, verb_name='build', build_base='build', install_base='install', merge_install=False, symlink_install=False, test_result_base=None, continue_on_error=False, executor='parallel', parallel_workers=12, event_handlers=None, ignore_user_meta=False, metas=['./colcon.meta'], base_paths=['.'], packages_ignore=None, packages_ignore_regex=None, paths=None, packages_up_to=None, packages_up_to_regex=None, packages_above=None, packages_above_and_dependencies=None, packages_above_depth=None, packages_select_by_dep=None, packages_skip_by_dep=None, packages_skip_up_to=None, packages_select_build_failed=False, packages_skip_build_finished=False, packages_select_test_failures=False, packages_skip_test_passed=False, packages_select=None, packages_skip=None, packages_select_regex=None, packages_skip_regex=None, packages_start=None, packages_end=None, allow_overriding=[], cmake_args=None, cmake_target=None, cmake_target_skip_unavailable=False, cmake_clean_cache=False, cmake_clean_first=False, cmake_force_configure=False, ament_cmake_args=None, catkin_cmake_args=None, catkin_skip_building_tests=False, verb_parser=<colcon_defaults.argument_parser.defaults.DefaultArgumentsDecorator object at 0x7d0b55cf24d0>, verb_extension=<colcon_core.verb.build.BuildVerb object at 0x7d0b55deb0a0>, main=<bound method BuildVerb.main of <colcon_core.verb.build.BuildVerb object at 0x7d0b55deb0a0>>)
[0.290s] Level 1:colcon.colcon_core.package_discovery:discover_packages(colcon_meta) check parameters
[0.290s] Level 1:colcon.colcon_core.package_discovery:discover_packages(recursive) check parameters
[0.290s] Level 1:colcon.colcon_core.package_discovery:discover_packages(ignore) check parameters
[0.290s] Level 1:colcon.colcon_core.package_discovery:discover_packages(path) check parameters
[0.290s] Level 1:colcon.colcon_core.package_discovery:discover_packages(colcon_meta) discover
[0.290s] Level 1:colcon.colcon_core.package_discovery:discover_packages(recursive) discover
[0.290s] INFO:colcon.colcon_core.package_discovery:Crawling recursively for packages in '/home/tamir/autonomous_robot/sensors_package/src/lidar_ws'
[0.290s] Level 1:colcon.colcon_core.package_identification:_identify(.) by extensions ['ignore', 'ignore_ament_install']
[0.290s] Level 1:colcon.colcon_core.package_identification:_identify(.) by extension 'ignore'
[0.290s] Level 1:colcon.colcon_core.package_identification:_identify(.) by extension 'ignore_ament_install'
[0.291s] Level 1:colcon.colcon_core.package_identification:_identify(.) by extensions ['colcon_pkg']
[0.291s] Level 1:colcon.colcon_core.package_identification:_identify(.) by extension 'colcon_pkg'
[0.291s] Level 1:colcon.colcon_core.package_identification:_identify(.) by extensions ['colcon_meta']
[0.291s] Level 1:colcon.colcon_core.package_identification:_identify(.) by extension 'colcon_meta'
[0.291s] Level 1:colcon.colcon_core.package_identification:_identify(.) by extensions ['ros']
[0.291s] Level 1:colcon.colcon_core.package_identification:_identify(.) by extension 'ros'
[0.299s] Level 1:colcon.colcon_core.package_identification:_identify(.) by extensions ['cmake', 'python']
[0.299s] Level 1:colcon.colcon_core.package_identification:_identify(.) by extension 'cmake'
[0.299s] Level 1:colcon.colcon_core.package_identification:_identify(.) by extension 'python'
[0.299s] Level 1:colcon.colcon_core.package_identification:_identify(.) by extensions ['python_setup_py']
[0.299s] Level 1:colcon.colcon_core.package_identification:_identify(.) by extension 'python_setup_py'
[0.299s] Level 1:colcon.colcon_core.package_identification:_identify(build) by extensions ['ignore', 'ignore_ament_install']
[0.299s] Level 1:colcon.colcon_core.package_identification:_identify(build) by extension 'ignore'
[0.299s] Level 1:colcon.colcon_core.package_identification:_identify(build) ignored
[0.299s] Level 1:colcon.colcon_core.package_identification:_identify(install) by extensions ['ignore', 'ignore_ament_install']
[0.299s] Level 1:colcon.colcon_core.package_identification:_identify(install) by extension 'ignore'
[0.299s] Level 1:colcon.colcon_core.package_identification:_identify(install) ignored
[0.299s] Level 1:colcon.colcon_core.package_identification:_identify(log) by extensions ['ignore', 'ignore_ament_install']
[0.299s] Level 1:colcon.colcon_core.package_identification:_identify(log) by extension 'ignore'
[0.299s] Level 1:colcon.colcon_core.package_identification:_identify(log) ignored
[0.299s] Level 1:colcon.colcon_core.package_identification:_identify(pointcloud_to_laserscan) by extensions ['ignore', 'ignore_ament_install']
[0.299s] Level 1:colcon.colcon_core.package_identification:_identify(pointcloud_to_laserscan) by extension 'ignore'
[0.299s] Level 1:colcon.colcon_core.package_identification:_identify(pointcloud_to_laserscan) by extension 'ignore_ament_install'
[0.299s] Level 1:colcon.colcon_core.package_identification:_identify(pointcloud_to_laserscan) by extensions ['colcon_pkg']
[0.299s] Level 1:colcon.colcon_core.package_identification:_identify(pointcloud_to_laserscan) by extension 'colcon_pkg'
[0.299s] Level 1:colcon.colcon_core.package_identification:_identify(pointcloud_to_laserscan) by extensions ['colcon_meta']
[0.299s] Level 1:colcon.colcon_core.package_identification:_identify(pointcloud_to_laserscan) by extension 'colcon_meta'
[0.299s] Level 1:colcon.colcon_core.package_identification:_identify(pointcloud_to_laserscan) by extensions ['ros']
[0.300s] Level 1:colcon.colcon_core.package_identification:_identify(pointcloud_to_laserscan) by extension 'ros'
[0.302s] DEBUG:colcon.colcon_core.package_identification:Package 'pointcloud_to_laserscan' with type 'ros.ament_cmake' and name 'pointcloud_to_laserscan'
[0.302s] Level 1:colcon.colcon_core.package_identification:_identify(src) by extensions ['ignore', 'ignore_ament_install']
[0.302s] Level 1:colcon.colcon_core.package_identification:_identify(src) by extension 'ignore'
[0.302s] Level 1:colcon.colcon_core.package_identification:_identify(src) by extension 'ignore_ament_install'
[0.302s] Level 1:colcon.colcon_core.package_identification:_identify(src) by extensions ['colcon_pkg']
[0.302s] Level 1:colcon.colcon_core.package_identification:_identify(src) by extension 'colcon_pkg'
[0.302s] Level 1:colcon.colcon_core.package_identification:_identify(src) by extensions ['colcon_meta']
[0.302s] Level 1:colcon.colcon_core.package_identification:_identify(src) by extension 'colcon_meta'
[0.302s] Level 1:colcon.colcon_core.package_identification:_identify(src) by extensions ['ros']
[0.302s] Level 1:colcon.colcon_core.package_identification:_identify(src) by extension 'ros'
[0.303s] Level 1:colcon.colcon_core.package_identification:_identify(src) by extensions ['cmake', 'python']
[0.303s] Level 1:colcon.colcon_core.package_identification:_identify(src) by extension 'cmake'
[0.303s] Level 1:colcon.colcon_core.package_identification:_identify(src) by extension 'python'
[0.303s] Level 1:colcon.colcon_core.package_identification:_identify(src) by extensions ['python_setup_py']
[0.303s] Level 1:colcon.colcon_core.package_identification:_identify(src) by extension 'python_setup_py'
[0.303s] Level 1:colcon.colcon_core.package_identification:_identify(src/Lslidar_ROS2_driver) by extensions ['ignore', 'ignore_ament_install']
[0.303s] Level 1:colcon.colcon_core.package_identification:_identify(src/Lslidar_ROS2_driver) by extension 'ignore'
[0.303s] Level 1:colcon.colcon_core.package_identification:_identify(src/Lslidar_ROS2_driver) by extension 'ignore_ament_install'
[0.303s] Level 1:colcon.colcon_core.package_identification:_identify(src/Lslidar_ROS2_driver) by extensions ['colcon_pkg']
[0.303s] Level 1:colcon.colcon_core.package_identification:_identify(src/Lslidar_ROS2_driver) by extension 'colcon_pkg'
[0.303s] Level 1:colcon.colcon_core.package_identification:_identify(src/Lslidar_ROS2_driver) by extensions ['colcon_meta']
[0.303s] Level 1:colcon.colcon_core.package_identification:_identify(src/Lslidar_ROS2_driver) by extension 'colcon_meta'
[0.303s] Level 1:colcon.colcon_core.package_identification:_identify(src/Lslidar_ROS2_driver) by extensions ['ros']
[0.303s] Level 1:colcon.colcon_core.package_identification:_identify(src/Lslidar_ROS2_driver) by extension 'ros'
[0.303s] Level 1:colcon.colcon_core.package_identification:_identify(src/Lslidar_ROS2_driver) by extensions ['cmake', 'python']
[0.303s] Level 1:colcon.colcon_core.package_identification:_identify(src/Lslidar_ROS2_driver) by extension 'cmake'
[0.303s] Level 1:colcon.colcon_core.package_identification:_identify(src/Lslidar_ROS2_driver) by extension 'python'
[0.303s] Level 1:colcon.colcon_core.package_identification:_identify(src/Lslidar_ROS2_driver) by extensions ['python_setup_py']
[0.303s] Level 1:colcon.colcon_core.package_identification:_identify(src/Lslidar_ROS2_driver) by extension 'python_setup_py'
[0.308s] Level 1:colcon.colcon_core.package_identification:_identify(src/Lslidar_ROS2_driver/lslidar_driver) by extensions ['ignore', 'ignore_ament_install']
[0.308s] Level 1:colcon.colcon_core.package_identification:_identify(src/Lslidar_ROS2_driver/lslidar_driver) by extension 'ignore'
[0.308s] Level 1:colcon.colcon_core.package_identification:_identify(src/Lslidar_ROS2_driver/lslidar_driver) by extension 'ignore_ament_install'
[0.308s] Level 1:colcon.colcon_core.package_identification:_identify(src/Lslidar_ROS2_driver/lslidar_driver) by extensions ['colcon_pkg']
[0.308s] Level 1:colcon.colcon_core.package_identification:_identify(src/Lslidar_ROS2_driver/lslidar_driver) by extension 'colcon_pkg'
[0.308s] Level 1:colcon.colcon_core.package_identification:_identify(src/Lslidar_ROS2_driver/lslidar_driver) by extensions ['colcon_meta']
[0.308s] Level 1:colcon.colcon_core.package_identification:_identify(src/Lslidar_ROS2_driver/lslidar_driver) by extension 'colcon_meta'
[0.308s] Level 1:colcon.colcon_core.package_identification:_identify(src/Lslidar_ROS2_driver/lslidar_driver) by extensions ['ros']
[0.308s] Level 1:colcon.colcon_core.package_identification:_identify(src/Lslidar_ROS2_driver/lslidar_driver) by extension 'ros'
[0.309s] DEBUG:colcon.colcon_core.package_identification:Package 'src/Lslidar_ROS2_driver/lslidar_driver' with type 'ros.ament_cmake' and name 'lslidar_driver'
[0.309s] Level 1:colcon.colcon_core.package_identification:_identify(src/Lslidar_ROS2_driver/lslidar_msgs) by extensions ['ignore', 'ignore_ament_install']
[0.309s] Level 1:colcon.colcon_core.package_identification:_identify(src/Lslidar_ROS2_driver/lslidar_msgs) by extension 'ignore'
[0.309s] Level 1:colcon.colcon_core.package_identification:_identify(src/Lslidar_ROS2_driver/lslidar_msgs) by extension 'ignore_ament_install'
[0.309s] Level 1:colcon.colcon_core.package_identification:_identify(src/Lslidar_ROS2_driver/lslidar_msgs) by extensions ['colcon_pkg']
[0.309s] Level 1:colcon.colcon_core.package_identification:_identify(src/Lslidar_ROS2_driver/lslidar_msgs) by extension 'colcon_pkg'
[0.309s] Level 1:colcon.colcon_core.package_identification:_identify(src/Lslidar_ROS2_driver/lslidar_msgs) by extensions ['colcon_meta']
[0.309s] Level 1:colcon.colcon_core.package_identification:_identify(src/Lslidar_ROS2_driver/lslidar_msgs) by extension 'colcon_meta'
[0.309s] Level 1:colcon.colcon_core.package_identification:_identify(src/Lslidar_ROS2_driver/lslidar_msgs) by extensions ['ros']
[0.309s] Level 1:colcon.colcon_core.package_identification:_identify(src/Lslidar_ROS2_driver/lslidar_msgs) by extension 'ros'
[0.310s] DEBUG:colcon.colcon_core.package_identification:Package 'src/Lslidar_ROS2_driver/lslidar_msgs' with type 'ros.ament_cmake' and name 'lslidar_msgs'
[0.310s] Level 1:colcon.colcon_core.package_discovery:discover_packages(recursive) using defaults
[0.310s] Level 1:colcon.colcon_core.package_discovery:discover_packages(ignore) discover
[0.310s] Level 1:colcon.colcon_core.package_discovery:discover_packages(ignore) using defaults
[0.310s] Level 1:colcon.colcon_core.package_discovery:discover_packages(path) discover
[0.310s] Level 1:colcon.colcon_core.package_discovery:discover_packages(path) using defaults
[0.333s] Level 1:colcon.colcon_core.package_discovery:discover_packages(prefix_path) check parameters
[0.334s] Level 1:colcon.colcon_core.package_discovery:discover_packages(prefix_path) discover
[0.335s] DEBUG:colcon.colcon_installed_package_information.package_discovery:Found 7 installed packages in /home/tamir/autonomous_robot/install
[0.336s] DEBUG:colcon.colcon_installed_package_information.package_discovery:Found 1 installed packages in /home/tamir/autonomous_robot/autonomous_robot_control/src/control_hardware/install
[0.337s] DEBUG:colcon.colcon_installed_package_information.package_discovery:Found 392 installed packages in /opt/ros/humble
[0.338s] Level 1:colcon.colcon_core.package_discovery:discover_packages(prefix_path) using defaults
[0.366s] Level 5:colcon.colcon_core.verb:set package 'lslidar_msgs' build argument 'cmake_args' from command line to 'None'
[0.367s] Level 5:colcon.colcon_core.verb:set package 'lslidar_msgs' build argument 'cmake_target' from command line to 'None'
[0.367s] Level 5:colcon.colcon_core.verb:set package 'lslidar_msgs' build argument 'cmake_target_skip_unavailable' from command line to 'False'
[0.367s] Level 5:colcon.colcon_core.verb:set package 'lslidar_msgs' build argument 'cmake_clean_cache' from command line to 'False'
[0.367s] Level 5:colcon.colcon_core.verb:set package 'lslidar_msgs' build argument 'cmake_clean_first' from command line to 'False'
[0.367s] Level 5:colcon.colcon_core.verb:set package 'lslidar_msgs' build argument 'cmake_force_configure' from command line to 'False'
[0.367s] Level 5:colcon.colcon_core.verb:set package 'lslidar_msgs' build argument 'ament_cmake_args' from command line to 'None'
[0.367s] Level 5:colcon.colcon_core.verb:set package 'lslidar_msgs' build argument 'catkin_cmake_args' from command line to 'None'
[0.367s] Level 5:colcon.colcon_core.verb:set package 'lslidar_msgs' build argument 'catkin_skip_building_tests' from command line to 'False'
[0.367s] DEBUG:colcon.colcon_core.verb:Building package 'lslidar_msgs' with the following arguments: {'ament_cmake_args': None, 'build_base': '/home/tamir/autonomous_robot/sensors_package/src/lidar_ws/build/lslidar_msgs', 'catkin_cmake_args': None, 'catkin_skip_building_tests': False, 'cmake_args': None, 'cmake_clean_cache': False, 'cmake_clean_first': False, 'cmake_force_configure': False, 'cmake_target': None, 'cmake_target_skip_unavailable': False, 'install_base': '/home/tamir/autonomous_robot/sensors_package/src/lidar_ws/install/lslidar_msgs', 'merge_install': False, 'path': '/home/tamir/autonomous_robot/sensors_package/src/lidar_ws/src/Lslidar_ROS2_driver/lslidar_msgs', 'symlink_install': False, 'test_result_base': None}
[0.367s] Level 5:colcon.colcon_core.verb:set package 'pointcloud_to_laserscan' build argument 'cmake_args' from command line to 'None'
[0.367s] Level 5:colcon.colcon_core.verb:set package 'pointcloud_to_laserscan' build argument 'cmake_target' from command line to 'None'
[0.367s] Level 5:colcon.colcon_core.verb:set package 'pointcloud_to_laserscan' build argument 'cmake_target_skip_unavailable' from command line to 'False'
[0.367s] Level 5:colcon.colcon_core.verb:set package 'pointcloud_to_laserscan' build argument 'cmake_clean_cache' from command line to 'False'
[0.367s] Level 5:colcon.colcon_core.verb:set package 'pointcloud_to_laserscan' build argument 'cmake_clean_first' from command line to 'False'
[0.367s] Level 5:colcon.colcon_core.verb:set package 'pointcloud_to_laserscan' build argument 'cmake_force_configure' from command line to 'False'
[0.367s] Level 5:colcon.colcon_core.verb:set package 'pointcloud_to_laserscan' build argument 'ament_cmake_args' from command line to 'None'
[0.367s] Level 5:colcon.colcon_core.verb:set package 'pointcloud_to_laserscan' build argument 'catkin_cmake_args' from command line to 'None'
[0.367s] Level 5:colcon.colcon_core.verb:set package 'pointcloud_to_laserscan' build argument 'catkin_skip_building_tests' from command line to 'False'
[0.367s] DEBUG:colcon.colcon_core.verb:Building package 'pointcloud_to_laserscan' with the following arguments: {'ament_cmake_args': None, 'build_base': '/home/tamir/autonomous_robot/sensors_package/src/lidar_ws/build/pointcloud_to_laserscan', 'catkin_cmake_args': None, 'catkin_skip_building_tests': False, 'cmake_args': None, 'cmake_clean_cache': False, 'cmake_clean_first': False, 'cmake_force_configure': False, 'cmake_target': None, 'cmake_target_skip_unavailable': False, 'install_base': '/home/tamir/autonomous_robot/sensors_package/src/lidar_ws/install/pointcloud_to_laserscan', 'merge_install': False, 'path': '/home/tamir/autonomous_robot/sensors_package/src/lidar_ws/pointcloud_to_laserscan', 'symlink_install': False, 'test_result_base': None}
[0.367s] Level 5:colcon.colcon_core.verb:set package 'lslidar_driver' build argument 'cmake_args' from command line to 'None'
[0.367s] Level 5:colcon.colcon_core.verb:set package 'lslidar_driver' build argument 'cmake_target' from command line to 'None'
[0.367s] Level 5:colcon.colcon_core.verb:set package 'lslidar_driver' build argument 'cmake_target_skip_unavailable' from command line to 'False'
[0.367s] Level 5:colcon.colcon_core.verb:set package 'lslidar_driver' build argument 'cmake_clean_cache' from command line to 'False'
[0.367s] Level 5:colcon.colcon_core.verb:set package 'lslidar_driver' build argument 'cmake_clean_first' from command line to 'False'
[0.367s] Level 5:colcon.colcon_core.verb:set package 'lslidar_driver' build argument 'cmake_force_configure' from command line to 'False'
[0.367s] Level 5:colcon.colcon_core.verb:set package 'lslidar_driver' build argument 'ament_cmake_args' from command line to 'None'
[0.367s] Level 5:colcon.colcon_core.verb:set package 'lslidar_driver' build argument 'catkin_cmake_args' from command line to 'None'
[0.367s] Level 5:colcon.colcon_core.verb:set package 'lslidar_driver' build argument 'catkin_skip_building_tests' from command line to 'False'
[0.367s] DEBUG:colcon.colcon_core.verb:Building package 'lslidar_driver' with the following arguments: {'ament_cmake_args': None, 'build_base': '/home/tamir/autonomous_robot/sensors_package/src/lidar_ws/build/lslidar_driver', 'catkin_cmake_args': None, 'catkin_skip_building_tests': False, 'cmake_args': None, 'cmake_clean_cache': False, 'cmake_clean_first': False, 'cmake_force_configure': False, 'cmake_target': None, 'cmake_target_skip_unavailable': False, 'install_base': '/home/tamir/autonomous_robot/sensors_package/src/lidar_ws/install/lslidar_driver', 'merge_install': False, 'path': '/home/tamir/autonomous_robot/sensors_package/src/lidar_ws/src/Lslidar_ROS2_driver/lslidar_driver', 'symlink_install': False, 'test_result_base': None}
[0.367s] INFO:colcon.colcon_core.executor:Executing jobs using 'parallel' executor
[0.368s] DEBUG:colcon.colcon_parallel_executor.executor.parallel:run_until_complete
[0.368s] INFO:colcon.colcon_ros.task.ament_cmake.build:Building ROS package in '/home/tamir/autonomous_robot/sensors_package/src/lidar_ws/src/Lslidar_ROS2_driver/lslidar_msgs' with build type 'ament_cmake'
[0.368s] INFO:colcon.colcon_cmake.task.cmake.build:Building CMake package in '/home/tamir/autonomous_robot/sensors_package/src/lidar_ws/src/Lslidar_ROS2_driver/lslidar_msgs'
[0.371s] INFO:colcon.colcon_core.plugin_system:Skipping extension 'colcon_core.shell.bat': Not used on non-Windows systems
[0.371s] INFO:colcon.colcon_core.shell:Skip shell extension 'powershell' for command environment: Not usable outside of PowerShell
[0.371s] DEBUG:colcon.colcon_core.shell:Skip shell extension 'dsv' for command environment
[0.374s] INFO:colcon.colcon_ros.task.ament_cmake.build:Building ROS package in '/home/tamir/autonomous_robot/sensors_package/src/lidar_ws/pointcloud_to_laserscan' with build type 'ament_cmake'
[0.374s] INFO:colcon.colcon_cmake.task.cmake.build:Building CMake package in '/home/tamir/autonomous_robot/sensors_package/src/lidar_ws/pointcloud_to_laserscan'
[0.374s] INFO:colcon.colcon_core.shell:Skip shell extension 'powershell' for command environment: Not usable outside of PowerShell
[0.374s] DEBUG:colcon.colcon_core.shell:Skip shell extension 'dsv' for command environment
[0.382s] DEBUG:colcon.colcon_core.event_handler.log_command:Invoking command in '/home/tamir/autonomous_robot/sensors_package/src/lidar_ws/build/lslidar_msgs': CMAKE_PREFIX_PATH=${CMAKE_PREFIX_PATH}:/home/tamir/autonomous_robot/install/calc_odom:/home/tamir/autonomous_robot/install/control_hardware:/home/tamir/autonomous_robot/autonomous_robot_control/src/control_hardware/install/control_hardware:/opt/ros/humble /usr/bin/cmake --build /home/tamir/autonomous_robot/sensors_package/src/lidar_ws/build/lslidar_msgs -- -j12 -l12
[0.388s] DEBUG:colcon.colcon_core.event_handler.log_command:Invoking command in '/home/tamir/autonomous_robot/sensors_package/src/lidar_ws/build/pointcloud_to_laserscan': CMAKE_PREFIX_PATH=${CMAKE_PREFIX_PATH}:/home/tamir/autonomous_robot/install/calc_odom:/home/tamir/autonomous_robot/install/control_hardware:/home/tamir/autonomous_robot/autonomous_robot_control/src/control_hardware/install/control_hardware:/opt/ros/humble /usr/bin/cmake --build /home/tamir/autonomous_robot/sensors_package/src/lidar_ws/build/pointcloud_to_laserscan -- -j12 -l12
[3.069s] DEBUG:colcon.colcon_core.event_handler.log_command:Invoked command in '/home/tamir/autonomous_robot/sensors_package/src/lidar_ws/build/lslidar_msgs' returned '0': CMAKE_PREFIX_PATH=${CMAKE_PREFIX_PATH}:/home/tamir/autonomous_robot/install/calc_odom:/home/tamir/autonomous_robot/install/control_hardware:/home/tamir/autonomous_robot/autonomous_robot_control/src/control_hardware/install/control_hardware:/opt/ros/humble /usr/bin/cmake --build /home/tamir/autonomous_robot/sensors_package/src/lidar_ws/build/lslidar_msgs -- -j12 -l12
[3.297s] DEBUG:colcon.colcon_core.event_handler.log_command:Invoking command in '/home/tamir/autonomous_robot/sensors_package/src/lidar_ws/build/lslidar_msgs': CMAKE_PREFIX_PATH=${CMAKE_PREFIX_PATH}:/home/tamir/autonomous_robot/install/calc_odom:/home/tamir/autonomous_robot/install/control_hardware:/home/tamir/autonomous_robot/autonomous_robot_control/src/control_hardware/install/control_hardware:/opt/ros/humble /usr/bin/cmake --install /home/tamir/autonomous_robot/sensors_package/src/lidar_ws/build/lslidar_msgs
[3.367s] Level 1:colcon.colcon_core.environment:create_environment_scripts_only(lslidar_msgs)
[3.367s] DEBUG:colcon.colcon_core.event_handler.log_command:Invoked command in '/home/tamir/autonomous_robot/sensors_package/src/lidar_ws/build/lslidar_msgs' returned '0': CMAKE_PREFIX_PATH=${CMAKE_PREFIX_PATH}:/home/tamir/autonomous_robot/install/calc_odom:/home/tamir/autonomous_robot/install/control_hardware:/home/tamir/autonomous_robot/autonomous_robot_control/src/control_hardware/install/control_hardware:/opt/ros/humble /usr/bin/cmake --install /home/tamir/autonomous_robot/sensors_package/src/lidar_ws/build/lslidar_msgs
[3.371s] Level 1:colcon.colcon_core.environment:checking '/home/tamir/autonomous_robot/sensors_package/src/lidar_ws/install/lslidar_msgs' for CMake module files
[3.371s] Level 1:colcon.colcon_core.environment:checking '/home/tamir/autonomous_robot/sensors_package/src/lidar_ws/install/lslidar_msgs' for CMake config files
[3.372s] Level 1:colcon.colcon_core.shell:create_environment_hook('lslidar_msgs', 'cmake_prefix_path')
[3.372s] INFO:colcon.colcon_core.shell:Creating environment hook '/home/tamir/autonomous_robot/sensors_package/src/lidar_ws/install/lslidar_msgs/share/lslidar_msgs/hook/cmake_prefix_path.ps1'
[3.373s] INFO:colcon.colcon_core.shell:Creating environment descriptor '/home/tamir/autonomous_robot/sensors_package/src/lidar_ws/install/lslidar_msgs/share/lslidar_msgs/hook/cmake_prefix_path.dsv'
[3.373s] INFO:colcon.colcon_core.shell:Creating environment hook '/home/tamir/autonomous_robot/sensors_package/src/lidar_ws/install/lslidar_msgs/share/lslidar_msgs/hook/cmake_prefix_path.sh'
[3.374s] Level 1:colcon.colcon_core.environment:checking '/home/tamir/autonomous_robot/sensors_package/src/lidar_ws/install/lslidar_msgs/lib'
[3.374s] Level 1:colcon.colcon_core.shell:create_environment_hook('lslidar_msgs', 'ld_library_path_lib')
[3.374s] INFO:colcon.colcon_core.shell:Creating environment hook '/home/tamir/autonomous_robot/sensors_package/src/lidar_ws/install/lslidar_msgs/share/lslidar_msgs/hook/ld_library_path_lib.ps1'
[3.375s] INFO:colcon.colcon_core.shell:Creating environment descriptor '/home/tamir/autonomous_robot/sensors_package/src/lidar_ws/install/lslidar_msgs/share/lslidar_msgs/hook/ld_library_path_lib.dsv'
[3.375s] INFO:colcon.colcon_core.shell:Creating environment hook '/home/tamir/autonomous_robot/sensors_package/src/lidar_ws/install/lslidar_msgs/share/lslidar_msgs/hook/ld_library_path_lib.sh'
[3.375s] Level 1:colcon.colcon_core.environment:checking '/home/tamir/autonomous_robot/sensors_package/src/lidar_ws/install/lslidar_msgs/bin'
[3.375s] Level 1:colcon.colcon_core.environment:checking '/home/tamir/autonomous_robot/sensors_package/src/lidar_ws/install/lslidar_msgs/lib/pkgconfig/lslidar_msgs.pc'
[3.375s] Level 1:colcon.colcon_core.environment:checking '/home/tamir/autonomous_robot/sensors_package/src/lidar_ws/install/lslidar_msgs/lib/python3.10/site-packages'
[3.375s] Level 1:colcon.colcon_core.environment:checking '/home/tamir/autonomous_robot/sensors_package/src/lidar_ws/install/lslidar_msgs/bin'
[3.376s] INFO:colcon.colcon_core.shell:Creating package script '/home/tamir/autonomous_robot/sensors_package/src/lidar_ws/install/lslidar_msgs/share/lslidar_msgs/package.ps1'
[3.376s] INFO:colcon.colcon_core.shell:Creating package descriptor '/home/tamir/autonomous_robot/sensors_package/src/lidar_ws/install/lslidar_msgs/share/lslidar_msgs/package.dsv'
[3.377s] INFO:colcon.colcon_core.shell:Creating package script '/home/tamir/autonomous_robot/sensors_package/src/lidar_ws/install/lslidar_msgs/share/lslidar_msgs/package.sh'
[3.378s] INFO:colcon.colcon_core.shell:Creating package script '/home/tamir/autonomous_robot/sensors_package/src/lidar_ws/install/lslidar_msgs/share/lslidar_msgs/package.bash'
[3.379s] INFO:colcon.colcon_core.shell:Creating package script '/home/tamir/autonomous_robot/sensors_package/src/lidar_ws/install/lslidar_msgs/share/lslidar_msgs/package.zsh'
[3.379s] Level 1:colcon.colcon_core.environment:create_file_with_runtime_dependencies(/home/tamir/autonomous_robot/sensors_package/src/lidar_ws/install/lslidar_msgs/share/colcon-core/packages/lslidar_msgs)
[3.593s] Level 1:colcon.colcon_core.environment:create_environment_scripts_only(lslidar_msgs)
[3.594s] Level 1:colcon.colcon_core.environment:checking '/home/tamir/autonomous_robot/sensors_package/src/lidar_ws/install/lslidar_msgs' for CMake module files
[3.595s] Level 1:colcon.colcon_core.environment:checking '/home/tamir/autonomous_robot/sensors_package/src/lidar_ws/install/lslidar_msgs' for CMake config files
[3.595s] Level 1:colcon.colcon_core.shell:create_environment_hook('lslidar_msgs', 'cmake_prefix_path')
[3.596s] INFO:colcon.colcon_core.shell:Creating environment hook '/home/tamir/autonomous_robot/sensors_package/src/lidar_ws/install/lslidar_msgs/share/lslidar_msgs/hook/cmake_prefix_path.ps1'
[3.596s] INFO:colcon.colcon_core.shell:Creating environment descriptor '/home/tamir/autonomous_robot/sensors_package/src/lidar_ws/install/lslidar_msgs/share/lslidar_msgs/hook/cmake_prefix_path.dsv'
[3.597s] INFO:colcon.colcon_core.shell:Creating environment hook '/home/tamir/autonomous_robot/sensors_package/src/lidar_ws/install/lslidar_msgs/share/lslidar_msgs/hook/cmake_prefix_path.sh'
[3.597s] Level 1:colcon.colcon_core.environment:checking '/home/tamir/autonomous_robot/sensors_package/src/lidar_ws/install/lslidar_msgs/lib'
[3.597s] Level 1:colcon.colcon_core.shell:create_environment_hook('lslidar_msgs', 'ld_library_path_lib')
[3.598s] INFO:colcon.colcon_core.shell:Creating environment hook '/home/tamir/autonomous_robot/sensors_package/src/lidar_ws/install/lslidar_msgs/share/lslidar_msgs/hook/ld_library_path_lib.ps1'
[3.598s] INFO:colcon.colcon_core.shell:Creating environment descriptor '/home/tamir/autonomous_robot/sensors_package/src/lidar_ws/install/lslidar_msgs/share/lslidar_msgs/hook/ld_library_path_lib.dsv'
[3.598s] INFO:colcon.colcon_core.shell:Creating environment hook '/home/tamir/autonomous_robot/sensors_package/src/lidar_ws/install/lslidar_msgs/share/lslidar_msgs/hook/ld_library_path_lib.sh'
[3.598s] Level 1:colcon.colcon_core.environment:checking '/home/tamir/autonomous_robot/sensors_package/src/lidar_ws/install/lslidar_msgs/bin'
[3.599s] Level 1:colcon.colcon_core.environment:checking '/home/tamir/autonomous_robot/sensors_package/src/lidar_ws/install/lslidar_msgs/lib/pkgconfig/lslidar_msgs.pc'
[3.599s] Level 1:colcon.colcon_core.environment:checking '/home/tamir/autonomous_robot/sensors_package/src/lidar_ws/install/lslidar_msgs/lib/python3.10/site-packages'
[3.599s] Level 1:colcon.colcon_core.environment:checking '/home/tamir/autonomous_robot/sensors_package/src/lidar_ws/install/lslidar_msgs/bin'
[3.599s] INFO:colcon.colcon_core.shell:Creating package script '/home/tamir/autonomous_robot/sensors_package/src/lidar_ws/install/lslidar_msgs/share/lslidar_msgs/package.ps1'
[3.600s] INFO:colcon.colcon_core.shell:Creating package descriptor '/home/tamir/autonomous_robot/sensors_package/src/lidar_ws/install/lslidar_msgs/share/lslidar_msgs/package.dsv'
[3.600s] INFO:colcon.colcon_core.shell:Creating package script '/home/tamir/autonomous_robot/sensors_package/src/lidar_ws/install/lslidar_msgs/share/lslidar_msgs/package.sh'
[3.600s] INFO:colcon.colcon_core.shell:Creating package script '/home/tamir/autonomous_robot/sensors_package/src/lidar_ws/install/lslidar_msgs/share/lslidar_msgs/package.bash'
[3.600s] INFO:colcon.colcon_core.shell:Creating package script '/home/tamir/autonomous_robot/sensors_package/src/lidar_ws/install/lslidar_msgs/share/lslidar_msgs/package.zsh'
[3.601s] Level 1:colcon.colcon_core.environment:create_file_with_runtime_dependencies(/home/tamir/autonomous_robot/sensors_package/src/lidar_ws/install/lslidar_msgs/share/colcon-core/packages/lslidar_msgs)
[3.601s] INFO:colcon.colcon_ros.task.ament_cmake.build:Building ROS package in '/home/tamir/autonomous_robot/sensors_package/src/lidar_ws/src/Lslidar_ROS2_driver/lslidar_driver' with build type 'ament_cmake'
[3.601s] INFO:colcon.colcon_cmake.task.cmake.build:Building CMake package in '/home/tamir/autonomous_robot/sensors_package/src/lidar_ws/src/Lslidar_ROS2_driver/lslidar_driver'
[3.601s] INFO:colcon.colcon_core.shell:Skip shell extension 'powershell' for command environment: Not usable outside of PowerShell
[3.601s] DEBUG:colcon.colcon_core.shell:Skip shell extension 'dsv' for command environment
[3.611s] DEBUG:colcon.colcon_core.event_handler.log_command:Invoking command in '/home/tamir/autonomous_robot/sensors_package/src/lidar_ws/build/lslidar_driver': AMENT_PREFIX_PATH=/home/tamir/autonomous_robot/sensors_package/src/lidar_ws/install/lslidar_msgs:${AMENT_PREFIX_PATH} CMAKE_PREFIX_PATH=/home/tamir/autonomous_robot/sensors_package/src/lidar_ws/install/lslidar_msgs:/home/tamir/autonomous_robot/install/sensors_package:/home/tamir/autonomous_robot/install/joystick:/home/tamir/autonomous_robot/install/robot_common_interfaces:/home/tamir/autonomous_robot/install/aws_robomaker_small_warehouse_world:/home/tamir/autonomous_robot/install/autonomous_robot_description:/home/tamir/autonomous_robot/install/calc_odom:/home/tamir/autonomous_robot/install/control_hardware:/home/tamir/autonomous_robot/autonomous_robot_control/src/control_hardware/install/control_hardware:/opt/ros/humble LD_LIBRARY_PATH=/home/tamir/autonomous_robot/sensors_package/src/lidar_ws/install/lslidar_msgs/lib:/home/tamir/autonomous_robot/install/robot_common_interfaces/lib:/opt/ros/humble/opt/rviz_ogre_vendor/lib:/opt/ros/humble/lib/x86_64-linux-gnu:/opt/ros/humble/lib:/usr/lib/x86_64-linux-gnu/gazebo-11/plugins PYTHONPATH=/home/tamir/autonomous_robot/sensors_package/src/lidar_ws/install/lslidar_msgs/local/lib/python3.10/dist-packages:${PYTHONPATH} /usr/bin/cmake --build /home/tamir/autonomous_robot/sensors_package/src/lidar_ws/build/lslidar_driver -- -j12 -l12
[9.783s] DEBUG:colcon.colcon_core.event_handler.log_command:Invoked command in '/home/tamir/autonomous_robot/sensors_package/src/lidar_ws/build/pointcloud_to_laserscan' returned '0': CMAKE_PREFIX_PATH=${CMAKE_PREFIX_PATH}:/home/tamir/autonomous_robot/install/calc_odom:/home/tamir/autonomous_robot/install/control_hardware:/home/tamir/autonomous_robot/autonomous_robot_control/src/control_hardware/install/control_hardware:/opt/ros/humble /usr/bin/cmake --build /home/tamir/autonomous_robot/sensors_package/src/lidar_ws/build/pointcloud_to_laserscan -- -j12 -l12
[9.809s] DEBUG:colcon.colcon_core.event_handler.log_command:Invoking command in '/home/tamir/autonomous_robot/sensors_package/src/lidar_ws/build/pointcloud_to_laserscan': CMAKE_PREFIX_PATH=${CMAKE_PREFIX_PATH}:/home/tamir/autonomous_robot/install/calc_odom:/home/tamir/autonomous_robot/install/control_hardware:/home/tamir/autonomous_robot/autonomous_robot_control/src/control_hardware/install/control_hardware:/opt/ros/humble /usr/bin/cmake --install /home/tamir/autonomous_robot/sensors_package/src/lidar_ws/build/pointcloud_to_laserscan
[9.829s] Level 1:colcon.colcon_core.environment:create_environment_scripts_only(pointcloud_to_laserscan)
[9.829s] Level 1:colcon.colcon_core.environment:checking '/home/tamir/autonomous_robot/sensors_package/src/lidar_ws/install/pointcloud_to_laserscan' for CMake module files
[9.829s] DEBUG:colcon.colcon_core.event_handler.log_command:Invoked command in '/home/tamir/autonomous_robot/sensors_package/src/lidar_ws/build/pointcloud_to_laserscan' returned '0': CMAKE_PREFIX_PATH=${CMAKE_PREFIX_PATH}:/home/tamir/autonomous_robot/install/calc_odom:/home/tamir/autonomous_robot/install/control_hardware:/home/tamir/autonomous_robot/autonomous_robot_control/src/control_hardware/install/control_hardware:/opt/ros/humble /usr/bin/cmake --install /home/tamir/autonomous_robot/sensors_package/src/lidar_ws/build/pointcloud_to_laserscan
[9.830s] Level 1:colcon.colcon_core.environment:checking '/home/tamir/autonomous_robot/sensors_package/src/lidar_ws/install/pointcloud_to_laserscan' for CMake config files
[9.830s] Level 1:colcon.colcon_core.shell:create_environment_hook('pointcloud_to_laserscan', 'cmake_prefix_path')
[9.831s] INFO:colcon.colcon_core.shell:Creating environment hook '/home/tamir/autonomous_robot/sensors_package/src/lidar_ws/install/pointcloud_to_laserscan/share/pointcloud_to_laserscan/hook/cmake_prefix_path.ps1'
[9.831s] INFO:colcon.colcon_core.shell:Creating environment descriptor '/home/tamir/autonomous_robot/sensors_package/src/lidar_ws/install/pointcloud_to_laserscan/share/pointcloud_to_laserscan/hook/cmake_prefix_path.dsv'
[9.831s] INFO:colcon.colcon_core.shell:Creating environment hook '/home/tamir/autonomous_robot/sensors_package/src/lidar_ws/install/pointcloud_to_laserscan/share/pointcloud_to_laserscan/hook/cmake_prefix_path.sh'
[9.832s] Level 1:colcon.colcon_core.environment:checking '/home/tamir/autonomous_robot/sensors_package/src/lidar_ws/install/pointcloud_to_laserscan/lib'
[9.832s] Level 1:colcon.colcon_core.shell:create_environment_hook('pointcloud_to_laserscan', 'ld_library_path_lib')
[9.832s] INFO:colcon.colcon_core.shell:Creating environment hook '/home/tamir/autonomous_robot/sensors_package/src/lidar_ws/install/pointcloud_to_laserscan/share/pointcloud_to_laserscan/hook/ld_library_path_lib.ps1'
[9.832s] INFO:colcon.colcon_core.shell:Creating environment descriptor '/home/tamir/autonomous_robot/sensors_package/src/lidar_ws/install/pointcloud_to_laserscan/share/pointcloud_to_laserscan/hook/ld_library_path_lib.dsv'
[9.832s] INFO:colcon.colcon_core.shell:Creating environment hook '/home/tamir/autonomous_robot/sensors_package/src/lidar_ws/install/pointcloud_to_laserscan/share/pointcloud_to_laserscan/hook/ld_library_path_lib.sh'
[9.832s] Level 1:colcon.colcon_core.environment:checking '/home/tamir/autonomous_robot/sensors_package/src/lidar_ws/install/pointcloud_to_laserscan/bin'
[9.832s] Level 1:colcon.colcon_core.environment:checking '/home/tamir/autonomous_robot/sensors_package/src/lidar_ws/install/pointcloud_to_laserscan/lib/pkgconfig/pointcloud_to_laserscan.pc'
[9.833s] Level 1:colcon.colcon_core.environment:checking '/home/tamir/autonomous_robot/sensors_package/src/lidar_ws/install/pointcloud_to_laserscan/lib/python3.10/site-packages'
[9.833s] Level 1:colcon.colcon_core.environment:checking '/home/tamir/autonomous_robot/sensors_package/src/lidar_ws/install/pointcloud_to_laserscan/bin'
[9.833s] INFO:colcon.colcon_core.shell:Creating package script '/home/tamir/autonomous_robot/sensors_package/src/lidar_ws/install/pointcloud_to_laserscan/share/pointcloud_to_laserscan/package.ps1'
[9.833s] INFO:colcon.colcon_core.shell:Creating package descriptor '/home/tamir/autonomous_robot/sensors_package/src/lidar_ws/install/pointcloud_to_laserscan/share/pointcloud_to_laserscan/package.dsv'
[9.833s] INFO:colcon.colcon_core.shell:Creating package script '/home/tamir/autonomous_robot/sensors_package/src/lidar_ws/install/pointcloud_to_laserscan/share/pointcloud_to_laserscan/package.sh'
[9.834s] INFO:colcon.colcon_core.shell:Creating package script '/home/tamir/autonomous_robot/sensors_package/src/lidar_ws/install/pointcloud_to_laserscan/share/pointcloud_to_laserscan/package.bash'
[9.834s] INFO:colcon.colcon_core.shell:Creating package script '/home/tamir/autonomous_robot/sensors_package/src/lidar_ws/install/pointcloud_to_laserscan/share/pointcloud_to_laserscan/package.zsh'
[9.834s] Level 1:colcon.colcon_core.environment:create_file_with_runtime_dependencies(/home/tamir/autonomous_robot/sensors_package/src/lidar_ws/install/pointcloud_to_laserscan/share/colcon-core/packages/pointcloud_to_laserscan)
[9.861s] Level 1:colcon.colcon_core.environment:create_environment_scripts_only(pointcloud_to_laserscan)
[9.861s] Level 1:colcon.colcon_core.environment:checking '/home/tamir/autonomous_robot/sensors_package/src/lidar_ws/install/pointcloud_to_laserscan' for CMake module files
[9.862s] Level 1:colcon.colcon_core.environment:checking '/home/tamir/autonomous_robot/sensors_package/src/lidar_ws/install/pointcloud_to_laserscan' for CMake config files
[9.862s] Level 1:colcon.colcon_core.shell:create_environment_hook('pointcloud_to_laserscan', 'cmake_prefix_path')
[9.862s] INFO:colcon.colcon_core.shell:Creating environment hook '/home/tamir/autonomous_robot/sensors_package/src/lidar_ws/install/pointcloud_to_laserscan/share/pointcloud_to_laserscan/hook/cmake_prefix_path.ps1'
[9.862s] INFO:colcon.colcon_core.shell:Creating environment descriptor '/home/tamir/autonomous_robot/sensors_package/src/lidar_ws/install/pointcloud_to_laserscan/share/pointcloud_to_laserscan/hook/cmake_prefix_path.dsv'
[9.863s] INFO:colcon.colcon_core.shell:Creating environment hook '/home/tamir/autonomous_robot/sensors_package/src/lidar_ws/install/pointcloud_to_laserscan/share/pointcloud_to_laserscan/hook/cmake_prefix_path.sh'
[9.863s] Level 1:colcon.colcon_core.environment:checking '/home/tamir/autonomous_robot/sensors_package/src/lidar_ws/install/pointcloud_to_laserscan/lib'
[9.863s] Level 1:colcon.colcon_core.shell:create_environment_hook('pointcloud_to_laserscan', 'ld_library_path_lib')
[9.863s] INFO:colcon.colcon_core.shell:Creating environment hook '/home/tamir/autonomous_robot/sensors_package/src/lidar_ws/install/pointcloud_to_laserscan/share/pointcloud_to_laserscan/hook/ld_library_path_lib.ps1'
[9.863s] INFO:colcon.colcon_core.shell:Creating environment descriptor '/home/tamir/autonomous_robot/sensors_package/src/lidar_ws/install/pointcloud_to_laserscan/share/pointcloud_to_laserscan/hook/ld_library_path_lib.dsv'
[9.863s] INFO:colcon.colcon_core.shell:Creating environment hook '/home/tamir/autonomous_robot/sensors_package/src/lidar_ws/install/pointcloud_to_laserscan/share/pointcloud_to_laserscan/hook/ld_library_path_lib.sh'
[9.864s] Level 1:colcon.colcon_core.environment:checking '/home/tamir/autonomous_robot/sensors_package/src/lidar_ws/install/pointcloud_to_laserscan/bin'
[9.864s] Level 1:colcon.colcon_core.environment:checking '/home/tamir/autonomous_robot/sensors_package/src/lidar_ws/install/pointcloud_to_laserscan/lib/pkgconfig/pointcloud_to_laserscan.pc'
[9.864s] Level 1:colcon.colcon_core.environment:checking '/home/tamir/autonomous_robot/sensors_package/src/lidar_ws/install/pointcloud_to_laserscan/lib/python3.10/site-packages'
[9.864s] Level 1:colcon.colcon_core.environment:checking '/home/tamir/autonomous_robot/sensors_package/src/lidar_ws/install/pointcloud_to_laserscan/bin'
[9.864s] INFO:colcon.colcon_core.shell:Creating package script '/home/tamir/autonomous_robot/sensors_package/src/lidar_ws/install/pointcloud_to_laserscan/share/pointcloud_to_laserscan/package.ps1'
[9.864s] INFO:colcon.colcon_core.shell:Creating package descriptor '/home/tamir/autonomous_robot/sensors_package/src/lidar_ws/install/pointcloud_to_laserscan/share/pointcloud_to_laserscan/package.dsv'
[9.865s] INFO:colcon.colcon_core.shell:Creating package script '/home/tamir/autonomous_robot/sensors_package/src/lidar_ws/install/pointcloud_to_laserscan/share/pointcloud_to_laserscan/package.sh'
[9.865s] INFO:colcon.colcon_core.shell:Creating package script '/home/tamir/autonomous_robot/sensors_package/src/lidar_ws/install/pointcloud_to_laserscan/share/pointcloud_to_laserscan/package.bash'
[9.865s] INFO:colcon.colcon_core.shell:Creating package script '/home/tamir/autonomous_robot/sensors_package/src/lidar_ws/install/pointcloud_to_laserscan/share/pointcloud_to_laserscan/package.zsh'
[9.865s] Level 1:colcon.colcon_core.environment:create_file_with_runtime_dependencies(/home/tamir/autonomous_robot/sensors_package/src/lidar_ws/install/pointcloud_to_laserscan/share/colcon-core/packages/pointcloud_to_laserscan)
[17.477s] DEBUG:colcon.colcon_core.event_handler.log_command:Invoked command in '/home/tamir/autonomous_robot/sensors_package/src/lidar_ws/build/lslidar_driver' returned '0': AMENT_PREFIX_PATH=/home/tamir/autonomous_robot/sensors_package/src/lidar_ws/install/lslidar_msgs:${AMENT_PREFIX_PATH} CMAKE_PREFIX_PATH=/home/tamir/autonomous_robot/sensors_package/src/lidar_ws/install/lslidar_msgs:/home/tamir/autonomous_robot/install/sensors_package:/home/tamir/autonomous_robot/install/joystick:/home/tamir/autonomous_robot/install/robot_common_interfaces:/home/tamir/autonomous_robot/install/aws_robomaker_small_warehouse_world:/home/tamir/autonomous_robot/install/autonomous_robot_description:/home/tamir/autonomous_robot/install/calc_odom:/home/tamir/autonomous_robot/install/control_hardware:/home/tamir/autonomous_robot/autonomous_robot_control/src/control_hardware/install/control_hardware:/opt/ros/humble LD_LIBRARY_PATH=/home/tamir/autonomous_robot/sensors_package/src/lidar_ws/install/lslidar_msgs/lib:/home/tamir/autonomous_robot/install/robot_common_interfaces/lib:/opt/ros/humble/opt/rviz_ogre_vendor/lib:/opt/ros/humble/lib/x86_64-linux-gnu:/opt/ros/humble/lib:/usr/lib/x86_64-linux-gnu/gazebo-11/plugins PYTHONPATH=/home/tamir/autonomous_robot/sensors_package/src/lidar_ws/install/lslidar_msgs/local/lib/python3.10/dist-packages:${PYTHONPATH} /usr/bin/cmake --build /home/tamir/autonomous_robot/sensors_package/src/lidar_ws/build/lslidar_driver -- -j12 -l12
[17.512s] DEBUG:colcon.colcon_core.event_handler.log_command:Invoking command in '/home/tamir/autonomous_robot/sensors_package/src/lidar_ws/build/lslidar_driver': AMENT_PREFIX_PATH=/home/tamir/autonomous_robot/sensors_package/src/lidar_ws/install/lslidar_msgs:${AMENT_PREFIX_PATH} CMAKE_PREFIX_PATH=/home/tamir/autonomous_robot/sensors_package/src/lidar_ws/install/lslidar_msgs:/home/tamir/autonomous_robot/install/sensors_package:/home/tamir/autonomous_robot/install/joystick:/home/tamir/autonomous_robot/install/robot_common_interfaces:/home/tamir/autonomous_robot/install/aws_robomaker_small_warehouse_world:/home/tamir/autonomous_robot/install/autonomous_robot_description:/home/tamir/autonomous_robot/install/calc_odom:/home/tamir/autonomous_robot/install/control_hardware:/home/tamir/autonomous_robot/autonomous_robot_control/src/control_hardware/install/control_hardware:/opt/ros/humble LD_LIBRARY_PATH=/home/tamir/autonomous_robot/sensors_package/src/lidar_ws/install/lslidar_msgs/lib:/home/tamir/autonomous_robot/install/robot_common_interfaces/lib:/opt/ros/humble/opt/rviz_ogre_vendor/lib:/opt/ros/humble/lib/x86_64-linux-gnu:/opt/ros/humble/lib:/usr/lib/x86_64-linux-gnu/gazebo-11/plugins PYTHONPATH=/home/tamir/autonomous_robot/sensors_package/src/lidar_ws/install/lslidar_msgs/local/lib/python3.10/dist-packages:${PYTHONPATH} /usr/bin/cmake --install /home/tamir/autonomous_robot/sensors_package/src/lidar_ws/build/lslidar_driver
[17.525s] Level 1:colcon.colcon_core.environment:create_environment_scripts_only(lslidar_driver)
[17.526s] Level 1:colcon.colcon_core.environment:checking '/home/tamir/autonomous_robot/sensors_package/src/lidar_ws/install/lslidar_driver' for CMake module files
[17.526s] DEBUG:colcon.colcon_core.event_handler.log_command:Invoked command in '/home/tamir/autonomous_robot/sensors_package/src/lidar_ws/build/lslidar_driver' returned '0': AMENT_PREFIX_PATH=/home/tamir/autonomous_robot/sensors_package/src/lidar_ws/install/lslidar_msgs:${AMENT_PREFIX_PATH} CMAKE_PREFIX_PATH=/home/tamir/autonomous_robot/sensors_package/src/lidar_ws/install/lslidar_msgs:/home/tamir/autonomous_robot/install/sensors_package:/home/tamir/autonomous_robot/install/joystick:/home/tamir/autonomous_robot/install/robot_common_interfaces:/home/tamir/autonomous_robot/install/aws_robomaker_small_warehouse_world:/home/tamir/autonomous_robot/install/autonomous_robot_description:/home/tamir/autonomous_robot/install/calc_odom:/home/tamir/autonomous_robot/install/control_hardware:/home/tamir/autonomous_robot/autonomous_robot_control/src/control_hardware/install/control_hardware:/opt/ros/humble LD_LIBRARY_PATH=/home/tamir/autonomous_robot/sensors_package/src/lidar_ws/install/lslidar_msgs/lib:/home/tamir/autonomous_robot/install/robot_common_interfaces/lib:/opt/ros/humble/opt/rviz_ogre_vendor/lib:/opt/ros/humble/lib/x86_64-linux-gnu:/opt/ros/humble/lib:/usr/lib/x86_64-linux-gnu/gazebo-11/plugins PYTHONPATH=/home/tamir/autonomous_robot/sensors_package/src/lidar_ws/install/lslidar_msgs/local/lib/python3.10/dist-packages:${PYTHONPATH} /usr/bin/cmake --install /home/tamir/autonomous_robot/sensors_package/src/lidar_ws/build/lslidar_driver
[17.527s] Level 1:colcon.colcon_core.environment:checking '/home/tamir/autonomous_robot/sensors_package/src/lidar_ws/install/lslidar_driver' for CMake config files
[17.528s] Level 1:colcon.colcon_core.shell:create_environment_hook('lslidar_driver', 'cmake_prefix_path')
[17.528s] INFO:colcon.colcon_core.shell:Creating environment hook '/home/tamir/autonomous_robot/sensors_package/src/lidar_ws/install/lslidar_driver/share/lslidar_driver/hook/cmake_prefix_path.ps1'
[17.529s] INFO:colcon.colcon_core.shell:Creating environment descriptor '/home/tamir/autonomous_robot/sensors_package/src/lidar_ws/install/lslidar_driver/share/lslidar_driver/hook/cmake_prefix_path.dsv'
[17.529s] INFO:colcon.colcon_core.shell:Creating environment hook '/home/tamir/autonomous_robot/sensors_package/src/lidar_ws/install/lslidar_driver/share/lslidar_driver/hook/cmake_prefix_path.sh'
[17.530s] Level 1:colcon.colcon_core.environment:checking '/home/tamir/autonomous_robot/sensors_package/src/lidar_ws/install/lslidar_driver/lib'
[17.530s] Level 1:colcon.colcon_core.environment:checking '/home/tamir/autonomous_robot/sensors_package/src/lidar_ws/install/lslidar_driver/bin'
[17.530s] Level 1:colcon.colcon_core.environment:checking '/home/tamir/autonomous_robot/sensors_package/src/lidar_ws/install/lslidar_driver/lib/pkgconfig/lslidar_driver.pc'
[17.530s] Level 1:colcon.colcon_core.environment:checking '/home/tamir/autonomous_robot/sensors_package/src/lidar_ws/install/lslidar_driver/lib/python3.10/site-packages'
[17.531s] Level 1:colcon.colcon_core.environment:checking '/home/tamir/autonomous_robot/sensors_package/src/lidar_ws/install/lslidar_driver/bin'
[17.531s] INFO:colcon.colcon_core.shell:Creating package script '/home/tamir/autonomous_robot/sensors_package/src/lidar_ws/install/lslidar_driver/share/lslidar_driver/package.ps1'
[17.531s] INFO:colcon.colcon_core.shell:Creating package descriptor '/home/tamir/autonomous_robot/sensors_package/src/lidar_ws/install/lslidar_driver/share/lslidar_driver/package.dsv'
[17.532s] INFO:colcon.colcon_core.shell:Creating package script '/home/tamir/autonomous_robot/sensors_package/src/lidar_ws/install/lslidar_driver/share/lslidar_driver/package.sh'
[17.532s] INFO:colcon.colcon_core.shell:Creating package script '/home/tamir/autonomous_robot/sensors_package/src/lidar_ws/install/lslidar_driver/share/lslidar_driver/package.bash'
[17.533s] INFO:colcon.colcon_core.shell:Creating package script '/home/tamir/autonomous_robot/sensors_package/src/lidar_ws/install/lslidar_driver/share/lslidar_driver/package.zsh'
[17.533s] Level 1:colcon.colcon_core.environment:create_file_with_runtime_dependencies(/home/tamir/autonomous_robot/sensors_package/src/lidar_ws/install/lslidar_driver/share/colcon-core/packages/lslidar_driver)
[17.564s] Level 1:colcon.colcon_core.environment:create_environment_scripts_only(lslidar_driver)
[17.565s] Level 1:colcon.colcon_core.environment:checking '/home/tamir/autonomous_robot/sensors_package/src/lidar_ws/install/lslidar_driver' for CMake module files
[17.565s] Level 1:colcon.colcon_core.environment:checking '/home/tamir/autonomous_robot/sensors_package/src/lidar_ws/install/lslidar_driver' for CMake config files
[17.565s] Level 1:colcon.colcon_core.shell:create_environment_hook('lslidar_driver', 'cmake_prefix_path')
[17.565s] INFO:colcon.colcon_core.shell:Creating environment hook '/home/tamir/autonomous_robot/sensors_package/src/lidar_ws/install/lslidar_driver/share/lslidar_driver/hook/cmake_prefix_path.ps1'
[17.566s] INFO:colcon.colcon_core.shell:Creating environment descriptor '/home/tamir/autonomous_robot/sensors_package/src/lidar_ws/install/lslidar_driver/share/lslidar_driver/hook/cmake_prefix_path.dsv'
[17.566s] INFO:colcon.colcon_core.shell:Creating environment hook '/home/tamir/autonomous_robot/sensors_package/src/lidar_ws/install/lslidar_driver/share/lslidar_driver/hook/cmake_prefix_path.sh'
[17.566s] Level 1:colcon.colcon_core.environment:checking '/home/tamir/autonomous_robot/sensors_package/src/lidar_ws/install/lslidar_driver/lib'
[17.566s] Level 1:colcon.colcon_core.environment:checking '/home/tamir/autonomous_robot/sensors_package/src/lidar_ws/install/lslidar_driver/bin'
[17.566s] Level 1:colcon.colcon_core.environment:checking '/home/tamir/autonomous_robot/sensors_package/src/lidar_ws/install/lslidar_driver/lib/pkgconfig/lslidar_driver.pc'
[17.566s] Level 1:colcon.colcon_core.environment:checking '/home/tamir/autonomous_robot/sensors_package/src/lidar_ws/install/lslidar_driver/lib/python3.10/site-packages'
[17.567s] Level 1:colcon.colcon_core.environment:checking '/home/tamir/autonomous_robot/sensors_package/src/lidar_ws/install/lslidar_driver/bin'
[17.567s] INFO:colcon.colcon_core.shell:Creating package script '/home/tamir/autonomous_robot/sensors_package/src/lidar_ws/install/lslidar_driver/share/lslidar_driver/package.ps1'
[17.567s] INFO:colcon.colcon_core.shell:Creating package descriptor '/home/tamir/autonomous_robot/sensors_package/src/lidar_ws/install/lslidar_driver/share/lslidar_driver/package.dsv'
[17.567s] INFO:colcon.colcon_core.shell:Creating package script '/home/tamir/autonomous_robot/sensors_package/src/lidar_ws/install/lslidar_driver/share/lslidar_driver/package.sh'
[17.568s] INFO:colcon.colcon_core.shell:Creating package script '/home/tamir/autonomous_robot/sensors_package/src/lidar_ws/install/lslidar_driver/share/lslidar_driver/package.bash'
[17.568s] INFO:colcon.colcon_core.shell:Creating package script '/home/tamir/autonomous_robot/sensors_package/src/lidar_ws/install/lslidar_driver/share/lslidar_driver/package.zsh'
[17.568s] Level 1:colcon.colcon_core.environment:create_file_with_runtime_dependencies(/home/tamir/autonomous_robot/sensors_package/src/lidar_ws/install/lslidar_driver/share/colcon-core/packages/lslidar_driver)
[17.568s] DEBUG:colcon.colcon_parallel_executor.executor.parallel:closing loop
[17.569s] DEBUG:colcon.colcon_parallel_executor.executor.parallel:loop closed
[17.569s] DEBUG:colcon.colcon_parallel_executor.executor.parallel:run_until_complete finished with '0'
[17.569s] DEBUG:colcon.colcon_core.event_reactor:joining thread
[17.575s] INFO:colcon.colcon_core.plugin_system:Skipping extension 'colcon_notification.desktop_notification.terminal_notifier': Not used on non-Darwin systems
[17.575s] INFO:colcon.colcon_core.plugin_system:Skipping extension 'colcon_notification.desktop_notification.win32': Not used on non-Windows systems
[17.575s] INFO:colcon.colcon_notification.desktop_notification:Sending desktop notification using 'notify2'
[17.595s] DEBUG:colcon.colcon_core.event_reactor:joined thread
[17.595s] INFO:colcon.colcon_core.shell:Creating prefix script '/home/tamir/autonomous_robot/sensors_package/src/lidar_ws/install/local_setup.ps1'
[17.597s] INFO:colcon.colcon_core.shell:Creating prefix util module '/home/tamir/autonomous_robot/sensors_package/src/lidar_ws/install/_local_setup_util_ps1.py'
[17.599s] INFO:colcon.colcon_core.shell:Creating prefix chain script '/home/tamir/autonomous_robot/sensors_package/src/lidar_ws/install/setup.ps1'
[17.600s] INFO:colcon.colcon_core.shell:Creating prefix script '/home/tamir/autonomous_robot/sensors_package/src/lidar_ws/install/local_setup.sh'
[17.601s] INFO:colcon.colcon_core.shell:Creating prefix util module '/home/tamir/autonomous_robot/sensors_package/src/lidar_ws/install/_local_setup_util_sh.py'
[17.601s] INFO:colcon.colcon_core.shell:Creating prefix chain script '/home/tamir/autonomous_robot/sensors_package/src/lidar_ws/install/setup.sh'
[17.602s] INFO:colcon.colcon_core.shell:Creating prefix script '/home/tamir/autonomous_robot/sensors_package/src/lidar_ws/install/local_setup.bash'
[17.603s] INFO:colcon.colcon_core.shell:Creating prefix chain script '/home/tamir/autonomous_robot/sensors_package/src/lidar_ws/install/setup.bash'
[17.604s] INFO:colcon.colcon_core.shell:Creating prefix script '/home/tamir/autonomous_robot/sensors_package/src/lidar_ws/install/local_setup.zsh'
[17.604s] INFO:colcon.colcon_core.shell:Creating prefix chain script '/home/tamir/autonomous_robot/sensors_package/src/lidar_ws/install/setup.zsh'
