[1.141s] Invoking command in '/home/tamir/autonomous_robot/autonomous_robot_control/src/calc_odom': CMAKE_PREFIX_PATH=/home/tamir/autonomous_robot/install/robot_common_interfaces:/home/tamir/autonomous_robot/install/sensors_package:/home/tamir/autonomous_robot/install/joystick:/home/tamir/autonomous_robot/install/aws_robomaker_small_warehouse_world:/home/tamir/autonomous_robot/install/autonomous_robot_description:/home/tamir/ros2_ws/install/my_turtle_interfaces:/home/tamir/ros2_ws/install/my_robot_interfaces:/home/tamir/ros2_ws/install/my_robot_bringup:/home/tamir/ros2_ws/install/my_robot_description:/home/tamir/ros2_ws/install/my_cpp_pkg:/home/tamir/turtlebot3_ws/install/turtlebot3_simulations:/home/tamir/turtlebot3_ws/install/turtlebot3_gazebo:/home/tamir/turtlebot3_ws/install/turtlebot3_fake_node:/home/tamir/install/my_robot_description:/home/tamir/install/autonomous_robot_description LD_LIBRARY_PATH=/home/tamir/autonomous_robot/install/robot_common_interfaces/lib:/home/tamir/ros2_ws/install/my_turtle_interfaces/lib:/home/tamir/ros2_ws/install/my_robot_interfaces/lib:/opt/ros/humble/opt/rviz_ogre_vendor/lib:/opt/ros/humble/lib/x86_64-linux-gnu:/opt/ros/humble/lib:/usr/lib/x86_64-linux-gnu/gazebo-11/plugins PYTHONPATH=/home/tamir/autonomous_robot/build/calc_odom/prefix_override:/usr/lib/python3/dist-packages/colcon_core/task/python/colcon_distutils_commands:/home/tamir/autonomous_robot/install/calc_odom/lib/python3.10/site-packages:${PYTHONPATH} /usr/bin/python3 -W ignore:setup.py install is deprecated setup.py egg_info --egg-base ../../../build/calc_odom build --build-base /home/tamir/autonomous_robot/build/calc_odom/build install --record /home/tamir/autonomous_robot/build/calc_odom/install.log --single-version-externally-managed install_data
[1.474s] running egg_info
[1.475s] writing ../../../build/calc_odom/calc_odom.egg-info/PKG-INFO
[1.476s] writing dependency_links to ../../../build/calc_odom/calc_odom.egg-info/dependency_links.txt
[1.476s] writing entry points to ../../../build/calc_odom/calc_odom.egg-info/entry_points.txt
[1.476s] writing requirements to ../../../build/calc_odom/calc_odom.egg-info/requires.txt
[1.477s] writing top-level names to ../../../build/calc_odom/calc_odom.egg-info/top_level.txt
[1.481s] reading manifest file '../../../build/calc_odom/calc_odom.egg-info/SOURCES.txt'
[1.486s] writing manifest file '../../../build/calc_odom/calc_odom.egg-info/SOURCES.txt'
[1.486s] running build
[1.486s] running build_py
[1.486s] copying calc_odom/encoder_odom.py -> /home/tamir/autonomous_robot/build/calc_odom/build/lib/calc_odom
[1.487s] running install
[1.488s] running install_lib
[1.490s] copying /home/tamir/autonomous_robot/build/calc_odom/build/lib/calc_odom/encoder_odom.py -> /home/tamir/autonomous_robot/install/calc_odom/lib/python3.10/site-packages/calc_odom
[1.491s] byte-compiling /home/tamir/autonomous_robot/install/calc_odom/lib/python3.10/site-packages/calc_odom/encoder_odom.py to encoder_odom.cpython-310.pyc
[1.493s] running install_data
[1.493s] running install_egg_info
[1.498s] removing '/home/tamir/autonomous_robot/install/calc_odom/lib/python3.10/site-packages/calc_odom-0.0.0-py3.10.egg-info' (and everything under it)
[1.499s] Copying ../../../build/calc_odom/calc_odom.egg-info to /home/tamir/autonomous_robot/install/calc_odom/lib/python3.10/site-packages/calc_odom-0.0.0-py3.10.egg-info
[1.503s] running install_scripts
[1.543s] Installing encoder_odom script to /home/tamir/autonomous_robot/install/calc_odom/lib/calc_odom
[1.543s] writing list of installed files to '/home/tamir/autonomous_robot/build/calc_odom/install.log'
[1.589s] Invoked command in '/home/tamir/autonomous_robot/autonomous_robot_control/src/calc_odom' returned '0': CMAKE_PREFIX_PATH=/home/tamir/autonomous_robot/install/robot_common_interfaces:/home/tamir/autonomous_robot/install/sensors_package:/home/tamir/autonomous_robot/install/joystick:/home/tamir/autonomous_robot/install/aws_robomaker_small_warehouse_world:/home/tamir/autonomous_robot/install/autonomous_robot_description:/home/tamir/ros2_ws/install/my_turtle_interfaces:/home/tamir/ros2_ws/install/my_robot_interfaces:/home/tamir/ros2_ws/install/my_robot_bringup:/home/tamir/ros2_ws/install/my_robot_description:/home/tamir/ros2_ws/install/my_cpp_pkg:/home/tamir/turtlebot3_ws/install/turtlebot3_simulations:/home/tamir/turtlebot3_ws/install/turtlebot3_gazebo:/home/tamir/turtlebot3_ws/install/turtlebot3_fake_node:/home/tamir/install/my_robot_description:/home/tamir/install/autonomous_robot_description LD_LIBRARY_PATH=/home/tamir/autonomous_robot/install/robot_common_interfaces/lib:/home/tamir/ros2_ws/install/my_turtle_interfaces/lib:/home/tamir/ros2_ws/install/my_robot_interfaces/lib:/opt/ros/humble/opt/rviz_ogre_vendor/lib:/opt/ros/humble/lib/x86_64-linux-gnu:/opt/ros/humble/lib:/usr/lib/x86_64-linux-gnu/gazebo-11/plugins PYTHONPATH=/home/tamir/autonomous_robot/build/calc_odom/prefix_override:/usr/lib/python3/dist-packages/colcon_core/task/python/colcon_distutils_commands:/home/tamir/autonomous_robot/install/calc_odom/lib/python3.10/site-packages:${PYTHONPATH} /usr/bin/python3 -W ignore:setup.py install is deprecated setup.py egg_info --egg-base ../../../build/calc_odom build --build-base /home/tamir/autonomous_robot/build/calc_odom/build install --record /home/tamir/autonomous_robot/build/calc_odom/install.log --single-version-externally-managed install_data
