[0.633s] Invoking command in '/home/tamir/autonomous_robot/autonomous_robot_control/src/calc_odom': PYTHONPATH=/home/tamir/autonomous_robot/autonomous_robot_control/build/calc_odom/prefix_override:/usr/lib/python3/dist-packages/colcon_core/task/python/colcon_distutils_commands:/home/tamir/autonomous_robot/autonomous_robot_control/install/calc_odom/lib/python3.10/site-packages:${PYTHONPATH} /usr/bin/python3 -W ignore:setup.py install is deprecated setup.py egg_info --egg-base ../../build/calc_odom build --build-base /home/tamir/autonomous_robot/autonomous_robot_control/build/calc_odom/build install --record /home/tamir/autonomous_robot/autonomous_robot_control/build/calc_odom/install.log --single-version-externally-managed install_data
[0.796s] running egg_info
[0.797s] creating ../../build/calc_odom/calc_odom.egg-info
[0.797s] writing ../../build/calc_odom/calc_odom.egg-info/PKG-INFO
[0.797s] writing dependency_links to ../../build/calc_odom/calc_odom.egg-info/dependency_links.txt
[0.797s] writing entry points to ../../build/calc_odom/calc_odom.egg-info/entry_points.txt
[0.797s] writing requirements to ../../build/calc_odom/calc_odom.egg-info/requires.txt
[0.797s] writing top-level names to ../../build/calc_odom/calc_odom.egg-info/top_level.txt
[0.798s] writing manifest file '../../build/calc_odom/calc_odom.egg-info/SOURCES.txt'
[0.798s] reading manifest file '../../build/calc_odom/calc_odom.egg-info/SOURCES.txt'
[0.798s] writing manifest file '../../build/calc_odom/calc_odom.egg-info/SOURCES.txt'
[0.798s] running build
[0.798s] running build_py
[0.799s] creating /home/tamir/autonomous_robot/autonomous_robot_control/build/calc_odom/build
[0.799s] creating /home/tamir/autonomous_robot/autonomous_robot_control/build/calc_odom/build/lib
[0.799s] creating /home/tamir/autonomous_robot/autonomous_robot_control/build/calc_odom/build/lib/calc_odom
[0.799s] copying calc_odom/__init__.py -> /home/tamir/autonomous_robot/autonomous_robot_control/build/calc_odom/build/lib/calc_odom
[0.799s] copying calc_odom/encoder_odom.py -> /home/tamir/autonomous_robot/autonomous_robot_control/build/calc_odom/build/lib/calc_odom
[0.800s] running install
[0.800s] running install_lib
[0.800s] creating /home/tamir/autonomous_robot/autonomous_robot_control/install/calc_odom/lib/python3.10/site-packages/calc_odom
[0.800s] copying /home/tamir/autonomous_robot/autonomous_robot_control/build/calc_odom/build/lib/calc_odom/__init__.py -> /home/tamir/autonomous_robot/autonomous_robot_control/install/calc_odom/lib/python3.10/site-packages/calc_odom
[0.800s] copying /home/tamir/autonomous_robot/autonomous_robot_control/build/calc_odom/build/lib/calc_odom/encoder_odom.py -> /home/tamir/autonomous_robot/autonomous_robot_control/install/calc_odom/lib/python3.10/site-packages/calc_odom
[0.800s] byte-compiling /home/tamir/autonomous_robot/autonomous_robot_control/install/calc_odom/lib/python3.10/site-packages/calc_odom/__init__.py to __init__.cpython-310.pyc
[0.800s] byte-compiling /home/tamir/autonomous_robot/autonomous_robot_control/install/calc_odom/lib/python3.10/site-packages/calc_odom/encoder_odom.py to encoder_odom.cpython-310.pyc
[0.800s] running install_data
[0.801s] creating /home/tamir/autonomous_robot/autonomous_robot_control/install/calc_odom/share/ament_index
[0.801s] creating /home/tamir/autonomous_robot/autonomous_robot_control/install/calc_odom/share/ament_index/resource_index
[0.801s] creating /home/tamir/autonomous_robot/autonomous_robot_control/install/calc_odom/share/ament_index/resource_index/packages
[0.801s] copying resource/calc_odom -> /home/tamir/autonomous_robot/autonomous_robot_control/install/calc_odom/share/ament_index/resource_index/packages
[0.801s] copying package.xml -> /home/tamir/autonomous_robot/autonomous_robot_control/install/calc_odom/share/calc_odom
[0.801s] running install_egg_info
[0.802s] Copying ../../build/calc_odom/calc_odom.egg-info to /home/tamir/autonomous_robot/autonomous_robot_control/install/calc_odom/lib/python3.10/site-packages/calc_odom-0.0.0-py3.10.egg-info
[0.802s] running install_scripts
[0.816s] Installing encoder_odom script to /home/tamir/autonomous_robot/autonomous_robot_control/install/calc_odom/lib/calc_odom
[0.816s] writing list of installed files to '/home/tamir/autonomous_robot/autonomous_robot_control/build/calc_odom/install.log'
[0.845s] Invoked command in '/home/tamir/autonomous_robot/autonomous_robot_control/src/calc_odom' returned '0': PYTHONPATH=/home/tamir/autonomous_robot/autonomous_robot_control/build/calc_odom/prefix_override:/usr/lib/python3/dist-packages/colcon_core/task/python/colcon_distutils_commands:/home/tamir/autonomous_robot/autonomous_robot_control/install/calc_odom/lib/python3.10/site-packages:${PYTHONPATH} /usr/bin/python3 -W ignore:setup.py install is deprecated setup.py egg_info --egg-base ../../build/calc_odom build --build-base /home/tamir/autonomous_robot/autonomous_robot_control/build/calc_odom/build install --record /home/tamir/autonomous_robot/autonomous_robot_control/build/calc_odom/install.log --single-version-externally-managed install_data
