[ 33%] Built target autonomous_robot_control
[ 50%] [32mBuilding CXX object CMakeFiles/teleop_joy_node.dir/src/teleop_joy_node.cpp.o[0m
[ 66%] [32mBuilding CXX object CMakeFiles/prototype_joy_driver.dir/src/prototype_joy_driver.cpp.o[0m
[ 83%] [32m[1mLinking CXX executable teleop_joy_node[0m
[100%] [32m[1mLinking CXX executable prototype_joy_driver[0m
[100%] Built target teleop_joy_node
[100%] Built target prototype_joy_driver
-- Install configuration: ""
-- Installing: /home/tamir/autonomous_robot/install/autonomous_robot_control/lib/autonomous_robot_control/teleop_joy_node
-- Set runtime path of "/home/tamir/autonomous_robot/install/autonomous_robot_control/lib/autonomous_robot_control/teleop_joy_node" to ""
-- Installing: /home/tamir/autonomous_robot/install/autonomous_robot_control/lib/autonomous_robot_control/prototype_joy_driver
-- Set runtime path of "/home/tamir/autonomous_robot/install/autonomous_robot_control/lib/autonomous_robot_control/prototype_joy_driver" to ""
-- Up-to-date: /home/tamir/autonomous_robot/install/autonomous_robot_control/lib/autonomous_robot_control/libautonomous_robot_control.a
-- Up-to-date: /home/tamir/autonomous_robot/install/autonomous_robot_control/include/autonomous_robot_control
-- Up-to-date: /home/tamir/autonomous_robot/install/autonomous_robot_control/include/autonomous_robot_control/autonomous_robot_control
-- Up-to-date: /home/tamir/autonomous_robot/install/autonomous_robot_control/include/autonomous_robot_control/autonomous_robot_control/joy_compute_control.hpp
-- Up-to-date: /home/tamir/autonomous_robot/install/autonomous_robot_control/share/autonomous_robot_control//launch
-- Installing: /home/tamir/autonomous_robot/install/autonomous_robot_control/share/autonomous_robot_control//launch/joystick.launch.py
-- Up-to-date: /home/tamir/autonomous_robot/install/autonomous_robot_control/share/ament_index/resource_index/package_run_dependencies/autonomous_robot_control
-- Up-to-date: /home/tamir/autonomous_robot/install/autonomous_robot_control/share/ament_index/resource_index/parent_prefix_path/autonomous_robot_control
-- Up-to-date: /home/tamir/autonomous_robot/install/autonomous_robot_control/share/autonomous_robot_control/environment/ament_prefix_path.sh
-- Up-to-date: /home/tamir/autonomous_robot/install/autonomous_robot_control/share/autonomous_robot_control/environment/ament_prefix_path.dsv
-- Up-to-date: /home/tamir/autonomous_robot/install/autonomous_robot_control/share/autonomous_robot_control/environment/path.sh
-- Up-to-date: /home/tamir/autonomous_robot/install/autonomous_robot_control/share/autonomous_robot_control/environment/path.dsv
-- Up-to-date: /home/tamir/autonomous_robot/install/autonomous_robot_control/share/autonomous_robot_control/local_setup.bash
-- Up-to-date: /home/tamir/autonomous_robot/install/autonomous_robot_control/share/autonomous_robot_control/local_setup.sh
-- Up-to-date: /home/tamir/autonomous_robot/install/autonomous_robot_control/share/autonomous_robot_control/local_setup.zsh
-- Up-to-date: /home/tamir/autonomous_robot/install/autonomous_robot_control/share/autonomous_robot_control/local_setup.dsv
-- Installing: /home/tamir/autonomous_robot/install/autonomous_robot_control/share/autonomous_robot_control/package.dsv
-- Up-to-date: /home/tamir/autonomous_robot/install/autonomous_robot_control/share/ament_index/resource_index/packages/autonomous_robot_control
-- Up-to-date: /home/tamir/autonomous_robot/install/autonomous_robot_control/share/autonomous_robot_control/cmake/autonomous_robot_controlConfig.cmake
-- Up-to-date: /home/tamir/autonomous_robot/install/autonomous_robot_control/share/autonomous_robot_control/cmake/autonomous_robot_controlConfig-version.cmake
-- Up-to-date: /home/tamir/autonomous_robot/install/autonomous_robot_control/share/autonomous_robot_control/package.xml
