running egg_info
creating ../../build/control_hardware/control_hardware.egg-info
writing ../../build/control_hardware/control_hardware.egg-info/PKG-INFO
writing dependency_links to ../../build/control_hardware/control_hardware.egg-info/dependency_links.txt
writing entry points to ../../build/control_hardware/control_hardware.egg-info/entry_points.txt
writing requirements to ../../build/control_hardware/control_hardware.egg-info/requires.txt
writing top-level names to ../../build/control_hardware/control_hardware.egg-info/top_level.txt
writing manifest file '../../build/control_hardware/control_hardware.egg-info/SOURCES.txt'
reading manifest file '../../build/control_hardware/control_hardware.egg-info/SOURCES.txt'
writing manifest file '../../build/control_hardware/control_hardware.egg-info/SOURCES.txt'
running build
running build_py
creating /home/tamir/autonomous_robot/autonomous_robot_control/build/control_hardware/build
creating /home/tamir/autonomous_robot/autonomous_robot_control/build/control_hardware/build/lib
creating /home/tamir/autonomous_robot/autonomous_robot_control/build/control_hardware/build/lib/control_hardware
copying control_hardware/mux.py -> /home/tamir/autonomous_robot/autonomous_robot_control/build/control_hardware/build/lib/control_hardware
copying control_hardware/pwm2GPIO.py -> /home/tamir/autonomous_robot/autonomous_robot_control/build/control_hardware/build/lib/control_hardware
copying control_hardware/__init__.py -> /home/tamir/autonomous_robot/autonomous_robot_control/build/control_hardware/build/lib/control_hardware
copying control_hardware/cmd2pwm.py -> /home/tamir/autonomous_robot/autonomous_robot_control/build/control_hardware/build/lib/control_hardware
running install
running install_lib
creating /home/tamir/autonomous_robot/autonomous_robot_control/install/control_hardware/lib/python3.10/site-packages/control_hardware
copying /home/tamir/autonomous_robot/autonomous_robot_control/build/control_hardware/build/lib/control_hardware/mux.py -> /home/tamir/autonomous_robot/autonomous_robot_control/install/control_hardware/lib/python3.10/site-packages/control_hardware
copying /home/tamir/autonomous_robot/autonomous_robot_control/build/control_hardware/build/lib/control_hardware/pwm2GPIO.py -> /home/tamir/autonomous_robot/autonomous_robot_control/install/control_hardware/lib/python3.10/site-packages/control_hardware
copying /home/tamir/autonomous_robot/autonomous_robot_control/build/control_hardware/build/lib/control_hardware/__init__.py -> /home/tamir/autonomous_robot/autonomous_robot_control/install/control_hardware/lib/python3.10/site-packages/control_hardware
copying /home/tamir/autonomous_robot/autonomous_robot_control/build/control_hardware/build/lib/control_hardware/cmd2pwm.py -> /home/tamir/autonomous_robot/autonomous_robot_control/install/control_hardware/lib/python3.10/site-packages/control_hardware
byte-compiling /home/tamir/autonomous_robot/autonomous_robot_control/install/control_hardware/lib/python3.10/site-packages/control_hardware/mux.py to mux.cpython-310.pyc
byte-compiling /home/tamir/autonomous_robot/autonomous_robot_control/install/control_hardware/lib/python3.10/site-packages/control_hardware/pwm2GPIO.py to pwm2GPIO.cpython-310.pyc
byte-compiling /home/tamir/autonomous_robot/autonomous_robot_control/install/control_hardware/lib/python3.10/site-packages/control_hardware/__init__.py to __init__.cpython-310.pyc
byte-compiling /home/tamir/autonomous_robot/autonomous_robot_control/install/control_hardware/lib/python3.10/site-packages/control_hardware/cmd2pwm.py to cmd2pwm.cpython-310.pyc
running install_data
creating /home/tamir/autonomous_robot/autonomous_robot_control/install/control_hardware/share/ament_index
creating /home/tamir/autonomous_robot/autonomous_robot_control/install/control_hardware/share/ament_index/resource_index
creating /home/tamir/autonomous_robot/autonomous_robot_control/install/control_hardware/share/ament_index/resource_index/packages
copying resource/control_hardware -> /home/tamir/autonomous_robot/autonomous_robot_control/install/control_hardware/share/ament_index/resource_index/packages
copying package.xml -> /home/tamir/autonomous_robot/autonomous_robot_control/install/control_hardware/share/control_hardware
running install_egg_info
Copying ../../build/control_hardware/control_hardware.egg-info to /home/tamir/autonomous_robot/autonomous_robot_control/install/control_hardware/lib/python3.10/site-packages/control_hardware-0.0.0-py3.10.egg-info
running install_scripts
Installing cmd2pwm script to /home/tamir/autonomous_robot/autonomous_robot_control/install/control_hardware/lib/control_hardware
Installing mux script to /home/tamir/autonomous_robot/autonomous_robot_control/install/control_hardware/lib/control_hardware
Installing pwm2GPIO script to /home/tamir/autonomous_robot/autonomous_robot_control/install/control_hardware/lib/control_hardware
writing list of installed files to '/home/tamir/autonomous_robot/autonomous_robot_control/build/control_hardware/install.log'
